[0.180s] Invoking command in '/home/robmoemac/M-LADIS-sim/PX4 Aux/ws_sensor_combined/build/velodyne_laserscan': CMAKE_PREFIX_PATH=${CMAKE_PREFIX_PATH}:/opt/ros/humble /usr/bin/cmake --build /home/robmoemac/M-LADIS-sim/PX4 Aux/ws_sensor_combined/build/velodyne_laserscan -- -j8 -l8
[0.675s] [ 50%] Built target velodyne_laserscan
[0.840s] [100%] Built target velodyne_laserscan_node
[0.916s] Invoked command in '/home/robmoemac/M-LADIS-sim/PX4 Aux/ws_sensor_combined/build/velodyne_laserscan' returned '0': CMAKE_PREFIX_PATH=${CMAKE_PREFIX_PATH}:/opt/ros/humble /usr/bin/cmake --build /home/robmoemac/M-LADIS-sim/PX4 Aux/ws_sensor_combined/build/velodyne_laserscan -- -j8 -l8
[1.319s] Invoking command in '/home/robmoemac/M-LADIS-sim/PX4 Aux/ws_sensor_combined/build/velodyne_laserscan': CMAKE_PREFIX_PATH=${CMAKE_PREFIX_PATH}:/opt/ros/humble /usr/bin/cmake --install /home/robmoemac/M-LADIS-sim/PX4 Aux/ws_sensor_combined/build/velodyne_laserscan
[1.372s] -- Install configuration: ""
[1.373s] -- Up-to-date: /home/robmoemac/M-LADIS-sim/PX4 Aux/ws_sensor_combined/install/velodyne_laserscan/lib/libvelodyne_laserscan.so
[1.373s] -- Up-to-date: /home/robmoemac/M-LADIS-sim/PX4 Aux/ws_sensor_combined/install/velodyne_laserscan/lib/velodyne_laserscan/velodyne_laserscan_node
[1.374s] -- Up-to-date: /home/robmoemac/M-LADIS-sim/PX4 Aux/ws_sensor_combined/install/velodyne_laserscan/include/velodyne_laserscan
[1.374s] -- Up-to-date: /home/robmoemac/M-LADIS-sim/PX4 Aux/ws_sensor_combined/install/velodyne_laserscan/include/velodyne_laserscan/velodyne_laserscan.hpp
[1.375s] -- Up-to-date: /home/robmoemac/M-LADIS-sim/PX4 Aux/ws_sensor_combined/install/velodyne_laserscan/share/velodyne_laserscan/config
[1.375s] -- Up-to-date: /home/robmoemac/M-LADIS-sim/PX4 Aux/ws_sensor_combined/install/velodyne_laserscan/share/velodyne_laserscan/config/default-velodyne_laserscan_node-params.yaml
[1.376s] -- Up-to-date: /home/robmoemac/M-LADIS-sim/PX4 Aux/ws_sensor_combined/install/velodyne_laserscan/share/velodyne_laserscan/launch
[1.376s] -- Up-to-date: /home/robmoemac/M-LADIS-sim/PX4 Aux/ws_sensor_combined/install/velodyne_laserscan/share/velodyne_laserscan/launch/velodyne_laserscan_node-composed-launch.py
[1.376s] -- Up-to-date: /home/robmoemac/M-LADIS-sim/PX4 Aux/ws_sensor_combined/install/velodyne_laserscan/share/velodyne_laserscan/launch/velodyne_laserscan_node-launch.py
[1.377s] -- Up-to-date: /home/robmoemac/M-LADIS-sim/PX4 Aux/ws_sensor_combined/install/velodyne_laserscan/share/ament_index/resource_index/package_run_dependencies/velodyne_laserscan
[1.378s] -- Up-to-date: /home/robmoemac/M-LADIS-sim/PX4 Aux/ws_sensor_combined/install/velodyne_laserscan/share/ament_index/resource_index/parent_prefix_path/velodyne_laserscan
[1.378s] -- Up-to-date: /home/robmoemac/M-LADIS-sim/PX4 Aux/ws_sensor_combined/install/velodyne_laserscan/share/velodyne_laserscan/environment/ament_prefix_path.sh
[1.378s] -- Up-to-date: /home/robmoemac/M-LADIS-sim/PX4 Aux/ws_sensor_combined/install/velodyne_laserscan/share/velodyne_laserscan/environment/ament_prefix_path.dsv
[1.379s] -- Up-to-date: /home/robmoemac/M-LADIS-sim/PX4 Aux/ws_sensor_combined/install/velodyne_laserscan/share/velodyne_laserscan/environment/path.sh
[1.379s] -- Up-to-date: /home/robmoemac/M-LADIS-sim/PX4 Aux/ws_sensor_combined/install/velodyne_laserscan/share/velodyne_laserscan/environment/path.dsv
[1.380s] -- Up-to-date: /home/robmoemac/M-LADIS-sim/PX4 Aux/ws_sensor_combined/install/velodyne_laserscan/share/velodyne_laserscan/local_setup.bash
[1.380s] -- Up-to-date: /home/robmoemac/M-LADIS-sim/PX4 Aux/ws_sensor_combined/install/velodyne_laserscan/share/velodyne_laserscan/local_setup.sh
[1.380s] -- Up-to-date: /home/robmoemac/M-LADIS-sim/PX4 Aux/ws_sensor_combined/install/velodyne_laserscan/share/velodyne_laserscan/local_setup.zsh
[1.380s] -- Up-to-date: /home/robmoemac/M-LADIS-sim/PX4 Aux/ws_sensor_combined/install/velodyne_laserscan/share/velodyne_laserscan/local_setup.dsv
[1.381s] -- Installing: /home/robmoemac/M-LADIS-sim/PX4 Aux/ws_sensor_combined/install/velodyne_laserscan/share/velodyne_laserscan/package.dsv
[1.381s] -- Up-to-date: /home/robmoemac/M-LADIS-sim/PX4 Aux/ws_sensor_combined/install/velodyne_laserscan/share/ament_index/resource_index/packages/velodyne_laserscan
[1.388s] -- Up-to-date: /home/robmoemac/M-LADIS-sim/PX4 Aux/ws_sensor_combined/install/velodyne_laserscan/share/ament_index/resource_index/rclcpp_components/velodyne_laserscan
[1.390s] -- Up-to-date: /home/robmoemac/M-LADIS-sim/PX4 Aux/ws_sensor_combined/install/velodyne_laserscan/share/velodyne_laserscan/cmake/velodyne_laserscanConfig.cmake
[1.391s] -- Up-to-date: /home/robmoemac/M-LADIS-sim/PX4 Aux/ws_sensor_combined/install/velodyne_laserscan/share/velodyne_laserscan/cmake/velodyne_laserscanConfig-version.cmake
[1.391s] -- Up-to-date: /home/robmoemac/M-LADIS-sim/PX4 Aux/ws_sensor_combined/install/velodyne_laserscan/share/velodyne_laserscan/package.xml
[1.411s] Invoked command in '/home/robmoemac/M-LADIS-sim/PX4 Aux/ws_sensor_combined/build/velodyne_laserscan' returned '0': CMAKE_PREFIX_PATH=${CMAKE_PREFIX_PATH}:/opt/ros/humble /usr/bin/cmake --install /home/robmoemac/M-LADIS-sim/PX4 Aux/ws_sensor_combined/build/velodyne_laserscan
