-- The C compiler identification is GNU 11.4.0
-- The CXX compiler identification is GNU 11.4.0
-- Detecting C compiler ABI info
-- Detecting C compiler ABI info - done
-- Check for working C compiler: /usr/bin/cc - skipped
-- Detecting C compile features
-- Detecting C compile features - done
-- Detecting CXX compiler ABI info
-- Detecting CXX compiler ABI info - done
-- Check for working CXX compiler: /usr/bin/c++ - skipped
-- Detecting CXX compile features
-- Detecting CXX compile features - done
-- Found ament_cmake: 1.3.8 (/opt/ros/humble/share/ament_cmake/cmake)
-- Found Python3: /usr/bin/python3 (found version "3.10.12") found components: Interpreter 
-- Found rosidl_default_generators: 1.2.0 (/opt/ros/humble/share/rosidl_default_generators/cmake)
-- Using all available rosidl_typesupport_c: rosidl_typesupport_fastrtps_c;rosidl_typesupport_introspection_c
-- Found rosidl_adapter: 3.1.5 (/opt/ros/humble/share/rosidl_adapter/cmake)
-- Using all available rosidl_typesupport_cpp: rosidl_typesupport_fastrtps_cpp;rosidl_typesupport_introspection_cpp
-- Found rclcpp: 16.0.8 (/opt/ros/humble/share/rclcpp/cmake)
-- Found rmw_implementation_cmake: 6.1.1 (/opt/ros/humble/share/rmw_implementation_cmake/cmake)
-- Found rmw_fastrtps_cpp: 6.2.6 (/opt/ros/humble/share/rmw_fastrtps_cpp/cmake)
-- Found OpenSSL: /usr/lib/x86_64-linux-gnu/libcrypto.so (found version "3.0.2")  
-- Found FastRTPS: /opt/ros/humble/include  
-- Using RMW implementation 'rmw_fastrtps_cpp' as default
-- Looking for pthread.h
-- Looking for pthread.h - found
-- Performing Test CMAKE_HAVE_LIBC_PTHREAD
-- Performing Test CMAKE_HAVE_LIBC_PTHREAD - Success
-- Found Threads: TRUE  
-- Found tf2_ros: 0.25.6 (/opt/ros/humble/share/tf2_ros/cmake)
-- Found pcl_conversions: 2.4.0 (/opt/ros/humble/share/pcl_conversions/cmake)
-- Found nav_msgs: 4.2.3 (/opt/ros/humble/share/nav_msgs/cmake)
-- Found apriltag_ros: 2.1.0 (/home/robmoemac/M-LADIS-Jerry/ws_sensor_combined/install/apriltag_ros/share/apriltag_ros/cmake)
-- Found cv_bridge: 3.2.1 (/opt/ros/humble/share/cv_bridge/cmake)
-- Building LidarSlam with C++14 standard
-- Found Boost: /usr/lib/x86_64-linux-gnu/cmake/Boost-1.74.0/BoostConfig.cmake (found version "1.74.0")  
-- Lidar SLAM : using Eigen3::Eigen target (version 3.4.0)
-- Found required Ceres dependency: Eigen version 3.4.0 in /usr/include/eigen3
-- Found required Ceres dependency: glog
-- Found required Ceres dependency: gflags
-- Found Ceres version: 2.0.0 installed in: /usr with components: [EigenSparse, SparseLinearAlgebraLibrary, LAPACK, SuiteSparse, CXSparse, SchurSpecializations, Multithreading]
-- Checking for module 'eigen3'
--   Found eigen3, version 3.4.0
-- Found Eigen: /usr/include/eigen3 (Required is at least version "3.1") 
-- Eigen found (include: /usr/include/eigen3, version: 3.4.0)
-- Found Boost: /usr/lib/x86_64-linux-gnu/cmake/Boost-1.74.0/BoostConfig.cmake (found suitable version "1.74.0", minimum required is "1.65.0") found components: system filesystem date_time iostreams serialization 
-- Checking for module 'libusb-1.0'
--   Found libusb-1.0, version 1.0.25
-- Found libusb: /usr/lib/x86_64-linux-gnu/libusb-1.0.so  
-- Found OpenNI: /usr/lib/libOpenNI.so;libusb::libusb (found version "1.5.4.0") 
-- OpenNI found (version: 1.5.4.0, include: /usr/include/ni, lib: /usr/lib/libOpenNI.so;libusb::libusb)
-- Found OpenNI2: /usr/lib/x86_64-linux-gnu/libOpenNI2.so;libusb::libusb (found version "2.2.0.33") 
-- OpenNI2 found (version: 2.2.0.33, include: /usr/include/openni2, lib: /usr/lib/x86_64-linux-gnu/libOpenNI2.so;libusb::libusb)
-- Found GLEW: /usr/lib/x86_64-linux-gnu/libGLEW.so  
-- Found OpenGL: /usr/lib/x86_64-linux-gnu/libOpenGL.so  found components: OpenGL GLX 
-- Found MPI_C: /usr/lib/x86_64-linux-gnu/libmpi.so (found version "3.1") 
-- Found MPI: TRUE (found version "3.1") found components: C 
-- Found JsonCpp: /usr/lib/x86_64-linux-gnu/libjsoncpp.so (found suitable version "1.9.5", minimum required is "0.7.0") 
-- Found ZLIB: /usr/lib/x86_64-linux-gnu/libz.so (found version "1.2.11") 
-- Found PNG: /usr/lib/x86_64-linux-gnu/libpng.so (found version "1.6.37") 
-- Found Eigen3: /usr/include/eigen3 (found version "3.4.0") 
-- Found X11: /usr/include   
-- Looking for XOpenDisplay in /usr/lib/x86_64-linux-gnu/libX11.so;/usr/lib/x86_64-linux-gnu/libXext.so
-- Looking for XOpenDisplay in /usr/lib/x86_64-linux-gnu/libX11.so;/usr/lib/x86_64-linux-gnu/libXext.so - found
-- Looking for gethostbyname
-- Looking for gethostbyname - found
-- Looking for connect
-- Looking for connect - found
-- Looking for remove
-- Looking for remove - found
-- Looking for shmat
-- Looking for shmat - found
-- Looking for IceConnectionNumber in ICE
-- Looking for IceConnectionNumber in ICE - found
-- Found EXPAT: /usr/lib/x86_64-linux-gnu/libexpat.so (found version "2.4.7") 
-- Found double-conversion: /usr/lib/x86_64-linux-gnu/libdouble-conversion.so  
-- Found LZ4: /usr/lib/x86_64-linux-gnu/liblz4.so (found version "1.9.3") 
-- Found LZMA: /usr/lib/x86_64-linux-gnu/liblzma.so (found version "5.2.5") 
-- Found JPEG: /usr/lib/x86_64-linux-gnu/libjpeg.so (found version "80") 
-- Found TIFF: /usr/lib/x86_64-linux-gnu/libtiff.so (found version "4.3.0")  
-- Found Freetype: /usr/lib/x86_64-linux-gnu/libfreetype.so (found version "2.11.1") 
-- Found utf8cpp: /usr/include/utf8cpp  
-- Eigen found (include: /usr/include/eigen3, version: 3.4.0)
-- looking for PCL_COMMON
-- Found PCL_COMMON: /usr/lib/x86_64-linux-gnu/libpcl_common.so  
-- looking for PCL_IO
-- Found PCL_IO: /usr/lib/x86_64-linux-gnu/libpcl_io.so  
-- looking for PCL_OCTREE
-- Found PCL_OCTREE: /usr/lib/x86_64-linux-gnu/libpcl_octree.so  
-- looking for PCL_GEOMETRY
-- Found PCL_GEOMETRY: /usr/include/pcl-1.12  
-- Found PCL: pcl_common;pcl_io;pcl_octree;Boost::system;Boost::filesystem;Boost::date_time;Boost::iostreams;Boost::serialization;/usr/lib/libOpenNI.so;libusb::libusb;/usr/lib/x86_64-linux-gnu/libOpenNI2.so;libusb::libusb;VTK::ChartsCore;VTK::CommonColor;VTK::CommonComputationalGeometry;VTK::CommonCore;VTK::CommonDataModel;VTK::CommonExecutionModel;VTK::CommonMath;VTK::CommonMisc;VTK::CommonTransforms;VTK::FiltersCore;VTK::FiltersExtraction;VTK::FiltersGeneral;VTK::FiltersGeometry;VTK::FiltersModeling;VTK::FiltersSources;VTK::ImagingCore;VTK::ImagingSources;VTK::InteractionImage;VTK::InteractionStyle;VTK::InteractionWidgets;VTK::IOCore;VTK::IOGeometry;VTK::IOImage;VTK::IOLegacy;VTK::IOPLY;VTK::RenderingAnnotation;VTK::RenderingCore;VTK::RenderingContext2D;VTK::RenderingLOD;VTK::RenderingFreeType;VTK::ViewsCore;VTK::ViewsContext2D;VTK::RenderingOpenGL2;VTK::GUISupportQt  
-- Found OpenMP_C: -fopenmp (found version "4.5") 
-- Found OpenMP_CXX: -fopenmp (found version "4.5") 
-- Found OpenMP: TRUE (found version "4.5")  
-- Lidar SLAM : using OpenMP 4.5 target
-- Lidar SLAM : OPENCV was found, camera API compiled
-- Found ament_cmake_ros: 0.10.0 (/opt/ros/humble/share/ament_cmake_ros/cmake)
-- Using all available rosidl_typesupport_c: rosidl_typesupport_fastrtps_c;rosidl_typesupport_introspection_c
-- Using all available rosidl_typesupport_cpp: rosidl_typesupport_fastrtps_cpp;rosidl_typesupport_introspection_cpp
-- Found PythonInterp: /usr/bin/python3 (found suitable version "3.10.12", minimum required is "3.6") 
-- Found python_cmake_module: 0.10.0 (/opt/ros/humble/share/python_cmake_module/cmake)
-- Found PythonLibs: /usr/lib/x86_64-linux-gnu/libpython3.10.so (found suitable version "3.10.12", minimum required is "3.5") 
-- Using PYTHON_EXECUTABLE: /usr/bin/python3
-- Using PYTHON_INCLUDE_DIRS: /usr/include/python3.10
-- Using PYTHON_LIBRARIES: /usr/lib/x86_64-linux-gnu/libpython3.10.so
-- Found PythonExtra: .so  
-- ROS2 wrapping : cv_bridge was found, camera interface is built
-- Configuring done
-- Generating done
-- Build files have been written to: /home/robmoemac/M-LADIS-Jerry/ws_sensor_combined/build/lidar_slam
[  1%] [34m[1mGenerating C code for ROS interfaces[0m
[  2%] [34m[1mGenerating C++ code for ROS interfaces[0m
[  4%] [32mBuilding CXX object slam/slam_lib/CMakeFiles/LidarSlam.dir/src/ConfidenceEstimators.cxx.o[0m
[  6%] [32mBuilding CXX object slam/slam_lib/CMakeFiles/LidarSlam.dir/src/LocalOptimizer.cxx.o[0m
[  6%] [32mBuilding CXX object slam/slam_lib/CMakeFiles/LidarSlam.dir/src/KeypointsMatcher.cxx.o[0m
[  8%] [32mBuilding CXX object slam/slam_lib/CMakeFiles/LidarSlam.dir/src/ExternalSensorManagers.cxx.o[0m
[  9%] [32mBuilding CXX object slam/slam_lib/CMakeFiles/LidarSlam.dir/src/RollingGrid.cxx.o[0m
[  9%] Built target ament_cmake_python_copy_lidar_slam
running egg_info
creating lidar_slam.egg-info
writing lidar_slam.egg-info/PKG-INFO
writing dependency_links to lidar_slam.egg-info/dependency_links.txt
writing top-level names to lidar_slam.egg-info/top_level.txt
writing manifest file 'lidar_slam.egg-info/SOURCES.txt'
reading manifest file 'lidar_slam.egg-info/SOURCES.txt'
writing manifest file 'lidar_slam.egg-info/SOURCES.txt'
[  9%] Built target ament_cmake_python_build_lidar_slam_egg
[ 10%] [32mBuilding CXX object slam/slam_lib/CMakeFiles/LidarSlam.dir/src/Slam.cxx.o[0m
[ 10%] Built target lidar_slam__cpp
[ 12%] [34m[1mGenerating C++ type support dispatch for ROS interfaces[0m
[ 13%] [32mBuilding C object CMakeFiles/lidar_slam__rosidl_generator_c.dir/rosidl_generator_c/lidar_slam/msg/detail/confidence__functions.c.o[0m
[ 15%] [32mBuilding C object CMakeFiles/lidar_slam__rosidl_generator_c.dir/rosidl_generator_c/lidar_slam/msg/detail/slam_command__functions.c.o[0m
[ 16%] [32mBuilding C object CMakeFiles/lidar_slam__rosidl_generator_c.dir/rosidl_generator_c/lidar_slam/srv/detail/save_pc__functions.c.o[0m
[ 17%] [32mBuilding C object CMakeFiles/lidar_slam__rosidl_generator_c.dir/rosidl_generator_c/lidar_slam/srv/detail/reset__functions.c.o[0m
[ 19%] [32m[1mLinking C shared library liblidar_slam__rosidl_generator_c.so[0m
[ 19%] Built target lidar_slam__rosidl_generator_c
[ 20%] [34m[1mGenerating C++ type support for eProsima Fast-RTPS[0m
[ 21%] [32mBuilding CXX object CMakeFiles/lidar_slam__rosidl_typesupport_cpp.dir/rosidl_typesupport_cpp/lidar_slam/msg/confidence__type_support.cpp.o[0m
[ 23%] [32mBuilding CXX object CMakeFiles/lidar_slam__rosidl_typesupport_cpp.dir/rosidl_typesupport_cpp/lidar_slam/msg/slam_command__type_support.cpp.o[0m
[ 24%] [32mBuilding CXX object CMakeFiles/lidar_slam__rosidl_typesupport_cpp.dir/rosidl_typesupport_cpp/lidar_slam/srv/save_pc__type_support.cpp.o[0m
[ 26%] [32mBuilding CXX object CMakeFiles/lidar_slam__rosidl_typesupport_fastrtps_cpp.dir/rosidl_typesupport_fastrtps_cpp/lidar_slam/msg/detail/dds_fastrtps/confidence__type_support.cpp.o[0m
[ 27%] [32mBuilding CXX object CMakeFiles/lidar_slam__rosidl_typesupport_cpp.dir/rosidl_typesupport_cpp/lidar_slam/srv/reset__type_support.cpp.o[0m
[ 28%] [32mBuilding CXX object CMakeFiles/lidar_slam__rosidl_typesupport_fastrtps_cpp.dir/rosidl_typesupport_fastrtps_cpp/lidar_slam/msg/detail/dds_fastrtps/slam_command__type_support.cpp.o[0m
[ 30%] [32m[1mLinking CXX shared library liblidar_slam__rosidl_typesupport_cpp.so[0m
[ 30%] Built target lidar_slam__rosidl_typesupport_cpp
[ 31%] [32mBuilding CXX object CMakeFiles/lidar_slam__rosidl_typesupport_fastrtps_cpp.dir/rosidl_typesupport_fastrtps_cpp/lidar_slam/srv/detail/dds_fastrtps/save_pc__type_support.cpp.o[0m
[ 32%] [32mBuilding CXX object slam/slam_lib/CMakeFiles/LidarSlam.dir/src/KeypointExtractor.cxx.o[0m
[ 34%] [32mBuilding CXX object CMakeFiles/lidar_slam__rosidl_typesupport_fastrtps_cpp.dir/rosidl_typesupport_fastrtps_cpp/lidar_slam/srv/detail/dds_fastrtps/reset__type_support.cpp.o[0m
[ 35%] [32m[1mLinking CXX shared library liblidar_slam__rosidl_typesupport_fastrtps_cpp.so[0m
[ 35%] Built target lidar_slam__rosidl_typesupport_fastrtps_cpp
[ 36%] [34m[1mGenerating C++ introspection for ROS interfaces[0m
[ 38%] [32mBuilding CXX object CMakeFiles/lidar_slam__rosidl_typesupport_introspection_cpp.dir/rosidl_typesupport_introspection_cpp/lidar_slam/msg/detail/confidence__type_support.cpp.o[0m
[ 39%] [32mBuilding CXX object CMakeFiles/lidar_slam__rosidl_typesupport_introspection_cpp.dir/rosidl_typesupport_introspection_cpp/lidar_slam/msg/detail/slam_command__type_support.cpp.o[0m
[ 41%] [32mBuilding CXX object CMakeFiles/lidar_slam__rosidl_typesupport_introspection_cpp.dir/rosidl_typesupport_introspection_cpp/lidar_slam/srv/detail/save_pc__type_support.cpp.o[0m
[ 42%] [32mBuilding CXX object CMakeFiles/lidar_slam__rosidl_typesupport_introspection_cpp.dir/rosidl_typesupport_introspection_cpp/lidar_slam/srv/detail/reset__type_support.cpp.o[0m
[ 43%] [32mBuilding CXX object slam/slam_lib/CMakeFiles/LidarSlam.dir/src/SpinningSensorKeypointExtractor.cxx.o[0m
[ 45%] [32mBuilding CXX object slam/slam_lib/CMakeFiles/LidarSlam.dir/src/DenseSpinningSensorKeypointExtractor.cxx.o[0m
[ 46%] [32m[1mLinking CXX shared library liblidar_slam__rosidl_typesupport_introspection_cpp.so[0m
[ 46%] Built target lidar_slam__rosidl_typesupport_introspection_cpp
[ 47%] [34m[1mGenerating C type support for eProsima Fast-RTPS[0m
[ 49%] [32mBuilding CXX object slam/slam_lib/CMakeFiles/LidarSlam.dir/src/Utilities.cxx.o[0m
[ 50%] [32mBuilding CXX object CMakeFiles/lidar_slam__rosidl_typesupport_fastrtps_c.dir/rosidl_typesupport_fastrtps_c/lidar_slam/msg/detail/confidence__type_support_c.cpp.o[0m
[ 52%] [32mBuilding CXX object CMakeFiles/lidar_slam__rosidl_typesupport_fastrtps_c.dir/rosidl_typesupport_fastrtps_c/lidar_slam/msg/detail/slam_command__type_support_c.cpp.o[0m
[ 53%] [32mBuilding CXX object CMakeFiles/lidar_slam__rosidl_typesupport_fastrtps_c.dir/rosidl_typesupport_fastrtps_c/lidar_slam/srv/detail/save_pc__type_support_c.cpp.o[0m
[ 54%] [32mBuilding CXX object CMakeFiles/lidar_slam__rosidl_typesupport_fastrtps_c.dir/rosidl_typesupport_fastrtps_c/lidar_slam/srv/detail/reset__type_support_c.cpp.o[0m
[ 56%] [32mBuilding CXX object slam/slam_lib/CMakeFiles/LidarSlam.dir/src/VoxelGrid.cxx.o[0m
[ 57%] [32m[1mLinking CXX shared library liblidar_slam__rosidl_typesupport_fastrtps_c.so[0m
[ 57%] Built target lidar_slam__rosidl_typesupport_fastrtps_c
[ 58%] [34m[1mGenerating C introspection for ROS interfaces[0m
[ 60%] [32mBuilding CXX object slam/slam_lib/CMakeFiles/LidarSlam.dir/src/InterpolationModels.cxx.o[0m
[ 61%] [32mBuilding C object CMakeFiles/lidar_slam__rosidl_typesupport_introspection_c.dir/rosidl_typesupport_introspection_c/lidar_slam/msg/detail/confidence__type_support.c.o[0m
[ 63%] [32mBuilding C object CMakeFiles/lidar_slam__rosidl_typesupport_introspection_c.dir/rosidl_typesupport_introspection_c/lidar_slam/msg/detail/slam_command__type_support.c.o[0m
[ 64%] [32mBuilding C object CMakeFiles/lidar_slam__rosidl_typesupport_introspection_c.dir/rosidl_typesupport_introspection_c/lidar_slam/srv/detail/save_pc__type_support.c.o[0m
[ 65%] [32mBuilding C object CMakeFiles/lidar_slam__rosidl_typesupport_introspection_c.dir/rosidl_typesupport_introspection_c/lidar_slam/srv/detail/reset__type_support.c.o[0m
[ 67%] [32m[1mLinking C shared library liblidar_slam__rosidl_typesupport_introspection_c.so[0m
[ 67%] Built target lidar_slam__rosidl_typesupport_introspection_c
[ 68%] [34m[1mGenerating C type support dispatch for ROS interfaces[0m
[ 69%] [32mBuilding CXX object CMakeFiles/lidar_slam__rosidl_typesupport_c.dir/rosidl_typesupport_c/lidar_slam/msg/confidence__type_support.cpp.o[0m
[ 71%] [32mBuilding CXX object CMakeFiles/lidar_slam__rosidl_typesupport_c.dir/rosidl_typesupport_c/lidar_slam/msg/slam_command__type_support.cpp.o[0m
[ 72%] [32mBuilding CXX object CMakeFiles/lidar_slam__rosidl_typesupport_c.dir/rosidl_typesupport_c/lidar_slam/srv/save_pc__type_support.cpp.o[0m
[ 73%] [32mBuilding CXX object CMakeFiles/lidar_slam__rosidl_typesupport_c.dir/rosidl_typesupport_c/lidar_slam/srv/reset__type_support.cpp.o[0m
[ 75%] [32m[1mLinking CXX shared library liblidar_slam__rosidl_typesupport_c.so[0m
[ 75%] Built target lidar_slam__rosidl_typesupport_c
[ 75%] Built target lidar_slam
[ 76%] [34m[1mGenerating Python code for ROS interfaces[0m
[ 76%] Built target lidar_slam__py
[ 79%] [32mBuilding C object CMakeFiles/lidar_slam__rosidl_generator_py.dir/rosidl_generator_py/lidar_slam/msg/_slam_command_s.c.o[0m
[ 79%] [32mBuilding C object CMakeFiles/lidar_slam__rosidl_generator_py.dir/rosidl_generator_py/lidar_slam/msg/_confidence_s.c.o[0m
[ 80%] [32mBuilding C object CMakeFiles/lidar_slam__rosidl_generator_py.dir/rosidl_generator_py/lidar_slam/srv/_reset_s.c.o[0m
[ 82%] [32mBuilding C object CMakeFiles/lidar_slam__rosidl_generator_py.dir/rosidl_generator_py/lidar_slam/srv/_save_pc_s.c.o[0m
[ 83%] [32m[1mLinking C shared library rosidl_generator_py/lidar_slam/liblidar_slam__rosidl_generator_py.so[0m
[ 83%] Built target lidar_slam__rosidl_generator_py
[ 87%] [32mBuilding C object CMakeFiles/lidar_slam__rosidl_typesupport_introspection_c__pyext.dir/rosidl_generator_py/lidar_slam/_lidar_slam_s.ep.rosidl_typesupport_introspection_c.c.o[0m
[ 87%] [32mBuilding C object CMakeFiles/lidar_slam__rosidl_typesupport_fastrtps_c__pyext.dir/rosidl_generator_py/lidar_slam/_lidar_slam_s.ep.rosidl_typesupport_fastrtps_c.c.o[0m
[ 87%] [32mBuilding C object CMakeFiles/lidar_slam__rosidl_typesupport_c__pyext.dir/rosidl_generator_py/lidar_slam/_lidar_slam_s.ep.rosidl_typesupport_c.c.o[0m
[ 89%] [32m[1mLinking C shared library rosidl_generator_py/lidar_slam/lidar_slam_s__rosidl_typesupport_introspection_c.cpython-310-x86_64-linux-gnu.so[0m
[ 90%] [32m[1mLinking C shared library rosidl_generator_py/lidar_slam/lidar_slam_s__rosidl_typesupport_fastrtps_c.cpython-310-x86_64-linux-gnu.so[0m
[ 91%] [32m[1mLinking C shared library rosidl_generator_py/lidar_slam/lidar_slam_s__rosidl_typesupport_c.cpython-310-x86_64-linux-gnu.so[0m
[ 91%] Built target lidar_slam__rosidl_typesupport_introspection_c__pyext
[ 91%] Built target lidar_slam__rosidl_typesupport_c__pyext
[ 91%] Built target lidar_slam__rosidl_typesupport_fastrtps_c__pyext
[ 93%] [32m[1mLinking CXX static library libLidarSlam.a[0m
[ 93%] Built target LidarSlam
[ 95%] [32mBuilding CXX object CMakeFiles/lidar_slam_node.dir/src/LidarSlamNode_main.cxx.o[0m
[ 95%] [32mBuilding CXX object CMakeFiles/lidar_slam_node.dir/src/LidarSlamNode.cxx.o[0m
[ 97%] [32mBuilding CXX object CMakeFiles/aggregation_node.dir/src/AggregationNode.cxx.o[0m
[ 98%] [32m[1mLinking CXX executable aggregation_node[0m
[ 98%] Built target aggregation_node
[100%] [32m[1mLinking CXX executable lidar_slam_node[0m
[100%] Built target lidar_slam_node
-- Install configuration: "release"
-- Installing: /home/robmoemac/M-LADIS-Jerry/ws_sensor_combined/install/lidar_slam/share/ament_index/resource_index/rosidl_interfaces/lidar_slam
-- Installing: /home/robmoemac/M-LADIS-Jerry/ws_sensor_combined/install/lidar_slam/include/lidar_slam/lidar_slam
-- Installing: /home/robmoemac/M-LADIS-Jerry/ws_sensor_combined/install/lidar_slam/include/lidar_slam/lidar_slam/srv
-- Installing: /home/robmoemac/M-LADIS-Jerry/ws_sensor_combined/install/lidar_slam/include/lidar_slam/lidar_slam/srv/detail
-- Installing: /home/robmoemac/M-LADIS-Jerry/ws_sensor_combined/install/lidar_slam/include/lidar_slam/lidar_slam/srv/detail/reset__functions.h
-- Installing: /home/robmoemac/M-LADIS-Jerry/ws_sensor_combined/install/lidar_slam/include/lidar_slam/lidar_slam/srv/detail/reset__type_support.h
-- Installing: /home/robmoemac/M-LADIS-Jerry/ws_sensor_combined/install/lidar_slam/include/lidar_slam/lidar_slam/srv/detail/reset__struct.h
-- Installing: /home/robmoemac/M-LADIS-Jerry/ws_sensor_combined/install/lidar_slam/include/lidar_slam/lidar_slam/srv/detail/save_pc__type_support.h
-- Installing: /home/robmoemac/M-LADIS-Jerry/ws_sensor_combined/install/lidar_slam/include/lidar_slam/lidar_slam/srv/detail/save_pc__functions.h
-- Installing: /home/robmoemac/M-LADIS-Jerry/ws_sensor_combined/install/lidar_slam/include/lidar_slam/lidar_slam/srv/detail/save_pc__struct.h
-- Installing: /home/robmoemac/M-LADIS-Jerry/ws_sensor_combined/install/lidar_slam/include/lidar_slam/lidar_slam/srv/detail/reset__functions.c
-- Installing: /home/robmoemac/M-LADIS-Jerry/ws_sensor_combined/install/lidar_slam/include/lidar_slam/lidar_slam/srv/detail/save_pc__functions.c
-- Installing: /home/robmoemac/M-LADIS-Jerry/ws_sensor_combined/install/lidar_slam/include/lidar_slam/lidar_slam/srv/save_pc.h
-- Installing: /home/robmoemac/M-LADIS-Jerry/ws_sensor_combined/install/lidar_slam/include/lidar_slam/lidar_slam/srv/reset.h
-- Installing: /home/robmoemac/M-LADIS-Jerry/ws_sensor_combined/install/lidar_slam/include/lidar_slam/lidar_slam/msg
-- Installing: /home/robmoemac/M-LADIS-Jerry/ws_sensor_combined/install/lidar_slam/include/lidar_slam/lidar_slam/msg/detail
-- Installing: /home/robmoemac/M-LADIS-Jerry/ws_sensor_combined/install/lidar_slam/include/lidar_slam/lidar_slam/msg/detail/confidence__functions.c
-- Installing: /home/robmoemac/M-LADIS-Jerry/ws_sensor_combined/install/lidar_slam/include/lidar_slam/lidar_slam/msg/detail/confidence__functions.h
-- Installing: /home/robmoemac/M-LADIS-Jerry/ws_sensor_combined/install/lidar_slam/include/lidar_slam/lidar_slam/msg/detail/slam_command__functions.c
-- Installing: /home/robmoemac/M-LADIS-Jerry/ws_sensor_combined/install/lidar_slam/include/lidar_slam/lidar_slam/msg/detail/slam_command__functions.h
-- Installing: /home/robmoemac/M-LADIS-Jerry/ws_sensor_combined/install/lidar_slam/include/lidar_slam/lidar_slam/msg/detail/confidence__type_support.h
-- Installing: /home/robmoemac/M-LADIS-Jerry/ws_sensor_combined/install/lidar_slam/include/lidar_slam/lidar_slam/msg/detail/slam_command__type_support.h
-- Installing: /home/robmoemac/M-LADIS-Jerry/ws_sensor_combined/install/lidar_slam/include/lidar_slam/lidar_slam/msg/detail/slam_command__struct.h
-- Installing: /home/robmoemac/M-LADIS-Jerry/ws_sensor_combined/install/lidar_slam/include/lidar_slam/lidar_slam/msg/detail/confidence__struct.h
-- Installing: /home/robmoemac/M-LADIS-Jerry/ws_sensor_combined/install/lidar_slam/include/lidar_slam/lidar_slam/msg/rosidl_generator_c__visibility_control.h
-- Installing: /home/robmoemac/M-LADIS-Jerry/ws_sensor_combined/install/lidar_slam/include/lidar_slam/lidar_slam/msg/confidence.h
-- Installing: /home/robmoemac/M-LADIS-Jerry/ws_sensor_combined/install/lidar_slam/include/lidar_slam/lidar_slam/msg/slam_command.h
-- Installing: /home/robmoemac/M-LADIS-Jerry/ws_sensor_combined/install/lidar_slam/share/lidar_slam/environment/library_path.sh
-- Installing: /home/robmoemac/M-LADIS-Jerry/ws_sensor_combined/install/lidar_slam/share/lidar_slam/environment/library_path.dsv
-- Installing: /home/robmoemac/M-LADIS-Jerry/ws_sensor_combined/install/lidar_slam/lib/liblidar_slam__rosidl_generator_c.so
-- Set runtime path of "/home/robmoemac/M-LADIS-Jerry/ws_sensor_combined/install/lidar_slam/lib/liblidar_slam__rosidl_generator_c.so" to "/opt/ros/humble/lib"
-- Up-to-date: /home/robmoemac/M-LADIS-Jerry/ws_sensor_combined/install/lidar_slam/include/lidar_slam/lidar_slam
-- Up-to-date: /home/robmoemac/M-LADIS-Jerry/ws_sensor_combined/install/lidar_slam/include/lidar_slam/lidar_slam/srv
-- Up-to-date: /home/robmoemac/M-LADIS-Jerry/ws_sensor_combined/install/lidar_slam/include/lidar_slam/lidar_slam/srv/detail
-- Installing: /home/robmoemac/M-LADIS-Jerry/ws_sensor_combined/install/lidar_slam/include/lidar_slam/lidar_slam/srv/detail/reset__rosidl_typesupport_fastrtps_c.h
-- Installing: /home/robmoemac/M-LADIS-Jerry/ws_sensor_combined/install/lidar_slam/include/lidar_slam/lidar_slam/srv/detail/save_pc__rosidl_typesupport_fastrtps_c.h
-- Up-to-date: /home/robmoemac/M-LADIS-Jerry/ws_sensor_combined/install/lidar_slam/include/lidar_slam/lidar_slam/msg
-- Up-to-date: /home/robmoemac/M-LADIS-Jerry/ws_sensor_combined/install/lidar_slam/include/lidar_slam/lidar_slam/msg/detail
-- Installing: /home/robmoemac/M-LADIS-Jerry/ws_sensor_combined/install/lidar_slam/include/lidar_slam/lidar_slam/msg/detail/confidence__rosidl_typesupport_fastrtps_c.h
-- Installing: /home/robmoemac/M-LADIS-Jerry/ws_sensor_combined/install/lidar_slam/include/lidar_slam/lidar_slam/msg/detail/slam_command__rosidl_typesupport_fastrtps_c.h
-- Installing: /home/robmoemac/M-LADIS-Jerry/ws_sensor_combined/install/lidar_slam/include/lidar_slam/lidar_slam/msg/rosidl_typesupport_fastrtps_c__visibility_control.h
-- Installing: /home/robmoemac/M-LADIS-Jerry/ws_sensor_combined/install/lidar_slam/lib/liblidar_slam__rosidl_typesupport_fastrtps_c.so
-- Set runtime path of "/home/robmoemac/M-LADIS-Jerry/ws_sensor_combined/install/lidar_slam/lib/liblidar_slam__rosidl_typesupport_fastrtps_c.so" to "/opt/ros/humble/lib"
-- Up-to-date: /home/robmoemac/M-LADIS-Jerry/ws_sensor_combined/install/lidar_slam/include/lidar_slam/lidar_slam
-- Up-to-date: /home/robmoemac/M-LADIS-Jerry/ws_sensor_combined/install/lidar_slam/include/lidar_slam/lidar_slam/srv
-- Up-to-date: /home/robmoemac/M-LADIS-Jerry/ws_sensor_combined/install/lidar_slam/include/lidar_slam/lidar_slam/srv/detail
-- Installing: /home/robmoemac/M-LADIS-Jerry/ws_sensor_combined/install/lidar_slam/include/lidar_slam/lidar_slam/srv/detail/reset__type_support.c
-- Installing: /home/robmoemac/M-LADIS-Jerry/ws_sensor_combined/install/lidar_slam/include/lidar_slam/lidar_slam/srv/detail/save_pc__type_support.c
-- Installing: /home/robmoemac/M-LADIS-Jerry/ws_sensor_combined/install/lidar_slam/include/lidar_slam/lidar_slam/srv/detail/reset__rosidl_typesupport_introspection_c.h
-- Installing: /home/robmoemac/M-LADIS-Jerry/ws_sensor_combined/install/lidar_slam/include/lidar_slam/lidar_slam/srv/detail/save_pc__rosidl_typesupport_introspection_c.h
-- Up-to-date: /home/robmoemac/M-LADIS-Jerry/ws_sensor_combined/install/lidar_slam/include/lidar_slam/lidar_slam/msg
-- Up-to-date: /home/robmoemac/M-LADIS-Jerry/ws_sensor_combined/install/lidar_slam/include/lidar_slam/lidar_slam/msg/detail
-- Installing: /home/robmoemac/M-LADIS-Jerry/ws_sensor_combined/install/lidar_slam/include/lidar_slam/lidar_slam/msg/detail/confidence__rosidl_typesupport_introspection_c.h
-- Installing: /home/robmoemac/M-LADIS-Jerry/ws_sensor_combined/install/lidar_slam/include/lidar_slam/lidar_slam/msg/detail/slam_command__rosidl_typesupport_introspection_c.h
-- Installing: /home/robmoemac/M-LADIS-Jerry/ws_sensor_combined/install/lidar_slam/include/lidar_slam/lidar_slam/msg/detail/confidence__type_support.c
-- Installing: /home/robmoemac/M-LADIS-Jerry/ws_sensor_combined/install/lidar_slam/include/lidar_slam/lidar_slam/msg/detail/slam_command__type_support.c
-- Installing: /home/robmoemac/M-LADIS-Jerry/ws_sensor_combined/install/lidar_slam/include/lidar_slam/lidar_slam/msg/rosidl_typesupport_introspection_c__visibility_control.h
-- Installing: /home/robmoemac/M-LADIS-Jerry/ws_sensor_combined/install/lidar_slam/lib/liblidar_slam__rosidl_typesupport_introspection_c.so
-- Set runtime path of "/home/robmoemac/M-LADIS-Jerry/ws_sensor_combined/install/lidar_slam/lib/liblidar_slam__rosidl_typesupport_introspection_c.so" to "/opt/ros/humble/lib"
-- Installing: /home/robmoemac/M-LADIS-Jerry/ws_sensor_combined/install/lidar_slam/lib/liblidar_slam__rosidl_typesupport_c.so
-- Set runtime path of "/home/robmoemac/M-LADIS-Jerry/ws_sensor_combined/install/lidar_slam/lib/liblidar_slam__rosidl_typesupport_c.so" to "/opt/ros/humble/lib"
-- Up-to-date: /home/robmoemac/M-LADIS-Jerry/ws_sensor_combined/install/lidar_slam/include/lidar_slam/lidar_slam
-- Up-to-date: /home/robmoemac/M-LADIS-Jerry/ws_sensor_combined/install/lidar_slam/include/lidar_slam/lidar_slam/srv
-- Up-to-date: /home/robmoemac/M-LADIS-Jerry/ws_sensor_combined/install/lidar_slam/include/lidar_slam/lidar_slam/srv/detail
-- Installing: /home/robmoemac/M-LADIS-Jerry/ws_sensor_combined/install/lidar_slam/include/lidar_slam/lidar_slam/srv/detail/save_pc__builder.hpp
-- Installing: /home/robmoemac/M-LADIS-Jerry/ws_sensor_combined/install/lidar_slam/include/lidar_slam/lidar_slam/srv/detail/reset__struct.hpp
-- Installing: /home/robmoemac/M-LADIS-Jerry/ws_sensor_combined/install/lidar_slam/include/lidar_slam/lidar_slam/srv/detail/save_pc__struct.hpp
-- Installing: /home/robmoemac/M-LADIS-Jerry/ws_sensor_combined/install/lidar_slam/include/lidar_slam/lidar_slam/srv/detail/reset__traits.hpp
-- Installing: /home/robmoemac/M-LADIS-Jerry/ws_sensor_combined/install/lidar_slam/include/lidar_slam/lidar_slam/srv/detail/save_pc__traits.hpp
-- Installing: /home/robmoemac/M-LADIS-Jerry/ws_sensor_combined/install/lidar_slam/include/lidar_slam/lidar_slam/srv/detail/reset__builder.hpp
-- Installing: /home/robmoemac/M-LADIS-Jerry/ws_sensor_combined/install/lidar_slam/include/lidar_slam/lidar_slam/srv/save_pc.hpp
-- Installing: /home/robmoemac/M-LADIS-Jerry/ws_sensor_combined/install/lidar_slam/include/lidar_slam/lidar_slam/srv/reset.hpp
-- Up-to-date: /home/robmoemac/M-LADIS-Jerry/ws_sensor_combined/install/lidar_slam/include/lidar_slam/lidar_slam/msg
-- Installing: /home/robmoemac/M-LADIS-Jerry/ws_sensor_combined/install/lidar_slam/include/lidar_slam/lidar_slam/msg/confidence.hpp
-- Up-to-date: /home/robmoemac/M-LADIS-Jerry/ws_sensor_combined/install/lidar_slam/include/lidar_slam/lidar_slam/msg/detail
-- Installing: /home/robmoemac/M-LADIS-Jerry/ws_sensor_combined/install/lidar_slam/include/lidar_slam/lidar_slam/msg/detail/slam_command__builder.hpp
-- Installing: /home/robmoemac/M-LADIS-Jerry/ws_sensor_combined/install/lidar_slam/include/lidar_slam/lidar_slam/msg/detail/slam_command__struct.hpp
-- Installing: /home/robmoemac/M-LADIS-Jerry/ws_sensor_combined/install/lidar_slam/include/lidar_slam/lidar_slam/msg/detail/confidence__builder.hpp
-- Installing: /home/robmoemac/M-LADIS-Jerry/ws_sensor_combined/install/lidar_slam/include/lidar_slam/lidar_slam/msg/detail/slam_command__traits.hpp
-- Installing: /home/robmoemac/M-LADIS-Jerry/ws_sensor_combined/install/lidar_slam/include/lidar_slam/lidar_slam/msg/detail/confidence__struct.hpp
-- Installing: /home/robmoemac/M-LADIS-Jerry/ws_sensor_combined/install/lidar_slam/include/lidar_slam/lidar_slam/msg/detail/confidence__traits.hpp
-- Installing: /home/robmoemac/M-LADIS-Jerry/ws_sensor_combined/install/lidar_slam/include/lidar_slam/lidar_slam/msg/slam_command.hpp
-- Up-to-date: /home/robmoemac/M-LADIS-Jerry/ws_sensor_combined/install/lidar_slam/include/lidar_slam/lidar_slam
-- Up-to-date: /home/robmoemac/M-LADIS-Jerry/ws_sensor_combined/install/lidar_slam/include/lidar_slam/lidar_slam/srv
-- Up-to-date: /home/robmoemac/M-LADIS-Jerry/ws_sensor_combined/install/lidar_slam/include/lidar_slam/lidar_slam/srv/detail
-- Installing: /home/robmoemac/M-LADIS-Jerry/ws_sensor_combined/install/lidar_slam/include/lidar_slam/lidar_slam/srv/detail/save_pc__rosidl_typesupport_fastrtps_cpp.hpp
-- Installing: /home/robmoemac/M-LADIS-Jerry/ws_sensor_combined/install/lidar_slam/include/lidar_slam/lidar_slam/srv/detail/dds_fastrtps
-- Installing: /home/robmoemac/M-LADIS-Jerry/ws_sensor_combined/install/lidar_slam/include/lidar_slam/lidar_slam/srv/detail/reset__rosidl_typesupport_fastrtps_cpp.hpp
-- Up-to-date: /home/robmoemac/M-LADIS-Jerry/ws_sensor_combined/install/lidar_slam/include/lidar_slam/lidar_slam/msg
-- Up-to-date: /home/robmoemac/M-LADIS-Jerry/ws_sensor_combined/install/lidar_slam/include/lidar_slam/lidar_slam/msg/detail
-- Installing: /home/robmoemac/M-LADIS-Jerry/ws_sensor_combined/install/lidar_slam/include/lidar_slam/lidar_slam/msg/detail/dds_fastrtps
-- Installing: /home/robmoemac/M-LADIS-Jerry/ws_sensor_combined/install/lidar_slam/include/lidar_slam/lidar_slam/msg/detail/confidence__rosidl_typesupport_fastrtps_cpp.hpp
-- Installing: /home/robmoemac/M-LADIS-Jerry/ws_sensor_combined/install/lidar_slam/include/lidar_slam/lidar_slam/msg/detail/slam_command__rosidl_typesupport_fastrtps_cpp.hpp
-- Installing: /home/robmoemac/M-LADIS-Jerry/ws_sensor_combined/install/lidar_slam/include/lidar_slam/lidar_slam/msg/rosidl_typesupport_fastrtps_cpp__visibility_control.h
-- Installing: /home/robmoemac/M-LADIS-Jerry/ws_sensor_combined/install/lidar_slam/lib/liblidar_slam__rosidl_typesupport_fastrtps_cpp.so
-- Set runtime path of "/home/robmoemac/M-LADIS-Jerry/ws_sensor_combined/install/lidar_slam/lib/liblidar_slam__rosidl_typesupport_fastrtps_cpp.so" to "/opt/ros/humble/lib"
-- Up-to-date: /home/robmoemac/M-LADIS-Jerry/ws_sensor_combined/install/lidar_slam/include/lidar_slam/lidar_slam
-- Up-to-date: /home/robmoemac/M-LADIS-Jerry/ws_sensor_combined/install/lidar_slam/include/lidar_slam/lidar_slam/srv
-- Up-to-date: /home/robmoemac/M-LADIS-Jerry/ws_sensor_combined/install/lidar_slam/include/lidar_slam/lidar_slam/srv/detail
-- Installing: /home/robmoemac/M-LADIS-Jerry/ws_sensor_combined/install/lidar_slam/include/lidar_slam/lidar_slam/srv/detail/reset__rosidl_typesupport_introspection_cpp.hpp
-- Installing: /home/robmoemac/M-LADIS-Jerry/ws_sensor_combined/install/lidar_slam/include/lidar_slam/lidar_slam/srv/detail/save_pc__rosidl_typesupport_introspection_cpp.hpp
-- Installing: /home/robmoemac/M-LADIS-Jerry/ws_sensor_combined/install/lidar_slam/include/lidar_slam/lidar_slam/srv/detail/save_pc__type_support.cpp
-- Installing: /home/robmoemac/M-LADIS-Jerry/ws_sensor_combined/install/lidar_slam/include/lidar_slam/lidar_slam/srv/detail/reset__type_support.cpp
-- Up-to-date: /home/robmoemac/M-LADIS-Jerry/ws_sensor_combined/install/lidar_slam/include/lidar_slam/lidar_slam/msg
-- Up-to-date: /home/robmoemac/M-LADIS-Jerry/ws_sensor_combined/install/lidar_slam/include/lidar_slam/lidar_slam/msg/detail
-- Installing: /home/robmoemac/M-LADIS-Jerry/ws_sensor_combined/install/lidar_slam/include/lidar_slam/lidar_slam/msg/detail/confidence__rosidl_typesupport_introspection_cpp.hpp
-- Installing: /home/robmoemac/M-LADIS-Jerry/ws_sensor_combined/install/lidar_slam/include/lidar_slam/lidar_slam/msg/detail/confidence__type_support.cpp
-- Installing: /home/robmoemac/M-LADIS-Jerry/ws_sensor_combined/install/lidar_slam/include/lidar_slam/lidar_slam/msg/detail/slam_command__type_support.cpp
-- Installing: /home/robmoemac/M-LADIS-Jerry/ws_sensor_combined/install/lidar_slam/include/lidar_slam/lidar_slam/msg/detail/slam_command__rosidl_typesupport_introspection_cpp.hpp
-- Installing: /home/robmoemac/M-LADIS-Jerry/ws_sensor_combined/install/lidar_slam/lib/liblidar_slam__rosidl_typesupport_introspection_cpp.so
-- Set runtime path of "/home/robmoemac/M-LADIS-Jerry/ws_sensor_combined/install/lidar_slam/lib/liblidar_slam__rosidl_typesupport_introspection_cpp.so" to "/opt/ros/humble/lib"
-- Installing: /home/robmoemac/M-LADIS-Jerry/ws_sensor_combined/install/lidar_slam/lib/liblidar_slam__rosidl_typesupport_cpp.so
-- Set runtime path of "/home/robmoemac/M-LADIS-Jerry/ws_sensor_combined/install/lidar_slam/lib/liblidar_slam__rosidl_typesupport_cpp.so" to "/opt/ros/humble/lib"
-- Installing: /home/robmoemac/M-LADIS-Jerry/ws_sensor_combined/install/lidar_slam/share/lidar_slam/environment/pythonpath.sh
-- Installing: /home/robmoemac/M-LADIS-Jerry/ws_sensor_combined/install/lidar_slam/share/lidar_slam/environment/pythonpath.dsv
-- Installing: /home/robmoemac/M-LADIS-Jerry/ws_sensor_combined/install/lidar_slam/local/lib/python3.10/dist-packages/lidar_slam-2.1.0-py3.10.egg-info
-- Installing: /home/robmoemac/M-LADIS-Jerry/ws_sensor_combined/install/lidar_slam/local/lib/python3.10/dist-packages/lidar_slam-2.1.0-py3.10.egg-info/dependency_links.txt
-- Installing: /home/robmoemac/M-LADIS-Jerry/ws_sensor_combined/install/lidar_slam/local/lib/python3.10/dist-packages/lidar_slam-2.1.0-py3.10.egg-info/PKG-INFO
-- Installing: /home/robmoemac/M-LADIS-Jerry/ws_sensor_combined/install/lidar_slam/local/lib/python3.10/dist-packages/lidar_slam-2.1.0-py3.10.egg-info/top_level.txt
-- Installing: /home/robmoemac/M-LADIS-Jerry/ws_sensor_combined/install/lidar_slam/local/lib/python3.10/dist-packages/lidar_slam-2.1.0-py3.10.egg-info/SOURCES.txt
-- Installing: /home/robmoemac/M-LADIS-Jerry/ws_sensor_combined/install/lidar_slam/local/lib/python3.10/dist-packages/lidar_slam
-- Installing: /home/robmoemac/M-LADIS-Jerry/ws_sensor_combined/install/lidar_slam/local/lib/python3.10/dist-packages/lidar_slam/srv
-- Installing: /home/robmoemac/M-LADIS-Jerry/ws_sensor_combined/install/lidar_slam/local/lib/python3.10/dist-packages/lidar_slam/srv/__init__.py
-- Installing: /home/robmoemac/M-LADIS-Jerry/ws_sensor_combined/install/lidar_slam/local/lib/python3.10/dist-packages/lidar_slam/srv/_reset.py
-- Installing: /home/robmoemac/M-LADIS-Jerry/ws_sensor_combined/install/lidar_slam/local/lib/python3.10/dist-packages/lidar_slam/srv/_save_pc_s.c
-- Installing: /home/robmoemac/M-LADIS-Jerry/ws_sensor_combined/install/lidar_slam/local/lib/python3.10/dist-packages/lidar_slam/srv/_save_pc.py
-- Installing: /home/robmoemac/M-LADIS-Jerry/ws_sensor_combined/install/lidar_slam/local/lib/python3.10/dist-packages/lidar_slam/srv/_reset_s.c
-- Installing: /home/robmoemac/M-LADIS-Jerry/ws_sensor_combined/install/lidar_slam/local/lib/python3.10/dist-packages/lidar_slam/_lidar_slam_s.ep.rosidl_typesupport_fastrtps_c.c
-- Installing: /home/robmoemac/M-LADIS-Jerry/ws_sensor_combined/install/lidar_slam/local/lib/python3.10/dist-packages/lidar_slam/_lidar_slam_s.ep.rosidl_typesupport_c.c
-- Installing: /home/robmoemac/M-LADIS-Jerry/ws_sensor_combined/install/lidar_slam/local/lib/python3.10/dist-packages/lidar_slam/_lidar_slam_s.ep.rosidl_typesupport_introspection_c.c
-- Installing: /home/robmoemac/M-LADIS-Jerry/ws_sensor_combined/install/lidar_slam/local/lib/python3.10/dist-packages/lidar_slam/lidar_slam_s__rosidl_typesupport_c.cpython-310-x86_64-linux-gnu.so
-- Installing: /home/robmoemac/M-LADIS-Jerry/ws_sensor_combined/install/lidar_slam/local/lib/python3.10/dist-packages/lidar_slam/__init__.py
-- Installing: /home/robmoemac/M-LADIS-Jerry/ws_sensor_combined/install/lidar_slam/local/lib/python3.10/dist-packages/lidar_slam/lidar_slam_s__rosidl_typesupport_fastrtps_c.cpython-310-x86_64-linux-gnu.so
-- Installing: /home/robmoemac/M-LADIS-Jerry/ws_sensor_combined/install/lidar_slam/local/lib/python3.10/dist-packages/lidar_slam/liblidar_slam__rosidl_generator_py.so
-- Installing: /home/robmoemac/M-LADIS-Jerry/ws_sensor_combined/install/lidar_slam/local/lib/python3.10/dist-packages/lidar_slam/msg
-- Installing: /home/robmoemac/M-LADIS-Jerry/ws_sensor_combined/install/lidar_slam/local/lib/python3.10/dist-packages/lidar_slam/msg/__init__.py
-- Installing: /home/robmoemac/M-LADIS-Jerry/ws_sensor_combined/install/lidar_slam/local/lib/python3.10/dist-packages/lidar_slam/msg/_confidence.py
-- Installing: /home/robmoemac/M-LADIS-Jerry/ws_sensor_combined/install/lidar_slam/local/lib/python3.10/dist-packages/lidar_slam/msg/_slam_command.py
-- Installing: /home/robmoemac/M-LADIS-Jerry/ws_sensor_combined/install/lidar_slam/local/lib/python3.10/dist-packages/lidar_slam/msg/_confidence_s.c
-- Installing: /home/robmoemac/M-LADIS-Jerry/ws_sensor_combined/install/lidar_slam/local/lib/python3.10/dist-packages/lidar_slam/msg/_slam_command_s.c
-- Installing: /home/robmoemac/M-LADIS-Jerry/ws_sensor_combined/install/lidar_slam/local/lib/python3.10/dist-packages/lidar_slam/lidar_slam_s__rosidl_typesupport_introspection_c.cpython-310-x86_64-linux-gnu.so
Listing '/home/robmoemac/M-LADIS-Jerry/ws_sensor_combined/install/lidar_slam/local/lib/python3.10/dist-packages/lidar_slam'...
Compiling '/home/robmoemac/M-LADIS-Jerry/ws_sensor_combined/install/lidar_slam/local/lib/python3.10/dist-packages/lidar_slam/__init__.py'...
Listing '/home/robmoemac/M-LADIS-Jerry/ws_sensor_combined/install/lidar_slam/local/lib/python3.10/dist-packages/lidar_slam/msg'...
Compiling '/home/robmoemac/M-LADIS-Jerry/ws_sensor_combined/install/lidar_slam/local/lib/python3.10/dist-packages/lidar_slam/msg/__init__.py'...
Compiling '/home/robmoemac/M-LADIS-Jerry/ws_sensor_combined/install/lidar_slam/local/lib/python3.10/dist-packages/lidar_slam/msg/_confidence.py'...
Compiling '/home/robmoemac/M-LADIS-Jerry/ws_sensor_combined/install/lidar_slam/local/lib/python3.10/dist-packages/lidar_slam/msg/_slam_command.py'...
Listing '/home/robmoemac/M-LADIS-Jerry/ws_sensor_combined/install/lidar_slam/local/lib/python3.10/dist-packages/lidar_slam/srv'...
Compiling '/home/robmoemac/M-LADIS-Jerry/ws_sensor_combined/install/lidar_slam/local/lib/python3.10/dist-packages/lidar_slam/srv/__init__.py'...
Compiling '/home/robmoemac/M-LADIS-Jerry/ws_sensor_combined/install/lidar_slam/local/lib/python3.10/dist-packages/lidar_slam/srv/_reset.py'...
Compiling '/home/robmoemac/M-LADIS-Jerry/ws_sensor_combined/install/lidar_slam/local/lib/python3.10/dist-packages/lidar_slam/srv/_save_pc.py'...
-- Up-to-date: /home/robmoemac/M-LADIS-Jerry/ws_sensor_combined/install/lidar_slam/local/lib/python3.10/dist-packages/lidar_slam/lidar_slam_s__rosidl_typesupport_fastrtps_c.cpython-310-x86_64-linux-gnu.so
-- Set runtime path of "/home/robmoemac/M-LADIS-Jerry/ws_sensor_combined/install/lidar_slam/local/lib/python3.10/dist-packages/lidar_slam/lidar_slam_s__rosidl_typesupport_fastrtps_c.cpython-310-x86_64-linux-gnu.so" to "/opt/ros/humble/lib"
-- Up-to-date: /home/robmoemac/M-LADIS-Jerry/ws_sensor_combined/install/lidar_slam/local/lib/python3.10/dist-packages/lidar_slam/lidar_slam_s__rosidl_typesupport_introspection_c.cpython-310-x86_64-linux-gnu.so
-- Set runtime path of "/home/robmoemac/M-LADIS-Jerry/ws_sensor_combined/install/lidar_slam/local/lib/python3.10/dist-packages/lidar_slam/lidar_slam_s__rosidl_typesupport_introspection_c.cpython-310-x86_64-linux-gnu.so" to "/opt/ros/humble/lib"
-- Up-to-date: /home/robmoemac/M-LADIS-Jerry/ws_sensor_combined/install/lidar_slam/local/lib/python3.10/dist-packages/lidar_slam/lidar_slam_s__rosidl_typesupport_c.cpython-310-x86_64-linux-gnu.so
-- Set runtime path of "/home/robmoemac/M-LADIS-Jerry/ws_sensor_combined/install/lidar_slam/local/lib/python3.10/dist-packages/lidar_slam/lidar_slam_s__rosidl_typesupport_c.cpython-310-x86_64-linux-gnu.so" to "/opt/ros/humble/lib"
-- Installing: /home/robmoemac/M-LADIS-Jerry/ws_sensor_combined/install/lidar_slam/lib/liblidar_slam__rosidl_generator_py.so
-- Set runtime path of "/home/robmoemac/M-LADIS-Jerry/ws_sensor_combined/install/lidar_slam/lib/liblidar_slam__rosidl_generator_py.so" to "/opt/ros/humble/lib"
-- Installing: /home/robmoemac/M-LADIS-Jerry/ws_sensor_combined/install/lidar_slam/share/lidar_slam/msg/Confidence.idl
-- Installing: /home/robmoemac/M-LADIS-Jerry/ws_sensor_combined/install/lidar_slam/share/lidar_slam/msg/SlamCommand.idl
-- Installing: /home/robmoemac/M-LADIS-Jerry/ws_sensor_combined/install/lidar_slam/share/lidar_slam/srv/SavePc.idl
-- Installing: /home/robmoemac/M-LADIS-Jerry/ws_sensor_combined/install/lidar_slam/share/lidar_slam/srv/Reset.idl
-- Installing: /home/robmoemac/M-LADIS-Jerry/ws_sensor_combined/install/lidar_slam/share/lidar_slam/msg/Confidence.msg
-- Installing: /home/robmoemac/M-LADIS-Jerry/ws_sensor_combined/install/lidar_slam/share/lidar_slam/msg/SlamCommand.msg
-- Installing: /home/robmoemac/M-LADIS-Jerry/ws_sensor_combined/install/lidar_slam/share/lidar_slam/srv/SavePc.srv
-- Installing: /home/robmoemac/M-LADIS-Jerry/ws_sensor_combined/install/lidar_slam/share/lidar_slam/srv/SavePc_Request.msg
-- Installing: /home/robmoemac/M-LADIS-Jerry/ws_sensor_combined/install/lidar_slam/share/lidar_slam/srv/SavePc_Response.msg
-- Installing: /home/robmoemac/M-LADIS-Jerry/ws_sensor_combined/install/lidar_slam/share/lidar_slam/srv/Reset.srv
-- Installing: /home/robmoemac/M-LADIS-Jerry/ws_sensor_combined/install/lidar_slam/share/lidar_slam/srv/Reset_Request.msg
-- Installing: /home/robmoemac/M-LADIS-Jerry/ws_sensor_combined/install/lidar_slam/share/lidar_slam/srv/Reset_Response.msg
-- Installing: /home/robmoemac/M-LADIS-Jerry/ws_sensor_combined/install/lidar_slam/lib/lidar_slam/lidar_slam_node
-- Set runtime path of "/home/robmoemac/M-LADIS-Jerry/ws_sensor_combined/install/lidar_slam/lib/lidar_slam/lidar_slam_node" to "/opt/ros/humble/lib:/home/robmoemac/M-LADIS-Jerry/ws_sensor_combined/install/apriltag_ros/lib"
-- Installing: /home/robmoemac/M-LADIS-Jerry/ws_sensor_combined/install/lidar_slam/lib/lidar_slam/aggregation_node
-- Set runtime path of "/home/robmoemac/M-LADIS-Jerry/ws_sensor_combined/install/lidar_slam/lib/lidar_slam/aggregation_node" to "/opt/ros/humble/lib"
-- Installing: /home/robmoemac/M-LADIS-Jerry/ws_sensor_combined/install/lidar_slam/share/lidar_slam/launch
-- Installing: /home/robmoemac/M-LADIS-Jerry/ws_sensor_combined/install/lidar_slam/share/lidar_slam/launch/slam_ouster.py
-- Installing: /home/robmoemac/M-LADIS-Jerry/ws_sensor_combined/install/lidar_slam/share/lidar_slam/launch/slam_velodyne.py
-- Installing: /home/robmoemac/M-LADIS-Jerry/ws_sensor_combined/install/lidar_slam/share/lidar_slam/launch/slam_livox.py
-- Installing: /home/robmoemac/M-LADIS-Jerry/ws_sensor_combined/install/lidar_slam/share/lidar_slam/launch/slam_hesai.py
-- Installing: /home/robmoemac/M-LADIS-Jerry/ws_sensor_combined/install/lidar_slam/share/lidar_slam/params
-- Installing: /home/robmoemac/M-LADIS-Jerry/ws_sensor_combined/install/lidar_slam/share/lidar_slam/params/metadata_OS1_64_1024x10.json
-- Installing: /home/robmoemac/M-LADIS-Jerry/ws_sensor_combined/install/lidar_slam/share/lidar_slam/params/slam_config_indoor.yaml
-- Installing: /home/robmoemac/M-LADIS-Jerry/ws_sensor_combined/install/lidar_slam/share/lidar_slam/params/slam_config_outdoor.yaml
-- Installing: /home/robmoemac/M-LADIS-Jerry/ws_sensor_combined/install/lidar_slam/share/lidar_slam/params/aggregation_config.yaml
-- Installing: /home/robmoemac/M-LADIS-Jerry/ws_sensor_combined/install/lidar_slam/share/lidar_slam/params/ouster_tins_driver_config.yaml
-- Installing: /home/robmoemac/M-LADIS-Jerry/ws_sensor_combined/install/lidar_slam/share/lidar_slam/params/ouster_driver_parameters.yaml
-- Installing: /home/robmoemac/M-LADIS-Jerry/ws_sensor_combined/install/lidar_slam/share/lidar_slam/params/slam.rviz
-- Installing: /home/robmoemac/M-LADIS-Jerry/ws_sensor_combined/install/lidar_slam/share/ament_index/resource_index/package_run_dependencies/lidar_slam
-- Installing: /home/robmoemac/M-LADIS-Jerry/ws_sensor_combined/install/lidar_slam/share/ament_index/resource_index/parent_prefix_path/lidar_slam
-- Installing: /home/robmoemac/M-LADIS-Jerry/ws_sensor_combined/install/lidar_slam/share/lidar_slam/environment/ament_prefix_path.sh
-- Installing: /home/robmoemac/M-LADIS-Jerry/ws_sensor_combined/install/lidar_slam/share/lidar_slam/environment/ament_prefix_path.dsv
-- Installing: /home/robmoemac/M-LADIS-Jerry/ws_sensor_combined/install/lidar_slam/share/lidar_slam/environment/path.sh
-- Installing: /home/robmoemac/M-LADIS-Jerry/ws_sensor_combined/install/lidar_slam/share/lidar_slam/environment/path.dsv
-- Installing: /home/robmoemac/M-LADIS-Jerry/ws_sensor_combined/install/lidar_slam/share/lidar_slam/local_setup.bash
-- Installing: /home/robmoemac/M-LADIS-Jerry/ws_sensor_combined/install/lidar_slam/share/lidar_slam/local_setup.sh
-- Installing: /home/robmoemac/M-LADIS-Jerry/ws_sensor_combined/install/lidar_slam/share/lidar_slam/local_setup.zsh
-- Installing: /home/robmoemac/M-LADIS-Jerry/ws_sensor_combined/install/lidar_slam/share/lidar_slam/local_setup.dsv
-- Installing: /home/robmoemac/M-LADIS-Jerry/ws_sensor_combined/install/lidar_slam/share/lidar_slam/package.dsv
-- Installing: /home/robmoemac/M-LADIS-Jerry/ws_sensor_combined/install/lidar_slam/share/ament_index/resource_index/packages/lidar_slam
-- Installing: /home/robmoemac/M-LADIS-Jerry/ws_sensor_combined/install/lidar_slam/share/lidar_slam/cmake/export_lidar_slam__rosidl_generator_cExport.cmake
-- Installing: /home/robmoemac/M-LADIS-Jerry/ws_sensor_combined/install/lidar_slam/share/lidar_slam/cmake/export_lidar_slam__rosidl_generator_cExport-release.cmake
-- Installing: /home/robmoemac/M-LADIS-Jerry/ws_sensor_combined/install/lidar_slam/share/lidar_slam/cmake/export_lidar_slam__rosidl_typesupport_fastrtps_cExport.cmake
-- Installing: /home/robmoemac/M-LADIS-Jerry/ws_sensor_combined/install/lidar_slam/share/lidar_slam/cmake/export_lidar_slam__rosidl_typesupport_fastrtps_cExport-release.cmake
-- Installing: /home/robmoemac/M-LADIS-Jerry/ws_sensor_combined/install/lidar_slam/share/lidar_slam/cmake/lidar_slam__rosidl_typesupport_introspection_cExport.cmake
-- Installing: /home/robmoemac/M-LADIS-Jerry/ws_sensor_combined/install/lidar_slam/share/lidar_slam/cmake/lidar_slam__rosidl_typesupport_introspection_cExport-release.cmake
-- Installing: /home/robmoemac/M-LADIS-Jerry/ws_sensor_combined/install/lidar_slam/share/lidar_slam/cmake/lidar_slam__rosidl_typesupport_cExport.cmake
-- Installing: /home/robmoemac/M-LADIS-Jerry/ws_sensor_combined/install/lidar_slam/share/lidar_slam/cmake/lidar_slam__rosidl_typesupport_cExport-release.cmake
-- Installing: /home/robmoemac/M-LADIS-Jerry/ws_sensor_combined/install/lidar_slam/share/lidar_slam/cmake/export_lidar_slam__rosidl_generator_cppExport.cmake
-- Installing: /home/robmoemac/M-LADIS-Jerry/ws_sensor_combined/install/lidar_slam/share/lidar_slam/cmake/export_lidar_slam__rosidl_typesupport_fastrtps_cppExport.cmake
-- Installing: /home/robmoemac/M-LADIS-Jerry/ws_sensor_combined/install/lidar_slam/share/lidar_slam/cmake/export_lidar_slam__rosidl_typesupport_fastrtps_cppExport-release.cmake
-- Installing: /home/robmoemac/M-LADIS-Jerry/ws_sensor_combined/install/lidar_slam/share/lidar_slam/cmake/lidar_slam__rosidl_typesupport_introspection_cppExport.cmake
-- Installing: /home/robmoemac/M-LADIS-Jerry/ws_sensor_combined/install/lidar_slam/share/lidar_slam/cmake/lidar_slam__rosidl_typesupport_introspection_cppExport-release.cmake
-- Installing: /home/robmoemac/M-LADIS-Jerry/ws_sensor_combined/install/lidar_slam/share/lidar_slam/cmake/lidar_slam__rosidl_typesupport_cppExport.cmake
-- Installing: /home/robmoemac/M-LADIS-Jerry/ws_sensor_combined/install/lidar_slam/share/lidar_slam/cmake/lidar_slam__rosidl_typesupport_cppExport-release.cmake
-- Installing: /home/robmoemac/M-LADIS-Jerry/ws_sensor_combined/install/lidar_slam/share/lidar_slam/cmake/export_lidar_slam__rosidl_generator_pyExport.cmake
-- Installing: /home/robmoemac/M-LADIS-Jerry/ws_sensor_combined/install/lidar_slam/share/lidar_slam/cmake/export_lidar_slam__rosidl_generator_pyExport-release.cmake
-- Installing: /home/robmoemac/M-LADIS-Jerry/ws_sensor_combined/install/lidar_slam/share/lidar_slam/cmake/rosidl_cmake-extras.cmake
-- Installing: /home/robmoemac/M-LADIS-Jerry/ws_sensor_combined/install/lidar_slam/share/lidar_slam/cmake/ament_cmake_export_dependencies-extras.cmake
-- Installing: /home/robmoemac/M-LADIS-Jerry/ws_sensor_combined/install/lidar_slam/share/lidar_slam/cmake/ament_cmake_export_include_directories-extras.cmake
-- Installing: /home/robmoemac/M-LADIS-Jerry/ws_sensor_combined/install/lidar_slam/share/lidar_slam/cmake/ament_cmake_export_libraries-extras.cmake
-- Installing: /home/robmoemac/M-LADIS-Jerry/ws_sensor_combined/install/lidar_slam/share/lidar_slam/cmake/ament_cmake_export_targets-extras.cmake
-- Installing: /home/robmoemac/M-LADIS-Jerry/ws_sensor_combined/install/lidar_slam/share/lidar_slam/cmake/rosidl_cmake_export_typesupport_targets-extras.cmake
-- Installing: /home/robmoemac/M-LADIS-Jerry/ws_sensor_combined/install/lidar_slam/share/lidar_slam/cmake/rosidl_cmake_export_typesupport_libraries-extras.cmake
-- Installing: /home/robmoemac/M-LADIS-Jerry/ws_sensor_combined/install/lidar_slam/share/lidar_slam/cmake/lidar_slamConfig.cmake
-- Installing: /home/robmoemac/M-LADIS-Jerry/ws_sensor_combined/install/lidar_slam/share/lidar_slam/cmake/lidar_slamConfig-version.cmake
-- Installing: /home/robmoemac/M-LADIS-Jerry/ws_sensor_combined/install/lidar_slam/share/lidar_slam/package.xml
-- Installing: /home/robmoemac/M-LADIS-Jerry/ws_sensor_combined/install/lidar_slam/lib/cmake/LidarSlam/LidarSlamLib-targets.cmake
-- Installing: /home/robmoemac/M-LADIS-Jerry/ws_sensor_combined/install/lidar_slam/lib/cmake/LidarSlam/LidarSlamLib-targets-release.cmake
-- Installing: /home/robmoemac/M-LADIS-Jerry/ws_sensor_combined/install/lidar_slam/lib/cmake/LidarSlam/LidarSlamConfig.cmake
-- Installing: /home/robmoemac/M-LADIS-Jerry/ws_sensor_combined/install/lidar_slam/lib/cmake/LidarSlam/LidarSlamConfigVersion.cmake
-- Installing: /home/robmoemac/M-LADIS-Jerry/ws_sensor_combined/install/lidar_slam/lib/libLidarSlam.a
-- Installing: /home/robmoemac/M-LADIS-Jerry/ws_sensor_combined/install/lidar_slam/include/LidarSlam/CeresCostFunctions.h
-- Installing: /home/robmoemac/M-LADIS-Jerry/ws_sensor_combined/install/lidar_slam/include/LidarSlam/ConfidenceEstimators.h
-- Installing: /home/robmoemac/M-LADIS-Jerry/ws_sensor_combined/install/lidar_slam/include/LidarSlam/DenseSpinningSensorKeypointExtractor.h
-- Installing: /home/robmoemac/M-LADIS-Jerry/ws_sensor_combined/install/lidar_slam/include/LidarSlam/Enums.h
-- Installing: /home/robmoemac/M-LADIS-Jerry/ws_sensor_combined/install/lidar_slam/include/LidarSlam/ExternalSensorManagers.h
-- Installing: /home/robmoemac/M-LADIS-Jerry/ws_sensor_combined/install/lidar_slam/include/LidarSlam/InterpolationModels.h
-- Installing: /home/robmoemac/M-LADIS-Jerry/ws_sensor_combined/install/lidar_slam/include/LidarSlam/KDTreePCLAdaptor.h
-- Installing: /home/robmoemac/M-LADIS-Jerry/ws_sensor_combined/install/lidar_slam/include/LidarSlam/KeypointExtractor.h
-- Installing: /home/robmoemac/M-LADIS-Jerry/ws_sensor_combined/install/lidar_slam/include/LidarSlam/KeypointsMatcher.h
-- Installing: /home/robmoemac/M-LADIS-Jerry/ws_sensor_combined/install/lidar_slam/include/LidarSlam/LidarPoint.h
-- Installing: /home/robmoemac/M-LADIS-Jerry/ws_sensor_combined/install/lidar_slam/include/LidarSlam/LocalOptimizer.h
-- Installing: /home/robmoemac/M-LADIS-Jerry/ws_sensor_combined/install/lidar_slam/include/LidarSlam/PointCloudStorage.h
-- Installing: /home/robmoemac/M-LADIS-Jerry/ws_sensor_combined/install/lidar_slam/include/LidarSlam/PoseGraphOptimizer.h
-- Installing: /home/robmoemac/M-LADIS-Jerry/ws_sensor_combined/install/lidar_slam/include/LidarSlam/RollingGrid.h
-- Installing: /home/robmoemac/M-LADIS-Jerry/ws_sensor_combined/install/lidar_slam/include/LidarSlam/Slam.h
-- Installing: /home/robmoemac/M-LADIS-Jerry/ws_sensor_combined/install/lidar_slam/include/LidarSlam/SpinningSensorKeypointExtractor.h
-- Installing: /home/robmoemac/M-LADIS-Jerry/ws_sensor_combined/install/lidar_slam/include/LidarSlam/State.h
-- Installing: /home/robmoemac/M-LADIS-Jerry/ws_sensor_combined/install/lidar_slam/include/LidarSlam/Utilities.h
-- Installing: /home/robmoemac/M-LADIS-Jerry/ws_sensor_combined/install/lidar_slam/include/LidarSlam/VoxelGrid.h
