[0.089s] Invoking command in '/home/robmoemac/M-LADIS-Jerry/ws_sensor_combined/build/velodyne_pcl': /usr/bin/cmake /home/robmoemac/M-LADIS-Jerry/ws_sensor_combined/src/velodyne/velodyne_pcl -DCATKIN_INSTALL_INTO_PREFIX_ROOT=0 -DCMAKE_INSTALL_PREFIX=/home/robmoemac/M-LADIS-Jerry/ws_sensor_combined/install/velodyne_pcl
[0.120s] [31mCMake Error at CMakeLists.txt:4 (find_package):
[0.120s]   By not providing "Findcatkin.cmake" in CMAKE_MODULE_PATH this project has
[0.121s]   asked CMake to find a package configuration file provided by "catkin", but
[0.121s]   CMake did not find one.
[0.121s] 
[0.121s]   Could not find a package configuration file provided by "catkin" with any
[0.121s]   of the following names:
[0.121s] 
[0.121s]     catkinConfig.cmake
[0.121s]     catkin-config.cmake
[0.121s] 
[0.121s]   Add the installation prefix of "catkin" to CMAKE_PREFIX_PATH or set
[0.122s]   "catkin_DIR" to a directory containing one of the above files.  If "catkin"
[0.122s]   provides a separate development package or SDK, be sure it has been
[0.122s]   installed.
[0.122s] 
[0.122s] -- Configuring incomplete, errors occurred!
[0.122s] See also "/home/robmoemac/M-LADIS-Jerry/ws_sensor_combined/build/velodyne_pcl/CMakeFiles/CMakeOutput.log".
[0.122s] [0m
