[0.094s] Invoking command in '/home/dserbin/Documents/M-LADIS-sim/PX4 Aux/ws_sensor_combined/build/ros_gz_sim': CMAKE_PREFIX_PATH=/opt/ros/humble /usr/bin/cmake /home/dserbin/Documents/M-LADIS-sim/PX4 Aux/ws_sensor_combined/src/ros_gz/ros_gz_sim -DCMAKE_INSTALL_PREFIX=/home/dserbin/Documents/M-LADIS-sim/PX4 Aux/ws_sensor_combined/install/ros_gz_sim
[0.231s] -- The C compiler identification is GNU 11.4.0
[0.327s] -- The CXX compiler identification is GNU 11.4.0
[0.337s] -- Detecting C compiler ABI info
[0.402s] -- Detecting C compiler ABI info - done
[0.407s] -- Check for working C compiler: /usr/bin/cc - skipped
[0.407s] -- Detecting C compile features
[0.408s] -- Detecting C compile features - done
[0.411s] -- Detecting CXX compiler ABI info
[0.479s] -- Detecting CXX compiler ABI info - done
[0.485s] -- Check for working CXX compiler: /usr/bin/c++ - skipped
[0.486s] -- Detecting CXX compile features
[0.486s] -- Detecting CXX compile features - done
[0.489s] -- Found ament_cmake: 1.3.8 (/opt/ros/humble/share/ament_cmake/cmake)
[0.776s] -- Found Python3: /usr/bin/python3 (found version "3.10.12") found components: Interpreter 
[0.864s] -- Found rclcpp: 16.0.8 (/opt/ros/humble/share/rclcpp/cmake)
[0.903s] -- Found rosidl_generator_c: 3.1.5 (/opt/ros/humble/share/rosidl_generator_c/cmake)
[0.908s] -- Found rosidl_adapter: 3.1.5 (/opt/ros/humble/share/rosidl_adapter/cmake)
[0.918s] -- Found rosidl_generator_cpp: 3.1.5 (/opt/ros/humble/share/rosidl_generator_cpp/cmake)
[0.934s] -- Using all available rosidl_typesupport_c: rosidl_typesupport_fastrtps_c;rosidl_typesupport_introspection_c
[0.955s] -- Using all available rosidl_typesupport_cpp: rosidl_typesupport_fastrtps_cpp;rosidl_typesupport_introspection_cpp
[1.025s] -- Found rmw_implementation_cmake: 6.1.1 (/opt/ros/humble/share/rmw_implementation_cmake/cmake)
[1.029s] -- Found rmw_fastrtps_cpp: 6.2.6 (/opt/ros/humble/share/rmw_fastrtps_cpp/cmake)
[1.142s] -- Found OpenSSL: /usr/lib/x86_64-linux-gnu/libcrypto.so (found version "3.0.2")  
[1.175s] -- Found FastRTPS: /opt/ros/humble/include  
[1.232s] -- Using RMW implementation 'rmw_fastrtps_cpp' as default
[1.245s] -- Looking for pthread.h
[1.331s] -- Looking for pthread.h - found
[1.331s] -- Performing Test CMAKE_HAVE_LIBC_PTHREAD
[1.404s] -- Performing Test CMAKE_HAVE_LIBC_PTHREAD - Success
[1.405s] -- Found Threads: TRUE  
[1.553s] -- Looking for ignition-math6 -- found version 6.15.1
[1.562s] -- Searching for dependencies of ignition-math6
[1.566s] -- Looking for ignition-transport11 -- found version 11.4.1
[1.567s] -- Searching for dependencies of ignition-transport11
[1.601s] -- Found Protobuf: /usr/lib/x86_64-linux-gnu/libprotobuf.so (found version "3.12.4") 
[1.615s] -- Config-file not installed for ZeroMQ -- checking for pkg-config
[1.620s] -- Checking for module 'libzmq >= 4'
[1.637s] --   Found libzmq , version 4.3.4
[1.681s] -- Found ZeroMQ: TRUE (Required is at least version "4") 
[1.688s] -- Checking for module 'uuid'
[1.702s] --   Found uuid, version 2.37.2
[1.742s] -- Found UUID: TRUE  
[1.744s] -- Looking for ignition-utils1 -- found version 1.5.1
[1.745s] -- Searching for dependencies of ignition-utils1
[1.746s] -- Searching for <ignition-utils1> component [cli]
[1.748s] -- Looking for ignition-utils1-cli -- found version 1.5.1
[1.749s] -- Searching for dependencies of ignition-utils1-cli
[1.752s] -- Looking for ignition-msgs8 -- found version 8.7.0
[1.753s] -- Searching for dependencies of ignition-msgs8
[1.774s] -- Found Protobuf: /usr/lib/x86_64-linux-gnu/libprotobuf.so (found suitable version "3.12.4", minimum required is "3") 
[1.774s] -- Looking for ignition-math6 -- found version 6.15.1
[1.780s] -- Checking for module 'tinyxml2'
[1.795s] --   Found tinyxml2, version 9.0.0
[1.836s] -- Looking for ignition-msgs8 -- found version 8.7.0
[1.848s] -- Looking for ignition-gazebo6 -- found version 6.16.0
[1.848s] -- Searching for dependencies of ignition-gazebo6
[1.851s] -- Looking for sdformat12 -- found version 12.7.2
[1.851s] -- Searching for dependencies of sdformat12
[1.859s] -- Looking for ignition-math6 -- found version 6.15.1
[1.859s] -- Looking for ignition-utils1 -- found version 1.5.1
[1.864s] -- Looking for ignition-plugin1 -- found version 1.4.0
[1.864s] -- Searching for dependencies of ignition-plugin1
[1.865s] -- Searching for <ignition-plugin1> component [loader]
[1.867s] -- Looking for ignition-plugin1-loader -- found version 1.4.0
[1.868s] -- Searching for dependencies of ignition-plugin1-loader
[1.869s] -- Searching for <ignition-plugin1> component [register]
[1.871s] -- Looking for ignition-plugin1-register -- found version 1.4.0
[1.872s] -- Searching for dependencies of ignition-plugin1-register
[1.872s] -- Looking for ignition-transport11 -- found version 11.4.1
[1.873s] -- Searching for dependencies of ignition-transport11
[1.894s] -- Found Protobuf: /usr/lib/x86_64-linux-gnu/libprotobuf.so (found version "3.12.4") 
[1.908s] -- Config-file not installed for ZeroMQ -- checking for pkg-config
[1.913s] -- Checking for module 'libzmq >= 4'
[1.928s] --   Found libzmq , version 4.3.4
[1.981s] -- Looking for ignition-utils1 -- found version 1.5.1
[1.981s] -- Looking for ignition-msgs8 -- found version 8.7.0
[1.981s] -- Searching for <ignition-transport11> component [log]
[1.984s] -- Looking for ignition-transport11-log -- found version 11.4.1
[1.985s] -- Searching for dependencies of ignition-transport11-log
[1.986s] -- Searching for <ignition-transport11> component [parameters]
[1.988s] -- Looking for ignition-transport11-parameters -- found version 11.4.1
[1.989s] -- Searching for dependencies of ignition-transport11-parameters
[1.990s] -- Looking for ignition-msgs8 -- found version 8.7.0
[1.993s] -- Looking for ignition-common4 -- found version 4.7.0
[1.993s] -- Searching for dependencies of ignition-common4
[1.994s] -- Looking for dlfcn.h - found
[1.995s] -- Looking for libdl - found
[1.996s] -- Found DL: TRUE  
[2.005s] -- Searching for <ignition-common4> component [profiler]
[2.007s] -- Looking for ignition-common4-profiler -- found version 4.7.0
[2.008s] -- Searching for dependencies of ignition-common4-profiler
[2.008s] -- Searching for <ignition-common4> component [events]
[2.011s] -- Looking for ignition-common4-events -- found version 4.7.0
[2.012s] -- Searching for dependencies of ignition-common4-events
[2.012s] -- Looking for ignition-math6 -- found version 6.15.1
[2.013s] -- Searching for <ignition-common4> component [av]
[2.015s] -- Looking for ignition-common4-av -- found version 4.7.0
[2.016s] -- Searching for dependencies of ignition-common4-av
[2.021s] -- Checking for module 'libswscale'
[2.037s] --   Found libswscale, version 5.9.100
[2.078s] -- Found SWSCALE: TRUE  
[2.084s] -- Checking for module 'libavdevice >= 56.4.100'
[2.100s] --   Found libavdevice , version 58.13.100
[2.145s] -- Found AVDEVICE: TRUE (Required is at least version "56.4.100") 
[2.150s] -- Checking for module 'libavformat'
[2.165s] --   Found libavformat, version 58.76.100
[2.210s] -- Found AVFORMAT: TRUE  
[2.215s] -- Checking for module 'libavcodec'
[2.230s] --   Found libavcodec, version 58.134.100
[2.269s] -- Found AVCODEC: TRUE  
[2.274s] -- Checking for module 'libavutil'
[2.289s] --   Found libavutil, version 56.70.100
[2.329s] -- Found AVUTIL: TRUE  
[2.333s] -- Looking for ignition-fuel_tools7 -- found version 7.3.0
[2.334s] -- Searching for dependencies of ignition-fuel_tools7
[2.436s] -- Found CURL: /usr/lib/x86_64-linux-gnu/libcurl.so (found version "7.81.0")  
[2.451s] -- Checking for module 'jsoncpp'
[2.470s] --   Found jsoncpp, version 1.9.5
[2.514s] -- Found JSONCPP: TRUE  
[2.521s] -- Checking for module 'libzip'
[2.538s] --   Found libzip, version 1.7.3
[2.583s] -- Found ZIP: TRUE  
[2.583s] -- Looking for ignition-common4 -- found version 4.7.0
[2.584s] -- Looking for ignition-math6 -- found version 6.15.1
[2.584s] -- Looking for ignition-msgs8 -- found version 8.7.0
[2.589s] -- Looking for ignition-gui6 -- found version 6.8.0
[2.589s] -- Searching for dependencies of ignition-gui6
[2.614s] -- Found Protobuf: /usr/lib/x86_64-linux-gnu/libprotobuf.so (found suitable version "3.12.4", minimum required is "3") 
[2.623s] -- Looking for ignition-math6 -- found version 6.15.1
[2.623s] -- Looking for ignition-common4 -- found version 4.7.0
[2.624s] -- Looking for ignition-plugin1 -- found version 1.4.0
[2.624s] -- Looking for ignition-transport11 -- found version 11.4.1
[2.628s] -- Looking for ignition-rendering6 -- found version 6.6.3
[2.629s] -- Searching for dependencies of ignition-rendering6
[2.629s] -- Looking for ignition-math6 -- found version 6.15.1
[2.630s] -- Searching for dependencies of ignition-math6
[2.630s] -- Searching for <ignition-math6> component [eigen3]
[2.633s] -- Looking for ignition-math6-eigen3 -- found version 6.15.1
[2.633s] -- Searching for dependencies of ignition-math6-eigen3
[2.644s] -- Looking for ignition-common4 -- found version 4.7.0
[2.645s] -- Searching for dependencies of ignition-common4
[2.645s] -- Looking for dlfcn.h - found
[2.645s] -- Looking for libdl - found
[2.655s] -- Searching for <ignition-common4> component [graphics]
[2.658s] -- Looking for ignition-common4-graphics -- found version 4.7.0
[2.658s] -- Searching for dependencies of ignition-common4-graphics
[2.659s] -- Looking for ignition-math6 -- found version 6.15.1
[2.659s] -- Looking for ignition-utils1 -- found version 1.5.1
[2.660s] -- Searching for <ignition-common4> component [events]
[2.661s] -- Looking for ignition-plugin1 -- found version 1.4.0
[2.661s] -- Searching for dependencies of ignition-plugin1
[2.662s] -- Searching for <ignition-plugin1> component [all]
[2.664s] -- Looking for all libraries of ignition-plugin1 -- found version 1.4.0
[2.665s] -- Looking for ignition-plugin1 -- found version 1.4.0
[2.667s] -- Looking for ignition-msgs8 -- found version 8.7.0
[2.713s] -- Looking for ignition-physics5 -- found version 5.3.2
[2.713s] -- Searching for dependencies of ignition-physics5
[2.713s] -- Looking for ignition-math6 -- found version 6.15.1
[2.714s] -- Looking for ignition-plugin1 -- found version 1.4.0
[2.714s] -- Looking for ignition-utils1 -- found version 1.5.1
[2.716s] -- Searching for <ignition-physics5> component [heightmap]
[2.718s] -- Looking for ignition-physics5-heightmap -- found version 5.3.2
[2.719s] -- Searching for dependencies of ignition-physics5-heightmap
[2.719s] -- Looking for ignition-common4 -- found version 4.7.0
[2.720s] -- Searching for <ignition-physics5> component [mesh]
[2.722s] -- Looking for ignition-physics5-mesh -- found version 5.3.2
[2.723s] -- Searching for dependencies of ignition-physics5-mesh
[2.723s] -- Looking for ignition-common4 -- found version 4.7.0
[2.724s] -- Searching for <ignition-physics5> component [sdf]
[2.727s] -- Looking for ignition-physics5-sdf -- found version 5.3.2
[2.727s] -- Searching for dependencies of ignition-physics5-sdf
[2.727s] -- Looking for sdformat12 -- found version 12.7.2
[2.734s] -- Looking for ignition-sensors6 -- found version 6.8.0
[2.734s] -- Searching for dependencies of ignition-sensors6
[2.757s] -- Found Protobuf: /usr/lib/x86_64-linux-gnu/libprotobuf.so (found version "3.12.4") 
[2.758s] -- Looking for ignition-math6 -- found version 6.15.1
[2.759s] -- Looking for ignition-common4 -- found version 4.7.0
[2.759s] -- Looking for ignition-transport11 -- found version 11.4.1
[2.760s] -- Looking for ignition-rendering6 -- found version 6.6.3
[2.760s] -- Looking for ignition-msgs8 -- found version 8.7.0
[2.760s] -- Looking for sdformat12 -- found version 12.7.2
[2.761s] -- Searching for <ignition-sensors6> component [air_pressure]
[2.764s] -- Looking for ignition-sensors6-air_pressure -- found version 6.8.0
[2.765s] -- Searching for dependencies of ignition-sensors6-air_pressure
[2.766s] -- Searching for <ignition-sensors6> component [altimeter]
[2.768s] -- Looking for ignition-sensors6-altimeter -- found version 6.8.0
[2.769s] -- Searching for dependencies of ignition-sensors6-altimeter
[2.770s] -- Searching for <ignition-sensors6> component [imu]
[2.773s] -- Looking for ignition-sensors6-imu -- found version 6.8.0
[2.773s] -- Searching for dependencies of ignition-sensors6-imu
[2.774s] -- Searching for <ignition-sensors6> component [force_torque]
[2.777s] -- Looking for ignition-sensors6-force_torque -- found version 6.8.0
[2.777s] -- Searching for dependencies of ignition-sensors6-force_torque
[2.778s] -- Searching for <ignition-sensors6> component [logical_camera]
[2.781s] -- Looking for ignition-sensors6-logical_camera -- found version 6.8.0
[2.781s] -- Searching for dependencies of ignition-sensors6-logical_camera
[2.782s] -- Searching for <ignition-sensors6> component [magnetometer]
[2.785s] -- Looking for ignition-sensors6-magnetometer -- found version 6.8.0
[2.785s] -- Searching for dependencies of ignition-sensors6-magnetometer
[2.786s] -- Searching for <ignition-sensors6> component [navsat]
[2.789s] -- Looking for ignition-sensors6-navsat -- found version 6.8.0
[2.789s] -- Searching for dependencies of ignition-sensors6-navsat
[2.790s] -- Searching for <ignition-sensors6> component [rendering]
[2.793s] -- Looking for ignition-sensors6-rendering -- found version 6.8.0
[2.793s] -- Searching for dependencies of ignition-sensors6-rendering
[2.794s] -- Searching for <ignition-sensors6> component [lidar]
[2.797s] -- Looking for ignition-sensors6-lidar -- found version 6.8.0
[2.797s] -- Searching for dependencies of ignition-sensors6-lidar
[2.798s] -- Looking for ignition-sensors6 -- found version 6.8.0
[2.798s] -- Searching for <ignition-sensors6> component [gpu_lidar]
[2.801s] -- Looking for ignition-sensors6-gpu_lidar -- found version 6.8.0
[2.802s] -- Searching for dependencies of ignition-sensors6-gpu_lidar
[2.802s] -- Looking for ignition-sensors6 -- found version 6.8.0
[2.803s] -- Searching for <ignition-sensors6> component [camera]
[2.806s] -- Looking for ignition-sensors6-camera -- found version 6.8.0
[2.806s] -- Searching for dependencies of ignition-sensors6-camera
[2.806s] -- Looking for ignition-sensors6 -- found version 6.8.0
[2.807s] -- Searching for <ignition-sensors6> component [boundingbox_camera]
[2.810s] -- Looking for ignition-sensors6-boundingbox_camera -- found version 6.8.0
[2.811s] -- Searching for dependencies of ignition-sensors6-boundingbox_camera
[2.812s] -- Searching for <ignition-sensors6> component [segmentation_camera]
[2.814s] -- Looking for ignition-sensors6-segmentation_camera -- found version 6.8.0
[2.815s] -- Searching for dependencies of ignition-sensors6-segmentation_camera
[2.816s] -- Searching for <ignition-sensors6> component [depth_camera]
[2.818s] -- Looking for ignition-sensors6-depth_camera -- found version 6.8.0
[2.819s] -- Searching for dependencies of ignition-sensors6-depth_camera
[2.819s] -- Looking for ignition-sensors6 -- found version 6.8.0
[2.820s] -- Searching for <ignition-sensors6> component [rgbd_camera]
[2.823s] -- Looking for ignition-sensors6-rgbd_camera -- found version 6.8.0
[2.823s] -- Searching for dependencies of ignition-sensors6-rgbd_camera
[2.824s] -- Looking for ignition-sensors6 -- found version 6.8.0
[2.825s] -- Searching for <ignition-sensors6> component [thermal_camera]
[2.827s] -- Looking for ignition-sensors6-thermal_camera -- found version 6.8.0
[2.828s] -- Searching for dependencies of ignition-sensors6-thermal_camera
[2.828s] -- Looking for ignition-sensors6 -- found version 6.8.0
[2.830s] -- Looking for ignition-rendering6 -- found version 6.6.3
[2.830s] -- Looking for ignition-math6 -- found version 6.15.1
[2.833s] -- Looking for ignition-utils1 -- found version 1.5.1
[2.858s] -- Compiling against Gazebo Fortress
[2.862s] -- Looking for gflags - found
[2.862s] 
[2.867s] -- Found ament_lint_auto: 0.12.10 (/opt/ros/humble/share/ament_lint_auto/cmake)
[2.959s] -- Found ament_cmake_gtest: 1.3.8 (/opt/ros/humble/share/ament_cmake_gtest/cmake)
[2.962s] -- Found gtest sources under '/opt/ros/humble/src/gtest_vendor': C++ tests using 'Google Test' will be built
[2.972s] -- Added test 'copyright' to check source files copyright and LICENSE
[2.974s] -- Added test 'cppcheck' to perform static code analysis on C / C++ code
[2.974s] -- Configured cppcheck include dirs: $<BUILD_INTERFACE:/home/dserbin/Documents/M-LADIS-sim/PX4 Aux/ws_sensor_combined/src/ros_gz/ros_gz_sim/include>
[2.974s] -- Configured cppcheck exclude dirs and/or files: 
[2.975s] -- Added test 'cpplint' to check C / C++ code against the Google style
[2.976s] -- Configured cpplint exclude dirs and/or files: 
[2.977s] -- Added test 'lint_cmake' to check CMake code style
[2.979s] -- Added test 'uncrustify' to check C / C++ code style
[2.979s] -- Configured uncrustify additional arguments: 
[2.979s] -- Added test 'xmllint' to check XML markup files
[2.981s] -- Configuring done
[3.002s] -- Generating done
[3.005s] -- Build files have been written to: /home/dserbin/Documents/M-LADIS-sim/PX4 Aux/ws_sensor_combined/build/ros_gz_sim
[3.021s] Invoked command in '/home/dserbin/Documents/M-LADIS-sim/PX4 Aux/ws_sensor_combined/build/ros_gz_sim' returned '0': CMAKE_PREFIX_PATH=/opt/ros/humble /usr/bin/cmake /home/dserbin/Documents/M-LADIS-sim/PX4 Aux/ws_sensor_combined/src/ros_gz/ros_gz_sim -DCMAKE_INSTALL_PREFIX=/home/dserbin/Documents/M-LADIS-sim/PX4 Aux/ws_sensor_combined/install/ros_gz_sim
[3.024s] Invoking command in '/home/dserbin/Documents/M-LADIS-sim/PX4 Aux/ws_sensor_combined/build/ros_gz_sim': CMAKE_PREFIX_PATH=/opt/ros/humble /usr/bin/cmake --build /home/dserbin/Documents/M-LADIS-sim/PX4 Aux/ws_sensor_combined/build/ros_gz_sim -- -j16 -l16
[3.082s] [ 30%] [32mBuilding CXX object CMakeFiles/create.dir/src/create.cpp.o[0m
[3.082s] [ 30%] [32mBuilding CXX object gtest/CMakeFiles/gtest_main.dir/src/gtest_main.cc.o[0m
[3.082s] [ 30%] [32mBuilding CXX object gtest/CMakeFiles/gtest.dir/src/gtest-all.cc.o[0m
[3.082s] [ 40%] [32mBuilding CXX object CMakeFiles/ros_gz_sim.dir/src/Stopwatch.cpp.o[0m
[3.783s] [ 50%] [32m[1mLinking CXX static library libgtest_main.a[0m
[3.824s] [ 50%] Built target gtest_main
[3.907s] [ 60%] [32m[1mLinking CXX shared library libros_gz_sim.so[0m
[4.031s] [ 60%] Built target ros_gz_sim
[6.317s] [ 70%] [32m[1mLinking CXX static library libgtest.a[0m
[6.396s] [ 70%] Built target gtest
[6.421s] [ 80%] [32mBuilding CXX object CMakeFiles/test_stopwatch.dir/test/test_stopwatch.cpp.o[0m
[14.671s] [ 90%] [32m[1mLinking CXX executable test_stopwatch[0m
[14.923s] [ 90%] Built target test_stopwatch
[19.594s] [100%] [32m[1mLinking CXX executable create[0m
[20.104s] [100%] Built target create
[20.120s] Invoked command in '/home/dserbin/Documents/M-LADIS-sim/PX4 Aux/ws_sensor_combined/build/ros_gz_sim' returned '0': CMAKE_PREFIX_PATH=/opt/ros/humble /usr/bin/cmake --build /home/dserbin/Documents/M-LADIS-sim/PX4 Aux/ws_sensor_combined/build/ros_gz_sim -- -j16 -l16
[20.163s] Invoking command in '/home/dserbin/Documents/M-LADIS-sim/PX4 Aux/ws_sensor_combined/build/ros_gz_sim': CMAKE_PREFIX_PATH=/opt/ros/humble /usr/bin/cmake --install /home/dserbin/Documents/M-LADIS-sim/PX4 Aux/ws_sensor_combined/build/ros_gz_sim
[20.172s] -- Install configuration: ""
[20.172s] -- Installing: /home/dserbin/Documents/M-LADIS-sim/PX4 Aux/ws_sensor_combined/install/ros_gz_sim/include/ros_gz_sim
[20.172s] -- Installing: /home/dserbin/Documents/M-LADIS-sim/PX4 Aux/ws_sensor_combined/install/ros_gz_sim/include/ros_gz_sim/Stopwatch.hpp
[20.173s] -- Installing: /home/dserbin/Documents/M-LADIS-sim/PX4 Aux/ws_sensor_combined/install/ros_gz_sim/share/ros_gz_sim/launch/gz_sim.launch.py
[20.173s] -- Installing: /home/dserbin/Documents/M-LADIS-sim/PX4 Aux/ws_sensor_combined/install/ros_gz_sim/lib/ros_gz_sim/create
[20.180s] -- Set runtime path of "/home/dserbin/Documents/M-LADIS-sim/PX4 Aux/ws_sensor_combined/install/ros_gz_sim/lib/ros_gz_sim/create" to ""
[20.180s] -- Installing: /home/dserbin/Documents/M-LADIS-sim/PX4 Aux/ws_sensor_combined/install/ros_gz_sim/lib/libros_gz_sim.so
[20.180s] -- Set runtime path of "/home/dserbin/Documents/M-LADIS-sim/PX4 Aux/ws_sensor_combined/install/ros_gz_sim/lib/libros_gz_sim.so" to ""
[20.180s] -- Installing: /home/dserbin/Documents/M-LADIS-sim/PX4 Aux/ws_sensor_combined/install/ros_gz_sim/lib/ros_gz_sim/test_stopwatch
[20.184s] -- Set runtime path of "/home/dserbin/Documents/M-LADIS-sim/PX4 Aux/ws_sensor_combined/install/ros_gz_sim/lib/ros_gz_sim/test_stopwatch" to ""
[20.184s] -- Installing: /home/dserbin/Documents/M-LADIS-sim/PX4 Aux/ws_sensor_combined/install/ros_gz_sim/share/ament_index/resource_index/package_run_dependencies/ros_gz_sim
[20.184s] -- Installing: /home/dserbin/Documents/M-LADIS-sim/PX4 Aux/ws_sensor_combined/install/ros_gz_sim/share/ament_index/resource_index/parent_prefix_path/ros_gz_sim
[20.185s] -- Installing: /home/dserbin/Documents/M-LADIS-sim/PX4 Aux/ws_sensor_combined/install/ros_gz_sim/share/ros_gz_sim/environment/ament_prefix_path.sh
[20.185s] -- Installing: /home/dserbin/Documents/M-LADIS-sim/PX4 Aux/ws_sensor_combined/install/ros_gz_sim/share/ros_gz_sim/environment/ament_prefix_path.dsv
[20.185s] -- Installing: /home/dserbin/Documents/M-LADIS-sim/PX4 Aux/ws_sensor_combined/install/ros_gz_sim/share/ros_gz_sim/environment/path.sh
[20.185s] -- Installing: /home/dserbin/Documents/M-LADIS-sim/PX4 Aux/ws_sensor_combined/install/ros_gz_sim/share/ros_gz_sim/environment/path.dsv
[20.185s] -- Installing: /home/dserbin/Documents/M-LADIS-sim/PX4 Aux/ws_sensor_combined/install/ros_gz_sim/share/ros_gz_sim/local_setup.bash
[20.186s] -- Installing: /home/dserbin/Documents/M-LADIS-sim/PX4 Aux/ws_sensor_combined/install/ros_gz_sim/share/ros_gz_sim/local_setup.sh
[20.186s] -- Installing: /home/dserbin/Documents/M-LADIS-sim/PX4 Aux/ws_sensor_combined/install/ros_gz_sim/share/ros_gz_sim/local_setup.zsh
[20.186s] -- Installing: /home/dserbin/Documents/M-LADIS-sim/PX4 Aux/ws_sensor_combined/install/ros_gz_sim/share/ros_gz_sim/local_setup.dsv
[20.186s] -- Installing: /home/dserbin/Documents/M-LADIS-sim/PX4 Aux/ws_sensor_combined/install/ros_gz_sim/share/ros_gz_sim/package.dsv
[20.187s] -- Installing: /home/dserbin/Documents/M-LADIS-sim/PX4 Aux/ws_sensor_combined/install/ros_gz_sim/share/ament_index/resource_index/packages/ros_gz_sim
[20.187s] -- Installing: /home/dserbin/Documents/M-LADIS-sim/PX4 Aux/ws_sensor_combined/install/ros_gz_sim/share/ros_gz_sim/cmake/ros_gz_simExport.cmake
[20.187s] -- Installing: /home/dserbin/Documents/M-LADIS-sim/PX4 Aux/ws_sensor_combined/install/ros_gz_sim/share/ros_gz_sim/cmake/ros_gz_simExport-noconfig.cmake
[20.187s] -- Installing: /home/dserbin/Documents/M-LADIS-sim/PX4 Aux/ws_sensor_combined/install/ros_gz_sim/share/ros_gz_sim/cmake/ament_cmake_export_targets-extras.cmake
[20.188s] -- Installing: /home/dserbin/Documents/M-LADIS-sim/PX4 Aux/ws_sensor_combined/install/ros_gz_sim/share/ros_gz_sim/cmake/ament_cmake_export_dependencies-extras.cmake
[20.188s] -- Installing: /home/dserbin/Documents/M-LADIS-sim/PX4 Aux/ws_sensor_combined/install/ros_gz_sim/share/ros_gz_sim/cmake/ros_gz_simConfig.cmake
[20.188s] -- Installing: /home/dserbin/Documents/M-LADIS-sim/PX4 Aux/ws_sensor_combined/install/ros_gz_sim/share/ros_gz_sim/cmake/ros_gz_simConfig-version.cmake
[20.188s] -- Installing: /home/dserbin/Documents/M-LADIS-sim/PX4 Aux/ws_sensor_combined/install/ros_gz_sim/share/ros_gz_sim/package.xml
[20.191s] Invoked command in '/home/dserbin/Documents/M-LADIS-sim/PX4 Aux/ws_sensor_combined/build/ros_gz_sim' returned '0': CMAKE_PREFIX_PATH=/opt/ros/humble /usr/bin/cmake --install /home/dserbin/Documents/M-LADIS-sim/PX4 Aux/ws_sensor_combined/build/ros_gz_sim
