[  7%] [32mBuilding CXX object CMakeFiles/frame_transforms.dir/src/lib/frame_transforms.cpp.o[0m
[ 14%] [32mBuilding CXX object CMakeFiles/lidar_clustering.dir/src/computer_viz/lidar_clustering.cpp.o[0m
[ 28%] Built target sensor_combined_listener
[ 42%] Built target offboard_control
[ 71%] Built target vehicle_gps_position_listener
[ 71%] Built target debug_vect_advertiser
[ 85%] Built target test_flight_control
In file included from [01m[K/home/robmoemac/M-LADIS-sim/PX4 Aux/ws_sensor_combined/src/px4_ros_com/src/lib/frame_transforms.cpp:41[m[K:
[01m[K/home/robmoemac/M-LADIS-sim/PX4 Aux/ws_sensor_combined/src/px4_ros_com/include/px4_ros_com/frame_transforms.h:54:10:[m[K [01;31m[Kfatal error: [m[Ksensor_msgs/msg/imu.hpp: No such file or directory
   54 | #include [01;31m[K<sensor_msgs/msg/imu.hpp>[m[K
      |          [01;31m[K^~~~~~~~~~~~~~~~~~~~~~~~~[m[K
compilation terminated.
gmake[2]: *** [CMakeFiles/frame_transforms.dir/build.make:76: CMakeFiles/frame_transforms.dir/src/lib/frame_transforms.cpp.o] Error 1
gmake[1]: *** [CMakeFiles/Makefile2:149: CMakeFiles/frame_transforms.dir/all] Error 2
gmake[1]: *** Waiting for unfinished jobs....
[01m[K/home/robmoemac/M-LADIS-sim/PX4 Aux/ws_sensor_combined/src/px4_ros_com/src/computer_viz/lidar_clustering.cpp:40:34:[m[K [01;31m[Kerror: [m[K‘[01m[Ksensor_msgs[m[K’ does not name a type
   40 |     void listener_callback(const [01;31m[Ksensor_msgs[m[K::msg::PointCloud2::SharedPtr& msg)
      |                                  [01;31m[K^~~~~~~~~~~[m[K
[01m[K/home/robmoemac/M-LADIS-sim/PX4 Aux/ws_sensor_combined/src/px4_ros_com/src/computer_viz/lidar_clustering.cpp:40:50:[m[K [01;31m[Kerror: [m[Kexpected unqualified-id before ‘[01m[K::[m[K’ token
   40 |     void listener_callback(const sensor_msgs::msg[01;31m[K::[m[KPointCloud2::SharedPtr& msg)
      |                                                  [01;31m[K^~[m[K
[01m[K/home/robmoemac/M-LADIS-sim/PX4 Aux/ws_sensor_combined/src/px4_ros_com/src/computer_viz/lidar_clustering.cpp:40:50:[m[K [01;31m[Kerror: [m[Kexpected ‘[01m[K)[m[K’ before ‘[01m[K::[m[K’ token
   40 |     void listener_callback[34m[K([m[Kconst sensor_msgs::msg[01;31m[K:[m[K[32m[K:[m[KPointCloud2::SharedPtr& msg)
      |                           [34m[K~[m[K                      [01;31m[K^[m[K[32m[K~[m[K
      |                                                  [32m[K)[m[K
[01m[K/home/robmoemac/M-LADIS-sim/PX4 Aux/ws_sensor_combined/src/px4_ros_com/src/computer_viz/lidar_clustering.cpp:40:47:[m[K [01;31m[Kerror: [m[Kexpected ‘[01m[K;[m[K’ at end of member declaration
   40 |     void listener_callback(const sensor_msgs::[01;31m[Kmsg[m[K::PointCloud2::SharedPtr& msg)
      |                                               [01;31m[K^~~[m[K
      |                                                  [32m[K;[m[K
[01m[K/home/robmoemac/M-LADIS-sim/PX4 Aux/ws_sensor_combined/src/px4_ros_com/src/computer_viz/lidar_clustering.cpp:40:52:[m[K [01;31m[Kerror: [m[K‘[01m[KPointCloud2[m[K’ in namespace ‘[01m[K::[m[K’ does not name a type
   40 |     void listener_callback(const sensor_msgs::msg::[01;31m[KPointCloud2[m[K::SharedPtr& msg)
      |                                                    [01;31m[K^~~~~~~~~~~[m[K
[01m[K/home/robmoemac/M-LADIS-sim/PX4 Aux/ws_sensor_combined/src/px4_ros_com/src/computer_viz/lidar_clustering.cpp:89:2:[m[K [01;35m[Kwarning: [m[Kextra ‘[01m[K;[m[K’ [[01;35m[K]8;;https://gcc.gnu.org/onlinedocs/gcc/Warning-Options.html#index-Wpedantic-Wpedantic]8;;[m[K]
   89 | }[01;35m[K;[m[K
      |  [01;35m[K^[m[K
      |  [31m[K-[m[K
[01m[K/home/robmoemac/M-LADIS-sim/PX4 Aux/ws_sensor_combined/src/px4_ros_com/src/computer_viz/lidar_clustering.cpp:98:2:[m[K [01;31m[Kerror: [m[Kexpected ‘[01m[K}[m[K’ at end of input
   98 | }
      |  [01;31m[K^[m[K
[01m[K/home/robmoemac/M-LADIS-sim/PX4 Aux/ws_sensor_combined/src/px4_ros_com/src/computer_viz/lidar_clustering.cpp:31:1:[m[K [01;36m[Knote: [m[Kto match this ‘[01m[K{[m[K’
   31 | [01;36m[K{[m[K
      | [01;36m[K^[m[K
[01m[K/home/robmoemac/M-LADIS-sim/PX4 Aux/ws_sensor_combined/src/px4_ros_com/src/computer_viz/lidar_clustering.cpp:[m[K In constructor ‘[01m[KMinimalSubscriber::MinimalSubscriber()[m[K’:
[01m[K/home/robmoemac/M-LADIS-sim/PX4 Aux/ws_sensor_combined/src/px4_ros_com/src/computer_viz/lidar_clustering.cpp:35:5:[m[K [01;31m[Kerror: [m[K‘[01m[Ksubscription_[m[K’ was not declared in this scope; did you mean ‘[01m[Krmw_subscription_t[m[K’?
   35 |     [01;31m[Ksubscription_[m[K = this->create_subscription<std_msgs::msg::PointCloud2>(
      |     [01;31m[K^~~~~~~~~~~~~[m[K
      |     [32m[Krmw_subscription_t[m[K
[01m[K/home/robmoemac/M-LADIS-sim/PX4 Aux/ws_sensor_combined/src/px4_ros_com/src/computer_viz/lidar_clustering.cpp:35:62:[m[K [01;31m[Kerror: [m[K‘[01m[KPointCloud2[m[K’ is not a member of ‘[01m[Kstd_msgs::msg[m[K’
   35 |     subscription_ = this->create_subscription<std_msgs::msg::[01;31m[KPointCloud2[m[K>(
      |                                                              [01;31m[K^~~~~~~~~~~[m[K
[01m[K/home/robmoemac/M-LADIS-sim/PX4 Aux/ws_sensor_combined/src/px4_ros_com/src/computer_viz/lidar_clustering.cpp:36:49:[m[K [01;31m[Kerror: [m[K‘[01m[Ktopic_callback[m[K’ is not a member of ‘[01m[KMinimalSubscriber[m[K’
   36 |       "scan", 10, std::bind(&MinimalSubscriber::[01;31m[Ktopic_callback[m[K, this, _1));
      |                                                 [01;31m[K^~~~~~~~~~~~~~[m[K
[01m[K/home/robmoemac/M-LADIS-sim/PX4 Aux/ws_sensor_combined/src/px4_ros_com/src/computer_viz/lidar_clustering.cpp:36:71:[m[K [01;31m[Kerror: [m[K‘[01m[K_1[m[K’ was not declared in this scope; did you mean ‘[01m[Kstd::placeholders::_1[m[K’?
   36 |       "scan", 10, std::bind(&MinimalSubscriber::topic_callback, this, [01;31m[K_1[m[K));
      |                                                                       [01;31m[K^~[m[K
      |                                                                       [32m[Kstd::placeholders::_1[m[K
In file included from [01m[K/home/robmoemac/M-LADIS-sim/PX4 Aux/ws_sensor_combined/src/px4_ros_com/src/computer_viz/lidar_clustering.cpp:2[m[K:
[01m[K/usr/include/c++/11/functional:225:34:[m[K [01;36m[Knote: [m[K‘[01m[Kstd::placeholders::_1[m[K’ declared here
  225 |     extern const _Placeholder<1> [01;36m[K_1[m[K;
      |                                  [01;36m[K^~[m[K
[01m[K/home/robmoemac/M-LADIS-sim/PX4 Aux/ws_sensor_combined/src/px4_ros_com/src/computer_viz/lidar_clustering.cpp:[m[K At global scope:
[01m[K/home/robmoemac/M-LADIS-sim/PX4 Aux/ws_sensor_combined/src/px4_ros_com/src/computer_viz/lidar_clustering.cpp:98:2:[m[K [01;31m[Kerror: [m[Kexpected unqualified-id at end of input
   98 | }
      |  [01;31m[K^[m[K
gmake[2]: *** [CMakeFiles/lidar_clustering.dir/build.make:76: CMakeFiles/lidar_clustering.dir/src/computer_viz/lidar_clustering.cpp.o] Error 1
gmake[1]: *** [CMakeFiles/Makefile2:305: CMakeFiles/lidar_clustering.dir/all] Error 2
gmake: *** [Makefile:146: all] Error 2
