[35m[1mConsolidate compiler generated dependencies of target PointCloudProcessor[0m
[ 66%] Built target vehicle_gps_position_listener
[ 66%] Built target sensor_combined_listener
[ 66%] Built target offboard_control
[ 66%] Built target test_flight_control
[ 83%] Built target debug_vect_advertiser
[ 91%] [32mBuilding CXX object CMakeFiles/PointCloudProcessor.dir/src/PointCloudProcessor.cpp.o[0m
[01m[K/home/blake/M-LADIS-Jerry/ws_sensor_combined/src/px4_ros_com/src/PointCloudProcessor.cpp:[m[K In member function ‘[01m[Kvoid PointCloudProcessor::pointCloudCallback(sensor_msgs::msg::PointCloud2_<std::allocator<void> >::SharedPtr)[m[K’:
[01m[K/home/blake/M-LADIS-Jerry/ws_sensor_combined/src/px4_ros_com/src/PointCloudProcessor.cpp:181:23:[m[K [01;35m[Kwarning: [m[Kcomparison of integer expressions of different signedness: ‘[01m[Kint[m[K’ and ‘[01m[Kstd::vector<std::vector<float> >::size_type[m[K’ {aka ‘[01m[Klong unsigned int[m[K’} [[01;35m[K]8;;https://gcc.gnu.org/onlinedocs/gcc/Warning-Options.html#index-Wsign-compare-Wsign-compare]8;;[m[K]
  181 |     for (int i = 0 ; [01;35m[Ki<wall_matrix.size()[m[K; i++)
      |                      [01;35m[K~^~~~~~~~~~~~~~~~~~~[m[K
[100%] [32m[1mLinking CXX executable PointCloudProcessor[0m
[100%] Built target PointCloudProcessor
-- Install configuration: ""
-- Up-to-date: /home/blake/M-LADIS-Jerry/ws_sensor_combined/install/px4_ros_com/lib/px4_ros_com/sensor_combined_listener
-- Up-to-date: /home/blake/M-LADIS-Jerry/ws_sensor_combined/install/px4_ros_com/lib/px4_ros_com/vehicle_gps_position_listener
-- Up-to-date: /home/blake/M-LADIS-Jerry/ws_sensor_combined/install/px4_ros_com/lib/px4_ros_com/debug_vect_advertiser
-- Up-to-date: /home/blake/M-LADIS-Jerry/ws_sensor_combined/install/px4_ros_com/lib/px4_ros_com/offboard_control
-- Up-to-date: /home/blake/M-LADIS-Jerry/ws_sensor_combined/install/px4_ros_com/lib/px4_ros_com/test_flight_control
-- Installing: /home/blake/M-LADIS-Jerry/ws_sensor_combined/install/px4_ros_com/lib/px4_ros_com/PointCloudProcessor
-- Set runtime path of "/home/blake/M-LADIS-Jerry/ws_sensor_combined/install/px4_ros_com/lib/px4_ros_com/PointCloudProcessor" to ""
-- Up-to-date: /home/blake/M-LADIS-Jerry/ws_sensor_combined/install/px4_ros_com/include/px4_ros_com
-- Up-to-date: /home/blake/M-LADIS-Jerry/ws_sensor_combined/install/px4_ros_com/include/px4_ros_com/frame_transforms.h
-- Up-to-date: /home/blake/M-LADIS-Jerry/ws_sensor_combined/install/px4_ros_com/share/px4_ros_com//launch
-- Up-to-date: /home/blake/M-LADIS-Jerry/ws_sensor_combined/install/px4_ros_com/share/px4_ros_com//launch/offboard_control_launch.yaml
-- Up-to-date: /home/blake/M-LADIS-Jerry/ws_sensor_combined/install/px4_ros_com/share/px4_ros_com//launch/sensor_combined_listener.launch.py
-- Up-to-date: /home/blake/M-LADIS-Jerry/ws_sensor_combined/install/px4_ros_com/share/px4_ros_com//test
-- Up-to-date: /home/blake/M-LADIS-Jerry/ws_sensor_combined/install/px4_ros_com/share/px4_ros_com//test/pipeline_io_test.py
-- Up-to-date: /home/blake/M-LADIS-Jerry/ws_sensor_combined/install/px4_ros_com/share/px4_ros_com//test/__init__.py
-- Up-to-date: /home/blake/M-LADIS-Jerry/ws_sensor_combined/install/px4_ros_com/share/px4_ros_com//test/test_input.py
-- Up-to-date: /home/blake/M-LADIS-Jerry/ws_sensor_combined/install/px4_ros_com/share/px4_ros_com//test/test_output.py
-- Up-to-date: /home/blake/M-LADIS-Jerry/ws_sensor_combined/install/px4_ros_com/share/ament_index/resource_index/package_run_dependencies/px4_ros_com
-- Up-to-date: /home/blake/M-LADIS-Jerry/ws_sensor_combined/install/px4_ros_com/share/ament_index/resource_index/parent_prefix_path/px4_ros_com
-- Up-to-date: /home/blake/M-LADIS-Jerry/ws_sensor_combined/install/px4_ros_com/share/px4_ros_com/environment/ament_prefix_path.sh
-- Up-to-date: /home/blake/M-LADIS-Jerry/ws_sensor_combined/install/px4_ros_com/share/px4_ros_com/environment/ament_prefix_path.dsv
-- Up-to-date: /home/blake/M-LADIS-Jerry/ws_sensor_combined/install/px4_ros_com/share/px4_ros_com/environment/path.sh
-- Up-to-date: /home/blake/M-LADIS-Jerry/ws_sensor_combined/install/px4_ros_com/share/px4_ros_com/environment/path.dsv
-- Up-to-date: /home/blake/M-LADIS-Jerry/ws_sensor_combined/install/px4_ros_com/share/px4_ros_com/local_setup.bash
-- Up-to-date: /home/blake/M-LADIS-Jerry/ws_sensor_combined/install/px4_ros_com/share/px4_ros_com/local_setup.sh
-- Up-to-date: /home/blake/M-LADIS-Jerry/ws_sensor_combined/install/px4_ros_com/share/px4_ros_com/local_setup.zsh
-- Up-to-date: /home/blake/M-LADIS-Jerry/ws_sensor_combined/install/px4_ros_com/share/px4_ros_com/local_setup.dsv
-- Installing: /home/blake/M-LADIS-Jerry/ws_sensor_combined/install/px4_ros_com/share/px4_ros_com/package.dsv
-- Up-to-date: /home/blake/M-LADIS-Jerry/ws_sensor_combined/install/px4_ros_com/share/ament_index/resource_index/packages/px4_ros_com
-- Up-to-date: /home/blake/M-LADIS-Jerry/ws_sensor_combined/install/px4_ros_com/share/px4_ros_com/cmake/ament_cmake_export_dependencies-extras.cmake
-- Up-to-date: /home/blake/M-LADIS-Jerry/ws_sensor_combined/install/px4_ros_com/share/px4_ros_com/cmake/ament_cmake_export_include_directories-extras.cmake
-- Up-to-date: /home/blake/M-LADIS-Jerry/ws_sensor_combined/install/px4_ros_com/share/px4_ros_com/cmake/px4_ros_comConfig.cmake
-- Up-to-date: /home/blake/M-LADIS-Jerry/ws_sensor_combined/install/px4_ros_com/share/px4_ros_com/cmake/px4_ros_comConfig-version.cmake
-- Up-to-date: /home/blake/M-LADIS-Jerry/ws_sensor_combined/install/px4_ros_com/share/px4_ros_com/package.xml
