[0.078s] Invoking command in '/home/dserbin/Documents/M-LADIS-sim/PX4 Aux/ws_sensor_combined/build/std_srvs': CMAKE_PREFIX_PATH=${CMAKE_PREFIX_PATH}:/opt/ros/humble /usr/bin/cmake /home/dserbin/Documents/M-LADIS-sim/PX4 Aux/ws_sensor_combined/src/common_interfaces/std_srvs -DCMAKE_INSTALL_PREFIX=/home/dserbin/Documents/M-LADIS-sim/PX4 Aux/ws_sensor_combined/install/std_srvs
[0.142s] -- The C compiler identification is GNU 11.4.0
[0.201s] -- The CXX compiler identification is GNU 11.4.0
[0.209s] -- Detecting C compiler ABI info
[0.300s] -- Detecting C compiler ABI info - done
[0.306s] -- Check for working C compiler: /usr/bin/cc - skipped
[0.306s] -- Detecting C compile features
[0.306s] -- Detecting C compile features - done
[0.309s] -- Detecting CXX compiler ABI info
[0.408s] -- Detecting CXX compiler ABI info - done
[0.415s] -- Check for working CXX compiler: /usr/bin/c++ - skipped
[0.415s] -- Detecting CXX compile features
[0.416s] -- Detecting CXX compile features - done
[0.420s] -- Found ament_cmake: 1.3.8 (/opt/ros/humble/share/ament_cmake/cmake)
[0.895s] -- Found Python3: /usr/bin/python3 (found version "3.10.12") found components: Interpreter 
[1.037s] -- Found rosidl_default_generators: 1.2.0 (/opt/ros/humble/share/rosidl_default_generators/cmake)
[1.043s] -- Using all available rosidl_typesupport_c: rosidl_typesupport_fastrtps_c;rosidl_typesupport_introspection_c
[1.055s] -- Found rosidl_adapter: 3.1.5 (/opt/ros/humble/share/rosidl_adapter/cmake)
[1.118s] -- Using all available rosidl_typesupport_cpp: rosidl_typesupport_fastrtps_cpp;rosidl_typesupport_introspection_cpp
[1.452s] -- Found ament_cmake_cppcheck: 0.12.10 (/opt/ros/humble/share/ament_cmake_cppcheck/cmake)
[1.457s] -- Found ament_cmake_cpplint: 0.12.10 (/opt/ros/humble/share/ament_cmake_cpplint/cmake)
[1.461s] -- Found ament_cmake_uncrustify: 0.12.10 (/opt/ros/humble/share/ament_cmake_uncrustify/cmake)
[1.466s] -- Found ament_cmake_ros: 0.10.0 (/opt/ros/humble/share/ament_cmake_ros/cmake)
[1.682s] -- Using all available rosidl_typesupport_c: rosidl_typesupport_fastrtps_c;rosidl_typesupport_introspection_c
[1.966s] -- Using all available rosidl_typesupport_cpp: rosidl_typesupport_fastrtps_cpp;rosidl_typesupport_introspection_cpp
[1.994s] -- Found PythonInterp: /usr/bin/python3 (found suitable version "3.10.12", minimum required is "3.6") 
[1.998s] -- Found python_cmake_module: 0.10.0 (/opt/ros/humble/share/python_cmake_module/cmake)
[2.034s] -- Found PythonLibs: /usr/lib/x86_64-linux-gnu/libpython3.10.so (found suitable version "3.10.12", minimum required is "3.5") 
[2.034s] -- Using PYTHON_EXECUTABLE: /usr/bin/python3
[2.034s] -- Using PYTHON_INCLUDE_DIRS: /usr/include/python3.10
[2.034s] -- Using PYTHON_LIBRARIES: /usr/lib/x86_64-linux-gnu/libpython3.10.so
[2.060s] -- Found PythonExtra: .so  
[2.111s] -- Found ament_cmake_flake8: 0.12.10 (/opt/ros/humble/share/ament_cmake_flake8/cmake)
[2.115s] -- Found ament_cmake_pep257: 0.12.10 (/opt/ros/humble/share/ament_cmake_pep257/cmake)
[2.125s] -- Configuring done
[2.163s] -- Generating done
[2.166s] -- Build files have been written to: /home/dserbin/Documents/M-LADIS-sim/PX4 Aux/ws_sensor_combined/build/std_srvs
[2.183s] Invoked command in '/home/dserbin/Documents/M-LADIS-sim/PX4 Aux/ws_sensor_combined/build/std_srvs' returned '0': CMAKE_PREFIX_PATH=${CMAKE_PREFIX_PATH}:/opt/ros/humble /usr/bin/cmake /home/dserbin/Documents/M-LADIS-sim/PX4 Aux/ws_sensor_combined/src/common_interfaces/std_srvs -DCMAKE_INSTALL_PREFIX=/home/dserbin/Documents/M-LADIS-sim/PX4 Aux/ws_sensor_combined/install/std_srvs
[2.185s] Invoking command in '/home/dserbin/Documents/M-LADIS-sim/PX4 Aux/ws_sensor_combined/build/std_srvs': CMAKE_PREFIX_PATH=${CMAKE_PREFIX_PATH}:/opt/ros/humble /usr/bin/cmake --build /home/dserbin/Documents/M-LADIS-sim/PX4 Aux/ws_sensor_combined/build/std_srvs -- -j16 -l16
[2.246s] [  2%] [34m[1mGenerating C code for ROS interfaces[0m
[2.261s] [  4%] [34m[1mGenerating C++ code for ROS interfaces[0m
[2.276s] [  4%] Built target ament_cmake_python_copy_std_srvs
[2.554s] running egg_info
[2.555s] creating std_srvs.egg-info
[2.577s] writing std_srvs.egg-info/PKG-INFO
[2.578s] writing dependency_links to std_srvs.egg-info/dependency_links.txt
[2.578s] writing top-level names to std_srvs.egg-info/top_level.txt
[2.578s] writing manifest file 'std_srvs.egg-info/SOURCES.txt'
[2.648s] reading manifest file 'std_srvs.egg-info/SOURCES.txt'
[2.648s] writing manifest file 'std_srvs.egg-info/SOURCES.txt'
[2.733s] [  4%] Built target ament_cmake_python_build_std_srvs_egg
[2.821s] [  4%] Built target std_srvs__cpp
[2.843s] [  8%] [34m[1mGenerating C++ type support dispatch for ROS interfaces[0m
[2.843s] [ 10%] [34m[1mGenerating C++ type support for eProsima Fast-RTPS[0m
[2.843s] [  8%] [34m[1mGenerating C++ introspection for ROS interfaces[0m
[2.916s] [ 12%] [32mBuilding C object CMakeFiles/std_srvs__rosidl_generator_c.dir/rosidl_generator_c/std_srvs/srv/detail/empty__functions.c.o[0m
[2.917s] [ 14%] [32mBuilding C object CMakeFiles/std_srvs__rosidl_generator_c.dir/rosidl_generator_c/std_srvs/srv/detail/set_bool__functions.c.o[0m
[2.919s] [ 17%] [32mBuilding C object CMakeFiles/std_srvs__rosidl_generator_c.dir/rosidl_generator_c/std_srvs/srv/detail/trigger__functions.c.o[0m
[3.034s] [ 19%] [32m[1mLinking C shared library libstd_srvs__rosidl_generator_c.so[0m
[3.117s] [ 19%] Built target std_srvs__rosidl_generator_c
[3.141s] [ 23%] [34m[1mGenerating C type support dispatch for ROS interfaces[0m
[3.141s] [ 23%] [34m[1mGenerating C type support for eProsima Fast-RTPS[0m
[3.142s] [ 25%] [34m[1mGenerating C introspection for ROS interfaces[0m
[3.439s] [ 27%] [32mBuilding CXX object CMakeFiles/std_srvs__rosidl_typesupport_cpp.dir/rosidl_typesupport_cpp/std_srvs/srv/empty__type_support.cpp.o[0m
[3.440s] [ 29%] [32mBuilding CXX object CMakeFiles/std_srvs__rosidl_typesupport_cpp.dir/rosidl_typesupport_cpp/std_srvs/srv/set_bool__type_support.cpp.o[0m
[3.441s] [ 31%] [32mBuilding CXX object CMakeFiles/std_srvs__rosidl_typesupport_cpp.dir/rosidl_typesupport_cpp/std_srvs/srv/trigger__type_support.cpp.o[0m
[3.580s] [ 34%] [32mBuilding CXX object CMakeFiles/std_srvs__rosidl_typesupport_fastrtps_cpp.dir/rosidl_typesupport_fastrtps_cpp/std_srvs/srv/detail/dds_fastrtps/trigger__type_support.cpp.o[0m
[3.580s] [ 36%] [32mBuilding CXX object CMakeFiles/std_srvs__rosidl_typesupport_fastrtps_cpp.dir/rosidl_typesupport_fastrtps_cpp/std_srvs/srv/detail/dds_fastrtps/empty__type_support.cpp.o[0m
[3.585s] [ 38%] [32mBuilding CXX object CMakeFiles/std_srvs__rosidl_typesupport_fastrtps_cpp.dir/rosidl_typesupport_fastrtps_cpp/std_srvs/srv/detail/dds_fastrtps/set_bool__type_support.cpp.o[0m
[3.710s] [ 42%] [32mBuilding CXX object CMakeFiles/std_srvs__rosidl_typesupport_introspection_cpp.dir/rosidl_typesupport_introspection_cpp/std_srvs/srv/detail/empty__type_support.cpp.o[0m
[3.711s] [ 42%] [32mBuilding CXX object CMakeFiles/std_srvs__rosidl_typesupport_introspection_cpp.dir/rosidl_typesupport_introspection_cpp/std_srvs/srv/detail/trigger__type_support.cpp.o[0m
[3.711s] [ 44%] [32mBuilding CXX object CMakeFiles/std_srvs__rosidl_typesupport_introspection_cpp.dir/rosidl_typesupport_introspection_cpp/std_srvs/srv/detail/set_bool__type_support.cpp.o[0m
[3.879s] [ 46%] [32mBuilding CXX object CMakeFiles/std_srvs__rosidl_typesupport_c.dir/rosidl_typesupport_c/std_srvs/srv/empty__type_support.cpp.o[0m
[3.886s] [ 48%] [32mBuilding CXX object CMakeFiles/std_srvs__rosidl_typesupport_c.dir/rosidl_typesupport_c/std_srvs/srv/set_bool__type_support.cpp.o[0m
[3.890s] [ 51%] [32mBuilding CXX object CMakeFiles/std_srvs__rosidl_typesupport_c.dir/rosidl_typesupport_c/std_srvs/srv/trigger__type_support.cpp.o[0m
[4.013s] [ 55%] [32m[1mLinking CXX shared library libstd_srvs__rosidl_typesupport_c.so[0m
[4.014s] [ 55%] [32mBuilding CXX object CMakeFiles/std_srvs__rosidl_typesupport_fastrtps_c.dir/rosidl_typesupport_fastrtps_c/std_srvs/srv/detail/set_bool__type_support_c.cpp.o[0m
[4.020s] [ 57%] [32mBuilding CXX object CMakeFiles/std_srvs__rosidl_typesupport_fastrtps_c.dir/rosidl_typesupport_fastrtps_c/std_srvs/srv/detail/trigger__type_support_c.cpp.o[0m
[4.037s] [ 59%] [32mBuilding CXX object CMakeFiles/std_srvs__rosidl_typesupport_fastrtps_c.dir/rosidl_typesupport_fastrtps_c/std_srvs/srv/detail/empty__type_support_c.cpp.o[0m
[4.090s] [ 61%] [32m[1mLinking CXX shared library libstd_srvs__rosidl_typesupport_cpp.so[0m
[4.121s] [ 65%] [32mBuilding C object CMakeFiles/std_srvs__rosidl_typesupport_introspection_c.dir/rosidl_typesupport_introspection_c/std_srvs/srv/detail/trigger__type_support.c.o[0m
[4.121s] [ 65%] [32mBuilding C object CMakeFiles/std_srvs__rosidl_typesupport_introspection_c.dir/rosidl_typesupport_introspection_c/std_srvs/srv/detail/set_bool__type_support.c.o[0m
[4.131s] [ 68%] [32mBuilding C object CMakeFiles/std_srvs__rosidl_typesupport_introspection_c.dir/rosidl_typesupport_introspection_c/std_srvs/srv/detail/empty__type_support.c.o[0m
[4.150s] [ 68%] Built target std_srvs__rosidl_typesupport_c
[4.234s] [ 68%] Built target std_srvs__rosidl_typesupport_cpp
[4.252s] [ 70%] [32m[1mLinking C shared library libstd_srvs__rosidl_typesupport_introspection_c.so[0m
[4.343s] [ 70%] Built target std_srvs__rosidl_typesupport_introspection_c
[4.592s] [ 72%] [32m[1mLinking CXX shared library libstd_srvs__rosidl_typesupport_fastrtps_cpp.so[0m
[4.607s] [ 74%] [32m[1mLinking CXX shared library libstd_srvs__rosidl_typesupport_introspection_cpp.so[0m
[4.745s] [ 76%] [32m[1mLinking CXX shared library libstd_srvs__rosidl_typesupport_fastrtps_c.so[0m
[4.746s] [ 76%] Built target std_srvs__rosidl_typesupport_introspection_cpp
[4.768s] [ 76%] Built target std_srvs__rosidl_typesupport_fastrtps_cpp
[4.891s] [ 76%] Built target std_srvs__rosidl_typesupport_fastrtps_c
[4.929s] [ 76%] Built target std_srvs
[4.969s] [ 78%] [34m[1mGenerating Python code for ROS interfaces[0m
[5.906s] [ 78%] Built target std_srvs__py
[5.953s] [ 80%] [32mBuilding C object CMakeFiles/std_srvs__rosidl_generator_py.dir/rosidl_generator_py/std_srvs/srv/_empty_s.c.o[0m
[5.955s] [ 82%] [32mBuilding C object CMakeFiles/std_srvs__rosidl_generator_py.dir/rosidl_generator_py/std_srvs/srv/_set_bool_s.c.o[0m
[5.957s] [ 85%] [32mBuilding C object CMakeFiles/std_srvs__rosidl_generator_py.dir/rosidl_generator_py/std_srvs/srv/_trigger_s.c.o[0m
[6.196s] [ 87%] [32m[1mLinking C shared library rosidl_generator_py/std_srvs/libstd_srvs__rosidl_generator_py.so[0m
[6.331s] [ 87%] Built target std_srvs__rosidl_generator_py
[6.414s] [ 89%] [32mBuilding C object CMakeFiles/std_srvs__rosidl_typesupport_c__pyext.dir/rosidl_generator_py/std_srvs/_std_srvs_s.ep.rosidl_typesupport_c.c.o[0m
[6.415s] [ 91%] [32mBuilding C object CMakeFiles/std_srvs__rosidl_typesupport_fastrtps_c__pyext.dir/rosidl_generator_py/std_srvs/_std_srvs_s.ep.rosidl_typesupport_fastrtps_c.c.o[0m
[6.429s] [ 93%] [32mBuilding C object CMakeFiles/std_srvs__rosidl_typesupport_introspection_c__pyext.dir/rosidl_generator_py/std_srvs/_std_srvs_s.ep.rosidl_typesupport_introspection_c.c.o[0m
[6.647s] [ 95%] [32m[1mLinking C shared library rosidl_generator_py/std_srvs/std_srvs_s__rosidl_typesupport_c.cpython-310-x86_64-linux-gnu.so[0m
[6.664s] [ 97%] [32m[1mLinking C shared library rosidl_generator_py/std_srvs/std_srvs_s__rosidl_typesupport_introspection_c.cpython-310-x86_64-linux-gnu.so[0m
[6.664s] [100%] [32m[1mLinking C shared library rosidl_generator_py/std_srvs/std_srvs_s__rosidl_typesupport_fastrtps_c.cpython-310-x86_64-linux-gnu.so[0m
[6.715s] [100%] Built target std_srvs__rosidl_typesupport_c__pyext
[6.729s] [100%] Built target std_srvs__rosidl_typesupport_introspection_c__pyext
[6.731s] [100%] Built target std_srvs__rosidl_typesupport_fastrtps_c__pyext
[6.761s] Invoked command in '/home/dserbin/Documents/M-LADIS-sim/PX4 Aux/ws_sensor_combined/build/std_srvs' returned '0': CMAKE_PREFIX_PATH=${CMAKE_PREFIX_PATH}:/opt/ros/humble /usr/bin/cmake --build /home/dserbin/Documents/M-LADIS-sim/PX4 Aux/ws_sensor_combined/build/std_srvs -- -j16 -l16
[6.981s] Invoking command in '/home/dserbin/Documents/M-LADIS-sim/PX4 Aux/ws_sensor_combined/build/std_srvs': CMAKE_PREFIX_PATH=${CMAKE_PREFIX_PATH}:/opt/ros/humble /usr/bin/cmake --install /home/dserbin/Documents/M-LADIS-sim/PX4 Aux/ws_sensor_combined/build/std_srvs
[6.998s] -- Install configuration: ""
[6.999s] -- Installing: /home/dserbin/Documents/M-LADIS-sim/PX4 Aux/ws_sensor_combined/install/std_srvs/share/ament_index/resource_index/rosidl_interfaces/std_srvs
[6.999s] -- Installing: /home/dserbin/Documents/M-LADIS-sim/PX4 Aux/ws_sensor_combined/install/std_srvs/include/std_srvs/std_srvs
[6.999s] -- Installing: /home/dserbin/Documents/M-LADIS-sim/PX4 Aux/ws_sensor_combined/install/std_srvs/include/std_srvs/std_srvs/msg
[7.000s] -- Installing: /home/dserbin/Documents/M-LADIS-sim/PX4 Aux/ws_sensor_combined/install/std_srvs/include/std_srvs/std_srvs/msg/rosidl_generator_c__visibility_control.h
[7.000s] -- Installing: /home/dserbin/Documents/M-LADIS-sim/PX4 Aux/ws_sensor_combined/install/std_srvs/include/std_srvs/std_srvs/srv
[7.000s] -- Installing: /home/dserbin/Documents/M-LADIS-sim/PX4 Aux/ws_sensor_combined/install/std_srvs/include/std_srvs/std_srvs/srv/set_bool.h
[7.000s] -- Installing: /home/dserbin/Documents/M-LADIS-sim/PX4 Aux/ws_sensor_combined/install/std_srvs/include/std_srvs/std_srvs/srv/trigger.h
[7.000s] -- Installing: /home/dserbin/Documents/M-LADIS-sim/PX4 Aux/ws_sensor_combined/install/std_srvs/include/std_srvs/std_srvs/srv/empty.h
[7.001s] -- Installing: /home/dserbin/Documents/M-LADIS-sim/PX4 Aux/ws_sensor_combined/install/std_srvs/include/std_srvs/std_srvs/srv/detail
[7.001s] -- Installing: /home/dserbin/Documents/M-LADIS-sim/PX4 Aux/ws_sensor_combined/install/std_srvs/include/std_srvs/std_srvs/srv/detail/empty__type_support.h
[7.001s] -- Installing: /home/dserbin/Documents/M-LADIS-sim/PX4 Aux/ws_sensor_combined/install/std_srvs/include/std_srvs/std_srvs/srv/detail/trigger__functions.h
[7.001s] -- Installing: /home/dserbin/Documents/M-LADIS-sim/PX4 Aux/ws_sensor_combined/install/std_srvs/include/std_srvs/std_srvs/srv/detail/set_bool__functions.c
[7.001s] -- Installing: /home/dserbin/Documents/M-LADIS-sim/PX4 Aux/ws_sensor_combined/install/std_srvs/include/std_srvs/std_srvs/srv/detail/trigger__functions.c
[7.002s] -- Installing: /home/dserbin/Documents/M-LADIS-sim/PX4 Aux/ws_sensor_combined/install/std_srvs/include/std_srvs/std_srvs/srv/detail/trigger__struct.h
[7.002s] -- Installing: /home/dserbin/Documents/M-LADIS-sim/PX4 Aux/ws_sensor_combined/install/std_srvs/include/std_srvs/std_srvs/srv/detail/set_bool__struct.h
[7.002s] -- Installing: /home/dserbin/Documents/M-LADIS-sim/PX4 Aux/ws_sensor_combined/install/std_srvs/include/std_srvs/std_srvs/srv/detail/empty__struct.h
[7.003s] -- Installing: /home/dserbin/Documents/M-LADIS-sim/PX4 Aux/ws_sensor_combined/install/std_srvs/include/std_srvs/std_srvs/srv/detail/trigger__type_support.h
[7.003s] -- Installing: /home/dserbin/Documents/M-LADIS-sim/PX4 Aux/ws_sensor_combined/install/std_srvs/include/std_srvs/std_srvs/srv/detail/empty__functions.h
[7.003s] -- Installing: /home/dserbin/Documents/M-LADIS-sim/PX4 Aux/ws_sensor_combined/install/std_srvs/include/std_srvs/std_srvs/srv/detail/set_bool__type_support.h
[7.003s] -- Installing: /home/dserbin/Documents/M-LADIS-sim/PX4 Aux/ws_sensor_combined/install/std_srvs/include/std_srvs/std_srvs/srv/detail/empty__functions.c
[7.003s] -- Installing: /home/dserbin/Documents/M-LADIS-sim/PX4 Aux/ws_sensor_combined/install/std_srvs/include/std_srvs/std_srvs/srv/detail/set_bool__functions.h
[7.004s] -- Installing: /home/dserbin/Documents/M-LADIS-sim/PX4 Aux/ws_sensor_combined/install/std_srvs/share/std_srvs/environment/library_path.sh
[7.004s] -- Installing: /home/dserbin/Documents/M-LADIS-sim/PX4 Aux/ws_sensor_combined/install/std_srvs/share/std_srvs/environment/library_path.dsv
[7.005s] -- Installing: /home/dserbin/Documents/M-LADIS-sim/PX4 Aux/ws_sensor_combined/install/std_srvs/lib/libstd_srvs__rosidl_generator_c.so
[7.005s] -- Set runtime path of "/home/dserbin/Documents/M-LADIS-sim/PX4 Aux/ws_sensor_combined/install/std_srvs/lib/libstd_srvs__rosidl_generator_c.so" to ""
[7.006s] -- Up-to-date: /home/dserbin/Documents/M-LADIS-sim/PX4 Aux/ws_sensor_combined/install/std_srvs/include/std_srvs/std_srvs
[7.006s] -- Up-to-date: /home/dserbin/Documents/M-LADIS-sim/PX4 Aux/ws_sensor_combined/install/std_srvs/include/std_srvs/std_srvs/msg
[7.006s] -- Installing: /home/dserbin/Documents/M-LADIS-sim/PX4 Aux/ws_sensor_combined/install/std_srvs/include/std_srvs/std_srvs/msg/rosidl_typesupport_fastrtps_c__visibility_control.h
[7.006s] -- Up-to-date: /home/dserbin/Documents/M-LADIS-sim/PX4 Aux/ws_sensor_combined/install/std_srvs/include/std_srvs/std_srvs/srv
[7.006s] -- Up-to-date: /home/dserbin/Documents/M-LADIS-sim/PX4 Aux/ws_sensor_combined/install/std_srvs/include/std_srvs/std_srvs/srv/detail
[7.007s] -- Installing: /home/dserbin/Documents/M-LADIS-sim/PX4 Aux/ws_sensor_combined/install/std_srvs/include/std_srvs/std_srvs/srv/detail/set_bool__rosidl_typesupport_fastrtps_c.h
[7.007s] -- Installing: /home/dserbin/Documents/M-LADIS-sim/PX4 Aux/ws_sensor_combined/install/std_srvs/include/std_srvs/std_srvs/srv/detail/trigger__rosidl_typesupport_fastrtps_c.h
[7.007s] -- Installing: /home/dserbin/Documents/M-LADIS-sim/PX4 Aux/ws_sensor_combined/install/std_srvs/include/std_srvs/std_srvs/srv/detail/empty__rosidl_typesupport_fastrtps_c.h
[7.007s] -- Installing: /home/dserbin/Documents/M-LADIS-sim/PX4 Aux/ws_sensor_combined/install/std_srvs/lib/libstd_srvs__rosidl_typesupport_fastrtps_c.so
[7.008s] -- Set runtime path of "/home/dserbin/Documents/M-LADIS-sim/PX4 Aux/ws_sensor_combined/install/std_srvs/lib/libstd_srvs__rosidl_typesupport_fastrtps_c.so" to ""
[7.008s] -- Up-to-date: /home/dserbin/Documents/M-LADIS-sim/PX4 Aux/ws_sensor_combined/install/std_srvs/include/std_srvs/std_srvs
[7.008s] -- Up-to-date: /home/dserbin/Documents/M-LADIS-sim/PX4 Aux/ws_sensor_combined/install/std_srvs/include/std_srvs/std_srvs/msg
[7.008s] -- Installing: /home/dserbin/Documents/M-LADIS-sim/PX4 Aux/ws_sensor_combined/install/std_srvs/include/std_srvs/std_srvs/msg/rosidl_typesupport_introspection_c__visibility_control.h
[7.008s] -- Up-to-date: /home/dserbin/Documents/M-LADIS-sim/PX4 Aux/ws_sensor_combined/install/std_srvs/include/std_srvs/std_srvs/srv
[7.009s] -- Up-to-date: /home/dserbin/Documents/M-LADIS-sim/PX4 Aux/ws_sensor_combined/install/std_srvs/include/std_srvs/std_srvs/srv/detail
[7.009s] -- Installing: /home/dserbin/Documents/M-LADIS-sim/PX4 Aux/ws_sensor_combined/install/std_srvs/include/std_srvs/std_srvs/srv/detail/trigger__rosidl_typesupport_introspection_c.h
[7.009s] -- Installing: /home/dserbin/Documents/M-LADIS-sim/PX4 Aux/ws_sensor_combined/install/std_srvs/include/std_srvs/std_srvs/srv/detail/set_bool__type_support.c
[7.009s] -- Installing: /home/dserbin/Documents/M-LADIS-sim/PX4 Aux/ws_sensor_combined/install/std_srvs/include/std_srvs/std_srvs/srv/detail/trigger__type_support.c
[7.009s] -- Installing: /home/dserbin/Documents/M-LADIS-sim/PX4 Aux/ws_sensor_combined/install/std_srvs/include/std_srvs/std_srvs/srv/detail/set_bool__rosidl_typesupport_introspection_c.h
[7.010s] -- Installing: /home/dserbin/Documents/M-LADIS-sim/PX4 Aux/ws_sensor_combined/install/std_srvs/include/std_srvs/std_srvs/srv/detail/empty__rosidl_typesupport_introspection_c.h
[7.010s] -- Installing: /home/dserbin/Documents/M-LADIS-sim/PX4 Aux/ws_sensor_combined/install/std_srvs/include/std_srvs/std_srvs/srv/detail/empty__type_support.c
[7.010s] -- Installing: /home/dserbin/Documents/M-LADIS-sim/PX4 Aux/ws_sensor_combined/install/std_srvs/lib/libstd_srvs__rosidl_typesupport_introspection_c.so
[7.011s] -- Set runtime path of "/home/dserbin/Documents/M-LADIS-sim/PX4 Aux/ws_sensor_combined/install/std_srvs/lib/libstd_srvs__rosidl_typesupport_introspection_c.so" to ""
[7.011s] -- Installing: /home/dserbin/Documents/M-LADIS-sim/PX4 Aux/ws_sensor_combined/install/std_srvs/lib/libstd_srvs__rosidl_typesupport_c.so
[7.012s] -- Set runtime path of "/home/dserbin/Documents/M-LADIS-sim/PX4 Aux/ws_sensor_combined/install/std_srvs/lib/libstd_srvs__rosidl_typesupport_c.so" to ""
[7.012s] -- Up-to-date: /home/dserbin/Documents/M-LADIS-sim/PX4 Aux/ws_sensor_combined/install/std_srvs/include/std_srvs/std_srvs
[7.012s] -- Up-to-date: /home/dserbin/Documents/M-LADIS-sim/PX4 Aux/ws_sensor_combined/install/std_srvs/include/std_srvs/std_srvs/srv
[7.012s] -- Up-to-date: /home/dserbin/Documents/M-LADIS-sim/PX4 Aux/ws_sensor_combined/install/std_srvs/include/std_srvs/std_srvs/srv/detail
[7.012s] -- Installing: /home/dserbin/Documents/M-LADIS-sim/PX4 Aux/ws_sensor_combined/install/std_srvs/include/std_srvs/std_srvs/srv/detail/set_bool__struct.hpp
[7.012s] -- Installing: /home/dserbin/Documents/M-LADIS-sim/PX4 Aux/ws_sensor_combined/install/std_srvs/include/std_srvs/std_srvs/srv/detail/set_bool__traits.hpp
[7.013s] -- Installing: /home/dserbin/Documents/M-LADIS-sim/PX4 Aux/ws_sensor_combined/install/std_srvs/include/std_srvs/std_srvs/srv/detail/set_bool__builder.hpp
[7.013s] -- Installing: /home/dserbin/Documents/M-LADIS-sim/PX4 Aux/ws_sensor_combined/install/std_srvs/include/std_srvs/std_srvs/srv/detail/empty__builder.hpp
[7.013s] -- Installing: /home/dserbin/Documents/M-LADIS-sim/PX4 Aux/ws_sensor_combined/install/std_srvs/include/std_srvs/std_srvs/srv/detail/empty__struct.hpp
[7.013s] -- Installing: /home/dserbin/Documents/M-LADIS-sim/PX4 Aux/ws_sensor_combined/install/std_srvs/include/std_srvs/std_srvs/srv/detail/empty__traits.hpp
[7.014s] -- Installing: /home/dserbin/Documents/M-LADIS-sim/PX4 Aux/ws_sensor_combined/install/std_srvs/include/std_srvs/std_srvs/srv/detail/trigger__struct.hpp
[7.014s] -- Installing: /home/dserbin/Documents/M-LADIS-sim/PX4 Aux/ws_sensor_combined/install/std_srvs/include/std_srvs/std_srvs/srv/detail/trigger__traits.hpp
[7.014s] -- Installing: /home/dserbin/Documents/M-LADIS-sim/PX4 Aux/ws_sensor_combined/install/std_srvs/include/std_srvs/std_srvs/srv/detail/trigger__builder.hpp
[7.014s] -- Installing: /home/dserbin/Documents/M-LADIS-sim/PX4 Aux/ws_sensor_combined/install/std_srvs/include/std_srvs/std_srvs/srv/empty.hpp
[7.015s] -- Installing: /home/dserbin/Documents/M-LADIS-sim/PX4 Aux/ws_sensor_combined/install/std_srvs/include/std_srvs/std_srvs/srv/set_bool.hpp
[7.015s] -- Installing: /home/dserbin/Documents/M-LADIS-sim/PX4 Aux/ws_sensor_combined/install/std_srvs/include/std_srvs/std_srvs/srv/trigger.hpp
[7.015s] -- Up-to-date: /home/dserbin/Documents/M-LADIS-sim/PX4 Aux/ws_sensor_combined/install/std_srvs/include/std_srvs/std_srvs
[7.015s] -- Up-to-date: /home/dserbin/Documents/M-LADIS-sim/PX4 Aux/ws_sensor_combined/install/std_srvs/include/std_srvs/std_srvs/msg
[7.016s] -- Installing: /home/dserbin/Documents/M-LADIS-sim/PX4 Aux/ws_sensor_combined/install/std_srvs/include/std_srvs/std_srvs/msg/rosidl_typesupport_fastrtps_cpp__visibility_control.h
[7.016s] -- Up-to-date: /home/dserbin/Documents/M-LADIS-sim/PX4 Aux/ws_sensor_combined/install/std_srvs/include/std_srvs/std_srvs/srv
[7.016s] -- Up-to-date: /home/dserbin/Documents/M-LADIS-sim/PX4 Aux/ws_sensor_combined/install/std_srvs/include/std_srvs/std_srvs/srv/detail
[7.016s] -- Installing: /home/dserbin/Documents/M-LADIS-sim/PX4 Aux/ws_sensor_combined/install/std_srvs/include/std_srvs/std_srvs/srv/detail/trigger__rosidl_typesupport_fastrtps_cpp.hpp
[7.016s] -- Installing: /home/dserbin/Documents/M-LADIS-sim/PX4 Aux/ws_sensor_combined/install/std_srvs/include/std_srvs/std_srvs/srv/detail/set_bool__rosidl_typesupport_fastrtps_cpp.hpp
[7.017s] -- Installing: /home/dserbin/Documents/M-LADIS-sim/PX4 Aux/ws_sensor_combined/install/std_srvs/include/std_srvs/std_srvs/srv/detail/dds_fastrtps
[7.017s] -- Installing: /home/dserbin/Documents/M-LADIS-sim/PX4 Aux/ws_sensor_combined/install/std_srvs/include/std_srvs/std_srvs/srv/detail/empty__rosidl_typesupport_fastrtps_cpp.hpp
[7.017s] -- Installing: /home/dserbin/Documents/M-LADIS-sim/PX4 Aux/ws_sensor_combined/install/std_srvs/lib/libstd_srvs__rosidl_typesupport_fastrtps_cpp.so
[7.017s] -- Set runtime path of "/home/dserbin/Documents/M-LADIS-sim/PX4 Aux/ws_sensor_combined/install/std_srvs/lib/libstd_srvs__rosidl_typesupport_fastrtps_cpp.so" to ""
[7.017s] -- Up-to-date: /home/dserbin/Documents/M-LADIS-sim/PX4 Aux/ws_sensor_combined/install/std_srvs/include/std_srvs/std_srvs
[7.018s] -- Up-to-date: /home/dserbin/Documents/M-LADIS-sim/PX4 Aux/ws_sensor_combined/install/std_srvs/include/std_srvs/std_srvs/srv
[7.018s] -- Up-to-date: /home/dserbin/Documents/M-LADIS-sim/PX4 Aux/ws_sensor_combined/install/std_srvs/include/std_srvs/std_srvs/srv/detail
[7.018s] -- Installing: /home/dserbin/Documents/M-LADIS-sim/PX4 Aux/ws_sensor_combined/install/std_srvs/include/std_srvs/std_srvs/srv/detail/trigger__rosidl_typesupport_introspection_cpp.hpp
[7.018s] -- Installing: /home/dserbin/Documents/M-LADIS-sim/PX4 Aux/ws_sensor_combined/install/std_srvs/include/std_srvs/std_srvs/srv/detail/set_bool__type_support.cpp
[7.019s] -- Installing: /home/dserbin/Documents/M-LADIS-sim/PX4 Aux/ws_sensor_combined/install/std_srvs/include/std_srvs/std_srvs/srv/detail/set_bool__rosidl_typesupport_introspection_cpp.hpp
[7.019s] -- Installing: /home/dserbin/Documents/M-LADIS-sim/PX4 Aux/ws_sensor_combined/install/std_srvs/include/std_srvs/std_srvs/srv/detail/empty__rosidl_typesupport_introspection_cpp.hpp
[7.019s] -- Installing: /home/dserbin/Documents/M-LADIS-sim/PX4 Aux/ws_sensor_combined/install/std_srvs/include/std_srvs/std_srvs/srv/detail/trigger__type_support.cpp
[7.019s] -- Installing: /home/dserbin/Documents/M-LADIS-sim/PX4 Aux/ws_sensor_combined/install/std_srvs/include/std_srvs/std_srvs/srv/detail/empty__type_support.cpp
[7.020s] -- Installing: /home/dserbin/Documents/M-LADIS-sim/PX4 Aux/ws_sensor_combined/install/std_srvs/lib/libstd_srvs__rosidl_typesupport_introspection_cpp.so
[7.020s] -- Set runtime path of "/home/dserbin/Documents/M-LADIS-sim/PX4 Aux/ws_sensor_combined/install/std_srvs/lib/libstd_srvs__rosidl_typesupport_introspection_cpp.so" to ""
[7.020s] -- Installing: /home/dserbin/Documents/M-LADIS-sim/PX4 Aux/ws_sensor_combined/install/std_srvs/lib/libstd_srvs__rosidl_typesupport_cpp.so
[7.021s] -- Set runtime path of "/home/dserbin/Documents/M-LADIS-sim/PX4 Aux/ws_sensor_combined/install/std_srvs/lib/libstd_srvs__rosidl_typesupport_cpp.so" to ""
[7.021s] -- Installing: /home/dserbin/Documents/M-LADIS-sim/PX4 Aux/ws_sensor_combined/install/std_srvs/share/std_srvs/environment/pythonpath.sh
[7.021s] -- Installing: /home/dserbin/Documents/M-LADIS-sim/PX4 Aux/ws_sensor_combined/install/std_srvs/share/std_srvs/environment/pythonpath.dsv
[7.022s] -- Installing: /home/dserbin/Documents/M-LADIS-sim/PX4 Aux/ws_sensor_combined/install/std_srvs/local/lib/python3.10/dist-packages/std_srvs-5.3.0-py3.10.egg-info
[7.022s] -- Installing: /home/dserbin/Documents/M-LADIS-sim/PX4 Aux/ws_sensor_combined/install/std_srvs/local/lib/python3.10/dist-packages/std_srvs-5.3.0-py3.10.egg-info/PKG-INFO
[7.022s] -- Installing: /home/dserbin/Documents/M-LADIS-sim/PX4 Aux/ws_sensor_combined/install/std_srvs/local/lib/python3.10/dist-packages/std_srvs-5.3.0-py3.10.egg-info/SOURCES.txt
[7.022s] -- Installing: /home/dserbin/Documents/M-LADIS-sim/PX4 Aux/ws_sensor_combined/install/std_srvs/local/lib/python3.10/dist-packages/std_srvs-5.3.0-py3.10.egg-info/dependency_links.txt
[7.023s] -- Installing: /home/dserbin/Documents/M-LADIS-sim/PX4 Aux/ws_sensor_combined/install/std_srvs/local/lib/python3.10/dist-packages/std_srvs-5.3.0-py3.10.egg-info/top_level.txt
[7.023s] -- Installing: /home/dserbin/Documents/M-LADIS-sim/PX4 Aux/ws_sensor_combined/install/std_srvs/local/lib/python3.10/dist-packages/std_srvs
[7.023s] -- Installing: /home/dserbin/Documents/M-LADIS-sim/PX4 Aux/ws_sensor_combined/install/std_srvs/local/lib/python3.10/dist-packages/std_srvs/__init__.py
[7.023s] -- Installing: /home/dserbin/Documents/M-LADIS-sim/PX4 Aux/ws_sensor_combined/install/std_srvs/local/lib/python3.10/dist-packages/std_srvs/std_srvs_s__rosidl_typesupport_introspection_c.cpython-310-x86_64-linux-gnu.so
[7.023s] -- Installing: /home/dserbin/Documents/M-LADIS-sim/PX4 Aux/ws_sensor_combined/install/std_srvs/local/lib/python3.10/dist-packages/std_srvs/std_srvs_s__rosidl_typesupport_fastrtps_c.cpython-310-x86_64-linux-gnu.so
[7.024s] -- Installing: /home/dserbin/Documents/M-LADIS-sim/PX4 Aux/ws_sensor_combined/install/std_srvs/local/lib/python3.10/dist-packages/std_srvs/srv
[7.024s] -- Installing: /home/dserbin/Documents/M-LADIS-sim/PX4 Aux/ws_sensor_combined/install/std_srvs/local/lib/python3.10/dist-packages/std_srvs/srv/__init__.py
[7.024s] -- Installing: /home/dserbin/Documents/M-LADIS-sim/PX4 Aux/ws_sensor_combined/install/std_srvs/local/lib/python3.10/dist-packages/std_srvs/srv/_empty_s.c
[7.024s] -- Installing: /home/dserbin/Documents/M-LADIS-sim/PX4 Aux/ws_sensor_combined/install/std_srvs/local/lib/python3.10/dist-packages/std_srvs/srv/_set_bool_s.c
[7.025s] -- Installing: /home/dserbin/Documents/M-LADIS-sim/PX4 Aux/ws_sensor_combined/install/std_srvs/local/lib/python3.10/dist-packages/std_srvs/srv/_trigger_s.c
[7.025s] -- Installing: /home/dserbin/Documents/M-LADIS-sim/PX4 Aux/ws_sensor_combined/install/std_srvs/local/lib/python3.10/dist-packages/std_srvs/srv/_empty.py
[7.025s] -- Installing: /home/dserbin/Documents/M-LADIS-sim/PX4 Aux/ws_sensor_combined/install/std_srvs/local/lib/python3.10/dist-packages/std_srvs/srv/_set_bool.py
[7.025s] -- Installing: /home/dserbin/Documents/M-LADIS-sim/PX4 Aux/ws_sensor_combined/install/std_srvs/local/lib/python3.10/dist-packages/std_srvs/srv/_trigger.py
[7.026s] -- Installing: /home/dserbin/Documents/M-LADIS-sim/PX4 Aux/ws_sensor_combined/install/std_srvs/local/lib/python3.10/dist-packages/std_srvs/_std_srvs_s.ep.rosidl_typesupport_c.c
[7.026s] -- Installing: /home/dserbin/Documents/M-LADIS-sim/PX4 Aux/ws_sensor_combined/install/std_srvs/local/lib/python3.10/dist-packages/std_srvs/_std_srvs_s.ep.rosidl_typesupport_introspection_c.c
[7.027s] -- Installing: /home/dserbin/Documents/M-LADIS-sim/PX4 Aux/ws_sensor_combined/install/std_srvs/local/lib/python3.10/dist-packages/std_srvs/libstd_srvs__rosidl_generator_py.so
[7.027s] -- Installing: /home/dserbin/Documents/M-LADIS-sim/PX4 Aux/ws_sensor_combined/install/std_srvs/local/lib/python3.10/dist-packages/std_srvs/std_srvs_s__rosidl_typesupport_c.cpython-310-x86_64-linux-gnu.so
[7.027s] -- Installing: /home/dserbin/Documents/M-LADIS-sim/PX4 Aux/ws_sensor_combined/install/std_srvs/local/lib/python3.10/dist-packages/std_srvs/_std_srvs_s.ep.rosidl_typesupport_fastrtps_c.c
[7.093s] Listing '/home/dserbin/Documents/M-LADIS-sim/PX4 Aux/ws_sensor_combined/install/std_srvs/local/lib/python3.10/dist-packages/std_srvs'...
[7.093s] Compiling '/home/dserbin/Documents/M-LADIS-sim/PX4 Aux/ws_sensor_combined/install/std_srvs/local/lib/python3.10/dist-packages/std_srvs/__init__.py'...
[7.094s] Listing '/home/dserbin/Documents/M-LADIS-sim/PX4 Aux/ws_sensor_combined/install/std_srvs/local/lib/python3.10/dist-packages/std_srvs/srv'...
[7.094s] Compiling '/home/dserbin/Documents/M-LADIS-sim/PX4 Aux/ws_sensor_combined/install/std_srvs/local/lib/python3.10/dist-packages/std_srvs/srv/__init__.py'...
[7.094s] Compiling '/home/dserbin/Documents/M-LADIS-sim/PX4 Aux/ws_sensor_combined/install/std_srvs/local/lib/python3.10/dist-packages/std_srvs/srv/_empty.py'...
[7.094s] Compiling '/home/dserbin/Documents/M-LADIS-sim/PX4 Aux/ws_sensor_combined/install/std_srvs/local/lib/python3.10/dist-packages/std_srvs/srv/_set_bool.py'...
[7.094s] Compiling '/home/dserbin/Documents/M-LADIS-sim/PX4 Aux/ws_sensor_combined/install/std_srvs/local/lib/python3.10/dist-packages/std_srvs/srv/_trigger.py'...
[7.109s] -- Installing: /home/dserbin/Documents/M-LADIS-sim/PX4 Aux/ws_sensor_combined/install/std_srvs/local/lib/python3.10/dist-packages/std_srvs/std_srvs_s__rosidl_typesupport_fastrtps_c.cpython-310-x86_64-linux-gnu.so
[7.110s] -- Set runtime path of "/home/dserbin/Documents/M-LADIS-sim/PX4 Aux/ws_sensor_combined/install/std_srvs/local/lib/python3.10/dist-packages/std_srvs/std_srvs_s__rosidl_typesupport_fastrtps_c.cpython-310-x86_64-linux-gnu.so" to ""
[7.110s] -- Installing: /home/dserbin/Documents/M-LADIS-sim/PX4 Aux/ws_sensor_combined/install/std_srvs/local/lib/python3.10/dist-packages/std_srvs/std_srvs_s__rosidl_typesupport_introspection_c.cpython-310-x86_64-linux-gnu.so
[7.111s] -- Set runtime path of "/home/dserbin/Documents/M-LADIS-sim/PX4 Aux/ws_sensor_combined/install/std_srvs/local/lib/python3.10/dist-packages/std_srvs/std_srvs_s__rosidl_typesupport_introspection_c.cpython-310-x86_64-linux-gnu.so" to ""
[7.111s] -- Installing: /home/dserbin/Documents/M-LADIS-sim/PX4 Aux/ws_sensor_combined/install/std_srvs/local/lib/python3.10/dist-packages/std_srvs/std_srvs_s__rosidl_typesupport_c.cpython-310-x86_64-linux-gnu.so
[7.112s] -- Set runtime path of "/home/dserbin/Documents/M-LADIS-sim/PX4 Aux/ws_sensor_combined/install/std_srvs/local/lib/python3.10/dist-packages/std_srvs/std_srvs_s__rosidl_typesupport_c.cpython-310-x86_64-linux-gnu.so" to ""
[7.112s] -- Installing: /home/dserbin/Documents/M-LADIS-sim/PX4 Aux/ws_sensor_combined/install/std_srvs/lib/libstd_srvs__rosidl_generator_py.so
[7.113s] -- Set runtime path of "/home/dserbin/Documents/M-LADIS-sim/PX4 Aux/ws_sensor_combined/install/std_srvs/lib/libstd_srvs__rosidl_generator_py.so" to ""
[7.114s] -- Installing: /home/dserbin/Documents/M-LADIS-sim/PX4 Aux/ws_sensor_combined/install/std_srvs/share/std_srvs/srv/Empty.idl
[7.114s] -- Installing: /home/dserbin/Documents/M-LADIS-sim/PX4 Aux/ws_sensor_combined/install/std_srvs/share/std_srvs/srv/SetBool.idl
[7.114s] -- Installing: /home/dserbin/Documents/M-LADIS-sim/PX4 Aux/ws_sensor_combined/install/std_srvs/share/std_srvs/srv/Trigger.idl
[7.115s] -- Installing: /home/dserbin/Documents/M-LADIS-sim/PX4 Aux/ws_sensor_combined/install/std_srvs/share/std_srvs/srv/Empty.srv
[7.115s] -- Installing: /home/dserbin/Documents/M-LADIS-sim/PX4 Aux/ws_sensor_combined/install/std_srvs/share/std_srvs/srv/Empty_Request.msg
[7.115s] -- Installing: /home/dserbin/Documents/M-LADIS-sim/PX4 Aux/ws_sensor_combined/install/std_srvs/share/std_srvs/srv/Empty_Response.msg
[7.116s] -- Installing: /home/dserbin/Documents/M-LADIS-sim/PX4 Aux/ws_sensor_combined/install/std_srvs/share/std_srvs/srv/SetBool.srv
[7.116s] -- Installing: /home/dserbin/Documents/M-LADIS-sim/PX4 Aux/ws_sensor_combined/install/std_srvs/share/std_srvs/srv/SetBool_Request.msg
[7.116s] -- Installing: /home/dserbin/Documents/M-LADIS-sim/PX4 Aux/ws_sensor_combined/install/std_srvs/share/std_srvs/srv/SetBool_Response.msg
[7.117s] -- Installing: /home/dserbin/Documents/M-LADIS-sim/PX4 Aux/ws_sensor_combined/install/std_srvs/share/std_srvs/srv/Trigger.srv
[7.117s] -- Installing: /home/dserbin/Documents/M-LADIS-sim/PX4 Aux/ws_sensor_combined/install/std_srvs/share/std_srvs/srv/Trigger_Request.msg
[7.117s] -- Installing: /home/dserbin/Documents/M-LADIS-sim/PX4 Aux/ws_sensor_combined/install/std_srvs/share/std_srvs/srv/Trigger_Response.msg
[7.118s] -- Installing: /home/dserbin/Documents/M-LADIS-sim/PX4 Aux/ws_sensor_combined/install/std_srvs/share/ament_index/resource_index/package_run_dependencies/std_srvs
[7.118s] -- Installing: /home/dserbin/Documents/M-LADIS-sim/PX4 Aux/ws_sensor_combined/install/std_srvs/share/ament_index/resource_index/parent_prefix_path/std_srvs
[7.119s] -- Installing: /home/dserbin/Documents/M-LADIS-sim/PX4 Aux/ws_sensor_combined/install/std_srvs/share/std_srvs/environment/ament_prefix_path.sh
[7.119s] -- Installing: /home/dserbin/Documents/M-LADIS-sim/PX4 Aux/ws_sensor_combined/install/std_srvs/share/std_srvs/environment/ament_prefix_path.dsv
[7.119s] -- Installing: /home/dserbin/Documents/M-LADIS-sim/PX4 Aux/ws_sensor_combined/install/std_srvs/share/std_srvs/environment/path.sh
[7.120s] -- Installing: /home/dserbin/Documents/M-LADIS-sim/PX4 Aux/ws_sensor_combined/install/std_srvs/share/std_srvs/environment/path.dsv
[7.120s] -- Installing: /home/dserbin/Documents/M-LADIS-sim/PX4 Aux/ws_sensor_combined/install/std_srvs/share/std_srvs/local_setup.bash
[7.120s] -- Installing: /home/dserbin/Documents/M-LADIS-sim/PX4 Aux/ws_sensor_combined/install/std_srvs/share/std_srvs/local_setup.sh
[7.121s] -- Installing: /home/dserbin/Documents/M-LADIS-sim/PX4 Aux/ws_sensor_combined/install/std_srvs/share/std_srvs/local_setup.zsh
[7.121s] -- Installing: /home/dserbin/Documents/M-LADIS-sim/PX4 Aux/ws_sensor_combined/install/std_srvs/share/std_srvs/local_setup.dsv
[7.122s] -- Installing: /home/dserbin/Documents/M-LADIS-sim/PX4 Aux/ws_sensor_combined/install/std_srvs/share/std_srvs/package.dsv
[7.122s] -- Installing: /home/dserbin/Documents/M-LADIS-sim/PX4 Aux/ws_sensor_combined/install/std_srvs/share/ament_index/resource_index/packages/std_srvs
[7.123s] -- Installing: /home/dserbin/Documents/M-LADIS-sim/PX4 Aux/ws_sensor_combined/install/std_srvs/share/std_srvs/cmake/export_std_srvs__rosidl_generator_cExport.cmake
[7.123s] -- Installing: /home/dserbin/Documents/M-LADIS-sim/PX4 Aux/ws_sensor_combined/install/std_srvs/share/std_srvs/cmake/export_std_srvs__rosidl_generator_cExport-noconfig.cmake
[7.123s] -- Installing: /home/dserbin/Documents/M-LADIS-sim/PX4 Aux/ws_sensor_combined/install/std_srvs/share/std_srvs/cmake/export_std_srvs__rosidl_typesupport_fastrtps_cExport.cmake
[7.124s] -- Installing: /home/dserbin/Documents/M-LADIS-sim/PX4 Aux/ws_sensor_combined/install/std_srvs/share/std_srvs/cmake/export_std_srvs__rosidl_typesupport_fastrtps_cExport-noconfig.cmake
[7.124s] -- Installing: /home/dserbin/Documents/M-LADIS-sim/PX4 Aux/ws_sensor_combined/install/std_srvs/share/std_srvs/cmake/std_srvs__rosidl_typesupport_introspection_cExport.cmake
[7.125s] -- Installing: /home/dserbin/Documents/M-LADIS-sim/PX4 Aux/ws_sensor_combined/install/std_srvs/share/std_srvs/cmake/std_srvs__rosidl_typesupport_introspection_cExport-noconfig.cmake
[7.125s] -- Installing: /home/dserbin/Documents/M-LADIS-sim/PX4 Aux/ws_sensor_combined/install/std_srvs/share/std_srvs/cmake/std_srvs__rosidl_typesupport_cExport.cmake
[7.125s] -- Installing: /home/dserbin/Documents/M-LADIS-sim/PX4 Aux/ws_sensor_combined/install/std_srvs/share/std_srvs/cmake/std_srvs__rosidl_typesupport_cExport-noconfig.cmake
[7.126s] -- Installing: /home/dserbin/Documents/M-LADIS-sim/PX4 Aux/ws_sensor_combined/install/std_srvs/share/std_srvs/cmake/export_std_srvs__rosidl_generator_cppExport.cmake
[7.126s] -- Installing: /home/dserbin/Documents/M-LADIS-sim/PX4 Aux/ws_sensor_combined/install/std_srvs/share/std_srvs/cmake/export_std_srvs__rosidl_typesupport_fastrtps_cppExport.cmake
[7.126s] -- Installing: /home/dserbin/Documents/M-LADIS-sim/PX4 Aux/ws_sensor_combined/install/std_srvs/share/std_srvs/cmake/export_std_srvs__rosidl_typesupport_fastrtps_cppExport-noconfig.cmake
[7.127s] -- Installing: /home/dserbin/Documents/M-LADIS-sim/PX4 Aux/ws_sensor_combined/install/std_srvs/share/std_srvs/cmake/std_srvs__rosidl_typesupport_introspection_cppExport.cmake
[7.127s] -- Installing: /home/dserbin/Documents/M-LADIS-sim/PX4 Aux/ws_sensor_combined/install/std_srvs/share/std_srvs/cmake/std_srvs__rosidl_typesupport_introspection_cppExport-noconfig.cmake
[7.128s] -- Installing: /home/dserbin/Documents/M-LADIS-sim/PX4 Aux/ws_sensor_combined/install/std_srvs/share/std_srvs/cmake/std_srvs__rosidl_typesupport_cppExport.cmake
[7.128s] -- Installing: /home/dserbin/Documents/M-LADIS-sim/PX4 Aux/ws_sensor_combined/install/std_srvs/share/std_srvs/cmake/std_srvs__rosidl_typesupport_cppExport-noconfig.cmake
[7.128s] -- Installing: /home/dserbin/Documents/M-LADIS-sim/PX4 Aux/ws_sensor_combined/install/std_srvs/share/std_srvs/cmake/export_std_srvs__rosidl_generator_pyExport.cmake
[7.129s] -- Installing: /home/dserbin/Documents/M-LADIS-sim/PX4 Aux/ws_sensor_combined/install/std_srvs/share/std_srvs/cmake/export_std_srvs__rosidl_generator_pyExport-noconfig.cmake
[7.129s] -- Installing: /home/dserbin/Documents/M-LADIS-sim/PX4 Aux/ws_sensor_combined/install/std_srvs/share/std_srvs/cmake/rosidl_cmake-extras.cmake
[7.129s] -- Installing: /home/dserbin/Documents/M-LADIS-sim/PX4 Aux/ws_sensor_combined/install/std_srvs/share/std_srvs/cmake/ament_cmake_export_include_directories-extras.cmake
[7.130s] -- Installing: /home/dserbin/Documents/M-LADIS-sim/PX4 Aux/ws_sensor_combined/install/std_srvs/share/std_srvs/cmake/ament_cmake_export_libraries-extras.cmake
[7.130s] -- Installing: /home/dserbin/Documents/M-LADIS-sim/PX4 Aux/ws_sensor_combined/install/std_srvs/share/std_srvs/cmake/ament_cmake_export_targets-extras.cmake
[7.130s] -- Installing: /home/dserbin/Documents/M-LADIS-sim/PX4 Aux/ws_sensor_combined/install/std_srvs/share/std_srvs/cmake/rosidl_cmake_export_typesupport_targets-extras.cmake
[7.131s] -- Installing: /home/dserbin/Documents/M-LADIS-sim/PX4 Aux/ws_sensor_combined/install/std_srvs/share/std_srvs/cmake/ament_cmake_export_dependencies-extras.cmake
[7.131s] -- Installing: /home/dserbin/Documents/M-LADIS-sim/PX4 Aux/ws_sensor_combined/install/std_srvs/share/std_srvs/cmake/rosidl_cmake_export_typesupport_libraries-extras.cmake
[7.131s] -- Installing: /home/dserbin/Documents/M-LADIS-sim/PX4 Aux/ws_sensor_combined/install/std_srvs/share/std_srvs/cmake/std_srvsConfig.cmake
[7.132s] -- Installing: /home/dserbin/Documents/M-LADIS-sim/PX4 Aux/ws_sensor_combined/install/std_srvs/share/std_srvs/cmake/std_srvsConfig-version.cmake
[7.132s] -- Installing: /home/dserbin/Documents/M-LADIS-sim/PX4 Aux/ws_sensor_combined/install/std_srvs/share/std_srvs/package.xml
[7.138s] Invoked command in '/home/dserbin/Documents/M-LADIS-sim/PX4 Aux/ws_sensor_combined/build/std_srvs' returned '0': CMAKE_PREFIX_PATH=${CMAKE_PREFIX_PATH}:/opt/ros/humble /usr/bin/cmake --install /home/dserbin/Documents/M-LADIS-sim/PX4 Aux/ws_sensor_combined/build/std_srvs
