[0.014s] Invoking command in '/home/robmoemac/M-LADIS-sim/PX4 Aux/ws_sensor_combined/build/px4_ros_com': CMAKE_PREFIX_PATH=/home/robmoemac/M-LADIS-sim/PX4 Aux/ws_sensor_combined/install/px4_msgs:/home/robmoemac/M-LADIS-sim/PX4 Aux/ws_sensor_combined/install/ros:/home/robmoemac/M-LADIS-sim/PX4 Aux/ws_sensor_combined/install/px4_ros_com:/opt/ros/humble /usr/bin/cmake --build /home/robmoemac/M-LADIS-sim/PX4 Aux/ws_sensor_combined/build/px4_ros_com -- -j32 -l32
[0.053s] [35m[1mConsolidate compiler generated dependencies of target PointCloudProcessor[0m
[0.058s] [ 16%] Built target vehicle_gps_position_listener
[0.059s] [ 50%] Built target sensor_combined_listener
[0.059s] [ 50%] Built target offboard_control
[0.059s] [ 66%] Built target debug_vect_advertiser
[0.059s] [ 83%] Built target test_flight_control
[0.080s] [ 91%] [32mBuilding CXX object CMakeFiles/PointCloudProcessor.dir/src/PointCloudProcessor.cpp.o[0m
[9.430s] [100%] [32m[1mLinking CXX executable PointCloudProcessor[0m
[9.941s] [100%] Built target PointCloudProcessor
[9.952s] Invoked command in '/home/robmoemac/M-LADIS-sim/PX4 Aux/ws_sensor_combined/build/px4_ros_com' returned '0': CMAKE_PREFIX_PATH=/home/robmoemac/M-LADIS-sim/PX4 Aux/ws_sensor_combined/install/px4_msgs:/home/robmoemac/M-LADIS-sim/PX4 Aux/ws_sensor_combined/install/ros:/home/robmoemac/M-LADIS-sim/PX4 Aux/ws_sensor_combined/install/px4_ros_com:/opt/ros/humble /usr/bin/cmake --build /home/robmoemac/M-LADIS-sim/PX4 Aux/ws_sensor_combined/build/px4_ros_com -- -j32 -l32
[9.981s] Invoking command in '/home/robmoemac/M-LADIS-sim/PX4 Aux/ws_sensor_combined/build/px4_ros_com': CMAKE_PREFIX_PATH=/home/robmoemac/M-LADIS-sim/PX4 Aux/ws_sensor_combined/install/px4_msgs:/home/robmoemac/M-LADIS-sim/PX4 Aux/ws_sensor_combined/install/ros:/home/robmoemac/M-LADIS-sim/PX4 Aux/ws_sensor_combined/install/px4_ros_com:/opt/ros/humble /usr/bin/cmake --install /home/robmoemac/M-LADIS-sim/PX4 Aux/ws_sensor_combined/build/px4_ros_com
[9.986s] -- Install configuration: ""
[9.986s] -- Up-to-date: /home/robmoemac/M-LADIS-sim/PX4 Aux/ws_sensor_combined/install/px4_ros_com/lib/px4_ros_com/sensor_combined_listener
[9.986s] -- Up-to-date: /home/robmoemac/M-LADIS-sim/PX4 Aux/ws_sensor_combined/install/px4_ros_com/lib/px4_ros_com/vehicle_gps_position_listener
[9.987s] -- Up-to-date: /home/robmoemac/M-LADIS-sim/PX4 Aux/ws_sensor_combined/install/px4_ros_com/lib/px4_ros_com/debug_vect_advertiser
[9.987s] -- Up-to-date: /home/robmoemac/M-LADIS-sim/PX4 Aux/ws_sensor_combined/install/px4_ros_com/lib/px4_ros_com/offboard_control
[9.987s] -- Up-to-date: /home/robmoemac/M-LADIS-sim/PX4 Aux/ws_sensor_combined/install/px4_ros_com/lib/px4_ros_com/test_flight_control
[9.987s] -- Installing: /home/robmoemac/M-LADIS-sim/PX4 Aux/ws_sensor_combined/install/px4_ros_com/lib/px4_ros_com/PointCloudProcessor
[9.992s] -- Set runtime path of "/home/robmoemac/M-LADIS-sim/PX4 Aux/ws_sensor_combined/install/px4_ros_com/lib/px4_ros_com/PointCloudProcessor" to ""
[9.992s] -- Up-to-date: /home/robmoemac/M-LADIS-sim/PX4 Aux/ws_sensor_combined/install/px4_ros_com/include/px4_ros_com
[9.992s] -- Up-to-date: /home/robmoemac/M-LADIS-sim/PX4 Aux/ws_sensor_combined/install/px4_ros_com/include/px4_ros_com/frame_transforms.h
[9.992s] -- Up-to-date: /home/robmoemac/M-LADIS-sim/PX4 Aux/ws_sensor_combined/install/px4_ros_com/share/px4_ros_com//launch
[9.992s] -- Up-to-date: /home/robmoemac/M-LADIS-sim/PX4 Aux/ws_sensor_combined/install/px4_ros_com/share/px4_ros_com//launch/offboard_control_launch.yaml
[9.992s] -- Up-to-date: /home/robmoemac/M-LADIS-sim/PX4 Aux/ws_sensor_combined/install/px4_ros_com/share/px4_ros_com//launch/sensor_combined_listener.launch.py
[9.993s] -- Up-to-date: /home/robmoemac/M-LADIS-sim/PX4 Aux/ws_sensor_combined/install/px4_ros_com/share/px4_ros_com//test
[9.993s] -- Up-to-date: /home/robmoemac/M-LADIS-sim/PX4 Aux/ws_sensor_combined/install/px4_ros_com/share/px4_ros_com//test/pipeline_io_test.py
[9.993s] -- Up-to-date: /home/robmoemac/M-LADIS-sim/PX4 Aux/ws_sensor_combined/install/px4_ros_com/share/px4_ros_com//test/test_output.py
[9.993s] -- Up-to-date: /home/robmoemac/M-LADIS-sim/PX4 Aux/ws_sensor_combined/install/px4_ros_com/share/px4_ros_com//test/__init__.py
[9.993s] -- Up-to-date: /home/robmoemac/M-LADIS-sim/PX4 Aux/ws_sensor_combined/install/px4_ros_com/share/px4_ros_com//test/test_input.py
[9.993s] -- Up-to-date: /home/robmoemac/M-LADIS-sim/PX4 Aux/ws_sensor_combined/install/px4_ros_com/share/ament_index/resource_index/package_run_dependencies/px4_ros_com
[9.993s] -- Up-to-date: /home/robmoemac/M-LADIS-sim/PX4 Aux/ws_sensor_combined/install/px4_ros_com/share/ament_index/resource_index/parent_prefix_path/px4_ros_com
[9.993s] -- Up-to-date: /home/robmoemac/M-LADIS-sim/PX4 Aux/ws_sensor_combined/install/px4_ros_com/share/px4_ros_com/environment/ament_prefix_path.sh
[9.993s] -- Up-to-date: /home/robmoemac/M-LADIS-sim/PX4 Aux/ws_sensor_combined/install/px4_ros_com/share/px4_ros_com/environment/ament_prefix_path.dsv
[9.993s] -- Up-to-date: /home/robmoemac/M-LADIS-sim/PX4 Aux/ws_sensor_combined/install/px4_ros_com/share/px4_ros_com/environment/path.sh
[9.993s] -- Up-to-date: /home/robmoemac/M-LADIS-sim/PX4 Aux/ws_sensor_combined/install/px4_ros_com/share/px4_ros_com/environment/path.dsv
[9.993s] -- Up-to-date: /home/robmoemac/M-LADIS-sim/PX4 Aux/ws_sensor_combined/install/px4_ros_com/share/px4_ros_com/local_setup.bash
[9.993s] -- Up-to-date: /home/robmoemac/M-LADIS-sim/PX4 Aux/ws_sensor_combined/install/px4_ros_com/share/px4_ros_com/local_setup.sh
[9.993s] -- Up-to-date: /home/robmoemac/M-LADIS-sim/PX4 Aux/ws_sensor_combined/install/px4_ros_com/share/px4_ros_com/local_setup.zsh
[9.993s] -- Up-to-date: /home/robmoemac/M-LADIS-sim/PX4 Aux/ws_sensor_combined/install/px4_ros_com/share/px4_ros_com/local_setup.dsv
[9.993s] -- Installing: /home/robmoemac/M-LADIS-sim/PX4 Aux/ws_sensor_combined/install/px4_ros_com/share/px4_ros_com/package.dsv
[9.993s] -- Up-to-date: /home/robmoemac/M-LADIS-sim/PX4 Aux/ws_sensor_combined/install/px4_ros_com/share/ament_index/resource_index/packages/px4_ros_com
[9.993s] -- Up-to-date: /home/robmoemac/M-LADIS-sim/PX4 Aux/ws_sensor_combined/install/px4_ros_com/share/px4_ros_com/cmake/ament_cmake_export_dependencies-extras.cmake
[9.993s] -- Up-to-date: /home/robmoemac/M-LADIS-sim/PX4 Aux/ws_sensor_combined/install/px4_ros_com/share/px4_ros_com/cmake/ament_cmake_export_include_directories-extras.cmake
[9.993s] -- Up-to-date: /home/robmoemac/M-LADIS-sim/PX4 Aux/ws_sensor_combined/install/px4_ros_com/share/px4_ros_com/cmake/px4_ros_comConfig.cmake
[9.993s] -- Up-to-date: /home/robmoemac/M-LADIS-sim/PX4 Aux/ws_sensor_combined/install/px4_ros_com/share/px4_ros_com/cmake/px4_ros_comConfig-version.cmake
[9.993s] -- Up-to-date: /home/robmoemac/M-LADIS-sim/PX4 Aux/ws_sensor_combined/install/px4_ros_com/share/px4_ros_com/package.xml
[9.999s] Invoked command in '/home/robmoemac/M-LADIS-sim/PX4 Aux/ws_sensor_combined/build/px4_ros_com' returned '0': CMAKE_PREFIX_PATH=/home/robmoemac/M-LADIS-sim/PX4 Aux/ws_sensor_combined/install/px4_msgs:/home/robmoemac/M-LADIS-sim/PX4 Aux/ws_sensor_combined/install/ros:/home/robmoemac/M-LADIS-sim/PX4 Aux/ws_sensor_combined/install/px4_ros_com:/opt/ros/humble /usr/bin/cmake --install /home/robmoemac/M-LADIS-sim/PX4 Aux/ws_sensor_combined/build/px4_ros_com
