[0.017s] Invoking command in '/home/dserbin/Documents/M-LADIS-sim/PX4 Aux/ws_sensor_combined/build/ros_gz_interfaces': CMAKE_PREFIX_PATH=/opt/ros/humble /usr/bin/cmake /home/dserbin/Documents/M-LADIS-sim/PX4 Aux/ws_sensor_combined/src/ros_gz/ros_gz_interfaces -DCMAKE_INSTALL_PREFIX=/home/dserbin/Documents/M-LADIS-sim/PX4 Aux/ws_sensor_combined/install/ros_gz_interfaces
[0.145s] -- The C compiler identification is GNU 11.4.0
[0.248s] -- The CXX compiler identification is GNU 11.4.0
[0.259s] -- Detecting C compiler ABI info
[0.348s] -- Detecting C compiler ABI info - done
[0.353s] -- Check for working C compiler: /usr/bin/cc - skipped
[0.353s] -- Detecting C compile features
[0.354s] -- Detecting C compile features - done
[0.357s] -- Detecting CXX compiler ABI info
[0.452s] -- Detecting CXX compiler ABI info - done
[0.458s] -- Check for working CXX compiler: /usr/bin/c++ - skipped
[0.458s] -- Detecting CXX compile features
[0.458s] -- Detecting CXX compile features - done
[0.462s] -- Found ament_cmake: 1.3.8 (/opt/ros/humble/share/ament_cmake/cmake)
[0.844s] -- Found Python3: /usr/bin/python3 (found version "3.10.12") found components: Interpreter 
[0.961s] -- Found builtin_interfaces: 1.2.1 (/opt/ros/humble/share/builtin_interfaces/cmake)
[1.010s] -- Found rosidl_generator_c: 3.1.5 (/opt/ros/humble/share/rosidl_generator_c/cmake)
[1.017s] -- Found rosidl_adapter: 3.1.5 (/opt/ros/humble/share/rosidl_adapter/cmake)
[1.029s] -- Found rosidl_generator_cpp: 3.1.5 (/opt/ros/humble/share/rosidl_generator_cpp/cmake)
[1.048s] -- Using all available rosidl_typesupport_c: rosidl_typesupport_fastrtps_c;rosidl_typesupport_introspection_c
[1.075s] -- Using all available rosidl_typesupport_cpp: rosidl_typesupport_fastrtps_cpp;rosidl_typesupport_introspection_cpp
[1.105s] -- Found rcl_interfaces: 1.2.1 (/opt/ros/humble/share/rcl_interfaces/cmake)
[1.144s] -- Found std_msgs: 4.2.3 (/opt/ros/humble/share/std_msgs/cmake)
[1.182s] -- Found geometry_msgs: 4.2.3 (/opt/ros/humble/share/geometry_msgs/cmake)
[1.226s] -- Found rosidl_default_generators: 1.2.0 (/opt/ros/humble/share/rosidl_default_generators/cmake)
[1.722s] -- Found ament_cmake_cppcheck: 0.12.10 (/opt/ros/humble/share/ament_cmake_cppcheck/cmake)
[1.726s] -- Found ament_cmake_cpplint: 0.12.10 (/opt/ros/humble/share/ament_cmake_cpplint/cmake)
[1.730s] -- Found ament_cmake_uncrustify: 0.12.10 (/opt/ros/humble/share/ament_cmake_uncrustify/cmake)
[1.734s] -- Found ament_cmake_ros: 0.10.0 (/opt/ros/humble/share/ament_cmake_ros/cmake)
[2.275s] -- Using all available rosidl_typesupport_c: rosidl_typesupport_fastrtps_c;rosidl_typesupport_introspection_c
[2.493s] -- Using all available rosidl_typesupport_cpp: rosidl_typesupport_fastrtps_cpp;rosidl_typesupport_introspection_cpp
[2.519s] -- Found PythonInterp: /usr/bin/python3 (found suitable version "3.10.12", minimum required is "3.6") 
[2.521s] -- Found python_cmake_module: 0.10.0 (/opt/ros/humble/share/python_cmake_module/cmake)
[2.554s] -- Found PythonLibs: /usr/lib/x86_64-linux-gnu/libpython3.10.so (found suitable version "3.10.12", minimum required is "3.5") 
[2.555s] -- Using PYTHON_EXECUTABLE: /usr/bin/python3
[2.555s] -- Using PYTHON_INCLUDE_DIRS: /usr/include/python3.10
[2.555s] -- Using PYTHON_LIBRARIES: /usr/lib/x86_64-linux-gnu/libpython3.10.so
[2.581s] -- Found PythonExtra: .so  
[2.656s] -- Found ament_cmake_flake8: 0.12.10 (/opt/ros/humble/share/ament_cmake_flake8/cmake)
[2.659s] -- Found ament_cmake_pep257: 0.12.10 (/opt/ros/humble/share/ament_cmake_pep257/cmake)
[2.674s] -- Configuring done
[2.762s] -- Generating done
[2.765s] -- Build files have been written to: /home/dserbin/Documents/M-LADIS-sim/PX4 Aux/ws_sensor_combined/build/ros_gz_interfaces
[2.791s] Invoked command in '/home/dserbin/Documents/M-LADIS-sim/PX4 Aux/ws_sensor_combined/build/ros_gz_interfaces' returned '0': CMAKE_PREFIX_PATH=/opt/ros/humble /usr/bin/cmake /home/dserbin/Documents/M-LADIS-sim/PX4 Aux/ws_sensor_combined/src/ros_gz/ros_gz_interfaces -DCMAKE_INSTALL_PREFIX=/home/dserbin/Documents/M-LADIS-sim/PX4 Aux/ws_sensor_combined/install/ros_gz_interfaces
[2.793s] Invoking command in '/home/dserbin/Documents/M-LADIS-sim/PX4 Aux/ws_sensor_combined/build/ros_gz_interfaces': CMAKE_PREFIX_PATH=/opt/ros/humble /usr/bin/cmake --build /home/dserbin/Documents/M-LADIS-sim/PX4 Aux/ws_sensor_combined/build/ros_gz_interfaces -- -j16 -l16
[2.856s] [  0%] [34m[1mGenerating C code for ROS interfaces[0m
[2.870s] [  0%] [34m[1mGenerating C++ code for ROS interfaces[0m
[2.883s] [  0%] Built target ament_cmake_python_copy_ros_gz_interfaces
[3.150s] running egg_info
[3.151s] creating ros_gz_interfaces.egg-info
[3.173s] writing ros_gz_interfaces.egg-info/PKG-INFO
[3.173s] writing dependency_links to ros_gz_interfaces.egg-info/dependency_links.txt
[3.174s] writing top-level names to ros_gz_interfaces.egg-info/top_level.txt
[3.174s] writing manifest file 'ros_gz_interfaces.egg-info/SOURCES.txt'
[3.243s] reading manifest file 'ros_gz_interfaces.egg-info/SOURCES.txt'
[3.244s] writing manifest file 'ros_gz_interfaces.egg-info/SOURCES.txt'
[3.312s] [  0%] Built target ament_cmake_python_build_ros_gz_interfaces_egg
[6.194s] [  2%] [32mBuilding C object CMakeFiles/ros_gz_interfaces__rosidl_generator_c.dir/rosidl_generator_c/ros_gz_interfaces/msg/detail/contact__functions.c.o[0m
[6.194s] [  2%] [32mBuilding C object CMakeFiles/ros_gz_interfaces__rosidl_generator_c.dir/rosidl_generator_c/ros_gz_interfaces/msg/detail/entity_factory__functions.c.o[0m
[6.194s] [  2%] [32mBuilding C object CMakeFiles/ros_gz_interfaces__rosidl_generator_c.dir/rosidl_generator_c/ros_gz_interfaces/msg/detail/dataframe__functions.c.o[0m
[6.195s] [  2%] [32mBuilding C object CMakeFiles/ros_gz_interfaces__rosidl_generator_c.dir/rosidl_generator_c/ros_gz_interfaces/msg/detail/contacts__functions.c.o[0m
[6.195s] [  5%] [32mBuilding C object CMakeFiles/ros_gz_interfaces__rosidl_generator_c.dir/rosidl_generator_c/ros_gz_interfaces/msg/detail/entity__functions.c.o[0m
[6.195s] [  4%] [32mBuilding C object CMakeFiles/ros_gz_interfaces__rosidl_generator_c.dir/rosidl_generator_c/ros_gz_interfaces/msg/detail/joint_wrench__functions.c.o[0m
[6.195s] [  5%] [32mBuilding C object CMakeFiles/ros_gz_interfaces__rosidl_generator_c.dir/rosidl_generator_c/ros_gz_interfaces/msg/detail/light__functions.c.o[0m
[6.195s] [  5%] [32mBuilding C object CMakeFiles/ros_gz_interfaces__rosidl_generator_c.dir/rosidl_generator_c/ros_gz_interfaces/msg/detail/float32_array__functions.c.o[0m
[6.195s] [  5%] [32mBuilding C object CMakeFiles/ros_gz_interfaces__rosidl_generator_c.dir/rosidl_generator_c/ros_gz_interfaces/msg/detail/gui_camera__functions.c.o[0m
[6.195s] [  6%] [32mBuilding C object CMakeFiles/ros_gz_interfaces__rosidl_generator_c.dir/rosidl_generator_c/ros_gz_interfaces/msg/detail/altimeter__functions.c.o[0m
[6.196s] [  6%] [32mBuilding C object CMakeFiles/ros_gz_interfaces__rosidl_generator_c.dir/rosidl_generator_c/ros_gz_interfaces/msg/detail/material_color__functions.c.o[0m
[6.205s] [  7%] [32mBuilding C object CMakeFiles/ros_gz_interfaces__rosidl_generator_c.dir/rosidl_generator_c/ros_gz_interfaces/msg/detail/sensor_noise__functions.c.o[0m
[6.205s] [  7%] [32mBuilding C object CMakeFiles/ros_gz_interfaces__rosidl_generator_c.dir/rosidl_generator_c/ros_gz_interfaces/msg/detail/param_vec__functions.c.o[0m
[6.210s] [  8%] [32mBuilding C object CMakeFiles/ros_gz_interfaces__rosidl_generator_c.dir/rosidl_generator_c/ros_gz_interfaces/msg/detail/string_vec__functions.c.o[0m
[6.210s] [  8%] [32mBuilding C object CMakeFiles/ros_gz_interfaces__rosidl_generator_c.dir/rosidl_generator_c/ros_gz_interfaces/msg/detail/track_visual__functions.c.o[0m
[6.329s] [  8%] [32mBuilding C object CMakeFiles/ros_gz_interfaces__rosidl_generator_c.dir/rosidl_generator_c/ros_gz_interfaces/msg/detail/world_reset__functions.c.o[0m
[6.333s] [  9%] [32mBuilding C object CMakeFiles/ros_gz_interfaces__rosidl_generator_c.dir/rosidl_generator_c/ros_gz_interfaces/msg/detail/world_control__functions.c.o[0m
[6.334s] [ 10%] [32mBuilding C object CMakeFiles/ros_gz_interfaces__rosidl_generator_c.dir/rosidl_generator_c/ros_gz_interfaces/srv/detail/control_world__functions.c.o[0m
[6.336s] [ 10%] [32mBuilding C object CMakeFiles/ros_gz_interfaces__rosidl_generator_c.dir/rosidl_generator_c/ros_gz_interfaces/srv/detail/spawn_entity__functions.c.o[0m
[6.336s] [ 10%] [32mBuilding C object CMakeFiles/ros_gz_interfaces__rosidl_generator_c.dir/rosidl_generator_c/ros_gz_interfaces/msg/detail/video_record__functions.c.o[0m
[6.336s] [ 10%] [32mBuilding C object CMakeFiles/ros_gz_interfaces__rosidl_generator_c.dir/rosidl_generator_c/ros_gz_interfaces/srv/detail/delete_entity__functions.c.o[0m
[6.337s] [ 11%] [32mBuilding C object CMakeFiles/ros_gz_interfaces__rosidl_generator_c.dir/rosidl_generator_c/ros_gz_interfaces/srv/detail/set_entity_pose__functions.c.o[0m
[6.477s] [ 12%] [32m[1mLinking C shared library libros_gz_interfaces__rosidl_generator_c.so[0m
[6.527s] [ 12%] Built target ros_gz_interfaces__cpp
[6.545s] [ 15%] [34m[1mGenerating C++ introspection for ROS interfaces[0m
[6.546s] [ 15%] [34m[1mGenerating C++ type support for eProsima Fast-RTPS[0m
[6.546s] [ 15%] [34m[1mGenerating C++ type support dispatch for ROS interfaces[0m
[6.564s] [ 15%] Built target ros_gz_interfaces__rosidl_generator_c
[6.584s] [ 18%] [34m[1mGenerating C introspection for ROS interfaces[0m
[6.584s] [ 18%] [34m[1mGenerating C type support dispatch for ROS interfaces[0m
[6.584s] [ 18%] [34m[1mGenerating C type support for eProsima Fast-RTPS[0m
[9.413s] [ 19%] [32mBuilding CXX object CMakeFiles/ros_gz_interfaces__rosidl_typesupport_cpp.dir/rosidl_typesupport_cpp/ros_gz_interfaces/msg/entity_factory__type_support.cpp.o[0m
[9.414s] [ 20%] [32mBuilding CXX object CMakeFiles/ros_gz_interfaces__rosidl_typesupport_cpp.dir/rosidl_typesupport_cpp/ros_gz_interfaces/msg/dataframe__type_support.cpp.o[0m
[9.414s] [ 21%] [32mBuilding CXX object CMakeFiles/ros_gz_interfaces__rosidl_typesupport_cpp.dir/rosidl_typesupport_cpp/ros_gz_interfaces/msg/contact__type_support.cpp.o[0m
[9.415s] [ 21%] [32mBuilding CXX object CMakeFiles/ros_gz_interfaces__rosidl_typesupport_cpp.dir/rosidl_typesupport_cpp/ros_gz_interfaces/msg/float32_array__type_support.cpp.o[0m
[9.416s] [ 22%] [32mBuilding CXX object CMakeFiles/ros_gz_interfaces__rosidl_typesupport_cpp.dir/rosidl_typesupport_cpp/ros_gz_interfaces/msg/light__type_support.cpp.o[0m
[9.417s] [ 22%] [32mBuilding CXX object CMakeFiles/ros_gz_interfaces__rosidl_typesupport_cpp.dir/rosidl_typesupport_cpp/ros_gz_interfaces/msg/altimeter__type_support.cpp.o[0m
[9.417s] [ 22%] [32mBuilding CXX object CMakeFiles/ros_gz_interfaces__rosidl_typesupport_cpp.dir/rosidl_typesupport_cpp/ros_gz_interfaces/msg/entity__type_support.cpp.o[0m
[9.425s] [ 23%] [32mBuilding CXX object CMakeFiles/ros_gz_interfaces__rosidl_typesupport_cpp.dir/rosidl_typesupport_cpp/ros_gz_interfaces/msg/contacts__type_support.cpp.o[0m
[9.426s] [ 23%] [32mBuilding CXX object CMakeFiles/ros_gz_interfaces__rosidl_typesupport_cpp.dir/rosidl_typesupport_cpp/ros_gz_interfaces/msg/gui_camera__type_support.cpp.o[0m
[9.433s] [ 23%] [32mBuilding CXX object CMakeFiles/ros_gz_interfaces__rosidl_typesupport_cpp.dir/rosidl_typesupport_cpp/ros_gz_interfaces/msg/material_color__type_support.cpp.o[0m
[9.433s] [ 23%] [32mBuilding CXX object CMakeFiles/ros_gz_interfaces__rosidl_typesupport_cpp.dir/rosidl_typesupport_cpp/ros_gz_interfaces/msg/joint_wrench__type_support.cpp.o[0m
[10.141s] [ 24%] [32mBuilding CXX object CMakeFiles/ros_gz_interfaces__rosidl_typesupport_cpp.dir/rosidl_typesupport_cpp/ros_gz_interfaces/msg/param_vec__type_support.cpp.o[0m
[10.222s] [ 24%] [32mBuilding CXX object CMakeFiles/ros_gz_interfaces__rosidl_typesupport_cpp.dir/rosidl_typesupport_cpp/ros_gz_interfaces/msg/sensor_noise__type_support.cpp.o[0m
[10.244s] [ 24%] [32mBuilding CXX object CMakeFiles/ros_gz_interfaces__rosidl_typesupport_cpp.dir/rosidl_typesupport_cpp/ros_gz_interfaces/msg/track_visual__type_support.cpp.o[0m
[10.245s] [ 25%] [32mBuilding CXX object CMakeFiles/ros_gz_interfaces__rosidl_typesupport_cpp.dir/rosidl_typesupport_cpp/ros_gz_interfaces/msg/string_vec__type_support.cpp.o[0m
[10.300s] [ 26%] [32mBuilding CXX object CMakeFiles/ros_gz_interfaces__rosidl_typesupport_cpp.dir/rosidl_typesupport_cpp/ros_gz_interfaces/msg/video_record__type_support.cpp.o[0m
[10.318s] [ 26%] [32mBuilding CXX object CMakeFiles/ros_gz_interfaces__rosidl_typesupport_cpp.dir/rosidl_typesupport_cpp/ros_gz_interfaces/msg/world_control__type_support.cpp.o[0m
[10.345s] [ 26%] [32mBuilding CXX object CMakeFiles/ros_gz_interfaces__rosidl_typesupport_cpp.dir/rosidl_typesupport_cpp/ros_gz_interfaces/srv/control_world__type_support.cpp.o[0m
[10.351s] [ 27%] [32mBuilding CXX object CMakeFiles/ros_gz_interfaces__rosidl_typesupport_cpp.dir/rosidl_typesupport_cpp/ros_gz_interfaces/msg/world_reset__type_support.cpp.o[0m
[10.384s] [ 28%] [32mBuilding CXX object CMakeFiles/ros_gz_interfaces__rosidl_typesupport_cpp.dir/rosidl_typesupport_cpp/ros_gz_interfaces/srv/delete_entity__type_support.cpp.o[0m
[10.395s] [ 28%] [32mBuilding CXX object CMakeFiles/ros_gz_interfaces__rosidl_typesupport_cpp.dir/rosidl_typesupport_cpp/ros_gz_interfaces/srv/set_entity_pose__type_support.cpp.o[0m
[10.524s] [ 29%] [32mBuilding CXX object CMakeFiles/ros_gz_interfaces__rosidl_typesupport_cpp.dir/rosidl_typesupport_cpp/ros_gz_interfaces/srv/spawn_entity__type_support.cpp.o[0m
[11.103s] [ 29%] [32mBuilding CXX object CMakeFiles/ros_gz_interfaces__rosidl_typesupport_fastrtps_c.dir/rosidl_typesupport_fastrtps_c/ros_gz_interfaces/msg/detail/altimeter__type_support_c.cpp.o[0m
[11.115s] [ 30%] [32mBuilding CXX object CMakeFiles/ros_gz_interfaces__rosidl_typesupport_fastrtps_c.dir/rosidl_typesupport_fastrtps_c/ros_gz_interfaces/msg/detail/contact__type_support_c.cpp.o[0m
[11.116s] [ 30%] [32mBuilding C object CMakeFiles/ros_gz_interfaces__rosidl_typesupport_introspection_c.dir/rosidl_typesupport_introspection_c/ros_gz_interfaces/msg/detail/altimeter__type_support.c.o[0m
[11.120s] [ 30%] [32mBuilding CXX object CMakeFiles/ros_gz_interfaces__rosidl_typesupport_fastrtps_c.dir/rosidl_typesupport_fastrtps_c/ros_gz_interfaces/msg/detail/contacts__type_support_c.cpp.o[0m
[11.125s] [ 31%] [32mBuilding CXX object CMakeFiles/ros_gz_interfaces__rosidl_typesupport_fastrtps_c.dir/rosidl_typesupport_fastrtps_c/ros_gz_interfaces/msg/detail/dataframe__type_support_c.cpp.o[0m
[11.126s] [ 31%] [32mBuilding CXX object CMakeFiles/ros_gz_interfaces__rosidl_typesupport_introspection_cpp.dir/rosidl_typesupport_introspection_cpp/ros_gz_interfaces/msg/detail/altimeter__type_support.cpp.o[0m
[11.131s] [ 32%] [32mBuilding C object CMakeFiles/ros_gz_interfaces__rosidl_typesupport_introspection_c.dir/rosidl_typesupport_introspection_c/ros_gz_interfaces/msg/detail/contact__type_support.c.o[0m
[11.136s] [ 33%] [32mBuilding CXX object CMakeFiles/ros_gz_interfaces__rosidl_typesupport_introspection_cpp.dir/rosidl_typesupport_introspection_cpp/ros_gz_interfaces/msg/detail/contact__type_support.cpp.o[0m
[11.141s] [ 33%] [32mBuilding C object CMakeFiles/ros_gz_interfaces__rosidl_typesupport_introspection_c.dir/rosidl_typesupport_introspection_c/ros_gz_interfaces/msg/detail/contacts__type_support.c.o[0m
[11.145s] [ 33%] [32mBuilding CXX object CMakeFiles/ros_gz_interfaces__rosidl_typesupport_introspection_cpp.dir/rosidl_typesupport_introspection_cpp/ros_gz_interfaces/msg/detail/contacts__type_support.cpp.o[0m
[11.152s] [ 33%] [32mBuilding CXX object CMakeFiles/ros_gz_interfaces__rosidl_typesupport_fastrtps_c.dir/rosidl_typesupport_fastrtps_c/ros_gz_interfaces/msg/detail/entity__type_support_c.cpp.o[0m
[11.167s] [ 34%] [32mBuilding CXX object CMakeFiles/ros_gz_interfaces__rosidl_typesupport_fastrtps_c.dir/rosidl_typesupport_fastrtps_c/ros_gz_interfaces/msg/detail/entity_factory__type_support_c.cpp.o[0m
[11.230s] [ 34%] [32mBuilding CXX object CMakeFiles/ros_gz_interfaces__rosidl_typesupport_introspection_cpp.dir/rosidl_typesupport_introspection_cpp/ros_gz_interfaces/msg/detail/entity__type_support.cpp.o[0m
[11.231s] [ 35%] [32mBuilding CXX object CMakeFiles/ros_gz_interfaces__rosidl_typesupport_introspection_cpp.dir/rosidl_typesupport_introspection_cpp/ros_gz_interfaces/msg/detail/dataframe__type_support.cpp.o[0m
[11.251s] [ 35%] [32mBuilding CXX object CMakeFiles/ros_gz_interfaces__rosidl_typesupport_fastrtps_cpp.dir/rosidl_typesupport_fastrtps_cpp/ros_gz_interfaces/msg/detail/dds_fastrtps/altimeter__type_support.cpp.o[0m
[11.261s] [ 36%] [32mBuilding CXX object CMakeFiles/ros_gz_interfaces__rosidl_typesupport_fastrtps_cpp.dir/rosidl_typesupport_fastrtps_cpp/ros_gz_interfaces/msg/detail/dds_fastrtps/contact__type_support.cpp.o[0m
[11.269s] [ 36%] [32m[1mLinking CXX shared library libros_gz_interfaces__rosidl_typesupport_cpp.so[0m
[11.298s] [ 37%] [32mBuilding C object CMakeFiles/ros_gz_interfaces__rosidl_typesupport_introspection_c.dir/rosidl_typesupport_introspection_c/ros_gz_interfaces/msg/detail/dataframe__type_support.c.o[0m
[11.465s] [ 37%] Built target ros_gz_interfaces__rosidl_typesupport_cpp
[11.540s] [ 37%] [32mBuilding C object CMakeFiles/ros_gz_interfaces__rosidl_typesupport_introspection_c.dir/rosidl_typesupport_introspection_c/ros_gz_interfaces/msg/detail/entity__type_support.c.o[0m
[11.543s] [ 38%] [32mBuilding CXX object CMakeFiles/ros_gz_interfaces__rosidl_typesupport_introspection_cpp.dir/rosidl_typesupport_introspection_cpp/ros_gz_interfaces/msg/detail/entity_factory__type_support.cpp.o[0m
[11.778s] [ 39%] [32mBuilding C object CMakeFiles/ros_gz_interfaces__rosidl_typesupport_introspection_c.dir/rosidl_typesupport_introspection_c/ros_gz_interfaces/msg/detail/entity_factory__type_support.c.o[0m
[11.952s] [ 39%] [32mBuilding CXX object CMakeFiles/ros_gz_interfaces__rosidl_typesupport_introspection_cpp.dir/rosidl_typesupport_introspection_cpp/ros_gz_interfaces/msg/detail/float32_array__type_support.cpp.o[0m
[11.966s] [ 39%] [32mBuilding C object CMakeFiles/ros_gz_interfaces__rosidl_typesupport_introspection_c.dir/rosidl_typesupport_introspection_c/ros_gz_interfaces/msg/detail/float32_array__type_support.c.o[0m
[12.009s] [ 40%] [32mBuilding CXX object CMakeFiles/ros_gz_interfaces__rosidl_typesupport_introspection_cpp.dir/rosidl_typesupport_introspection_cpp/ros_gz_interfaces/msg/detail/gui_camera__type_support.cpp.o[0m
[12.043s] [ 40%] [32mBuilding CXX object CMakeFiles/ros_gz_interfaces__rosidl_typesupport_fastrtps_cpp.dir/rosidl_typesupport_fastrtps_cpp/ros_gz_interfaces/msg/detail/dds_fastrtps/contacts__type_support.cpp.o[0m
[12.055s] [ 40%] [32mBuilding CXX object CMakeFiles/ros_gz_interfaces__rosidl_typesupport_c.dir/rosidl_typesupport_c/ros_gz_interfaces/msg/altimeter__type_support.cpp.o[0m
[12.083s] [ 40%] [32mBuilding CXX object CMakeFiles/ros_gz_interfaces__rosidl_typesupport_introspection_cpp.dir/rosidl_typesupport_introspection_cpp/ros_gz_interfaces/msg/detail/joint_wrench__type_support.cpp.o[0m
[12.089s] [ 40%] [32mBuilding CXX object CMakeFiles/ros_gz_interfaces__rosidl_typesupport_fastrtps_c.dir/rosidl_typesupport_fastrtps_c/ros_gz_interfaces/msg/detail/float32_array__type_support_c.cpp.o[0m
[12.100s] [ 41%] [32mBuilding C object CMakeFiles/ros_gz_interfaces__rosidl_typesupport_introspection_c.dir/rosidl_typesupport_introspection_c/ros_gz_interfaces/msg/detail/gui_camera__type_support.c.o[0m
[12.131s] [ 42%] [32mBuilding CXX object CMakeFiles/ros_gz_interfaces__rosidl_typesupport_fastrtps_c.dir/rosidl_typesupport_fastrtps_c/ros_gz_interfaces/msg/detail/gui_camera__type_support_c.cpp.o[0m
[12.182s] [ 43%] [32mBuilding CXX object CMakeFiles/ros_gz_interfaces__rosidl_typesupport_c.dir/rosidl_typesupport_c/ros_gz_interfaces/msg/contact__type_support.cpp.o[0m
[12.218s] [ 43%] [32mBuilding CXX object CMakeFiles/ros_gz_interfaces__rosidl_typesupport_c.dir/rosidl_typesupport_c/ros_gz_interfaces/msg/contacts__type_support.cpp.o[0m
[12.275s] [ 44%] [32mBuilding CXX object CMakeFiles/ros_gz_interfaces__rosidl_typesupport_introspection_cpp.dir/rosidl_typesupport_introspection_cpp/ros_gz_interfaces/msg/detail/light__type_support.cpp.o[0m
[12.291s] [ 45%] [32mBuilding CXX object CMakeFiles/ros_gz_interfaces__rosidl_typesupport_c.dir/rosidl_typesupport_c/ros_gz_interfaces/msg/dataframe__type_support.cpp.o[0m
[12.312s] [ 45%] [32mBuilding C object CMakeFiles/ros_gz_interfaces__rosidl_typesupport_introspection_c.dir/rosidl_typesupport_introspection_c/ros_gz_interfaces/msg/detail/joint_wrench__type_support.c.o[0m
[12.346s] [ 45%] [32mBuilding CXX object CMakeFiles/ros_gz_interfaces__rosidl_typesupport_c.dir/rosidl_typesupport_c/ros_gz_interfaces/msg/entity__type_support.cpp.o[0m
[12.347s] [ 46%] [32mBuilding C object CMakeFiles/ros_gz_interfaces__rosidl_typesupport_introspection_c.dir/rosidl_typesupport_introspection_c/ros_gz_interfaces/msg/detail/light__type_support.c.o[0m
[12.422s] [ 46%] [32mBuilding CXX object CMakeFiles/ros_gz_interfaces__rosidl_typesupport_introspection_cpp.dir/rosidl_typesupport_introspection_cpp/ros_gz_interfaces/msg/detail/material_color__type_support.cpp.o[0m
[12.438s] [ 47%] [32mBuilding CXX object CMakeFiles/ros_gz_interfaces__rosidl_typesupport_c.dir/rosidl_typesupport_c/ros_gz_interfaces/msg/entity_factory__type_support.cpp.o[0m
[12.489s] [ 47%] [32mBuilding CXX object CMakeFiles/ros_gz_interfaces__rosidl_typesupport_c.dir/rosidl_typesupport_c/ros_gz_interfaces/msg/float32_array__type_support.cpp.o[0m
[12.500s] [ 47%] [32mBuilding C object CMakeFiles/ros_gz_interfaces__rosidl_typesupport_introspection_c.dir/rosidl_typesupport_introspection_c/ros_gz_interfaces/msg/detail/material_color__type_support.c.o[0m
[12.514s] [ 47%] [32mBuilding CXX object CMakeFiles/ros_gz_interfaces__rosidl_typesupport_fastrtps_c.dir/rosidl_typesupport_fastrtps_c/ros_gz_interfaces/msg/detail/joint_wrench__type_support_c.cpp.o[0m
[12.535s] [ 48%] [32mBuilding CXX object CMakeFiles/ros_gz_interfaces__rosidl_typesupport_fastrtps_c.dir/rosidl_typesupport_fastrtps_c/ros_gz_interfaces/msg/detail/light__type_support_c.cpp.o[0m
[12.549s] [ 49%] [32mBuilding CXX object CMakeFiles/ros_gz_interfaces__rosidl_typesupport_c.dir/rosidl_typesupport_c/ros_gz_interfaces/msg/gui_camera__type_support.cpp.o[0m
[12.598s] [ 49%] [32mBuilding CXX object CMakeFiles/ros_gz_interfaces__rosidl_typesupport_c.dir/rosidl_typesupport_c/ros_gz_interfaces/msg/joint_wrench__type_support.cpp.o[0m
[12.638s] [ 50%] [32mBuilding CXX object CMakeFiles/ros_gz_interfaces__rosidl_typesupport_introspection_cpp.dir/rosidl_typesupport_introspection_cpp/ros_gz_interfaces/msg/detail/param_vec__type_support.cpp.o[0m
[12.663s] [ 51%] [32mBuilding C object CMakeFiles/ros_gz_interfaces__rosidl_typesupport_introspection_c.dir/rosidl_typesupport_introspection_c/ros_gz_interfaces/msg/detail/param_vec__type_support.c.o[0m
[12.700s] [ 51%] [32mBuilding C object CMakeFiles/ros_gz_interfaces__rosidl_typesupport_introspection_c.dir/rosidl_typesupport_introspection_c/ros_gz_interfaces/msg/detail/sensor_noise__type_support.c.o[0m
[12.722s] [ 51%] [32mBuilding CXX object CMakeFiles/ros_gz_interfaces__rosidl_typesupport_introspection_cpp.dir/rosidl_typesupport_introspection_cpp/ros_gz_interfaces/msg/detail/sensor_noise__type_support.cpp.o[0m
[12.767s] [ 52%] [32mBuilding CXX object CMakeFiles/ros_gz_interfaces__rosidl_typesupport_c.dir/rosidl_typesupport_c/ros_gz_interfaces/msg/light__type_support.cpp.o[0m
[12.774s] [ 53%] [32mBuilding CXX object CMakeFiles/ros_gz_interfaces__rosidl_typesupport_fastrtps_cpp.dir/rosidl_typesupport_fastrtps_cpp/ros_gz_interfaces/msg/detail/dds_fastrtps/dataframe__type_support.cpp.o[0m
[12.828s] [ 54%] [32mBuilding C object CMakeFiles/ros_gz_interfaces__rosidl_typesupport_introspection_c.dir/rosidl_typesupport_introspection_c/ros_gz_interfaces/msg/detail/string_vec__type_support.c.o[0m
[12.873s] [ 54%] [32mBuilding C object CMakeFiles/ros_gz_interfaces__rosidl_typesupport_introspection_c.dir/rosidl_typesupport_introspection_c/ros_gz_interfaces/msg/detail/track_visual__type_support.c.o[0m
[12.947s] [ 54%] [32mBuilding CXX object CMakeFiles/ros_gz_interfaces__rosidl_typesupport_c.dir/rosidl_typesupport_c/ros_gz_interfaces/msg/material_color__type_support.cpp.o[0m
[13.021s] [ 55%] [32mBuilding CXX object CMakeFiles/ros_gz_interfaces__rosidl_typesupport_c.dir/rosidl_typesupport_c/ros_gz_interfaces/msg/param_vec__type_support.cpp.o[0m
[13.039s] [ 56%] [32mBuilding C object CMakeFiles/ros_gz_interfaces__rosidl_typesupport_introspection_c.dir/rosidl_typesupport_introspection_c/ros_gz_interfaces/msg/detail/video_record__type_support.c.o[0m
[13.048s] [ 56%] [32mBuilding CXX object CMakeFiles/ros_gz_interfaces__rosidl_typesupport_fastrtps_cpp.dir/rosidl_typesupport_fastrtps_cpp/ros_gz_interfaces/msg/detail/dds_fastrtps/entity__type_support.cpp.o[0m
[13.049s] [ 56%] [32mBuilding CXX object CMakeFiles/ros_gz_interfaces__rosidl_typesupport_fastrtps_c.dir/rosidl_typesupport_fastrtps_c/ros_gz_interfaces/msg/detail/material_color__type_support_c.cpp.o[0m
[13.111s] [ 56%] [32mBuilding CXX object CMakeFiles/ros_gz_interfaces__rosidl_typesupport_c.dir/rosidl_typesupport_c/ros_gz_interfaces/msg/sensor_noise__type_support.cpp.o[0m
[13.126s] [ 56%] [32mBuilding C object CMakeFiles/ros_gz_interfaces__rosidl_typesupport_introspection_c.dir/rosidl_typesupport_introspection_c/ros_gz_interfaces/msg/detail/world_control__type_support.c.o[0m
[13.126s] [ 57%] [32mBuilding C object CMakeFiles/ros_gz_interfaces__rosidl_typesupport_introspection_c.dir/rosidl_typesupport_introspection_c/ros_gz_interfaces/msg/detail/world_reset__type_support.c.o[0m
[13.128s] [ 58%] [32mBuilding CXX object CMakeFiles/ros_gz_interfaces__rosidl_typesupport_fastrtps_c.dir/rosidl_typesupport_fastrtps_c/ros_gz_interfaces/msg/detail/param_vec__type_support_c.cpp.o[0m
[13.135s] [ 58%] [32mBuilding C object CMakeFiles/ros_gz_interfaces__rosidl_typesupport_introspection_c.dir/rosidl_typesupport_introspection_c/ros_gz_interfaces/srv/detail/control_world__type_support.c.o[0m
[13.209s] [ 58%] [32mBuilding CXX object CMakeFiles/ros_gz_interfaces__rosidl_typesupport_fastrtps_c.dir/rosidl_typesupport_fastrtps_c/ros_gz_interfaces/msg/detail/sensor_noise__type_support_c.cpp.o[0m
[13.241s] [ 59%] [32mBuilding CXX object CMakeFiles/ros_gz_interfaces__rosidl_typesupport_c.dir/rosidl_typesupport_c/ros_gz_interfaces/msg/string_vec__type_support.cpp.o[0m
[13.285s] [ 59%] [32mBuilding C object CMakeFiles/ros_gz_interfaces__rosidl_typesupport_introspection_c.dir/rosidl_typesupport_introspection_c/ros_gz_interfaces/srv/detail/set_entity_pose__type_support.c.o[0m
[13.287s] [ 60%] [32mBuilding C object CMakeFiles/ros_gz_interfaces__rosidl_typesupport_introspection_c.dir/rosidl_typesupport_introspection_c/ros_gz_interfaces/srv/detail/delete_entity__type_support.c.o[0m
[13.314s] [ 60%] [32mBuilding CXX object CMakeFiles/ros_gz_interfaces__rosidl_typesupport_c.dir/rosidl_typesupport_c/ros_gz_interfaces/msg/track_visual__type_support.cpp.o[0m
[13.325s] [ 61%] [32mBuilding C object CMakeFiles/ros_gz_interfaces__rosidl_typesupport_introspection_c.dir/rosidl_typesupport_introspection_c/ros_gz_interfaces/srv/detail/spawn_entity__type_support.c.o[0m
[13.371s] [ 62%] [32mBuilding CXX object CMakeFiles/ros_gz_interfaces__rosidl_typesupport_fastrtps_c.dir/rosidl_typesupport_fastrtps_c/ros_gz_interfaces/msg/detail/string_vec__type_support_c.cpp.o[0m
[13.398s] [ 62%] [32mBuilding CXX object CMakeFiles/ros_gz_interfaces__rosidl_typesupport_fastrtps_c.dir/rosidl_typesupport_fastrtps_c/ros_gz_interfaces/msg/detail/track_visual__type_support_c.cpp.o[0m
[13.436s] [ 62%] [32mBuilding CXX object CMakeFiles/ros_gz_interfaces__rosidl_typesupport_c.dir/rosidl_typesupport_c/ros_gz_interfaces/msg/world_control__type_support.cpp.o[0m
[13.438s] [ 63%] [32mBuilding CXX object CMakeFiles/ros_gz_interfaces__rosidl_typesupport_c.dir/rosidl_typesupport_c/ros_gz_interfaces/msg/video_record__type_support.cpp.o[0m
[13.442s] [ 64%] [32mBuilding CXX object CMakeFiles/ros_gz_interfaces__rosidl_typesupport_c.dir/rosidl_typesupport_c/ros_gz_interfaces/msg/world_reset__type_support.cpp.o[0m
[13.466s] [ 65%] [32mBuilding CXX object CMakeFiles/ros_gz_interfaces__rosidl_typesupport_fastrtps_c.dir/rosidl_typesupport_fastrtps_c/ros_gz_interfaces/msg/detail/video_record__type_support_c.cpp.o[0m
[13.466s] [ 65%] [32m[1mLinking C shared library libros_gz_interfaces__rosidl_typesupport_introspection_c.so[0m
[13.480s] [ 66%] [32mBuilding CXX object CMakeFiles/ros_gz_interfaces__rosidl_typesupport_introspection_cpp.dir/rosidl_typesupport_introspection_cpp/ros_gz_interfaces/msg/detail/string_vec__type_support.cpp.o[0m
[13.542s] [ 66%] [32mBuilding CXX object CMakeFiles/ros_gz_interfaces__rosidl_typesupport_c.dir/rosidl_typesupport_c/ros_gz_interfaces/srv/control_world__type_support.cpp.o[0m
[13.561s] [ 67%] [32mBuilding CXX object CMakeFiles/ros_gz_interfaces__rosidl_typesupport_c.dir/rosidl_typesupport_c/ros_gz_interfaces/srv/delete_entity__type_support.cpp.o[0m
[13.568s] [ 67%] [32mBuilding CXX object CMakeFiles/ros_gz_interfaces__rosidl_typesupport_c.dir/rosidl_typesupport_c/ros_gz_interfaces/srv/set_entity_pose__type_support.cpp.o[0m
[13.614s] [ 68%] [32mBuilding CXX object CMakeFiles/ros_gz_interfaces__rosidl_typesupport_c.dir/rosidl_typesupport_c/ros_gz_interfaces/srv/spawn_entity__type_support.cpp.o[0m
[13.655s] [ 68%] Built target ros_gz_interfaces__rosidl_typesupport_introspection_c
[13.657s] [ 68%] [32mBuilding CXX object CMakeFiles/ros_gz_interfaces__rosidl_typesupport_fastrtps_c.dir/rosidl_typesupport_fastrtps_c/ros_gz_interfaces/msg/detail/world_control__type_support_c.cpp.o[0m
[13.682s] [ 68%] [32mBuilding CXX object CMakeFiles/ros_gz_interfaces__rosidl_typesupport_introspection_cpp.dir/rosidl_typesupport_introspection_cpp/ros_gz_interfaces/msg/detail/track_visual__type_support.cpp.o[0m
[13.698s] [ 69%] [32mBuilding CXX object CMakeFiles/ros_gz_interfaces__rosidl_typesupport_fastrtps_c.dir/rosidl_typesupport_fastrtps_c/ros_gz_interfaces/msg/detail/world_reset__type_support_c.cpp.o[0m
[13.718s] [ 69%] [32mBuilding CXX object CMakeFiles/ros_gz_interfaces__rosidl_typesupport_fastrtps_c.dir/rosidl_typesupport_fastrtps_c/ros_gz_interfaces/srv/detail/control_world__type_support_c.cpp.o[0m
[13.789s] [ 70%] [32mBuilding CXX object CMakeFiles/ros_gz_interfaces__rosidl_typesupport_fastrtps_cpp.dir/rosidl_typesupport_fastrtps_cpp/ros_gz_interfaces/msg/detail/dds_fastrtps/entity_factory__type_support.cpp.o[0m
[13.791s] [ 70%] [32m[1mLinking CXX shared library libros_gz_interfaces__rosidl_typesupport_c.so[0m
[14.027s] [ 70%] [32mBuilding CXX object CMakeFiles/ros_gz_interfaces__rosidl_typesupport_fastrtps_cpp.dir/rosidl_typesupport_fastrtps_cpp/ros_gz_interfaces/msg/detail/dds_fastrtps/float32_array__type_support.cpp.o[0m
[14.030s] [ 71%] [32mBuilding CXX object CMakeFiles/ros_gz_interfaces__rosidl_typesupport_fastrtps_cpp.dir/rosidl_typesupport_fastrtps_cpp/ros_gz_interfaces/msg/detail/dds_fastrtps/gui_camera__type_support.cpp.o[0m
[14.055s] [ 72%] [32mBuilding CXX object CMakeFiles/ros_gz_interfaces__rosidl_typesupport_fastrtps_c.dir/rosidl_typesupport_fastrtps_c/ros_gz_interfaces/srv/detail/delete_entity__type_support_c.cpp.o[0m
[14.099s] [ 72%] Built target ros_gz_interfaces__rosidl_typesupport_c
[14.159s] [ 72%] [32mBuilding CXX object CMakeFiles/ros_gz_interfaces__rosidl_typesupport_fastrtps_c.dir/rosidl_typesupport_fastrtps_c/ros_gz_interfaces/srv/detail/set_entity_pose__type_support_c.cpp.o[0m
[14.181s] [ 72%] [32mBuilding CXX object CMakeFiles/ros_gz_interfaces__rosidl_typesupport_fastrtps_cpp.dir/rosidl_typesupport_fastrtps_cpp/ros_gz_interfaces/msg/detail/dds_fastrtps/joint_wrench__type_support.cpp.o[0m
[14.196s] [ 73%] [32mBuilding CXX object CMakeFiles/ros_gz_interfaces__rosidl_typesupport_fastrtps_c.dir/rosidl_typesupport_fastrtps_c/ros_gz_interfaces/srv/detail/spawn_entity__type_support_c.cpp.o[0m
[14.287s] [ 74%] [32mBuilding CXX object CMakeFiles/ros_gz_interfaces__rosidl_typesupport_fastrtps_cpp.dir/rosidl_typesupport_fastrtps_cpp/ros_gz_interfaces/msg/detail/dds_fastrtps/light__type_support.cpp.o[0m
[14.293s] [ 74%] [32mBuilding CXX object CMakeFiles/ros_gz_interfaces__rosidl_typesupport_fastrtps_cpp.dir/rosidl_typesupport_fastrtps_cpp/ros_gz_interfaces/msg/detail/dds_fastrtps/material_color__type_support.cpp.o[0m
[14.408s] [ 75%] [32mBuilding CXX object CMakeFiles/ros_gz_interfaces__rosidl_typesupport_fastrtps_cpp.dir/rosidl_typesupport_fastrtps_cpp/ros_gz_interfaces/msg/detail/dds_fastrtps/param_vec__type_support.cpp.o[0m
[14.458s] [ 76%] [32mBuilding CXX object CMakeFiles/ros_gz_interfaces__rosidl_typesupport_introspection_cpp.dir/rosidl_typesupport_introspection_cpp/ros_gz_interfaces/msg/detail/video_record__type_support.cpp.o[0m
[14.505s] [ 76%] [32mBuilding CXX object CMakeFiles/ros_gz_interfaces__rosidl_typesupport_introspection_cpp.dir/rosidl_typesupport_introspection_cpp/ros_gz_interfaces/msg/detail/world_control__type_support.cpp.o[0m
[14.668s] [ 77%] [32mBuilding CXX object CMakeFiles/ros_gz_interfaces__rosidl_typesupport_introspection_cpp.dir/rosidl_typesupport_introspection_cpp/ros_gz_interfaces/msg/detail/world_reset__type_support.cpp.o[0m
[14.673s] [ 77%] [32mBuilding CXX object CMakeFiles/ros_gz_interfaces__rosidl_typesupport_introspection_cpp.dir/rosidl_typesupport_introspection_cpp/ros_gz_interfaces/srv/detail/control_world__type_support.cpp.o[0m
[14.746s] [ 77%] [32mBuilding CXX object CMakeFiles/ros_gz_interfaces__rosidl_typesupport_introspection_cpp.dir/rosidl_typesupport_introspection_cpp/ros_gz_interfaces/srv/detail/set_entity_pose__type_support.cpp.o[0m
[14.773s] [ 78%] [32mBuilding CXX object CMakeFiles/ros_gz_interfaces__rosidl_typesupport_introspection_cpp.dir/rosidl_typesupport_introspection_cpp/ros_gz_interfaces/srv/detail/delete_entity__type_support.cpp.o[0m
[14.934s] [ 79%] [32mBuilding CXX object CMakeFiles/ros_gz_interfaces__rosidl_typesupport_introspection_cpp.dir/rosidl_typesupport_introspection_cpp/ros_gz_interfaces/srv/detail/spawn_entity__type_support.cpp.o[0m
[15.029s] [ 79%] [32mBuilding CXX object CMakeFiles/ros_gz_interfaces__rosidl_typesupport_fastrtps_cpp.dir/rosidl_typesupport_fastrtps_cpp/ros_gz_interfaces/msg/detail/dds_fastrtps/sensor_noise__type_support.cpp.o[0m
[15.055s] [ 80%] [32mBuilding CXX object CMakeFiles/ros_gz_interfaces__rosidl_typesupport_fastrtps_cpp.dir/rosidl_typesupport_fastrtps_cpp/ros_gz_interfaces/msg/detail/dds_fastrtps/string_vec__type_support.cpp.o[0m
[15.177s] [ 80%] [32mBuilding CXX object CMakeFiles/ros_gz_interfaces__rosidl_typesupport_fastrtps_cpp.dir/rosidl_typesupport_fastrtps_cpp/ros_gz_interfaces/msg/detail/dds_fastrtps/track_visual__type_support.cpp.o[0m
[15.183s] [ 81%] [32mBuilding CXX object CMakeFiles/ros_gz_interfaces__rosidl_typesupport_fastrtps_cpp.dir/rosidl_typesupport_fastrtps_cpp/ros_gz_interfaces/msg/detail/dds_fastrtps/video_record__type_support.cpp.o[0m
[15.228s] [ 81%] [32m[1mLinking CXX shared library libros_gz_interfaces__rosidl_typesupport_fastrtps_c.so[0m
[15.432s] [ 81%] [32mBuilding CXX object CMakeFiles/ros_gz_interfaces__rosidl_typesupport_fastrtps_cpp.dir/rosidl_typesupport_fastrtps_cpp/ros_gz_interfaces/msg/detail/dds_fastrtps/world_control__type_support.cpp.o[0m
[15.581s] [ 82%] [32mBuilding CXX object CMakeFiles/ros_gz_interfaces__rosidl_typesupport_fastrtps_cpp.dir/rosidl_typesupport_fastrtps_cpp/ros_gz_interfaces/msg/detail/dds_fastrtps/world_reset__type_support.cpp.o[0m
[15.624s] [ 82%] [32mBuilding CXX object CMakeFiles/ros_gz_interfaces__rosidl_typesupport_fastrtps_cpp.dir/rosidl_typesupport_fastrtps_cpp/ros_gz_interfaces/srv/detail/dds_fastrtps/control_world__type_support.cpp.o[0m
[15.745s] [ 83%] [32mBuilding CXX object CMakeFiles/ros_gz_interfaces__rosidl_typesupport_fastrtps_cpp.dir/rosidl_typesupport_fastrtps_cpp/ros_gz_interfaces/srv/detail/dds_fastrtps/delete_entity__type_support.cpp.o[0m
[15.766s] [ 83%] [32mBuilding CXX object CMakeFiles/ros_gz_interfaces__rosidl_typesupport_fastrtps_cpp.dir/rosidl_typesupport_fastrtps_cpp/ros_gz_interfaces/srv/detail/dds_fastrtps/set_entity_pose__type_support.cpp.o[0m
[15.776s] [ 84%] [32mBuilding CXX object CMakeFiles/ros_gz_interfaces__rosidl_typesupport_fastrtps_cpp.dir/rosidl_typesupport_fastrtps_cpp/ros_gz_interfaces/srv/detail/dds_fastrtps/spawn_entity__type_support.cpp.o[0m
[15.807s] [ 84%] Built target ros_gz_interfaces__rosidl_typesupport_fastrtps_c
[15.909s] [ 85%] [32m[1mLinking CXX shared library libros_gz_interfaces__rosidl_typesupport_introspection_cpp.so[0m
[16.289s] [ 85%] Built target ros_gz_interfaces__rosidl_typesupport_introspection_cpp
[16.601s] [ 85%] [32m[1mLinking CXX shared library libros_gz_interfaces__rosidl_typesupport_fastrtps_cpp.so[0m
[16.754s] [ 85%] Built target ros_gz_interfaces__rosidl_typesupport_fastrtps_cpp
[16.787s] [ 85%] Built target ros_gz_interfaces
[16.819s] [ 86%] [34m[1mGenerating Python code for ROS interfaces[0m
[21.577s] [ 86%] Built target ros_gz_interfaces__py
[21.613s] [ 90%] [32mBuilding C object CMakeFiles/ros_gz_interfaces__rosidl_generator_py.dir/rosidl_generator_py/ros_gz_interfaces/msg/_entity_factory_s.c.o[0m
[21.614s] [ 90%] [32mBuilding C object CMakeFiles/ros_gz_interfaces__rosidl_generator_py.dir/rosidl_generator_py/ros_gz_interfaces/msg/_gui_camera_s.c.o[0m
[21.615s] [ 90%] [32mBuilding C object CMakeFiles/ros_gz_interfaces__rosidl_generator_py.dir/rosidl_generator_py/ros_gz_interfaces/msg/_contacts_s.c.o[0m
[21.615s] [ 90%] [32mBuilding C object CMakeFiles/ros_gz_interfaces__rosidl_generator_py.dir/rosidl_generator_py/ros_gz_interfaces/msg/_entity_s.c.o[0m
[21.615s] [ 90%] [32mBuilding C object CMakeFiles/ros_gz_interfaces__rosidl_generator_py.dir/rosidl_generator_py/ros_gz_interfaces/msg/_material_color_s.c.o[0m
[21.615s] [ 91%] [32mBuilding C object CMakeFiles/ros_gz_interfaces__rosidl_generator_py.dir/rosidl_generator_py/ros_gz_interfaces/msg/_light_s.c.o[0m
[21.615s] [ 91%] [32mBuilding C object CMakeFiles/ros_gz_interfaces__rosidl_generator_py.dir/rosidl_generator_py/ros_gz_interfaces/msg/_sensor_noise_s.c.o[0m
[21.615s] [ 91%] [32mBuilding C object CMakeFiles/ros_gz_interfaces__rosidl_generator_py.dir/rosidl_generator_py/ros_gz_interfaces/msg/_float32_array_s.c.o[0m
[21.615s] [ 92%] [32mBuilding C object CMakeFiles/ros_gz_interfaces__rosidl_generator_py.dir/rosidl_generator_py/ros_gz_interfaces/msg/_param_vec_s.c.o[0m
[21.615s] [ 90%] [32mBuilding C object CMakeFiles/ros_gz_interfaces__rosidl_generator_py.dir/rosidl_generator_py/ros_gz_interfaces/msg/_altimeter_s.c.o[0m
[21.615s] [ 90%] [32mBuilding C object CMakeFiles/ros_gz_interfaces__rosidl_generator_py.dir/rosidl_generator_py/ros_gz_interfaces/msg/_joint_wrench_s.c.o[0m
[21.615s] [ 90%] [32mBuilding C object CMakeFiles/ros_gz_interfaces__rosidl_generator_py.dir/rosidl_generator_py/ros_gz_interfaces/msg/_contact_s.c.o[0m
[21.616s] [ 90%] [32mBuilding C object CMakeFiles/ros_gz_interfaces__rosidl_generator_py.dir/rosidl_generator_py/ros_gz_interfaces/msg/_dataframe_s.c.o[0m
[21.622s] [ 93%] [32mBuilding C object CMakeFiles/ros_gz_interfaces__rosidl_generator_py.dir/rosidl_generator_py/ros_gz_interfaces/msg/_string_vec_s.c.o[0m
[21.631s] [ 94%] [32mBuilding C object CMakeFiles/ros_gz_interfaces__rosidl_generator_py.dir/rosidl_generator_py/ros_gz_interfaces/msg/_video_record_s.c.o[0m
[21.631s] [ 94%] [32mBuilding C object CMakeFiles/ros_gz_interfaces__rosidl_generator_py.dir/rosidl_generator_py/ros_gz_interfaces/msg/_track_visual_s.c.o[0m
[21.894s] [ 94%] [32mBuilding C object CMakeFiles/ros_gz_interfaces__rosidl_generator_py.dir/rosidl_generator_py/ros_gz_interfaces/msg/_world_control_s.c.o[0m
[21.896s] [ 95%] [32mBuilding C object CMakeFiles/ros_gz_interfaces__rosidl_generator_py.dir/rosidl_generator_py/ros_gz_interfaces/msg/_world_reset_s.c.o[0m
[21.896s] [ 96%] [32mBuilding C object CMakeFiles/ros_gz_interfaces__rosidl_generator_py.dir/rosidl_generator_py/ros_gz_interfaces/srv/_set_entity_pose_s.c.o[0m
[21.897s] [ 96%] [32mBuilding C object CMakeFiles/ros_gz_interfaces__rosidl_generator_py.dir/rosidl_generator_py/ros_gz_interfaces/srv/_spawn_entity_s.c.o[0m
[21.897s] [ 96%] [32mBuilding C object CMakeFiles/ros_gz_interfaces__rosidl_generator_py.dir/rosidl_generator_py/ros_gz_interfaces/srv/_control_world_s.c.o[0m
[21.897s] [ 97%] [32mBuilding C object CMakeFiles/ros_gz_interfaces__rosidl_generator_py.dir/rosidl_generator_py/ros_gz_interfaces/srv/_delete_entity_s.c.o[0m
[22.051s] [ 97%] [32m[1mLinking C shared library rosidl_generator_py/ros_gz_interfaces/libros_gz_interfaces__rosidl_generator_py.so[0m
[22.118s] [ 97%] Built target ros_gz_interfaces__rosidl_generator_py
[22.147s] [100%] [32mBuilding C object CMakeFiles/ros_gz_interfaces__rosidl_typesupport_fastrtps_c__pyext.dir/rosidl_generator_py/ros_gz_interfaces/_ros_gz_interfaces_s.ep.rosidl_typesupport_fastrtps_c.c.o[0m
[22.147s] [100%] [32mBuilding C object CMakeFiles/ros_gz_interfaces__rosidl_typesupport_c__pyext.dir/rosidl_generator_py/ros_gz_interfaces/_ros_gz_interfaces_s.ep.rosidl_typesupport_c.c.o[0m
[22.147s] [100%] [32mBuilding C object CMakeFiles/ros_gz_interfaces__rosidl_typesupport_introspection_c__pyext.dir/rosidl_generator_py/ros_gz_interfaces/_ros_gz_interfaces_s.ep.rosidl_typesupport_introspection_c.c.o[0m
[22.349s] [100%] [32m[1mLinking C shared library rosidl_generator_py/ros_gz_interfaces/ros_gz_interfaces_s__rosidl_typesupport_c.cpython-310-x86_64-linux-gnu.so[0m
[22.349s] [100%] [32m[1mLinking C shared library rosidl_generator_py/ros_gz_interfaces/ros_gz_interfaces_s__rosidl_typesupport_fastrtps_c.cpython-310-x86_64-linux-gnu.so[0m
[22.349s] [100%] [32m[1mLinking C shared library rosidl_generator_py/ros_gz_interfaces/ros_gz_interfaces_s__rosidl_typesupport_introspection_c.cpython-310-x86_64-linux-gnu.so[0m
[22.405s] [100%] Built target ros_gz_interfaces__rosidl_typesupport_introspection_c__pyext
[22.405s] [100%] Built target ros_gz_interfaces__rosidl_typesupport_fastrtps_c__pyext
[22.406s] [100%] Built target ros_gz_interfaces__rosidl_typesupport_c__pyext
