[0.079s] DEBUG:colcon:Command line arguments: ['/usr/bin/colcon', 'build']
[0.079s] DEBUG:colcon:Parsed command line arguments: Namespace(log_base=None, log_level=None, verb_name='build', build_base='build', install_base='install', merge_install=False, symlink_install=False, test_result_base=None, continue_on_error=False, executor='parallel', parallel_workers=8, event_handlers=None, ignore_user_meta=False, metas=['./colcon.meta'], base_paths=['.'], packages_ignore=None, packages_ignore_regex=None, paths=None, packages_up_to=None, packages_up_to_regex=None, packages_above=None, packages_above_and_dependencies=None, packages_above_depth=None, packages_select_by_dep=None, packages_skip_by_dep=None, packages_skip_up_to=None, packages_select_build_failed=False, packages_skip_build_finished=False, packages_select_test_failures=False, packages_skip_test_passed=False, packages_select=None, packages_skip=None, packages_select_regex=None, packages_skip_regex=None, packages_start=None, packages_end=None, allow_overriding=[], cmake_args=None, cmake_target=None, cmake_target_skip_unavailable=False, cmake_clean_cache=False, cmake_clean_first=False, cmake_force_configure=False, ament_cmake_args=None, catkin_cmake_args=None, catkin_skip_building_tests=False, verb_parser=<colcon_defaults.argument_parser.defaults.DefaultArgumentsDecorator object at 0x728ee6549990>, verb_extension=<colcon_core.verb.build.BuildVerb object at 0x728ee65488b0>, main=<bound method BuildVerb.main of <colcon_core.verb.build.BuildVerb object at 0x728ee65488b0>>)
[0.108s] Level 1:colcon.colcon_core.package_discovery:discover_packages(colcon_meta) check parameters
[0.108s] Level 1:colcon.colcon_core.package_discovery:discover_packages(recursive) check parameters
[0.108s] Level 1:colcon.colcon_core.package_discovery:discover_packages(ignore) check parameters
[0.108s] Level 1:colcon.colcon_core.package_discovery:discover_packages(path) check parameters
[0.108s] Level 1:colcon.colcon_core.package_discovery:discover_packages(colcon_meta) discover
[0.108s] Level 1:colcon.colcon_core.package_discovery:discover_packages(recursive) discover
[0.108s] INFO:colcon.colcon_core.package_discovery:Crawling recursively for packages in '/home/robmoemac/M-LADIS-sim/PX4 Aux/ws_sensor_combined'
[0.108s] Level 1:colcon.colcon_core.package_identification:_identify(.) by extensions ['ignore', 'ignore_ament_install']
[0.108s] Level 1:colcon.colcon_core.package_identification:_identify(.) by extension 'ignore'
[0.108s] Level 1:colcon.colcon_core.package_identification:_identify(.) by extension 'ignore_ament_install'
[0.109s] Level 1:colcon.colcon_core.package_identification:_identify(.) by extensions ['colcon_pkg']
[0.109s] Level 1:colcon.colcon_core.package_identification:_identify(.) by extension 'colcon_pkg'
[0.109s] Level 1:colcon.colcon_core.package_identification:_identify(.) by extensions ['colcon_meta']
[0.109s] Level 1:colcon.colcon_core.package_identification:_identify(.) by extension 'colcon_meta'
[0.109s] Level 1:colcon.colcon_core.package_identification:_identify(.) by extensions ['ros']
[0.109s] Level 1:colcon.colcon_core.package_identification:_identify(.) by extension 'ros'
[0.120s] Level 1:colcon.colcon_core.package_identification:_identify(.) by extensions ['cmake', 'python']
[0.120s] Level 1:colcon.colcon_core.package_identification:_identify(.) by extension 'cmake'
[0.120s] Level 1:colcon.colcon_core.package_identification:_identify(.) by extension 'python'
[0.120s] Level 1:colcon.colcon_core.package_identification:_identify(.) by extensions ['python_setup_py']
[0.120s] Level 1:colcon.colcon_core.package_identification:_identify(.) by extension 'python_setup_py'
[0.121s] Level 1:colcon.colcon_core.package_identification:_identify(build) by extensions ['ignore', 'ignore_ament_install']
[0.121s] Level 1:colcon.colcon_core.package_identification:_identify(build) by extension 'ignore'
[0.121s] Level 1:colcon.colcon_core.package_identification:_identify(build) ignored
[0.121s] Level 1:colcon.colcon_core.package_identification:_identify(install) by extensions ['ignore', 'ignore_ament_install']
[0.121s] Level 1:colcon.colcon_core.package_identification:_identify(install) by extension 'ignore'
[0.121s] Level 1:colcon.colcon_core.package_identification:_identify(install) ignored
[0.121s] Level 1:colcon.colcon_core.package_identification:_identify(log) by extensions ['ignore', 'ignore_ament_install']
[0.121s] Level 1:colcon.colcon_core.package_identification:_identify(log) by extension 'ignore'
[0.122s] Level 1:colcon.colcon_core.package_identification:_identify(log) ignored
[0.122s] Level 1:colcon.colcon_core.package_identification:_identify(ros) by extensions ['ignore', 'ignore_ament_install']
[0.122s] Level 1:colcon.colcon_core.package_identification:_identify(ros) by extension 'ignore'
[0.122s] Level 1:colcon.colcon_core.package_identification:_identify(ros) by extension 'ignore_ament_install'
[0.122s] Level 1:colcon.colcon_core.package_identification:_identify(ros) by extensions ['colcon_pkg']
[0.122s] Level 1:colcon.colcon_core.package_identification:_identify(ros) by extension 'colcon_pkg'
[0.122s] Level 1:colcon.colcon_core.package_identification:_identify(ros) by extensions ['colcon_meta']
[0.122s] Level 1:colcon.colcon_core.package_identification:_identify(ros) by extension 'colcon_meta'
[0.122s] Level 1:colcon.colcon_core.package_identification:_identify(ros) by extensions ['ros']
[0.122s] Level 1:colcon.colcon_core.package_identification:_identify(ros) by extension 'ros'
[0.124s] DEBUG:colcon.colcon_core.package_identification:Package 'ros' with type 'ros.ament_cmake' and name 'ros'
[0.124s] Level 1:colcon.colcon_core.package_identification:_identify(src) by extensions ['ignore', 'ignore_ament_install']
[0.124s] Level 1:colcon.colcon_core.package_identification:_identify(src) by extension 'ignore'
[0.124s] Level 1:colcon.colcon_core.package_identification:_identify(src) by extension 'ignore_ament_install'
[0.124s] Level 1:colcon.colcon_core.package_identification:_identify(src) by extensions ['colcon_pkg']
[0.124s] Level 1:colcon.colcon_core.package_identification:_identify(src) by extension 'colcon_pkg'
[0.124s] Level 1:colcon.colcon_core.package_identification:_identify(src) by extensions ['colcon_meta']
[0.124s] Level 1:colcon.colcon_core.package_identification:_identify(src) by extension 'colcon_meta'
[0.124s] Level 1:colcon.colcon_core.package_identification:_identify(src) by extensions ['ros']
[0.124s] Level 1:colcon.colcon_core.package_identification:_identify(src) by extension 'ros'
[0.125s] Level 1:colcon.colcon_core.package_identification:_identify(src) by extensions ['cmake', 'python']
[0.125s] Level 1:colcon.colcon_core.package_identification:_identify(src) by extension 'cmake'
[0.125s] Level 1:colcon.colcon_core.package_identification:_identify(src) by extension 'python'
[0.125s] Level 1:colcon.colcon_core.package_identification:_identify(src) by extensions ['python_setup_py']
[0.125s] Level 1:colcon.colcon_core.package_identification:_identify(src) by extension 'python_setup_py'
[0.125s] Level 1:colcon.colcon_core.package_identification:_identify(src/px4_msgs) by extensions ['ignore', 'ignore_ament_install']
[0.125s] Level 1:colcon.colcon_core.package_identification:_identify(src/px4_msgs) by extension 'ignore'
[0.125s] Level 1:colcon.colcon_core.package_identification:_identify(src/px4_msgs) by extension 'ignore_ament_install'
[0.125s] Level 1:colcon.colcon_core.package_identification:_identify(src/px4_msgs) by extensions ['colcon_pkg']
[0.125s] Level 1:colcon.colcon_core.package_identification:_identify(src/px4_msgs) by extension 'colcon_pkg'
[0.125s] Level 1:colcon.colcon_core.package_identification:_identify(src/px4_msgs) by extensions ['colcon_meta']
[0.125s] Level 1:colcon.colcon_core.package_identification:_identify(src/px4_msgs) by extension 'colcon_meta'
[0.125s] Level 1:colcon.colcon_core.package_identification:_identify(src/px4_msgs) by extensions ['ros']
[0.125s] Level 1:colcon.colcon_core.package_identification:_identify(src/px4_msgs) by extension 'ros'
[0.126s] DEBUG:colcon.colcon_core.package_identification:Package 'src/px4_msgs' with type 'ros.ament_cmake' and name 'px4_msgs'
[0.126s] Level 1:colcon.colcon_core.package_identification:_identify(src/px4_ros_com) by extensions ['ignore', 'ignore_ament_install']
[0.126s] Level 1:colcon.colcon_core.package_identification:_identify(src/px4_ros_com) by extension 'ignore'
[0.126s] Level 1:colcon.colcon_core.package_identification:_identify(src/px4_ros_com) by extension 'ignore_ament_install'
[0.126s] Level 1:colcon.colcon_core.package_identification:_identify(src/px4_ros_com) by extensions ['colcon_pkg']
[0.126s] Level 1:colcon.colcon_core.package_identification:_identify(src/px4_ros_com) by extension 'colcon_pkg'
[0.126s] Level 1:colcon.colcon_core.package_identification:_identify(src/px4_ros_com) by extensions ['colcon_meta']
[0.126s] Level 1:colcon.colcon_core.package_identification:_identify(src/px4_ros_com) by extension 'colcon_meta'
[0.126s] Level 1:colcon.colcon_core.package_identification:_identify(src/px4_ros_com) by extensions ['ros']
[0.126s] Level 1:colcon.colcon_core.package_identification:_identify(src/px4_ros_com) by extension 'ros'
[0.127s] DEBUG:colcon.colcon_core.package_identification:Package 'src/px4_ros_com' with type 'ros.ament_cmake' and name 'px4_ros_com'
[0.127s] Level 1:colcon.colcon_core.package_identification:_identify(src/ros_gz) by extensions ['ignore', 'ignore_ament_install']
[0.128s] Level 1:colcon.colcon_core.package_identification:_identify(src/ros_gz) by extension 'ignore'
[0.128s] Level 1:colcon.colcon_core.package_identification:_identify(src/ros_gz) by extension 'ignore_ament_install'
[0.128s] Level 1:colcon.colcon_core.package_identification:_identify(src/ros_gz) by extensions ['colcon_pkg']
[0.128s] Level 1:colcon.colcon_core.package_identification:_identify(src/ros_gz) by extension 'colcon_pkg'
[0.128s] Level 1:colcon.colcon_core.package_identification:_identify(src/ros_gz) by extensions ['colcon_meta']
[0.128s] Level 1:colcon.colcon_core.package_identification:_identify(src/ros_gz) by extension 'colcon_meta'
[0.128s] Level 1:colcon.colcon_core.package_identification:_identify(src/ros_gz) by extensions ['ros']
[0.128s] Level 1:colcon.colcon_core.package_identification:_identify(src/ros_gz) by extension 'ros'
[0.128s] Level 1:colcon.colcon_core.package_identification:_identify(src/ros_gz) by extensions ['cmake', 'python']
[0.128s] Level 1:colcon.colcon_core.package_identification:_identify(src/ros_gz) by extension 'cmake'
[0.128s] Level 1:colcon.colcon_core.package_identification:_identify(src/ros_gz) by extension 'python'
[0.128s] Level 1:colcon.colcon_core.package_identification:_identify(src/ros_gz) by extensions ['python_setup_py']
[0.128s] Level 1:colcon.colcon_core.package_identification:_identify(src/ros_gz) by extension 'python_setup_py'
[0.128s] Level 1:colcon.colcon_core.package_discovery:discover_packages(recursive) using defaults
[0.128s] Level 1:colcon.colcon_core.package_discovery:discover_packages(ignore) discover
[0.128s] Level 1:colcon.colcon_core.package_discovery:discover_packages(ignore) using defaults
[0.128s] Level 1:colcon.colcon_core.package_discovery:discover_packages(path) discover
[0.128s] Level 1:colcon.colcon_core.package_discovery:discover_packages(path) using defaults
[0.144s] Level 1:colcon.colcon_core.package_discovery:discover_packages(prefix_path) check parameters
[0.144s] Level 1:colcon.colcon_core.package_discovery:discover_packages(prefix_path) discover
[0.145s] WARNING:colcon.colcon_ros.prefix_path.ament:The path '/home/robmoemac/M-LADIS-sim/PX4 Aux/ws_sensor_combined/install/velodyne' in the environment variable AMENT_PREFIX_PATH doesn't exist
[0.145s] WARNING:colcon.colcon_ros.prefix_path.ament:The path '/home/robmoemac/M-LADIS-sim/PX4 Aux/ws_sensor_combined/install/velodyne_pointcloud' in the environment variable AMENT_PREFIX_PATH doesn't exist
[0.145s] WARNING:colcon.colcon_ros.prefix_path.ament:The path '/home/robmoemac/M-LADIS-sim/PX4 Aux/ws_sensor_combined/install/velodyne_driver' in the environment variable AMENT_PREFIX_PATH doesn't exist
[0.145s] WARNING:colcon.colcon_ros.prefix_path.ament:The path '/home/robmoemac/M-LADIS-sim/PX4 Aux/ws_sensor_combined/install/velodyne_msgs' in the environment variable AMENT_PREFIX_PATH doesn't exist
[0.145s] WARNING:colcon.colcon_ros.prefix_path.ament:The path '/home/robmoemac/M-LADIS-sim/PX4 Aux/ws_sensor_combined/install/velodyne_laserscan' in the environment variable AMENT_PREFIX_PATH doesn't exist
[0.145s] WARNING:colcon.colcon_ros.prefix_path.catkin:The path '/home/robmoemac/M-LADIS-sim/PX4 Aux/ws_sensor_combined/install/velodyne' in the environment variable CMAKE_PREFIX_PATH doesn't exist
[0.145s] WARNING:colcon.colcon_ros.prefix_path.catkin:The path '/home/robmoemac/M-LADIS-sim/PX4 Aux/ws_sensor_combined/install/velodyne_pointcloud' in the environment variable CMAKE_PREFIX_PATH doesn't exist
[0.146s] WARNING:colcon.colcon_ros.prefix_path.catkin:The path '/home/robmoemac/M-LADIS-sim/PX4 Aux/ws_sensor_combined/install/velodyne_driver' in the environment variable CMAKE_PREFIX_PATH doesn't exist
[0.146s] WARNING:colcon.colcon_ros.prefix_path.catkin:The path '/home/robmoemac/M-LADIS-sim/PX4 Aux/ws_sensor_combined/install/velodyne_msgs' in the environment variable CMAKE_PREFIX_PATH doesn't exist
[0.146s] WARNING:colcon.colcon_ros.prefix_path.catkin:The path '/home/robmoemac/M-LADIS-sim/PX4 Aux/ws_sensor_combined/install/velodyne_laserscan' in the environment variable CMAKE_PREFIX_PATH doesn't exist
[0.146s] DEBUG:colcon.colcon_installed_package_information.package_discovery:Found 3 installed packages in /home/robmoemac/M-LADIS-sim/PX4 Aux/ws_sensor_combined/install
[0.147s] DEBUG:colcon.colcon_installed_package_information.package_discovery:Found 291 installed packages in /opt/ros/humble
[0.149s] Level 1:colcon.colcon_core.package_discovery:discover_packages(prefix_path) using defaults
[0.180s] Level 5:colcon.colcon_core.verb:set package 'px4_msgs' build argument 'cmake_args' from command line to 'None'
[0.180s] Level 5:colcon.colcon_core.verb:set package 'px4_msgs' build argument 'cmake_target' from command line to 'None'
[0.180s] Level 5:colcon.colcon_core.verb:set package 'px4_msgs' build argument 'cmake_target_skip_unavailable' from command line to 'False'
[0.180s] Level 5:colcon.colcon_core.verb:set package 'px4_msgs' build argument 'cmake_clean_cache' from command line to 'False'
[0.180s] Level 5:colcon.colcon_core.verb:set package 'px4_msgs' build argument 'cmake_clean_first' from command line to 'False'
[0.180s] Level 5:colcon.colcon_core.verb:set package 'px4_msgs' build argument 'cmake_force_configure' from command line to 'False'
[0.180s] Level 5:colcon.colcon_core.verb:set package 'px4_msgs' build argument 'ament_cmake_args' from command line to 'None'
[0.180s] Level 5:colcon.colcon_core.verb:set package 'px4_msgs' build argument 'catkin_cmake_args' from command line to 'None'
[0.180s] Level 5:colcon.colcon_core.verb:set package 'px4_msgs' build argument 'catkin_skip_building_tests' from command line to 'False'
[0.180s] DEBUG:colcon.colcon_core.verb:Building package 'px4_msgs' with the following arguments: {'ament_cmake_args': None, 'build_base': '/home/robmoemac/M-LADIS-sim/PX4 Aux/ws_sensor_combined/build/px4_msgs', 'catkin_cmake_args': None, 'catkin_skip_building_tests': False, 'cmake_args': None, 'cmake_clean_cache': False, 'cmake_clean_first': False, 'cmake_force_configure': False, 'cmake_target': None, 'cmake_target_skip_unavailable': False, 'install_base': '/home/robmoemac/M-LADIS-sim/PX4 Aux/ws_sensor_combined/install/px4_msgs', 'merge_install': False, 'path': '/home/robmoemac/M-LADIS-sim/PX4 Aux/ws_sensor_combined/src/px4_msgs', 'symlink_install': False, 'test_result_base': None}
[0.180s] Level 5:colcon.colcon_core.verb:set package 'ros' build argument 'cmake_args' from command line to 'None'
[0.180s] Level 5:colcon.colcon_core.verb:set package 'ros' build argument 'cmake_target' from command line to 'None'
[0.180s] Level 5:colcon.colcon_core.verb:set package 'ros' build argument 'cmake_target_skip_unavailable' from command line to 'False'
[0.181s] Level 5:colcon.colcon_core.verb:set package 'ros' build argument 'cmake_clean_cache' from command line to 'False'
[0.181s] Level 5:colcon.colcon_core.verb:set package 'ros' build argument 'cmake_clean_first' from command line to 'False'
[0.181s] Level 5:colcon.colcon_core.verb:set package 'ros' build argument 'cmake_force_configure' from command line to 'False'
[0.181s] Level 5:colcon.colcon_core.verb:set package 'ros' build argument 'ament_cmake_args' from command line to 'None'
[0.181s] Level 5:colcon.colcon_core.verb:set package 'ros' build argument 'catkin_cmake_args' from command line to 'None'
[0.181s] Level 5:colcon.colcon_core.verb:set package 'ros' build argument 'catkin_skip_building_tests' from command line to 'False'
[0.181s] DEBUG:colcon.colcon_core.verb:Building package 'ros' with the following arguments: {'ament_cmake_args': None, 'build_base': '/home/robmoemac/M-LADIS-sim/PX4 Aux/ws_sensor_combined/build/ros', 'catkin_cmake_args': None, 'catkin_skip_building_tests': False, 'cmake_args': None, 'cmake_clean_cache': False, 'cmake_clean_first': False, 'cmake_force_configure': False, 'cmake_target': None, 'cmake_target_skip_unavailable': False, 'install_base': '/home/robmoemac/M-LADIS-sim/PX4 Aux/ws_sensor_combined/install/ros', 'merge_install': False, 'path': '/home/robmoemac/M-LADIS-sim/PX4 Aux/ws_sensor_combined/ros', 'symlink_install': False, 'test_result_base': None}
[0.181s] Level 5:colcon.colcon_core.verb:set package 'px4_ros_com' build argument 'cmake_args' from command line to 'None'
[0.181s] Level 5:colcon.colcon_core.verb:set package 'px4_ros_com' build argument 'cmake_target' from command line to 'None'
[0.181s] Level 5:colcon.colcon_core.verb:set package 'px4_ros_com' build argument 'cmake_target_skip_unavailable' from command line to 'False'
[0.181s] Level 5:colcon.colcon_core.verb:set package 'px4_ros_com' build argument 'cmake_clean_cache' from command line to 'False'
[0.181s] Level 5:colcon.colcon_core.verb:set package 'px4_ros_com' build argument 'cmake_clean_first' from command line to 'False'
[0.181s] Level 5:colcon.colcon_core.verb:set package 'px4_ros_com' build argument 'cmake_force_configure' from command line to 'False'
[0.181s] Level 5:colcon.colcon_core.verb:set package 'px4_ros_com' build argument 'ament_cmake_args' from command line to 'None'
[0.181s] Level 5:colcon.colcon_core.verb:set package 'px4_ros_com' build argument 'catkin_cmake_args' from command line to 'None'
[0.181s] Level 5:colcon.colcon_core.verb:set package 'px4_ros_com' build argument 'catkin_skip_building_tests' from command line to 'False'
[0.181s] DEBUG:colcon.colcon_core.verb:Building package 'px4_ros_com' with the following arguments: {'ament_cmake_args': None, 'build_base': '/home/robmoemac/M-LADIS-sim/PX4 Aux/ws_sensor_combined/build/px4_ros_com', 'catkin_cmake_args': None, 'catkin_skip_building_tests': False, 'cmake_args': None, 'cmake_clean_cache': False, 'cmake_clean_first': False, 'cmake_force_configure': False, 'cmake_target': None, 'cmake_target_skip_unavailable': False, 'install_base': '/home/robmoemac/M-LADIS-sim/PX4 Aux/ws_sensor_combined/install/px4_ros_com', 'merge_install': False, 'path': '/home/robmoemac/M-LADIS-sim/PX4 Aux/ws_sensor_combined/src/px4_ros_com', 'symlink_install': False, 'test_result_base': None}
[0.182s] INFO:colcon.colcon_core.executor:Executing jobs using 'parallel' executor
[0.183s] DEBUG:colcon.colcon_parallel_executor.executor.parallel:run_until_complete
[0.183s] INFO:colcon.colcon_ros.task.ament_cmake.build:Building ROS package in '/home/robmoemac/M-LADIS-sim/PX4 Aux/ws_sensor_combined/src/px4_msgs' with build type 'ament_cmake'
[0.183s] INFO:colcon.colcon_cmake.task.cmake.build:Building CMake package in '/home/robmoemac/M-LADIS-sim/PX4 Aux/ws_sensor_combined/src/px4_msgs'
[0.185s] INFO:colcon.colcon_core.plugin_system:Skipping extension 'colcon_core.shell.bat': Not used on non-Windows systems
[0.185s] INFO:colcon.colcon_core.shell:Skip shell extension 'powershell' for command environment: Not usable outside of PowerShell
[0.185s] DEBUG:colcon.colcon_core.shell:Skip shell extension 'dsv' for command environment
[0.190s] INFO:colcon.colcon_ros.task.ament_cmake.build:Building ROS package in '/home/robmoemac/M-LADIS-sim/PX4 Aux/ws_sensor_combined/ros' with build type 'ament_cmake'
[0.190s] INFO:colcon.colcon_cmake.task.cmake.build:Building CMake package in '/home/robmoemac/M-LADIS-sim/PX4 Aux/ws_sensor_combined/ros'
[0.190s] INFO:colcon.colcon_core.shell:Skip shell extension 'powershell' for command environment: Not usable outside of PowerShell
[0.190s] DEBUG:colcon.colcon_core.shell:Skip shell extension 'dsv' for command environment
[0.204s] DEBUG:colcon.colcon_core.event_handler.log_command:Invoking command in '/home/robmoemac/M-LADIS-sim/PX4 Aux/ws_sensor_combined/build/px4_msgs': CMAKE_PREFIX_PATH=${CMAKE_PREFIX_PATH}:/opt/ros/humble /usr/bin/cmake --build /home/robmoemac/M-LADIS-sim/PX4 Aux/ws_sensor_combined/build/px4_msgs -- -j8 -l8
[0.208s] DEBUG:colcon.colcon_core.event_handler.log_command:Invoking command in '/home/robmoemac/M-LADIS-sim/PX4 Aux/ws_sensor_combined/build/ros': CMAKE_PREFIX_PATH=${CMAKE_PREFIX_PATH}:/opt/ros/humble /usr/bin/cmake --build /home/robmoemac/M-LADIS-sim/PX4 Aux/ws_sensor_combined/build/ros -- -j8 -l8
[0.240s] DEBUG:colcon.colcon_core.event_handler.log_command:Invoked command in '/home/robmoemac/M-LADIS-sim/PX4 Aux/ws_sensor_combined/build/ros' returned '0': CMAKE_PREFIX_PATH=${CMAKE_PREFIX_PATH}:/opt/ros/humble /usr/bin/cmake --build /home/robmoemac/M-LADIS-sim/PX4 Aux/ws_sensor_combined/build/ros -- -j8 -l8
[0.265s] DEBUG:colcon.colcon_core.event_handler.log_command:Invoking command in '/home/robmoemac/M-LADIS-sim/PX4 Aux/ws_sensor_combined/build/ros': CMAKE_PREFIX_PATH=${CMAKE_PREFIX_PATH}:/opt/ros/humble /usr/bin/cmake --install /home/robmoemac/M-LADIS-sim/PX4 Aux/ws_sensor_combined/build/ros
[0.274s] Level 1:colcon.colcon_core.environment:create_environment_scripts_only(ros)
[0.275s] DEBUG:colcon.colcon_core.event_handler.log_command:Invoked command in '/home/robmoemac/M-LADIS-sim/PX4 Aux/ws_sensor_combined/build/ros' returned '0': CMAKE_PREFIX_PATH=${CMAKE_PREFIX_PATH}:/opt/ros/humble /usr/bin/cmake --install /home/robmoemac/M-LADIS-sim/PX4 Aux/ws_sensor_combined/build/ros
[0.276s] Level 1:colcon.colcon_core.environment:checking '/home/robmoemac/M-LADIS-sim/PX4 Aux/ws_sensor_combined/install/ros' for CMake module files
[0.277s] Level 1:colcon.colcon_core.environment:checking '/home/robmoemac/M-LADIS-sim/PX4 Aux/ws_sensor_combined/install/ros' for CMake config files
[0.277s] Level 1:colcon.colcon_core.shell:create_environment_hook('ros', 'cmake_prefix_path')
[0.277s] INFO:colcon.colcon_core.shell:Creating environment hook '/home/robmoemac/M-LADIS-sim/PX4 Aux/ws_sensor_combined/install/ros/share/ros/hook/cmake_prefix_path.ps1'
[0.279s] INFO:colcon.colcon_core.shell:Creating environment descriptor '/home/robmoemac/M-LADIS-sim/PX4 Aux/ws_sensor_combined/install/ros/share/ros/hook/cmake_prefix_path.dsv'
[0.282s] INFO:colcon.colcon_core.shell:Creating environment hook '/home/robmoemac/M-LADIS-sim/PX4 Aux/ws_sensor_combined/install/ros/share/ros/hook/cmake_prefix_path.sh'
[0.285s] Level 1:colcon.colcon_core.environment:checking '/home/robmoemac/M-LADIS-sim/PX4 Aux/ws_sensor_combined/install/ros/bin'
[0.285s] Level 1:colcon.colcon_core.environment:checking '/home/robmoemac/M-LADIS-sim/PX4 Aux/ws_sensor_combined/install/ros/lib/pkgconfig/ros.pc'
[0.285s] Level 1:colcon.colcon_core.environment:checking '/home/robmoemac/M-LADIS-sim/PX4 Aux/ws_sensor_combined/install/ros/lib/python3.10/site-packages'
[0.286s] Level 1:colcon.colcon_core.environment:checking '/home/robmoemac/M-LADIS-sim/PX4 Aux/ws_sensor_combined/install/ros/bin'
[0.286s] INFO:colcon.colcon_core.shell:Creating package script '/home/robmoemac/M-LADIS-sim/PX4 Aux/ws_sensor_combined/install/ros/share/ros/package.ps1'
[0.288s] INFO:colcon.colcon_core.shell:Creating package descriptor '/home/robmoemac/M-LADIS-sim/PX4 Aux/ws_sensor_combined/install/ros/share/ros/package.dsv'
[0.291s] INFO:colcon.colcon_core.shell:Creating package script '/home/robmoemac/M-LADIS-sim/PX4 Aux/ws_sensor_combined/install/ros/share/ros/package.sh'
[0.293s] INFO:colcon.colcon_core.shell:Creating package script '/home/robmoemac/M-LADIS-sim/PX4 Aux/ws_sensor_combined/install/ros/share/ros/package.bash'
[0.296s] INFO:colcon.colcon_core.shell:Creating package script '/home/robmoemac/M-LADIS-sim/PX4 Aux/ws_sensor_combined/install/ros/share/ros/package.zsh'
[0.299s] Level 1:colcon.colcon_core.environment:create_file_with_runtime_dependencies(/home/robmoemac/M-LADIS-sim/PX4 Aux/ws_sensor_combined/install/ros/share/colcon-core/packages/ros)
[0.318s] Level 1:colcon.colcon_core.environment:create_environment_scripts_only(ros)
[0.318s] Level 1:colcon.colcon_core.environment:checking '/home/robmoemac/M-LADIS-sim/PX4 Aux/ws_sensor_combined/install/ros' for CMake module files
[0.319s] Level 1:colcon.colcon_core.environment:checking '/home/robmoemac/M-LADIS-sim/PX4 Aux/ws_sensor_combined/install/ros' for CMake config files
[0.319s] Level 1:colcon.colcon_core.shell:create_environment_hook('ros', 'cmake_prefix_path')
[0.319s] INFO:colcon.colcon_core.shell:Creating environment hook '/home/robmoemac/M-LADIS-sim/PX4 Aux/ws_sensor_combined/install/ros/share/ros/hook/cmake_prefix_path.ps1'
[0.319s] INFO:colcon.colcon_core.shell:Creating environment descriptor '/home/robmoemac/M-LADIS-sim/PX4 Aux/ws_sensor_combined/install/ros/share/ros/hook/cmake_prefix_path.dsv'
[0.319s] INFO:colcon.colcon_core.shell:Creating environment hook '/home/robmoemac/M-LADIS-sim/PX4 Aux/ws_sensor_combined/install/ros/share/ros/hook/cmake_prefix_path.sh'
[0.320s] Level 1:colcon.colcon_core.environment:checking '/home/robmoemac/M-LADIS-sim/PX4 Aux/ws_sensor_combined/install/ros/bin'
[0.320s] Level 1:colcon.colcon_core.environment:checking '/home/robmoemac/M-LADIS-sim/PX4 Aux/ws_sensor_combined/install/ros/lib/pkgconfig/ros.pc'
[0.320s] Level 1:colcon.colcon_core.environment:checking '/home/robmoemac/M-LADIS-sim/PX4 Aux/ws_sensor_combined/install/ros/lib/python3.10/site-packages'
[0.320s] Level 1:colcon.colcon_core.environment:checking '/home/robmoemac/M-LADIS-sim/PX4 Aux/ws_sensor_combined/install/ros/bin'
[0.321s] INFO:colcon.colcon_core.shell:Creating package script '/home/robmoemac/M-LADIS-sim/PX4 Aux/ws_sensor_combined/install/ros/share/ros/package.ps1'
[0.321s] INFO:colcon.colcon_core.shell:Creating package descriptor '/home/robmoemac/M-LADIS-sim/PX4 Aux/ws_sensor_combined/install/ros/share/ros/package.dsv'
[0.321s] INFO:colcon.colcon_core.shell:Creating package script '/home/robmoemac/M-LADIS-sim/PX4 Aux/ws_sensor_combined/install/ros/share/ros/package.sh'
[0.322s] INFO:colcon.colcon_core.shell:Creating package script '/home/robmoemac/M-LADIS-sim/PX4 Aux/ws_sensor_combined/install/ros/share/ros/package.bash'
[0.322s] INFO:colcon.colcon_core.shell:Creating package script '/home/robmoemac/M-LADIS-sim/PX4 Aux/ws_sensor_combined/install/ros/share/ros/package.zsh'
[0.322s] Level 1:colcon.colcon_core.environment:create_file_with_runtime_dependencies(/home/robmoemac/M-LADIS-sim/PX4 Aux/ws_sensor_combined/install/ros/share/colcon-core/packages/ros)
[1.168s] DEBUG:colcon.colcon_core.event_handler.log_command:Invoked command in '/home/robmoemac/M-LADIS-sim/PX4 Aux/ws_sensor_combined/build/px4_msgs' returned '0': CMAKE_PREFIX_PATH=${CMAKE_PREFIX_PATH}:/opt/ros/humble /usr/bin/cmake --build /home/robmoemac/M-LADIS-sim/PX4 Aux/ws_sensor_combined/build/px4_msgs -- -j8 -l8
[5.895s] DEBUG:colcon.colcon_core.event_handler.log_command:Invoking command in '/home/robmoemac/M-LADIS-sim/PX4 Aux/ws_sensor_combined/build/px4_msgs': CMAKE_PREFIX_PATH=${CMAKE_PREFIX_PATH}:/opt/ros/humble /usr/bin/cmake --install /home/robmoemac/M-LADIS-sim/PX4 Aux/ws_sensor_combined/build/px4_msgs
[6.152s] Level 1:colcon.colcon_core.environment:create_environment_scripts_only(px4_msgs)
[6.152s] Level 1:colcon.colcon_core.environment:checking '/home/robmoemac/M-LADIS-sim/PX4 Aux/ws_sensor_combined/install/px4_msgs' for CMake module files
[6.153s] DEBUG:colcon.colcon_core.event_handler.log_command:Invoked command in '/home/robmoemac/M-LADIS-sim/PX4 Aux/ws_sensor_combined/build/px4_msgs' returned '0': CMAKE_PREFIX_PATH=${CMAKE_PREFIX_PATH}:/opt/ros/humble /usr/bin/cmake --install /home/robmoemac/M-LADIS-sim/PX4 Aux/ws_sensor_combined/build/px4_msgs
[6.153s] Level 1:colcon.colcon_core.environment:checking '/home/robmoemac/M-LADIS-sim/PX4 Aux/ws_sensor_combined/install/px4_msgs' for CMake config files
[6.156s] Level 1:colcon.colcon_core.shell:create_environment_hook('px4_msgs', 'cmake_prefix_path')
[6.156s] INFO:colcon.colcon_core.shell:Creating environment hook '/home/robmoemac/M-LADIS-sim/PX4 Aux/ws_sensor_combined/install/px4_msgs/share/px4_msgs/hook/cmake_prefix_path.ps1'
[6.156s] INFO:colcon.colcon_core.shell:Creating environment descriptor '/home/robmoemac/M-LADIS-sim/PX4 Aux/ws_sensor_combined/install/px4_msgs/share/px4_msgs/hook/cmake_prefix_path.dsv'
[6.156s] INFO:colcon.colcon_core.shell:Creating environment hook '/home/robmoemac/M-LADIS-sim/PX4 Aux/ws_sensor_combined/install/px4_msgs/share/px4_msgs/hook/cmake_prefix_path.sh'
[6.157s] Level 1:colcon.colcon_core.environment:checking '/home/robmoemac/M-LADIS-sim/PX4 Aux/ws_sensor_combined/install/px4_msgs/lib'
[6.157s] Level 1:colcon.colcon_core.shell:create_environment_hook('px4_msgs', 'ld_library_path_lib')
[6.157s] INFO:colcon.colcon_core.shell:Creating environment hook '/home/robmoemac/M-LADIS-sim/PX4 Aux/ws_sensor_combined/install/px4_msgs/share/px4_msgs/hook/ld_library_path_lib.ps1'
[6.157s] INFO:colcon.colcon_core.shell:Creating environment descriptor '/home/robmoemac/M-LADIS-sim/PX4 Aux/ws_sensor_combined/install/px4_msgs/share/px4_msgs/hook/ld_library_path_lib.dsv'
[6.158s] INFO:colcon.colcon_core.shell:Creating environment hook '/home/robmoemac/M-LADIS-sim/PX4 Aux/ws_sensor_combined/install/px4_msgs/share/px4_msgs/hook/ld_library_path_lib.sh'
[6.158s] Level 1:colcon.colcon_core.environment:checking '/home/robmoemac/M-LADIS-sim/PX4 Aux/ws_sensor_combined/install/px4_msgs/bin'
[6.158s] Level 1:colcon.colcon_core.environment:checking '/home/robmoemac/M-LADIS-sim/PX4 Aux/ws_sensor_combined/install/px4_msgs/lib/pkgconfig/px4_msgs.pc'
[6.158s] Level 1:colcon.colcon_core.environment:checking '/home/robmoemac/M-LADIS-sim/PX4 Aux/ws_sensor_combined/install/px4_msgs/lib/python3.10/site-packages'
[6.158s] Level 1:colcon.colcon_core.environment:checking '/home/robmoemac/M-LADIS-sim/PX4 Aux/ws_sensor_combined/install/px4_msgs/bin'
[6.158s] INFO:colcon.colcon_core.shell:Creating package script '/home/robmoemac/M-LADIS-sim/PX4 Aux/ws_sensor_combined/install/px4_msgs/share/px4_msgs/package.ps1'
[6.159s] INFO:colcon.colcon_core.shell:Creating package descriptor '/home/robmoemac/M-LADIS-sim/PX4 Aux/ws_sensor_combined/install/px4_msgs/share/px4_msgs/package.dsv'
[6.159s] INFO:colcon.colcon_core.shell:Creating package script '/home/robmoemac/M-LADIS-sim/PX4 Aux/ws_sensor_combined/install/px4_msgs/share/px4_msgs/package.sh'
[6.159s] INFO:colcon.colcon_core.shell:Creating package script '/home/robmoemac/M-LADIS-sim/PX4 Aux/ws_sensor_combined/install/px4_msgs/share/px4_msgs/package.bash'
[6.160s] INFO:colcon.colcon_core.shell:Creating package script '/home/robmoemac/M-LADIS-sim/PX4 Aux/ws_sensor_combined/install/px4_msgs/share/px4_msgs/package.zsh'
[6.160s] Level 1:colcon.colcon_core.environment:create_file_with_runtime_dependencies(/home/robmoemac/M-LADIS-sim/PX4 Aux/ws_sensor_combined/install/px4_msgs/share/colcon-core/packages/px4_msgs)
[13.864s] Level 1:colcon.colcon_core.environment:create_environment_scripts_only(px4_msgs)
[13.864s] Level 1:colcon.colcon_core.environment:checking '/home/robmoemac/M-LADIS-sim/PX4 Aux/ws_sensor_combined/install/px4_msgs' for CMake module files
[13.866s] Level 1:colcon.colcon_core.environment:checking '/home/robmoemac/M-LADIS-sim/PX4 Aux/ws_sensor_combined/install/px4_msgs' for CMake config files
[13.872s] Level 1:colcon.colcon_core.shell:create_environment_hook('px4_msgs', 'cmake_prefix_path')
[13.872s] INFO:colcon.colcon_core.shell:Creating environment hook '/home/robmoemac/M-LADIS-sim/PX4 Aux/ws_sensor_combined/install/px4_msgs/share/px4_msgs/hook/cmake_prefix_path.ps1'
[13.876s] INFO:colcon.colcon_core.shell:Creating environment descriptor '/home/robmoemac/M-LADIS-sim/PX4 Aux/ws_sensor_combined/install/px4_msgs/share/px4_msgs/hook/cmake_prefix_path.dsv'
[13.879s] INFO:colcon.colcon_core.shell:Creating environment hook '/home/robmoemac/M-LADIS-sim/PX4 Aux/ws_sensor_combined/install/px4_msgs/share/px4_msgs/hook/cmake_prefix_path.sh'
[13.882s] Level 1:colcon.colcon_core.environment:checking '/home/robmoemac/M-LADIS-sim/PX4 Aux/ws_sensor_combined/install/px4_msgs/lib'
[13.882s] Level 1:colcon.colcon_core.shell:create_environment_hook('px4_msgs', 'ld_library_path_lib')
[13.882s] INFO:colcon.colcon_core.shell:Creating environment hook '/home/robmoemac/M-LADIS-sim/PX4 Aux/ws_sensor_combined/install/px4_msgs/share/px4_msgs/hook/ld_library_path_lib.ps1'
[13.884s] INFO:colcon.colcon_core.shell:Creating environment descriptor '/home/robmoemac/M-LADIS-sim/PX4 Aux/ws_sensor_combined/install/px4_msgs/share/px4_msgs/hook/ld_library_path_lib.dsv'
[13.886s] INFO:colcon.colcon_core.shell:Creating environment hook '/home/robmoemac/M-LADIS-sim/PX4 Aux/ws_sensor_combined/install/px4_msgs/share/px4_msgs/hook/ld_library_path_lib.sh'
[13.889s] Level 1:colcon.colcon_core.environment:checking '/home/robmoemac/M-LADIS-sim/PX4 Aux/ws_sensor_combined/install/px4_msgs/bin'
[13.889s] Level 1:colcon.colcon_core.environment:checking '/home/robmoemac/M-LADIS-sim/PX4 Aux/ws_sensor_combined/install/px4_msgs/lib/pkgconfig/px4_msgs.pc'
[13.889s] Level 1:colcon.colcon_core.environment:checking '/home/robmoemac/M-LADIS-sim/PX4 Aux/ws_sensor_combined/install/px4_msgs/lib/python3.10/site-packages'
[13.889s] Level 1:colcon.colcon_core.environment:checking '/home/robmoemac/M-LADIS-sim/PX4 Aux/ws_sensor_combined/install/px4_msgs/bin'
[13.889s] INFO:colcon.colcon_core.shell:Creating package script '/home/robmoemac/M-LADIS-sim/PX4 Aux/ws_sensor_combined/install/px4_msgs/share/px4_msgs/package.ps1'
[13.892s] INFO:colcon.colcon_core.shell:Creating package descriptor '/home/robmoemac/M-LADIS-sim/PX4 Aux/ws_sensor_combined/install/px4_msgs/share/px4_msgs/package.dsv'
[13.894s] INFO:colcon.colcon_core.shell:Creating package script '/home/robmoemac/M-LADIS-sim/PX4 Aux/ws_sensor_combined/install/px4_msgs/share/px4_msgs/package.sh'
[13.897s] INFO:colcon.colcon_core.shell:Creating package script '/home/robmoemac/M-LADIS-sim/PX4 Aux/ws_sensor_combined/install/px4_msgs/share/px4_msgs/package.bash'
[13.899s] INFO:colcon.colcon_core.shell:Creating package script '/home/robmoemac/M-LADIS-sim/PX4 Aux/ws_sensor_combined/install/px4_msgs/share/px4_msgs/package.zsh'
[13.901s] Level 1:colcon.colcon_core.environment:create_file_with_runtime_dependencies(/home/robmoemac/M-LADIS-sim/PX4 Aux/ws_sensor_combined/install/px4_msgs/share/colcon-core/packages/px4_msgs)
[13.904s] INFO:colcon.colcon_ros.task.ament_cmake.build:Building ROS package in '/home/robmoemac/M-LADIS-sim/PX4 Aux/ws_sensor_combined/src/px4_ros_com' with build type 'ament_cmake'
[13.904s] INFO:colcon.colcon_cmake.task.cmake.build:Building CMake package in '/home/robmoemac/M-LADIS-sim/PX4 Aux/ws_sensor_combined/src/px4_ros_com'
[13.904s] INFO:colcon.colcon_core.shell:Skip shell extension 'powershell' for command environment: Not usable outside of PowerShell
[13.904s] DEBUG:colcon.colcon_core.shell:Skip shell extension 'dsv' for command environment
[13.920s] DEBUG:colcon.colcon_core.event_handler.log_command:Invoking command in '/home/robmoemac/M-LADIS-sim/PX4 Aux/ws_sensor_combined/build/px4_ros_com': CMAKE_PREFIX_PATH=/home/robmoemac/M-LADIS-sim/PX4 Aux/ws_sensor_combined/install/px4_msgs:/home/robmoemac/M-LADIS-sim/PX4 Aux/ws_sensor_combined/install/velodyne:/home/robmoemac/M-LADIS-sim/PX4 Aux/ws_sensor_combined/install/velodyne_pointcloud:/home/robmoemac/M-LADIS-sim/PX4 Aux/ws_sensor_combined/install/velodyne_driver:/home/robmoemac/M-LADIS-sim/PX4 Aux/ws_sensor_combined/install/velodyne_msgs:/home/robmoemac/M-LADIS-sim/PX4 Aux/ws_sensor_combined/install/velodyne_laserscan:/home/robmoemac/M-LADIS-sim/PX4 Aux/ws_sensor_combined/install/ros:/opt/ros/humble LD_LIBRARY_PATH=/home/robmoemac/M-LADIS-sim/PX4 Aux/ws_sensor_combined/install/px4_msgs/lib:/home/robmoemac/M-LADIS-sim/PX4 Aux/ws_sensor_combined/install/velodyne_pointcloud/lib:/home/robmoemac/M-LADIS-sim/PX4 Aux/ws_sensor_combined/install/velodyne_driver/lib:/home/robmoemac/M-LADIS-sim/PX4 Aux/ws_sensor_combined/install/velodyne_msgs/lib:/home/robmoemac/M-LADIS-sim/PX4 Aux/ws_sensor_combined/install/velodyne_laserscan/lib:/usr/lib/x86_64-linux-gnu/gazebo-11/plugins:/opt/ros/humble/opt/rviz_ogre_vendor/lib:/opt/ros/humble/lib/x86_64-linux-gnu:/opt/ros/humble/lib /usr/bin/cmake --build /home/robmoemac/M-LADIS-sim/PX4 Aux/ws_sensor_combined/build/px4_ros_com -- -j8 -l8
[37.279s] DEBUG:colcon.colcon_core.event_handler.log_command:Invoked command in '/home/robmoemac/M-LADIS-sim/PX4 Aux/ws_sensor_combined/build/px4_ros_com' returned '2': CMAKE_PREFIX_PATH=/home/robmoemac/M-LADIS-sim/PX4 Aux/ws_sensor_combined/install/px4_msgs:/home/robmoemac/M-LADIS-sim/PX4 Aux/ws_sensor_combined/install/velodyne:/home/robmoemac/M-LADIS-sim/PX4 Aux/ws_sensor_combined/install/velodyne_pointcloud:/home/robmoemac/M-LADIS-sim/PX4 Aux/ws_sensor_combined/install/velodyne_driver:/home/robmoemac/M-LADIS-sim/PX4 Aux/ws_sensor_combined/install/velodyne_msgs:/home/robmoemac/M-LADIS-sim/PX4 Aux/ws_sensor_combined/install/velodyne_laserscan:/home/robmoemac/M-LADIS-sim/PX4 Aux/ws_sensor_combined/install/ros:/opt/ros/humble LD_LIBRARY_PATH=/home/robmoemac/M-LADIS-sim/PX4 Aux/ws_sensor_combined/install/px4_msgs/lib:/home/robmoemac/M-LADIS-sim/PX4 Aux/ws_sensor_combined/install/velodyne_pointcloud/lib:/home/robmoemac/M-LADIS-sim/PX4 Aux/ws_sensor_combined/install/velodyne_driver/lib:/home/robmoemac/M-LADIS-sim/PX4 Aux/ws_sensor_combined/install/velodyne_msgs/lib:/home/robmoemac/M-LADIS-sim/PX4 Aux/ws_sensor_combined/install/velodyne_laserscan/lib:/usr/lib/x86_64-linux-gnu/gazebo-11/plugins:/opt/ros/humble/opt/rviz_ogre_vendor/lib:/opt/ros/humble/lib/x86_64-linux-gnu:/opt/ros/humble/lib /usr/bin/cmake --build /home/robmoemac/M-LADIS-sim/PX4 Aux/ws_sensor_combined/build/px4_ros_com -- -j8 -l8
[37.328s] Level 1:colcon.colcon_core.environment:create_environment_scripts_only(px4_ros_com)
[37.328s] Level 1:colcon.colcon_core.environment:checking '/home/robmoemac/M-LADIS-sim/PX4 Aux/ws_sensor_combined/install/px4_ros_com' for CMake module files
[37.329s] Level 1:colcon.colcon_core.environment:checking '/home/robmoemac/M-LADIS-sim/PX4 Aux/ws_sensor_combined/install/px4_ros_com' for CMake config files
[37.330s] Level 1:colcon.colcon_core.shell:create_environment_hook('px4_ros_com', 'cmake_prefix_path')
[37.330s] INFO:colcon.colcon_core.shell:Creating environment hook '/home/robmoemac/M-LADIS-sim/PX4 Aux/ws_sensor_combined/install/px4_ros_com/share/px4_ros_com/hook/cmake_prefix_path.ps1'
[37.336s] INFO:colcon.colcon_core.shell:Creating environment descriptor '/home/robmoemac/M-LADIS-sim/PX4 Aux/ws_sensor_combined/install/px4_ros_com/share/px4_ros_com/hook/cmake_prefix_path.dsv'
[37.340s] INFO:colcon.colcon_core.shell:Creating environment hook '/home/robmoemac/M-LADIS-sim/PX4 Aux/ws_sensor_combined/install/px4_ros_com/share/px4_ros_com/hook/cmake_prefix_path.sh'
[37.344s] Level 1:colcon.colcon_core.environment:checking '/home/robmoemac/M-LADIS-sim/PX4 Aux/ws_sensor_combined/install/px4_ros_com/lib'
[37.344s] Level 1:colcon.colcon_core.environment:checking '/home/robmoemac/M-LADIS-sim/PX4 Aux/ws_sensor_combined/install/px4_ros_com/bin'
[37.344s] Level 1:colcon.colcon_core.environment:checking '/home/robmoemac/M-LADIS-sim/PX4 Aux/ws_sensor_combined/install/px4_ros_com/lib/pkgconfig/px4_ros_com.pc'
[37.344s] Level 1:colcon.colcon_core.environment:checking '/home/robmoemac/M-LADIS-sim/PX4 Aux/ws_sensor_combined/install/px4_ros_com/lib/python3.10/site-packages'
[37.345s] Level 1:colcon.colcon_core.environment:checking '/home/robmoemac/M-LADIS-sim/PX4 Aux/ws_sensor_combined/install/px4_ros_com/bin'
[37.345s] INFO:colcon.colcon_core.shell:Creating package script '/home/robmoemac/M-LADIS-sim/PX4 Aux/ws_sensor_combined/install/px4_ros_com/share/px4_ros_com/package.ps1'
[37.347s] INFO:colcon.colcon_core.shell:Creating package descriptor '/home/robmoemac/M-LADIS-sim/PX4 Aux/ws_sensor_combined/install/px4_ros_com/share/px4_ros_com/package.dsv'
[37.350s] INFO:colcon.colcon_core.shell:Creating package script '/home/robmoemac/M-LADIS-sim/PX4 Aux/ws_sensor_combined/install/px4_ros_com/share/px4_ros_com/package.sh'
[37.352s] INFO:colcon.colcon_core.shell:Creating package script '/home/robmoemac/M-LADIS-sim/PX4 Aux/ws_sensor_combined/install/px4_ros_com/share/px4_ros_com/package.bash'
[37.355s] INFO:colcon.colcon_core.shell:Creating package script '/home/robmoemac/M-LADIS-sim/PX4 Aux/ws_sensor_combined/install/px4_ros_com/share/px4_ros_com/package.zsh'
[37.357s] Level 1:colcon.colcon_core.environment:create_file_with_runtime_dependencies(/home/robmoemac/M-LADIS-sim/PX4 Aux/ws_sensor_combined/install/px4_ros_com/share/colcon-core/packages/px4_ros_com)
[37.369s] DEBUG:colcon.colcon_parallel_executor.executor.parallel:closing loop
[37.370s] DEBUG:colcon.colcon_parallel_executor.executor.parallel:loop closed
[37.370s] DEBUG:colcon.colcon_parallel_executor.executor.parallel:run_until_complete finished with '2'
[37.370s] DEBUG:colcon.colcon_core.event_reactor:joining thread
[37.374s] INFO:colcon.colcon_core.plugin_system:Skipping extension 'colcon_notification.desktop_notification.terminal_notifier': Not used on non-Darwin systems
[37.374s] INFO:colcon.colcon_core.plugin_system:Skipping extension 'colcon_notification.desktop_notification.win32': Not used on non-Windows systems
[37.375s] INFO:colcon.colcon_notification.desktop_notification:Sending desktop notification using 'notify2'
[37.384s] DEBUG:colcon.colcon_core.event_reactor:joined thread
[37.385s] INFO:colcon.colcon_core.shell:Creating prefix script '/home/robmoemac/M-LADIS-sim/PX4 Aux/ws_sensor_combined/install/local_setup.ps1'
[37.386s] INFO:colcon.colcon_core.shell:Creating prefix util module '/home/robmoemac/M-LADIS-sim/PX4 Aux/ws_sensor_combined/install/_local_setup_util_ps1.py'
[37.388s] INFO:colcon.colcon_core.shell:Creating prefix chain script '/home/robmoemac/M-LADIS-sim/PX4 Aux/ws_sensor_combined/install/setup.ps1'
[37.389s] INFO:colcon.colcon_core.shell:Creating prefix script '/home/robmoemac/M-LADIS-sim/PX4 Aux/ws_sensor_combined/install/local_setup.sh'
[37.390s] INFO:colcon.colcon_core.shell:Creating prefix util module '/home/robmoemac/M-LADIS-sim/PX4 Aux/ws_sensor_combined/install/_local_setup_util_sh.py'
[37.390s] INFO:colcon.colcon_core.shell:Creating prefix chain script '/home/robmoemac/M-LADIS-sim/PX4 Aux/ws_sensor_combined/install/setup.sh'
[37.391s] INFO:colcon.colcon_core.shell:Creating prefix script '/home/robmoemac/M-LADIS-sim/PX4 Aux/ws_sensor_combined/install/local_setup.bash'
[37.391s] INFO:colcon.colcon_core.shell:Creating prefix chain script '/home/robmoemac/M-LADIS-sim/PX4 Aux/ws_sensor_combined/install/setup.bash'
[37.392s] INFO:colcon.colcon_core.shell:Creating prefix script '/home/robmoemac/M-LADIS-sim/PX4 Aux/ws_sensor_combined/install/local_setup.zsh'
[37.393s] INFO:colcon.colcon_core.shell:Creating prefix chain script '/home/robmoemac/M-LADIS-sim/PX4 Aux/ws_sensor_combined/install/setup.zsh'
