[100%] Built target nearest_poster_node
-- Install configuration: ""
<<<<<<< HEAD
-- Up-to-date: /home/robmoemac/M-LADIS-Jerry/ws_sensor_combined/install/nearest_poster_yaw/lib/nearest_poster_yaw/nearest_poster_node
-- Up-to-date: /home/robmoemac/M-LADIS-Jerry/ws_sensor_combined/install/nearest_poster_yaw/share/nearest_poster_yaw/launch
-- Up-to-date: /home/robmoemac/M-LADIS-Jerry/ws_sensor_combined/install/nearest_poster_yaw/share/nearest_poster_yaw/launch/launch.py
-- Up-to-date: /home/robmoemac/M-LADIS-Jerry/ws_sensor_combined/install/nearest_poster_yaw/share/nearest_poster_yaw/launch/.vscode
-- Up-to-date: /home/robmoemac/M-LADIS-Jerry/ws_sensor_combined/install/nearest_poster_yaw/share/nearest_poster_yaw/launch/.vscode/c_cpp_properties.json
-- Up-to-date: /home/robmoemac/M-LADIS-Jerry/ws_sensor_combined/install/nearest_poster_yaw/share/nearest_poster_yaw/launch/.vscode/settings.json
-- Up-to-date: /home/robmoemac/M-LADIS-Jerry/ws_sensor_combined/install/nearest_poster_yaw/share/ament_index/resource_index/package_run_dependencies/nearest_poster_yaw
-- Up-to-date: /home/robmoemac/M-LADIS-Jerry/ws_sensor_combined/install/nearest_poster_yaw/share/ament_index/resource_index/parent_prefix_path/nearest_poster_yaw
-- Up-to-date: /home/robmoemac/M-LADIS-Jerry/ws_sensor_combined/install/nearest_poster_yaw/share/nearest_poster_yaw/environment/ament_prefix_path.sh
-- Up-to-date: /home/robmoemac/M-LADIS-Jerry/ws_sensor_combined/install/nearest_poster_yaw/share/nearest_poster_yaw/environment/ament_prefix_path.dsv
-- Up-to-date: /home/robmoemac/M-LADIS-Jerry/ws_sensor_combined/install/nearest_poster_yaw/share/nearest_poster_yaw/environment/path.sh
-- Up-to-date: /home/robmoemac/M-LADIS-Jerry/ws_sensor_combined/install/nearest_poster_yaw/share/nearest_poster_yaw/environment/path.dsv
-- Up-to-date: /home/robmoemac/M-LADIS-Jerry/ws_sensor_combined/install/nearest_poster_yaw/share/nearest_poster_yaw/local_setup.bash
-- Up-to-date: /home/robmoemac/M-LADIS-Jerry/ws_sensor_combined/install/nearest_poster_yaw/share/nearest_poster_yaw/local_setup.sh
-- Up-to-date: /home/robmoemac/M-LADIS-Jerry/ws_sensor_combined/install/nearest_poster_yaw/share/nearest_poster_yaw/local_setup.zsh
-- Up-to-date: /home/robmoemac/M-LADIS-Jerry/ws_sensor_combined/install/nearest_poster_yaw/share/nearest_poster_yaw/local_setup.dsv
-- Installing: /home/robmoemac/M-LADIS-Jerry/ws_sensor_combined/install/nearest_poster_yaw/share/nearest_poster_yaw/package.dsv
-- Up-to-date: /home/robmoemac/M-LADIS-Jerry/ws_sensor_combined/install/nearest_poster_yaw/share/ament_index/resource_index/packages/nearest_poster_yaw
-- Up-to-date: /home/robmoemac/M-LADIS-Jerry/ws_sensor_combined/install/nearest_poster_yaw/share/nearest_poster_yaw/cmake/nearest_poster_yawConfig.cmake
-- Up-to-date: /home/robmoemac/M-LADIS-Jerry/ws_sensor_combined/install/nearest_poster_yaw/share/nearest_poster_yaw/cmake/nearest_poster_yawConfig-version.cmake
-- Up-to-date: /home/robmoemac/M-LADIS-Jerry/ws_sensor_combined/install/nearest_poster_yaw/share/nearest_poster_yaw/package.xml
=======
-- Up-to-date: /home/blake/M-LADIS-Jerry/ws_sensor_combined/install/nearest_poster_yaw/lib/nearest_poster_yaw/nearest_poster_node
-- Up-to-date: /home/blake/M-LADIS-Jerry/ws_sensor_combined/install/nearest_poster_yaw/share/nearest_poster_yaw/launch
-- Up-to-date: /home/blake/M-LADIS-Jerry/ws_sensor_combined/install/nearest_poster_yaw/share/nearest_poster_yaw/launch/.vscode
-- Up-to-date: /home/blake/M-LADIS-Jerry/ws_sensor_combined/install/nearest_poster_yaw/share/nearest_poster_yaw/launch/.vscode/settings.json
-- Up-to-date: /home/blake/M-LADIS-Jerry/ws_sensor_combined/install/nearest_poster_yaw/share/nearest_poster_yaw/launch/.vscode/c_cpp_properties.json
-- Up-to-date: /home/blake/M-LADIS-Jerry/ws_sensor_combined/install/nearest_poster_yaw/share/nearest_poster_yaw/launch/launch.py
-- Up-to-date: /home/blake/M-LADIS-Jerry/ws_sensor_combined/install/nearest_poster_yaw/share/ament_index/resource_index/package_run_dependencies/nearest_poster_yaw
-- Up-to-date: /home/blake/M-LADIS-Jerry/ws_sensor_combined/install/nearest_poster_yaw/share/ament_index/resource_index/parent_prefix_path/nearest_poster_yaw
-- Up-to-date: /home/blake/M-LADIS-Jerry/ws_sensor_combined/install/nearest_poster_yaw/share/nearest_poster_yaw/environment/ament_prefix_path.sh
-- Up-to-date: /home/blake/M-LADIS-Jerry/ws_sensor_combined/install/nearest_poster_yaw/share/nearest_poster_yaw/environment/ament_prefix_path.dsv
-- Up-to-date: /home/blake/M-LADIS-Jerry/ws_sensor_combined/install/nearest_poster_yaw/share/nearest_poster_yaw/environment/path.sh
-- Up-to-date: /home/blake/M-LADIS-Jerry/ws_sensor_combined/install/nearest_poster_yaw/share/nearest_poster_yaw/environment/path.dsv
-- Up-to-date: /home/blake/M-LADIS-Jerry/ws_sensor_combined/install/nearest_poster_yaw/share/nearest_poster_yaw/local_setup.bash
-- Up-to-date: /home/blake/M-LADIS-Jerry/ws_sensor_combined/install/nearest_poster_yaw/share/nearest_poster_yaw/local_setup.sh
-- Up-to-date: /home/blake/M-LADIS-Jerry/ws_sensor_combined/install/nearest_poster_yaw/share/nearest_poster_yaw/local_setup.zsh
-- Up-to-date: /home/blake/M-LADIS-Jerry/ws_sensor_combined/install/nearest_poster_yaw/share/nearest_poster_yaw/local_setup.dsv
-- Installing: /home/blake/M-LADIS-Jerry/ws_sensor_combined/install/nearest_poster_yaw/share/nearest_poster_yaw/package.dsv
-- Up-to-date: /home/blake/M-LADIS-Jerry/ws_sensor_combined/install/nearest_poster_yaw/share/ament_index/resource_index/packages/nearest_poster_yaw
-- Up-to-date: /home/blake/M-LADIS-Jerry/ws_sensor_combined/install/nearest_poster_yaw/share/nearest_poster_yaw/cmake/nearest_poster_yawConfig.cmake
-- Up-to-date: /home/blake/M-LADIS-Jerry/ws_sensor_combined/install/nearest_poster_yaw/share/nearest_poster_yaw/cmake/nearest_poster_yawConfig-version.cmake
-- Up-to-date: /home/blake/M-LADIS-Jerry/ws_sensor_combined/install/nearest_poster_yaw/share/nearest_poster_yaw/package.xml
>>>>>>> 65b9e45adce5768221191a6983200bd122e78686
