[0.061s] Invoking command in '/home/dserbin/ws_sensor_combined/build/px4_ros_com': AMENT_PREFIX_PATH=/home/dserbin/ws_sensor_combined/install/px4_msgs:${AMENT_PREFIX_PATH} CMAKE_PREFIX_PATH=/home/dserbin/ws_sensor_combined/install/px4_msgs:/opt/ros/humble LD_LIBRARY_PATH=/home/dserbin/ws_sensor_combined/install/px4_msgs/lib:${LD_LIBRARY_PATH} PYTHONPATH=/home/dserbin/ws_sensor_combined/install/px4_msgs/local/lib/python3.10/dist-packages:${PYTHONPATH} /usr/bin/cmake --build /home/dserbin/ws_sensor_combined/build/px4_ros_com -- -j16 -l16
[0.107s] -- Found ament_cmake: 1.3.6 (/opt/ros/humble/share/ament_cmake/cmake)
[0.258s] -- Found builtin_interfaces: 1.2.1 (/opt/ros/humble/share/builtin_interfaces/cmake)
[0.289s] -- Found rosidl_generator_c: 3.1.5 (/opt/ros/humble/share/rosidl_generator_c/cmake)
[0.292s] -- Found rosidl_adapter: 3.1.5 (/opt/ros/humble/share/rosidl_adapter/cmake)
[0.300s] -- Found rosidl_generator_cpp: 3.1.5 (/opt/ros/humble/share/rosidl_generator_cpp/cmake)
[0.313s] -- Using all available rosidl_typesupport_c: rosidl_typesupport_fastrtps_c;rosidl_typesupport_introspection_c
[0.329s] -- Using all available rosidl_typesupport_cpp: rosidl_typesupport_fastrtps_cpp;rosidl_typesupport_introspection_cpp
[0.344s] -- Found eigen3_cmake_module: 0.1.1 (/opt/ros/humble/share/eigen3_cmake_module/cmake)
[0.346s] -- Found geometry_msgs: 4.2.3 (/opt/ros/humble/share/geometry_msgs/cmake)
[0.435s] -- Found px4_msgs: 2.0.1 (/home/dserbin/ws_sensor_combined/install/px4_msgs/share/px4_msgs/cmake)
[0.465s] -- Found rclcpp: 16.0.7 (/opt/ros/humble/share/rclcpp/cmake)
[0.516s] -- Found rmw_implementation_cmake: 6.1.1 (/opt/ros/humble/share/rmw_implementation_cmake/cmake)
[0.519s] -- Found rmw_fastrtps_cpp: 6.2.5 (/opt/ros/humble/share/rmw_fastrtps_cpp/cmake)
[0.653s] -- Using RMW implementation 'rmw_fastrtps_cpp' as default
[0.769s] -- Found sensor_msgs: 4.2.3 (/opt/ros/humble/share/sensor_msgs/cmake)
[0.847s] -- Found ament_lint_auto: 0.12.9 (/opt/ros/humble/share/ament_lint_auto/cmake)
[0.918s] -- Added test 'copyright' to check source files copyright and LICENSE
[0.927s] -- Added test 'cppcheck' to perform static code analysis on C / C++ code
[0.927s] -- Configured cppcheck include dirs: /home/dserbin/ws_sensor_combined/src/px4_ros_com/include;$<BUILD_INTERFACE:/home/dserbin/ws_sensor_combined/src/px4_ros_com/include/px4_ros_com>
[0.927s] -- Configured cppcheck exclude dirs and/or files: 
[0.932s] -- Added test 'cpplint' to check C / C++ code against the Google style
[0.932s] -- Configured cpplint exclude dirs and/or files: 
[0.933s] -- Added test 'flake8' to check Python code syntax and style conventions
[0.934s] -- Added test 'lint_cmake' to check CMake code style
[0.935s] -- Added test 'pep257' to check Python code against some of the docstring style conventions in PEP 257
[0.940s] -- Added test 'uncrustify' to check C / C++ code style
[0.940s] -- Configured uncrustify additional arguments: 
[0.941s] -- Added test 'xmllint' to check XML markup files
[0.944s] -- Configuring done
[0.973s] -- Generating done
[0.975s] -- Build files have been written to: /home/dserbin/ws_sensor_combined/build/px4_ros_com
[1.012s] [35m[1mConsolidate compiler generated dependencies of target frame_transforms[0m
[1.012s] [35m[1mConsolidate compiler generated dependencies of target sensor_combined_listener[0m
[1.012s] [35m[1mConsolidate compiler generated dependencies of target vehicle_gps_position_listener[0m
[1.012s] [35m[1mConsolidate compiler generated dependencies of target debug_vect_advertiser[0m
[1.012s] [35m[1mConsolidate compiler generated dependencies of target offboard_control[0m
[1.036s] [ 10%] [32mBuilding CXX object CMakeFiles/frame_transforms.dir/src/lib/frame_transforms.cpp.o[0m
[1.043s] [ 50%] [32mBuilding CXX object CMakeFiles/debug_vect_advertiser.dir/src/examples/advertisers/debug_vect_advertiser.cpp.o[0m
[1.043s] [ 50%] [32mBuilding CXX object CMakeFiles/vehicle_gps_position_listener.dir/src/examples/listeners/vehicle_gps_position_listener.cpp.o[0m
[1.043s] [ 50%] [32mBuilding CXX object CMakeFiles/sensor_combined_listener.dir/src/examples/listeners/sensor_combined_listener.cpp.o[0m
[1.043s] [ 50%] [32mBuilding CXX object CMakeFiles/offboard_control.dir/src/examples/offboard/offboard_control.cpp.o[0m
[6.513s] [ 60%] [32m[1mLinking CXX executable debug_vect_advertiser[0m
[6.789s] [ 60%] Built target debug_vect_advertiser
[7.413s] [ 70%] [32m[1mLinking CXX executable offboard_control[0m
[7.705s] [ 70%] Built target offboard_control
[9.974s] [ 80%] [32m[1mLinking CXX shared library libframe_transforms.so[0m
[10.310s] [ 80%] Built target frame_transforms
[11.219s] [ 90%] [32m[1mLinking CXX executable sensor_combined_listener[0m
[11.241s] [100%] [32m[1mLinking CXX executable vehicle_gps_position_listener[0m
[11.626s] [100%] Built target vehicle_gps_position_listener
[11.656s] [100%] Built target sensor_combined_listener
[11.670s] Invoked command in '/home/dserbin/ws_sensor_combined/build/px4_ros_com' returned '0': AMENT_PREFIX_PATH=/home/dserbin/ws_sensor_combined/install/px4_msgs:${AMENT_PREFIX_PATH} CMAKE_PREFIX_PATH=/home/dserbin/ws_sensor_combined/install/px4_msgs:/opt/ros/humble LD_LIBRARY_PATH=/home/dserbin/ws_sensor_combined/install/px4_msgs/lib:${LD_LIBRARY_PATH} PYTHONPATH=/home/dserbin/ws_sensor_combined/install/px4_msgs/local/lib/python3.10/dist-packages:${PYTHONPATH} /usr/bin/cmake --build /home/dserbin/ws_sensor_combined/build/px4_ros_com -- -j16 -l16
[11.707s] Invoking command in '/home/dserbin/ws_sensor_combined/build/px4_ros_com': AMENT_PREFIX_PATH=/home/dserbin/ws_sensor_combined/install/px4_msgs:${AMENT_PREFIX_PATH} CMAKE_PREFIX_PATH=/home/dserbin/ws_sensor_combined/install/px4_msgs:/opt/ros/humble LD_LIBRARY_PATH=/home/dserbin/ws_sensor_combined/install/px4_msgs/lib:${LD_LIBRARY_PATH} PYTHONPATH=/home/dserbin/ws_sensor_combined/install/px4_msgs/local/lib/python3.10/dist-packages:${PYTHONPATH} /usr/bin/cmake --install /home/dserbin/ws_sensor_combined/build/px4_ros_com
[11.717s] -- Install configuration: ""
[11.718s] -- Installing: /home/dserbin/ws_sensor_combined/install/px4_ros_com/lib/px4_ros_com/sensor_combined_listener
[11.722s] -- Set runtime path of "/home/dserbin/ws_sensor_combined/install/px4_ros_com/lib/px4_ros_com/sensor_combined_listener" to ""
[11.723s] -- Installing: /home/dserbin/ws_sensor_combined/install/px4_ros_com/lib/px4_ros_com/vehicle_gps_position_listener
[11.727s] -- Set runtime path of "/home/dserbin/ws_sensor_combined/install/px4_ros_com/lib/px4_ros_com/vehicle_gps_position_listener" to ""
[11.728s] -- Installing: /home/dserbin/ws_sensor_combined/install/px4_ros_com/lib/px4_ros_com/debug_vect_advertiser
[11.730s] -- Set runtime path of "/home/dserbin/ws_sensor_combined/install/px4_ros_com/lib/px4_ros_com/debug_vect_advertiser" to ""
[11.730s] -- Installing: /home/dserbin/ws_sensor_combined/install/px4_ros_com/lib/px4_ros_com/offboard_control
[11.733s] -- Set runtime path of "/home/dserbin/ws_sensor_combined/install/px4_ros_com/lib/px4_ros_com/offboard_control" to ""
[11.733s] -- Up-to-date: /home/dserbin/ws_sensor_combined/install/px4_ros_com/share/px4_ros_com/environment/library_path.sh
[11.733s] -- Installing: /home/dserbin/ws_sensor_combined/install/px4_ros_com/share/px4_ros_com/environment/library_path.dsv
[11.733s] -- Up-to-date: /home/dserbin/ws_sensor_combined/install/px4_ros_com/include/px4_ros_com
[11.734s] -- Up-to-date: /home/dserbin/ws_sensor_combined/install/px4_ros_com/include/px4_ros_com/frame_transforms.h
[11.735s] -- Installing: /home/dserbin/ws_sensor_combined/install/px4_ros_com/lib/libframe_transforms.so
[11.740s] -- Set runtime path of "/home/dserbin/ws_sensor_combined/install/px4_ros_com/lib/libframe_transforms.so" to ""
[11.740s] -- Up-to-date: /home/dserbin/ws_sensor_combined/install/px4_ros_com/share/px4_ros_com//launch
[11.740s] -- Up-to-date: /home/dserbin/ws_sensor_combined/install/px4_ros_com/share/px4_ros_com//launch/sensor_combined_listener.launch.py
[11.740s] -- Up-to-date: /home/dserbin/ws_sensor_combined/install/px4_ros_com/share/px4_ros_com//launch/offboard_control_launch.yaml
[11.740s] -- Up-to-date: /home/dserbin/ws_sensor_combined/install/px4_ros_com/share/px4_ros_com//test
[11.740s] -- Up-to-date: /home/dserbin/ws_sensor_combined/install/px4_ros_com/share/px4_ros_com//test/pipeline_io_test.py
[11.740s] -- Up-to-date: /home/dserbin/ws_sensor_combined/install/px4_ros_com/share/px4_ros_com//test/__init__.py
[11.740s] -- Up-to-date: /home/dserbin/ws_sensor_combined/install/px4_ros_com/share/px4_ros_com//test/test_input.py
[11.740s] -- Up-to-date: /home/dserbin/ws_sensor_combined/install/px4_ros_com/share/px4_ros_com//test/test_output.py
[11.740s] -- Up-to-date: /home/dserbin/ws_sensor_combined/install/px4_ros_com/share/ament_index/resource_index/package_run_dependencies/px4_ros_com
[11.741s] -- Up-to-date: /home/dserbin/ws_sensor_combined/install/px4_ros_com/share/ament_index/resource_index/parent_prefix_path/px4_ros_com
[11.741s] -- Installing: /home/dserbin/ws_sensor_combined/install/px4_ros_com/share/px4_ros_com/environment/ament_prefix_path.sh
[11.741s] -- Installing: /home/dserbin/ws_sensor_combined/install/px4_ros_com/share/px4_ros_com/environment/ament_prefix_path.dsv
[11.741s] -- Installing: /home/dserbin/ws_sensor_combined/install/px4_ros_com/share/px4_ros_com/environment/path.sh
[11.741s] -- Installing: /home/dserbin/ws_sensor_combined/install/px4_ros_com/share/px4_ros_com/environment/path.dsv
[11.741s] -- Up-to-date: /home/dserbin/ws_sensor_combined/install/px4_ros_com/share/px4_ros_com/local_setup.bash
[11.741s] -- Up-to-date: /home/dserbin/ws_sensor_combined/install/px4_ros_com/share/px4_ros_com/local_setup.sh
[11.742s] -- Up-to-date: /home/dserbin/ws_sensor_combined/install/px4_ros_com/share/px4_ros_com/local_setup.zsh
[11.742s] -- Installing: /home/dserbin/ws_sensor_combined/install/px4_ros_com/share/px4_ros_com/local_setup.dsv
[11.742s] -- Installing: /home/dserbin/ws_sensor_combined/install/px4_ros_com/share/px4_ros_com/package.dsv
[11.742s] -- Up-to-date: /home/dserbin/ws_sensor_combined/install/px4_ros_com/share/ament_index/resource_index/packages/px4_ros_com
[11.742s] -- Up-to-date: /home/dserbin/ws_sensor_combined/install/px4_ros_com/share/px4_ros_com/cmake/export_frame_transformsExport.cmake
[11.742s] -- Up-to-date: /home/dserbin/ws_sensor_combined/install/px4_ros_com/share/px4_ros_com/cmake/export_frame_transformsExport-noconfig.cmake
[11.743s] -- Up-to-date: /home/dserbin/ws_sensor_combined/install/px4_ros_com/share/px4_ros_com/cmake/ament_cmake_export_dependencies-extras.cmake
[11.743s] -- Up-to-date: /home/dserbin/ws_sensor_combined/install/px4_ros_com/share/px4_ros_com/cmake/ament_cmake_export_targets-extras.cmake
[11.743s] -- Up-to-date: /home/dserbin/ws_sensor_combined/install/px4_ros_com/share/px4_ros_com/cmake/ament_cmake_export_include_directories-extras.cmake
[11.743s] -- Up-to-date: /home/dserbin/ws_sensor_combined/install/px4_ros_com/share/px4_ros_com/cmake/ament_cmake_export_libraries-extras.cmake
[11.743s] -- Up-to-date: /home/dserbin/ws_sensor_combined/install/px4_ros_com/share/px4_ros_com/cmake/px4_ros_comConfig.cmake
[11.743s] -- Up-to-date: /home/dserbin/ws_sensor_combined/install/px4_ros_com/share/px4_ros_com/cmake/px4_ros_comConfig-version.cmake
[11.743s] -- Up-to-date: /home/dserbin/ws_sensor_combined/install/px4_ros_com/share/px4_ros_com/package.xml
[11.746s] Invoked command in '/home/dserbin/ws_sensor_combined/build/px4_ros_com' returned '0': AMENT_PREFIX_PATH=/home/dserbin/ws_sensor_combined/install/px4_msgs:${AMENT_PREFIX_PATH} CMAKE_PREFIX_PATH=/home/dserbin/ws_sensor_combined/install/px4_msgs:/opt/ros/humble LD_LIBRARY_PATH=/home/dserbin/ws_sensor_combined/install/px4_msgs/lib:${LD_LIBRARY_PATH} PYTHONPATH=/home/dserbin/ws_sensor_combined/install/px4_msgs/local/lib/python3.10/dist-packages:${PYTHONPATH} /usr/bin/cmake --install /home/dserbin/ws_sensor_combined/build/px4_ros_com
