[0.036s] Invoking command in '/home/robmoemac/M-LADIS-Jerry/ws_sensor_combined/build/localization': CMAKE_PREFIX_PATH=${CMAKE_PREFIX_PATH}:/opt/ros/humble /usr/bin/cmake --build /home/robmoemac/M-LADIS-Jerry/ws_sensor_combined/build/localization -- -j8 -l8
[0.084s] [100%] Built target localization_node
[0.093s] Invoked command in '/home/robmoemac/M-LADIS-Jerry/ws_sensor_combined/build/localization' returned '0': CMAKE_PREFIX_PATH=${CMAKE_PREFIX_PATH}:/opt/ros/humble /usr/bin/cmake --build /home/robmoemac/M-LADIS-Jerry/ws_sensor_combined/build/localization -- -j8 -l8
[0.124s] Invoking command in '/home/robmoemac/M-LADIS-Jerry/ws_sensor_combined/build/localization': CMAKE_PREFIX_PATH=${CMAKE_PREFIX_PATH}:/opt/ros/humble /usr/bin/cmake --install /home/robmoemac/M-LADIS-Jerry/ws_sensor_combined/build/localization
[0.130s] -- Install configuration: ""
[0.130s] -- Up-to-date: /home/robmoemac/M-LADIS-Jerry/ws_sensor_combined/install/localization/lib/localization/localization_node
[0.131s] -- Up-to-date: /home/robmoemac/M-LADIS-Jerry/ws_sensor_combined/install/localization/share/ament_index/resource_index/package_run_dependencies/localization
[0.131s] -- Up-to-date: /home/robmoemac/M-LADIS-Jerry/ws_sensor_combined/install/localization/share/ament_index/resource_index/parent_prefix_path/localization
[0.131s] -- Up-to-date: /home/robmoemac/M-LADIS-Jerry/ws_sensor_combined/install/localization/share/localization/environment/ament_prefix_path.sh
[0.131s] -- Up-to-date: /home/robmoemac/M-LADIS-Jerry/ws_sensor_combined/install/localization/share/localization/environment/ament_prefix_path.dsv
[0.131s] -- Up-to-date: /home/robmoemac/M-LADIS-Jerry/ws_sensor_combined/install/localization/share/localization/environment/path.sh
[0.131s] -- Up-to-date: /home/robmoemac/M-LADIS-Jerry/ws_sensor_combined/install/localization/share/localization/environment/path.dsv
[0.131s] -- Up-to-date: /home/robmoemac/M-LADIS-Jerry/ws_sensor_combined/install/localization/share/localization/local_setup.bash
[0.131s] -- Up-to-date: /home/robmoemac/M-LADIS-Jerry/ws_sensor_combined/install/localization/share/localization/local_setup.sh
[0.131s] -- Up-to-date: /home/robmoemac/M-LADIS-Jerry/ws_sensor_combined/install/localization/share/localization/local_setup.zsh
[0.131s] -- Up-to-date: /home/robmoemac/M-LADIS-Jerry/ws_sensor_combined/install/localization/share/localization/local_setup.dsv
[0.131s] -- Installing: /home/robmoemac/M-LADIS-Jerry/ws_sensor_combined/install/localization/share/localization/package.dsv
[0.132s] -- Up-to-date: /home/robmoemac/M-LADIS-Jerry/ws_sensor_combined/install/localization/share/ament_index/resource_index/packages/localization
[0.132s] -- Up-to-date: /home/robmoemac/M-LADIS-Jerry/ws_sensor_combined/install/localization/share/localization/cmake/localizationConfig.cmake
[0.132s] -- Up-to-date: /home/robmoemac/M-LADIS-Jerry/ws_sensor_combined/install/localization/share/localization/cmake/localizationConfig-version.cmake
[0.132s] -- Up-to-date: /home/robmoemac/M-LADIS-Jerry/ws_sensor_combined/install/localization/share/localization/package.xml
[0.194s] Invoked command in '/home/robmoemac/M-LADIS-Jerry/ws_sensor_combined/build/localization' returned '0': CMAKE_PREFIX_PATH=${CMAKE_PREFIX_PATH}:/opt/ros/humble /usr/bin/cmake --install /home/robmoemac/M-LADIS-Jerry/ws_sensor_combined/build/localization
