<<<<<<< HEAD
[ 50%] Built target pose_array_publisher_node
[100%] Built target pose_array_to_file_node
-- Install configuration: ""
-- Up-to-date: /home/robmoemac/M-LADIS-Jerry/ws_sensor_combined/install/classifier/lib/classifier/pose_array_to_file_node
-- Up-to-date: /home/robmoemac/M-LADIS-Jerry/ws_sensor_combined/install/classifier/lib/classifier/pose_array_publisher_node
-- Up-to-date: /home/robmoemac/M-LADIS-Jerry/ws_sensor_combined/install/classifier/share/ament_index/resource_index/package_run_dependencies/classifier
-- Up-to-date: /home/robmoemac/M-LADIS-Jerry/ws_sensor_combined/install/classifier/share/ament_index/resource_index/parent_prefix_path/classifier
-- Up-to-date: /home/robmoemac/M-LADIS-Jerry/ws_sensor_combined/install/classifier/share/classifier/environment/ament_prefix_path.sh
-- Up-to-date: /home/robmoemac/M-LADIS-Jerry/ws_sensor_combined/install/classifier/share/classifier/environment/ament_prefix_path.dsv
-- Up-to-date: /home/robmoemac/M-LADIS-Jerry/ws_sensor_combined/install/classifier/share/classifier/environment/path.sh
-- Up-to-date: /home/robmoemac/M-LADIS-Jerry/ws_sensor_combined/install/classifier/share/classifier/environment/path.dsv
-- Up-to-date: /home/robmoemac/M-LADIS-Jerry/ws_sensor_combined/install/classifier/share/classifier/local_setup.bash
-- Up-to-date: /home/robmoemac/M-LADIS-Jerry/ws_sensor_combined/install/classifier/share/classifier/local_setup.sh
-- Up-to-date: /home/robmoemac/M-LADIS-Jerry/ws_sensor_combined/install/classifier/share/classifier/local_setup.zsh
-- Up-to-date: /home/robmoemac/M-LADIS-Jerry/ws_sensor_combined/install/classifier/share/classifier/local_setup.dsv
-- Installing: /home/robmoemac/M-LADIS-Jerry/ws_sensor_combined/install/classifier/share/classifier/package.dsv
-- Up-to-date: /home/robmoemac/M-LADIS-Jerry/ws_sensor_combined/install/classifier/share/ament_index/resource_index/packages/classifier
-- Up-to-date: /home/robmoemac/M-LADIS-Jerry/ws_sensor_combined/install/classifier/share/classifier/cmake/classifierConfig.cmake
-- Up-to-date: /home/robmoemac/M-LADIS-Jerry/ws_sensor_combined/install/classifier/share/classifier/cmake/classifierConfig-version.cmake
-- Up-to-date: /home/robmoemac/M-LADIS-Jerry/ws_sensor_combined/install/classifier/share/classifier/package.xml
=======
[ 75%] Built target pose_array_publisher_node
[100%] Built target pose_array_to_file_node
-- Install configuration: ""
-- Up-to-date: /home/blake/M-LADIS-Jerry/ws_sensor_combined/install/classifier/lib/classifier/pose_array_to_file_node
-- Up-to-date: /home/blake/M-LADIS-Jerry/ws_sensor_combined/install/classifier/lib/classifier/pose_array_publisher_node
-- Up-to-date: /home/blake/M-LADIS-Jerry/ws_sensor_combined/install/classifier/share/ament_index/resource_index/package_run_dependencies/classifier
-- Up-to-date: /home/blake/M-LADIS-Jerry/ws_sensor_combined/install/classifier/share/ament_index/resource_index/parent_prefix_path/classifier
-- Up-to-date: /home/blake/M-LADIS-Jerry/ws_sensor_combined/install/classifier/share/classifier/environment/ament_prefix_path.sh
-- Up-to-date: /home/blake/M-LADIS-Jerry/ws_sensor_combined/install/classifier/share/classifier/environment/ament_prefix_path.dsv
-- Up-to-date: /home/blake/M-LADIS-Jerry/ws_sensor_combined/install/classifier/share/classifier/environment/path.sh
-- Up-to-date: /home/blake/M-LADIS-Jerry/ws_sensor_combined/install/classifier/share/classifier/environment/path.dsv
-- Up-to-date: /home/blake/M-LADIS-Jerry/ws_sensor_combined/install/classifier/share/classifier/local_setup.bash
-- Up-to-date: /home/blake/M-LADIS-Jerry/ws_sensor_combined/install/classifier/share/classifier/local_setup.sh
-- Up-to-date: /home/blake/M-LADIS-Jerry/ws_sensor_combined/install/classifier/share/classifier/local_setup.zsh
-- Up-to-date: /home/blake/M-LADIS-Jerry/ws_sensor_combined/install/classifier/share/classifier/local_setup.dsv
-- Installing: /home/blake/M-LADIS-Jerry/ws_sensor_combined/install/classifier/share/classifier/package.dsv
-- Up-to-date: /home/blake/M-LADIS-Jerry/ws_sensor_combined/install/classifier/share/ament_index/resource_index/packages/classifier
-- Up-to-date: /home/blake/M-LADIS-Jerry/ws_sensor_combined/install/classifier/share/classifier/cmake/classifierConfig.cmake
-- Up-to-date: /home/blake/M-LADIS-Jerry/ws_sensor_combined/install/classifier/share/classifier/cmake/classifierConfig-version.cmake
-- Up-to-date: /home/blake/M-LADIS-Jerry/ws_sensor_combined/install/classifier/share/classifier/package.xml
>>>>>>> 65b9e45adce5768221191a6983200bd122e78686
