<<<<<<< HEAD
[0.032s] Invoking command in '/home/robmoemac/M-LADIS-Jerry/ws_sensor_combined/build/classifier': CMAKE_PREFIX_PATH=${CMAKE_PREFIX_PATH}:/opt/ros/humble /usr/bin/cmake --build /home/robmoemac/M-LADIS-Jerry/ws_sensor_combined/build/classifier -- -j8 -l8
[0.077s] [ 50%] Built target pose_array_publisher_node
[0.083s] [100%] Built target pose_array_to_file_node
[0.094s] Invoked command in '/home/robmoemac/M-LADIS-Jerry/ws_sensor_combined/build/classifier' returned '0': CMAKE_PREFIX_PATH=${CMAKE_PREFIX_PATH}:/opt/ros/humble /usr/bin/cmake --build /home/robmoemac/M-LADIS-Jerry/ws_sensor_combined/build/classifier -- -j8 -l8
[0.123s] Invoking command in '/home/robmoemac/M-LADIS-Jerry/ws_sensor_combined/build/classifier': CMAKE_PREFIX_PATH=${CMAKE_PREFIX_PATH}:/opt/ros/humble /usr/bin/cmake --install /home/robmoemac/M-LADIS-Jerry/ws_sensor_combined/build/classifier
[0.129s] -- Install configuration: ""
[0.130s] -- Up-to-date: /home/robmoemac/M-LADIS-Jerry/ws_sensor_combined/install/classifier/lib/classifier/pose_array_to_file_node
[0.130s] -- Up-to-date: /home/robmoemac/M-LADIS-Jerry/ws_sensor_combined/install/classifier/lib/classifier/pose_array_publisher_node
[0.130s] -- Up-to-date: /home/robmoemac/M-LADIS-Jerry/ws_sensor_combined/install/classifier/share/ament_index/resource_index/package_run_dependencies/classifier
[0.130s] -- Up-to-date: /home/robmoemac/M-LADIS-Jerry/ws_sensor_combined/install/classifier/share/ament_index/resource_index/parent_prefix_path/classifier
[0.130s] -- Up-to-date: /home/robmoemac/M-LADIS-Jerry/ws_sensor_combined/install/classifier/share/classifier/environment/ament_prefix_path.sh
[0.130s] -- Up-to-date: /home/robmoemac/M-LADIS-Jerry/ws_sensor_combined/install/classifier/share/classifier/environment/ament_prefix_path.dsv
[0.130s] -- Up-to-date: /home/robmoemac/M-LADIS-Jerry/ws_sensor_combined/install/classifier/share/classifier/environment/path.sh
[0.130s] -- Up-to-date: /home/robmoemac/M-LADIS-Jerry/ws_sensor_combined/install/classifier/share/classifier/environment/path.dsv
[0.130s] -- Up-to-date: /home/robmoemac/M-LADIS-Jerry/ws_sensor_combined/install/classifier/share/classifier/local_setup.bash
[0.130s] -- Up-to-date: /home/robmoemac/M-LADIS-Jerry/ws_sensor_combined/install/classifier/share/classifier/local_setup.sh
[0.131s] -- Up-to-date: /home/robmoemac/M-LADIS-Jerry/ws_sensor_combined/install/classifier/share/classifier/local_setup.zsh
[0.131s] -- Up-to-date: /home/robmoemac/M-LADIS-Jerry/ws_sensor_combined/install/classifier/share/classifier/local_setup.dsv
[0.131s] -- Installing: /home/robmoemac/M-LADIS-Jerry/ws_sensor_combined/install/classifier/share/classifier/package.dsv
[0.131s] -- Up-to-date: /home/robmoemac/M-LADIS-Jerry/ws_sensor_combined/install/classifier/share/ament_index/resource_index/packages/classifier
[0.131s] -- Up-to-date: /home/robmoemac/M-LADIS-Jerry/ws_sensor_combined/install/classifier/share/classifier/cmake/classifierConfig.cmake
[0.131s] -- Up-to-date: /home/robmoemac/M-LADIS-Jerry/ws_sensor_combined/install/classifier/share/classifier/cmake/classifierConfig-version.cmake
[0.131s] -- Up-to-date: /home/robmoemac/M-LADIS-Jerry/ws_sensor_combined/install/classifier/share/classifier/package.xml
[0.135s] Invoked command in '/home/robmoemac/M-LADIS-Jerry/ws_sensor_combined/build/classifier' returned '0': CMAKE_PREFIX_PATH=${CMAKE_PREFIX_PATH}:/opt/ros/humble /usr/bin/cmake --install /home/robmoemac/M-LADIS-Jerry/ws_sensor_combined/build/classifier
=======
[0.014s] Invoking command in '/home/blake/M-LADIS-Jerry/ws_sensor_combined/build/classifier': CMAKE_PREFIX_PATH=${CMAKE_PREFIX_PATH}:/opt/ros/humble /usr/bin/cmake --build /home/blake/M-LADIS-Jerry/ws_sensor_combined/build/classifier -- -j12 -l12
[0.060s] [ 75%] Built target pose_array_publisher_node
[0.060s] [100%] Built target pose_array_to_file_node
[0.069s] Invoked command in '/home/blake/M-LADIS-Jerry/ws_sensor_combined/build/classifier' returned '0': CMAKE_PREFIX_PATH=${CMAKE_PREFIX_PATH}:/opt/ros/humble /usr/bin/cmake --build /home/blake/M-LADIS-Jerry/ws_sensor_combined/build/classifier -- -j12 -l12
[0.098s] Invoking command in '/home/blake/M-LADIS-Jerry/ws_sensor_combined/build/classifier': CMAKE_PREFIX_PATH=${CMAKE_PREFIX_PATH}:/opt/ros/humble /usr/bin/cmake --install /home/blake/M-LADIS-Jerry/ws_sensor_combined/build/classifier
[0.105s] -- Install configuration: ""
[0.105s] -- Up-to-date: /home/blake/M-LADIS-Jerry/ws_sensor_combined/install/classifier/lib/classifier/pose_array_to_file_node
[0.106s] -- Up-to-date: /home/blake/M-LADIS-Jerry/ws_sensor_combined/install/classifier/lib/classifier/pose_array_publisher_node
[0.107s] -- Up-to-date: /home/blake/M-LADIS-Jerry/ws_sensor_combined/install/classifier/share/ament_index/resource_index/package_run_dependencies/classifier
[0.107s] -- Up-to-date: /home/blake/M-LADIS-Jerry/ws_sensor_combined/install/classifier/share/ament_index/resource_index/parent_prefix_path/classifier
[0.108s] -- Up-to-date: /home/blake/M-LADIS-Jerry/ws_sensor_combined/install/classifier/share/classifier/environment/ament_prefix_path.sh
[0.108s] -- Up-to-date: /home/blake/M-LADIS-Jerry/ws_sensor_combined/install/classifier/share/classifier/environment/ament_prefix_path.dsv
[0.108s] -- Up-to-date: /home/blake/M-LADIS-Jerry/ws_sensor_combined/install/classifier/share/classifier/environment/path.sh
[0.108s] -- Up-to-date: /home/blake/M-LADIS-Jerry/ws_sensor_combined/install/classifier/share/classifier/environment/path.dsv
[0.108s] -- Up-to-date: /home/blake/M-LADIS-Jerry/ws_sensor_combined/install/classifier/share/classifier/local_setup.bash
[0.109s] -- Up-to-date: /home/blake/M-LADIS-Jerry/ws_sensor_combined/install/classifier/share/classifier/local_setup.sh
[0.109s] -- Up-to-date: /home/blake/M-LADIS-Jerry/ws_sensor_combined/install/classifier/share/classifier/local_setup.zsh
[0.109s] -- Up-to-date: /home/blake/M-LADIS-Jerry/ws_sensor_combined/install/classifier/share/classifier/local_setup.dsv
[0.110s] -- Installing: /home/blake/M-LADIS-Jerry/ws_sensor_combined/install/classifier/share/classifier/package.dsv
[0.110s] -- Up-to-date: /home/blake/M-LADIS-Jerry/ws_sensor_combined/install/classifier/share/ament_index/resource_index/packages/classifier
[0.110s] -- Up-to-date: /home/blake/M-LADIS-Jerry/ws_sensor_combined/install/classifier/share/classifier/cmake/classifierConfig.cmake
[0.110s] -- Up-to-date: /home/blake/M-LADIS-Jerry/ws_sensor_combined/install/classifier/share/classifier/cmake/classifierConfig-version.cmake
[0.110s] -- Up-to-date: /home/blake/M-LADIS-Jerry/ws_sensor_combined/install/classifier/share/classifier/package.xml
[0.119s] Invoked command in '/home/blake/M-LADIS-Jerry/ws_sensor_combined/build/classifier' returned '0': CMAKE_PREFIX_PATH=${CMAKE_PREFIX_PATH}:/opt/ros/humble /usr/bin/cmake --install /home/blake/M-LADIS-Jerry/ws_sensor_combined/build/classifier
>>>>>>> 65b9e45adce5768221191a6983200bd122e78686
