[0.307s] DEBUG:colcon:Command line arguments: ['/usr/bin/colcon', 'build']
[0.307s] DEBUG:colcon:Parsed command line arguments: Namespace(log_base=None, log_level=None, verb_name='build', build_base='build', install_base='install', merge_install=False, symlink_install=False, test_result_base=None, continue_on_error=False, executor='parallel', parallel_workers=8, event_handlers=None, ignore_user_meta=False, metas=['./colcon.meta'], base_paths=['.'], packages_ignore=None, packages_ignore_regex=None, paths=None, packages_up_to=None, packages_up_to_regex=None, packages_above=None, packages_above_and_dependencies=None, packages_above_depth=None, packages_select_by_dep=None, packages_skip_by_dep=None, packages_skip_up_to=None, packages_select_build_failed=False, packages_skip_build_finished=False, packages_select_test_failures=False, packages_skip_test_passed=False, packages_select=None, packages_skip=None, packages_select_regex=None, packages_skip_regex=None, packages_start=None, packages_end=None, allow_overriding=[], cmake_args=None, cmake_target=None, cmake_target_skip_unavailable=False, cmake_clean_cache=False, cmake_clean_first=False, cmake_force_configure=False, ament_cmake_args=None, catkin_cmake_args=None, catkin_skip_building_tests=False, verb_parser=<colcon_defaults.argument_parser.defaults.DefaultArgumentsDecorator object at 0x7daf630f9420>, verb_extension=<colcon_core.verb.build.BuildVerb object at 0x7daf630f8340>, main=<bound method BuildVerb.main of <colcon_core.verb.build.BuildVerb object at 0x7daf630f8340>>)
[0.379s] Level 1:colcon.colcon_core.package_discovery:discover_packages(colcon_meta) check parameters
[0.379s] Level 1:colcon.colcon_core.package_discovery:discover_packages(recursive) check parameters
[0.379s] Level 1:colcon.colcon_core.package_discovery:discover_packages(ignore) check parameters
[0.379s] Level 1:colcon.colcon_core.package_discovery:discover_packages(path) check parameters
[0.379s] Level 1:colcon.colcon_core.package_discovery:discover_packages(colcon_meta) discover
[0.380s] Level 1:colcon.colcon_core.package_discovery:discover_packages(recursive) discover
[0.380s] INFO:colcon.colcon_core.package_discovery:Crawling recursively for packages in '/home/robmoemac/M-LADIS-sim/PX4 Aux/ws_sensor_combined'
[0.380s] Level 1:colcon.colcon_core.package_identification:_identify(.) by extensions ['ignore', 'ignore_ament_install']
[0.380s] Level 1:colcon.colcon_core.package_identification:_identify(.) by extension 'ignore'
[0.380s] Level 1:colcon.colcon_core.package_identification:_identify(.) by extension 'ignore_ament_install'
[0.380s] Level 1:colcon.colcon_core.package_identification:_identify(.) by extensions ['colcon_pkg']
[0.380s] Level 1:colcon.colcon_core.package_identification:_identify(.) by extension 'colcon_pkg'
[0.380s] Level 1:colcon.colcon_core.package_identification:_identify(.) by extensions ['colcon_meta']
[0.380s] Level 1:colcon.colcon_core.package_identification:_identify(.) by extension 'colcon_meta'
[0.380s] Level 1:colcon.colcon_core.package_identification:_identify(.) by extensions ['ros']
[0.380s] Level 1:colcon.colcon_core.package_identification:_identify(.) by extension 'ros'
[0.404s] Level 1:colcon.colcon_core.package_identification:_identify(.) by extensions ['cmake', 'python']
[0.404s] Level 1:colcon.colcon_core.package_identification:_identify(.) by extension 'cmake'
[0.404s] Level 1:colcon.colcon_core.package_identification:_identify(.) by extension 'python'
[0.404s] Level 1:colcon.colcon_core.package_identification:_identify(.) by extensions ['python_setup_py']
[0.404s] Level 1:colcon.colcon_core.package_identification:_identify(.) by extension 'python_setup_py'
[0.404s] Level 1:colcon.colcon_core.package_identification:_identify(build) by extensions ['ignore', 'ignore_ament_install']
[0.405s] Level 1:colcon.colcon_core.package_identification:_identify(build) by extension 'ignore'
[0.405s] Level 1:colcon.colcon_core.package_identification:_identify(build) ignored
[0.405s] Level 1:colcon.colcon_core.package_identification:_identify(install) by extensions ['ignore', 'ignore_ament_install']
[0.405s] Level 1:colcon.colcon_core.package_identification:_identify(install) by extension 'ignore'
[0.405s] Level 1:colcon.colcon_core.package_identification:_identify(install) ignored
[0.405s] Level 1:colcon.colcon_core.package_identification:_identify(log) by extensions ['ignore', 'ignore_ament_install']
[0.406s] Level 1:colcon.colcon_core.package_identification:_identify(log) by extension 'ignore'
[0.406s] Level 1:colcon.colcon_core.package_identification:_identify(log) ignored
[0.406s] Level 1:colcon.colcon_core.package_identification:_identify(ros) by extensions ['ignore', 'ignore_ament_install']
[0.406s] Level 1:colcon.colcon_core.package_identification:_identify(ros) by extension 'ignore'
[0.406s] Level 1:colcon.colcon_core.package_identification:_identify(ros) by extension 'ignore_ament_install'
[0.406s] Level 1:colcon.colcon_core.package_identification:_identify(ros) by extensions ['colcon_pkg']
[0.406s] Level 1:colcon.colcon_core.package_identification:_identify(ros) by extension 'colcon_pkg'
[0.406s] Level 1:colcon.colcon_core.package_identification:_identify(ros) by extensions ['colcon_meta']
[0.406s] Level 1:colcon.colcon_core.package_identification:_identify(ros) by extension 'colcon_meta'
[0.406s] Level 1:colcon.colcon_core.package_identification:_identify(ros) by extensions ['ros']
[0.406s] Level 1:colcon.colcon_core.package_identification:_identify(ros) by extension 'ros'
[0.411s] DEBUG:colcon.colcon_core.package_identification:Package 'ros' with type 'ros.ament_cmake' and name 'ros'
[0.412s] Level 1:colcon.colcon_core.package_identification:_identify(src) by extensions ['ignore', 'ignore_ament_install']
[0.412s] Level 1:colcon.colcon_core.package_identification:_identify(src) by extension 'ignore'
[0.412s] Level 1:colcon.colcon_core.package_identification:_identify(src) by extension 'ignore_ament_install'
[0.412s] Level 1:colcon.colcon_core.package_identification:_identify(src) by extensions ['colcon_pkg']
[0.412s] Level 1:colcon.colcon_core.package_identification:_identify(src) by extension 'colcon_pkg'
[0.412s] Level 1:colcon.colcon_core.package_identification:_identify(src) by extensions ['colcon_meta']
[0.412s] Level 1:colcon.colcon_core.package_identification:_identify(src) by extension 'colcon_meta'
[0.412s] Level 1:colcon.colcon_core.package_identification:_identify(src) by extensions ['ros']
[0.412s] Level 1:colcon.colcon_core.package_identification:_identify(src) by extension 'ros'
[0.412s] Level 1:colcon.colcon_core.package_identification:_identify(src) by extensions ['cmake', 'python']
[0.413s] Level 1:colcon.colcon_core.package_identification:_identify(src) by extension 'cmake'
[0.413s] Level 1:colcon.colcon_core.package_identification:_identify(src) by extension 'python'
[0.413s] Level 1:colcon.colcon_core.package_identification:_identify(src) by extensions ['python_setup_py']
[0.413s] Level 1:colcon.colcon_core.package_identification:_identify(src) by extension 'python_setup_py'
[0.413s] Level 1:colcon.colcon_core.package_identification:_identify(src/px4_msgs) by extensions ['ignore', 'ignore_ament_install']
[0.413s] Level 1:colcon.colcon_core.package_identification:_identify(src/px4_msgs) by extension 'ignore'
[0.413s] Level 1:colcon.colcon_core.package_identification:_identify(src/px4_msgs) by extension 'ignore_ament_install'
[0.413s] Level 1:colcon.colcon_core.package_identification:_identify(src/px4_msgs) by extensions ['colcon_pkg']
[0.413s] Level 1:colcon.colcon_core.package_identification:_identify(src/px4_msgs) by extension 'colcon_pkg'
[0.413s] Level 1:colcon.colcon_core.package_identification:_identify(src/px4_msgs) by extensions ['colcon_meta']
[0.413s] Level 1:colcon.colcon_core.package_identification:_identify(src/px4_msgs) by extension 'colcon_meta'
[0.413s] Level 1:colcon.colcon_core.package_identification:_identify(src/px4_msgs) by extensions ['ros']
[0.413s] Level 1:colcon.colcon_core.package_identification:_identify(src/px4_msgs) by extension 'ros'
[0.414s] DEBUG:colcon.colcon_core.package_identification:Package 'src/px4_msgs' with type 'ros.ament_cmake' and name 'px4_msgs'
[0.415s] Level 1:colcon.colcon_core.package_identification:_identify(src/px4_ros_com) by extensions ['ignore', 'ignore_ament_install']
[0.415s] Level 1:colcon.colcon_core.package_identification:_identify(src/px4_ros_com) by extension 'ignore'
[0.415s] Level 1:colcon.colcon_core.package_identification:_identify(src/px4_ros_com) by extension 'ignore_ament_install'
[0.415s] Level 1:colcon.colcon_core.package_identification:_identify(src/px4_ros_com) by extensions ['colcon_pkg']
[0.415s] Level 1:colcon.colcon_core.package_identification:_identify(src/px4_ros_com) by extension 'colcon_pkg'
[0.415s] Level 1:colcon.colcon_core.package_identification:_identify(src/px4_ros_com) by extensions ['colcon_meta']
[0.415s] Level 1:colcon.colcon_core.package_identification:_identify(src/px4_ros_com) by extension 'colcon_meta'
[0.415s] Level 1:colcon.colcon_core.package_identification:_identify(src/px4_ros_com) by extensions ['ros']
[0.415s] Level 1:colcon.colcon_core.package_identification:_identify(src/px4_ros_com) by extension 'ros'
[0.416s] DEBUG:colcon.colcon_core.package_identification:Package 'src/px4_ros_com' with type 'ros.ament_cmake' and name 'px4_ros_com'
[0.416s] Level 1:colcon.colcon_core.package_identification:_identify(src/ros_gz) by extensions ['ignore', 'ignore_ament_install']
[0.417s] Level 1:colcon.colcon_core.package_identification:_identify(src/ros_gz) by extension 'ignore'
[0.417s] Level 1:colcon.colcon_core.package_identification:_identify(src/ros_gz) by extension 'ignore_ament_install'
[0.417s] Level 1:colcon.colcon_core.package_identification:_identify(src/ros_gz) by extensions ['colcon_pkg']
[0.417s] Level 1:colcon.colcon_core.package_identification:_identify(src/ros_gz) by extension 'colcon_pkg'
[0.417s] Level 1:colcon.colcon_core.package_identification:_identify(src/ros_gz) by extensions ['colcon_meta']
[0.417s] Level 1:colcon.colcon_core.package_identification:_identify(src/ros_gz) by extension 'colcon_meta'
[0.417s] Level 1:colcon.colcon_core.package_identification:_identify(src/ros_gz) by extensions ['ros']
[0.417s] Level 1:colcon.colcon_core.package_identification:_identify(src/ros_gz) by extension 'ros'
[0.417s] Level 1:colcon.colcon_core.package_identification:_identify(src/ros_gz) by extensions ['cmake', 'python']
[0.417s] Level 1:colcon.colcon_core.package_identification:_identify(src/ros_gz) by extension 'cmake'
[0.417s] Level 1:colcon.colcon_core.package_identification:_identify(src/ros_gz) by extension 'python'
[0.417s] Level 1:colcon.colcon_core.package_identification:_identify(src/ros_gz) by extensions ['python_setup_py']
[0.417s] Level 1:colcon.colcon_core.package_identification:_identify(src/ros_gz) by extension 'python_setup_py'
[0.417s] Level 1:colcon.colcon_core.package_discovery:discover_packages(recursive) using defaults
[0.417s] Level 1:colcon.colcon_core.package_discovery:discover_packages(ignore) discover
[0.417s] Level 1:colcon.colcon_core.package_discovery:discover_packages(ignore) using defaults
[0.417s] Level 1:colcon.colcon_core.package_discovery:discover_packages(path) discover
[0.417s] Level 1:colcon.colcon_core.package_discovery:discover_packages(path) using defaults
[0.456s] Level 1:colcon.colcon_core.package_discovery:discover_packages(prefix_path) check parameters
[0.456s] Level 1:colcon.colcon_core.package_discovery:discover_packages(prefix_path) discover
[0.460s] DEBUG:colcon.colcon_installed_package_information.package_discovery:Found 291 installed packages in /opt/ros/humble
[0.462s] Level 1:colcon.colcon_core.package_discovery:discover_packages(prefix_path) using defaults
[0.502s] Level 5:colcon.colcon_core.verb:set package 'px4_msgs' build argument 'cmake_args' from command line to 'None'
[0.503s] Level 5:colcon.colcon_core.verb:set package 'px4_msgs' build argument 'cmake_target' from command line to 'None'
[0.503s] Level 5:colcon.colcon_core.verb:set package 'px4_msgs' build argument 'cmake_target_skip_unavailable' from command line to 'False'
[0.503s] Level 5:colcon.colcon_core.verb:set package 'px4_msgs' build argument 'cmake_clean_cache' from command line to 'False'
[0.503s] Level 5:colcon.colcon_core.verb:set package 'px4_msgs' build argument 'cmake_clean_first' from command line to 'False'
[0.503s] Level 5:colcon.colcon_core.verb:set package 'px4_msgs' build argument 'cmake_force_configure' from command line to 'False'
[0.503s] Level 5:colcon.colcon_core.verb:set package 'px4_msgs' build argument 'ament_cmake_args' from command line to 'None'
[0.503s] Level 5:colcon.colcon_core.verb:set package 'px4_msgs' build argument 'catkin_cmake_args' from command line to 'None'
[0.503s] Level 5:colcon.colcon_core.verb:set package 'px4_msgs' build argument 'catkin_skip_building_tests' from command line to 'False'
[0.503s] DEBUG:colcon.colcon_core.verb:Building package 'px4_msgs' with the following arguments: {'ament_cmake_args': None, 'build_base': '/home/robmoemac/M-LADIS-sim/PX4 Aux/ws_sensor_combined/build/px4_msgs', 'catkin_cmake_args': None, 'catkin_skip_building_tests': False, 'cmake_args': None, 'cmake_clean_cache': False, 'cmake_clean_first': False, 'cmake_force_configure': False, 'cmake_target': None, 'cmake_target_skip_unavailable': False, 'install_base': '/home/robmoemac/M-LADIS-sim/PX4 Aux/ws_sensor_combined/install/px4_msgs', 'merge_install': False, 'path': '/home/robmoemac/M-LADIS-sim/PX4 Aux/ws_sensor_combined/src/px4_msgs', 'symlink_install': False, 'test_result_base': None}
[0.503s] Level 5:colcon.colcon_core.verb:set package 'ros' build argument 'cmake_args' from command line to 'None'
[0.503s] Level 5:colcon.colcon_core.verb:set package 'ros' build argument 'cmake_target' from command line to 'None'
[0.503s] Level 5:colcon.colcon_core.verb:set package 'ros' build argument 'cmake_target_skip_unavailable' from command line to 'False'
[0.503s] Level 5:colcon.colcon_core.verb:set package 'ros' build argument 'cmake_clean_cache' from command line to 'False'
[0.504s] Level 5:colcon.colcon_core.verb:set package 'ros' build argument 'cmake_clean_first' from command line to 'False'
[0.504s] Level 5:colcon.colcon_core.verb:set package 'ros' build argument 'cmake_force_configure' from command line to 'False'
[0.504s] Level 5:colcon.colcon_core.verb:set package 'ros' build argument 'ament_cmake_args' from command line to 'None'
[0.504s] Level 5:colcon.colcon_core.verb:set package 'ros' build argument 'catkin_cmake_args' from command line to 'None'
[0.504s] Level 5:colcon.colcon_core.verb:set package 'ros' build argument 'catkin_skip_building_tests' from command line to 'False'
[0.504s] DEBUG:colcon.colcon_core.verb:Building package 'ros' with the following arguments: {'ament_cmake_args': None, 'build_base': '/home/robmoemac/M-LADIS-sim/PX4 Aux/ws_sensor_combined/build/ros', 'catkin_cmake_args': None, 'catkin_skip_building_tests': False, 'cmake_args': None, 'cmake_clean_cache': False, 'cmake_clean_first': False, 'cmake_force_configure': False, 'cmake_target': None, 'cmake_target_skip_unavailable': False, 'install_base': '/home/robmoemac/M-LADIS-sim/PX4 Aux/ws_sensor_combined/install/ros', 'merge_install': False, 'path': '/home/robmoemac/M-LADIS-sim/PX4 Aux/ws_sensor_combined/ros', 'symlink_install': False, 'test_result_base': None}
[0.504s] Level 5:colcon.colcon_core.verb:set package 'px4_ros_com' build argument 'cmake_args' from command line to 'None'
[0.504s] Level 5:colcon.colcon_core.verb:set package 'px4_ros_com' build argument 'cmake_target' from command line to 'None'
[0.504s] Level 5:colcon.colcon_core.verb:set package 'px4_ros_com' build argument 'cmake_target_skip_unavailable' from command line to 'False'
[0.504s] Level 5:colcon.colcon_core.verb:set package 'px4_ros_com' build argument 'cmake_clean_cache' from command line to 'False'
[0.504s] Level 5:colcon.colcon_core.verb:set package 'px4_ros_com' build argument 'cmake_clean_first' from command line to 'False'
[0.504s] Level 5:colcon.colcon_core.verb:set package 'px4_ros_com' build argument 'cmake_force_configure' from command line to 'False'
[0.504s] Level 5:colcon.colcon_core.verb:set package 'px4_ros_com' build argument 'ament_cmake_args' from command line to 'None'
[0.504s] Level 5:colcon.colcon_core.verb:set package 'px4_ros_com' build argument 'catkin_cmake_args' from command line to 'None'
[0.504s] Level 5:colcon.colcon_core.verb:set package 'px4_ros_com' build argument 'catkin_skip_building_tests' from command line to 'False'
[0.504s] DEBUG:colcon.colcon_core.verb:Building package 'px4_ros_com' with the following arguments: {'ament_cmake_args': None, 'build_base': '/home/robmoemac/M-LADIS-sim/PX4 Aux/ws_sensor_combined/build/px4_ros_com', 'catkin_cmake_args': None, 'catkin_skip_building_tests': False, 'cmake_args': None, 'cmake_clean_cache': False, 'cmake_clean_first': False, 'cmake_force_configure': False, 'cmake_target': None, 'cmake_target_skip_unavailable': False, 'install_base': '/home/robmoemac/M-LADIS-sim/PX4 Aux/ws_sensor_combined/install/px4_ros_com', 'merge_install': False, 'path': '/home/robmoemac/M-LADIS-sim/PX4 Aux/ws_sensor_combined/src/px4_ros_com', 'symlink_install': False, 'test_result_base': None}
[0.505s] INFO:colcon.colcon_core.executor:Executing jobs using 'parallel' executor
[0.506s] DEBUG:colcon.colcon_parallel_executor.executor.parallel:run_until_complete
[0.507s] INFO:colcon.colcon_ros.task.ament_cmake.build:Building ROS package in '/home/robmoemac/M-LADIS-sim/PX4 Aux/ws_sensor_combined/src/px4_msgs' with build type 'ament_cmake'
[0.507s] INFO:colcon.colcon_cmake.task.cmake.build:Building CMake package in '/home/robmoemac/M-LADIS-sim/PX4 Aux/ws_sensor_combined/src/px4_msgs'
[0.513s] INFO:colcon.colcon_core.plugin_system:Skipping extension 'colcon_core.shell.bat': Not used on non-Windows systems
[0.514s] INFO:colcon.colcon_core.shell:Skip shell extension 'powershell' for command environment: Not usable outside of PowerShell
[0.514s] DEBUG:colcon.colcon_core.shell:Skip shell extension 'dsv' for command environment
[0.520s] INFO:colcon.colcon_ros.task.ament_cmake.build:Building ROS package in '/home/robmoemac/M-LADIS-sim/PX4 Aux/ws_sensor_combined/ros' with build type 'ament_cmake'
[0.520s] INFO:colcon.colcon_cmake.task.cmake.build:Building CMake package in '/home/robmoemac/M-LADIS-sim/PX4 Aux/ws_sensor_combined/ros'
[0.520s] INFO:colcon.colcon_core.shell:Skip shell extension 'powershell' for command environment: Not usable outside of PowerShell
[0.520s] DEBUG:colcon.colcon_core.shell:Skip shell extension 'dsv' for command environment
[0.537s] DEBUG:colcon.colcon_core.event_handler.log_command:Invoking command in '/home/robmoemac/M-LADIS-sim/PX4 Aux/ws_sensor_combined/build/px4_msgs': CMAKE_PREFIX_PATH=/opt/ros/humble /usr/bin/cmake --build /home/robmoemac/M-LADIS-sim/PX4 Aux/ws_sensor_combined/build/px4_msgs -- -j8 -l8
[0.553s] DEBUG:colcon.colcon_core.event_handler.log_command:Invoking command in '/home/robmoemac/M-LADIS-sim/PX4 Aux/ws_sensor_combined/build/ros': CMAKE_PREFIX_PATH=/opt/ros/humble /usr/bin/cmake --build /home/robmoemac/M-LADIS-sim/PX4 Aux/ws_sensor_combined/build/ros -- -j8 -l8
[0.608s] DEBUG:colcon.colcon_core.event_handler.log_command:Invoked command in '/home/robmoemac/M-LADIS-sim/PX4 Aux/ws_sensor_combined/build/ros' returned '0': CMAKE_PREFIX_PATH=/opt/ros/humble /usr/bin/cmake --build /home/robmoemac/M-LADIS-sim/PX4 Aux/ws_sensor_combined/build/ros -- -j8 -l8
[0.643s] DEBUG:colcon.colcon_core.event_handler.log_command:Invoking command in '/home/robmoemac/M-LADIS-sim/PX4 Aux/ws_sensor_combined/build/ros': CMAKE_PREFIX_PATH=/opt/ros/humble /usr/bin/cmake --install /home/robmoemac/M-LADIS-sim/PX4 Aux/ws_sensor_combined/build/ros
[0.653s] Level 1:colcon.colcon_core.environment:create_environment_scripts_only(ros)
[0.654s] DEBUG:colcon.colcon_core.event_handler.log_command:Invoked command in '/home/robmoemac/M-LADIS-sim/PX4 Aux/ws_sensor_combined/build/ros' returned '0': CMAKE_PREFIX_PATH=/opt/ros/humble /usr/bin/cmake --install /home/robmoemac/M-LADIS-sim/PX4 Aux/ws_sensor_combined/build/ros
[0.661s] Level 1:colcon.colcon_core.environment:checking '/home/robmoemac/M-LADIS-sim/PX4 Aux/ws_sensor_combined/install/ros' for CMake module files
[0.662s] Level 1:colcon.colcon_core.environment:checking '/home/robmoemac/M-LADIS-sim/PX4 Aux/ws_sensor_combined/install/ros' for CMake config files
[0.662s] Level 1:colcon.colcon_core.shell:create_environment_hook('ros', 'cmake_prefix_path')
[0.663s] INFO:colcon.colcon_core.shell:Creating environment hook '/home/robmoemac/M-LADIS-sim/PX4 Aux/ws_sensor_combined/install/ros/share/ros/hook/cmake_prefix_path.ps1'
[0.666s] INFO:colcon.colcon_core.shell:Creating environment descriptor '/home/robmoemac/M-LADIS-sim/PX4 Aux/ws_sensor_combined/install/ros/share/ros/hook/cmake_prefix_path.dsv'
[0.669s] INFO:colcon.colcon_core.shell:Creating environment hook '/home/robmoemac/M-LADIS-sim/PX4 Aux/ws_sensor_combined/install/ros/share/ros/hook/cmake_prefix_path.sh'
[0.673s] Level 1:colcon.colcon_core.environment:checking '/home/robmoemac/M-LADIS-sim/PX4 Aux/ws_sensor_combined/install/ros/bin'
[0.673s] Level 1:colcon.colcon_core.environment:checking '/home/robmoemac/M-LADIS-sim/PX4 Aux/ws_sensor_combined/install/ros/lib/pkgconfig/ros.pc'
[0.674s] Level 1:colcon.colcon_core.environment:checking '/home/robmoemac/M-LADIS-sim/PX4 Aux/ws_sensor_combined/install/ros/lib/python3.10/site-packages'
[0.674s] Level 1:colcon.colcon_core.environment:checking '/home/robmoemac/M-LADIS-sim/PX4 Aux/ws_sensor_combined/install/ros/bin'
[0.675s] INFO:colcon.colcon_core.shell:Creating package script '/home/robmoemac/M-LADIS-sim/PX4 Aux/ws_sensor_combined/install/ros/share/ros/package.ps1'
[0.680s] INFO:colcon.colcon_core.shell:Creating package descriptor '/home/robmoemac/M-LADIS-sim/PX4 Aux/ws_sensor_combined/install/ros/share/ros/package.dsv'
[0.684s] INFO:colcon.colcon_core.shell:Creating package script '/home/robmoemac/M-LADIS-sim/PX4 Aux/ws_sensor_combined/install/ros/share/ros/package.sh'
[0.685s] INFO:colcon.colcon_core.shell:Creating package script '/home/robmoemac/M-LADIS-sim/PX4 Aux/ws_sensor_combined/install/ros/share/ros/package.bash'
[0.687s] INFO:colcon.colcon_core.shell:Creating package script '/home/robmoemac/M-LADIS-sim/PX4 Aux/ws_sensor_combined/install/ros/share/ros/package.zsh'
[0.688s] Level 1:colcon.colcon_core.environment:create_file_with_runtime_dependencies(/home/robmoemac/M-LADIS-sim/PX4 Aux/ws_sensor_combined/install/ros/share/colcon-core/packages/ros)
[0.716s] Level 1:colcon.colcon_core.environment:create_environment_scripts_only(ros)
[0.716s] Level 1:colcon.colcon_core.environment:checking '/home/robmoemac/M-LADIS-sim/PX4 Aux/ws_sensor_combined/install/ros' for CMake module files
[0.717s] Level 1:colcon.colcon_core.environment:checking '/home/robmoemac/M-LADIS-sim/PX4 Aux/ws_sensor_combined/install/ros' for CMake config files
[0.717s] Level 1:colcon.colcon_core.shell:create_environment_hook('ros', 'cmake_prefix_path')
[0.717s] INFO:colcon.colcon_core.shell:Creating environment hook '/home/robmoemac/M-LADIS-sim/PX4 Aux/ws_sensor_combined/install/ros/share/ros/hook/cmake_prefix_path.ps1'
[0.717s] INFO:colcon.colcon_core.shell:Creating environment descriptor '/home/robmoemac/M-LADIS-sim/PX4 Aux/ws_sensor_combined/install/ros/share/ros/hook/cmake_prefix_path.dsv'
[0.718s] INFO:colcon.colcon_core.shell:Creating environment hook '/home/robmoemac/M-LADIS-sim/PX4 Aux/ws_sensor_combined/install/ros/share/ros/hook/cmake_prefix_path.sh'
[0.718s] Level 1:colcon.colcon_core.environment:checking '/home/robmoemac/M-LADIS-sim/PX4 Aux/ws_sensor_combined/install/ros/bin'
[0.718s] Level 1:colcon.colcon_core.environment:checking '/home/robmoemac/M-LADIS-sim/PX4 Aux/ws_sensor_combined/install/ros/lib/pkgconfig/ros.pc'
[0.719s] Level 1:colcon.colcon_core.environment:checking '/home/robmoemac/M-LADIS-sim/PX4 Aux/ws_sensor_combined/install/ros/lib/python3.10/site-packages'
[0.719s] Level 1:colcon.colcon_core.environment:checking '/home/robmoemac/M-LADIS-sim/PX4 Aux/ws_sensor_combined/install/ros/bin'
[0.720s] INFO:colcon.colcon_core.shell:Creating package script '/home/robmoemac/M-LADIS-sim/PX4 Aux/ws_sensor_combined/install/ros/share/ros/package.ps1'
[0.720s] INFO:colcon.colcon_core.shell:Creating package descriptor '/home/robmoemac/M-LADIS-sim/PX4 Aux/ws_sensor_combined/install/ros/share/ros/package.dsv'
[0.721s] INFO:colcon.colcon_core.shell:Creating package script '/home/robmoemac/M-LADIS-sim/PX4 Aux/ws_sensor_combined/install/ros/share/ros/package.sh'
[0.721s] INFO:colcon.colcon_core.shell:Creating package script '/home/robmoemac/M-LADIS-sim/PX4 Aux/ws_sensor_combined/install/ros/share/ros/package.bash'
[0.721s] INFO:colcon.colcon_core.shell:Creating package script '/home/robmoemac/M-LADIS-sim/PX4 Aux/ws_sensor_combined/install/ros/share/ros/package.zsh'
[0.722s] Level 1:colcon.colcon_core.environment:create_file_with_runtime_dependencies(/home/robmoemac/M-LADIS-sim/PX4 Aux/ws_sensor_combined/install/ros/share/colcon-core/packages/ros)
[122.533s] DEBUG:colcon.colcon_core.event_handler.log_command:Invoked command in '/home/robmoemac/M-LADIS-sim/PX4 Aux/ws_sensor_combined/build/px4_msgs' returned '0': CMAKE_PREFIX_PATH=/opt/ros/humble /usr/bin/cmake --build /home/robmoemac/M-LADIS-sim/PX4 Aux/ws_sensor_combined/build/px4_msgs -- -j8 -l8
[127.266s] DEBUG:colcon.colcon_core.event_handler.log_command:Invoking command in '/home/robmoemac/M-LADIS-sim/PX4 Aux/ws_sensor_combined/build/px4_msgs': CMAKE_PREFIX_PATH=/opt/ros/humble /usr/bin/cmake --install /home/robmoemac/M-LADIS-sim/PX4 Aux/ws_sensor_combined/build/px4_msgs
[128.885s] Level 1:colcon.colcon_core.environment:create_environment_scripts_only(px4_msgs)
[128.886s] Level 1:colcon.colcon_core.environment:checking '/home/robmoemac/M-LADIS-sim/PX4 Aux/ws_sensor_combined/install/px4_msgs' for CMake module files
[128.887s] DEBUG:colcon.colcon_core.event_handler.log_command:Invoked command in '/home/robmoemac/M-LADIS-sim/PX4 Aux/ws_sensor_combined/build/px4_msgs' returned '0': CMAKE_PREFIX_PATH=/opt/ros/humble /usr/bin/cmake --install /home/robmoemac/M-LADIS-sim/PX4 Aux/ws_sensor_combined/build/px4_msgs
[128.888s] Level 1:colcon.colcon_core.environment:checking '/home/robmoemac/M-LADIS-sim/PX4 Aux/ws_sensor_combined/install/px4_msgs' for CMake config files
[128.892s] Level 1:colcon.colcon_core.shell:create_environment_hook('px4_msgs', 'cmake_prefix_path')
[128.893s] INFO:colcon.colcon_core.shell:Creating environment hook '/home/robmoemac/M-LADIS-sim/PX4 Aux/ws_sensor_combined/install/px4_msgs/share/px4_msgs/hook/cmake_prefix_path.ps1'
[128.893s] INFO:colcon.colcon_core.shell:Creating environment descriptor '/home/robmoemac/M-LADIS-sim/PX4 Aux/ws_sensor_combined/install/px4_msgs/share/px4_msgs/hook/cmake_prefix_path.dsv'
[128.894s] INFO:colcon.colcon_core.shell:Creating environment hook '/home/robmoemac/M-LADIS-sim/PX4 Aux/ws_sensor_combined/install/px4_msgs/share/px4_msgs/hook/cmake_prefix_path.sh'
[128.894s] Level 1:colcon.colcon_core.environment:checking '/home/robmoemac/M-LADIS-sim/PX4 Aux/ws_sensor_combined/install/px4_msgs/lib'
[128.894s] Level 1:colcon.colcon_core.shell:create_environment_hook('px4_msgs', 'ld_library_path_lib')
[128.895s] INFO:colcon.colcon_core.shell:Creating environment hook '/home/robmoemac/M-LADIS-sim/PX4 Aux/ws_sensor_combined/install/px4_msgs/share/px4_msgs/hook/ld_library_path_lib.ps1'
[128.895s] INFO:colcon.colcon_core.shell:Creating environment descriptor '/home/robmoemac/M-LADIS-sim/PX4 Aux/ws_sensor_combined/install/px4_msgs/share/px4_msgs/hook/ld_library_path_lib.dsv'
[128.895s] INFO:colcon.colcon_core.shell:Creating environment hook '/home/robmoemac/M-LADIS-sim/PX4 Aux/ws_sensor_combined/install/px4_msgs/share/px4_msgs/hook/ld_library_path_lib.sh'
[128.895s] Level 1:colcon.colcon_core.environment:checking '/home/robmoemac/M-LADIS-sim/PX4 Aux/ws_sensor_combined/install/px4_msgs/bin'
[128.895s] Level 1:colcon.colcon_core.environment:checking '/home/robmoemac/M-LADIS-sim/PX4 Aux/ws_sensor_combined/install/px4_msgs/lib/pkgconfig/px4_msgs.pc'
[128.896s] Level 1:colcon.colcon_core.environment:checking '/home/robmoemac/M-LADIS-sim/PX4 Aux/ws_sensor_combined/install/px4_msgs/lib/python3.10/site-packages'
[128.896s] Level 1:colcon.colcon_core.environment:checking '/home/robmoemac/M-LADIS-sim/PX4 Aux/ws_sensor_combined/install/px4_msgs/bin'
[128.896s] INFO:colcon.colcon_core.shell:Creating package script '/home/robmoemac/M-LADIS-sim/PX4 Aux/ws_sensor_combined/install/px4_msgs/share/px4_msgs/package.ps1'
[128.897s] INFO:colcon.colcon_core.shell:Creating package descriptor '/home/robmoemac/M-LADIS-sim/PX4 Aux/ws_sensor_combined/install/px4_msgs/share/px4_msgs/package.dsv'
[128.897s] INFO:colcon.colcon_core.shell:Creating package script '/home/robmoemac/M-LADIS-sim/PX4 Aux/ws_sensor_combined/install/px4_msgs/share/px4_msgs/package.sh'
[128.897s] INFO:colcon.colcon_core.shell:Creating package script '/home/robmoemac/M-LADIS-sim/PX4 Aux/ws_sensor_combined/install/px4_msgs/share/px4_msgs/package.bash'
[128.898s] INFO:colcon.colcon_core.shell:Creating package script '/home/robmoemac/M-LADIS-sim/PX4 Aux/ws_sensor_combined/install/px4_msgs/share/px4_msgs/package.zsh'
[128.898s] Level 1:colcon.colcon_core.environment:create_file_with_runtime_dependencies(/home/robmoemac/M-LADIS-sim/PX4 Aux/ws_sensor_combined/install/px4_msgs/share/colcon-core/packages/px4_msgs)
[133.561s] Level 1:colcon.colcon_core.environment:create_environment_scripts_only(px4_msgs)
[133.562s] Level 1:colcon.colcon_core.environment:checking '/home/robmoemac/M-LADIS-sim/PX4 Aux/ws_sensor_combined/install/px4_msgs' for CMake module files
[133.562s] Level 1:colcon.colcon_core.environment:checking '/home/robmoemac/M-LADIS-sim/PX4 Aux/ws_sensor_combined/install/px4_msgs' for CMake config files
[133.565s] Level 1:colcon.colcon_core.shell:create_environment_hook('px4_msgs', 'cmake_prefix_path')
[133.566s] INFO:colcon.colcon_core.shell:Creating environment hook '/home/robmoemac/M-LADIS-sim/PX4 Aux/ws_sensor_combined/install/px4_msgs/share/px4_msgs/hook/cmake_prefix_path.ps1'
[133.569s] INFO:colcon.colcon_core.shell:Creating environment descriptor '/home/robmoemac/M-LADIS-sim/PX4 Aux/ws_sensor_combined/install/px4_msgs/share/px4_msgs/hook/cmake_prefix_path.dsv'
[133.572s] INFO:colcon.colcon_core.shell:Creating environment hook '/home/robmoemac/M-LADIS-sim/PX4 Aux/ws_sensor_combined/install/px4_msgs/share/px4_msgs/hook/cmake_prefix_path.sh'
[133.576s] Level 1:colcon.colcon_core.environment:checking '/home/robmoemac/M-LADIS-sim/PX4 Aux/ws_sensor_combined/install/px4_msgs/lib'
[133.576s] Level 1:colcon.colcon_core.shell:create_environment_hook('px4_msgs', 'ld_library_path_lib')
[133.577s] INFO:colcon.colcon_core.shell:Creating environment hook '/home/robmoemac/M-LADIS-sim/PX4 Aux/ws_sensor_combined/install/px4_msgs/share/px4_msgs/hook/ld_library_path_lib.ps1'
[133.580s] INFO:colcon.colcon_core.shell:Creating environment descriptor '/home/robmoemac/M-LADIS-sim/PX4 Aux/ws_sensor_combined/install/px4_msgs/share/px4_msgs/hook/ld_library_path_lib.dsv'
[133.583s] INFO:colcon.colcon_core.shell:Creating environment hook '/home/robmoemac/M-LADIS-sim/PX4 Aux/ws_sensor_combined/install/px4_msgs/share/px4_msgs/hook/ld_library_path_lib.sh'
[133.585s] Level 1:colcon.colcon_core.environment:checking '/home/robmoemac/M-LADIS-sim/PX4 Aux/ws_sensor_combined/install/px4_msgs/bin'
[133.585s] Level 1:colcon.colcon_core.environment:checking '/home/robmoemac/M-LADIS-sim/PX4 Aux/ws_sensor_combined/install/px4_msgs/lib/pkgconfig/px4_msgs.pc'
[133.586s] Level 1:colcon.colcon_core.environment:checking '/home/robmoemac/M-LADIS-sim/PX4 Aux/ws_sensor_combined/install/px4_msgs/lib/python3.10/site-packages'
[133.586s] Level 1:colcon.colcon_core.environment:checking '/home/robmoemac/M-LADIS-sim/PX4 Aux/ws_sensor_combined/install/px4_msgs/bin'
[133.586s] INFO:colcon.colcon_core.shell:Creating package script '/home/robmoemac/M-LADIS-sim/PX4 Aux/ws_sensor_combined/install/px4_msgs/share/px4_msgs/package.ps1'
[133.589s] INFO:colcon.colcon_core.shell:Creating package descriptor '/home/robmoemac/M-LADIS-sim/PX4 Aux/ws_sensor_combined/install/px4_msgs/share/px4_msgs/package.dsv'
[133.593s] INFO:colcon.colcon_core.shell:Creating package script '/home/robmoemac/M-LADIS-sim/PX4 Aux/ws_sensor_combined/install/px4_msgs/share/px4_msgs/package.sh'
[133.597s] INFO:colcon.colcon_core.shell:Creating package script '/home/robmoemac/M-LADIS-sim/PX4 Aux/ws_sensor_combined/install/px4_msgs/share/px4_msgs/package.bash'
[133.600s] INFO:colcon.colcon_core.shell:Creating package script '/home/robmoemac/M-LADIS-sim/PX4 Aux/ws_sensor_combined/install/px4_msgs/share/px4_msgs/package.zsh'
[133.603s] Level 1:colcon.colcon_core.environment:create_file_with_runtime_dependencies(/home/robmoemac/M-LADIS-sim/PX4 Aux/ws_sensor_combined/install/px4_msgs/share/colcon-core/packages/px4_msgs)
[133.606s] INFO:colcon.colcon_ros.task.ament_cmake.build:Building ROS package in '/home/robmoemac/M-LADIS-sim/PX4 Aux/ws_sensor_combined/src/px4_ros_com' with build type 'ament_cmake'
[133.606s] INFO:colcon.colcon_cmake.task.cmake.build:Building CMake package in '/home/robmoemac/M-LADIS-sim/PX4 Aux/ws_sensor_combined/src/px4_ros_com'
[133.606s] INFO:colcon.colcon_core.shell:Skip shell extension 'powershell' for command environment: Not usable outside of PowerShell
[133.606s] DEBUG:colcon.colcon_core.shell:Skip shell extension 'dsv' for command environment
[133.617s] DEBUG:colcon.colcon_core.event_handler.log_command:Invoking command in '/home/robmoemac/M-LADIS-sim/PX4 Aux/ws_sensor_combined/build/px4_ros_com': AMENT_PREFIX_PATH=/home/robmoemac/M-LADIS-sim/PX4 Aux/ws_sensor_combined/install/px4_msgs:${AMENT_PREFIX_PATH} CMAKE_PREFIX_PATH=/home/robmoemac/M-LADIS-sim/PX4 Aux/ws_sensor_combined/install/px4_msgs:/opt/ros/humble LD_LIBRARY_PATH=/home/robmoemac/M-LADIS-sim/PX4 Aux/ws_sensor_combined/install/px4_msgs/lib:${LD_LIBRARY_PATH} PYTHONPATH=/home/robmoemac/M-LADIS-sim/PX4 Aux/ws_sensor_combined/install/px4_msgs/local/lib/python3.10/dist-packages:${PYTHONPATH} /usr/bin/cmake /home/robmoemac/M-LADIS-sim/PX4 Aux/ws_sensor_combined/src/px4_ros_com -DCMAKE_INSTALL_PREFIX=/home/robmoemac/M-LADIS-sim/PX4 Aux/ws_sensor_combined/install/px4_ros_com
[138.876s] DEBUG:colcon.colcon_core.event_handler.log_command:Invoked command in '/home/robmoemac/M-LADIS-sim/PX4 Aux/ws_sensor_combined/build/px4_ros_com' returned '0': AMENT_PREFIX_PATH=/home/robmoemac/M-LADIS-sim/PX4 Aux/ws_sensor_combined/install/px4_msgs:${AMENT_PREFIX_PATH} CMAKE_PREFIX_PATH=/home/robmoemac/M-LADIS-sim/PX4 Aux/ws_sensor_combined/install/px4_msgs:/opt/ros/humble LD_LIBRARY_PATH=/home/robmoemac/M-LADIS-sim/PX4 Aux/ws_sensor_combined/install/px4_msgs/lib:${LD_LIBRARY_PATH} PYTHONPATH=/home/robmoemac/M-LADIS-sim/PX4 Aux/ws_sensor_combined/install/px4_msgs/local/lib/python3.10/dist-packages:${PYTHONPATH} /usr/bin/cmake /home/robmoemac/M-LADIS-sim/PX4 Aux/ws_sensor_combined/src/px4_ros_com -DCMAKE_INSTALL_PREFIX=/home/robmoemac/M-LADIS-sim/PX4 Aux/ws_sensor_combined/install/px4_ros_com
[138.879s] DEBUG:colcon.colcon_core.event_handler.log_command:Invoking command in '/home/robmoemac/M-LADIS-sim/PX4 Aux/ws_sensor_combined/build/px4_ros_com': AMENT_PREFIX_PATH=/home/robmoemac/M-LADIS-sim/PX4 Aux/ws_sensor_combined/install/px4_msgs:${AMENT_PREFIX_PATH} CMAKE_PREFIX_PATH=/home/robmoemac/M-LADIS-sim/PX4 Aux/ws_sensor_combined/install/px4_msgs:/opt/ros/humble LD_LIBRARY_PATH=/home/robmoemac/M-LADIS-sim/PX4 Aux/ws_sensor_combined/install/px4_msgs/lib:${LD_LIBRARY_PATH} PYTHONPATH=/home/robmoemac/M-LADIS-sim/PX4 Aux/ws_sensor_combined/install/px4_msgs/local/lib/python3.10/dist-packages:${PYTHONPATH} /usr/bin/cmake --build /home/robmoemac/M-LADIS-sim/PX4 Aux/ws_sensor_combined/build/px4_ros_com -- -j8 -l8
[163.603s] DEBUG:colcon.colcon_core.event_handler.log_command:Invoked command in '/home/robmoemac/M-LADIS-sim/PX4 Aux/ws_sensor_combined/build/px4_ros_com' returned '0': AMENT_PREFIX_PATH=/home/robmoemac/M-LADIS-sim/PX4 Aux/ws_sensor_combined/install/px4_msgs:${AMENT_PREFIX_PATH} CMAKE_PREFIX_PATH=/home/robmoemac/M-LADIS-sim/PX4 Aux/ws_sensor_combined/install/px4_msgs:/opt/ros/humble LD_LIBRARY_PATH=/home/robmoemac/M-LADIS-sim/PX4 Aux/ws_sensor_combined/install/px4_msgs/lib:${LD_LIBRARY_PATH} PYTHONPATH=/home/robmoemac/M-LADIS-sim/PX4 Aux/ws_sensor_combined/install/px4_msgs/local/lib/python3.10/dist-packages:${PYTHONPATH} /usr/bin/cmake --build /home/robmoemac/M-LADIS-sim/PX4 Aux/ws_sensor_combined/build/px4_ros_com -- -j8 -l8
[163.650s] DEBUG:colcon.colcon_core.event_handler.log_command:Invoking command in '/home/robmoemac/M-LADIS-sim/PX4 Aux/ws_sensor_combined/build/px4_ros_com': AMENT_PREFIX_PATH=/home/robmoemac/M-LADIS-sim/PX4 Aux/ws_sensor_combined/install/px4_msgs:${AMENT_PREFIX_PATH} CMAKE_PREFIX_PATH=/home/robmoemac/M-LADIS-sim/PX4 Aux/ws_sensor_combined/install/px4_msgs:/opt/ros/humble LD_LIBRARY_PATH=/home/robmoemac/M-LADIS-sim/PX4 Aux/ws_sensor_combined/install/px4_msgs/lib:${LD_LIBRARY_PATH} PYTHONPATH=/home/robmoemac/M-LADIS-sim/PX4 Aux/ws_sensor_combined/install/px4_msgs/local/lib/python3.10/dist-packages:${PYTHONPATH} /usr/bin/cmake --install /home/robmoemac/M-LADIS-sim/PX4 Aux/ws_sensor_combined/build/px4_ros_com
[163.685s] Level 1:colcon.colcon_core.environment:create_environment_scripts_only(px4_ros_com)
[163.685s] Level 1:colcon.colcon_core.environment:checking '/home/robmoemac/M-LADIS-sim/PX4 Aux/ws_sensor_combined/install/px4_ros_com' for CMake module files
[163.686s] DEBUG:colcon.colcon_core.event_handler.log_command:Invoked command in '/home/robmoemac/M-LADIS-sim/PX4 Aux/ws_sensor_combined/build/px4_ros_com' returned '0': AMENT_PREFIX_PATH=/home/robmoemac/M-LADIS-sim/PX4 Aux/ws_sensor_combined/install/px4_msgs:${AMENT_PREFIX_PATH} CMAKE_PREFIX_PATH=/home/robmoemac/M-LADIS-sim/PX4 Aux/ws_sensor_combined/install/px4_msgs:/opt/ros/humble LD_LIBRARY_PATH=/home/robmoemac/M-LADIS-sim/PX4 Aux/ws_sensor_combined/install/px4_msgs/lib:${LD_LIBRARY_PATH} PYTHONPATH=/home/robmoemac/M-LADIS-sim/PX4 Aux/ws_sensor_combined/install/px4_msgs/local/lib/python3.10/dist-packages:${PYTHONPATH} /usr/bin/cmake --install /home/robmoemac/M-LADIS-sim/PX4 Aux/ws_sensor_combined/build/px4_ros_com
[163.686s] Level 1:colcon.colcon_core.environment:checking '/home/robmoemac/M-LADIS-sim/PX4 Aux/ws_sensor_combined/install/px4_ros_com' for CMake config files
[163.686s] Level 1:colcon.colcon_core.shell:create_environment_hook('px4_ros_com', 'cmake_prefix_path')
[163.686s] INFO:colcon.colcon_core.shell:Creating environment hook '/home/robmoemac/M-LADIS-sim/PX4 Aux/ws_sensor_combined/install/px4_ros_com/share/px4_ros_com/hook/cmake_prefix_path.ps1'
[163.687s] INFO:colcon.colcon_core.shell:Creating environment descriptor '/home/robmoemac/M-LADIS-sim/PX4 Aux/ws_sensor_combined/install/px4_ros_com/share/px4_ros_com/hook/cmake_prefix_path.dsv'
[163.687s] INFO:colcon.colcon_core.shell:Creating environment hook '/home/robmoemac/M-LADIS-sim/PX4 Aux/ws_sensor_combined/install/px4_ros_com/share/px4_ros_com/hook/cmake_prefix_path.sh'
[163.688s] Level 1:colcon.colcon_core.environment:checking '/home/robmoemac/M-LADIS-sim/PX4 Aux/ws_sensor_combined/install/px4_ros_com/lib'
[163.688s] Level 1:colcon.colcon_core.environment:checking '/home/robmoemac/M-LADIS-sim/PX4 Aux/ws_sensor_combined/install/px4_ros_com/bin'
[163.688s] Level 1:colcon.colcon_core.environment:checking '/home/robmoemac/M-LADIS-sim/PX4 Aux/ws_sensor_combined/install/px4_ros_com/lib/pkgconfig/px4_ros_com.pc'
[163.688s] Level 1:colcon.colcon_core.environment:checking '/home/robmoemac/M-LADIS-sim/PX4 Aux/ws_sensor_combined/install/px4_ros_com/lib/python3.10/site-packages'
[163.688s] Level 1:colcon.colcon_core.environment:checking '/home/robmoemac/M-LADIS-sim/PX4 Aux/ws_sensor_combined/install/px4_ros_com/bin'
[163.688s] INFO:colcon.colcon_core.shell:Creating package script '/home/robmoemac/M-LADIS-sim/PX4 Aux/ws_sensor_combined/install/px4_ros_com/share/px4_ros_com/package.ps1'
[163.689s] INFO:colcon.colcon_core.shell:Creating package descriptor '/home/robmoemac/M-LADIS-sim/PX4 Aux/ws_sensor_combined/install/px4_ros_com/share/px4_ros_com/package.dsv'
[163.692s] INFO:colcon.colcon_core.shell:Creating package script '/home/robmoemac/M-LADIS-sim/PX4 Aux/ws_sensor_combined/install/px4_ros_com/share/px4_ros_com/package.sh'
[163.693s] INFO:colcon.colcon_core.shell:Creating package script '/home/robmoemac/M-LADIS-sim/PX4 Aux/ws_sensor_combined/install/px4_ros_com/share/px4_ros_com/package.bash'
[163.693s] INFO:colcon.colcon_core.shell:Creating package script '/home/robmoemac/M-LADIS-sim/PX4 Aux/ws_sensor_combined/install/px4_ros_com/share/px4_ros_com/package.zsh'
[163.693s] Level 1:colcon.colcon_core.environment:create_file_with_runtime_dependencies(/home/robmoemac/M-LADIS-sim/PX4 Aux/ws_sensor_combined/install/px4_ros_com/share/colcon-core/packages/px4_ros_com)
[163.737s] Level 1:colcon.colcon_core.environment:create_environment_scripts_only(px4_ros_com)
[163.738s] Level 1:colcon.colcon_core.environment:checking '/home/robmoemac/M-LADIS-sim/PX4 Aux/ws_sensor_combined/install/px4_ros_com' for CMake module files
[163.738s] Level 1:colcon.colcon_core.environment:checking '/home/robmoemac/M-LADIS-sim/PX4 Aux/ws_sensor_combined/install/px4_ros_com' for CMake config files
[163.738s] Level 1:colcon.colcon_core.shell:create_environment_hook('px4_ros_com', 'cmake_prefix_path')
[163.739s] INFO:colcon.colcon_core.shell:Creating environment hook '/home/robmoemac/M-LADIS-sim/PX4 Aux/ws_sensor_combined/install/px4_ros_com/share/px4_ros_com/hook/cmake_prefix_path.ps1'
[163.742s] INFO:colcon.colcon_core.shell:Creating environment descriptor '/home/robmoemac/M-LADIS-sim/PX4 Aux/ws_sensor_combined/install/px4_ros_com/share/px4_ros_com/hook/cmake_prefix_path.dsv'
[163.745s] INFO:colcon.colcon_core.shell:Creating environment hook '/home/robmoemac/M-LADIS-sim/PX4 Aux/ws_sensor_combined/install/px4_ros_com/share/px4_ros_com/hook/cmake_prefix_path.sh'
[163.749s] Level 1:colcon.colcon_core.environment:checking '/home/robmoemac/M-LADIS-sim/PX4 Aux/ws_sensor_combined/install/px4_ros_com/lib'
[163.749s] Level 1:colcon.colcon_core.environment:checking '/home/robmoemac/M-LADIS-sim/PX4 Aux/ws_sensor_combined/install/px4_ros_com/bin'
[163.749s] Level 1:colcon.colcon_core.environment:checking '/home/robmoemac/M-LADIS-sim/PX4 Aux/ws_sensor_combined/install/px4_ros_com/lib/pkgconfig/px4_ros_com.pc'
[163.750s] Level 1:colcon.colcon_core.environment:checking '/home/robmoemac/M-LADIS-sim/PX4 Aux/ws_sensor_combined/install/px4_ros_com/lib/python3.10/site-packages'
[163.750s] Level 1:colcon.colcon_core.environment:checking '/home/robmoemac/M-LADIS-sim/PX4 Aux/ws_sensor_combined/install/px4_ros_com/bin'
[163.750s] INFO:colcon.colcon_core.shell:Creating package script '/home/robmoemac/M-LADIS-sim/PX4 Aux/ws_sensor_combined/install/px4_ros_com/share/px4_ros_com/package.ps1'
[163.754s] INFO:colcon.colcon_core.shell:Creating package descriptor '/home/robmoemac/M-LADIS-sim/PX4 Aux/ws_sensor_combined/install/px4_ros_com/share/px4_ros_com/package.dsv'
[163.757s] INFO:colcon.colcon_core.shell:Creating package script '/home/robmoemac/M-LADIS-sim/PX4 Aux/ws_sensor_combined/install/px4_ros_com/share/px4_ros_com/package.sh'
[163.760s] INFO:colcon.colcon_core.shell:Creating package script '/home/robmoemac/M-LADIS-sim/PX4 Aux/ws_sensor_combined/install/px4_ros_com/share/px4_ros_com/package.bash'
[163.764s] INFO:colcon.colcon_core.shell:Creating package script '/home/robmoemac/M-LADIS-sim/PX4 Aux/ws_sensor_combined/install/px4_ros_com/share/px4_ros_com/package.zsh'
[163.767s] Level 1:colcon.colcon_core.environment:create_file_with_runtime_dependencies(/home/robmoemac/M-LADIS-sim/PX4 Aux/ws_sensor_combined/install/px4_ros_com/share/colcon-core/packages/px4_ros_com)
[163.770s] DEBUG:colcon.colcon_parallel_executor.executor.parallel:closing loop
[163.770s] DEBUG:colcon.colcon_parallel_executor.executor.parallel:loop closed
[163.770s] DEBUG:colcon.colcon_parallel_executor.executor.parallel:run_until_complete finished with '0'
[163.770s] DEBUG:colcon.colcon_core.event_reactor:joining thread
[163.783s] INFO:colcon.colcon_core.plugin_system:Skipping extension 'colcon_notification.desktop_notification.terminal_notifier': Not used on non-Darwin systems
[163.783s] INFO:colcon.colcon_core.plugin_system:Skipping extension 'colcon_notification.desktop_notification.win32': Not used on non-Windows systems
[163.783s] INFO:colcon.colcon_notification.desktop_notification:Sending desktop notification using 'notify2'
[163.798s] DEBUG:colcon.colcon_core.event_reactor:joined thread
[163.798s] INFO:colcon.colcon_core.shell:Creating prefix script '/home/robmoemac/M-LADIS-sim/PX4 Aux/ws_sensor_combined/install/local_setup.ps1'
[163.804s] INFO:colcon.colcon_core.shell:Creating prefix util module '/home/robmoemac/M-LADIS-sim/PX4 Aux/ws_sensor_combined/install/_local_setup_util_ps1.py'
[163.809s] INFO:colcon.colcon_core.shell:Creating prefix chain script '/home/robmoemac/M-LADIS-sim/PX4 Aux/ws_sensor_combined/install/setup.ps1'
[163.814s] INFO:colcon.colcon_core.shell:Creating prefix script '/home/robmoemac/M-LADIS-sim/PX4 Aux/ws_sensor_combined/install/local_setup.sh'
[163.818s] INFO:colcon.colcon_core.shell:Creating prefix util module '/home/robmoemac/M-LADIS-sim/PX4 Aux/ws_sensor_combined/install/_local_setup_util_sh.py'
[163.822s] INFO:colcon.colcon_core.shell:Creating prefix chain script '/home/robmoemac/M-LADIS-sim/PX4 Aux/ws_sensor_combined/install/setup.sh'
[163.826s] INFO:colcon.colcon_core.shell:Creating prefix script '/home/robmoemac/M-LADIS-sim/PX4 Aux/ws_sensor_combined/install/local_setup.bash'
[163.830s] INFO:colcon.colcon_core.shell:Creating prefix chain script '/home/robmoemac/M-LADIS-sim/PX4 Aux/ws_sensor_combined/install/setup.bash'
[163.835s] INFO:colcon.colcon_core.shell:Creating prefix script '/home/robmoemac/M-LADIS-sim/PX4 Aux/ws_sensor_combined/install/local_setup.zsh'
[163.838s] INFO:colcon.colcon_core.shell:Creating prefix chain script '/home/robmoemac/M-LADIS-sim/PX4 Aux/ws_sensor_combined/install/setup.zsh'
