[01m[K/home/robmoemac/M-LADIS-sim/PX4 Aux/ws_sensor_combined/src/px4_ros_com/src/examples/offboard/offboard_control.cpp:[m[K In lambda function:
[01m[K/home/robmoemac/M-LADIS-sim/PX4 Aux/ws_sensor_combined/src/px4_ros_com/src/examples/offboard/offboard_control.cpp:88:25:[m[K [01;31m[Kerror: [m[K‘[01m[Kx[m[K’ is not captured
   88 |                         [01;31m[Kx[m[K = msg->position[0];
      |                         [01;31m[K^[m[K
[01m[K/home/robmoemac/M-LADIS-sim/PX4 Aux/ws_sensor_combined/src/px4_ros_com/src/examples/offboard/offboard_control.cpp:86:54:[m[K [01;36m[Knote: [m[Kthe lambda has no capture-default
   86 |                 "/fmu/in/autonomy_waypoint",10, [this[01;36m[K][m[K(const px4_msgs::msg::TrajectorySetpoint::SharedPtr msg) {
      |                                                      [01;36m[K^[m[K
[01m[K/home/robmoemac/M-LADIS-sim/PX4 Aux/ws_sensor_combined/src/px4_ros_com/src/examples/offboard/offboard_control.cpp:84:65:[m[K [01;36m[Knote: [m[K‘[01m[Kfloat& x[m[K’ declared here
   84 |                 auto timer_callback = [this,&x,&y,&z,&yaw]() -> [01;36m[Kvoid[m[K {
      |                                                                 [01;36m[K^~~~[m[K
[01m[K/home/robmoemac/M-LADIS-sim/PX4 Aux/ws_sensor_combined/src/px4_ros_com/src/examples/offboard/offboard_control.cpp:89:25:[m[K [01;31m[Kerror: [m[K‘[01m[Ky[m[K’ is not captured
   89 |                         [01;31m[Ky[m[K = msg->position[1];
      |                         [01;31m[K^[m[K
[01m[K/home/robmoemac/M-LADIS-sim/PX4 Aux/ws_sensor_combined/src/px4_ros_com/src/examples/offboard/offboard_control.cpp:86:54:[m[K [01;36m[Knote: [m[Kthe lambda has no capture-default
   86 |                 "/fmu/in/autonomy_waypoint",10, [this[01;36m[K][m[K(const px4_msgs::msg::TrajectorySetpoint::SharedPtr msg) {
      |                                                      [01;36m[K^[m[K
[01m[K/home/robmoemac/M-LADIS-sim/PX4 Aux/ws_sensor_combined/src/px4_ros_com/src/examples/offboard/offboard_control.cpp:84:65:[m[K [01;36m[Knote: [m[K‘[01m[Kfloat& y[m[K’ declared here
   84 |                 auto timer_callback = [this,&x,&y,&z,&yaw]() -> [01;36m[Kvoid[m[K {
      |                                                                 [01;36m[K^~~~[m[K
[01m[K/home/robmoemac/M-LADIS-sim/PX4 Aux/ws_sensor_combined/src/px4_ros_com/src/examples/offboard/offboard_control.cpp:90:25:[m[K [01;31m[Kerror: [m[K‘[01m[Kz[m[K’ is not captured
   90 |                         [01;31m[Kz[m[K = msg->position[2];
      |                         [01;31m[K^[m[K
[01m[K/home/robmoemac/M-LADIS-sim/PX4 Aux/ws_sensor_combined/src/px4_ros_com/src/examples/offboard/offboard_control.cpp:86:54:[m[K [01;36m[Knote: [m[Kthe lambda has no capture-default
   86 |                 "/fmu/in/autonomy_waypoint",10, [this[01;36m[K][m[K(const px4_msgs::msg::TrajectorySetpoint::SharedPtr msg) {
      |                                                      [01;36m[K^[m[K
[01m[K/home/robmoemac/M-LADIS-sim/PX4 Aux/ws_sensor_combined/src/px4_ros_com/src/examples/offboard/offboard_control.cpp:84:65:[m[K [01;36m[Knote: [m[K‘[01m[Kfloat& z[m[K’ declared here
   84 |                 auto timer_callback = [this,&x,&y,&z,&yaw]() -> [01;36m[Kvoid[m[K {
      |                                                                 [01;36m[K^~~~[m[K
[01m[K/home/robmoemac/M-LADIS-sim/PX4 Aux/ws_sensor_combined/src/px4_ros_com/src/examples/offboard/offboard_control.cpp:91:25:[m[K [01;31m[Kerror: [m[K‘[01m[Kyaw[m[K’ is not captured
   91 |                         [01;31m[Kyaw[m[K = msg->position[3];
      |                         [01;31m[K^~~[m[K
[01m[K/home/robmoemac/M-LADIS-sim/PX4 Aux/ws_sensor_combined/src/px4_ros_com/src/examples/offboard/offboard_control.cpp:86:54:[m[K [01;36m[Knote: [m[Kthe lambda has no capture-default
   86 |                 "/fmu/in/autonomy_waypoint",10, [this[01;36m[K][m[K(const px4_msgs::msg::TrajectorySetpoint::SharedPtr msg) {
      |                                                      [01;36m[K^[m[K
[01m[K/home/robmoemac/M-LADIS-sim/PX4 Aux/ws_sensor_combined/src/px4_ros_com/src/examples/offboard/offboard_control.cpp:84:65:[m[K [01;36m[Knote: [m[K‘[01m[Kfloat& yaw[m[K’ declared here
   84 |                 auto timer_callback = [this,&x,&y,&z,&yaw]() -> [01;36m[Kvoid[m[K {
      |                                                                 [01;36m[K^~~~[m[K
gmake[2]: *** [CMakeFiles/offboard_control.dir/build.make:76: CMakeFiles/offboard_control.dir/src/examples/offboard/offboard_control.cpp.o] Error 1
gmake[1]: *** [CMakeFiles/Makefile2:249: CMakeFiles/offboard_control.dir/all] Error 2
gmake: *** [Makefile:146: all] Error 2
