[0.776s] Invoking command in '/home/robmoemac/M-LADIS-sim/PX4 Aux/ws_sensor_combined/src/computer_viz': PYTHONPATH=/home/robmoemac/M-LADIS-sim/PX4 Aux/ws_sensor_combined/build/computer_viz/prefix_override:/home/robmoemac/M-LADIS-sim/PX4 Aux/ws_sensor_combined/install/computer_viz/lib/python3.10/site-packages:${PYTHONPATH} /usr/bin/python3 setup.py egg_info --egg-base ../../build/computer_viz build --build-base /home/robmoemac/M-LADIS-sim/PX4 Aux/ws_sensor_combined/build/computer_viz/build install --record /home/robmoemac/M-LADIS-sim/PX4 Aux/ws_sensor_combined/build/computer_viz/install.log --single-version-externally-managed
[0.966s] running egg_info
[0.978s] writing ../../build/computer_viz/computer_viz.egg-info/PKG-INFO
[0.980s] writing dependency_links to ../../build/computer_viz/computer_viz.egg-info/dependency_links.txt
[0.982s] writing requirements to ../../build/computer_viz/computer_viz.egg-info/requires.txt
[0.984s] writing top-level names to ../../build/computer_viz/computer_viz.egg-info/top_level.txt
[1.013s] reading manifest file '../../build/computer_viz/computer_viz.egg-info/SOURCES.txt'
[1.014s] writing manifest file '../../build/computer_viz/computer_viz.egg-info/SOURCES.txt'
[1.016s] running build
[1.016s] running build_py
[1.017s] copying computer_viz/__init__.py -> /home/robmoemac/M-LADIS-sim/PX4 Aux/ws_sensor_combined/build/computer_viz/build/lib/computer_viz
[1.017s] copying computer_viz/PC_ingestion.py -> /home/robmoemac/M-LADIS-sim/PX4 Aux/ws_sensor_combined/build/computer_viz/build/lib/computer_viz
[1.017s] running install
[1.017s] /home/robmoemac/.local/lib/python3.10/site-packages/setuptools/_distutils/cmd.py:66: SetuptoolsDeprecationWarning: setup.py install is deprecated.
[1.017s] !!
[1.017s] 
[1.017s]         ********************************************************************************
[1.017s]         Please avoid running ``setup.py`` directly.
[1.017s]         Instead, use pypa/build, pypa/installer or other
[1.017s]         standards-based tools.
[1.018s] 
[1.018s]         See https://blog.ganssle.io/articles/2021/10/setup-py-deprecated.html for details.
[1.018s]         ********************************************************************************
[1.018s] 
[1.018s] !!
[1.018s]   self.initialize_options()
[1.022s] running install_lib
[1.034s] running install_data
[1.046s] copying resource/computer_viz -> /home/robmoemac/M-LADIS-sim/PX4 Aux/ws_sensor_combined/install/computer_viz/share/ament_index/resource_index/packages
[1.047s] copying package.xml -> /home/robmoemac/M-LADIS-sim/PX4 Aux/ws_sensor_combined/install/computer_viz/share/computer_viz
[1.047s] running install_egg_info
[1.060s] removing '/home/robmoemac/M-LADIS-sim/PX4 Aux/ws_sensor_combined/install/computer_viz/lib/python3.10/site-packages/computer_viz-0.0.0-py3.10.egg-info' (and everything under it)
[1.060s] Copying ../../build/computer_viz/computer_viz.egg-info to /home/robmoemac/M-LADIS-sim/PX4 Aux/ws_sensor_combined/install/computer_viz/lib/python3.10/site-packages/computer_viz-0.0.0-py3.10.egg-info
[1.061s] running install_scripts
[1.175s] writing list of installed files to '/home/robmoemac/M-LADIS-sim/PX4 Aux/ws_sensor_combined/build/computer_viz/install.log'
[1.202s] Invoked command in '/home/robmoemac/M-LADIS-sim/PX4 Aux/ws_sensor_combined/src/computer_viz' returned '0': PYTHONPATH=/home/robmoemac/M-LADIS-sim/PX4 Aux/ws_sensor_combined/build/computer_viz/prefix_override:/home/robmoemac/M-LADIS-sim/PX4 Aux/ws_sensor_combined/install/computer_viz/lib/python3.10/site-packages:${PYTHONPATH} /usr/bin/python3 setup.py egg_info --egg-base ../../build/computer_viz build --build-base /home/robmoemac/M-LADIS-sim/PX4 Aux/ws_sensor_combined/build/computer_viz/build install --record /home/robmoemac/M-LADIS-sim/PX4 Aux/ws_sensor_combined/build/computer_viz/install.log --single-version-externally-managed
