[0.084s] DEBUG:colcon:Command line arguments: ['/usr/bin/colcon', 'build', '--base-paths', 'src/slam/ros2_wrapping', '--cmake-args', '-DCMAKE_BUILD_TYPE=Release']
[0.084s] DEBUG:colcon:Parsed command line arguments: Namespace(log_base=None, log_level=None, verb_name='build', build_base='build', install_base='install', merge_install=False, symlink_install=False, test_result_base=None, continue_on_error=False, executor='parallel', parallel_workers=8, event_handlers=None, ignore_user_meta=False, metas=['./colcon.meta'], base_paths=['src/slam/ros2_wrapping'], packages_ignore=None, packages_ignore_regex=None, paths=None, packages_up_to=None, packages_up_to_regex=None, packages_above=None, packages_above_and_dependencies=None, packages_above_depth=None, packages_select_by_dep=None, packages_skip_by_dep=None, packages_skip_up_to=None, packages_select_build_failed=False, packages_skip_build_finished=False, packages_select_test_failures=False, packages_skip_test_passed=False, packages_select=None, packages_skip=None, packages_select_regex=None, packages_skip_regex=None, packages_start=None, packages_end=None, allow_overriding=[], cmake_args=['-DCMAKE_BUILD_TYPE=Release'], cmake_target=None, cmake_target_skip_unavailable=False, cmake_clean_cache=False, cmake_clean_first=False, cmake_force_configure=False, ament_cmake_args=None, catkin_cmake_args=None, catkin_skip_building_tests=False, verb_parser=<colcon_defaults.argument_parser.defaults.DefaultArgumentsDecorator object at 0x76faaedd9750>, verb_extension=<colcon_core.verb.build.BuildVerb object at 0x76faaedd8670>, main=<bound method BuildVerb.main of <colcon_core.verb.build.BuildVerb object at 0x76faaedd8670>>)
[0.114s] Level 1:colcon.colcon_core.package_discovery:discover_packages(colcon_meta) check parameters
[0.114s] Level 1:colcon.colcon_core.package_discovery:discover_packages(recursive) check parameters
[0.114s] Level 1:colcon.colcon_core.package_discovery:discover_packages(ignore) check parameters
[0.115s] Level 1:colcon.colcon_core.package_discovery:discover_packages(path) check parameters
[0.115s] Level 1:colcon.colcon_core.package_discovery:discover_packages(recursive) discover
[0.115s] INFO:colcon.colcon_core.package_discovery:Crawling recursively for packages in '/home/robmoemac/M-LADIS-Jerry/ws_sensor_combined/src/slam/ros2_wrapping'
[0.115s] Level 1:colcon.colcon_core.package_identification:_identify(src/slam/ros2_wrapping) by extensions ['ignore', 'ignore_ament_install']
[0.115s] Level 1:colcon.colcon_core.package_identification:_identify(src/slam/ros2_wrapping) by extension 'ignore'
[0.115s] Level 1:colcon.colcon_core.package_identification:_identify(src/slam/ros2_wrapping) by extension 'ignore_ament_install'
[0.115s] Level 1:colcon.colcon_core.package_identification:_identify(src/slam/ros2_wrapping) by extensions ['colcon_pkg']
[0.115s] Level 1:colcon.colcon_core.package_identification:_identify(src/slam/ros2_wrapping) by extension 'colcon_pkg'
[0.115s] Level 1:colcon.colcon_core.package_identification:_identify(src/slam/ros2_wrapping) by extensions ['colcon_meta']
[0.115s] Level 1:colcon.colcon_core.package_identification:_identify(src/slam/ros2_wrapping) by extension 'colcon_meta'
[0.115s] Level 1:colcon.colcon_core.package_identification:_identify(src/slam/ros2_wrapping) by extensions ['ros']
[0.115s] Level 1:colcon.colcon_core.package_identification:_identify(src/slam/ros2_wrapping) by extension 'ros'
[0.127s] Level 1:colcon.colcon_core.package_identification:_identify(src/slam/ros2_wrapping) by extensions ['cmake', 'python']
[0.127s] Level 1:colcon.colcon_core.package_identification:_identify(src/slam/ros2_wrapping) by extension 'cmake'
[0.127s] Level 1:colcon.colcon_core.package_identification:_identify(src/slam/ros2_wrapping) by extension 'python'
[0.127s] Level 1:colcon.colcon_core.package_identification:_identify(src/slam/ros2_wrapping) by extensions ['python_setup_py']
[0.127s] Level 1:colcon.colcon_core.package_identification:_identify(src/slam/ros2_wrapping) by extension 'python_setup_py'
[0.127s] Level 1:colcon.colcon_core.package_identification:_identify(src/slam/ros2_wrapping/external_sensors_msg) by extensions ['ignore', 'ignore_ament_install']
[0.127s] Level 1:colcon.colcon_core.package_identification:_identify(src/slam/ros2_wrapping/external_sensors_msg) by extension 'ignore'
[0.128s] Level 1:colcon.colcon_core.package_identification:_identify(src/slam/ros2_wrapping/external_sensors_msg) by extension 'ignore_ament_install'
[0.128s] Level 1:colcon.colcon_core.package_identification:_identify(src/slam/ros2_wrapping/external_sensors_msg) by extensions ['colcon_pkg']
[0.128s] Level 1:colcon.colcon_core.package_identification:_identify(src/slam/ros2_wrapping/external_sensors_msg) by extension 'colcon_pkg'
[0.128s] Level 1:colcon.colcon_core.package_identification:_identify(src/slam/ros2_wrapping/external_sensors_msg) by extensions ['colcon_meta']
[0.128s] Level 1:colcon.colcon_core.package_identification:_identify(src/slam/ros2_wrapping/external_sensors_msg) by extension 'colcon_meta'
[0.128s] Level 1:colcon.colcon_core.package_identification:_identify(src/slam/ros2_wrapping/external_sensors_msg) by extensions ['ros']
[0.128s] Level 1:colcon.colcon_core.package_identification:_identify(src/slam/ros2_wrapping/external_sensors_msg) by extension 'ros'
[0.128s] Level 1:colcon.colcon_core.package_identification:_identify(src/slam/ros2_wrapping/external_sensors_msg) by extensions ['cmake', 'python']
[0.128s] Level 1:colcon.colcon_core.package_identification:_identify(src/slam/ros2_wrapping/external_sensors_msg) by extension 'cmake'
[0.128s] Level 1:colcon.colcon_core.package_identification:_identify(src/slam/ros2_wrapping/external_sensors_msg) by extension 'python'
[0.128s] Level 1:colcon.colcon_core.package_identification:_identify(src/slam/ros2_wrapping/external_sensors_msg) by extensions ['python_setup_py']
[0.128s] Level 1:colcon.colcon_core.package_identification:_identify(src/slam/ros2_wrapping/external_sensors_msg) by extension 'python_setup_py'
[0.128s] Level 1:colcon.colcon_core.package_identification:_identify(src/slam/ros2_wrapping/external_sensors_msg/apriltag_ros) by extensions ['ignore', 'ignore_ament_install']
[0.128s] Level 1:colcon.colcon_core.package_identification:_identify(src/slam/ros2_wrapping/external_sensors_msg/apriltag_ros) by extension 'ignore'
[0.128s] Level 1:colcon.colcon_core.package_identification:_identify(src/slam/ros2_wrapping/external_sensors_msg/apriltag_ros) by extension 'ignore_ament_install'
[0.128s] Level 1:colcon.colcon_core.package_identification:_identify(src/slam/ros2_wrapping/external_sensors_msg/apriltag_ros) by extensions ['colcon_pkg']
[0.128s] Level 1:colcon.colcon_core.package_identification:_identify(src/slam/ros2_wrapping/external_sensors_msg/apriltag_ros) by extension 'colcon_pkg'
[0.128s] Level 1:colcon.colcon_core.package_identification:_identify(src/slam/ros2_wrapping/external_sensors_msg/apriltag_ros) by extensions ['colcon_meta']
[0.128s] Level 1:colcon.colcon_core.package_identification:_identify(src/slam/ros2_wrapping/external_sensors_msg/apriltag_ros) by extension 'colcon_meta'
[0.128s] Level 1:colcon.colcon_core.package_identification:_identify(src/slam/ros2_wrapping/external_sensors_msg/apriltag_ros) by extensions ['ros']
[0.128s] Level 1:colcon.colcon_core.package_identification:_identify(src/slam/ros2_wrapping/external_sensors_msg/apriltag_ros) by extension 'ros'
[0.130s] DEBUG:colcon.colcon_core.package_identification:Package 'src/slam/ros2_wrapping/external_sensors_msg/apriltag_ros' with type 'ros.ament_cmake' and name 'apriltag_ros'
[0.130s] Level 1:colcon.colcon_core.package_identification:_identify(src/slam/ros2_wrapping/external_sensors_msg/livox_ros_driver) by extensions ['ignore', 'ignore_ament_install']
[0.130s] Level 1:colcon.colcon_core.package_identification:_identify(src/slam/ros2_wrapping/external_sensors_msg/livox_ros_driver) by extension 'ignore'
[0.130s] Level 1:colcon.colcon_core.package_identification:_identify(src/slam/ros2_wrapping/external_sensors_msg/livox_ros_driver) by extension 'ignore_ament_install'
[0.130s] Level 1:colcon.colcon_core.package_identification:_identify(src/slam/ros2_wrapping/external_sensors_msg/livox_ros_driver) by extensions ['colcon_pkg']
[0.130s] Level 1:colcon.colcon_core.package_identification:_identify(src/slam/ros2_wrapping/external_sensors_msg/livox_ros_driver) by extension 'colcon_pkg'
[0.130s] Level 1:colcon.colcon_core.package_identification:_identify(src/slam/ros2_wrapping/external_sensors_msg/livox_ros_driver) by extensions ['colcon_meta']
[0.130s] Level 1:colcon.colcon_core.package_identification:_identify(src/slam/ros2_wrapping/external_sensors_msg/livox_ros_driver) by extension 'colcon_meta'
[0.130s] Level 1:colcon.colcon_core.package_identification:_identify(src/slam/ros2_wrapping/external_sensors_msg/livox_ros_driver) by extensions ['ros']
[0.131s] Level 1:colcon.colcon_core.package_identification:_identify(src/slam/ros2_wrapping/external_sensors_msg/livox_ros_driver) by extension 'ros'
[0.131s] DEBUG:colcon.colcon_core.package_identification:Package 'src/slam/ros2_wrapping/external_sensors_msg/livox_ros_driver' with type 'ros.ament_cmake' and name 'livox_ros_driver'
[0.131s] Level 1:colcon.colcon_core.package_identification:_identify(src/slam/ros2_wrapping/lidar_conversions) by extensions ['ignore', 'ignore_ament_install']
[0.131s] Level 1:colcon.colcon_core.package_identification:_identify(src/slam/ros2_wrapping/lidar_conversions) by extension 'ignore'
[0.131s] Level 1:colcon.colcon_core.package_identification:_identify(src/slam/ros2_wrapping/lidar_conversions) by extension 'ignore_ament_install'
[0.131s] Level 1:colcon.colcon_core.package_identification:_identify(src/slam/ros2_wrapping/lidar_conversions) by extensions ['colcon_pkg']
[0.131s] Level 1:colcon.colcon_core.package_identification:_identify(src/slam/ros2_wrapping/lidar_conversions) by extension 'colcon_pkg'
[0.131s] Level 1:colcon.colcon_core.package_identification:_identify(src/slam/ros2_wrapping/lidar_conversions) by extensions ['colcon_meta']
[0.131s] Level 1:colcon.colcon_core.package_identification:_identify(src/slam/ros2_wrapping/lidar_conversions) by extension 'colcon_meta'
[0.131s] Level 1:colcon.colcon_core.package_identification:_identify(src/slam/ros2_wrapping/lidar_conversions) by extensions ['ros']
[0.131s] Level 1:colcon.colcon_core.package_identification:_identify(src/slam/ros2_wrapping/lidar_conversions) by extension 'ros'
[0.132s] DEBUG:colcon.colcon_core.package_identification:Package 'src/slam/ros2_wrapping/lidar_conversions' with type 'ros.ament_cmake' and name 'lidar_conversions'
[0.132s] Level 1:colcon.colcon_core.package_identification:_identify(src/slam/ros2_wrapping/lidar_slam) by extensions ['ignore', 'ignore_ament_install']
[0.132s] Level 1:colcon.colcon_core.package_identification:_identify(src/slam/ros2_wrapping/lidar_slam) by extension 'ignore'
[0.132s] Level 1:colcon.colcon_core.package_identification:_identify(src/slam/ros2_wrapping/lidar_slam) by extension 'ignore_ament_install'
[0.132s] Level 1:colcon.colcon_core.package_identification:_identify(src/slam/ros2_wrapping/lidar_slam) by extensions ['colcon_pkg']
[0.132s] Level 1:colcon.colcon_core.package_identification:_identify(src/slam/ros2_wrapping/lidar_slam) by extension 'colcon_pkg'
[0.132s] Level 1:colcon.colcon_core.package_identification:_identify(src/slam/ros2_wrapping/lidar_slam) by extensions ['colcon_meta']
[0.132s] Level 1:colcon.colcon_core.package_identification:_identify(src/slam/ros2_wrapping/lidar_slam) by extension 'colcon_meta'
[0.132s] Level 1:colcon.colcon_core.package_identification:_identify(src/slam/ros2_wrapping/lidar_slam) by extensions ['ros']
[0.132s] Level 1:colcon.colcon_core.package_identification:_identify(src/slam/ros2_wrapping/lidar_slam) by extension 'ros'
[0.133s] DEBUG:colcon.colcon_core.package_identification:Package 'src/slam/ros2_wrapping/lidar_slam' with type 'ros.ament_cmake' and name 'lidar_slam'
[0.133s] Level 1:colcon.colcon_core.package_identification:_identify(src/slam/ros2_wrapping/slam_visualization) by extensions ['ignore', 'ignore_ament_install']
[0.134s] Level 1:colcon.colcon_core.package_identification:_identify(src/slam/ros2_wrapping/slam_visualization) by extension 'ignore'
[0.134s] Level 1:colcon.colcon_core.package_identification:_identify(src/slam/ros2_wrapping/slam_visualization) by extension 'ignore_ament_install'
[0.134s] Level 1:colcon.colcon_core.package_identification:_identify(src/slam/ros2_wrapping/slam_visualization) by extensions ['colcon_pkg']
[0.134s] Level 1:colcon.colcon_core.package_identification:_identify(src/slam/ros2_wrapping/slam_visualization) by extension 'colcon_pkg'
[0.134s] Level 1:colcon.colcon_core.package_identification:_identify(src/slam/ros2_wrapping/slam_visualization) by extensions ['colcon_meta']
[0.134s] Level 1:colcon.colcon_core.package_identification:_identify(src/slam/ros2_wrapping/slam_visualization) by extension 'colcon_meta'
[0.134s] Level 1:colcon.colcon_core.package_identification:_identify(src/slam/ros2_wrapping/slam_visualization) by extensions ['ros']
[0.134s] Level 1:colcon.colcon_core.package_identification:_identify(src/slam/ros2_wrapping/slam_visualization) by extension 'ros'
[0.135s] DEBUG:colcon.colcon_core.package_identification:Package 'src/slam/ros2_wrapping/slam_visualization' with type 'ros.ament_cmake' and name 'slam_visualization'
[0.135s] Level 1:colcon.colcon_core.package_identification:_identify(src/slam/ros2_wrapping/tests) by extensions ['ignore', 'ignore_ament_install']
[0.135s] Level 1:colcon.colcon_core.package_identification:_identify(src/slam/ros2_wrapping/tests) by extension 'ignore'
[0.135s] Level 1:colcon.colcon_core.package_identification:_identify(src/slam/ros2_wrapping/tests) by extension 'ignore_ament_install'
[0.135s] Level 1:colcon.colcon_core.package_identification:_identify(src/slam/ros2_wrapping/tests) by extensions ['colcon_pkg']
[0.135s] Level 1:colcon.colcon_core.package_identification:_identify(src/slam/ros2_wrapping/tests) by extension 'colcon_pkg'
[0.135s] Level 1:colcon.colcon_core.package_identification:_identify(src/slam/ros2_wrapping/tests) by extensions ['colcon_meta']
[0.135s] Level 1:colcon.colcon_core.package_identification:_identify(src/slam/ros2_wrapping/tests) by extension 'colcon_meta'
[0.135s] Level 1:colcon.colcon_core.package_identification:_identify(src/slam/ros2_wrapping/tests) by extensions ['ros']
[0.135s] Level 1:colcon.colcon_core.package_identification:_identify(src/slam/ros2_wrapping/tests) by extension 'ros'
[0.136s] DEBUG:colcon.colcon_core.package_identification:Package 'src/slam/ros2_wrapping/tests' with type 'ros.ament_cmake' and name 'lidar_slam_test'
[0.136s] Level 1:colcon.colcon_core.package_discovery:discover_packages(recursive) using defaults
[0.152s] Level 1:colcon.colcon_core.package_discovery:discover_packages(prefix_path) check parameters
[0.152s] Level 1:colcon.colcon_core.package_discovery:discover_packages(prefix_path) discover
[0.153s] WARNING:colcon.colcon_ros.prefix_path.ament:The path '/home/robmoemac/M-LADIS-Jerry/ws_sensor_combined/install/px4_ros_com' in the environment variable AMENT_PREFIX_PATH doesn't exist
[0.153s] WARNING:colcon.colcon_ros.prefix_path.ament:The path '/home/robmoemac/M-LADIS-Jerry/ws_sensor_combined/install/px4_msgs' in the environment variable AMENT_PREFIX_PATH doesn't exist
[0.153s] WARNING:colcon.colcon_ros.prefix_path.ament:The path '/home/robmoemac/M-LADIS-Jerry/ws_sensor_combined/install/nearest_poster_yaw' in the environment variable AMENT_PREFIX_PATH doesn't exist
[0.153s] WARNING:colcon.colcon_ros.prefix_path.ament:The path '/home/robmoemac/M-LADIS-Jerry/ws_sensor_combined/install/localization' in the environment variable AMENT_PREFIX_PATH doesn't exist
[0.153s] WARNING:colcon.colcon_ros.prefix_path.ament:The path '/home/robmoemac/M-LADIS-Jerry/ws_sensor_combined/install/classifier' in the environment variable AMENT_PREFIX_PATH doesn't exist
[0.153s] WARNING:colcon.colcon_ros.prefix_path.catkin:The path '/home/robmoemac/M-LADIS-Jerry/ws_sensor_combined/install/px4_ros_com' in the environment variable CMAKE_PREFIX_PATH doesn't exist
[0.153s] WARNING:colcon.colcon_ros.prefix_path.catkin:The path '/home/robmoemac/M-LADIS-Jerry/ws_sensor_combined/install/px4_msgs' in the environment variable CMAKE_PREFIX_PATH doesn't exist
[0.153s] WARNING:colcon.colcon_ros.prefix_path.catkin:The path '/home/robmoemac/M-LADIS-Jerry/ws_sensor_combined/install/nearest_poster_yaw' in the environment variable CMAKE_PREFIX_PATH doesn't exist
[0.154s] WARNING:colcon.colcon_ros.prefix_path.catkin:The path '/home/robmoemac/M-LADIS-Jerry/ws_sensor_combined/install/localization' in the environment variable CMAKE_PREFIX_PATH doesn't exist
[0.154s] WARNING:colcon.colcon_ros.prefix_path.catkin:The path '/home/robmoemac/M-LADIS-Jerry/ws_sensor_combined/install/classifier' in the environment variable CMAKE_PREFIX_PATH doesn't exist
[0.154s] DEBUG:colcon.colcon_installed_package_information.package_discovery:Found 0 installed packages in /home/robmoemac/M-LADIS-Jerry/ws_sensor_combined/install
[0.155s] DEBUG:colcon.colcon_installed_package_information.package_discovery:Found 296 installed packages in /opt/ros/humble
[0.156s] Level 1:colcon.colcon_core.package_discovery:discover_packages(prefix_path) using defaults
[0.191s] Level 5:colcon.colcon_core.verb:set package 'apriltag_ros' build argument 'cmake_args' from command line to '['-DCMAKE_BUILD_TYPE=Release']'
[0.191s] Level 5:colcon.colcon_core.verb:set package 'apriltag_ros' build argument 'cmake_target' from command line to 'None'
[0.191s] Level 5:colcon.colcon_core.verb:set package 'apriltag_ros' build argument 'cmake_target_skip_unavailable' from command line to 'False'
[0.191s] Level 5:colcon.colcon_core.verb:set package 'apriltag_ros' build argument 'cmake_clean_cache' from command line to 'False'
[0.191s] Level 5:colcon.colcon_core.verb:set package 'apriltag_ros' build argument 'cmake_clean_first' from command line to 'False'
[0.191s] Level 5:colcon.colcon_core.verb:set package 'apriltag_ros' build argument 'cmake_force_configure' from command line to 'False'
[0.191s] Level 5:colcon.colcon_core.verb:set package 'apriltag_ros' build argument 'ament_cmake_args' from command line to 'None'
[0.191s] Level 5:colcon.colcon_core.verb:set package 'apriltag_ros' build argument 'catkin_cmake_args' from command line to 'None'
[0.191s] Level 5:colcon.colcon_core.verb:set package 'apriltag_ros' build argument 'catkin_skip_building_tests' from command line to 'False'
[0.191s] DEBUG:colcon.colcon_core.verb:Building package 'apriltag_ros' with the following arguments: {'ament_cmake_args': None, 'build_base': '/home/robmoemac/M-LADIS-Jerry/ws_sensor_combined/build/apriltag_ros', 'catkin_cmake_args': None, 'catkin_skip_building_tests': False, 'cmake_args': ['-DCMAKE_BUILD_TYPE=Release'], 'cmake_clean_cache': False, 'cmake_clean_first': False, 'cmake_force_configure': False, 'cmake_target': None, 'cmake_target_skip_unavailable': False, 'install_base': '/home/robmoemac/M-LADIS-Jerry/ws_sensor_combined/install/apriltag_ros', 'merge_install': False, 'path': '/home/robmoemac/M-LADIS-Jerry/ws_sensor_combined/src/slam/ros2_wrapping/external_sensors_msg/apriltag_ros', 'symlink_install': False, 'test_result_base': None}
[0.192s] Level 5:colcon.colcon_core.verb:set package 'livox_ros_driver' build argument 'cmake_args' from command line to '['-DCMAKE_BUILD_TYPE=Release']'
[0.192s] Level 5:colcon.colcon_core.verb:set package 'livox_ros_driver' build argument 'cmake_target' from command line to 'None'
[0.192s] Level 5:colcon.colcon_core.verb:set package 'livox_ros_driver' build argument 'cmake_target_skip_unavailable' from command line to 'False'
[0.192s] Level 5:colcon.colcon_core.verb:set package 'livox_ros_driver' build argument 'cmake_clean_cache' from command line to 'False'
[0.192s] Level 5:colcon.colcon_core.verb:set package 'livox_ros_driver' build argument 'cmake_clean_first' from command line to 'False'
[0.192s] Level 5:colcon.colcon_core.verb:set package 'livox_ros_driver' build argument 'cmake_force_configure' from command line to 'False'
[0.192s] Level 5:colcon.colcon_core.verb:set package 'livox_ros_driver' build argument 'ament_cmake_args' from command line to 'None'
[0.192s] Level 5:colcon.colcon_core.verb:set package 'livox_ros_driver' build argument 'catkin_cmake_args' from command line to 'None'
[0.192s] Level 5:colcon.colcon_core.verb:set package 'livox_ros_driver' build argument 'catkin_skip_building_tests' from command line to 'False'
[0.192s] DEBUG:colcon.colcon_core.verb:Building package 'livox_ros_driver' with the following arguments: {'ament_cmake_args': None, 'build_base': '/home/robmoemac/M-LADIS-Jerry/ws_sensor_combined/build/livox_ros_driver', 'catkin_cmake_args': None, 'catkin_skip_building_tests': False, 'cmake_args': ['-DCMAKE_BUILD_TYPE=Release'], 'cmake_clean_cache': False, 'cmake_clean_first': False, 'cmake_force_configure': False, 'cmake_target': None, 'cmake_target_skip_unavailable': False, 'install_base': '/home/robmoemac/M-LADIS-Jerry/ws_sensor_combined/install/livox_ros_driver', 'merge_install': False, 'path': '/home/robmoemac/M-LADIS-Jerry/ws_sensor_combined/src/slam/ros2_wrapping/external_sensors_msg/livox_ros_driver', 'symlink_install': False, 'test_result_base': None}
[0.193s] Level 5:colcon.colcon_core.verb:set package 'lidar_conversions' build argument 'cmake_args' from command line to '['-DCMAKE_BUILD_TYPE=Release']'
[0.193s] Level 5:colcon.colcon_core.verb:set package 'lidar_conversions' build argument 'cmake_target' from command line to 'None'
[0.193s] Level 5:colcon.colcon_core.verb:set package 'lidar_conversions' build argument 'cmake_target_skip_unavailable' from command line to 'False'
[0.193s] Level 5:colcon.colcon_core.verb:set package 'lidar_conversions' build argument 'cmake_clean_cache' from command line to 'False'
[0.193s] Level 5:colcon.colcon_core.verb:set package 'lidar_conversions' build argument 'cmake_clean_first' from command line to 'False'
[0.193s] Level 5:colcon.colcon_core.verb:set package 'lidar_conversions' build argument 'cmake_force_configure' from command line to 'False'
[0.193s] Level 5:colcon.colcon_core.verb:set package 'lidar_conversions' build argument 'ament_cmake_args' from command line to 'None'
[0.193s] Level 5:colcon.colcon_core.verb:set package 'lidar_conversions' build argument 'catkin_cmake_args' from command line to 'None'
[0.193s] Level 5:colcon.colcon_core.verb:set package 'lidar_conversions' build argument 'catkin_skip_building_tests' from command line to 'False'
[0.193s] DEBUG:colcon.colcon_core.verb:Building package 'lidar_conversions' with the following arguments: {'ament_cmake_args': None, 'build_base': '/home/robmoemac/M-LADIS-Jerry/ws_sensor_combined/build/lidar_conversions', 'catkin_cmake_args': None, 'catkin_skip_building_tests': False, 'cmake_args': ['-DCMAKE_BUILD_TYPE=Release'], 'cmake_clean_cache': False, 'cmake_clean_first': False, 'cmake_force_configure': False, 'cmake_target': None, 'cmake_target_skip_unavailable': False, 'install_base': '/home/robmoemac/M-LADIS-Jerry/ws_sensor_combined/install/lidar_conversions', 'merge_install': False, 'path': '/home/robmoemac/M-LADIS-Jerry/ws_sensor_combined/src/slam/ros2_wrapping/lidar_conversions', 'symlink_install': False, 'test_result_base': None}
[0.193s] Level 5:colcon.colcon_core.verb:set package 'lidar_slam' build argument 'cmake_args' from command line to '['-DCMAKE_BUILD_TYPE=Release']'
[0.193s] Level 5:colcon.colcon_core.verb:set package 'lidar_slam' build argument 'cmake_target' from command line to 'None'
[0.193s] Level 5:colcon.colcon_core.verb:set package 'lidar_slam' build argument 'cmake_target_skip_unavailable' from command line to 'False'
[0.193s] Level 5:colcon.colcon_core.verb:set package 'lidar_slam' build argument 'cmake_clean_cache' from command line to 'False'
[0.193s] Level 5:colcon.colcon_core.verb:set package 'lidar_slam' build argument 'cmake_clean_first' from command line to 'False'
[0.193s] Level 5:colcon.colcon_core.verb:set package 'lidar_slam' build argument 'cmake_force_configure' from command line to 'False'
[0.193s] Level 5:colcon.colcon_core.verb:set package 'lidar_slam' build argument 'ament_cmake_args' from command line to 'None'
[0.193s] Level 5:colcon.colcon_core.verb:set package 'lidar_slam' build argument 'catkin_cmake_args' from command line to 'None'
[0.193s] Level 5:colcon.colcon_core.verb:set package 'lidar_slam' build argument 'catkin_skip_building_tests' from command line to 'False'
[0.193s] DEBUG:colcon.colcon_core.verb:Building package 'lidar_slam' with the following arguments: {'ament_cmake_args': None, 'build_base': '/home/robmoemac/M-LADIS-Jerry/ws_sensor_combined/build/lidar_slam', 'catkin_cmake_args': None, 'catkin_skip_building_tests': False, 'cmake_args': ['-DCMAKE_BUILD_TYPE=Release'], 'cmake_clean_cache': False, 'cmake_clean_first': False, 'cmake_force_configure': False, 'cmake_target': None, 'cmake_target_skip_unavailable': False, 'install_base': '/home/robmoemac/M-LADIS-Jerry/ws_sensor_combined/install/lidar_slam', 'merge_install': False, 'path': '/home/robmoemac/M-LADIS-Jerry/ws_sensor_combined/src/slam/ros2_wrapping/lidar_slam', 'symlink_install': False, 'test_result_base': None}
[0.194s] Level 5:colcon.colcon_core.verb:set package 'lidar_slam_test' build argument 'cmake_args' from command line to '['-DCMAKE_BUILD_TYPE=Release']'
[0.194s] Level 5:colcon.colcon_core.verb:set package 'lidar_slam_test' build argument 'cmake_target' from command line to 'None'
[0.194s] Level 5:colcon.colcon_core.verb:set package 'lidar_slam_test' build argument 'cmake_target_skip_unavailable' from command line to 'False'
[0.194s] Level 5:colcon.colcon_core.verb:set package 'lidar_slam_test' build argument 'cmake_clean_cache' from command line to 'False'
[0.194s] Level 5:colcon.colcon_core.verb:set package 'lidar_slam_test' build argument 'cmake_clean_first' from command line to 'False'
[0.194s] Level 5:colcon.colcon_core.verb:set package 'lidar_slam_test' build argument 'cmake_force_configure' from command line to 'False'
[0.194s] Level 5:colcon.colcon_core.verb:set package 'lidar_slam_test' build argument 'ament_cmake_args' from command line to 'None'
[0.194s] Level 5:colcon.colcon_core.verb:set package 'lidar_slam_test' build argument 'catkin_cmake_args' from command line to 'None'
[0.194s] Level 5:colcon.colcon_core.verb:set package 'lidar_slam_test' build argument 'catkin_skip_building_tests' from command line to 'False'
[0.194s] DEBUG:colcon.colcon_core.verb:Building package 'lidar_slam_test' with the following arguments: {'ament_cmake_args': None, 'build_base': '/home/robmoemac/M-LADIS-Jerry/ws_sensor_combined/build/lidar_slam_test', 'catkin_cmake_args': None, 'catkin_skip_building_tests': False, 'cmake_args': ['-DCMAKE_BUILD_TYPE=Release'], 'cmake_clean_cache': False, 'cmake_clean_first': False, 'cmake_force_configure': False, 'cmake_target': None, 'cmake_target_skip_unavailable': False, 'install_base': '/home/robmoemac/M-LADIS-Jerry/ws_sensor_combined/install/lidar_slam_test', 'merge_install': False, 'path': '/home/robmoemac/M-LADIS-Jerry/ws_sensor_combined/src/slam/ros2_wrapping/tests', 'symlink_install': False, 'test_result_base': None}
[0.194s] Level 5:colcon.colcon_core.verb:set package 'slam_visualization' build argument 'cmake_args' from command line to '['-DCMAKE_BUILD_TYPE=Release']'
[0.194s] Level 5:colcon.colcon_core.verb:set package 'slam_visualization' build argument 'cmake_target' from command line to 'None'
[0.194s] Level 5:colcon.colcon_core.verb:set package 'slam_visualization' build argument 'cmake_target_skip_unavailable' from command line to 'False'
[0.194s] Level 5:colcon.colcon_core.verb:set package 'slam_visualization' build argument 'cmake_clean_cache' from command line to 'False'
[0.194s] Level 5:colcon.colcon_core.verb:set package 'slam_visualization' build argument 'cmake_clean_first' from command line to 'False'
[0.194s] Level 5:colcon.colcon_core.verb:set package 'slam_visualization' build argument 'cmake_force_configure' from command line to 'False'
[0.194s] Level 5:colcon.colcon_core.verb:set package 'slam_visualization' build argument 'ament_cmake_args' from command line to 'None'
[0.194s] Level 5:colcon.colcon_core.verb:set package 'slam_visualization' build argument 'catkin_cmake_args' from command line to 'None'
[0.194s] Level 5:colcon.colcon_core.verb:set package 'slam_visualization' build argument 'catkin_skip_building_tests' from command line to 'False'
[0.194s] DEBUG:colcon.colcon_core.verb:Building package 'slam_visualization' with the following arguments: {'ament_cmake_args': None, 'build_base': '/home/robmoemac/M-LADIS-Jerry/ws_sensor_combined/build/slam_visualization', 'catkin_cmake_args': None, 'catkin_skip_building_tests': False, 'cmake_args': ['-DCMAKE_BUILD_TYPE=Release'], 'cmake_clean_cache': False, 'cmake_clean_first': False, 'cmake_force_configure': False, 'cmake_target': None, 'cmake_target_skip_unavailable': False, 'install_base': '/home/robmoemac/M-LADIS-Jerry/ws_sensor_combined/install/slam_visualization', 'merge_install': False, 'path': '/home/robmoemac/M-LADIS-Jerry/ws_sensor_combined/src/slam/ros2_wrapping/slam_visualization', 'symlink_install': False, 'test_result_base': None}
[0.194s] INFO:colcon.colcon_core.executor:Executing jobs using 'parallel' executor
[0.195s] DEBUG:colcon.colcon_parallel_executor.executor.parallel:run_until_complete
[0.196s] INFO:colcon.colcon_ros.task.ament_cmake.build:Building ROS package in '/home/robmoemac/M-LADIS-Jerry/ws_sensor_combined/src/slam/ros2_wrapping/external_sensors_msg/livox_ros_driver' with build type 'ament_cmake'
[0.196s] INFO:colcon.colcon_cmake.task.cmake.build:Building CMake package in '/home/robmoemac/M-LADIS-Jerry/ws_sensor_combined/src/slam/ros2_wrapping/external_sensors_msg/livox_ros_driver'
[0.197s] INFO:colcon.colcon_core.plugin_system:Skipping extension 'colcon_core.shell.bat': Not used on non-Windows systems
[0.197s] INFO:colcon.colcon_core.shell:Skip shell extension 'powershell' for command environment: Not usable outside of PowerShell
[0.197s] DEBUG:colcon.colcon_core.shell:Skip shell extension 'dsv' for command environment
[0.200s] INFO:colcon.colcon_ros.task.ament_cmake.build:Building ROS package in '/home/robmoemac/M-LADIS-Jerry/ws_sensor_combined/src/slam/ros2_wrapping/external_sensors_msg/apriltag_ros' with build type 'ament_cmake'
[0.200s] INFO:colcon.colcon_cmake.task.cmake.build:Building CMake package in '/home/robmoemac/M-LADIS-Jerry/ws_sensor_combined/src/slam/ros2_wrapping/external_sensors_msg/apriltag_ros'
[0.200s] INFO:colcon.colcon_core.shell:Skip shell extension 'powershell' for command environment: Not usable outside of PowerShell
[0.200s] DEBUG:colcon.colcon_core.shell:Skip shell extension 'dsv' for command environment
[0.208s] DEBUG:colcon.colcon_core.event_handler.log_command:Invoking command in '/home/robmoemac/M-LADIS-Jerry/ws_sensor_combined/build/livox_ros_driver': CMAKE_PREFIX_PATH=${CMAKE_PREFIX_PATH}:/opt/ros/humble /usr/bin/cmake /home/robmoemac/M-LADIS-Jerry/ws_sensor_combined/src/slam/ros2_wrapping/external_sensors_msg/livox_ros_driver -DCMAKE_BUILD_TYPE=Release -DCMAKE_INSTALL_PREFIX=/home/robmoemac/M-LADIS-Jerry/ws_sensor_combined/install/livox_ros_driver
[0.210s] DEBUG:colcon.colcon_core.event_handler.log_command:Invoking command in '/home/robmoemac/M-LADIS-Jerry/ws_sensor_combined/build/apriltag_ros': CMAKE_PREFIX_PATH=${CMAKE_PREFIX_PATH}:/opt/ros/humble /usr/bin/cmake /home/robmoemac/M-LADIS-Jerry/ws_sensor_combined/src/slam/ros2_wrapping/external_sensors_msg/apriltag_ros -DCMAKE_BUILD_TYPE=Release -DCMAKE_INSTALL_PREFIX=/home/robmoemac/M-LADIS-Jerry/ws_sensor_combined/install/apriltag_ros
[1.795s] DEBUG:colcon.colcon_core.event_handler.log_command:Invoked command in '/home/robmoemac/M-LADIS-Jerry/ws_sensor_combined/build/livox_ros_driver' returned '0': CMAKE_PREFIX_PATH=${CMAKE_PREFIX_PATH}:/opt/ros/humble /usr/bin/cmake /home/robmoemac/M-LADIS-Jerry/ws_sensor_combined/src/slam/ros2_wrapping/external_sensors_msg/livox_ros_driver -DCMAKE_BUILD_TYPE=Release -DCMAKE_INSTALL_PREFIX=/home/robmoemac/M-LADIS-Jerry/ws_sensor_combined/install/livox_ros_driver
[1.797s] DEBUG:colcon.colcon_core.event_handler.log_command:Invoking command in '/home/robmoemac/M-LADIS-Jerry/ws_sensor_combined/build/livox_ros_driver': CMAKE_PREFIX_PATH=${CMAKE_PREFIX_PATH}:/opt/ros/humble /usr/bin/cmake --build /home/robmoemac/M-LADIS-Jerry/ws_sensor_combined/build/livox_ros_driver -- -j8 -l8
[1.924s] DEBUG:colcon.colcon_core.event_handler.log_command:Invoked command in '/home/robmoemac/M-LADIS-Jerry/ws_sensor_combined/build/apriltag_ros' returned '0': CMAKE_PREFIX_PATH=${CMAKE_PREFIX_PATH}:/opt/ros/humble /usr/bin/cmake /home/robmoemac/M-LADIS-Jerry/ws_sensor_combined/src/slam/ros2_wrapping/external_sensors_msg/apriltag_ros -DCMAKE_BUILD_TYPE=Release -DCMAKE_INSTALL_PREFIX=/home/robmoemac/M-LADIS-Jerry/ws_sensor_combined/install/apriltag_ros
[1.926s] DEBUG:colcon.colcon_core.event_handler.log_command:Invoking command in '/home/robmoemac/M-LADIS-Jerry/ws_sensor_combined/build/apriltag_ros': CMAKE_PREFIX_PATH=${CMAKE_PREFIX_PATH}:/opt/ros/humble /usr/bin/cmake --build /home/robmoemac/M-LADIS-Jerry/ws_sensor_combined/build/apriltag_ros -- -j8 -l8
[5.964s] DEBUG:colcon.colcon_core.event_handler.log_command:Invoked command in '/home/robmoemac/M-LADIS-Jerry/ws_sensor_combined/build/apriltag_ros' returned '0': CMAKE_PREFIX_PATH=${CMAKE_PREFIX_PATH}:/opt/ros/humble /usr/bin/cmake --build /home/robmoemac/M-LADIS-Jerry/ws_sensor_combined/build/apriltag_ros -- -j8 -l8
[6.031s] DEBUG:colcon.colcon_core.event_handler.log_command:Invoking command in '/home/robmoemac/M-LADIS-Jerry/ws_sensor_combined/build/apriltag_ros': CMAKE_PREFIX_PATH=${CMAKE_PREFIX_PATH}:/opt/ros/humble /usr/bin/cmake --install /home/robmoemac/M-LADIS-Jerry/ws_sensor_combined/build/apriltag_ros
[6.091s] Level 1:colcon.colcon_core.environment:create_environment_scripts_only(apriltag_ros)
[6.091s] DEBUG:colcon.colcon_core.event_handler.log_command:Invoked command in '/home/robmoemac/M-LADIS-Jerry/ws_sensor_combined/build/apriltag_ros' returned '0': CMAKE_PREFIX_PATH=${CMAKE_PREFIX_PATH}:/opt/ros/humble /usr/bin/cmake --install /home/robmoemac/M-LADIS-Jerry/ws_sensor_combined/build/apriltag_ros
[6.094s] Level 1:colcon.colcon_core.environment:checking '/home/robmoemac/M-LADIS-Jerry/ws_sensor_combined/install/apriltag_ros' for CMake module files
[6.095s] Level 1:colcon.colcon_core.environment:checking '/home/robmoemac/M-LADIS-Jerry/ws_sensor_combined/install/apriltag_ros' for CMake config files
[6.095s] Level 1:colcon.colcon_core.shell:create_environment_hook('apriltag_ros', 'cmake_prefix_path')
[6.095s] INFO:colcon.colcon_core.shell:Creating environment hook '/home/robmoemac/M-LADIS-Jerry/ws_sensor_combined/install/apriltag_ros/share/apriltag_ros/hook/cmake_prefix_path.ps1'
[6.096s] INFO:colcon.colcon_core.shell:Creating environment descriptor '/home/robmoemac/M-LADIS-Jerry/ws_sensor_combined/install/apriltag_ros/share/apriltag_ros/hook/cmake_prefix_path.dsv'
[6.097s] INFO:colcon.colcon_core.shell:Creating environment hook '/home/robmoemac/M-LADIS-Jerry/ws_sensor_combined/install/apriltag_ros/share/apriltag_ros/hook/cmake_prefix_path.sh'
[6.098s] Level 1:colcon.colcon_core.environment:checking '/home/robmoemac/M-LADIS-Jerry/ws_sensor_combined/install/apriltag_ros/lib'
[6.098s] Level 1:colcon.colcon_core.shell:create_environment_hook('apriltag_ros', 'ld_library_path_lib')
[6.099s] INFO:colcon.colcon_core.shell:Creating environment hook '/home/robmoemac/M-LADIS-Jerry/ws_sensor_combined/install/apriltag_ros/share/apriltag_ros/hook/ld_library_path_lib.ps1'
[6.099s] INFO:colcon.colcon_core.shell:Creating environment descriptor '/home/robmoemac/M-LADIS-Jerry/ws_sensor_combined/install/apriltag_ros/share/apriltag_ros/hook/ld_library_path_lib.dsv'
[6.100s] INFO:colcon.colcon_core.shell:Creating environment hook '/home/robmoemac/M-LADIS-Jerry/ws_sensor_combined/install/apriltag_ros/share/apriltag_ros/hook/ld_library_path_lib.sh'
[6.100s] Level 1:colcon.colcon_core.environment:checking '/home/robmoemac/M-LADIS-Jerry/ws_sensor_combined/install/apriltag_ros/bin'
[6.100s] Level 1:colcon.colcon_core.environment:checking '/home/robmoemac/M-LADIS-Jerry/ws_sensor_combined/install/apriltag_ros/lib/pkgconfig/apriltag_ros.pc'
[6.101s] Level 1:colcon.colcon_core.environment:checking '/home/robmoemac/M-LADIS-Jerry/ws_sensor_combined/install/apriltag_ros/lib/python3.10/site-packages'
[6.101s] Level 1:colcon.colcon_core.environment:checking '/home/robmoemac/M-LADIS-Jerry/ws_sensor_combined/install/apriltag_ros/bin'
[6.101s] INFO:colcon.colcon_core.shell:Creating package script '/home/robmoemac/M-LADIS-Jerry/ws_sensor_combined/install/apriltag_ros/share/apriltag_ros/package.ps1'
[6.103s] INFO:colcon.colcon_core.shell:Creating package descriptor '/home/robmoemac/M-LADIS-Jerry/ws_sensor_combined/install/apriltag_ros/share/apriltag_ros/package.dsv'
[6.108s] INFO:colcon.colcon_core.shell:Creating package script '/home/robmoemac/M-LADIS-Jerry/ws_sensor_combined/install/apriltag_ros/share/apriltag_ros/package.sh'
[6.109s] INFO:colcon.colcon_core.shell:Creating package script '/home/robmoemac/M-LADIS-Jerry/ws_sensor_combined/install/apriltag_ros/share/apriltag_ros/package.bash'
[6.110s] INFO:colcon.colcon_core.shell:Creating package script '/home/robmoemac/M-LADIS-Jerry/ws_sensor_combined/install/apriltag_ros/share/apriltag_ros/package.zsh'
[6.111s] Level 1:colcon.colcon_core.environment:create_file_with_runtime_dependencies(/home/robmoemac/M-LADIS-Jerry/ws_sensor_combined/install/apriltag_ros/share/colcon-core/packages/apriltag_ros)
[6.203s] Level 1:colcon.colcon_core.environment:create_environment_scripts_only(apriltag_ros)
[6.203s] Level 1:colcon.colcon_core.environment:checking '/home/robmoemac/M-LADIS-Jerry/ws_sensor_combined/install/apriltag_ros' for CMake module files
[6.204s] Level 1:colcon.colcon_core.environment:checking '/home/robmoemac/M-LADIS-Jerry/ws_sensor_combined/install/apriltag_ros' for CMake config files
[6.205s] Level 1:colcon.colcon_core.shell:create_environment_hook('apriltag_ros', 'cmake_prefix_path')
[6.205s] INFO:colcon.colcon_core.shell:Creating environment hook '/home/robmoemac/M-LADIS-Jerry/ws_sensor_combined/install/apriltag_ros/share/apriltag_ros/hook/cmake_prefix_path.ps1'
[6.206s] INFO:colcon.colcon_core.shell:Creating environment descriptor '/home/robmoemac/M-LADIS-Jerry/ws_sensor_combined/install/apriltag_ros/share/apriltag_ros/hook/cmake_prefix_path.dsv'
[6.206s] INFO:colcon.colcon_core.shell:Creating environment hook '/home/robmoemac/M-LADIS-Jerry/ws_sensor_combined/install/apriltag_ros/share/apriltag_ros/hook/cmake_prefix_path.sh'
[6.207s] Level 1:colcon.colcon_core.environment:checking '/home/robmoemac/M-LADIS-Jerry/ws_sensor_combined/install/apriltag_ros/lib'
[6.207s] Level 1:colcon.colcon_core.shell:create_environment_hook('apriltag_ros', 'ld_library_path_lib')
[6.207s] INFO:colcon.colcon_core.shell:Creating environment hook '/home/robmoemac/M-LADIS-Jerry/ws_sensor_combined/install/apriltag_ros/share/apriltag_ros/hook/ld_library_path_lib.ps1'
[6.208s] INFO:colcon.colcon_core.shell:Creating environment descriptor '/home/robmoemac/M-LADIS-Jerry/ws_sensor_combined/install/apriltag_ros/share/apriltag_ros/hook/ld_library_path_lib.dsv'
[6.208s] INFO:colcon.colcon_core.shell:Creating environment hook '/home/robmoemac/M-LADIS-Jerry/ws_sensor_combined/install/apriltag_ros/share/apriltag_ros/hook/ld_library_path_lib.sh'
[6.209s] Level 1:colcon.colcon_core.environment:checking '/home/robmoemac/M-LADIS-Jerry/ws_sensor_combined/install/apriltag_ros/bin'
[6.209s] Level 1:colcon.colcon_core.environment:checking '/home/robmoemac/M-LADIS-Jerry/ws_sensor_combined/install/apriltag_ros/lib/pkgconfig/apriltag_ros.pc'
[6.209s] Level 1:colcon.colcon_core.environment:checking '/home/robmoemac/M-LADIS-Jerry/ws_sensor_combined/install/apriltag_ros/lib/python3.10/site-packages'
[6.209s] Level 1:colcon.colcon_core.environment:checking '/home/robmoemac/M-LADIS-Jerry/ws_sensor_combined/install/apriltag_ros/bin'
[6.210s] INFO:colcon.colcon_core.shell:Creating package script '/home/robmoemac/M-LADIS-Jerry/ws_sensor_combined/install/apriltag_ros/share/apriltag_ros/package.ps1'
[6.210s] INFO:colcon.colcon_core.shell:Creating package descriptor '/home/robmoemac/M-LADIS-Jerry/ws_sensor_combined/install/apriltag_ros/share/apriltag_ros/package.dsv'
[6.211s] INFO:colcon.colcon_core.shell:Creating package script '/home/robmoemac/M-LADIS-Jerry/ws_sensor_combined/install/apriltag_ros/share/apriltag_ros/package.sh'
[6.212s] INFO:colcon.colcon_core.shell:Creating package script '/home/robmoemac/M-LADIS-Jerry/ws_sensor_combined/install/apriltag_ros/share/apriltag_ros/package.bash'
[6.212s] INFO:colcon.colcon_core.shell:Creating package script '/home/robmoemac/M-LADIS-Jerry/ws_sensor_combined/install/apriltag_ros/share/apriltag_ros/package.zsh'
[6.212s] Level 1:colcon.colcon_core.environment:create_file_with_runtime_dependencies(/home/robmoemac/M-LADIS-Jerry/ws_sensor_combined/install/apriltag_ros/share/colcon-core/packages/apriltag_ros)
[6.271s] DEBUG:colcon.colcon_core.event_handler.log_command:Invoked command in '/home/robmoemac/M-LADIS-Jerry/ws_sensor_combined/build/livox_ros_driver' returned '0': CMAKE_PREFIX_PATH=${CMAKE_PREFIX_PATH}:/opt/ros/humble /usr/bin/cmake --build /home/robmoemac/M-LADIS-Jerry/ws_sensor_combined/build/livox_ros_driver -- -j8 -l8
[6.332s] DEBUG:colcon.colcon_core.event_handler.log_command:Invoking command in '/home/robmoemac/M-LADIS-Jerry/ws_sensor_combined/build/livox_ros_driver': CMAKE_PREFIX_PATH=${CMAKE_PREFIX_PATH}:/opt/ros/humble /usr/bin/cmake --install /home/robmoemac/M-LADIS-Jerry/ws_sensor_combined/build/livox_ros_driver
[6.386s] Level 1:colcon.colcon_core.environment:create_environment_scripts_only(livox_ros_driver)
[6.386s] Level 1:colcon.colcon_core.environment:checking '/home/robmoemac/M-LADIS-Jerry/ws_sensor_combined/install/livox_ros_driver' for CMake module files
[6.387s] DEBUG:colcon.colcon_core.event_handler.log_command:Invoked command in '/home/robmoemac/M-LADIS-Jerry/ws_sensor_combined/build/livox_ros_driver' returned '0': CMAKE_PREFIX_PATH=${CMAKE_PREFIX_PATH}:/opt/ros/humble /usr/bin/cmake --install /home/robmoemac/M-LADIS-Jerry/ws_sensor_combined/build/livox_ros_driver
[6.387s] Level 1:colcon.colcon_core.environment:checking '/home/robmoemac/M-LADIS-Jerry/ws_sensor_combined/install/livox_ros_driver' for CMake config files
[6.387s] Level 1:colcon.colcon_core.shell:create_environment_hook('livox_ros_driver', 'cmake_prefix_path')
[6.388s] INFO:colcon.colcon_core.shell:Creating environment hook '/home/robmoemac/M-LADIS-Jerry/ws_sensor_combined/install/livox_ros_driver/share/livox_ros_driver/hook/cmake_prefix_path.ps1'
[6.388s] INFO:colcon.colcon_core.shell:Creating environment descriptor '/home/robmoemac/M-LADIS-Jerry/ws_sensor_combined/install/livox_ros_driver/share/livox_ros_driver/hook/cmake_prefix_path.dsv'
[6.388s] INFO:colcon.colcon_core.shell:Creating environment hook '/home/robmoemac/M-LADIS-Jerry/ws_sensor_combined/install/livox_ros_driver/share/livox_ros_driver/hook/cmake_prefix_path.sh'
[6.389s] Level 1:colcon.colcon_core.environment:checking '/home/robmoemac/M-LADIS-Jerry/ws_sensor_combined/install/livox_ros_driver/lib'
[6.389s] Level 1:colcon.colcon_core.shell:create_environment_hook('livox_ros_driver', 'ld_library_path_lib')
[6.389s] INFO:colcon.colcon_core.shell:Creating environment hook '/home/robmoemac/M-LADIS-Jerry/ws_sensor_combined/install/livox_ros_driver/share/livox_ros_driver/hook/ld_library_path_lib.ps1'
[6.389s] INFO:colcon.colcon_core.shell:Creating environment descriptor '/home/robmoemac/M-LADIS-Jerry/ws_sensor_combined/install/livox_ros_driver/share/livox_ros_driver/hook/ld_library_path_lib.dsv'
[6.389s] INFO:colcon.colcon_core.shell:Creating environment hook '/home/robmoemac/M-LADIS-Jerry/ws_sensor_combined/install/livox_ros_driver/share/livox_ros_driver/hook/ld_library_path_lib.sh'
[6.389s] Level 1:colcon.colcon_core.environment:checking '/home/robmoemac/M-LADIS-Jerry/ws_sensor_combined/install/livox_ros_driver/bin'
[6.389s] Level 1:colcon.colcon_core.environment:checking '/home/robmoemac/M-LADIS-Jerry/ws_sensor_combined/install/livox_ros_driver/lib/pkgconfig/livox_ros_driver.pc'
[6.390s] Level 1:colcon.colcon_core.environment:checking '/home/robmoemac/M-LADIS-Jerry/ws_sensor_combined/install/livox_ros_driver/lib/python3.10/site-packages'
[6.390s] Level 1:colcon.colcon_core.environment:checking '/home/robmoemac/M-LADIS-Jerry/ws_sensor_combined/install/livox_ros_driver/bin'
[6.390s] INFO:colcon.colcon_core.shell:Creating package script '/home/robmoemac/M-LADIS-Jerry/ws_sensor_combined/install/livox_ros_driver/share/livox_ros_driver/package.ps1'
[6.390s] INFO:colcon.colcon_core.shell:Creating package descriptor '/home/robmoemac/M-LADIS-Jerry/ws_sensor_combined/install/livox_ros_driver/share/livox_ros_driver/package.dsv'
[6.391s] INFO:colcon.colcon_core.shell:Creating package script '/home/robmoemac/M-LADIS-Jerry/ws_sensor_combined/install/livox_ros_driver/share/livox_ros_driver/package.sh'
[6.391s] INFO:colcon.colcon_core.shell:Creating package script '/home/robmoemac/M-LADIS-Jerry/ws_sensor_combined/install/livox_ros_driver/share/livox_ros_driver/package.bash'
[6.391s] INFO:colcon.colcon_core.shell:Creating package script '/home/robmoemac/M-LADIS-Jerry/ws_sensor_combined/install/livox_ros_driver/share/livox_ros_driver/package.zsh'
[6.391s] Level 1:colcon.colcon_core.environment:create_file_with_runtime_dependencies(/home/robmoemac/M-LADIS-Jerry/ws_sensor_combined/install/livox_ros_driver/share/colcon-core/packages/livox_ros_driver)
[6.451s] Level 1:colcon.colcon_core.environment:create_environment_scripts_only(livox_ros_driver)
[6.451s] Level 1:colcon.colcon_core.environment:checking '/home/robmoemac/M-LADIS-Jerry/ws_sensor_combined/install/livox_ros_driver' for CMake module files
[6.452s] Level 1:colcon.colcon_core.environment:checking '/home/robmoemac/M-LADIS-Jerry/ws_sensor_combined/install/livox_ros_driver' for CMake config files
[6.452s] Level 1:colcon.colcon_core.shell:create_environment_hook('livox_ros_driver', 'cmake_prefix_path')
[6.452s] INFO:colcon.colcon_core.shell:Creating environment hook '/home/robmoemac/M-LADIS-Jerry/ws_sensor_combined/install/livox_ros_driver/share/livox_ros_driver/hook/cmake_prefix_path.ps1'
[6.453s] INFO:colcon.colcon_core.shell:Creating environment descriptor '/home/robmoemac/M-LADIS-Jerry/ws_sensor_combined/install/livox_ros_driver/share/livox_ros_driver/hook/cmake_prefix_path.dsv'
[6.453s] INFO:colcon.colcon_core.shell:Creating environment hook '/home/robmoemac/M-LADIS-Jerry/ws_sensor_combined/install/livox_ros_driver/share/livox_ros_driver/hook/cmake_prefix_path.sh'
[6.454s] Level 1:colcon.colcon_core.environment:checking '/home/robmoemac/M-LADIS-Jerry/ws_sensor_combined/install/livox_ros_driver/lib'
[6.454s] Level 1:colcon.colcon_core.shell:create_environment_hook('livox_ros_driver', 'ld_library_path_lib')
[6.454s] INFO:colcon.colcon_core.shell:Creating environment hook '/home/robmoemac/M-LADIS-Jerry/ws_sensor_combined/install/livox_ros_driver/share/livox_ros_driver/hook/ld_library_path_lib.ps1'
[6.455s] INFO:colcon.colcon_core.shell:Creating environment descriptor '/home/robmoemac/M-LADIS-Jerry/ws_sensor_combined/install/livox_ros_driver/share/livox_ros_driver/hook/ld_library_path_lib.dsv'
[6.455s] INFO:colcon.colcon_core.shell:Creating environment hook '/home/robmoemac/M-LADIS-Jerry/ws_sensor_combined/install/livox_ros_driver/share/livox_ros_driver/hook/ld_library_path_lib.sh'
[6.455s] Level 1:colcon.colcon_core.environment:checking '/home/robmoemac/M-LADIS-Jerry/ws_sensor_combined/install/livox_ros_driver/bin'
[6.455s] Level 1:colcon.colcon_core.environment:checking '/home/robmoemac/M-LADIS-Jerry/ws_sensor_combined/install/livox_ros_driver/lib/pkgconfig/livox_ros_driver.pc'
[6.456s] Level 1:colcon.colcon_core.environment:checking '/home/robmoemac/M-LADIS-Jerry/ws_sensor_combined/install/livox_ros_driver/lib/python3.10/site-packages'
[6.456s] Level 1:colcon.colcon_core.environment:checking '/home/robmoemac/M-LADIS-Jerry/ws_sensor_combined/install/livox_ros_driver/bin'
[6.456s] INFO:colcon.colcon_core.shell:Creating package script '/home/robmoemac/M-LADIS-Jerry/ws_sensor_combined/install/livox_ros_driver/share/livox_ros_driver/package.ps1'
[6.457s] INFO:colcon.colcon_core.shell:Creating package descriptor '/home/robmoemac/M-LADIS-Jerry/ws_sensor_combined/install/livox_ros_driver/share/livox_ros_driver/package.dsv'
[6.457s] INFO:colcon.colcon_core.shell:Creating package script '/home/robmoemac/M-LADIS-Jerry/ws_sensor_combined/install/livox_ros_driver/share/livox_ros_driver/package.sh'
[6.458s] INFO:colcon.colcon_core.shell:Creating package script '/home/robmoemac/M-LADIS-Jerry/ws_sensor_combined/install/livox_ros_driver/share/livox_ros_driver/package.bash'
[6.458s] INFO:colcon.colcon_core.shell:Creating package script '/home/robmoemac/M-LADIS-Jerry/ws_sensor_combined/install/livox_ros_driver/share/livox_ros_driver/package.zsh'
[6.459s] Level 1:colcon.colcon_core.environment:create_file_with_runtime_dependencies(/home/robmoemac/M-LADIS-Jerry/ws_sensor_combined/install/livox_ros_driver/share/colcon-core/packages/livox_ros_driver)
[6.459s] INFO:colcon.colcon_ros.task.ament_cmake.build:Building ROS package in '/home/robmoemac/M-LADIS-Jerry/ws_sensor_combined/src/slam/ros2_wrapping/lidar_conversions' with build type 'ament_cmake'
[6.459s] INFO:colcon.colcon_cmake.task.cmake.build:Building CMake package in '/home/robmoemac/M-LADIS-Jerry/ws_sensor_combined/src/slam/ros2_wrapping/lidar_conversions'
[6.460s] INFO:colcon.colcon_core.shell:Skip shell extension 'powershell' for command environment: Not usable outside of PowerShell
[6.460s] DEBUG:colcon.colcon_core.shell:Skip shell extension 'dsv' for command environment
[6.468s] DEBUG:colcon.colcon_core.event_handler.log_command:Invoking command in '/home/robmoemac/M-LADIS-Jerry/ws_sensor_combined/build/lidar_conversions': AMENT_PREFIX_PATH=/home/robmoemac/M-LADIS-Jerry/ws_sensor_combined/install/livox_ros_driver:${AMENT_PREFIX_PATH} CMAKE_PREFIX_PATH=/home/robmoemac/M-LADIS-Jerry/ws_sensor_combined/install/livox_ros_driver:/home/robmoemac/M-LADIS-Jerry/ws_sensor_combined/install/px4_ros_com:/home/robmoemac/M-LADIS-Jerry/ws_sensor_combined/install/px4_msgs:/home/robmoemac/M-LADIS-Jerry/ws_sensor_combined/install/nearest_poster_yaw:/home/robmoemac/M-LADIS-Jerry/ws_sensor_combined/install/localization:/home/robmoemac/M-LADIS-Jerry/ws_sensor_combined/install/classifier:/opt/ros/humble LD_LIBRARY_PATH=/home/robmoemac/M-LADIS-Jerry/ws_sensor_combined/install/livox_ros_driver/lib:${LD_LIBRARY_PATH} PYTHONPATH=/home/robmoemac/M-LADIS-Jerry/ws_sensor_combined/install/livox_ros_driver/local/lib/python3.10/dist-packages:${PYTHONPATH} /usr/bin/cmake /home/robmoemac/M-LADIS-Jerry/ws_sensor_combined/src/slam/ros2_wrapping/lidar_conversions -DCMAKE_BUILD_TYPE=Release -DCMAKE_INSTALL_PREFIX=/home/robmoemac/M-LADIS-Jerry/ws_sensor_combined/install/lidar_conversions
[11.204s] DEBUG:colcon.colcon_core.event_handler.log_command:Invoked command in '/home/robmoemac/M-LADIS-Jerry/ws_sensor_combined/build/lidar_conversions' returned '0': AMENT_PREFIX_PATH=/home/robmoemac/M-LADIS-Jerry/ws_sensor_combined/install/livox_ros_driver:${AMENT_PREFIX_PATH} CMAKE_PREFIX_PATH=/home/robmoemac/M-LADIS-Jerry/ws_sensor_combined/install/livox_ros_driver:/home/robmoemac/M-LADIS-Jerry/ws_sensor_combined/install/px4_ros_com:/home/robmoemac/M-LADIS-Jerry/ws_sensor_combined/install/px4_msgs:/home/robmoemac/M-LADIS-Jerry/ws_sensor_combined/install/nearest_poster_yaw:/home/robmoemac/M-LADIS-Jerry/ws_sensor_combined/install/localization:/home/robmoemac/M-LADIS-Jerry/ws_sensor_combined/install/classifier:/opt/ros/humble LD_LIBRARY_PATH=/home/robmoemac/M-LADIS-Jerry/ws_sensor_combined/install/livox_ros_driver/lib:${LD_LIBRARY_PATH} PYTHONPATH=/home/robmoemac/M-LADIS-Jerry/ws_sensor_combined/install/livox_ros_driver/local/lib/python3.10/dist-packages:${PYTHONPATH} /usr/bin/cmake /home/robmoemac/M-LADIS-Jerry/ws_sensor_combined/src/slam/ros2_wrapping/lidar_conversions -DCMAKE_BUILD_TYPE=Release -DCMAKE_INSTALL_PREFIX=/home/robmoemac/M-LADIS-Jerry/ws_sensor_combined/install/lidar_conversions
[11.206s] DEBUG:colcon.colcon_core.event_handler.log_command:Invoking command in '/home/robmoemac/M-LADIS-Jerry/ws_sensor_combined/build/lidar_conversions': AMENT_PREFIX_PATH=/home/robmoemac/M-LADIS-Jerry/ws_sensor_combined/install/livox_ros_driver:${AMENT_PREFIX_PATH} CMAKE_PREFIX_PATH=/home/robmoemac/M-LADIS-Jerry/ws_sensor_combined/install/livox_ros_driver:/home/robmoemac/M-LADIS-Jerry/ws_sensor_combined/install/px4_ros_com:/home/robmoemac/M-LADIS-Jerry/ws_sensor_combined/install/px4_msgs:/home/robmoemac/M-LADIS-Jerry/ws_sensor_combined/install/nearest_poster_yaw:/home/robmoemac/M-LADIS-Jerry/ws_sensor_combined/install/localization:/home/robmoemac/M-LADIS-Jerry/ws_sensor_combined/install/classifier:/opt/ros/humble LD_LIBRARY_PATH=/home/robmoemac/M-LADIS-Jerry/ws_sensor_combined/install/livox_ros_driver/lib:${LD_LIBRARY_PATH} PYTHONPATH=/home/robmoemac/M-LADIS-Jerry/ws_sensor_combined/install/livox_ros_driver/local/lib/python3.10/dist-packages:${PYTHONPATH} /usr/bin/cmake --build /home/robmoemac/M-LADIS-Jerry/ws_sensor_combined/build/lidar_conversions -- -j8 -l8
[13.500s] DEBUG:colcon.colcon_parallel_executor.executor.parallel:run_until_complete was interrupted
[13.500s] DEBUG:colcon.colcon_parallel_executor.executor.parallel:run_until_complete again
[13.518s] DEBUG:colcon.colcon_core.event_handler.log_command:Invoked command in '/home/robmoemac/M-LADIS-Jerry/ws_sensor_combined/build/lidar_conversions' returned '-2': AMENT_PREFIX_PATH=/home/robmoemac/M-LADIS-Jerry/ws_sensor_combined/install/livox_ros_driver:${AMENT_PREFIX_PATH} CMAKE_PREFIX_PATH=/home/robmoemac/M-LADIS-Jerry/ws_sensor_combined/install/livox_ros_driver:/home/robmoemac/M-LADIS-Jerry/ws_sensor_combined/install/px4_ros_com:/home/robmoemac/M-LADIS-Jerry/ws_sensor_combined/install/px4_msgs:/home/robmoemac/M-LADIS-Jerry/ws_sensor_combined/install/nearest_poster_yaw:/home/robmoemac/M-LADIS-Jerry/ws_sensor_combined/install/localization:/home/robmoemac/M-LADIS-Jerry/ws_sensor_combined/install/classifier:/opt/ros/humble LD_LIBRARY_PATH=/home/robmoemac/M-LADIS-Jerry/ws_sensor_combined/install/livox_ros_driver/lib:${LD_LIBRARY_PATH} PYTHONPATH=/home/robmoemac/M-LADIS-Jerry/ws_sensor_combined/install/livox_ros_driver/local/lib/python3.10/dist-packages:${PYTHONPATH} /usr/bin/cmake --build /home/robmoemac/M-LADIS-Jerry/ws_sensor_combined/build/lidar_conversions -- -j8 -l8
[13.595s] Level 1:colcon.colcon_core.environment:create_environment_scripts_only(lidar_conversions)
[13.595s] Level 1:colcon.colcon_core.environment:checking '/home/robmoemac/M-LADIS-Jerry/ws_sensor_combined/install/lidar_conversions' for CMake module files
[13.595s] Level 1:colcon.colcon_core.environment:checking '/home/robmoemac/M-LADIS-Jerry/ws_sensor_combined/install/lidar_conversions' for CMake config files
[13.595s] Level 1:colcon.colcon_core.environment:checking '/home/robmoemac/M-LADIS-Jerry/ws_sensor_combined/install/lidar_conversions/bin'
[13.595s] Level 1:colcon.colcon_core.environment:checking '/home/robmoemac/M-LADIS-Jerry/ws_sensor_combined/install/lidar_conversions/lib/pkgconfig/lidar_conversions.pc'
[13.596s] Level 1:colcon.colcon_core.environment:checking '/home/robmoemac/M-LADIS-Jerry/ws_sensor_combined/install/lidar_conversions/lib/python3.10/site-packages'
[13.596s] Level 1:colcon.colcon_core.environment:checking '/home/robmoemac/M-LADIS-Jerry/ws_sensor_combined/install/lidar_conversions/bin'
[13.596s] INFO:colcon.colcon_core.shell:Creating package script '/home/robmoemac/M-LADIS-Jerry/ws_sensor_combined/install/lidar_conversions/share/lidar_conversions/package.ps1'
[13.596s] INFO:colcon.colcon_core.shell:Creating package descriptor '/home/robmoemac/M-LADIS-Jerry/ws_sensor_combined/install/lidar_conversions/share/lidar_conversions/package.dsv'
[13.597s] INFO:colcon.colcon_core.shell:Creating package script '/home/robmoemac/M-LADIS-Jerry/ws_sensor_combined/install/lidar_conversions/share/lidar_conversions/package.sh'
[13.597s] INFO:colcon.colcon_core.shell:Creating package script '/home/robmoemac/M-LADIS-Jerry/ws_sensor_combined/install/lidar_conversions/share/lidar_conversions/package.bash'
[13.597s] INFO:colcon.colcon_core.shell:Creating package script '/home/robmoemac/M-LADIS-Jerry/ws_sensor_combined/install/lidar_conversions/share/lidar_conversions/package.zsh'
[13.597s] Level 1:colcon.colcon_core.environment:create_file_with_runtime_dependencies(/home/robmoemac/M-LADIS-Jerry/ws_sensor_combined/install/lidar_conversions/share/colcon-core/packages/lidar_conversions)
[13.608s] DEBUG:colcon.colcon_parallel_executor.executor.parallel:run_until_complete finished
[13.608s] DEBUG:colcon.colcon_parallel_executor.executor.parallel:closing loop
[13.608s] DEBUG:colcon.colcon_parallel_executor.executor.parallel:loop closed
[13.608s] DEBUG:colcon.colcon_core.event_reactor:joining thread
[13.613s] INFO:colcon.colcon_core.plugin_system:Skipping extension 'colcon_notification.desktop_notification.terminal_notifier': Not used on non-Darwin systems
[13.613s] INFO:colcon.colcon_core.plugin_system:Skipping extension 'colcon_notification.desktop_notification.win32': Not used on non-Windows systems
[13.613s] INFO:colcon.colcon_notification.desktop_notification:Sending desktop notification using 'notify2'
[13.624s] DEBUG:colcon.colcon_core.event_reactor:joined thread
[13.625s] INFO:colcon.colcon_core.shell:Creating prefix script '/home/robmoemac/M-LADIS-Jerry/ws_sensor_combined/install/local_setup.ps1'
[13.626s] INFO:colcon.colcon_core.shell:Creating prefix util module '/home/robmoemac/M-LADIS-Jerry/ws_sensor_combined/install/_local_setup_util_ps1.py'
[13.628s] INFO:colcon.colcon_core.shell:Creating prefix chain script '/home/robmoemac/M-LADIS-Jerry/ws_sensor_combined/install/setup.ps1'
[13.630s] INFO:colcon.colcon_core.shell:Creating prefix script '/home/robmoemac/M-LADIS-Jerry/ws_sensor_combined/install/local_setup.sh'
[13.630s] INFO:colcon.colcon_core.shell:Creating prefix util module '/home/robmoemac/M-LADIS-Jerry/ws_sensor_combined/install/_local_setup_util_sh.py'
[13.631s] INFO:colcon.colcon_core.shell:Creating prefix chain script '/home/robmoemac/M-LADIS-Jerry/ws_sensor_combined/install/setup.sh'
[13.632s] INFO:colcon.colcon_core.shell:Creating prefix script '/home/robmoemac/M-LADIS-Jerry/ws_sensor_combined/install/local_setup.bash'
[13.633s] INFO:colcon.colcon_core.shell:Creating prefix chain script '/home/robmoemac/M-LADIS-Jerry/ws_sensor_combined/install/setup.bash'
[13.634s] INFO:colcon.colcon_core.shell:Creating prefix script '/home/robmoemac/M-LADIS-Jerry/ws_sensor_combined/install/local_setup.zsh'
[13.635s] INFO:colcon.colcon_core.shell:Creating prefix chain script '/home/robmoemac/M-LADIS-Jerry/ws_sensor_combined/install/setup.zsh'
