[0.062s] Invoking command in '/home/dserbin/Documents/M-LADIS-sim/PX4 Aux/ws_sensor_combined/build/px4_msgs': CMAKE_PREFIX_PATH=${CMAKE_PREFIX_PATH}:/opt/ros/humble /usr/bin/cmake /home/dserbin/Documents/M-LADIS-sim/PX4 Aux/ws_sensor_combined/src/px4_msgs -DCMAKE_INSTALL_PREFIX=/home/dserbin/Documents/M-LADIS-sim/PX4 Aux/ws_sensor_combined/install/px4_msgs
[0.072s] -- Found ament_cmake: 1.3.6 (/opt/ros/humble/share/ament_cmake/cmake)
[0.178s] -- Found builtin_interfaces: 1.2.1 (/opt/ros/humble/share/builtin_interfaces/cmake)
[0.197s] -- Found rosidl_generator_c: 3.1.5 (/opt/ros/humble/share/rosidl_generator_c/cmake)
[0.199s] -- Found rosidl_adapter: 3.1.5 (/opt/ros/humble/share/rosidl_adapter/cmake)
[0.203s] -- Found rosidl_generator_cpp: 3.1.5 (/opt/ros/humble/share/rosidl_generator_cpp/cmake)
[0.211s] -- Using all available rosidl_typesupport_c: rosidl_typesupport_fastrtps_c;rosidl_typesupport_introspection_c
[0.221s] -- Using all available rosidl_typesupport_cpp: rosidl_typesupport_fastrtps_cpp;rosidl_typesupport_introspection_cpp
[0.232s] -- Found rosidl_default_generators: 1.2.0 (/opt/ros/humble/share/rosidl_default_generators/cmake)
[0.651s] [31mCMake Error at /opt/ros/humble/share/rosidl_adapter/cmake/rosidl_adapt_interfaces.cmake:59 (message):
[0.651s]   execute_process(/usr/bin/python3.10 -m rosidl_adapter --package-name
[0.651s]   px4_msgs --arguments-file /home/dserbin/Documents/M-LADIS-sim/PX4
[0.651s]   Aux/ws_sensor_combined/build/px4_msgs/rosidl_adapter__arguments__px4_msgs.json
[0.651s]   --output-dir /home/dserbin/Documents/M-LADIS-sim/PX4
[0.651s]   Aux/ws_sensor_combined/build/px4_msgs/rosidl_adapter/px4_msgs --output-file
[0.651s]   /home/dserbin/Documents/M-LADIS-sim/PX4
[0.651s]   Aux/ws_sensor_combined/build/px4_msgs/rosidl_adapter/px4_msgs.idls)
[0.651s]   returned error code 1:
[0.651s] 
[0.651s]   Error processing 'float x' of 'px4_msgs/FlightTrajectoryWaypoint': ''float'
[0.651s]   is an invalid message name.  It should have the pattern
[0.651s]   '^[A-Z][A-Za-z0-9]*$''
[0.651s] 
[0.652s]   Traceback (most recent call last):
[0.652s] 
[0.652s]     File "/usr/lib/python3.10/runpy.py", line 196, in _run_module_as_main
[0.652s]       return _run_code(code, main_globals, None,
[0.652s]     File "/usr/lib/python3.10/runpy.py", line 86, in _run_code
[0.652s]       exec(code, run_globals)
[0.652s]     File "/opt/ros/humble/local/lib/python3.10/dist-packages/rosidl_adapter/__main__.py", line 19, in <module>
[0.652s]       sys.exit(main())
[0.652s]     File "/opt/ros/humble/local/lib/python3.10/dist-packages/rosidl_adapter/main.py", line 53, in main
[0.652s]       abs_idl_file = convert_to_idl(
[0.652s]     File "/opt/ros/humble/local/lib/python3.10/dist-packages/rosidl_adapter/__init__.py", line 19, in convert_to_idl
[0.652s]       return convert_msg_to_idl(
[0.652s]     File "/opt/ros/humble/local/lib/python3.10/dist-packages/rosidl_adapter/msg/__init__.py", line 28, in convert_msg_to_idl
[0.652s]       msg = parse_message_string(package_name, input_file.stem, content)
[0.652s]     File "/opt/ros/humble/local/lib/python3.10/dist-packages/rosidl_adapter/parser.py", line 520, in parse_message_string
[0.652s]       Type(type_string, context_package_name=pkg_name),
[0.652s]     File "/opt/ros/humble/local/lib/python3.10/dist-packages/rosidl_adapter/parser.py", line 277, in __init__
[0.652s]       super(Type, self).__init__(
[0.652s]     File "/opt/ros/humble/local/lib/python3.10/dist-packages/rosidl_adapter/parser.py", line 205, in __init__
[0.652s]       raise InvalidResourceName(
[0.652s] 
[0.652s]   rosidl_adapter.parser.InvalidResourceName: 'float' is an invalid message
[0.652s]   name.  It should have the pattern '^[A-Z][A-Za-z0-9]*$'
[0.653s] 
[0.653s] Call Stack (most recent call first):
[0.653s]   /opt/ros/humble/share/rosidl_cmake/cmake/rosidl_generate_interfaces.cmake:130 (rosidl_adapt_interfaces)
[0.653s]   CMakeLists.txt:28 (rosidl_generate_interfaces)
[0.653s] 
[0.653s] [0m
[0.653s] -- Configuring incomplete, errors occurred!
[0.653s] See also "/home/dserbin/Documents/M-LADIS-sim/PX4 Aux/ws_sensor_combined/build/px4_msgs/CMakeFiles/CMakeOutput.log".
[0.657s] Invoked command in '/home/dserbin/Documents/M-LADIS-sim/PX4 Aux/ws_sensor_combined/build/px4_msgs' returned '1': CMAKE_PREFIX_PATH=${CMAKE_PREFIX_PATH}:/opt/ros/humble /usr/bin/cmake /home/dserbin/Documents/M-LADIS-sim/PX4 Aux/ws_sensor_combined/src/px4_msgs -DCMAKE_INSTALL_PREFIX=/home/dserbin/Documents/M-LADIS-sim/PX4 Aux/ws_sensor_combined/install/px4_msgs
