[0.932s] DEBUG:colcon:Command line arguments: ['/usr/bin/colcon', 'build']
[0.932s] DEBUG:colcon:Parsed command line arguments: Namespace(log_base=None, log_level=None, verb_name='build', build_base='build', install_base='install', merge_install=False, symlink_install=False, test_result_base=None, continue_on_error=False, executor='parallel', parallel_workers=16, event_handlers=None, ignore_user_meta=False, metas=['./colcon.meta'], base_paths=['.'], packages_ignore=None, packages_ignore_regex=None, paths=None, packages_up_to=None, packages_up_to_regex=None, packages_above=None, packages_above_and_dependencies=None, packages_above_depth=None, packages_select_by_dep=None, packages_skip_by_dep=None, packages_skip_up_to=None, packages_select_build_failed=False, packages_skip_build_finished=False, packages_select_test_failures=False, packages_skip_test_passed=False, packages_select=None, packages_skip=None, packages_select_regex=None, packages_skip_regex=None, packages_start=None, packages_end=None, allow_overriding=[], cmake_args=None, cmake_target=None, cmake_target_skip_unavailable=False, cmake_clean_cache=False, cmake_clean_first=False, cmake_force_configure=False, ament_cmake_args=None, catkin_cmake_args=None, catkin_skip_building_tests=False, verb_parser=<colcon_defaults.argument_parser.defaults.DefaultArgumentsDecorator object at 0x7fb91e7eab30>, verb_extension=<colcon_core.verb.build.BuildVerb object at 0x7fb91ecd7ca0>, main=<bound method BuildVerb.main of <colcon_core.verb.build.BuildVerb object at 0x7fb91ecd7ca0>>)
[0.984s] Level 1:colcon.colcon_core.package_discovery:discover_packages(colcon_meta) check parameters
[0.984s] Level 1:colcon.colcon_core.package_discovery:discover_packages(recursive) check parameters
[0.984s] Level 1:colcon.colcon_core.package_discovery:discover_packages(ignore) check parameters
[0.984s] Level 1:colcon.colcon_core.package_discovery:discover_packages(path) check parameters
[0.984s] Level 1:colcon.colcon_core.package_discovery:discover_packages(colcon_meta) discover
[0.984s] Level 1:colcon.colcon_core.package_discovery:discover_packages(recursive) discover
[0.984s] INFO:colcon.colcon_core.package_discovery:Crawling recursively for packages in '/home/dserbin/ws_sensor_combined'
[0.984s] Level 1:colcon.colcon_core.package_identification:_identify(.) by extensions ['ignore', 'ignore_ament_install']
[0.984s] Level 1:colcon.colcon_core.package_identification:_identify(.) by extension 'ignore'
[0.984s] Level 1:colcon.colcon_core.package_identification:_identify(.) by extension 'ignore_ament_install'
[0.984s] Level 1:colcon.colcon_core.package_identification:_identify(.) by extensions ['colcon_pkg']
[0.984s] Level 1:colcon.colcon_core.package_identification:_identify(.) by extension 'colcon_pkg'
[0.984s] Level 1:colcon.colcon_core.package_identification:_identify(.) by extensions ['colcon_meta']
[0.984s] Level 1:colcon.colcon_core.package_identification:_identify(.) by extension 'colcon_meta'
[0.984s] Level 1:colcon.colcon_core.package_identification:_identify(.) by extensions ['ros']
[0.984s] Level 1:colcon.colcon_core.package_identification:_identify(.) by extension 'ros'
[0.995s] Level 1:colcon.colcon_core.package_identification:_identify(.) by extensions ['cmake', 'python']
[0.995s] Level 1:colcon.colcon_core.package_identification:_identify(.) by extension 'cmake'
[0.996s] Level 1:colcon.colcon_core.package_identification:_identify(.) by extension 'python'
[0.996s] Level 1:colcon.colcon_core.package_identification:_identify(.) by extensions ['python_setup_py']
[0.996s] Level 1:colcon.colcon_core.package_identification:_identify(.) by extension 'python_setup_py'
[0.996s] Level 1:colcon.colcon_core.package_identification:_identify(build) by extensions ['ignore', 'ignore_ament_install']
[0.996s] Level 1:colcon.colcon_core.package_identification:_identify(build) by extension 'ignore'
[0.996s] Level 1:colcon.colcon_core.package_identification:_identify(build) ignored
[0.996s] Level 1:colcon.colcon_core.package_identification:_identify(install) by extensions ['ignore', 'ignore_ament_install']
[0.996s] Level 1:colcon.colcon_core.package_identification:_identify(install) by extension 'ignore'
[0.996s] Level 1:colcon.colcon_core.package_identification:_identify(install) ignored
[0.996s] Level 1:colcon.colcon_core.package_identification:_identify(log) by extensions ['ignore', 'ignore_ament_install']
[0.996s] Level 1:colcon.colcon_core.package_identification:_identify(log) by extension 'ignore'
[0.996s] Level 1:colcon.colcon_core.package_identification:_identify(log) ignored
[0.996s] Level 1:colcon.colcon_core.package_identification:_identify(src) by extensions ['ignore', 'ignore_ament_install']
[0.996s] Level 1:colcon.colcon_core.package_identification:_identify(src) by extension 'ignore'
[0.996s] Level 1:colcon.colcon_core.package_identification:_identify(src) by extension 'ignore_ament_install'
[0.997s] Level 1:colcon.colcon_core.package_identification:_identify(src) by extensions ['colcon_pkg']
[0.997s] Level 1:colcon.colcon_core.package_identification:_identify(src) by extension 'colcon_pkg'
[0.997s] Level 1:colcon.colcon_core.package_identification:_identify(src) by extensions ['colcon_meta']
[0.997s] Level 1:colcon.colcon_core.package_identification:_identify(src) by extension 'colcon_meta'
[0.997s] Level 1:colcon.colcon_core.package_identification:_identify(src) by extensions ['ros']
[0.997s] Level 1:colcon.colcon_core.package_identification:_identify(src) by extension 'ros'
[0.997s] Level 1:colcon.colcon_core.package_identification:_identify(src) by extensions ['cmake', 'python']
[0.997s] Level 1:colcon.colcon_core.package_identification:_identify(src) by extension 'cmake'
[0.997s] Level 1:colcon.colcon_core.package_identification:_identify(src) by extension 'python'
[0.997s] Level 1:colcon.colcon_core.package_identification:_identify(src) by extensions ['python_setup_py']
[0.997s] Level 1:colcon.colcon_core.package_identification:_identify(src) by extension 'python_setup_py'
[0.997s] Level 1:colcon.colcon_core.package_identification:_identify(src/px4_msgs) by extensions ['ignore', 'ignore_ament_install']
[0.997s] Level 1:colcon.colcon_core.package_identification:_identify(src/px4_msgs) by extension 'ignore'
[0.997s] Level 1:colcon.colcon_core.package_identification:_identify(src/px4_msgs) by extension 'ignore_ament_install'
[0.997s] Level 1:colcon.colcon_core.package_identification:_identify(src/px4_msgs) by extensions ['colcon_pkg']
[0.997s] Level 1:colcon.colcon_core.package_identification:_identify(src/px4_msgs) by extension 'colcon_pkg'
[0.997s] Level 1:colcon.colcon_core.package_identification:_identify(src/px4_msgs) by extensions ['colcon_meta']
[0.997s] Level 1:colcon.colcon_core.package_identification:_identify(src/px4_msgs) by extension 'colcon_meta'
[0.997s] Level 1:colcon.colcon_core.package_identification:_identify(src/px4_msgs) by extensions ['ros']
[0.997s] Level 1:colcon.colcon_core.package_identification:_identify(src/px4_msgs) by extension 'ros'
[0.999s] DEBUG:colcon.colcon_core.package_identification:Package 'src/px4_msgs' with type 'ros.ament_cmake' and name 'px4_msgs'
[0.999s] Level 1:colcon.colcon_core.package_identification:_identify(src/px4_ros_com) by extensions ['ignore', 'ignore_ament_install']
[0.999s] Level 1:colcon.colcon_core.package_identification:_identify(src/px4_ros_com) by extension 'ignore'
[0.999s] Level 1:colcon.colcon_core.package_identification:_identify(src/px4_ros_com) by extension 'ignore_ament_install'
[0.999s] Level 1:colcon.colcon_core.package_identification:_identify(src/px4_ros_com) by extensions ['colcon_pkg']
[0.999s] Level 1:colcon.colcon_core.package_identification:_identify(src/px4_ros_com) by extension 'colcon_pkg'
[0.999s] Level 1:colcon.colcon_core.package_identification:_identify(src/px4_ros_com) by extensions ['colcon_meta']
[0.999s] Level 1:colcon.colcon_core.package_identification:_identify(src/px4_ros_com) by extension 'colcon_meta'
[1.000s] Level 1:colcon.colcon_core.package_identification:_identify(src/px4_ros_com) by extensions ['ros']
[1.000s] Level 1:colcon.colcon_core.package_identification:_identify(src/px4_ros_com) by extension 'ros'
[1.000s] DEBUG:colcon.colcon_core.package_identification:Package 'src/px4_ros_com' with type 'ros.ament_cmake' and name 'px4_ros_com'
[1.001s] Level 1:colcon.colcon_core.package_discovery:discover_packages(recursive) using defaults
[1.001s] Level 1:colcon.colcon_core.package_discovery:discover_packages(ignore) discover
[1.001s] Level 1:colcon.colcon_core.package_discovery:discover_packages(ignore) using defaults
[1.001s] Level 1:colcon.colcon_core.package_discovery:discover_packages(path) discover
[1.001s] Level 1:colcon.colcon_core.package_discovery:discover_packages(path) using defaults
[1.090s] Level 1:colcon.colcon_core.package_discovery:discover_packages(prefix_path) check parameters
[1.090s] Level 1:colcon.colcon_core.package_discovery:discover_packages(prefix_path) discover
[1.120s] DEBUG:colcon.colcon_installed_package_information.package_discovery:Found 2 installed packages in /home/dserbin/ws_sensor_combined/install
[1.135s] DEBUG:colcon.colcon_installed_package_information.package_discovery:Found 303 installed packages in /opt/ros/humble
[1.136s] Level 1:colcon.colcon_core.package_discovery:discover_packages(prefix_path) using defaults
[1.208s] Level 5:colcon.colcon_core.verb:set package 'px4_msgs' build argument 'cmake_args' from command line to 'None'
[1.208s] Level 5:colcon.colcon_core.verb:set package 'px4_msgs' build argument 'cmake_target' from command line to 'None'
[1.208s] Level 5:colcon.colcon_core.verb:set package 'px4_msgs' build argument 'cmake_target_skip_unavailable' from command line to 'False'
[1.208s] Level 5:colcon.colcon_core.verb:set package 'px4_msgs' build argument 'cmake_clean_cache' from command line to 'False'
[1.208s] Level 5:colcon.colcon_core.verb:set package 'px4_msgs' build argument 'cmake_clean_first' from command line to 'False'
[1.208s] Level 5:colcon.colcon_core.verb:set package 'px4_msgs' build argument 'cmake_force_configure' from command line to 'False'
[1.208s] Level 5:colcon.colcon_core.verb:set package 'px4_msgs' build argument 'ament_cmake_args' from command line to 'None'
[1.208s] Level 5:colcon.colcon_core.verb:set package 'px4_msgs' build argument 'catkin_cmake_args' from command line to 'None'
[1.208s] Level 5:colcon.colcon_core.verb:set package 'px4_msgs' build argument 'catkin_skip_building_tests' from command line to 'False'
[1.208s] DEBUG:colcon.colcon_core.verb:Building package 'px4_msgs' with the following arguments: {'ament_cmake_args': None, 'build_base': '/home/dserbin/ws_sensor_combined/build/px4_msgs', 'catkin_cmake_args': None, 'catkin_skip_building_tests': False, 'cmake_args': None, 'cmake_clean_cache': False, 'cmake_clean_first': False, 'cmake_force_configure': False, 'cmake_target': None, 'cmake_target_skip_unavailable': False, 'install_base': '/home/dserbin/ws_sensor_combined/install/px4_msgs', 'merge_install': False, 'path': '/home/dserbin/ws_sensor_combined/src/px4_msgs', 'symlink_install': False, 'test_result_base': None}
[1.222s] Level 5:colcon.colcon_core.verb:set package 'px4_ros_com' build argument 'cmake_args' from command line to 'None'
[1.222s] Level 5:colcon.colcon_core.verb:set package 'px4_ros_com' build argument 'cmake_target' from command line to 'None'
[1.222s] Level 5:colcon.colcon_core.verb:set package 'px4_ros_com' build argument 'cmake_target_skip_unavailable' from command line to 'False'
[1.223s] Level 5:colcon.colcon_core.verb:set package 'px4_ros_com' build argument 'cmake_clean_cache' from command line to 'False'
[1.223s] Level 5:colcon.colcon_core.verb:set package 'px4_ros_com' build argument 'cmake_clean_first' from command line to 'False'
[1.223s] Level 5:colcon.colcon_core.verb:set package 'px4_ros_com' build argument 'cmake_force_configure' from command line to 'False'
[1.223s] Level 5:colcon.colcon_core.verb:set package 'px4_ros_com' build argument 'ament_cmake_args' from command line to 'None'
[1.223s] Level 5:colcon.colcon_core.verb:set package 'px4_ros_com' build argument 'catkin_cmake_args' from command line to 'None'
[1.223s] Level 5:colcon.colcon_core.verb:set package 'px4_ros_com' build argument 'catkin_skip_building_tests' from command line to 'False'
[1.223s] DEBUG:colcon.colcon_core.verb:Building package 'px4_ros_com' with the following arguments: {'ament_cmake_args': None, 'build_base': '/home/dserbin/ws_sensor_combined/build/px4_ros_com', 'catkin_cmake_args': None, 'catkin_skip_building_tests': False, 'cmake_args': None, 'cmake_clean_cache': False, 'cmake_clean_first': False, 'cmake_force_configure': False, 'cmake_target': None, 'cmake_target_skip_unavailable': False, 'install_base': '/home/dserbin/ws_sensor_combined/install/px4_ros_com', 'merge_install': False, 'path': '/home/dserbin/ws_sensor_combined/src/px4_ros_com', 'symlink_install': False, 'test_result_base': None}
[1.237s] INFO:colcon.colcon_core.executor:Executing jobs using 'parallel' executor
[1.260s] DEBUG:colcon.colcon_parallel_executor.executor.parallel:run_until_complete
[1.260s] INFO:colcon.colcon_ros.task.ament_cmake.build:Building ROS package in '/home/dserbin/ws_sensor_combined/src/px4_msgs' with build type 'ament_cmake'
[1.260s] INFO:colcon.colcon_cmake.task.cmake.build:Building CMake package in '/home/dserbin/ws_sensor_combined/src/px4_msgs'
[1.276s] INFO:colcon.colcon_core.plugin_system:Skipping extension 'colcon_core.shell.bat': Not used on non-Windows systems
[1.276s] INFO:colcon.colcon_core.shell:Skip shell extension 'powershell' for command environment: Not usable outside of PowerShell
[1.276s] DEBUG:colcon.colcon_core.shell:Skip shell extension 'dsv' for command environment
[1.328s] DEBUG:colcon.colcon_core.event_handler.log_command:Invoking command in '/home/dserbin/ws_sensor_combined/build/px4_msgs': CMAKE_PREFIX_PATH=${CMAKE_PREFIX_PATH}:/opt/ros/humble /usr/bin/cmake --build /home/dserbin/ws_sensor_combined/build/px4_msgs -- -j16 -l16
[2.037s] DEBUG:colcon.colcon_core.event_handler.log_command:Invoked command in '/home/dserbin/ws_sensor_combined/build/px4_msgs' returned '0': CMAKE_PREFIX_PATH=${CMAKE_PREFIX_PATH}:/opt/ros/humble /usr/bin/cmake --build /home/dserbin/ws_sensor_combined/build/px4_msgs -- -j16 -l16
[6.238s] DEBUG:colcon.colcon_core.event_handler.log_command:Invoking command in '/home/dserbin/ws_sensor_combined/build/px4_msgs': CMAKE_PREFIX_PATH=${CMAKE_PREFIX_PATH}:/opt/ros/humble /usr/bin/cmake --install /home/dserbin/ws_sensor_combined/build/px4_msgs
[6.522s] Level 1:colcon.colcon_core.environment:create_environment_scripts_only(px4_msgs)
[6.522s] DEBUG:colcon.colcon_core.event_handler.log_command:Invoked command in '/home/dserbin/ws_sensor_combined/build/px4_msgs' returned '0': CMAKE_PREFIX_PATH=${CMAKE_PREFIX_PATH}:/opt/ros/humble /usr/bin/cmake --install /home/dserbin/ws_sensor_combined/build/px4_msgs
[6.537s] Level 1:colcon.colcon_core.environment:checking '/home/dserbin/ws_sensor_combined/install/px4_msgs' for CMake module files
[6.537s] Level 1:colcon.colcon_core.environment:checking '/home/dserbin/ws_sensor_combined/install/px4_msgs' for CMake config files
[6.541s] Level 1:colcon.colcon_core.shell:create_environment_hook('px4_msgs', 'cmake_prefix_path')
[6.557s] INFO:colcon.colcon_core.shell:Creating environment hook '/home/dserbin/ws_sensor_combined/install/px4_msgs/share/px4_msgs/hook/cmake_prefix_path.ps1'
[6.558s] INFO:colcon.colcon_core.shell:Creating environment descriptor '/home/dserbin/ws_sensor_combined/install/px4_msgs/share/px4_msgs/hook/cmake_prefix_path.dsv'
[6.558s] INFO:colcon.colcon_core.shell:Creating environment hook '/home/dserbin/ws_sensor_combined/install/px4_msgs/share/px4_msgs/hook/cmake_prefix_path.sh'
[6.559s] Level 1:colcon.colcon_core.environment:checking '/home/dserbin/ws_sensor_combined/install/px4_msgs/lib'
[6.559s] Level 1:colcon.colcon_core.shell:create_environment_hook('px4_msgs', 'ld_library_path_lib')
[6.576s] INFO:colcon.colcon_core.shell:Creating environment hook '/home/dserbin/ws_sensor_combined/install/px4_msgs/share/px4_msgs/hook/ld_library_path_lib.ps1'
[6.576s] INFO:colcon.colcon_core.shell:Creating environment descriptor '/home/dserbin/ws_sensor_combined/install/px4_msgs/share/px4_msgs/hook/ld_library_path_lib.dsv'
[6.576s] INFO:colcon.colcon_core.shell:Creating environment hook '/home/dserbin/ws_sensor_combined/install/px4_msgs/share/px4_msgs/hook/ld_library_path_lib.sh'
[6.577s] Level 1:colcon.colcon_core.environment:checking '/home/dserbin/ws_sensor_combined/install/px4_msgs/bin'
[6.577s] Level 1:colcon.colcon_core.environment:checking '/home/dserbin/ws_sensor_combined/install/px4_msgs/lib/pkgconfig/px4_msgs.pc'
[6.577s] Level 1:colcon.colcon_core.environment:checking '/home/dserbin/ws_sensor_combined/install/px4_msgs/lib/python3.10/site-packages'
[6.577s] Level 1:colcon.colcon_core.environment:checking '/home/dserbin/ws_sensor_combined/install/px4_msgs/bin'
[6.593s] INFO:colcon.colcon_core.shell:Creating package script '/home/dserbin/ws_sensor_combined/install/px4_msgs/share/px4_msgs/package.ps1'
[6.594s] INFO:colcon.colcon_core.shell:Creating package descriptor '/home/dserbin/ws_sensor_combined/install/px4_msgs/share/px4_msgs/package.dsv'
[6.594s] INFO:colcon.colcon_core.shell:Creating package script '/home/dserbin/ws_sensor_combined/install/px4_msgs/share/px4_msgs/package.sh'
[6.595s] INFO:colcon.colcon_core.shell:Creating package script '/home/dserbin/ws_sensor_combined/install/px4_msgs/share/px4_msgs/package.bash'
[6.595s] INFO:colcon.colcon_core.shell:Creating package script '/home/dserbin/ws_sensor_combined/install/px4_msgs/share/px4_msgs/package.zsh'
[6.596s] Level 1:colcon.colcon_core.environment:create_file_with_runtime_dependencies(/home/dserbin/ws_sensor_combined/install/px4_msgs/share/colcon-core/packages/px4_msgs)
[10.805s] Level 1:colcon.colcon_core.environment:create_environment_scripts_only(px4_msgs)
[10.819s] Level 1:colcon.colcon_core.environment:checking '/home/dserbin/ws_sensor_combined/install/px4_msgs' for CMake module files
[10.819s] Level 1:colcon.colcon_core.environment:checking '/home/dserbin/ws_sensor_combined/install/px4_msgs' for CMake config files
[10.823s] Level 1:colcon.colcon_core.shell:create_environment_hook('px4_msgs', 'cmake_prefix_path')
[10.836s] INFO:colcon.colcon_core.shell:Creating environment hook '/home/dserbin/ws_sensor_combined/install/px4_msgs/share/px4_msgs/hook/cmake_prefix_path.ps1'
[10.837s] INFO:colcon.colcon_core.shell:Creating environment descriptor '/home/dserbin/ws_sensor_combined/install/px4_msgs/share/px4_msgs/hook/cmake_prefix_path.dsv'
[10.837s] INFO:colcon.colcon_core.shell:Creating environment hook '/home/dserbin/ws_sensor_combined/install/px4_msgs/share/px4_msgs/hook/cmake_prefix_path.sh'
[10.837s] Level 1:colcon.colcon_core.environment:checking '/home/dserbin/ws_sensor_combined/install/px4_msgs/lib'
[10.838s] Level 1:colcon.colcon_core.shell:create_environment_hook('px4_msgs', 'ld_library_path_lib')
[10.852s] INFO:colcon.colcon_core.shell:Creating environment hook '/home/dserbin/ws_sensor_combined/install/px4_msgs/share/px4_msgs/hook/ld_library_path_lib.ps1'
[10.852s] INFO:colcon.colcon_core.shell:Creating environment descriptor '/home/dserbin/ws_sensor_combined/install/px4_msgs/share/px4_msgs/hook/ld_library_path_lib.dsv'
[10.853s] INFO:colcon.colcon_core.shell:Creating environment hook '/home/dserbin/ws_sensor_combined/install/px4_msgs/share/px4_msgs/hook/ld_library_path_lib.sh'
[10.853s] Level 1:colcon.colcon_core.environment:checking '/home/dserbin/ws_sensor_combined/install/px4_msgs/bin'
[10.853s] Level 1:colcon.colcon_core.environment:checking '/home/dserbin/ws_sensor_combined/install/px4_msgs/lib/pkgconfig/px4_msgs.pc'
[10.853s] Level 1:colcon.colcon_core.environment:checking '/home/dserbin/ws_sensor_combined/install/px4_msgs/lib/python3.10/site-packages'
[10.853s] Level 1:colcon.colcon_core.environment:checking '/home/dserbin/ws_sensor_combined/install/px4_msgs/bin'
[10.867s] INFO:colcon.colcon_core.shell:Creating package script '/home/dserbin/ws_sensor_combined/install/px4_msgs/share/px4_msgs/package.ps1'
[10.868s] INFO:colcon.colcon_core.shell:Creating package descriptor '/home/dserbin/ws_sensor_combined/install/px4_msgs/share/px4_msgs/package.dsv'
[10.868s] INFO:colcon.colcon_core.shell:Creating package script '/home/dserbin/ws_sensor_combined/install/px4_msgs/share/px4_msgs/package.sh'
[10.868s] INFO:colcon.colcon_core.shell:Creating package script '/home/dserbin/ws_sensor_combined/install/px4_msgs/share/px4_msgs/package.bash'
[10.869s] INFO:colcon.colcon_core.shell:Creating package script '/home/dserbin/ws_sensor_combined/install/px4_msgs/share/px4_msgs/package.zsh'
[10.869s] Level 1:colcon.colcon_core.environment:create_file_with_runtime_dependencies(/home/dserbin/ws_sensor_combined/install/px4_msgs/share/colcon-core/packages/px4_msgs)
[10.869s] INFO:colcon.colcon_ros.task.ament_cmake.build:Building ROS package in '/home/dserbin/ws_sensor_combined/src/px4_ros_com' with build type 'ament_cmake'
[10.870s] INFO:colcon.colcon_cmake.task.cmake.build:Building CMake package in '/home/dserbin/ws_sensor_combined/src/px4_ros_com'
[10.884s] INFO:colcon.colcon_core.shell:Skip shell extension 'powershell' for command environment: Not usable outside of PowerShell
[10.884s] DEBUG:colcon.colcon_core.shell:Skip shell extension 'dsv' for command environment
[10.936s] DEBUG:colcon.colcon_core.event_handler.log_command:Invoking command in '/home/dserbin/ws_sensor_combined/build/px4_ros_com': CMAKE_PREFIX_PATH=/home/dserbin/ws_sensor_combined/install/px4_msgs:/home/dserbin/ws_sensor_combined/install/px4_ros_com:/opt/ros/humble LD_LIBRARY_PATH=/home/dserbin/ws_sensor_combined/install/px4_msgs/lib:/home/dserbin/ws_sensor_combined/install/px4_ros_com/lib:/opt/ros/humble/opt/rviz_ogre_vendor/lib:/opt/ros/humble/lib/x86_64-linux-gnu:/opt/ros/humble/lib /usr/bin/cmake --build /home/dserbin/ws_sensor_combined/build/px4_ros_com -- -j16 -l16
[15.502s] DEBUG:colcon.colcon_core.event_handler.log_command:Invoked command in '/home/dserbin/ws_sensor_combined/build/px4_ros_com' returned '0': CMAKE_PREFIX_PATH=/home/dserbin/ws_sensor_combined/install/px4_msgs:/home/dserbin/ws_sensor_combined/install/px4_ros_com:/opt/ros/humble LD_LIBRARY_PATH=/home/dserbin/ws_sensor_combined/install/px4_msgs/lib:/home/dserbin/ws_sensor_combined/install/px4_ros_com/lib:/opt/ros/humble/opt/rviz_ogre_vendor/lib:/opt/ros/humble/lib/x86_64-linux-gnu:/opt/ros/humble/lib /usr/bin/cmake --build /home/dserbin/ws_sensor_combined/build/px4_ros_com -- -j16 -l16
[15.551s] DEBUG:colcon.colcon_core.event_handler.log_command:Invoking command in '/home/dserbin/ws_sensor_combined/build/px4_ros_com': CMAKE_PREFIX_PATH=/home/dserbin/ws_sensor_combined/install/px4_msgs:/home/dserbin/ws_sensor_combined/install/px4_ros_com:/opt/ros/humble LD_LIBRARY_PATH=/home/dserbin/ws_sensor_combined/install/px4_msgs/lib:/home/dserbin/ws_sensor_combined/install/px4_ros_com/lib:/opt/ros/humble/opt/rviz_ogre_vendor/lib:/opt/ros/humble/lib/x86_64-linux-gnu:/opt/ros/humble/lib /usr/bin/cmake --install /home/dserbin/ws_sensor_combined/build/px4_ros_com
[15.567s] Level 1:colcon.colcon_core.environment:create_environment_scripts_only(px4_ros_com)
[15.567s] DEBUG:colcon.colcon_core.event_handler.log_command:Invoked command in '/home/dserbin/ws_sensor_combined/build/px4_ros_com' returned '0': CMAKE_PREFIX_PATH=/home/dserbin/ws_sensor_combined/install/px4_msgs:/home/dserbin/ws_sensor_combined/install/px4_ros_com:/opt/ros/humble LD_LIBRARY_PATH=/home/dserbin/ws_sensor_combined/install/px4_msgs/lib:/home/dserbin/ws_sensor_combined/install/px4_ros_com/lib:/opt/ros/humble/opt/rviz_ogre_vendor/lib:/opt/ros/humble/lib/x86_64-linux-gnu:/opt/ros/humble/lib /usr/bin/cmake --install /home/dserbin/ws_sensor_combined/build/px4_ros_com
[15.583s] Level 1:colcon.colcon_core.environment:checking '/home/dserbin/ws_sensor_combined/install/px4_ros_com' for CMake module files
[15.584s] Level 1:colcon.colcon_core.environment:checking '/home/dserbin/ws_sensor_combined/install/px4_ros_com' for CMake config files
[15.584s] Level 1:colcon.colcon_core.shell:create_environment_hook('px4_ros_com', 'cmake_prefix_path')
[15.601s] INFO:colcon.colcon_core.shell:Creating environment hook '/home/dserbin/ws_sensor_combined/install/px4_ros_com/share/px4_ros_com/hook/cmake_prefix_path.ps1'
[15.602s] INFO:colcon.colcon_core.shell:Creating environment descriptor '/home/dserbin/ws_sensor_combined/install/px4_ros_com/share/px4_ros_com/hook/cmake_prefix_path.dsv'
[15.602s] INFO:colcon.colcon_core.shell:Creating environment hook '/home/dserbin/ws_sensor_combined/install/px4_ros_com/share/px4_ros_com/hook/cmake_prefix_path.sh'
[15.603s] Level 1:colcon.colcon_core.environment:checking '/home/dserbin/ws_sensor_combined/install/px4_ros_com/lib'
[15.603s] Level 1:colcon.colcon_core.shell:create_environment_hook('px4_ros_com', 'ld_library_path_lib')
[15.619s] INFO:colcon.colcon_core.shell:Creating environment hook '/home/dserbin/ws_sensor_combined/install/px4_ros_com/share/px4_ros_com/hook/ld_library_path_lib.ps1'
[15.620s] INFO:colcon.colcon_core.shell:Creating environment descriptor '/home/dserbin/ws_sensor_combined/install/px4_ros_com/share/px4_ros_com/hook/ld_library_path_lib.dsv'
[15.620s] INFO:colcon.colcon_core.shell:Creating environment hook '/home/dserbin/ws_sensor_combined/install/px4_ros_com/share/px4_ros_com/hook/ld_library_path_lib.sh'
[15.620s] Level 1:colcon.colcon_core.environment:checking '/home/dserbin/ws_sensor_combined/install/px4_ros_com/bin'
[15.621s] Level 1:colcon.colcon_core.environment:checking '/home/dserbin/ws_sensor_combined/install/px4_ros_com/lib/pkgconfig/px4_ros_com.pc'
[15.621s] Level 1:colcon.colcon_core.environment:checking '/home/dserbin/ws_sensor_combined/install/px4_ros_com/lib/python3.10/site-packages'
[15.621s] Level 1:colcon.colcon_core.environment:checking '/home/dserbin/ws_sensor_combined/install/px4_ros_com/bin'
[15.638s] INFO:colcon.colcon_core.shell:Creating package script '/home/dserbin/ws_sensor_combined/install/px4_ros_com/share/px4_ros_com/package.ps1'
[15.638s] INFO:colcon.colcon_core.shell:Creating package descriptor '/home/dserbin/ws_sensor_combined/install/px4_ros_com/share/px4_ros_com/package.dsv'
[15.639s] INFO:colcon.colcon_core.shell:Creating package script '/home/dserbin/ws_sensor_combined/install/px4_ros_com/share/px4_ros_com/package.sh'
[15.639s] INFO:colcon.colcon_core.shell:Creating package script '/home/dserbin/ws_sensor_combined/install/px4_ros_com/share/px4_ros_com/package.bash'
[15.640s] INFO:colcon.colcon_core.shell:Creating package script '/home/dserbin/ws_sensor_combined/install/px4_ros_com/share/px4_ros_com/package.zsh'
[15.640s] Level 1:colcon.colcon_core.environment:create_file_with_runtime_dependencies(/home/dserbin/ws_sensor_combined/install/px4_ros_com/share/colcon-core/packages/px4_ros_com)
[15.702s] Level 1:colcon.colcon_core.environment:create_environment_scripts_only(px4_ros_com)
[15.718s] Level 1:colcon.colcon_core.environment:checking '/home/dserbin/ws_sensor_combined/install/px4_ros_com' for CMake module files
[15.718s] Level 1:colcon.colcon_core.environment:checking '/home/dserbin/ws_sensor_combined/install/px4_ros_com' for CMake config files
[15.719s] Level 1:colcon.colcon_core.shell:create_environment_hook('px4_ros_com', 'cmake_prefix_path')
[15.736s] INFO:colcon.colcon_core.shell:Creating environment hook '/home/dserbin/ws_sensor_combined/install/px4_ros_com/share/px4_ros_com/hook/cmake_prefix_path.ps1'
[15.736s] INFO:colcon.colcon_core.shell:Creating environment descriptor '/home/dserbin/ws_sensor_combined/install/px4_ros_com/share/px4_ros_com/hook/cmake_prefix_path.dsv'
[15.736s] INFO:colcon.colcon_core.shell:Creating environment hook '/home/dserbin/ws_sensor_combined/install/px4_ros_com/share/px4_ros_com/hook/cmake_prefix_path.sh'
[15.737s] Level 1:colcon.colcon_core.environment:checking '/home/dserbin/ws_sensor_combined/install/px4_ros_com/lib'
[15.737s] Level 1:colcon.colcon_core.shell:create_environment_hook('px4_ros_com', 'ld_library_path_lib')
[15.754s] INFO:colcon.colcon_core.shell:Creating environment hook '/home/dserbin/ws_sensor_combined/install/px4_ros_com/share/px4_ros_com/hook/ld_library_path_lib.ps1'
[15.754s] INFO:colcon.colcon_core.shell:Creating environment descriptor '/home/dserbin/ws_sensor_combined/install/px4_ros_com/share/px4_ros_com/hook/ld_library_path_lib.dsv'
[15.755s] INFO:colcon.colcon_core.shell:Creating environment hook '/home/dserbin/ws_sensor_combined/install/px4_ros_com/share/px4_ros_com/hook/ld_library_path_lib.sh'
[15.755s] Level 1:colcon.colcon_core.environment:checking '/home/dserbin/ws_sensor_combined/install/px4_ros_com/bin'
[15.755s] Level 1:colcon.colcon_core.environment:checking '/home/dserbin/ws_sensor_combined/install/px4_ros_com/lib/pkgconfig/px4_ros_com.pc'
[15.756s] Level 1:colcon.colcon_core.environment:checking '/home/dserbin/ws_sensor_combined/install/px4_ros_com/lib/python3.10/site-packages'
[15.756s] Level 1:colcon.colcon_core.environment:checking '/home/dserbin/ws_sensor_combined/install/px4_ros_com/bin'
[15.773s] INFO:colcon.colcon_core.shell:Creating package script '/home/dserbin/ws_sensor_combined/install/px4_ros_com/share/px4_ros_com/package.ps1'
[15.773s] INFO:colcon.colcon_core.shell:Creating package descriptor '/home/dserbin/ws_sensor_combined/install/px4_ros_com/share/px4_ros_com/package.dsv'
[15.774s] INFO:colcon.colcon_core.shell:Creating package script '/home/dserbin/ws_sensor_combined/install/px4_ros_com/share/px4_ros_com/package.sh'
[15.774s] INFO:colcon.colcon_core.shell:Creating package script '/home/dserbin/ws_sensor_combined/install/px4_ros_com/share/px4_ros_com/package.bash'
[15.775s] INFO:colcon.colcon_core.shell:Creating package script '/home/dserbin/ws_sensor_combined/install/px4_ros_com/share/px4_ros_com/package.zsh'
[15.775s] Level 1:colcon.colcon_core.environment:create_file_with_runtime_dependencies(/home/dserbin/ws_sensor_combined/install/px4_ros_com/share/colcon-core/packages/px4_ros_com)
[15.775s] DEBUG:colcon.colcon_parallel_executor.executor.parallel:closing loop
[15.776s] DEBUG:colcon.colcon_parallel_executor.executor.parallel:loop closed
[15.776s] DEBUG:colcon.colcon_parallel_executor.executor.parallel:run_until_complete finished with '0'
[15.776s] DEBUG:colcon.colcon_core.event_reactor:joining thread
[15.795s] INFO:colcon.colcon_core.plugin_system:Skipping extension 'colcon_notification.desktop_notification.terminal_notifier': Not used on non-Darwin systems
[15.795s] INFO:colcon.colcon_core.plugin_system:Skipping extension 'colcon_notification.desktop_notification.win32': Not used on non-Windows systems
[15.796s] INFO:colcon.colcon_notification.desktop_notification:Sending desktop notification using 'notify2'
[15.803s] DEBUG:colcon.colcon_core.event_reactor:joined thread
[15.820s] INFO:colcon.colcon_core.shell:Creating prefix script '/home/dserbin/ws_sensor_combined/install/local_setup.ps1'
[15.821s] INFO:colcon.colcon_core.shell:Creating prefix util module '/home/dserbin/ws_sensor_combined/install/_local_setup_util_ps1.py'
[15.822s] INFO:colcon.colcon_core.shell:Creating prefix chain script '/home/dserbin/ws_sensor_combined/install/setup.ps1'
[15.839s] INFO:colcon.colcon_core.shell:Creating prefix script '/home/dserbin/ws_sensor_combined/install/local_setup.sh'
[15.840s] INFO:colcon.colcon_core.shell:Creating prefix util module '/home/dserbin/ws_sensor_combined/install/_local_setup_util_sh.py'
[15.840s] INFO:colcon.colcon_core.shell:Creating prefix chain script '/home/dserbin/ws_sensor_combined/install/setup.sh'
[15.857s] INFO:colcon.colcon_core.shell:Creating prefix script '/home/dserbin/ws_sensor_combined/install/local_setup.bash'
[15.858s] INFO:colcon.colcon_core.shell:Creating prefix chain script '/home/dserbin/ws_sensor_combined/install/setup.bash'
[15.875s] INFO:colcon.colcon_core.shell:Creating prefix script '/home/dserbin/ws_sensor_combined/install/local_setup.zsh'
[15.875s] INFO:colcon.colcon_core.shell:Creating prefix chain script '/home/dserbin/ws_sensor_combined/install/setup.zsh'
