[0.167s] Invoking command in '/home/robmoemac/M-LADIS-sim/PX4 Aux/ws_sensor_combined/build/ros_gz': AMENT_PREFIX_PATH=/home/robmoemac/M-LADIS-sim/PX4 Aux/ws_sensor_combined/install/ros_gz_sim_demos:/home/robmoemac/M-LADIS-sim/PX4 Aux/ws_sensor_combined/install/ros_gz_image:/home/robmoemac/M-LADIS-sim/PX4 Aux/ws_sensor_combined/install/ros_gz_bridge:/home/robmoemac/M-LADIS-sim/PX4 Aux/ws_sensor_combined/install/ros_gz_sim:/home/robmoemac/M-LADIS-sim/PX4 Aux/ws_sensor_combined/install/ros_gz_interfaces:${AMENT_PREFIX_PATH} CMAKE_PREFIX_PATH=/home/robmoemac/M-LADIS-sim/PX4 Aux/ws_sensor_combined/install/ros_gz_sim_demos:/home/robmoemac/M-LADIS-sim/PX4 Aux/ws_sensor_combined/install/ros_gz_image:/home/robmoemac/M-LADIS-sim/PX4 Aux/ws_sensor_combined/install/ros_gz_bridge:/home/robmoemac/M-LADIS-sim/PX4 Aux/ws_sensor_combined/install/ros_gz_sim:/home/robmoemac/M-LADIS-sim/PX4 Aux/ws_sensor_combined/install/ros_gz_interfaces:/opt/ros/humble LD_LIBRARY_PATH=/home/robmoemac/M-LADIS-sim/PX4 Aux/ws_sensor_combined/install/ros_gz_bridge/lib:/home/robmoemac/M-LADIS-sim/PX4 Aux/ws_sensor_combined/install/ros_gz_sim/lib:/home/robmoemac/M-LADIS-sim/PX4 Aux/ws_sensor_combined/install/ros_gz_interfaces/lib:${LD_LIBRARY_PATH} PYTHONPATH=/home/robmoemac/M-LADIS-sim/PX4 Aux/ws_sensor_combined/install/ros_gz_interfaces/local/lib/python3.10/dist-packages:${PYTHONPATH} /usr/bin/cmake /home/robmoemac/M-LADIS-sim/PX4 Aux/ws_sensor_combined/src/ros_gz/ros_gz -DCMAKE_INSTALL_PREFIX=/home/robmoemac/M-LADIS-sim/PX4 Aux/ws_sensor_combined/install/ros_gz
[0.268s] -- The C compiler identification is GNU 11.4.0
[0.373s] -- The CXX compiler identification is GNU 11.4.0
[0.389s] -- Detecting C compiler ABI info
[0.513s] -- Detecting C compiler ABI info - done
[0.531s] -- Check for working C compiler: /usr/bin/cc - skipped
[0.532s] -- Detecting C compile features
[0.532s] -- Detecting C compile features - done
[0.539s] -- Detecting CXX compiler ABI info
[0.669s] -- Detecting CXX compiler ABI info - done
[0.688s] -- Check for working CXX compiler: /usr/bin/c++ - skipped
[0.689s] -- Detecting CXX compile features
[0.690s] -- Detecting CXX compile features - done
[0.695s] -- Found ament_cmake: 1.3.8 (/opt/ros/humble/share/ament_cmake/cmake)
[0.923s] -- Found Python3: /usr/bin/python3 (found version "3.10.12") found components: Interpreter 
[1.053s] -- Found ament_lint_auto: 0.12.10 (/opt/ros/humble/share/ament_lint_auto/cmake)
[1.179s] -- Added test 'copyright' to check source files copyright and LICENSE
[1.181s] -- Added test 'lint_cmake' to check CMake code style
[1.182s] -- Added test 'xmllint' to check XML markup files
[1.184s] -- Configuring done
[1.188s] -- Generating done
[1.192s] -- Build files have been written to: /home/robmoemac/M-LADIS-sim/PX4 Aux/ws_sensor_combined/build/ros_gz
[1.196s] Invoked command in '/home/robmoemac/M-LADIS-sim/PX4 Aux/ws_sensor_combined/build/ros_gz' returned '0': AMENT_PREFIX_PATH=/home/robmoemac/M-LADIS-sim/PX4 Aux/ws_sensor_combined/install/ros_gz_sim_demos:/home/robmoemac/M-LADIS-sim/PX4 Aux/ws_sensor_combined/install/ros_gz_image:/home/robmoemac/M-LADIS-sim/PX4 Aux/ws_sensor_combined/install/ros_gz_bridge:/home/robmoemac/M-LADIS-sim/PX4 Aux/ws_sensor_combined/install/ros_gz_sim:/home/robmoemac/M-LADIS-sim/PX4 Aux/ws_sensor_combined/install/ros_gz_interfaces:${AMENT_PREFIX_PATH} CMAKE_PREFIX_PATH=/home/robmoemac/M-LADIS-sim/PX4 Aux/ws_sensor_combined/install/ros_gz_sim_demos:/home/robmoemac/M-LADIS-sim/PX4 Aux/ws_sensor_combined/install/ros_gz_image:/home/robmoemac/M-LADIS-sim/PX4 Aux/ws_sensor_combined/install/ros_gz_bridge:/home/robmoemac/M-LADIS-sim/PX4 Aux/ws_sensor_combined/install/ros_gz_sim:/home/robmoemac/M-LADIS-sim/PX4 Aux/ws_sensor_combined/install/ros_gz_interfaces:/opt/ros/humble LD_LIBRARY_PATH=/home/robmoemac/M-LADIS-sim/PX4 Aux/ws_sensor_combined/install/ros_gz_bridge/lib:/home/robmoemac/M-LADIS-sim/PX4 Aux/ws_sensor_combined/install/ros_gz_sim/lib:/home/robmoemac/M-LADIS-sim/PX4 Aux/ws_sensor_combined/install/ros_gz_interfaces/lib:${LD_LIBRARY_PATH} PYTHONPATH=/home/robmoemac/M-LADIS-sim/PX4 Aux/ws_sensor_combined/install/ros_gz_interfaces/local/lib/python3.10/dist-packages:${PYTHONPATH} /usr/bin/cmake /home/robmoemac/M-LADIS-sim/PX4 Aux/ws_sensor_combined/src/ros_gz/ros_gz -DCMAKE_INSTALL_PREFIX=/home/robmoemac/M-LADIS-sim/PX4 Aux/ws_sensor_combined/install/ros_gz
[1.199s] Invoking command in '/home/robmoemac/M-LADIS-sim/PX4 Aux/ws_sensor_combined/build/ros_gz': AMENT_PREFIX_PATH=/home/robmoemac/M-LADIS-sim/PX4 Aux/ws_sensor_combined/install/ros_gz_sim_demos:/home/robmoemac/M-LADIS-sim/PX4 Aux/ws_sensor_combined/install/ros_gz_image:/home/robmoemac/M-LADIS-sim/PX4 Aux/ws_sensor_combined/install/ros_gz_bridge:/home/robmoemac/M-LADIS-sim/PX4 Aux/ws_sensor_combined/install/ros_gz_sim:/home/robmoemac/M-LADIS-sim/PX4 Aux/ws_sensor_combined/install/ros_gz_interfaces:${AMENT_PREFIX_PATH} CMAKE_PREFIX_PATH=/home/robmoemac/M-LADIS-sim/PX4 Aux/ws_sensor_combined/install/ros_gz_sim_demos:/home/robmoemac/M-LADIS-sim/PX4 Aux/ws_sensor_combined/install/ros_gz_image:/home/robmoemac/M-LADIS-sim/PX4 Aux/ws_sensor_combined/install/ros_gz_bridge:/home/robmoemac/M-LADIS-sim/PX4 Aux/ws_sensor_combined/install/ros_gz_sim:/home/robmoemac/M-LADIS-sim/PX4 Aux/ws_sensor_combined/install/ros_gz_interfaces:/opt/ros/humble LD_LIBRARY_PATH=/home/robmoemac/M-LADIS-sim/PX4 Aux/ws_sensor_combined/install/ros_gz_bridge/lib:/home/robmoemac/M-LADIS-sim/PX4 Aux/ws_sensor_combined/install/ros_gz_sim/lib:/home/robmoemac/M-LADIS-sim/PX4 Aux/ws_sensor_combined/install/ros_gz_interfaces/lib:${LD_LIBRARY_PATH} PYTHONPATH=/home/robmoemac/M-LADIS-sim/PX4 Aux/ws_sensor_combined/install/ros_gz_interfaces/local/lib/python3.10/dist-packages:${PYTHONPATH} /usr/bin/cmake --build /home/robmoemac/M-LADIS-sim/PX4 Aux/ws_sensor_combined/build/ros_gz -- -j8 -l8
[1.247s] Invoked command in '/home/robmoemac/M-LADIS-sim/PX4 Aux/ws_sensor_combined/build/ros_gz' returned '0': AMENT_PREFIX_PATH=/home/robmoemac/M-LADIS-sim/PX4 Aux/ws_sensor_combined/install/ros_gz_sim_demos:/home/robmoemac/M-LADIS-sim/PX4 Aux/ws_sensor_combined/install/ros_gz_image:/home/robmoemac/M-LADIS-sim/PX4 Aux/ws_sensor_combined/install/ros_gz_bridge:/home/robmoemac/M-LADIS-sim/PX4 Aux/ws_sensor_combined/install/ros_gz_sim:/home/robmoemac/M-LADIS-sim/PX4 Aux/ws_sensor_combined/install/ros_gz_interfaces:${AMENT_PREFIX_PATH} CMAKE_PREFIX_PATH=/home/robmoemac/M-LADIS-sim/PX4 Aux/ws_sensor_combined/install/ros_gz_sim_demos:/home/robmoemac/M-LADIS-sim/PX4 Aux/ws_sensor_combined/install/ros_gz_image:/home/robmoemac/M-LADIS-sim/PX4 Aux/ws_sensor_combined/install/ros_gz_bridge:/home/robmoemac/M-LADIS-sim/PX4 Aux/ws_sensor_combined/install/ros_gz_sim:/home/robmoemac/M-LADIS-sim/PX4 Aux/ws_sensor_combined/install/ros_gz_interfaces:/opt/ros/humble LD_LIBRARY_PATH=/home/robmoemac/M-LADIS-sim/PX4 Aux/ws_sensor_combined/install/ros_gz_bridge/lib:/home/robmoemac/M-LADIS-sim/PX4 Aux/ws_sensor_combined/install/ros_gz_sim/lib:/home/robmoemac/M-LADIS-sim/PX4 Aux/ws_sensor_combined/install/ros_gz_interfaces/lib:${LD_LIBRARY_PATH} PYTHONPATH=/home/robmoemac/M-LADIS-sim/PX4 Aux/ws_sensor_combined/install/ros_gz_interfaces/local/lib/python3.10/dist-packages:${PYTHONPATH} /usr/bin/cmake --build /home/robmoemac/M-LADIS-sim/PX4 Aux/ws_sensor_combined/build/ros_gz -- -j8 -l8
[1.365s] Invoking command in '/home/robmoemac/M-LADIS-sim/PX4 Aux/ws_sensor_combined/build/ros_gz': AMENT_PREFIX_PATH=/home/robmoemac/M-LADIS-sim/PX4 Aux/ws_sensor_combined/install/ros_gz_sim_demos:/home/robmoemac/M-LADIS-sim/PX4 Aux/ws_sensor_combined/install/ros_gz_image:/home/robmoemac/M-LADIS-sim/PX4 Aux/ws_sensor_combined/install/ros_gz_bridge:/home/robmoemac/M-LADIS-sim/PX4 Aux/ws_sensor_combined/install/ros_gz_sim:/home/robmoemac/M-LADIS-sim/PX4 Aux/ws_sensor_combined/install/ros_gz_interfaces:${AMENT_PREFIX_PATH} CMAKE_PREFIX_PATH=/home/robmoemac/M-LADIS-sim/PX4 Aux/ws_sensor_combined/install/ros_gz_sim_demos:/home/robmoemac/M-LADIS-sim/PX4 Aux/ws_sensor_combined/install/ros_gz_image:/home/robmoemac/M-LADIS-sim/PX4 Aux/ws_sensor_combined/install/ros_gz_bridge:/home/robmoemac/M-LADIS-sim/PX4 Aux/ws_sensor_combined/install/ros_gz_sim:/home/robmoemac/M-LADIS-sim/PX4 Aux/ws_sensor_combined/install/ros_gz_interfaces:/opt/ros/humble LD_LIBRARY_PATH=/home/robmoemac/M-LADIS-sim/PX4 Aux/ws_sensor_combined/install/ros_gz_bridge/lib:/home/robmoemac/M-LADIS-sim/PX4 Aux/ws_sensor_combined/install/ros_gz_sim/lib:/home/robmoemac/M-LADIS-sim/PX4 Aux/ws_sensor_combined/install/ros_gz_interfaces/lib:${LD_LIBRARY_PATH} PYTHONPATH=/home/robmoemac/M-LADIS-sim/PX4 Aux/ws_sensor_combined/install/ros_gz_interfaces/local/lib/python3.10/dist-packages:${PYTHONPATH} /usr/bin/cmake --install /home/robmoemac/M-LADIS-sim/PX4 Aux/ws_sensor_combined/build/ros_gz
[1.373s] -- Install configuration: ""
[1.373s] -- Installing: /home/robmoemac/M-LADIS-sim/PX4 Aux/ws_sensor_combined/install/ros_gz/share/ament_index/resource_index/package_run_dependencies/ros_gz
[1.373s] -- Installing: /home/robmoemac/M-LADIS-sim/PX4 Aux/ws_sensor_combined/install/ros_gz/share/ament_index/resource_index/parent_prefix_path/ros_gz
[1.374s] -- Installing: /home/robmoemac/M-LADIS-sim/PX4 Aux/ws_sensor_combined/install/ros_gz/share/ros_gz/environment/ament_prefix_path.sh
[1.374s] -- Installing: /home/robmoemac/M-LADIS-sim/PX4 Aux/ws_sensor_combined/install/ros_gz/share/ros_gz/environment/ament_prefix_path.dsv
[1.374s] -- Installing: /home/robmoemac/M-LADIS-sim/PX4 Aux/ws_sensor_combined/install/ros_gz/share/ros_gz/environment/path.sh
[1.374s] -- Installing: /home/robmoemac/M-LADIS-sim/PX4 Aux/ws_sensor_combined/install/ros_gz/share/ros_gz/environment/path.dsv
[1.374s] -- Installing: /home/robmoemac/M-LADIS-sim/PX4 Aux/ws_sensor_combined/install/ros_gz/share/ros_gz/local_setup.bash
[1.375s] -- Installing: /home/robmoemac/M-LADIS-sim/PX4 Aux/ws_sensor_combined/install/ros_gz/share/ros_gz/local_setup.sh
[1.375s] -- Installing: /home/robmoemac/M-LADIS-sim/PX4 Aux/ws_sensor_combined/install/ros_gz/share/ros_gz/local_setup.zsh
[1.375s] -- Installing: /home/robmoemac/M-LADIS-sim/PX4 Aux/ws_sensor_combined/install/ros_gz/share/ros_gz/local_setup.dsv
[1.375s] -- Installing: /home/robmoemac/M-LADIS-sim/PX4 Aux/ws_sensor_combined/install/ros_gz/share/ros_gz/package.dsv
[1.375s] -- Installing: /home/robmoemac/M-LADIS-sim/PX4 Aux/ws_sensor_combined/install/ros_gz/share/ament_index/resource_index/packages/ros_gz
[1.375s] -- Installing: /home/robmoemac/M-LADIS-sim/PX4 Aux/ws_sensor_combined/install/ros_gz/share/ros_gz/cmake/ros_gzConfig.cmake
[1.376s] -- Installing: /home/robmoemac/M-LADIS-sim/PX4 Aux/ws_sensor_combined/install/ros_gz/share/ros_gz/cmake/ros_gzConfig-version.cmake
[1.376s] -- Installing: /home/robmoemac/M-LADIS-sim/PX4 Aux/ws_sensor_combined/install/ros_gz/share/ros_gz/package.xml
[1.377s] Invoked command in '/home/robmoemac/M-LADIS-sim/PX4 Aux/ws_sensor_combined/build/ros_gz' returned '0': AMENT_PREFIX_PATH=/home/robmoemac/M-LADIS-sim/PX4 Aux/ws_sensor_combined/install/ros_gz_sim_demos:/home/robmoemac/M-LADIS-sim/PX4 Aux/ws_sensor_combined/install/ros_gz_image:/home/robmoemac/M-LADIS-sim/PX4 Aux/ws_sensor_combined/install/ros_gz_bridge:/home/robmoemac/M-LADIS-sim/PX4 Aux/ws_sensor_combined/install/ros_gz_sim:/home/robmoemac/M-LADIS-sim/PX4 Aux/ws_sensor_combined/install/ros_gz_interfaces:${AMENT_PREFIX_PATH} CMAKE_PREFIX_PATH=/home/robmoemac/M-LADIS-sim/PX4 Aux/ws_sensor_combined/install/ros_gz_sim_demos:/home/robmoemac/M-LADIS-sim/PX4 Aux/ws_sensor_combined/install/ros_gz_image:/home/robmoemac/M-LADIS-sim/PX4 Aux/ws_sensor_combined/install/ros_gz_bridge:/home/robmoemac/M-LADIS-sim/PX4 Aux/ws_sensor_combined/install/ros_gz_sim:/home/robmoemac/M-LADIS-sim/PX4 Aux/ws_sensor_combined/install/ros_gz_interfaces:/opt/ros/humble LD_LIBRARY_PATH=/home/robmoemac/M-LADIS-sim/PX4 Aux/ws_sensor_combined/install/ros_gz_bridge/lib:/home/robmoemac/M-LADIS-sim/PX4 Aux/ws_sensor_combined/install/ros_gz_sim/lib:/home/robmoemac/M-LADIS-sim/PX4 Aux/ws_sensor_combined/install/ros_gz_interfaces/lib:${LD_LIBRARY_PATH} PYTHONPATH=/home/robmoemac/M-LADIS-sim/PX4 Aux/ws_sensor_combined/install/ros_gz_interfaces/local/lib/python3.10/dist-packages:${PYTHONPATH} /usr/bin/cmake --install /home/robmoemac/M-LADIS-sim/PX4 Aux/ws_sensor_combined/build/ros_gz
