[0.030s] Invoking command in '/home/blake/M-LADIS-Jerry/ws_sensor_combined/build/nearest_poster_yaw': CMAKE_PREFIX_PATH=/opt/ros/humble /usr/bin/cmake /home/blake/M-LADIS-Jerry/ws_sensor_combined/src/nearest_poster_yaw -DCMAKE_INSTALL_PREFIX=/home/blake/M-LADIS-Jerry/ws_sensor_combined/install/nearest_poster_yaw
[0.628s] -- The C compiler identification is GNU 11.4.0
[0.725s] -- The CXX compiler identification is GNU 11.4.0
[0.735s] -- Detecting C compiler ABI info
[0.995s] -- Detecting C compiler ABI info - done
[1.004s] -- Check for working C compiler: /usr/bin/cc - skipped
[1.005s] -- Detecting C compile features
[1.005s] -- Detecting C compile features - done
[1.008s] -- Detecting CXX compiler ABI info
[1.102s] -- Detecting CXX compiler ABI info - done
[1.111s] -- Check for working CXX compiler: /usr/bin/c++ - skipped
[1.111s] -- Detecting CXX compile features
[1.112s] -- Detecting CXX compile features - done
[1.177s] -- Found ament_cmake: 1.3.8 (/opt/ros/humble/share/ament_cmake/cmake)
[1.338s] -- Found Python3: /usr/bin/python3 (found version "3.10.12") found components: Interpreter 
[1.457s] -- Found rclcpp: 16.0.8 (/opt/ros/humble/share/rclcpp/cmake)
[1.521s] -- Found rosidl_generator_c: 3.1.5 (/opt/ros/humble/share/rosidl_generator_c/cmake)
[1.526s] -- Found rosidl_adapter: 3.1.5 (/opt/ros/humble/share/rosidl_adapter/cmake)
[1.535s] -- Found rosidl_generator_cpp: 3.1.5 (/opt/ros/humble/share/rosidl_generator_cpp/cmake)
[1.567s] -- Using all available rosidl_typesupport_c: rosidl_typesupport_fastrtps_c;rosidl_typesupport_introspection_c
[1.593s] -- Using all available rosidl_typesupport_cpp: rosidl_typesupport_fastrtps_cpp;rosidl_typesupport_introspection_cpp
[1.684s] -- Found rmw_implementation_cmake: 6.1.1 (/opt/ros/humble/share/rmw_implementation_cmake/cmake)
[1.686s] -- Found rmw_fastrtps_cpp: 6.2.6 (/opt/ros/humble/share/rmw_fastrtps_cpp/cmake)
[1.937s] -- Found OpenSSL: /usr/lib/x86_64-linux-gnu/libcrypto.so (found version "3.0.2")  
[1.959s] -- Found FastRTPS: /opt/ros/humble/include  
[2.000s] -- Using RMW implementation 'rmw_fastrtps_cpp' as default
[2.008s] -- Looking for pthread.h
[2.095s] -- Looking for pthread.h - found
[2.095s] -- Performing Test CMAKE_HAVE_LIBC_PTHREAD
[2.164s] -- Performing Test CMAKE_HAVE_LIBC_PTHREAD - Success
[2.166s] -- Found Threads: TRUE  
[2.432s] -- Found geometry_msgs: 4.2.3 (/opt/ros/humble/share/geometry_msgs/cmake)
[2.479s] -- Found ament_lint_auto: 0.12.10 (/opt/ros/humble/share/ament_lint_auto/cmake)
[2.565s] -- Added test 'copyright' to check source files copyright and LICENSE
[2.567s] -- Added test 'cppcheck' to perform static code analysis on C / C++ code
[2.567s] -- Configured cppcheck include dirs: 
[2.568s] -- Configured cppcheck exclude dirs and/or files: 
[2.569s] -- Added test 'cpplint' to check C / C++ code against the Google style
[2.569s] -- Configured cpplint exclude dirs and/or files: 
[2.570s] -- Added test 'flake8' to check Python code syntax and style conventions
[2.571s] -- Added test 'lint_cmake' to check CMake code style
[2.572s] -- Added test 'pep257' to check Python code against some of the docstring style conventions in PEP 257
[2.573s] -- Added test 'uncrustify' to check C / C++ code style
[2.573s] -- Configured uncrustify additional arguments: 
[2.574s] -- Added test 'xmllint' to check XML markup files
[2.575s] -- Configuring done
[2.587s] -- Generating done
[2.588s] -- Build files have been written to: /home/blake/M-LADIS-Jerry/ws_sensor_combined/build/nearest_poster_yaw
