[0.053s] Invoking command in '/home/dserbin/Documents/M-LADIS-sim/PX4 Aux/ws_sensor_combined/build/ros_ign_gazebo': AMENT_PREFIX_PATH=/home/dserbin/Documents/M-LADIS-sim/PX4 Aux/ws_sensor_combined/install/ros_gz_sim:${AMENT_PREFIX_PATH} CMAKE_PREFIX_PATH=/home/dserbin/Documents/M-LADIS-sim/PX4 Aux/ws_sensor_combined/install/ros_gz_sim:/opt/ros/humble LD_LIBRARY_PATH=/home/dserbin/Documents/M-LADIS-sim/PX4 Aux/ws_sensor_combined/install/ros_gz_sim/lib:${LD_LIBRARY_PATH} /usr/bin/cmake /home/dserbin/Documents/M-LADIS-sim/PX4 Aux/ws_sensor_combined/src/ros_gz/ros_ign_gazebo -DCMAKE_INSTALL_PREFIX=/home/dserbin/Documents/M-LADIS-sim/PX4 Aux/ws_sensor_combined/install/ros_ign_gazebo
[0.100s] -- The C compiler identification is GNU 11.4.0
[0.152s] -- The CXX compiler identification is GNU 11.4.0
[0.159s] -- Detecting C compiler ABI info
[0.238s] -- Detecting C compiler ABI info - done
[0.245s] -- Check for working C compiler: /usr/bin/cc - skipped
[0.246s] -- Detecting C compile features
[0.246s] -- Detecting C compile features - done
[0.249s] -- Detecting CXX compiler ABI info
[0.329s] -- Detecting CXX compiler ABI info - done
[0.336s] -- Check for working CXX compiler: /usr/bin/c++ - skipped
[0.336s] -- Detecting CXX compile features
[0.336s] -- Detecting CXX compile features - done
[0.339s] -- Found ament_cmake: 1.3.8 (/opt/ros/humble/share/ament_cmake/cmake)
[0.627s] -- Found Python3: /usr/bin/python3 (found version "3.10.12") found components: Interpreter 
[0.699s] -- Found ament_index_cpp: 1.4.0 (/opt/ros/humble/share/ament_index_cpp/cmake)
[0.702s] -- Looking for ignition-gazebo6 -- found version 6.16.0
[0.708s] -- Searching for dependencies of ignition-gazebo6
[0.710s] -- Looking for sdformat12 -- found version 12.7.2
[0.710s] -- Searching for dependencies of sdformat12
[0.715s] -- Checking for module 'tinyxml2'
[0.727s] --   Found tinyxml2, version 9.0.0
[0.762s] -- Looking for ignition-math6 -- found version 6.15.1
[0.762s] -- Searching for dependencies of ignition-math6
[0.764s] -- Looking for ignition-utils1 -- found version 1.5.1
[0.765s] -- Searching for dependencies of ignition-utils1
[0.767s] -- Looking for ignition-plugin1 -- found version 1.4.0
[0.767s] -- Searching for dependencies of ignition-plugin1
[0.768s] -- Searching for <ignition-plugin1> component [loader]
[0.770s] -- Looking for ignition-plugin1-loader -- found version 1.4.0
[0.770s] -- Searching for dependencies of ignition-plugin1-loader
[0.770s] -- Searching for <ignition-plugin1> component [register]
[0.772s] -- Looking for ignition-plugin1-register -- found version 1.4.0
[0.772s] -- Searching for dependencies of ignition-plugin1-register
[0.775s] -- Looking for ignition-transport11 -- found version 11.4.1
[0.775s] -- Searching for dependencies of ignition-transport11
[0.934s] -- Found Protobuf: /usr/lib/x86_64-linux-gnu/libprotobuf.so (found version "3.12.4") 
[0.947s] -- Config-file not installed for ZeroMQ -- checking for pkg-config
[0.951s] -- Checking for module 'libzmq >= 4'
[0.963s] --   Found libzmq , version 4.3.4
[0.996s] -- Found ZeroMQ: TRUE (Required is at least version "4") 
[1.001s] -- Checking for module 'uuid'
[1.012s] --   Found uuid, version 2.37.2
[1.043s] -- Found UUID: TRUE  
[1.043s] -- Looking for ignition-utils1 -- found version 1.5.1
[1.043s] -- Searching for dependencies of ignition-utils1
[1.044s] -- Searching for <ignition-utils1> component [cli]
[1.046s] -- Looking for ignition-utils1-cli -- found version 1.5.1
[1.046s] -- Searching for dependencies of ignition-utils1-cli
[1.048s] -- Looking for ignition-msgs8 -- found version 8.7.0
[1.049s] -- Searching for dependencies of ignition-msgs8
[1.068s] -- Found Protobuf: /usr/lib/x86_64-linux-gnu/libprotobuf.so (found suitable version "3.12.4", minimum required is "3") 
[1.068s] -- Looking for ignition-math6 -- found version 6.15.1
[1.079s] -- Searching for <ignition-transport11> component [log]
[1.081s] -- Looking for ignition-transport11-log -- found version 11.4.1
[1.082s] -- Searching for dependencies of ignition-transport11-log
[1.082s] -- Searching for <ignition-transport11> component [parameters]
[1.084s] -- Looking for ignition-transport11-parameters -- found version 11.4.1
[1.084s] -- Searching for dependencies of ignition-transport11-parameters
[1.085s] -- Looking for ignition-msgs8 -- found version 8.7.0
[1.087s] -- Looking for ignition-common4 -- found version 4.7.0
[1.088s] -- Searching for dependencies of ignition-common4
[1.088s] -- Looking for dlfcn.h - found
[1.089s] -- Looking for libdl - found
[1.090s] -- Found DL: TRUE  
[1.097s] -- Searching for <ignition-common4> component [profiler]
[1.099s] -- Looking for ignition-common4-profiler -- found version 4.7.0
[1.100s] -- Searching for dependencies of ignition-common4-profiler
[1.100s] -- Searching for <ignition-common4> component [events]
[1.102s] -- Looking for ignition-common4-events -- found version 4.7.0
[1.102s] -- Searching for dependencies of ignition-common4-events
[1.103s] -- Looking for ignition-math6 -- found version 6.15.1
[1.103s] -- Searching for <ignition-common4> component [av]
[1.105s] -- Looking for ignition-common4-av -- found version 4.7.0
[1.105s] -- Searching for dependencies of ignition-common4-av
[1.110s] -- Checking for module 'libswscale'
[1.122s] --   Found libswscale, version 5.9.100
[1.162s] -- Found SWSCALE: TRUE  
[1.167s] -- Checking for module 'libavdevice >= 56.4.100'
[1.182s] --   Found libavdevice , version 58.13.100
[1.224s] -- Found AVDEVICE: TRUE (Required is at least version "56.4.100") 
[1.229s] -- Checking for module 'libavformat'
[1.244s] --   Found libavformat, version 58.76.100
[1.283s] -- Found AVFORMAT: TRUE  
[1.288s] -- Checking for module 'libavcodec'
[1.302s] --   Found libavcodec, version 58.134.100
[1.338s] -- Found AVCODEC: TRUE  
[1.343s] -- Checking for module 'libavutil'
[1.356s] --   Found libavutil, version 56.70.100
[1.393s] -- Found AVUTIL: TRUE  
[1.397s] -- Looking for ignition-fuel_tools7 -- found version 7.3.0
[1.397s] -- Searching for dependencies of ignition-fuel_tools7
[1.479s] -- Found CURL: /usr/lib/x86_64-linux-gnu/libcurl.so (found version "7.81.0")  
[1.487s] -- Checking for module 'jsoncpp'
[1.500s] --   Found jsoncpp, version 1.9.5
[1.533s] -- Found JSONCPP: TRUE  
[1.540s] -- Checking for module 'libzip'
[1.554s] --   Found libzip, version 1.7.3
[1.587s] -- Found ZIP: TRUE  
[1.588s] -- Looking for ignition-common4 -- found version 4.7.0
[1.588s] -- Looking for ignition-math6 -- found version 6.15.1
[1.588s] -- Looking for ignition-msgs8 -- found version 8.7.0
[1.591s] -- Looking for ignition-gui6 -- found version 6.8.0
[1.592s] -- Searching for dependencies of ignition-gui6
[1.621s] -- Looking for ignition-math6 -- found version 6.15.1
[1.621s] -- Looking for ignition-common4 -- found version 4.7.0
[1.622s] -- Looking for ignition-plugin1 -- found version 1.4.0
[1.622s] -- Looking for ignition-transport11 -- found version 11.4.1
[1.624s] -- Looking for ignition-rendering6 -- found version 6.6.3
[1.625s] -- Searching for dependencies of ignition-rendering6
[1.625s] -- Looking for ignition-math6 -- found version 6.15.1
[1.625s] -- Searching for dependencies of ignition-math6
[1.625s] -- Searching for <ignition-math6> component [eigen3]
[1.627s] -- Looking for ignition-math6-eigen3 -- found version 6.15.1
[1.628s] -- Searching for dependencies of ignition-math6-eigen3
[1.637s] -- Looking for ignition-common4 -- found version 4.7.0
[1.637s] -- Searching for dependencies of ignition-common4
[1.637s] -- Looking for dlfcn.h - found
[1.637s] -- Looking for libdl - found
[1.646s] -- Searching for <ignition-common4> component [graphics]
[1.648s] -- Looking for ignition-common4-graphics -- found version 4.7.0
[1.649s] -- Searching for dependencies of ignition-common4-graphics
[1.649s] -- Looking for ignition-math6 -- found version 6.15.1
[1.649s] -- Looking for ignition-utils1 -- found version 1.5.1
[1.650s] -- Searching for <ignition-common4> component [events]
[1.651s] -- Looking for ignition-plugin1 -- found version 1.4.0
[1.651s] -- Searching for dependencies of ignition-plugin1
[1.651s] -- Searching for <ignition-plugin1> component [all]
[1.653s] -- Looking for all libraries of ignition-plugin1 -- found version 1.4.0
[1.654s] -- Looking for ignition-plugin1 -- found version 1.4.0
[1.655s] -- Looking for ignition-msgs8 -- found version 8.7.0
[1.675s] -- Looking for ignition-physics5 -- found version 5.3.2
[1.675s] -- Searching for dependencies of ignition-physics5
[1.675s] -- Looking for ignition-math6 -- found version 6.15.1
[1.676s] -- Looking for ignition-plugin1 -- found version 1.4.0
[1.676s] -- Looking for ignition-utils1 -- found version 1.5.1
[1.677s] -- Searching for <ignition-physics5> component [heightmap]
[1.679s] -- Looking for ignition-physics5-heightmap -- found version 5.3.2
[1.680s] -- Searching for dependencies of ignition-physics5-heightmap
[1.680s] -- Looking for ignition-common4 -- found version 4.7.0
[1.680s] -- Searching for <ignition-physics5> component [mesh]
[1.683s] -- Looking for ignition-physics5-mesh -- found version 5.3.2
[1.683s] -- Searching for dependencies of ignition-physics5-mesh
[1.683s] -- Looking for ignition-common4 -- found version 4.7.0
[1.684s] -- Searching for <ignition-physics5> component [sdf]
[1.686s] -- Looking for ignition-physics5-sdf -- found version 5.3.2
[1.687s] -- Searching for dependencies of ignition-physics5-sdf
[1.687s] -- Looking for sdformat12 -- found version 12.7.2
[1.690s] -- Looking for ignition-sensors6 -- found version 6.8.0
[1.690s] -- Searching for dependencies of ignition-sensors6
[1.713s] -- Found Protobuf: /usr/lib/x86_64-linux-gnu/libprotobuf.so (found version "3.12.4") 
[1.714s] -- Looking for ignition-math6 -- found version 6.15.1
[1.714s] -- Looking for ignition-common4 -- found version 4.7.0
[1.714s] -- Looking for ignition-transport11 -- found version 11.4.1
[1.715s] -- Looking for ignition-rendering6 -- found version 6.6.3
[1.715s] -- Looking for ignition-msgs8 -- found version 8.7.0
[1.715s] -- Looking for sdformat12 -- found version 12.7.2
[1.716s] -- Searching for <ignition-sensors6> component [air_pressure]
[1.718s] -- Looking for ignition-sensors6-air_pressure -- found version 6.8.0
[1.719s] -- Searching for dependencies of ignition-sensors6-air_pressure
[1.719s] -- Searching for <ignition-sensors6> component [altimeter]
[1.721s] -- Looking for ignition-sensors6-altimeter -- found version 6.8.0
[1.722s] -- Searching for dependencies of ignition-sensors6-altimeter
[1.722s] -- Searching for <ignition-sensors6> component [imu]
[1.724s] -- Looking for ignition-sensors6-imu -- found version 6.8.0
[1.725s] -- Searching for dependencies of ignition-sensors6-imu
[1.725s] -- Searching for <ignition-sensors6> component [force_torque]
[1.728s] -- Looking for ignition-sensors6-force_torque -- found version 6.8.0
[1.728s] -- Searching for dependencies of ignition-sensors6-force_torque
[1.728s] -- Searching for <ignition-sensors6> component [logical_camera]
[1.731s] -- Looking for ignition-sensors6-logical_camera -- found version 6.8.0
[1.731s] -- Searching for dependencies of ignition-sensors6-logical_camera
[1.731s] -- Searching for <ignition-sensors6> component [magnetometer]
[1.734s] -- Looking for ignition-sensors6-magnetometer -- found version 6.8.0
[1.734s] -- Searching for dependencies of ignition-sensors6-magnetometer
[1.735s] -- Searching for <ignition-sensors6> component [navsat]
[1.737s] -- Looking for ignition-sensors6-navsat -- found version 6.8.0
[1.737s] -- Searching for dependencies of ignition-sensors6-navsat
[1.738s] -- Searching for <ignition-sensors6> component [rendering]
[1.740s] -- Looking for ignition-sensors6-rendering -- found version 6.8.0
[1.741s] -- Searching for dependencies of ignition-sensors6-rendering
[1.741s] -- Searching for <ignition-sensors6> component [lidar]
[1.743s] -- Looking for ignition-sensors6-lidar -- found version 6.8.0
[1.744s] -- Searching for dependencies of ignition-sensors6-lidar
[1.744s] -- Looking for ignition-sensors6 -- found version 6.8.0
[1.745s] -- Searching for <ignition-sensors6> component [gpu_lidar]
[1.747s] -- Looking for ignition-sensors6-gpu_lidar -- found version 6.8.0
[1.747s] -- Searching for dependencies of ignition-sensors6-gpu_lidar
[1.748s] -- Looking for ignition-sensors6 -- found version 6.8.0
[1.748s] -- Searching for <ignition-sensors6> component [camera]
[1.751s] -- Looking for ignition-sensors6-camera -- found version 6.8.0
[1.751s] -- Searching for dependencies of ignition-sensors6-camera
[1.751s] -- Looking for ignition-sensors6 -- found version 6.8.0
[1.752s] -- Searching for <ignition-sensors6> component [boundingbox_camera]
[1.754s] -- Looking for ignition-sensors6-boundingbox_camera -- found version 6.8.0
[1.754s] -- Searching for dependencies of ignition-sensors6-boundingbox_camera
[1.755s] -- Searching for <ignition-sensors6> component [segmentation_camera]
[1.757s] -- Looking for ignition-sensors6-segmentation_camera -- found version 6.8.0
[1.757s] -- Searching for dependencies of ignition-sensors6-segmentation_camera
[1.758s] -- Searching for <ignition-sensors6> component [depth_camera]
[1.760s] -- Looking for ignition-sensors6-depth_camera -- found version 6.8.0
[1.760s] -- Searching for dependencies of ignition-sensors6-depth_camera
[1.760s] -- Looking for ignition-sensors6 -- found version 6.8.0
[1.761s] -- Searching for <ignition-sensors6> component [rgbd_camera]
[1.763s] -- Looking for ignition-sensors6-rgbd_camera -- found version 6.8.0
[1.763s] -- Searching for dependencies of ignition-sensors6-rgbd_camera
[1.763s] -- Looking for ignition-sensors6 -- found version 6.8.0
[1.764s] -- Searching for <ignition-sensors6> component [thermal_camera]
[1.766s] -- Looking for ignition-sensors6-thermal_camera -- found version 6.8.0
[1.766s] -- Searching for dependencies of ignition-sensors6-thermal_camera
[1.766s] -- Looking for ignition-sensors6 -- found version 6.8.0
[1.767s] -- Looking for ignition-rendering6 -- found version 6.6.3
[1.767s] -- Looking for ignition-math6 -- found version 6.15.1
[1.770s] -- Looking for ignition-utils1 -- found version 1.5.1
[1.790s] -- Compiling against Gazebo Fortress
[1.848s] -- Configuring done
[1.854s] -- Generating done
[1.856s] -- Build files have been written to: /home/dserbin/Documents/M-LADIS-sim/PX4 Aux/ws_sensor_combined/build/ros_ign_gazebo
[1.868s] Invoked command in '/home/dserbin/Documents/M-LADIS-sim/PX4 Aux/ws_sensor_combined/build/ros_ign_gazebo' returned '0': AMENT_PREFIX_PATH=/home/dserbin/Documents/M-LADIS-sim/PX4 Aux/ws_sensor_combined/install/ros_gz_sim:${AMENT_PREFIX_PATH} CMAKE_PREFIX_PATH=/home/dserbin/Documents/M-LADIS-sim/PX4 Aux/ws_sensor_combined/install/ros_gz_sim:/opt/ros/humble LD_LIBRARY_PATH=/home/dserbin/Documents/M-LADIS-sim/PX4 Aux/ws_sensor_combined/install/ros_gz_sim/lib:${LD_LIBRARY_PATH} /usr/bin/cmake /home/dserbin/Documents/M-LADIS-sim/PX4 Aux/ws_sensor_combined/src/ros_gz/ros_ign_gazebo -DCMAKE_INSTALL_PREFIX=/home/dserbin/Documents/M-LADIS-sim/PX4 Aux/ws_sensor_combined/install/ros_ign_gazebo
[1.869s] Invoking command in '/home/dserbin/Documents/M-LADIS-sim/PX4 Aux/ws_sensor_combined/build/ros_ign_gazebo': AMENT_PREFIX_PATH=/home/dserbin/Documents/M-LADIS-sim/PX4 Aux/ws_sensor_combined/install/ros_gz_sim:${AMENT_PREFIX_PATH} CMAKE_PREFIX_PATH=/home/dserbin/Documents/M-LADIS-sim/PX4 Aux/ws_sensor_combined/install/ros_gz_sim:/opt/ros/humble LD_LIBRARY_PATH=/home/dserbin/Documents/M-LADIS-sim/PX4 Aux/ws_sensor_combined/install/ros_gz_sim/lib:${LD_LIBRARY_PATH} /usr/bin/cmake --build /home/dserbin/Documents/M-LADIS-sim/PX4 Aux/ws_sensor_combined/build/ros_ign_gazebo -- -j16 -l16
[1.922s] [ 50%] [32mBuilding CXX object CMakeFiles/create.dir/src/create_shim.cpp.o[0m
[2.120s] [100%] [32m[1mLinking CXX executable create[0m
[2.187s] [100%] Built target create
[2.198s] Invoked command in '/home/dserbin/Documents/M-LADIS-sim/PX4 Aux/ws_sensor_combined/build/ros_ign_gazebo' returned '0': AMENT_PREFIX_PATH=/home/dserbin/Documents/M-LADIS-sim/PX4 Aux/ws_sensor_combined/install/ros_gz_sim:${AMENT_PREFIX_PATH} CMAKE_PREFIX_PATH=/home/dserbin/Documents/M-LADIS-sim/PX4 Aux/ws_sensor_combined/install/ros_gz_sim:/opt/ros/humble LD_LIBRARY_PATH=/home/dserbin/Documents/M-LADIS-sim/PX4 Aux/ws_sensor_combined/install/ros_gz_sim/lib:${LD_LIBRARY_PATH} /usr/bin/cmake --build /home/dserbin/Documents/M-LADIS-sim/PX4 Aux/ws_sensor_combined/build/ros_ign_gazebo -- -j16 -l16
[2.223s] Invoking command in '/home/dserbin/Documents/M-LADIS-sim/PX4 Aux/ws_sensor_combined/build/ros_ign_gazebo': AMENT_PREFIX_PATH=/home/dserbin/Documents/M-LADIS-sim/PX4 Aux/ws_sensor_combined/install/ros_gz_sim:${AMENT_PREFIX_PATH} CMAKE_PREFIX_PATH=/home/dserbin/Documents/M-LADIS-sim/PX4 Aux/ws_sensor_combined/install/ros_gz_sim:/opt/ros/humble LD_LIBRARY_PATH=/home/dserbin/Documents/M-LADIS-sim/PX4 Aux/ws_sensor_combined/install/ros_gz_sim/lib:${LD_LIBRARY_PATH} /usr/bin/cmake --install /home/dserbin/Documents/M-LADIS-sim/PX4 Aux/ws_sensor_combined/build/ros_ign_gazebo
[2.229s] -- Install configuration: ""
[2.229s] -- Installing: /home/dserbin/Documents/M-LADIS-sim/PX4 Aux/ws_sensor_combined/install/ros_ign_gazebo/share/ros_ign_gazebo/launch/ign_gazebo.launch.py
[2.230s] -- Installing: /home/dserbin/Documents/M-LADIS-sim/PX4 Aux/ws_sensor_combined/install/ros_ign_gazebo/lib/ros_ign_gazebo/create
[2.230s] -- Set runtime path of "/home/dserbin/Documents/M-LADIS-sim/PX4 Aux/ws_sensor_combined/install/ros_ign_gazebo/lib/ros_ign_gazebo/create" to ""
[2.230s] -- Installing: /home/dserbin/Documents/M-LADIS-sim/PX4 Aux/ws_sensor_combined/install/ros_ign_gazebo/share/ament_index/resource_index/package_run_dependencies/ros_ign_gazebo
[2.230s] -- Installing: /home/dserbin/Documents/M-LADIS-sim/PX4 Aux/ws_sensor_combined/install/ros_ign_gazebo/share/ament_index/resource_index/parent_prefix_path/ros_ign_gazebo
[2.231s] -- Installing: /home/dserbin/Documents/M-LADIS-sim/PX4 Aux/ws_sensor_combined/install/ros_ign_gazebo/share/ros_ign_gazebo/environment/ament_prefix_path.sh
[2.231s] -- Installing: /home/dserbin/Documents/M-LADIS-sim/PX4 Aux/ws_sensor_combined/install/ros_ign_gazebo/share/ros_ign_gazebo/environment/ament_prefix_path.dsv
[2.231s] -- Installing: /home/dserbin/Documents/M-LADIS-sim/PX4 Aux/ws_sensor_combined/install/ros_ign_gazebo/share/ros_ign_gazebo/environment/path.sh
[2.231s] -- Installing: /home/dserbin/Documents/M-LADIS-sim/PX4 Aux/ws_sensor_combined/install/ros_ign_gazebo/share/ros_ign_gazebo/environment/path.dsv
[2.231s] -- Installing: /home/dserbin/Documents/M-LADIS-sim/PX4 Aux/ws_sensor_combined/install/ros_ign_gazebo/share/ros_ign_gazebo/local_setup.bash
[2.231s] -- Installing: /home/dserbin/Documents/M-LADIS-sim/PX4 Aux/ws_sensor_combined/install/ros_ign_gazebo/share/ros_ign_gazebo/local_setup.sh
[2.231s] -- Installing: /home/dserbin/Documents/M-LADIS-sim/PX4 Aux/ws_sensor_combined/install/ros_ign_gazebo/share/ros_ign_gazebo/local_setup.zsh
[2.232s] -- Installing: /home/dserbin/Documents/M-LADIS-sim/PX4 Aux/ws_sensor_combined/install/ros_ign_gazebo/share/ros_ign_gazebo/local_setup.dsv
[2.232s] -- Installing: /home/dserbin/Documents/M-LADIS-sim/PX4 Aux/ws_sensor_combined/install/ros_ign_gazebo/share/ros_ign_gazebo/package.dsv
[2.232s] -- Installing: /home/dserbin/Documents/M-LADIS-sim/PX4 Aux/ws_sensor_combined/install/ros_ign_gazebo/share/ament_index/resource_index/packages/ros_ign_gazebo
[2.232s] -- Installing: /home/dserbin/Documents/M-LADIS-sim/PX4 Aux/ws_sensor_combined/install/ros_ign_gazebo/share/ros_ign_gazebo/cmake/ament_cmake_export_dependencies-extras.cmake
[2.232s] -- Installing: /home/dserbin/Documents/M-LADIS-sim/PX4 Aux/ws_sensor_combined/install/ros_ign_gazebo/share/ros_ign_gazebo/cmake/ros_ign_gazeboConfig.cmake
[2.232s] -- Installing: /home/dserbin/Documents/M-LADIS-sim/PX4 Aux/ws_sensor_combined/install/ros_ign_gazebo/share/ros_ign_gazebo/cmake/ros_ign_gazeboConfig-version.cmake
[2.233s] -- Installing: /home/dserbin/Documents/M-LADIS-sim/PX4 Aux/ws_sensor_combined/install/ros_ign_gazebo/share/ros_ign_gazebo/package.xml
[2.235s] Invoked command in '/home/dserbin/Documents/M-LADIS-sim/PX4 Aux/ws_sensor_combined/build/ros_ign_gazebo' returned '0': AMENT_PREFIX_PATH=/home/dserbin/Documents/M-LADIS-sim/PX4 Aux/ws_sensor_combined/install/ros_gz_sim:${AMENT_PREFIX_PATH} CMAKE_PREFIX_PATH=/home/dserbin/Documents/M-LADIS-sim/PX4 Aux/ws_sensor_combined/install/ros_gz_sim:/opt/ros/humble LD_LIBRARY_PATH=/home/dserbin/Documents/M-LADIS-sim/PX4 Aux/ws_sensor_combined/install/ros_gz_sim/lib:${LD_LIBRARY_PATH} /usr/bin/cmake --install /home/dserbin/Documents/M-LADIS-sim/PX4 Aux/ws_sensor_combined/build/ros_ign_gazebo
