[0.008s] Invoking command in '/home/dserbin/Documents/M-LADIS-sim/PX4 Aux/ws_sensor_combined/build/ros_ign_gazebo': AMENT_PREFIX_PATH=/home/dserbin/Documents/M-LADIS-sim/PX4 Aux/ws_sensor_combined/install/ros_gz_sim:${AMENT_PREFIX_PATH} CMAKE_PREFIX_PATH=/home/dserbin/Documents/M-LADIS-sim/PX4 Aux/ws_sensor_combined/install/ros_gz_sim:/home/dserbin/Documents/M-LADIS-sim/PX4 Aux/ws_sensor_combined/install/velodyne:/home/dserbin/Documents/M-LADIS-sim/PX4 Aux/ws_sensor_combined/install/velodyne_pointcloud:/home/dserbin/Documents/M-LADIS-sim/PX4 Aux/ws_sensor_combined/install/velodyne_driver:/home/dserbin/Documents/M-LADIS-sim/PX4 Aux/ws_sensor_combined/install/velodyne_msgs:/home/dserbin/Documents/M-LADIS-sim/PX4 Aux/ws_sensor_combined/install/velodyne_laserscan:/home/dserbin/Documents/M-LADIS-sim/PX4 Aux/ws_sensor_combined/install/ros:/home/dserbin/Documents/M-LADIS-sim/PX4 Aux/ws_sensor_combined/install/px4_ros_com:/home/dserbin/Documents/M-LADIS-sim/PX4 Aux/ws_sensor_combined/install/px4_msgs:/opt/ros/humble LD_LIBRARY_PATH=/home/dserbin/Documents/M-LADIS-sim/PX4 Aux/ws_sensor_combined/install/ros_gz_sim/lib:${LD_LIBRARY_PATH} /usr/bin/cmake /home/dserbin/Documents/M-LADIS-sim/PX4 Aux/ws_sensor_combined/src/ros_gz/ros_ign_gazebo -DCMAKE_INSTALL_PREFIX=/home/dserbin/Documents/M-LADIS-sim/PX4 Aux/ws_sensor_combined/install/ros_ign_gazebo
[0.058s] -- The C compiler identification is GNU 11.4.0
[0.109s] -- The CXX compiler identification is GNU 11.4.0
[0.115s] -- Detecting C compiler ABI info
[0.180s] -- Detecting C compiler ABI info - done
[0.185s] -- Check for working C compiler: /usr/bin/cc - skipped
[0.186s] -- Detecting C compile features
[0.186s] -- Detecting C compile features - done
[0.188s] -- Detecting CXX compiler ABI info
[0.261s] -- Detecting CXX compiler ABI info - done
[0.266s] -- Check for working CXX compiler: /usr/bin/c++ - skipped
[0.266s] -- Detecting CXX compile features
[0.267s] -- Detecting CXX compile features - done
[0.270s] -- Found ament_cmake: 1.3.8 (/opt/ros/humble/share/ament_cmake/cmake)
[0.548s] -- Found Python3: /usr/bin/python3 (found version "3.10.12") found components: Interpreter 
[0.635s] -- Found ament_index_cpp: 1.4.0 (/opt/ros/humble/share/ament_index_cpp/cmake)
[0.639s] -- Looking for ignition-gazebo6 -- found version 6.16.0
[0.645s] -- Searching for dependencies of ignition-gazebo6
[0.648s] -- Looking for sdformat12 -- found version 12.7.2
[0.648s] -- Searching for dependencies of sdformat12
[0.653s] -- Checking for module 'tinyxml2'
[0.666s] --   Found tinyxml2, version 9.0.0
[0.706s] -- Looking for ignition-math6 -- found version 6.15.1
[0.707s] -- Searching for dependencies of ignition-math6
[0.710s] -- Looking for ignition-utils1 -- found version 1.5.1
[0.711s] -- Searching for dependencies of ignition-utils1
[0.714s] -- Looking for ignition-plugin1 -- found version 1.4.0
[0.714s] -- Searching for dependencies of ignition-plugin1
[0.715s] -- Searching for <ignition-plugin1> component [loader]
[0.718s] -- Looking for ignition-plugin1-loader -- found version 1.4.0
[0.718s] -- Searching for dependencies of ignition-plugin1-loader
[0.718s] -- Searching for <ignition-plugin1> component [register]
[0.721s] -- Looking for ignition-plugin1-register -- found version 1.4.0
[0.721s] -- Searching for dependencies of ignition-plugin1-register
[0.725s] -- Looking for ignition-transport11 -- found version 11.4.1
[0.725s] -- Searching for dependencies of ignition-transport11
[0.897s] -- Found Protobuf: /usr/lib/x86_64-linux-gnu/libprotobuf.so (found version "3.12.4") 
[0.911s] -- Config-file not installed for ZeroMQ -- checking for pkg-config
[0.916s] -- Checking for module 'libzmq >= 4'
[0.930s] --   Found libzmq , version 4.3.4
[0.968s] -- Found ZeroMQ: TRUE (Required is at least version "4") 
[0.974s] -- Checking for module 'uuid'
[0.989s] --   Found uuid, version 2.37.2
[1.025s] -- Found UUID: TRUE  
[1.025s] -- Looking for ignition-utils1 -- found version 1.5.1
[1.026s] -- Searching for dependencies of ignition-utils1
[1.026s] -- Searching for <ignition-utils1> component [cli]
[1.029s] -- Looking for ignition-utils1-cli -- found version 1.5.1
[1.029s] -- Searching for dependencies of ignition-utils1-cli
[1.033s] -- Looking for ignition-msgs8 -- found version 8.7.0
[1.033s] -- Searching for dependencies of ignition-msgs8
[1.054s] -- Found Protobuf: /usr/lib/x86_64-linux-gnu/libprotobuf.so (found suitable version "3.12.4", minimum required is "3") 
[1.054s] -- Looking for ignition-math6 -- found version 6.15.1
[1.066s] -- Searching for <ignition-transport11> component [log]
[1.070s] -- Looking for ignition-transport11-log -- found version 11.4.1
[1.070s] -- Searching for dependencies of ignition-transport11-log
[1.070s] -- Searching for <ignition-transport11> component [parameters]
[1.074s] -- Looking for ignition-transport11-parameters -- found version 11.4.1
[1.074s] -- Searching for dependencies of ignition-transport11-parameters
[1.075s] -- Looking for ignition-msgs8 -- found version 8.7.0
[1.078s] -- Looking for ignition-common4 -- found version 4.7.0
[1.079s] -- Searching for dependencies of ignition-common4
[1.079s] -- Looking for dlfcn.h - found
[1.080s] -- Looking for libdl - found
[1.081s] -- Found DL: TRUE  
[1.090s] -- Searching for <ignition-common4> component [profiler]
[1.093s] -- Looking for ignition-common4-profiler -- found version 4.7.0
[1.093s] -- Searching for dependencies of ignition-common4-profiler
[1.094s] -- Searching for <ignition-common4> component [events]
[1.097s] -- Looking for ignition-common4-events -- found version 4.7.0
[1.097s] -- Searching for dependencies of ignition-common4-events
[1.098s] -- Looking for ignition-math6 -- found version 6.15.1
[1.098s] -- Searching for <ignition-common4> component [av]
[1.101s] -- Looking for ignition-common4-av -- found version 4.7.0
[1.102s] -- Searching for dependencies of ignition-common4-av
[1.106s] -- Checking for module 'libswscale'
[1.120s] --   Found libswscale, version 5.9.100
[1.154s] -- Found SWSCALE: TRUE  
[1.158s] -- Checking for module 'libavdevice >= 56.4.100'
[1.171s] --   Found libavdevice , version 58.13.100
[1.211s] -- Found AVDEVICE: TRUE (Required is at least version "56.4.100") 
[1.215s] -- Checking for module 'libavformat'
[1.229s] --   Found libavformat, version 58.76.100
[1.265s] -- Found AVFORMAT: TRUE  
[1.270s] -- Checking for module 'libavcodec'
[1.284s] --   Found libavcodec, version 58.134.100
[1.319s] -- Found AVCODEC: TRUE  
[1.324s] -- Checking for module 'libavutil'
[1.337s] --   Found libavutil, version 56.70.100
[1.373s] -- Found AVUTIL: TRUE  
[1.377s] -- Looking for ignition-fuel_tools7 -- found version 7.3.0
[1.377s] -- Searching for dependencies of ignition-fuel_tools7
[1.472s] -- Found CURL: /usr/lib/x86_64-linux-gnu/libcurl.so (found version "7.81.0")  
[1.481s] -- Checking for module 'jsoncpp'
[1.498s] --   Found jsoncpp, version 1.9.5
[1.540s] -- Found JSONCPP: TRUE  
[1.547s] -- Checking for module 'libzip'
[1.562s] --   Found libzip, version 1.7.3
[1.601s] -- Found ZIP: TRUE  
[1.601s] -- Looking for ignition-common4 -- found version 4.7.0
[1.601s] -- Looking for ignition-math6 -- found version 6.15.1
[1.601s] -- Looking for ignition-msgs8 -- found version 8.7.0
[1.605s] -- Looking for ignition-gui6 -- found version 6.8.0
[1.606s] -- Searching for dependencies of ignition-gui6
[1.636s] -- Looking for ignition-math6 -- found version 6.15.1
[1.636s] -- Looking for ignition-common4 -- found version 4.7.0
[1.636s] -- Looking for ignition-plugin1 -- found version 1.4.0
[1.637s] -- Looking for ignition-transport11 -- found version 11.4.1
[1.640s] -- Looking for ignition-rendering6 -- found version 6.6.3
[1.640s] -- Searching for dependencies of ignition-rendering6
[1.641s] -- Looking for ignition-math6 -- found version 6.15.1
[1.641s] -- Searching for dependencies of ignition-math6
[1.641s] -- Searching for <ignition-math6> component [eigen3]
[1.644s] -- Looking for ignition-math6-eigen3 -- found version 6.15.1
[1.645s] -- Searching for dependencies of ignition-math6-eigen3
[1.654s] -- Looking for ignition-common4 -- found version 4.7.0
[1.654s] -- Searching for dependencies of ignition-common4
[1.654s] -- Looking for dlfcn.h - found
[1.654s] -- Looking for libdl - found
[1.664s] -- Searching for <ignition-common4> component [graphics]
[1.667s] -- Looking for ignition-common4-graphics -- found version 4.7.0
[1.668s] -- Searching for dependencies of ignition-common4-graphics
[1.668s] -- Looking for ignition-math6 -- found version 6.15.1
[1.668s] -- Looking for ignition-utils1 -- found version 1.5.1
[1.669s] -- Searching for <ignition-common4> component [events]
[1.669s] -- Looking for ignition-plugin1 -- found version 1.4.0
[1.670s] -- Searching for dependencies of ignition-plugin1
[1.670s] -- Searching for <ignition-plugin1> component [all]
[1.673s] -- Looking for all libraries of ignition-plugin1 -- found version 1.4.0
[1.673s] -- Looking for ignition-plugin1 -- found version 1.4.0
[1.675s] -- Looking for ignition-msgs8 -- found version 8.7.0
[1.697s] -- Looking for ignition-physics5 -- found version 5.3.2
[1.697s] -- Searching for dependencies of ignition-physics5
[1.697s] -- Looking for ignition-math6 -- found version 6.15.1
[1.698s] -- Looking for ignition-plugin1 -- found version 1.4.0
[1.698s] -- Looking for ignition-utils1 -- found version 1.5.1
[1.699s] -- Searching for <ignition-physics5> component [heightmap]
[1.702s] -- Looking for ignition-physics5-heightmap -- found version 5.3.2
[1.703s] -- Searching for dependencies of ignition-physics5-heightmap
[1.703s] -- Looking for ignition-common4 -- found version 4.7.0
[1.703s] -- Searching for <ignition-physics5> component [mesh]
[1.707s] -- Looking for ignition-physics5-mesh -- found version 5.3.2
[1.707s] -- Searching for dependencies of ignition-physics5-mesh
[1.708s] -- Looking for ignition-common4 -- found version 4.7.0
[1.708s] -- Searching for <ignition-physics5> component [sdf]
[1.712s] -- Looking for ignition-physics5-sdf -- found version 5.3.2
[1.712s] -- Searching for dependencies of ignition-physics5-sdf
[1.712s] -- Looking for sdformat12 -- found version 12.7.2
[1.716s] -- Looking for ignition-sensors6 -- found version 6.8.0
[1.717s] -- Searching for dependencies of ignition-sensors6
[1.739s] -- Found Protobuf: /usr/lib/x86_64-linux-gnu/libprotobuf.so (found version "3.12.4") 
[1.740s] -- Looking for ignition-math6 -- found version 6.15.1
[1.740s] -- Looking for ignition-common4 -- found version 4.7.0
[1.740s] -- Looking for ignition-transport11 -- found version 11.4.1
[1.741s] -- Looking for ignition-rendering6 -- found version 6.6.3
[1.741s] -- Looking for ignition-msgs8 -- found version 8.7.0
[1.741s] -- Looking for sdformat12 -- found version 12.7.2
[1.742s] -- Searching for <ignition-sensors6> component [air_pressure]
[1.745s] -- Looking for ignition-sensors6-air_pressure -- found version 6.8.0
[1.746s] -- Searching for dependencies of ignition-sensors6-air_pressure
[1.746s] -- Searching for <ignition-sensors6> component [altimeter]
[1.749s] -- Looking for ignition-sensors6-altimeter -- found version 6.8.0
[1.750s] -- Searching for dependencies of ignition-sensors6-altimeter
[1.750s] -- Searching for <ignition-sensors6> component [imu]
[1.754s] -- Looking for ignition-sensors6-imu -- found version 6.8.0
[1.754s] -- Searching for dependencies of ignition-sensors6-imu
[1.754s] -- Searching for <ignition-sensors6> component [force_torque]
[1.758s] -- Looking for ignition-sensors6-force_torque -- found version 6.8.0
[1.758s] -- Searching for dependencies of ignition-sensors6-force_torque
[1.758s] -- Searching for <ignition-sensors6> component [logical_camera]
[1.762s] -- Looking for ignition-sensors6-logical_camera -- found version 6.8.0
[1.762s] -- Searching for dependencies of ignition-sensors6-logical_camera
[1.762s] -- Searching for <ignition-sensors6> component [magnetometer]
[1.766s] -- Looking for ignition-sensors6-magnetometer -- found version 6.8.0
[1.766s] -- Searching for dependencies of ignition-sensors6-magnetometer
[1.767s] -- Searching for <ignition-sensors6> component [navsat]
[1.770s] -- Looking for ignition-sensors6-navsat -- found version 6.8.0
[1.771s] -- Searching for dependencies of ignition-sensors6-navsat
[1.771s] -- Searching for <ignition-sensors6> component [rendering]
[1.774s] -- Looking for ignition-sensors6-rendering -- found version 6.8.0
[1.775s] -- Searching for dependencies of ignition-sensors6-rendering
[1.775s] -- Searching for <ignition-sensors6> component [lidar]
[1.779s] -- Looking for ignition-sensors6-lidar -- found version 6.8.0
[1.779s] -- Searching for dependencies of ignition-sensors6-lidar
[1.780s] -- Looking for ignition-sensors6 -- found version 6.8.0
[1.780s] -- Searching for <ignition-sensors6> component [gpu_lidar]
[1.784s] -- Looking for ignition-sensors6-gpu_lidar -- found version 6.8.0
[1.784s] -- Searching for dependencies of ignition-sensors6-gpu_lidar
[1.784s] -- Looking for ignition-sensors6 -- found version 6.8.0
[1.785s] -- Searching for <ignition-sensors6> component [camera]
[1.788s] -- Looking for ignition-sensors6-camera -- found version 6.8.0
[1.789s] -- Searching for dependencies of ignition-sensors6-camera
[1.789s] -- Looking for ignition-sensors6 -- found version 6.8.0
[1.790s] -- Searching for <ignition-sensors6> component [boundingbox_camera]
[1.793s] -- Looking for ignition-sensors6-boundingbox_camera -- found version 6.8.0
[1.794s] -- Searching for dependencies of ignition-sensors6-boundingbox_camera
[1.794s] -- Searching for <ignition-sensors6> component [segmentation_camera]
[1.798s] -- Looking for ignition-sensors6-segmentation_camera -- found version 6.8.0
[1.798s] -- Searching for dependencies of ignition-sensors6-segmentation_camera
[1.799s] -- Searching for <ignition-sensors6> component [depth_camera]
[1.802s] -- Looking for ignition-sensors6-depth_camera -- found version 6.8.0
[1.803s] -- Searching for dependencies of ignition-sensors6-depth_camera
[1.803s] -- Looking for ignition-sensors6 -- found version 6.8.0
[1.804s] -- Searching for <ignition-sensors6> component [rgbd_camera]
[1.807s] -- Looking for ignition-sensors6-rgbd_camera -- found version 6.8.0
[1.808s] -- Searching for dependencies of ignition-sensors6-rgbd_camera
[1.808s] -- Looking for ignition-sensors6 -- found version 6.8.0
[1.809s] -- Searching for <ignition-sensors6> component [thermal_camera]
[1.812s] -- Looking for ignition-sensors6-thermal_camera -- found version 6.8.0
[1.813s] -- Searching for dependencies of ignition-sensors6-thermal_camera
[1.813s] -- Looking for ignition-sensors6 -- found version 6.8.0
[1.814s] -- Looking for ignition-rendering6 -- found version 6.6.3
[1.814s] -- Looking for ignition-math6 -- found version 6.15.1
[1.818s] -- Looking for ignition-utils1 -- found version 1.5.1
[1.845s] -- Compiling against Gazebo Fortress
[1.906s] -- Configuring done
[1.913s] -- Generating done
[1.915s] -- Build files have been written to: /home/dserbin/Documents/M-LADIS-sim/PX4 Aux/ws_sensor_combined/build/ros_ign_gazebo
[1.926s] Invoked command in '/home/dserbin/Documents/M-LADIS-sim/PX4 Aux/ws_sensor_combined/build/ros_ign_gazebo' returned '0': AMENT_PREFIX_PATH=/home/dserbin/Documents/M-LADIS-sim/PX4 Aux/ws_sensor_combined/install/ros_gz_sim:${AMENT_PREFIX_PATH} CMAKE_PREFIX_PATH=/home/dserbin/Documents/M-LADIS-sim/PX4 Aux/ws_sensor_combined/install/ros_gz_sim:/home/dserbin/Documents/M-LADIS-sim/PX4 Aux/ws_sensor_combined/install/velodyne:/home/dserbin/Documents/M-LADIS-sim/PX4 Aux/ws_sensor_combined/install/velodyne_pointcloud:/home/dserbin/Documents/M-LADIS-sim/PX4 Aux/ws_sensor_combined/install/velodyne_driver:/home/dserbin/Documents/M-LADIS-sim/PX4 Aux/ws_sensor_combined/install/velodyne_msgs:/home/dserbin/Documents/M-LADIS-sim/PX4 Aux/ws_sensor_combined/install/velodyne_laserscan:/home/dserbin/Documents/M-LADIS-sim/PX4 Aux/ws_sensor_combined/install/ros:/home/dserbin/Documents/M-LADIS-sim/PX4 Aux/ws_sensor_combined/install/px4_ros_com:/home/dserbin/Documents/M-LADIS-sim/PX4 Aux/ws_sensor_combined/install/px4_msgs:/opt/ros/humble LD_LIBRARY_PATH=/home/dserbin/Documents/M-LADIS-sim/PX4 Aux/ws_sensor_combined/install/ros_gz_sim/lib:${LD_LIBRARY_PATH} /usr/bin/cmake /home/dserbin/Documents/M-LADIS-sim/PX4 Aux/ws_sensor_combined/src/ros_gz/ros_ign_gazebo -DCMAKE_INSTALL_PREFIX=/home/dserbin/Documents/M-LADIS-sim/PX4 Aux/ws_sensor_combined/install/ros_ign_gazebo
[1.928s] Invoking command in '/home/dserbin/Documents/M-LADIS-sim/PX4 Aux/ws_sensor_combined/build/ros_ign_gazebo': AMENT_PREFIX_PATH=/home/dserbin/Documents/M-LADIS-sim/PX4 Aux/ws_sensor_combined/install/ros_gz_sim:${AMENT_PREFIX_PATH} CMAKE_PREFIX_PATH=/home/dserbin/Documents/M-LADIS-sim/PX4 Aux/ws_sensor_combined/install/ros_gz_sim:/home/dserbin/Documents/M-LADIS-sim/PX4 Aux/ws_sensor_combined/install/velodyne:/home/dserbin/Documents/M-LADIS-sim/PX4 Aux/ws_sensor_combined/install/velodyne_pointcloud:/home/dserbin/Documents/M-LADIS-sim/PX4 Aux/ws_sensor_combined/install/velodyne_driver:/home/dserbin/Documents/M-LADIS-sim/PX4 Aux/ws_sensor_combined/install/velodyne_msgs:/home/dserbin/Documents/M-LADIS-sim/PX4 Aux/ws_sensor_combined/install/velodyne_laserscan:/home/dserbin/Documents/M-LADIS-sim/PX4 Aux/ws_sensor_combined/install/ros:/home/dserbin/Documents/M-LADIS-sim/PX4 Aux/ws_sensor_combined/install/px4_ros_com:/home/dserbin/Documents/M-LADIS-sim/PX4 Aux/ws_sensor_combined/install/px4_msgs:/opt/ros/humble LD_LIBRARY_PATH=/home/dserbin/Documents/M-LADIS-sim/PX4 Aux/ws_sensor_combined/install/ros_gz_sim/lib:${LD_LIBRARY_PATH} /usr/bin/cmake --build /home/dserbin/Documents/M-LADIS-sim/PX4 Aux/ws_sensor_combined/build/ros_ign_gazebo -- -j16 -l16
[1.991s] [ 50%] [32mBuilding CXX object CMakeFiles/create.dir/src/create_shim.cpp.o[0m
[2.191s] [100%] [32m[1mLinking CXX executable create[0m
[2.259s] [100%] Built target create
[2.272s] Invoked command in '/home/dserbin/Documents/M-LADIS-sim/PX4 Aux/ws_sensor_combined/build/ros_ign_gazebo' returned '0': AMENT_PREFIX_PATH=/home/dserbin/Documents/M-LADIS-sim/PX4 Aux/ws_sensor_combined/install/ros_gz_sim:${AMENT_PREFIX_PATH} CMAKE_PREFIX_PATH=/home/dserbin/Documents/M-LADIS-sim/PX4 Aux/ws_sensor_combined/install/ros_gz_sim:/home/dserbin/Documents/M-LADIS-sim/PX4 Aux/ws_sensor_combined/install/velodyne:/home/dserbin/Documents/M-LADIS-sim/PX4 Aux/ws_sensor_combined/install/velodyne_pointcloud:/home/dserbin/Documents/M-LADIS-sim/PX4 Aux/ws_sensor_combined/install/velodyne_driver:/home/dserbin/Documents/M-LADIS-sim/PX4 Aux/ws_sensor_combined/install/velodyne_msgs:/home/dserbin/Documents/M-LADIS-sim/PX4 Aux/ws_sensor_combined/install/velodyne_laserscan:/home/dserbin/Documents/M-LADIS-sim/PX4 Aux/ws_sensor_combined/install/ros:/home/dserbin/Documents/M-LADIS-sim/PX4 Aux/ws_sensor_combined/install/px4_ros_com:/home/dserbin/Documents/M-LADIS-sim/PX4 Aux/ws_sensor_combined/install/px4_msgs:/opt/ros/humble LD_LIBRARY_PATH=/home/dserbin/Documents/M-LADIS-sim/PX4 Aux/ws_sensor_combined/install/ros_gz_sim/lib:${LD_LIBRARY_PATH} /usr/bin/cmake --build /home/dserbin/Documents/M-LADIS-sim/PX4 Aux/ws_sensor_combined/build/ros_ign_gazebo -- -j16 -l16
[2.303s] Invoking command in '/home/dserbin/Documents/M-LADIS-sim/PX4 Aux/ws_sensor_combined/build/ros_ign_gazebo': AMENT_PREFIX_PATH=/home/dserbin/Documents/M-LADIS-sim/PX4 Aux/ws_sensor_combined/install/ros_gz_sim:${AMENT_PREFIX_PATH} CMAKE_PREFIX_PATH=/home/dserbin/Documents/M-LADIS-sim/PX4 Aux/ws_sensor_combined/install/ros_gz_sim:/home/dserbin/Documents/M-LADIS-sim/PX4 Aux/ws_sensor_combined/install/velodyne:/home/dserbin/Documents/M-LADIS-sim/PX4 Aux/ws_sensor_combined/install/velodyne_pointcloud:/home/dserbin/Documents/M-LADIS-sim/PX4 Aux/ws_sensor_combined/install/velodyne_driver:/home/dserbin/Documents/M-LADIS-sim/PX4 Aux/ws_sensor_combined/install/velodyne_msgs:/home/dserbin/Documents/M-LADIS-sim/PX4 Aux/ws_sensor_combined/install/velodyne_laserscan:/home/dserbin/Documents/M-LADIS-sim/PX4 Aux/ws_sensor_combined/install/ros:/home/dserbin/Documents/M-LADIS-sim/PX4 Aux/ws_sensor_combined/install/px4_ros_com:/home/dserbin/Documents/M-LADIS-sim/PX4 Aux/ws_sensor_combined/install/px4_msgs:/opt/ros/humble LD_LIBRARY_PATH=/home/dserbin/Documents/M-LADIS-sim/PX4 Aux/ws_sensor_combined/install/ros_gz_sim/lib:${LD_LIBRARY_PATH} /usr/bin/cmake --install /home/dserbin/Documents/M-LADIS-sim/PX4 Aux/ws_sensor_combined/build/ros_ign_gazebo
[2.310s] -- Install configuration: ""
[2.311s] -- Installing: /home/dserbin/Documents/M-LADIS-sim/PX4 Aux/ws_sensor_combined/install/ros_ign_gazebo/share/ros_ign_gazebo/launch/ign_gazebo.launch.py
[2.311s] -- Installing: /home/dserbin/Documents/M-LADIS-sim/PX4 Aux/ws_sensor_combined/install/ros_ign_gazebo/lib/ros_ign_gazebo/create
[2.311s] -- Set runtime path of "/home/dserbin/Documents/M-LADIS-sim/PX4 Aux/ws_sensor_combined/install/ros_ign_gazebo/lib/ros_ign_gazebo/create" to ""
[2.311s] -- Installing: /home/dserbin/Documents/M-LADIS-sim/PX4 Aux/ws_sensor_combined/install/ros_ign_gazebo/share/ament_index/resource_index/package_run_dependencies/ros_ign_gazebo
[2.312s] -- Installing: /home/dserbin/Documents/M-LADIS-sim/PX4 Aux/ws_sensor_combined/install/ros_ign_gazebo/share/ament_index/resource_index/parent_prefix_path/ros_ign_gazebo
[2.312s] -- Installing: /home/dserbin/Documents/M-LADIS-sim/PX4 Aux/ws_sensor_combined/install/ros_ign_gazebo/share/ros_ign_gazebo/environment/ament_prefix_path.sh
[2.312s] -- Installing: /home/dserbin/Documents/M-LADIS-sim/PX4 Aux/ws_sensor_combined/install/ros_ign_gazebo/share/ros_ign_gazebo/environment/ament_prefix_path.dsv
[2.312s] -- Installing: /home/dserbin/Documents/M-LADIS-sim/PX4 Aux/ws_sensor_combined/install/ros_ign_gazebo/share/ros_ign_gazebo/environment/path.sh
[2.312s] -- Installing: /home/dserbin/Documents/M-LADIS-sim/PX4 Aux/ws_sensor_combined/install/ros_ign_gazebo/share/ros_ign_gazebo/environment/path.dsv
[2.312s] -- Installing: /home/dserbin/Documents/M-LADIS-sim/PX4 Aux/ws_sensor_combined/install/ros_ign_gazebo/share/ros_ign_gazebo/local_setup.bash
[2.313s] -- Installing: /home/dserbin/Documents/M-LADIS-sim/PX4 Aux/ws_sensor_combined/install/ros_ign_gazebo/share/ros_ign_gazebo/local_setup.sh
[2.313s] -- Installing: /home/dserbin/Documents/M-LADIS-sim/PX4 Aux/ws_sensor_combined/install/ros_ign_gazebo/share/ros_ign_gazebo/local_setup.zsh
[2.313s] -- Installing: /home/dserbin/Documents/M-LADIS-sim/PX4 Aux/ws_sensor_combined/install/ros_ign_gazebo/share/ros_ign_gazebo/local_setup.dsv
[2.313s] -- Installing: /home/dserbin/Documents/M-LADIS-sim/PX4 Aux/ws_sensor_combined/install/ros_ign_gazebo/share/ros_ign_gazebo/package.dsv
[2.313s] -- Installing: /home/dserbin/Documents/M-LADIS-sim/PX4 Aux/ws_sensor_combined/install/ros_ign_gazebo/share/ament_index/resource_index/packages/ros_ign_gazebo
[2.313s] -- Installing: /home/dserbin/Documents/M-LADIS-sim/PX4 Aux/ws_sensor_combined/install/ros_ign_gazebo/share/ros_ign_gazebo/cmake/ament_cmake_export_dependencies-extras.cmake
[2.314s] -- Installing: /home/dserbin/Documents/M-LADIS-sim/PX4 Aux/ws_sensor_combined/install/ros_ign_gazebo/share/ros_ign_gazebo/cmake/ros_ign_gazeboConfig.cmake
[2.314s] -- Installing: /home/dserbin/Documents/M-LADIS-sim/PX4 Aux/ws_sensor_combined/install/ros_ign_gazebo/share/ros_ign_gazebo/cmake/ros_ign_gazeboConfig-version.cmake
[2.314s] -- Installing: /home/dserbin/Documents/M-LADIS-sim/PX4 Aux/ws_sensor_combined/install/ros_ign_gazebo/share/ros_ign_gazebo/package.xml
[2.316s] Invoked command in '/home/dserbin/Documents/M-LADIS-sim/PX4 Aux/ws_sensor_combined/build/ros_ign_gazebo' returned '0': AMENT_PREFIX_PATH=/home/dserbin/Documents/M-LADIS-sim/PX4 Aux/ws_sensor_combined/install/ros_gz_sim:${AMENT_PREFIX_PATH} CMAKE_PREFIX_PATH=/home/dserbin/Documents/M-LADIS-sim/PX4 Aux/ws_sensor_combined/install/ros_gz_sim:/home/dserbin/Documents/M-LADIS-sim/PX4 Aux/ws_sensor_combined/install/velodyne:/home/dserbin/Documents/M-LADIS-sim/PX4 Aux/ws_sensor_combined/install/velodyne_pointcloud:/home/dserbin/Documents/M-LADIS-sim/PX4 Aux/ws_sensor_combined/install/velodyne_driver:/home/dserbin/Documents/M-LADIS-sim/PX4 Aux/ws_sensor_combined/install/velodyne_msgs:/home/dserbin/Documents/M-LADIS-sim/PX4 Aux/ws_sensor_combined/install/velodyne_laserscan:/home/dserbin/Documents/M-LADIS-sim/PX4 Aux/ws_sensor_combined/install/ros:/home/dserbin/Documents/M-LADIS-sim/PX4 Aux/ws_sensor_combined/install/px4_ros_com:/home/dserbin/Documents/M-LADIS-sim/PX4 Aux/ws_sensor_combined/install/px4_msgs:/opt/ros/humble LD_LIBRARY_PATH=/home/dserbin/Documents/M-LADIS-sim/PX4 Aux/ws_sensor_combined/install/ros_gz_sim/lib:${LD_LIBRARY_PATH} /usr/bin/cmake --install /home/dserbin/Documents/M-LADIS-sim/PX4 Aux/ws_sensor_combined/build/ros_ign_gazebo
