[0.084s] Invoking command in '/home/dserbin/Documents/M-LADIS-sim/PX4 Aux/ws_sensor_combined/build/px4_ros_com': CMAKE_PREFIX_PATH=/home/dserbin/Documents/M-LADIS-sim/PX4 Aux/ws_sensor_combined/install/px4_msgs:/home/dserbin/Documents/M-LADIS-sim/PX4 Aux/ws_sensor_combined/install/px4_ros_com:/opt/ros/humble LD_LIBRARY_PATH=/home/dserbin/Documents/M-LADIS-sim/PX4 Aux/ws_sensor_combined/install/px4_msgs/lib:/home/dserbin/Documents/M-LADIS-sim/PX4 Aux/ws_sensor_combined/install/px4_ros_com/lib:/opt/ros/humble/opt/rviz_ogre_vendor/lib:/opt/ros/humble/lib/x86_64-linux-gnu:/opt/ros/humble/lib /usr/bin/cmake --build /home/dserbin/Documents/M-LADIS-sim/PX4 Aux/ws_sensor_combined/build/px4_ros_com -- -j16 -l16
[0.144s] [35m[1mConsolidate compiler generated dependencies of target test_flight_control[0m
[0.162s] [ 75%] Built target sensor_combined_listener
[0.162s] [ 75%] Built target debug_vect_advertiser
[0.162s] [ 75%] Built target offboard_control
[0.162s] [ 75%] Built target frame_transforms
[0.162s] [ 83%] Built target vehicle_gps_position_listener
[0.169s] [ 91%] [32mBuilding CXX object CMakeFiles/test_flight_control.dir/src/examples/offboard/test_flight_control.cpp.o[0m
[5.195s] [100%] [32m[1mLinking CXX executable test_flight_control[0m
[5.416s] [100%] Built target test_flight_control
[5.433s] Invoked command in '/home/dserbin/Documents/M-LADIS-sim/PX4 Aux/ws_sensor_combined/build/px4_ros_com' returned '0': CMAKE_PREFIX_PATH=/home/dserbin/Documents/M-LADIS-sim/PX4 Aux/ws_sensor_combined/install/px4_msgs:/home/dserbin/Documents/M-LADIS-sim/PX4 Aux/ws_sensor_combined/install/px4_ros_com:/opt/ros/humble LD_LIBRARY_PATH=/home/dserbin/Documents/M-LADIS-sim/PX4 Aux/ws_sensor_combined/install/px4_msgs/lib:/home/dserbin/Documents/M-LADIS-sim/PX4 Aux/ws_sensor_combined/install/px4_ros_com/lib:/opt/ros/humble/opt/rviz_ogre_vendor/lib:/opt/ros/humble/lib/x86_64-linux-gnu:/opt/ros/humble/lib /usr/bin/cmake --build /home/dserbin/Documents/M-LADIS-sim/PX4 Aux/ws_sensor_combined/build/px4_ros_com -- -j16 -l16
[5.485s] Invoking command in '/home/dserbin/Documents/M-LADIS-sim/PX4 Aux/ws_sensor_combined/build/px4_ros_com': CMAKE_PREFIX_PATH=/home/dserbin/Documents/M-LADIS-sim/PX4 Aux/ws_sensor_combined/install/px4_msgs:/home/dserbin/Documents/M-LADIS-sim/PX4 Aux/ws_sensor_combined/install/px4_ros_com:/opt/ros/humble LD_LIBRARY_PATH=/home/dserbin/Documents/M-LADIS-sim/PX4 Aux/ws_sensor_combined/install/px4_msgs/lib:/home/dserbin/Documents/M-LADIS-sim/PX4 Aux/ws_sensor_combined/install/px4_ros_com/lib:/opt/ros/humble/opt/rviz_ogre_vendor/lib:/opt/ros/humble/lib/x86_64-linux-gnu:/opt/ros/humble/lib /usr/bin/cmake --install /home/dserbin/Documents/M-LADIS-sim/PX4 Aux/ws_sensor_combined/build/px4_ros_com
[5.495s] -- Install configuration: ""
[5.495s] -- Up-to-date: /home/dserbin/Documents/M-LADIS-sim/PX4 Aux/ws_sensor_combined/install/px4_ros_com/lib/px4_ros_com/sensor_combined_listener
[5.495s] -- Up-to-date: /home/dserbin/Documents/M-LADIS-sim/PX4 Aux/ws_sensor_combined/install/px4_ros_com/lib/px4_ros_com/vehicle_gps_position_listener
[5.495s] -- Up-to-date: /home/dserbin/Documents/M-LADIS-sim/PX4 Aux/ws_sensor_combined/install/px4_ros_com/lib/px4_ros_com/debug_vect_advertiser
[5.496s] -- Up-to-date: /home/dserbin/Documents/M-LADIS-sim/PX4 Aux/ws_sensor_combined/install/px4_ros_com/lib/px4_ros_com/offboard_control
[5.496s] -- Installing: /home/dserbin/Documents/M-LADIS-sim/PX4 Aux/ws_sensor_combined/install/px4_ros_com/lib/px4_ros_com/test_flight_control
[5.498s] -- Set runtime path of "/home/dserbin/Documents/M-LADIS-sim/PX4 Aux/ws_sensor_combined/install/px4_ros_com/lib/px4_ros_com/test_flight_control" to ""
[5.498s] -- Up-to-date: /home/dserbin/Documents/M-LADIS-sim/PX4 Aux/ws_sensor_combined/install/px4_ros_com/share/px4_ros_com/environment/library_path.sh
[5.498s] -- Up-to-date: /home/dserbin/Documents/M-LADIS-sim/PX4 Aux/ws_sensor_combined/install/px4_ros_com/share/px4_ros_com/environment/library_path.dsv
[5.499s] -- Up-to-date: /home/dserbin/Documents/M-LADIS-sim/PX4 Aux/ws_sensor_combined/install/px4_ros_com/include/px4_ros_com
[5.499s] -- Up-to-date: /home/dserbin/Documents/M-LADIS-sim/PX4 Aux/ws_sensor_combined/install/px4_ros_com/include/px4_ros_com/frame_transforms.h
[5.499s] -- Up-to-date: /home/dserbin/Documents/M-LADIS-sim/PX4 Aux/ws_sensor_combined/install/px4_ros_com/lib/libframe_transforms.so
[5.499s] -- Up-to-date: /home/dserbin/Documents/M-LADIS-sim/PX4 Aux/ws_sensor_combined/install/px4_ros_com/share/px4_ros_com//launch
[5.499s] -- Up-to-date: /home/dserbin/Documents/M-LADIS-sim/PX4 Aux/ws_sensor_combined/install/px4_ros_com/share/px4_ros_com//launch/sensor_combined_listener.launch.py
[5.499s] -- Up-to-date: /home/dserbin/Documents/M-LADIS-sim/PX4 Aux/ws_sensor_combined/install/px4_ros_com/share/px4_ros_com//launch/offboard_control_launch.yaml
[5.499s] -- Up-to-date: /home/dserbin/Documents/M-LADIS-sim/PX4 Aux/ws_sensor_combined/install/px4_ros_com/share/px4_ros_com//test
[5.499s] -- Up-to-date: /home/dserbin/Documents/M-LADIS-sim/PX4 Aux/ws_sensor_combined/install/px4_ros_com/share/px4_ros_com//test/pipeline_io_test.py
[5.499s] -- Up-to-date: /home/dserbin/Documents/M-LADIS-sim/PX4 Aux/ws_sensor_combined/install/px4_ros_com/share/px4_ros_com//test/__init__.py
[5.499s] -- Up-to-date: /home/dserbin/Documents/M-LADIS-sim/PX4 Aux/ws_sensor_combined/install/px4_ros_com/share/px4_ros_com//test/test_input.py
[5.499s] -- Up-to-date: /home/dserbin/Documents/M-LADIS-sim/PX4 Aux/ws_sensor_combined/install/px4_ros_com/share/px4_ros_com//test/test_output.py
[5.499s] -- Up-to-date: /home/dserbin/Documents/M-LADIS-sim/PX4 Aux/ws_sensor_combined/install/px4_ros_com/share/ament_index/resource_index/package_run_dependencies/px4_ros_com
[5.499s] -- Up-to-date: /home/dserbin/Documents/M-LADIS-sim/PX4 Aux/ws_sensor_combined/install/px4_ros_com/share/ament_index/resource_index/parent_prefix_path/px4_ros_com
[5.499s] -- Up-to-date: /home/dserbin/Documents/M-LADIS-sim/PX4 Aux/ws_sensor_combined/install/px4_ros_com/share/px4_ros_com/environment/ament_prefix_path.sh
[5.500s] -- Up-to-date: /home/dserbin/Documents/M-LADIS-sim/PX4 Aux/ws_sensor_combined/install/px4_ros_com/share/px4_ros_com/environment/ament_prefix_path.dsv
[5.500s] -- Up-to-date: /home/dserbin/Documents/M-LADIS-sim/PX4 Aux/ws_sensor_combined/install/px4_ros_com/share/px4_ros_com/environment/path.sh
[5.500s] -- Up-to-date: /home/dserbin/Documents/M-LADIS-sim/PX4 Aux/ws_sensor_combined/install/px4_ros_com/share/px4_ros_com/environment/path.dsv
[5.500s] -- Up-to-date: /home/dserbin/Documents/M-LADIS-sim/PX4 Aux/ws_sensor_combined/install/px4_ros_com/share/px4_ros_com/local_setup.bash
[5.500s] -- Up-to-date: /home/dserbin/Documents/M-LADIS-sim/PX4 Aux/ws_sensor_combined/install/px4_ros_com/share/px4_ros_com/local_setup.sh
[5.500s] -- Up-to-date: /home/dserbin/Documents/M-LADIS-sim/PX4 Aux/ws_sensor_combined/install/px4_ros_com/share/px4_ros_com/local_setup.zsh
[5.500s] -- Up-to-date: /home/dserbin/Documents/M-LADIS-sim/PX4 Aux/ws_sensor_combined/install/px4_ros_com/share/px4_ros_com/local_setup.dsv
[5.500s] -- Installing: /home/dserbin/Documents/M-LADIS-sim/PX4 Aux/ws_sensor_combined/install/px4_ros_com/share/px4_ros_com/package.dsv
[5.500s] -- Up-to-date: /home/dserbin/Documents/M-LADIS-sim/PX4 Aux/ws_sensor_combined/install/px4_ros_com/share/ament_index/resource_index/packages/px4_ros_com
[5.500s] -- Up-to-date: /home/dserbin/Documents/M-LADIS-sim/PX4 Aux/ws_sensor_combined/install/px4_ros_com/share/px4_ros_com/cmake/export_frame_transformsExport.cmake
[5.500s] -- Up-to-date: /home/dserbin/Documents/M-LADIS-sim/PX4 Aux/ws_sensor_combined/install/px4_ros_com/share/px4_ros_com/cmake/export_frame_transformsExport-noconfig.cmake
[5.500s] -- Up-to-date: /home/dserbin/Documents/M-LADIS-sim/PX4 Aux/ws_sensor_combined/install/px4_ros_com/share/px4_ros_com/cmake/ament_cmake_export_dependencies-extras.cmake
[5.500s] -- Up-to-date: /home/dserbin/Documents/M-LADIS-sim/PX4 Aux/ws_sensor_combined/install/px4_ros_com/share/px4_ros_com/cmake/ament_cmake_export_targets-extras.cmake
[5.500s] -- Up-to-date: /home/dserbin/Documents/M-LADIS-sim/PX4 Aux/ws_sensor_combined/install/px4_ros_com/share/px4_ros_com/cmake/ament_cmake_export_include_directories-extras.cmake
[5.500s] -- Up-to-date: /home/dserbin/Documents/M-LADIS-sim/PX4 Aux/ws_sensor_combined/install/px4_ros_com/share/px4_ros_com/cmake/ament_cmake_export_libraries-extras.cmake
[5.500s] -- Up-to-date: /home/dserbin/Documents/M-LADIS-sim/PX4 Aux/ws_sensor_combined/install/px4_ros_com/share/px4_ros_com/cmake/px4_ros_comConfig.cmake
[5.500s] -- Up-to-date: /home/dserbin/Documents/M-LADIS-sim/PX4 Aux/ws_sensor_combined/install/px4_ros_com/share/px4_ros_com/cmake/px4_ros_comConfig-version.cmake
[5.500s] -- Up-to-date: /home/dserbin/Documents/M-LADIS-sim/PX4 Aux/ws_sensor_combined/install/px4_ros_com/share/px4_ros_com/package.xml
[5.503s] Invoked command in '/home/dserbin/Documents/M-LADIS-sim/PX4 Aux/ws_sensor_combined/build/px4_ros_com' returned '0': CMAKE_PREFIX_PATH=/home/dserbin/Documents/M-LADIS-sim/PX4 Aux/ws_sensor_combined/install/px4_msgs:/home/dserbin/Documents/M-LADIS-sim/PX4 Aux/ws_sensor_combined/install/px4_ros_com:/opt/ros/humble LD_LIBRARY_PATH=/home/dserbin/Documents/M-LADIS-sim/PX4 Aux/ws_sensor_combined/install/px4_msgs/lib:/home/dserbin/Documents/M-LADIS-sim/PX4 Aux/ws_sensor_combined/install/px4_ros_com/lib:/opt/ros/humble/opt/rviz_ogre_vendor/lib:/opt/ros/humble/lib/x86_64-linux-gnu:/opt/ros/humble/lib /usr/bin/cmake --install /home/dserbin/Documents/M-LADIS-sim/PX4 Aux/ws_sensor_combined/build/px4_ros_com
