[01m[K/home/robmoemac/M-LADIS-sim/PX4 Aux/ws_sensor_combined/src/px4_ros_com/src/examples/offboard/offboard_control.cpp:[m[K In constructor ‘[01m[KOffboardControl::OffboardControl()[m[K’:
[01m[K/home/robmoemac/M-LADIS-sim/PX4 Aux/ws_sensor_combined/src/px4_ros_com/src/examples/offboard/offboard_control.cpp:66:92:[m[K [01;31m[Kerror: [m[Kno matching function for call to ‘[01m[KOffboardControl::create_subscription<px4_msgs::msg::TrajectorySetpoint>(const char [26], int)[m[K’
   66 |                 flight_trajectory_waypoint_ = [01;31m[Kthis->create_subscription<TrajectorySetpoint>("/fmu/in/autonomy_waypoint",10)[m[K;
      |                                               [01;31m[K~~~~~~~~~~~~~~~~~~~~~~~~~~~~~~~~~~~~~~~~~~~~~^~~~~~~~~~~~~~~~~~~~~~~~~~~~~~~~[m[K
In file included from [01m[K/opt/ros/humble/include/rclcpp/rclcpp/executors/single_threaded_executor.hpp:28[m[K,
                 from [01m[K/opt/ros/humble/include/rclcpp/rclcpp/executors.hpp:22[m[K,
                 from [01m[K/opt/ros/humble/include/rclcpp/rclcpp/rclcpp.hpp:155[m[K,
                 from [01m[K/home/robmoemac/M-LADIS-sim/PX4 Aux/ws_sensor_combined/src/px4_ros_com/src/examples/offboard/offboard_control.cpp:46[m[K:
[01m[K/opt/ros/humble/include/rclcpp/rclcpp/node.hpp:219:3:[m[K [01;36m[Knote: [m[Kcandidate: ‘[01m[Ktemplate<class MessageT, class CallbackT, class AllocatorT, class SubscriptionT, class MessageMemoryStrategyT> std::shared_ptr<ROSMessageT> rclcpp::Node::create_subscription(const string&, const rclcpp::QoS&, CallbackT&&, const rclcpp::SubscriptionOptionsWithAllocator<AllocatorT>&, typename MessageMemoryStrategyT::SharedPtr)[m[K’
  219 |   [01;36m[Kcreate_subscription[m[K(
      |   [01;36m[K^~~~~~~~~~~~~~~~~~~[m[K
[01m[K/opt/ros/humble/include/rclcpp/rclcpp/node.hpp:219:3:[m[K [01;36m[Knote: [m[K  template argument deduction/substitution failed:
[01m[K/home/robmoemac/M-LADIS-sim/PX4 Aux/ws_sensor_combined/src/px4_ros_com/src/examples/offboard/offboard_control.cpp:66:92:[m[K [01;36m[Knote: [m[K  candidate expects 5 arguments, 2 provided
   66 |                 flight_trajectory_waypoint_ = [01;36m[Kthis->create_subscription<TrajectorySetpoint>("/fmu/in/autonomy_waypoint",10)[m[K;
      |                                               [01;36m[K~~~~~~~~~~~~~~~~~~~~~~~~~~~~~~~~~~~~~~~~~~~~~^~~~~~~~~~~~~~~~~~~~~~~~~~~~~~~~[m[K
[01m[K/home/robmoemac/M-LADIS-sim/PX4 Aux/ws_sensor_combined/src/px4_ros_com/src/examples/offboard/offboard_control.cpp:[m[K In lambda function:
[01m[K/home/robmoemac/M-LADIS-sim/PX4 Aux/ws_sensor_combined/src/px4_ros_com/src/examples/offboard/offboard_control.cpp:84:25:[m[K [01;31m[Kerror: [m[K‘[01m[KWaypointInfo[m[K’ was not declared in this scope
   84 |                         [01;31m[KWaypointInfo[m[K waypoint = WaypointMSgCallback();
      |                         [01;31m[K^~~~~~~~~~~~[m[K
[01m[K/home/robmoemac/M-LADIS-sim/PX4 Aux/ws_sensor_combined/src/px4_ros_com/src/examples/offboard/offboard_control.cpp:86:61:[m[K [01;31m[Kerror: [m[K‘[01m[Kwaypoint[m[K’ was not declared in this scope
   86 |                         publish_trajectory_setpoint_forward([01;31m[Kwaypoint[m[K.x,waypoint.y,waypoint.z,waypoint.yaw); // my own thing
      |                                                             [01;31m[K^~~~~~~~[m[K
[01m[K/home/robmoemac/M-LADIS-sim/PX4 Aux/ws_sensor_combined/src/px4_ros_com/src/examples/offboard/offboard_control.cpp:[m[K In function ‘[01m[KWaypointInfo WaypointMsgCallback(px4_msgs::msg::TrajectorySetpoint_<std::allocator<void> >::SharedPtr)[m[K’:
[01m[K/home/robmoemac/M-LADIS-sim/PX4 Aux/ws_sensor_combined/src/px4_ros_com/src/examples/offboard/offboard_control.cpp:208:5:[m[K [01;31m[Kerror: [m[Kexpected initializer before ‘[01m[Kwaypoint[m[K’
  208 |     [01;31m[Kwaypoint[m[K.x = msg->position[0];
      |     [01;31m[K^~~~~~~~[m[K
[01m[K/home/robmoemac/M-LADIS-sim/PX4 Aux/ws_sensor_combined/src/px4_ros_com/src/examples/offboard/offboard_control.cpp:209:5:[m[K [01;31m[Kerror: [m[K‘[01m[Kwaypoint[m[K’ was not declared in this scope
  209 |     [01;31m[Kwaypoint[m[K.y = msg->position[1];
      |     [01;31m[K^~~~~~~~[m[K
[01m[K/home/robmoemac/M-LADIS-sim/PX4 Aux/ws_sensor_combined/src/px4_ros_com/src/examples/offboard/offboard_control.cpp:212:25:[m[K [01;31m[Kerror: [m[K‘[01m[Kconst SharedPtr[m[K’ {aka ‘[01m[Kconst class std::shared_ptr<px4_msgs::msg::TrajectorySetpoint_<std::allocator<void> > >[m[K’} has no member named ‘[01m[Ktimestamp[m[K’
  212 |     waypoint.time = msg.[01;31m[Ktimestamp[m[K = this->get_clock()->now().nanoseconds() / 1000;
      |                         [01;31m[K^~~~~~~~~[m[K
[01m[K/home/robmoemac/M-LADIS-sim/PX4 Aux/ws_sensor_combined/src/px4_ros_com/src/examples/offboard/offboard_control.cpp:212:37:[m[K [01;31m[Kerror: [m[Kinvalid use of ‘[01m[Kthis[m[K’ in non-member function
  212 |     waypoint.time = msg.timestamp = [01;31m[Kthis[m[K->get_clock()->now().nanoseconds() / 1000;
      |                                     [01;31m[K^~~~[m[K
gmake[2]: *** [CMakeFiles/offboard_control.dir/build.make:76: CMakeFiles/offboard_control.dir/src/examples/offboard/offboard_control.cpp.o] Error 1
gmake[1]: *** [CMakeFiles/Makefile2:249: CMakeFiles/offboard_control.dir/all] Error 2
gmake: *** [Makefile:146: all] Error 2
