[0.013s] Invoking command in '/home/robmoemac/M-LADIS-Jerry/ws_sensor_combined/build/px4_ros_com': CMAKE_PREFIX_PATH=/home/robmoemac/M-LADIS-Jerry/ws_sensor_combined/install/px4_msgs:/home/robmoemac/M-LADIS-Jerry/ws_sensor_combined/install/px4_ros_com:/home/robmoemac/M-LADIS-Jerry/ws_sensor_combined/install/nearest_poster_yaw:/home/robmoemac/M-LADIS-Jerry/ws_sensor_combined/install/localization:/home/robmoemac/M-LADIS-Jerry/ws_sensor_combined/install/classifier:/opt/ros/humble /usr/bin/cmake --build /home/robmoemac/M-LADIS-Jerry/ws_sensor_combined/build/px4_ros_com -- -j8 -l8
[0.062s] [35m[1mConsolidate compiler generated dependencies of target PointCloudProcessor[0m
[0.065s] [ 16%] Built target vehicle_gps_position_listener
[0.067s] [ 33%] Built target offboard_control
[0.069s] [ 50%] Built target debug_vect_advertiser
[0.069s] [ 66%] Built target sensor_combined_listener
[0.070s] [ 83%] Built target test_flight_control
[0.096s] [ 91%] [32mBuilding CXX object CMakeFiles/PointCloudProcessor.dir/src/PointCloudProcessor.cpp.o[0m
[2.038s] In file included from [01m[K/home/robmoemac/M-LADIS-Jerry/ws_sensor_combined/src/px4_ros_com/src/PointCloudProcessor.cpp:19[m[K:
[2.038s] [01m[K/home/robmoemac/M-LADIS-Jerry/ws_sensor_combined/src/px4_ros_com/src/predator_detection.cpp:47:41:[m[K [01;35m[Kwarning: [m[Kcharacter constant too long for its type
[2.038s]    47 |     printCentroidsToCSV(pred_candidates,[01;35m[K'predator_centroids.csv'[m[K);
[2.038s]       |                                         [01;35m[K^~~~~~~~~~~~~~~~~~~~~~~~[m[K
[2.038s] [01m[K/home/robmoemac/M-LADIS-Jerry/ws_sensor_combined/src/px4_ros_com/src/PointCloudProcessor.cpp:150:46:[m[K [01;35m[Kwarning: [m[Kcharacter constant too long for its type
[2.038s]   150 |      writeCentroidsToCSV(centroids_saturated,[01;35m[K'centroids.csv'[m[K);
[2.038s]       |                                              [01;35m[K^~~~~~~~~~~~~~~[m[K
[7.099s] In file included from [01m[K/home/robmoemac/M-LADIS-Jerry/ws_sensor_combined/src/px4_ros_com/src/predator_detection.cpp:9[m[K,
[7.099s]                  from [01m[K/home/robmoemac/M-LADIS-Jerry/ws_sensor_combined/src/px4_ros_com/src/PointCloudProcessor.cpp:19[m[K:
[7.099s] [01m[K/home/robmoemac/M-LADIS-Jerry/ws_sensor_combined/src/px4_ros_com/src/object_detection.cpp:25:18:[m[K [01;31m[Kerror: [m[Kredefinition of ‘[01m[Kconstexpr const double clusterDistance[m[K’
[7.099s]    25 | constexpr double [01;31m[KclusterDistance[m[K = 0.5; // Maximum distance between points in a cluster
[7.099s]       |                  [01;31m[K^~~~~~~~~~~~~~~[m[K
[7.099s] In file included from [01m[K/home/robmoemac/M-LADIS-Jerry/ws_sensor_combined/src/px4_ros_com/src/PointCloudProcessor.cpp:13[m[K:
[7.099s] [01m[K/home/robmoemac/M-LADIS-Jerry/ws_sensor_combined/src/px4_ros_com/src/object_detection.cpp:25:18:[m[K [01;36m[Knote: [m[K‘[01m[Kconstexpr const double clusterDistance[m[K’ previously defined here
[7.099s]    25 | constexpr double [01;36m[KclusterDistance[m[K = 0.5; // Maximum distance between points in a cluster
[7.099s]       |                  [01;36m[K^~~~~~~~~~~~~~~[m[K
[7.099s] In file included from [01m[K/home/robmoemac/M-LADIS-Jerry/ws_sensor_combined/src/px4_ros_com/src/predator_detection.cpp:9[m[K,
[7.099s]                  from [01m[K/home/robmoemac/M-LADIS-Jerry/ws_sensor_combined/src/px4_ros_com/src/PointCloudProcessor.cpp:19[m[K:
[7.100s] [01m[K/home/robmoemac/M-LADIS-Jerry/ws_sensor_combined/src/px4_ros_com/src/object_detection.cpp:26:18:[m[K [01;31m[Kerror: [m[Kredefinition of ‘[01m[Kconstexpr const size_t minClusterSize[m[K’
[7.100s]    26 | constexpr size_t [01;31m[KminClusterSize[m[K = 3;    // Minimum number of points to form a cluster
[7.100s]       |                  [01;31m[K^~~~~~~~~~~~~~[m[K
[7.100s] In file included from [01m[K/home/robmoemac/M-LADIS-Jerry/ws_sensor_combined/src/px4_ros_com/src/PointCloudProcessor.cpp:13[m[K:
[7.100s] [01m[K/home/robmoemac/M-LADIS-Jerry/ws_sensor_combined/src/px4_ros_com/src/object_detection.cpp:26:18:[m[K [01;36m[Knote: [m[K‘[01m[Kconstexpr const size_t minClusterSize[m[K’ previously defined here
[7.100s]    26 | constexpr size_t [01;36m[KminClusterSize[m[K = 3;    // Minimum number of points to form a cluster
[7.100s]       |                  [01;36m[K^~~~~~~~~~~~~~[m[K
[7.100s] In file included from [01m[K/home/robmoemac/M-LADIS-Jerry/ws_sensor_combined/src/px4_ros_com/src/predator_detection.cpp:9[m[K,
[7.101s]                  from [01m[K/home/robmoemac/M-LADIS-Jerry/ws_sensor_combined/src/px4_ros_com/src/PointCloudProcessor.cpp:19[m[K:
[7.101s] [01m[K/home/robmoemac/M-LADIS-Jerry/ws_sensor_combined/src/px4_ros_com/src/object_detection.cpp:29:8:[m[K [01;31m[Kerror: [m[Kredefinition of ‘[01m[Kstruct Point[m[K’
[7.101s]    29 | struct [01;31m[KPoint[m[K
[7.101s]       |        [01;31m[K^~~~~[m[K
[7.101s] In file included from [01m[K/home/robmoemac/M-LADIS-Jerry/ws_sensor_combined/src/px4_ros_com/src/PointCloudProcessor.cpp:13[m[K:
[7.101s] [01m[K/home/robmoemac/M-LADIS-Jerry/ws_sensor_combined/src/px4_ros_com/src/object_detection.cpp:29:8:[m[K [01;36m[Knote: [m[Kprevious definition of ‘[01m[Kstruct Point[m[K’
[7.101s]    29 | struct [01;36m[KPoint[m[K
[7.101s]       |        [01;36m[K^~~~~[m[K
[7.101s] In file included from [01m[K/home/robmoemac/M-LADIS-Jerry/ws_sensor_combined/src/px4_ros_com/src/predator_detection.cpp:9[m[K,
[7.101s]                  from [01m[K/home/robmoemac/M-LADIS-Jerry/ws_sensor_combined/src/px4_ros_com/src/PointCloudProcessor.cpp:19[m[K:
[7.101s] [01m[K/home/robmoemac/M-LADIS-Jerry/ws_sensor_combined/src/px4_ros_com/src/object_detection.cpp:41:8:[m[K [01;31m[Kerror: [m[Kredefinition of ‘[01m[Kstruct BoundingBox[m[K’
[7.101s]    41 | struct [01;31m[KBoundingBox[m[K {
[7.102s]       |        [01;31m[K^~~~~~~~~~~[m[K
[7.102s] In file included from [01m[K/home/robmoemac/M-LADIS-Jerry/ws_sensor_combined/src/px4_ros_com/src/PointCloudProcessor.cpp:13[m[K:
[7.102s] [01m[K/home/robmoemac/M-LADIS-Jerry/ws_sensor_combined/src/px4_ros_com/src/object_detection.cpp:41:8:[m[K [01;36m[Knote: [m[Kprevious definition of ‘[01m[Kstruct BoundingBox[m[K’
[7.102s]    41 | struct [01;36m[KBoundingBox[m[K {
[7.102s]       |        [01;36m[K^~~~~~~~~~~[m[K
[7.102s] In file included from [01m[K/home/robmoemac/M-LADIS-Jerry/ws_sensor_combined/src/px4_ros_com/src/predator_detection.cpp:9[m[K,
[7.102s]                  from [01m[K/home/robmoemac/M-LADIS-Jerry/ws_sensor_combined/src/px4_ros_com/src/PointCloudProcessor.cpp:19[m[K:
[7.102s] [01m[K/home/robmoemac/M-LADIS-Jerry/ws_sensor_combined/src/px4_ros_com/src/object_detection.cpp:47:8:[m[K [01;31m[Kerror: [m[Kredefinition of ‘[01m[Kstruct obj[m[K’
[7.102s]    47 | struct [01;31m[Kobj[m[K
[7.102s]       |        [01;31m[K^~~[m[K
[7.102s] In file included from [01m[K/home/robmoemac/M-LADIS-Jerry/ws_sensor_combined/src/px4_ros_com/src/PointCloudProcessor.cpp:13[m[K:
[7.102s] [01m[K/home/robmoemac/M-LADIS-Jerry/ws_sensor_combined/src/px4_ros_com/src/object_detection.cpp:47:8:[m[K [01;36m[Knote: [m[Kprevious definition of ‘[01m[Kstruct obj[m[K’
[7.102s]    47 | struct [01;36m[Kobj[m[K
[7.103s]       |        [01;36m[K^~~[m[K
[7.103s] In file included from [01m[K/home/robmoemac/M-LADIS-Jerry/ws_sensor_combined/src/px4_ros_com/src/predator_detection.cpp:9[m[K,
[7.103s]                  from [01m[K/home/robmoemac/M-LADIS-Jerry/ws_sensor_combined/src/px4_ros_com/src/PointCloudProcessor.cpp:19[m[K:
[7.103s] [01m[K/home/robmoemac/M-LADIS-Jerry/ws_sensor_combined/src/px4_ros_com/src/object_detection.cpp:53:13:[m[K [01;31m[Kerror: [m[Kredefinition of ‘[01m[KBoundingBox computeBoundingBox(const std::vector<Point>&)[m[K’
[7.103s]    53 | BoundingBox [01;31m[KcomputeBoundingBox[m[K(const std::vector<Point>& cluster) {
[7.103s]       |             [01;31m[K^~~~~~~~~~~~~~~~~~[m[K
[7.103s] In file included from [01m[K/home/robmoemac/M-LADIS-Jerry/ws_sensor_combined/src/px4_ros_com/src/PointCloudProcessor.cpp:13[m[K:
[7.103s] [01m[K/home/robmoemac/M-LADIS-Jerry/ws_sensor_combined/src/px4_ros_com/src/object_detection.cpp:53:13:[m[K [01;36m[Knote: [m[K‘[01m[KBoundingBox computeBoundingBox(const std::vector<Point>&)[m[K’ previously defined here
[7.103s]    53 | BoundingBox [01;36m[KcomputeBoundingBox[m[K(const std::vector<Point>& cluster) {
[7.103s]       |             [01;36m[K^~~~~~~~~~~~~~~~~~[m[K
[7.104s] In file included from [01m[K/home/robmoemac/M-LADIS-Jerry/ws_sensor_combined/src/px4_ros_com/src/predator_detection.cpp:9[m[K,
[7.104s]                  from [01m[K/home/robmoemac/M-LADIS-Jerry/ws_sensor_combined/src/px4_ros_com/src/PointCloudProcessor.cpp:19[m[K:
[7.104s] [01m[K/home/robmoemac/M-LADIS-Jerry/ws_sensor_combined/src/px4_ros_com/src/object_detection.cpp:74:26:[m[K [01;31m[Kerror: [m[Kredefinition of ‘[01m[Kstd::vector<BoundingBox> computeBoxes(const std::vector<std::vector<Point> >&)[m[K’
[7.104s]    74 | std::vector<BoundingBox> [01;31m[KcomputeBoxes[m[K(const std::vector<std::vector<Point>>& clusters){
[7.104s]       |                          [01;31m[K^~~~~~~~~~~~[m[K
[7.104s] In file included from [01m[K/home/robmoemac/M-LADIS-Jerry/ws_sensor_combined/src/px4_ros_com/src/PointCloudProcessor.cpp:13[m[K:
[7.104s] [01m[K/home/robmoemac/M-LADIS-Jerry/ws_sensor_combined/src/px4_ros_com/src/object_detection.cpp:74:26:[m[K [01;36m[Knote: [m[K‘[01m[Kstd::vector<BoundingBox> computeBoxes(const std::vector<std::vector<Point> >&)[m[K’ previously defined here
[7.105s]    74 | std::vector<BoundingBox> [01;36m[KcomputeBoxes[m[K(const std::vector<std::vector<Point>>& clusters){
[7.105s]       |                          [01;36m[K^~~~~~~~~~~~[m[K
[7.105s] In file included from [01m[K/home/robmoemac/M-LADIS-Jerry/ws_sensor_combined/src/px4_ros_com/src/predator_detection.cpp:9[m[K,
[7.105s]                  from [01m[K/home/robmoemac/M-LADIS-Jerry/ws_sensor_combined/src/px4_ros_com/src/PointCloudProcessor.cpp:19[m[K:
[7.105s] [01m[K/home/robmoemac/M-LADIS-Jerry/ws_sensor_combined/src/px4_ros_com/src/object_detection.cpp:86:7:[m[K [01;31m[Kerror: [m[Kredefinition of ‘[01m[Kfloat euclideanDistance(const Point&, const Point&)[m[K’
[7.105s]    86 | float [01;31m[KeuclideanDistance[m[K(const Point& p1, const Point& p2) {
[7.105s]       |       [01;31m[K^~~~~~~~~~~~~~~~~[m[K
[7.105s] In file included from [01m[K/home/robmoemac/M-LADIS-Jerry/ws_sensor_combined/src/px4_ros_com/src/PointCloudProcessor.cpp:13[m[K:
[7.105s] [01m[K/home/robmoemac/M-LADIS-Jerry/ws_sensor_combined/src/px4_ros_com/src/object_detection.cpp:86:7:[m[K [01;36m[Knote: [m[K‘[01m[Kfloat euclideanDistance(const Point&, const Point&)[m[K’ previously defined here
[7.105s]    86 | float [01;36m[KeuclideanDistance[m[K(const Point& p1, const Point& p2) {
[7.106s]       |       [01;36m[K^~~~~~~~~~~~~~~~~[m[K
[7.106s] In file included from [01m[K/home/robmoemac/M-LADIS-Jerry/ws_sensor_combined/src/px4_ros_com/src/predator_detection.cpp:9[m[K,
[7.106s]                  from [01m[K/home/robmoemac/M-LADIS-Jerry/ws_sensor_combined/src/px4_ros_com/src/PointCloudProcessor.cpp:19[m[K:
[7.106s] [01m[K/home/robmoemac/M-LADIS-Jerry/ws_sensor_combined/src/px4_ros_com/src/object_detection.cpp:94:33:[m[K [01;31m[Kerror: [m[Kredefinition of ‘[01m[Kstd::vector<std::vector<Point> > euclideanClustering(const std::vector<Point>&)[m[K’
[7.106s]    94 | std::vector<std::vector<Point>> [01;31m[KeuclideanClustering[m[K(const std::vector<Point>& points) {
[7.106s]       |                                 [01;31m[K^~~~~~~~~~~~~~~~~~~[m[K
[7.106s] In file included from [01m[K/home/robmoemac/M-LADIS-Jerry/ws_sensor_combined/src/px4_ros_com/src/PointCloudProcessor.cpp:13[m[K:
[7.106s] [01m[K/home/robmoemac/M-LADIS-Jerry/ws_sensor_combined/src/px4_ros_com/src/object_detection.cpp:94:33:[m[K [01;36m[Knote: [m[K‘[01m[Kstd::vector<std::vector<Point> > euclideanClustering(const std::vector<Point>&)[m[K’ previously defined here
[7.106s]    94 | std::vector<std::vector<Point>> [01;36m[KeuclideanClustering[m[K(const std::vector<Point>& points) {
[7.106s]       |                                 [01;36m[K^~~~~~~~~~~~~~~~~~~[m[K
[7.106s] In file included from [01m[K/home/robmoemac/M-LADIS-Jerry/ws_sensor_combined/src/px4_ros_com/src/predator_detection.cpp:9[m[K,
[7.106s]                  from [01m[K/home/robmoemac/M-LADIS-Jerry/ws_sensor_combined/src/px4_ros_com/src/PointCloudProcessor.cpp:19[m[K:
[7.107s] [01m[K/home/robmoemac/M-LADIS-Jerry/ws_sensor_combined/src/px4_ros_com/src/object_detection.cpp:123:7:[m[K [01;31m[Kerror: [m[Kredefinition of ‘[01m[KPoint calculateCentroid(const std::vector<Point>&)[m[K’
[7.107s]   123 | Point [01;31m[KcalculateCentroid[m[K(const std::vector<Point>& cluster) {
[7.107s]       |       [01;31m[K^~~~~~~~~~~~~~~~~[m[K
[7.107s] In file included from [01m[K/home/robmoemac/M-LADIS-Jerry/ws_sensor_combined/src/px4_ros_com/src/PointCloudProcessor.cpp:13[m[K:
[7.107s] [01m[K/home/robmoemac/M-LADIS-Jerry/ws_sensor_combined/src/px4_ros_com/src/object_detection.cpp:123:7:[m[K [01;36m[Knote: [m[K‘[01m[KPoint calculateCentroid(const std::vector<Point>&)[m[K’ previously defined here
[7.107s]   123 | Point [01;36m[KcalculateCentroid[m[K(const std::vector<Point>& cluster) {
[7.107s]       |       [01;36m[K^~~~~~~~~~~~~~~~~[m[K
[7.107s] In file included from [01m[K/home/robmoemac/M-LADIS-Jerry/ws_sensor_combined/src/px4_ros_com/src/predator_detection.cpp:9[m[K,
[7.107s]                  from [01m[K/home/robmoemac/M-LADIS-Jerry/ws_sensor_combined/src/px4_ros_com/src/PointCloudProcessor.cpp:19[m[K:
[7.107s] [01m[K/home/robmoemac/M-LADIS-Jerry/ws_sensor_combined/src/px4_ros_com/src/object_detection.cpp:136:20:[m[K [01;31m[Kerror: [m[Kredefinition of ‘[01m[Kstd::vector<Point> calculateCentroids(const std::vector<std::vector<Point> >&)[m[K’
[7.107s]   136 | std::vector<Point> [01;31m[KcalculateCentroids[m[K(const std::vector<std::vector<Point>>& clusters) {
[7.107s]       |                    [01;31m[K^~~~~~~~~~~~~~~~~~[m[K
[7.107s] In file included from [01m[K/home/robmoemac/M-LADIS-Jerry/ws_sensor_combined/src/px4_ros_com/src/PointCloudProcessor.cpp:13[m[K:
[7.108s] [01m[K/home/robmoemac/M-LADIS-Jerry/ws_sensor_combined/src/px4_ros_com/src/object_detection.cpp:136:20:[m[K [01;36m[Knote: [m[K‘[01m[Kstd::vector<Point> calculateCentroids(const std::vector<std::vector<Point> >&)[m[K’ previously defined here
[7.108s]   136 | std::vector<Point> [01;36m[KcalculateCentroids[m[K(const std::vector<std::vector<Point>>& clusters) {
[7.108s]       |                    [01;36m[K^~~~~~~~~~~~~~~~~~[m[K
[7.108s] In file included from [01m[K/home/robmoemac/M-LADIS-Jerry/ws_sensor_combined/src/px4_ros_com/src/predator_detection.cpp:9[m[K,
[7.108s]                  from [01m[K/home/robmoemac/M-LADIS-Jerry/ws_sensor_combined/src/px4_ros_com/src/PointCloudProcessor.cpp:19[m[K:
[7.108s] [01m[K/home/robmoemac/M-LADIS-Jerry/ws_sensor_combined/src/px4_ros_com/src/object_detection.cpp:146:6:[m[K [01;31m[Kerror: [m[Kredefinition of ‘[01m[Kvoid printCentroids(const std::vector<Point>&)[m[K’
[7.108s]   146 | void [01;31m[KprintCentroids[m[K(const std::vector<Point>& centroids) {
[7.108s]       |      [01;31m[K^~~~~~~~~~~~~~[m[K
[7.108s] In file included from [01m[K/home/robmoemac/M-LADIS-Jerry/ws_sensor_combined/src/px4_ros_com/src/PointCloudProcessor.cpp:13[m[K:
[7.108s] [01m[K/home/robmoemac/M-LADIS-Jerry/ws_sensor_combined/src/px4_ros_com/src/object_detection.cpp:146:6:[m[K [01;36m[Knote: [m[K‘[01m[Kvoid printCentroids(const std::vector<Point>&)[m[K’ previously defined here
[7.108s]   146 | void [01;36m[KprintCentroids[m[K(const std::vector<Point>& centroids) {
[7.108s]       |      [01;36m[K^~~~~~~~~~~~~~[m[K
[7.108s] In file included from [01m[K/home/robmoemac/M-LADIS-Jerry/ws_sensor_combined/src/px4_ros_com/src/predator_detection.cpp:9[m[K,
[7.109s]                  from [01m[K/home/robmoemac/M-LADIS-Jerry/ws_sensor_combined/src/px4_ros_com/src/PointCloudProcessor.cpp:19[m[K:
[7.109s] [01m[K/home/robmoemac/M-LADIS-Jerry/ws_sensor_combined/src/px4_ros_com/src/object_detection.cpp:153:20:[m[K [01;31m[Kerror: [m[Kredefinition of ‘[01m[Kstd::vector<Point> generatePointsWithClusters(int, int)[m[K’
[7.109s]   153 | std::vector<Point> [01;31m[KgeneratePointsWithClusters[m[K(int num_points, int num_clusters) {
[7.109s]       |                    [01;31m[K^~~~~~~~~~~~~~~~~~~~~~~~~~[m[K
[7.109s] In file included from [01m[K/home/robmoemac/M-LADIS-Jerry/ws_sensor_combined/src/px4_ros_com/src/PointCloudProcessor.cpp:13[m[K:
[7.109s] [01m[K/home/robmoemac/M-LADIS-Jerry/ws_sensor_combined/src/px4_ros_com/src/object_detection.cpp:153:20:[m[K [01;36m[Knote: [m[K‘[01m[Kstd::vector<Point> generatePointsWithClusters(int, int)[m[K’ previously defined here
[7.109s]   153 | std::vector<Point> [01;36m[KgeneratePointsWithClusters[m[K(int num_points, int num_clusters) {
[7.109s]       |                    [01;36m[K^~~~~~~~~~~~~~~~~~~~~~~~~~[m[K
[7.109s] In file included from [01m[K/home/robmoemac/M-LADIS-Jerry/ws_sensor_combined/src/px4_ros_com/src/predator_detection.cpp:9[m[K,
[7.109s]                  from [01m[K/home/robmoemac/M-LADIS-Jerry/ws_sensor_combined/src/px4_ros_com/src/PointCloudProcessor.cpp:19[m[K:
[7.109s] [01m[K/home/robmoemac/M-LADIS-Jerry/ws_sensor_combined/src/px4_ros_com/src/object_detection.cpp:180:18:[m[K [01;31m[Kerror: [m[Kredefinition of ‘[01m[Kstd::vector<obj> outputObjects(std::vector<Point>, std::vector<BoundingBox>)[m[K’
[7.109s]   180 | std::vector<obj> [01;31m[KoutputObjects[m[K(vector<Point> centroids, vector<BoundingBox> boxes){
[7.109s]       |                  [01;31m[K^~~~~~~~~~~~~[m[K
[7.109s] In file included from [01m[K/home/robmoemac/M-LADIS-Jerry/ws_sensor_combined/src/px4_ros_com/src/PointCloudProcessor.cpp:13[m[K:
[7.110s] [01m[K/home/robmoemac/M-LADIS-Jerry/ws_sensor_combined/src/px4_ros_com/src/object_detection.cpp:180:18:[m[K [01;36m[Knote: [m[K‘[01m[Kstd::vector<obj> outputObjects(std::vector<Point>, std::vector<BoundingBox>)[m[K’ previously defined here
[7.110s]   180 | std::vector<obj> [01;36m[KoutputObjects[m[K(vector<Point> centroids, vector<BoundingBox> boxes){
[7.110s]       |                  [01;36m[K^~~~~~~~~~~~~[m[K
[7.110s] In file included from [01m[K/home/robmoemac/M-LADIS-Jerry/ws_sensor_combined/src/px4_ros_com/src/predator_detection.cpp:9[m[K,
[7.110s]                  from [01m[K/home/robmoemac/M-LADIS-Jerry/ws_sensor_combined/src/px4_ros_com/src/PointCloudProcessor.cpp:19[m[K:
[7.110s] [01m[K/home/robmoemac/M-LADIS-Jerry/ws_sensor_combined/src/px4_ros_com/src/object_detection.cpp:191:6:[m[K [01;31m[Kerror: [m[Kredefinition of ‘[01m[Kvoid writeCentroidsToCSV(const std::vector<Point>&, std::string)[m[K’
[7.110s]   191 | void [01;31m[KwriteCentroidsToCSV[m[K(const std::vector<Point>& centroids,string filename) {
[7.110s]       |      [01;31m[K^~~~~~~~~~~~~~~~~~~[m[K
[7.110s] In file included from [01m[K/home/robmoemac/M-LADIS-Jerry/ws_sensor_combined/src/px4_ros_com/src/PointCloudProcessor.cpp:13[m[K:
[7.110s] [01m[K/home/robmoemac/M-LADIS-Jerry/ws_sensor_combined/src/px4_ros_com/src/object_detection.cpp:191:6:[m[K [01;36m[Knote: [m[K‘[01m[Kvoid writeCentroidsToCSV(const std::vector<Point>&, std::string)[m[K’ previously defined here
[7.110s]   191 | void [01;36m[KwriteCentroidsToCSV[m[K(const std::vector<Point>& centroids,string filename) {
[7.110s]       |      [01;36m[K^~~~~~~~~~~~~~~~~~~[m[K
[7.111s] In file included from [01m[K/home/robmoemac/M-LADIS-Jerry/ws_sensor_combined/src/px4_ros_com/src/predator_detection.cpp:9[m[K,
[7.111s]                  from [01m[K/home/robmoemac/M-LADIS-Jerry/ws_sensor_combined/src/px4_ros_com/src/PointCloudProcessor.cpp:19[m[K:
[7.111s] [01m[K/home/robmoemac/M-LADIS-Jerry/ws_sensor_combined/src/px4_ros_com/src/object_detection.cpp:219:6:[m[K [01;31m[Kerror: [m[Kredefinition of ‘[01m[Kvoid euclideanClusteringUsingKDTree(const std::vector<Point>&, float, std::vector<bool, std::allocator<bool> >&, flann::Index<flann::L2<float> >&, std::vector<std::vector<Point> >&)[m[K’
[7.111s]   219 | void [01;31m[KeuclideanClusteringUsingKDTree[m[K(
[7.111s]       |      [01;31m[K^~~~~~~~~~~~~~~~~~~~~~~~~~~~~~[m[K
[7.111s] In file included from [01m[K/home/robmoemac/M-LADIS-Jerry/ws_sensor_combined/src/px4_ros_com/src/PointCloudProcessor.cpp:13[m[K:
[7.111s] [01m[K/home/robmoemac/M-LADIS-Jerry/ws_sensor_combined/src/px4_ros_com/src/object_detection.cpp:219:6:[m[K [01;36m[Knote: [m[K‘[01m[Kvoid euclideanClusteringUsingKDTree(const std::vector<Point>&, float, std::vector<bool, std::allocator<bool> >&, flann::Index<flann::L2<float> >&, std::vector<std::vector<Point> >&)[m[K’ previously defined here
[7.111s]   219 | void [01;36m[KeuclideanClusteringUsingKDTree[m[K(
[7.111s]       |      [01;36m[K^~~~~~~~~~~~~~~~~~~~~~~~~~~~~~[m[K
[7.113s] In file included from [01m[K/home/robmoemac/M-LADIS-Jerry/ws_sensor_combined/src/px4_ros_com/src/predator_detection.cpp:9[m[K,
[7.113s]                  from [01m[K/home/robmoemac/M-LADIS-Jerry/ws_sensor_combined/src/px4_ros_com/src/PointCloudProcessor.cpp:19[m[K:
[7.113s] [01m[K/home/robmoemac/M-LADIS-Jerry/ws_sensor_combined/src/px4_ros_com/src/object_detection.cpp:272:6:[m[K [01;31m[Kerror: [m[Kredefinition of ‘[01m[Kvoid writeAllClusterPointsToSingleCSV(const std::vector<std::vector<Point> >&)[m[K’
[7.113s]   272 | void [01;31m[KwriteAllClusterPointsToSingleCSV[m[K(const std::vector<std::vector<Point>>& clusters) {
[7.114s]       |      [01;31m[K^~~~~~~~~~~~~~~~~~~~~~~~~~~~~~~~[m[K
[7.114s] In file included from [01m[K/home/robmoemac/M-LADIS-Jerry/ws_sensor_combined/src/px4_ros_com/src/PointCloudProcessor.cpp:13[m[K:
[7.114s] [01m[K/home/robmoemac/M-LADIS-Jerry/ws_sensor_combined/src/px4_ros_com/src/object_detection.cpp:272:6:[m[K [01;36m[Knote: [m[K‘[01m[Kvoid writeAllClusterPointsToSingleCSV(const std::vector<std::vector<Point> >&)[m[K’ previously defined here
[7.114s]   272 | void [01;36m[KwriteAllClusterPointsToSingleCSV[m[K(const std::vector<std::vector<Point>>& clusters) {
[7.114s]       |      [01;36m[K^~~~~~~~~~~~~~~~~~~~~~~~~~~~~~~~[m[K
[7.117s] In file included from [01m[K/home/robmoemac/M-LADIS-Jerry/ws_sensor_combined/src/px4_ros_com/src/PointCloudProcessor.cpp:19[m[K:
[7.117s] [01m[K/home/robmoemac/M-LADIS-Jerry/ws_sensor_combined/src/px4_ros_com/src/predator_detection.cpp:[m[K In function ‘[01m[Kstd::vector<Point> filterArena(std::vector<Point>, std::vector<Point>)[m[K’:
[7.117s] [01m[K/home/robmoemac/M-LADIS-Jerry/ws_sensor_combined/src/px4_ros_com/src/predator_detection.cpp:35:22:[m[K [01;35m[Kwarning: [m[Kcomparison of integer expressions of different signedness: ‘[01m[Kint[m[K’ and ‘[01m[Kstd::vector<Point>::size_type[m[K’ {aka ‘[01m[Klong unsigned int[m[K’} [[01;35m[K]8;;https://gcc.gnu.org/onlinedocs/gcc/Warning-Options.html#index-Wsign-compare-Wsign-compare]8;;[m[K]
[7.117s]    35 |     for(int i = 0; [01;35m[Ki < centroids.size()[m[K; ++i){
[7.117s]       |                    [01;35m[K~~^~~~~~~~~~~~~~~~~~[m[K
[7.141s] [01m[K/home/robmoemac/M-LADIS-Jerry/ws_sensor_combined/src/px4_ros_com/src/predator_detection.cpp:[m[K In function ‘[01m[KPoint findPredator(std::vector<Point>, std::vector<Point>)[m[K’:
[7.141s] [01m[K/home/robmoemac/M-LADIS-Jerry/ws_sensor_combined/src/px4_ros_com/src/predator_detection.cpp:47:5:[m[K [01;31m[Kerror: [m[K‘[01m[KprintCentroidsToCSV[m[K’ was not declared in this scope; did you mean ‘[01m[KwriteCentroidsToCSV[m[K’?
[7.141s]    47 |     [01;31m[KprintCentroidsToCSV[m[K(pred_candidates,'predator_centroids.csv');
[7.141s]       |     [01;31m[K^~~~~~~~~~~~~~~~~~~[m[K
[7.141s]       |     [32m[KwriteCentroidsToCSV[m[K
[7.141s] [01m[K/home/robmoemac/M-LADIS-Jerry/ws_sensor_combined/src/px4_ros_com/src/predator_detection.cpp:49:1:[m[K [01;35m[Kwarning: [m[Kno return statement in function returning non-void [[01;35m[K]8;;https://gcc.gnu.org/onlinedocs/gcc/Warning-Options.html#index-Wreturn-type-Wreturn-type]8;;[m[K]
[7.141s]    49 | [01;35m[K}[m[K
[7.141s]       | [01;35m[K^[m[K
[7.302s] [01m[K/home/robmoemac/M-LADIS-Jerry/ws_sensor_combined/src/px4_ros_com/src/PointCloudProcessor.cpp:[m[K In member function ‘[01m[Kvoid PointCloudProcessor::pointCloudCallback(sensor_msgs::msg::PointCloud2_<std::allocator<void> >::SharedPtr)[m[K’:
[7.302s] [01m[K/home/robmoemac/M-LADIS-Jerry/ws_sensor_combined/src/px4_ros_com/src/PointCloudProcessor.cpp:150:46:[m[K [01;31m[Kerror: [m[Kcould not convert ‘[01m[K778269558[m[K’ from ‘[01m[Kint[m[K’ to ‘[01m[Kstd::string[m[K’ {aka ‘[01m[Kstd::__cxx11::basic_string<char>[m[K’}
[7.302s]   150 |      writeCentroidsToCSV(centroids_saturated,[01;31m[K'centroids.csv'[m[K);
[7.302s]       |                                              [01;31m[K^~~~~~~~~~~~~~~[m[K
[7.302s]       |                                              [01;31m[K|[m[K
[7.302s]       |                                              [01;31m[Kint[m[K
[11.048s] gmake[2]: *** [CMakeFiles/PointCloudProcessor.dir/build.make:76: CMakeFiles/PointCloudProcessor.dir/src/PointCloudProcessor.cpp.o] Error 1
[11.049s] gmake[1]: *** [CMakeFiles/Makefile2:277: CMakeFiles/PointCloudProcessor.dir/all] Error 2
[11.049s] gmake: *** [Makefile:146: all] Error 2
[11.051s] Invoked command in '/home/robmoemac/M-LADIS-Jerry/ws_sensor_combined/build/px4_ros_com' returned '2': CMAKE_PREFIX_PATH=/home/robmoemac/M-LADIS-Jerry/ws_sensor_combined/install/px4_msgs:/home/robmoemac/M-LADIS-Jerry/ws_sensor_combined/install/px4_ros_com:/home/robmoemac/M-LADIS-Jerry/ws_sensor_combined/install/nearest_poster_yaw:/home/robmoemac/M-LADIS-Jerry/ws_sensor_combined/install/localization:/home/robmoemac/M-LADIS-Jerry/ws_sensor_combined/install/classifier:/opt/ros/humble /usr/bin/cmake --build /home/robmoemac/M-LADIS-Jerry/ws_sensor_combined/build/px4_ros_com -- -j8 -l8
