[0.048s] Invoking command in '/home/robmoemac/M-LADIS-sim/PX4 Aux/ws_sensor_combined/build/velodyne_pointcloud': AMENT_PREFIX_PATH=/home/robmoemac/M-LADIS-sim/PX4 Aux/ws_sensor_combined/install/velodyne_msgs:${AMENT_PREFIX_PATH} CMAKE_PREFIX_PATH=/home/robmoemac/M-LADIS-sim/PX4 Aux/ws_sensor_combined/install/velodyne_msgs:/opt/ros/humble LD_LIBRARY_PATH=/home/robmoemac/M-LADIS-sim/PX4 Aux/ws_sensor_combined/install/velodyne_msgs/lib:${LD_LIBRARY_PATH} PYTHONPATH=/home/robmoemac/M-LADIS-sim/PX4 Aux/ws_sensor_combined/install/velodyne_msgs/local/lib/python3.10/dist-packages:${PYTHONPATH} /usr/bin/cmake /home/robmoemac/M-LADIS-sim/PX4 Aux/ws_sensor_combined/src/velodyne/velodyne_pointcloud -DCMAKE_INSTALL_PREFIX=/home/robmoemac/M-LADIS-sim/PX4 Aux/ws_sensor_combined/install/velodyne_pointcloud
[0.282s] -- The C compiler identification is GNU 11.4.0
[0.532s] -- The CXX compiler identification is GNU 11.4.0
[0.557s] -- Detecting C compiler ABI info
[0.841s] -- Detecting C compiler ABI info - done
[0.895s] -- Check for working C compiler: /usr/bin/cc - skipped
[0.896s] -- Detecting C compile features
[0.898s] -- Detecting C compile features - done
[0.925s] -- Detecting CXX compiler ABI info
[1.424s] -- Detecting CXX compiler ABI info - done
[1.477s] -- Check for working CXX compiler: /usr/bin/c++ - skipped
[1.481s] -- Detecting CXX compile features
[1.482s] -- Detecting CXX compile features - done
[1.491s] -- Found ament_cmake: 1.3.8 (/opt/ros/humble/share/ament_cmake/cmake)
[3.242s] -- Found Python3: /usr/bin/python3 (found version "3.10.12") found components: Interpreter 
[3.628s] -- Found angles: 1.15.0 (/opt/ros/humble/share/angles/cmake)
[3.672s] -- Found diagnostic_updater: 3.1.2 (/opt/ros/humble/share/diagnostic_updater/cmake)
[3.882s] -- Found rosidl_generator_c: 3.1.5 (/opt/ros/humble/share/rosidl_generator_c/cmake)
[3.906s] -- Found rosidl_adapter: 3.1.5 (/opt/ros/humble/share/rosidl_adapter/cmake)
[3.938s] -- Found rosidl_generator_cpp: 3.1.5 (/opt/ros/humble/share/rosidl_generator_cpp/cmake)
[3.998s] -- Using all available rosidl_typesupport_c: rosidl_typesupport_fastrtps_c;rosidl_typesupport_introspection_c
[4.077s] -- Using all available rosidl_typesupport_cpp: rosidl_typesupport_fastrtps_cpp;rosidl_typesupport_introspection_cpp
[4.777s] -- Found rmw_implementation_cmake: 6.1.1 (/opt/ros/humble/share/rmw_implementation_cmake/cmake)
[4.787s] -- Found rmw_fastrtps_cpp: 6.2.6 (/opt/ros/humble/share/rmw_fastrtps_cpp/cmake)
[5.121s] -- Found OpenSSL: /usr/lib/x86_64-linux-gnu/libcrypto.so (found version "3.0.2")  
[5.220s] -- Found FastRTPS: /opt/ros/humble/include  
[5.435s] -- Using RMW implementation 'rmw_fastrtps_cpp' as default
[5.463s] -- Looking for pthread.h
[5.716s] -- Looking for pthread.h - found
[5.716s] -- Performing Test CMAKE_HAVE_LIBC_PTHREAD
[5.961s] -- Performing Test CMAKE_HAVE_LIBC_PTHREAD - Success
[5.965s] -- Found Threads: TRUE  
[6.638s] -- Found geometry_msgs: 4.2.3 (/opt/ros/humble/share/geometry_msgs/cmake)
[6.965s] -- Found message_filters: 4.3.3 (/opt/ros/humble/share/message_filters/cmake)
[7.095s] -- Checking for module 'eigen3'
[7.181s] --   Found eigen3, version 3.4.0
[7.334s] -- Found Eigen: /usr/include/eigen3 (Required is at least version "3.1") 
[7.336s] -- Eigen found (include: /usr/include/eigen3, version: 3.4.0)
[7.430s] -- Found Boost: /usr/lib/x86_64-linux-gnu/cmake/Boost-1.74.0/BoostConfig.cmake (found suitable version "1.74.0", minimum required is "1.65.0") found components: system filesystem date_time iostreams serialization 
[7.440s] -- looking for PCL_COMMON
[7.448s] -- Found PCL_COMMON: /usr/lib/x86_64-linux-gnu/libpcl_common.so  
[7.451s] -- Found PCL: pcl_common;Boost::system;Boost::filesystem;Boost::date_time;Boost::iostreams;Boost::serialization  
[7.466s] -- Found rclcpp_components: 16.0.8 (/opt/ros/humble/share/rclcpp_components/cmake)
[7.871s] -- Found sensor_msgs: 4.2.3 (/opt/ros/humble/share/sensor_msgs/cmake)
[8.285s] -- Found tf2: 0.25.6 (/opt/ros/humble/share/tf2/cmake)
[8.317s] -- Found tf2_ros: 0.25.6 (/opt/ros/humble/share/tf2_ros/cmake)
[9.373s] -- Found velodyne_msgs: 2.4.0 (/home/robmoemac/M-LADIS-sim/PX4 Aux/ws_sensor_combined/install/velodyne_msgs/share/velodyne_msgs/cmake)
[9.585s] -- Found PkgConfig: /usr/bin/pkg-config (found version "0.29.2") 
[9.586s] -- Checking for module 'yaml-cpp'
[9.691s] --   Found yaml-cpp, version 0.7.0
[9.897s] -- Found ament_lint_auto: 0.12.10 (/opt/ros/humble/share/ament_lint_auto/cmake)
[10.471s] -- Found gtest sources under '/opt/ros/humble/src/gtest_vendor': C++ tests using 'Google Test' will be built
[10.563s] -- Added test 'copyright' to check source files copyright and LICENSE
[10.580s] -- Added test 'cppcheck' to perform static code analysis on C / C++ code
[10.584s] -- Configured cppcheck include dirs: /home/robmoemac/M-LADIS-sim/PX4 Aux/ws_sensor_combined/src/velodyne/velodyne_pointcloud/include
[10.585s] -- Configured cppcheck exclude dirs and/or files: 
[10.600s] -- Added test 'cpplint' to check C / C++ code against the Google style
[10.601s] -- Configured cpplint exclude dirs and/or files: 
[10.620s] -- Added test 'flake8' to check Python code syntax and style conventions
[10.621s] -- Added test 'lint_cmake' to check CMake code style
[10.629s] -- Added test 'pep257' to check Python code against some of the docstring style conventions in PEP 257
[10.646s] -- Added test 'uncrustify' to check C / C++ code style
[10.646s] -- Configured uncrustify additional arguments: 
[10.668s] -- Configuring done
[11.042s] -- Generating done
[11.118s] -- Build files have been written to: /home/robmoemac/M-LADIS-sim/PX4 Aux/ws_sensor_combined/build/velodyne_pointcloud
[11.174s] Invoked command in '/home/robmoemac/M-LADIS-sim/PX4 Aux/ws_sensor_combined/build/velodyne_pointcloud' returned '0': AMENT_PREFIX_PATH=/home/robmoemac/M-LADIS-sim/PX4 Aux/ws_sensor_combined/install/velodyne_msgs:${AMENT_PREFIX_PATH} CMAKE_PREFIX_PATH=/home/robmoemac/M-LADIS-sim/PX4 Aux/ws_sensor_combined/install/velodyne_msgs:/opt/ros/humble LD_LIBRARY_PATH=/home/robmoemac/M-LADIS-sim/PX4 Aux/ws_sensor_combined/install/velodyne_msgs/lib:${LD_LIBRARY_PATH} PYTHONPATH=/home/robmoemac/M-LADIS-sim/PX4 Aux/ws_sensor_combined/install/velodyne_msgs/local/lib/python3.10/dist-packages:${PYTHONPATH} /usr/bin/cmake /home/robmoemac/M-LADIS-sim/PX4 Aux/ws_sensor_combined/src/velodyne/velodyne_pointcloud -DCMAKE_INSTALL_PREFIX=/home/robmoemac/M-LADIS-sim/PX4 Aux/ws_sensor_combined/install/velodyne_pointcloud
[11.176s] Invoking command in '/home/robmoemac/M-LADIS-sim/PX4 Aux/ws_sensor_combined/build/velodyne_pointcloud': AMENT_PREFIX_PATH=/home/robmoemac/M-LADIS-sim/PX4 Aux/ws_sensor_combined/install/velodyne_msgs:${AMENT_PREFIX_PATH} CMAKE_PREFIX_PATH=/home/robmoemac/M-LADIS-sim/PX4 Aux/ws_sensor_combined/install/velodyne_msgs:/opt/ros/humble LD_LIBRARY_PATH=/home/robmoemac/M-LADIS-sim/PX4 Aux/ws_sensor_combined/install/velodyne_msgs/lib:${LD_LIBRARY_PATH} PYTHONPATH=/home/robmoemac/M-LADIS-sim/PX4 Aux/ws_sensor_combined/install/velodyne_msgs/local/lib/python3.10/dist-packages:${PYTHONPATH} /usr/bin/cmake --build /home/robmoemac/M-LADIS-sim/PX4 Aux/ws_sensor_combined/build/velodyne_pointcloud -- -j8 -l8
[11.598s] [  5%] [32mBuilding CXX object src/lib/CMakeFiles/velodyne_rawdata.dir/rawdata.cpp.o[0m
[11.675s] [ 11%] [32mBuilding CXX object src/lib/CMakeFiles/velodyne_cloud_types.dir/pointcloudXYZIRT.cpp.o[0m
[11.684s] [ 16%] [32mBuilding CXX object src/lib/CMakeFiles/velodyne_cloud_types.dir/organized_cloudXYZIRT.cpp.o[0m
[11.692s] [ 22%] [32mBuilding CXX object src/lib/CMakeFiles/velodyne_rawdata.dir/calibration.cpp.o[0m
[11.698s] [ 27%] [32mBuilding CXX object gtest/CMakeFiles/gtest_main.dir/src/gtest_main.cc.o[0m
[11.784s] [ 33%] [32mBuilding CXX object gtest/CMakeFiles/gtest.dir/src/gtest-all.cc.o[0m
[18.391s] [ 38%] [32m[1mLinking CXX static library libgtest_main.a[0m
[18.658s] [ 38%] Built target gtest_main
[34.129s] [ 44%] [32m[1mLinking CXX static library libgtest.a[0m
[34.712s] [ 44%] Built target gtest
[43.149s] [01m[K/home/robmoemac/M-LADIS-sim/PX4 Aux/ws_sensor_combined/src/velodyne/velodyne_pointcloud/src/lib/rawdata.cpp:[m[K In member function ‘[01m[Kvoid velodyne_rawdata::RawData::unpack(const VelodynePacket&, velodyne_rawdata::DataContainerBase&, const rclcpp::Time&)[m[K’:
[43.150s] [01m[K/home/robmoemac/M-LADIS-sim/PX4 Aux/ws_sensor_combined/src/velodyne/velodyne_pointcloud/src/lib/rawdata.cpp:309:13:[m[K [01;35m[Kwarning: [m[Kunused variable ‘[01m[Ktime[m[K’ [[01;35m[K]8;;https://gcc.gnu.org/onlinedocs/gcc/Warning-Options.html#index-Wunused-variable-Wunused-variable]8;;[m[K]
[43.153s]   309 |       float [01;35m[Ktime[m[K = 0;
[43.158s]       |             [01;35m[K^~~~[m[K
[49.419s] [ 50%] [32m[1mLinking CXX shared library libvelodyne_rawdata.so[0m
[50.665s] [ 50%] Built target velodyne_rawdata
[52.079s] [ 55%] [32m[1mLinking CXX shared library libvelodyne_cloud_types.so[0m
[52.784s] [ 55%] Built target velodyne_cloud_types
[52.878s] [ 61%] [32mBuilding CXX object tests/CMakeFiles/test_calibration.dir/test_calibration.cpp.o[0m
[58.601s] [ 66%] [32m[1mLinking CXX executable test_calibration[0m
[59.574s] [ 66%] Built target test_calibration
[59.685s] [ 72%] [32mBuilding CXX object CMakeFiles/transform.dir/src/conversions/transform.cpp.o[0m
[108.704s] [ 77%] [32m[1mLinking CXX shared library libtransform.so[0m
[110.768s] [ 77%] Built target transform
[110.829s] [ 83%] [32mBuilding CXX object tests/CMakeFiles/test_row_step.dir/test_row_step.cpp.o[0m
[131.203s] [ 88%] [32m[1mLinking CXX executable test_row_step[0m
[132.004s] [ 88%] Built target test_row_step
[132.073s] [ 94%] [32mBuilding CXX object CMakeFiles/velodyne_transform_node.dir/src/conversions/transform_node.cpp.o[0m
[155.050s] [100%] [32m[1mLinking CXX executable velodyne_transform_node[0m
[156.289s] [100%] Built target velodyne_transform_node
[156.326s] Invoked command in '/home/robmoemac/M-LADIS-sim/PX4 Aux/ws_sensor_combined/build/velodyne_pointcloud' returned '0': AMENT_PREFIX_PATH=/home/robmoemac/M-LADIS-sim/PX4 Aux/ws_sensor_combined/install/velodyne_msgs:${AMENT_PREFIX_PATH} CMAKE_PREFIX_PATH=/home/robmoemac/M-LADIS-sim/PX4 Aux/ws_sensor_combined/install/velodyne_msgs:/opt/ros/humble LD_LIBRARY_PATH=/home/robmoemac/M-LADIS-sim/PX4 Aux/ws_sensor_combined/install/velodyne_msgs/lib:${LD_LIBRARY_PATH} PYTHONPATH=/home/robmoemac/M-LADIS-sim/PX4 Aux/ws_sensor_combined/install/velodyne_msgs/local/lib/python3.10/dist-packages:${PYTHONPATH} /usr/bin/cmake --build /home/robmoemac/M-LADIS-sim/PX4 Aux/ws_sensor_combined/build/velodyne_pointcloud -- -j8 -l8
[156.422s] Invoking command in '/home/robmoemac/M-LADIS-sim/PX4 Aux/ws_sensor_combined/build/velodyne_pointcloud': AMENT_PREFIX_PATH=/home/robmoemac/M-LADIS-sim/PX4 Aux/ws_sensor_combined/install/velodyne_msgs:${AMENT_PREFIX_PATH} CMAKE_PREFIX_PATH=/home/robmoemac/M-LADIS-sim/PX4 Aux/ws_sensor_combined/install/velodyne_msgs:/opt/ros/humble LD_LIBRARY_PATH=/home/robmoemac/M-LADIS-sim/PX4 Aux/ws_sensor_combined/install/velodyne_msgs/lib:${LD_LIBRARY_PATH} PYTHONPATH=/home/robmoemac/M-LADIS-sim/PX4 Aux/ws_sensor_combined/install/velodyne_msgs/local/lib/python3.10/dist-packages:${PYTHONPATH} /usr/bin/cmake --install /home/robmoemac/M-LADIS-sim/PX4 Aux/ws_sensor_combined/build/velodyne_pointcloud
[156.445s] -- Install configuration: ""
[156.445s] -- Installing: /home/robmoemac/M-LADIS-sim/PX4 Aux/ws_sensor_combined/install/velodyne_pointcloud/lib/libtransform.so
[156.467s] -- Set runtime path of "/home/robmoemac/M-LADIS-sim/PX4 Aux/ws_sensor_combined/install/velodyne_pointcloud/lib/libtransform.so" to ""
[156.469s] -- Installing: /home/robmoemac/M-LADIS-sim/PX4 Aux/ws_sensor_combined/install/velodyne_pointcloud/lib/velodyne_pointcloud/velodyne_transform_node
[156.470s] -- Set runtime path of "/home/robmoemac/M-LADIS-sim/PX4 Aux/ws_sensor_combined/install/velodyne_pointcloud/lib/velodyne_pointcloud/velodyne_transform_node" to ""
[156.470s] -- Installing: /home/robmoemac/M-LADIS-sim/PX4 Aux/ws_sensor_combined/install/velodyne_pointcloud/include/velodyne_pointcloud
[156.471s] -- Installing: /home/robmoemac/M-LADIS-sim/PX4 Aux/ws_sensor_combined/install/velodyne_pointcloud/include/velodyne_pointcloud/pointcloudXYZIRT.hpp
[156.471s] -- Installing: /home/robmoemac/M-LADIS-sim/PX4 Aux/ws_sensor_combined/install/velodyne_pointcloud/include/velodyne_pointcloud/transform.hpp
[156.472s] -- Installing: /home/robmoemac/M-LADIS-sim/PX4 Aux/ws_sensor_combined/install/velodyne_pointcloud/include/velodyne_pointcloud/organized_cloudXYZIRT.hpp
[156.473s] -- Installing: /home/robmoemac/M-LADIS-sim/PX4 Aux/ws_sensor_combined/install/velodyne_pointcloud/include/velodyne_pointcloud/rawdata.hpp
[156.473s] -- Installing: /home/robmoemac/M-LADIS-sim/PX4 Aux/ws_sensor_combined/install/velodyne_pointcloud/include/velodyne_pointcloud/datacontainerbase.hpp
[156.474s] -- Installing: /home/robmoemac/M-LADIS-sim/PX4 Aux/ws_sensor_combined/install/velodyne_pointcloud/include/velodyne_pointcloud/calibration.hpp
[156.474s] -- Installing: /home/robmoemac/M-LADIS-sim/PX4 Aux/ws_sensor_combined/install/velodyne_pointcloud/share/velodyne_pointcloud/config
[156.479s] -- Installing: /home/robmoemac/M-LADIS-sim/PX4 Aux/ws_sensor_combined/install/velodyne_pointcloud/share/velodyne_pointcloud/config/VLP16-velodyne_transform_node-params.yaml
[156.480s] -- Installing: /home/robmoemac/M-LADIS-sim/PX4 Aux/ws_sensor_combined/install/velodyne_pointcloud/share/velodyne_pointcloud/config/VLS128-velodyne_transform_node-params.yaml
[156.481s] -- Installing: /home/robmoemac/M-LADIS-sim/PX4 Aux/ws_sensor_combined/install/velodyne_pointcloud/share/velodyne_pointcloud/config/VLP32C-velodyne_transform_node-params.yaml
[156.481s] -- Installing: /home/robmoemac/M-LADIS-sim/PX4 Aux/ws_sensor_combined/install/velodyne_pointcloud/share/velodyne_pointcloud/launch
[156.481s] -- Installing: /home/robmoemac/M-LADIS-sim/PX4 Aux/ws_sensor_combined/install/velodyne_pointcloud/share/velodyne_pointcloud/launch/velodyne_transform_node-VLS128-launch.py
[156.482s] -- Installing: /home/robmoemac/M-LADIS-sim/PX4 Aux/ws_sensor_combined/install/velodyne_pointcloud/share/velodyne_pointcloud/launch/velodyne_transform_node-VLP16-launch.py
[156.482s] -- Installing: /home/robmoemac/M-LADIS-sim/PX4 Aux/ws_sensor_combined/install/velodyne_pointcloud/share/velodyne_pointcloud/launch/velodyne_transform_node-VLP32C-launch.py
[156.483s] -- Installing: /home/robmoemac/M-LADIS-sim/PX4 Aux/ws_sensor_combined/install/velodyne_pointcloud/share/velodyne_pointcloud/launch/velodyne_transform_node-VLP32C-composed-launch.py
[156.484s] -- Installing: /home/robmoemac/M-LADIS-sim/PX4 Aux/ws_sensor_combined/install/velodyne_pointcloud/share/velodyne_pointcloud/launch/velodyne_transform_node-VLP16-composed-launch.py
[156.484s] -- Installing: /home/robmoemac/M-LADIS-sim/PX4 Aux/ws_sensor_combined/install/velodyne_pointcloud/share/velodyne_pointcloud/launch/velodyne_transform_node-VLS128-composed-launch.py
[156.485s] -- Installing: /home/robmoemac/M-LADIS-sim/PX4 Aux/ws_sensor_combined/install/velodyne_pointcloud/share/velodyne_pointcloud/params
[156.486s] -- Installing: /home/robmoemac/M-LADIS-sim/PX4 Aux/ws_sensor_combined/install/velodyne_pointcloud/share/velodyne_pointcloud/params/64e_utexas.yaml
[156.487s] -- Installing: /home/robmoemac/M-LADIS-sim/PX4 Aux/ws_sensor_combined/install/velodyne_pointcloud/share/velodyne_pointcloud/params/VLP16db.yaml
[156.487s] -- Installing: /home/robmoemac/M-LADIS-sim/PX4 Aux/ws_sensor_combined/install/velodyne_pointcloud/share/velodyne_pointcloud/params/issue_84_float_intensities.yaml
[156.488s] -- Installing: /home/robmoemac/M-LADIS-sim/PX4 Aux/ws_sensor_combined/install/velodyne_pointcloud/share/velodyne_pointcloud/params/64e_s3-xiesc.yaml
[156.489s] -- Installing: /home/robmoemac/M-LADIS-sim/PX4 Aux/ws_sensor_combined/install/velodyne_pointcloud/share/velodyne_pointcloud/params/32db.yaml
[156.489s] -- Installing: /home/robmoemac/M-LADIS-sim/PX4 Aux/ws_sensor_combined/install/velodyne_pointcloud/share/velodyne_pointcloud/params/VLP16_hires_db.yaml
[156.490s] -- Installing: /home/robmoemac/M-LADIS-sim/PX4 Aux/ws_sensor_combined/install/velodyne_pointcloud/share/velodyne_pointcloud/params/64e_s2.1-sztaki.yaml
[156.491s] -- Installing: /home/robmoemac/M-LADIS-sim/PX4 Aux/ws_sensor_combined/install/velodyne_pointcloud/share/velodyne_pointcloud/params/rviz_points.vcg
[156.491s] -- Installing: /home/robmoemac/M-LADIS-sim/PX4 Aux/ws_sensor_combined/install/velodyne_pointcloud/share/velodyne_pointcloud/params/VLS128.yaml
[156.492s] -- Installing: /home/robmoemac/M-LADIS-sim/PX4 Aux/ws_sensor_combined/install/velodyne_pointcloud/share/velodyne_pointcloud/params/VeloView-VLP-32C.yaml
[156.493s] -- Installing: /home/robmoemac/M-LADIS-sim/PX4 Aux/ws_sensor_combined/install/velodyne_pointcloud/share/ament_index/resource_index/package_run_dependencies/velodyne_pointcloud
[156.494s] -- Installing: /home/robmoemac/M-LADIS-sim/PX4 Aux/ws_sensor_combined/install/velodyne_pointcloud/share/ament_index/resource_index/parent_prefix_path/velodyne_pointcloud
[156.495s] -- Installing: /home/robmoemac/M-LADIS-sim/PX4 Aux/ws_sensor_combined/install/velodyne_pointcloud/share/velodyne_pointcloud/environment/ament_prefix_path.sh
[156.496s] -- Installing: /home/robmoemac/M-LADIS-sim/PX4 Aux/ws_sensor_combined/install/velodyne_pointcloud/share/velodyne_pointcloud/environment/ament_prefix_path.dsv
[156.496s] -- Installing: /home/robmoemac/M-LADIS-sim/PX4 Aux/ws_sensor_combined/install/velodyne_pointcloud/share/velodyne_pointcloud/environment/path.sh
[156.497s] -- Installing: /home/robmoemac/M-LADIS-sim/PX4 Aux/ws_sensor_combined/install/velodyne_pointcloud/share/velodyne_pointcloud/environment/path.dsv
[156.498s] -- Installing: /home/robmoemac/M-LADIS-sim/PX4 Aux/ws_sensor_combined/install/velodyne_pointcloud/share/velodyne_pointcloud/local_setup.bash
[156.499s] -- Installing: /home/robmoemac/M-LADIS-sim/PX4 Aux/ws_sensor_combined/install/velodyne_pointcloud/share/velodyne_pointcloud/local_setup.sh
[156.499s] -- Installing: /home/robmoemac/M-LADIS-sim/PX4 Aux/ws_sensor_combined/install/velodyne_pointcloud/share/velodyne_pointcloud/local_setup.zsh
[156.500s] -- Installing: /home/robmoemac/M-LADIS-sim/PX4 Aux/ws_sensor_combined/install/velodyne_pointcloud/share/velodyne_pointcloud/local_setup.dsv
[156.500s] -- Installing: /home/robmoemac/M-LADIS-sim/PX4 Aux/ws_sensor_combined/install/velodyne_pointcloud/share/velodyne_pointcloud/package.dsv
[156.500s] -- Installing: /home/robmoemac/M-LADIS-sim/PX4 Aux/ws_sensor_combined/install/velodyne_pointcloud/share/ament_index/resource_index/packages/velodyne_pointcloud
[156.501s] -- Installing: /home/robmoemac/M-LADIS-sim/PX4 Aux/ws_sensor_combined/install/velodyne_pointcloud/share/ament_index/resource_index/rclcpp_components/velodyne_pointcloud
[156.501s] -- Installing: /home/robmoemac/M-LADIS-sim/PX4 Aux/ws_sensor_combined/install/velodyne_pointcloud/share/velodyne_pointcloud/cmake/velodyne_pointcloudConfig.cmake
[156.502s] -- Installing: /home/robmoemac/M-LADIS-sim/PX4 Aux/ws_sensor_combined/install/velodyne_pointcloud/share/velodyne_pointcloud/cmake/velodyne_pointcloudConfig-version.cmake
[156.502s] -- Installing: /home/robmoemac/M-LADIS-sim/PX4 Aux/ws_sensor_combined/install/velodyne_pointcloud/share/velodyne_pointcloud/package.xml
[156.504s] -- Installing: /home/robmoemac/M-LADIS-sim/PX4 Aux/ws_sensor_combined/install/velodyne_pointcloud/lib/libvelodyne_cloud_types.so
[156.507s] -- Set runtime path of "/home/robmoemac/M-LADIS-sim/PX4 Aux/ws_sensor_combined/install/velodyne_pointcloud/lib/libvelodyne_cloud_types.so" to ""
[156.507s] -- Installing: /home/robmoemac/M-LADIS-sim/PX4 Aux/ws_sensor_combined/install/velodyne_pointcloud/lib/libvelodyne_rawdata.so
[156.510s] -- Set runtime path of "/home/robmoemac/M-LADIS-sim/PX4 Aux/ws_sensor_combined/install/velodyne_pointcloud/lib/libvelodyne_rawdata.so" to ""
[156.524s] Invoked command in '/home/robmoemac/M-LADIS-sim/PX4 Aux/ws_sensor_combined/build/velodyne_pointcloud' returned '0': AMENT_PREFIX_PATH=/home/robmoemac/M-LADIS-sim/PX4 Aux/ws_sensor_combined/install/velodyne_msgs:${AMENT_PREFIX_PATH} CMAKE_PREFIX_PATH=/home/robmoemac/M-LADIS-sim/PX4 Aux/ws_sensor_combined/install/velodyne_msgs:/opt/ros/humble LD_LIBRARY_PATH=/home/robmoemac/M-LADIS-sim/PX4 Aux/ws_sensor_combined/install/velodyne_msgs/lib:${LD_LIBRARY_PATH} PYTHONPATH=/home/robmoemac/M-LADIS-sim/PX4 Aux/ws_sensor_combined/install/velodyne_msgs/local/lib/python3.10/dist-packages:${PYTHONPATH} /usr/bin/cmake --install /home/robmoemac/M-LADIS-sim/PX4 Aux/ws_sensor_combined/build/velodyne_pointcloud
