[0.062s] Invoking command in '/home/blake/M-LADIS-Jerry/ws_sensor_combined/build/classifier': CMAKE_PREFIX_PATH=/opt/ros/humble /usr/bin/cmake --build /home/blake/M-LADIS-Jerry/ws_sensor_combined/build/classifier -- -j12 -l12
[0.125s] [35m[1mConsolidate compiler generated dependencies of target pose_array_publisher_node[0m
[0.125s] [35m[1mConsolidate compiler generated dependencies of target pose_array_to_file_node[0m
[0.158s] [100%] Built target pose_array_to_file_node
[0.158s] [100%] Built target pose_array_publisher_node
[0.168s] Invoked command in '/home/blake/M-LADIS-Jerry/ws_sensor_combined/build/classifier' returned '0': CMAKE_PREFIX_PATH=/opt/ros/humble /usr/bin/cmake --build /home/blake/M-LADIS-Jerry/ws_sensor_combined/build/classifier -- -j12 -l12
[0.195s] Invoking command in '/home/blake/M-LADIS-Jerry/ws_sensor_combined/build/classifier': CMAKE_PREFIX_PATH=/opt/ros/humble /usr/bin/cmake --install /home/blake/M-LADIS-Jerry/ws_sensor_combined/build/classifier
[0.205s] -- Install configuration: ""
[0.205s] -- Up-to-date: /home/blake/M-LADIS-Jerry/ws_sensor_combined/install/classifier/lib/classifier/pose_array_to_file_node
[0.205s] -- Up-to-date: /home/blake/M-LADIS-Jerry/ws_sensor_combined/install/classifier/lib/classifier/pose_array_publisher_node
[0.206s] -- Up-to-date: /home/blake/M-LADIS-Jerry/ws_sensor_combined/install/classifier/share/ament_index/resource_index/package_run_dependencies/classifier
[0.206s] -- Up-to-date: /home/blake/M-LADIS-Jerry/ws_sensor_combined/install/classifier/share/ament_index/resource_index/parent_prefix_path/classifier
[0.206s] -- Up-to-date: /home/blake/M-LADIS-Jerry/ws_sensor_combined/install/classifier/share/classifier/environment/ament_prefix_path.sh
[0.206s] -- Up-to-date: /home/blake/M-LADIS-Jerry/ws_sensor_combined/install/classifier/share/classifier/environment/ament_prefix_path.dsv
[0.207s] -- Up-to-date: /home/blake/M-LADIS-Jerry/ws_sensor_combined/install/classifier/share/classifier/environment/path.sh
[0.207s] -- Up-to-date: /home/blake/M-LADIS-Jerry/ws_sensor_combined/install/classifier/share/classifier/environment/path.dsv
[0.207s] -- Up-to-date: /home/blake/M-LADIS-Jerry/ws_sensor_combined/install/classifier/share/classifier/local_setup.bash
[0.207s] -- Up-to-date: /home/blake/M-LADIS-Jerry/ws_sensor_combined/install/classifier/share/classifier/local_setup.sh
[0.207s] -- Up-to-date: /home/blake/M-LADIS-Jerry/ws_sensor_combined/install/classifier/share/classifier/local_setup.zsh
[0.207s] -- Up-to-date: /home/blake/M-LADIS-Jerry/ws_sensor_combined/install/classifier/share/classifier/local_setup.dsv
[0.208s] -- Installing: /home/blake/M-LADIS-Jerry/ws_sensor_combined/install/classifier/share/classifier/package.dsv
[0.208s] -- Up-to-date: /home/blake/M-LADIS-Jerry/ws_sensor_combined/install/classifier/share/ament_index/resource_index/packages/classifier
[0.208s] -- Up-to-date: /home/blake/M-LADIS-Jerry/ws_sensor_combined/install/classifier/share/classifier/cmake/classifierConfig.cmake
[0.209s] -- Up-to-date: /home/blake/M-LADIS-Jerry/ws_sensor_combined/install/classifier/share/classifier/cmake/classifierConfig-version.cmake
[0.209s] -- Up-to-date: /home/blake/M-LADIS-Jerry/ws_sensor_combined/install/classifier/share/classifier/package.xml
[0.219s] Invoked command in '/home/blake/M-LADIS-Jerry/ws_sensor_combined/build/classifier' returned '0': CMAKE_PREFIX_PATH=/opt/ros/humble /usr/bin/cmake --install /home/blake/M-LADIS-Jerry/ws_sensor_combined/build/classifier
