[0.089s] DEBUG:colcon:Command line arguments: ['/usr/bin/colcon', 'build']
[0.089s] DEBUG:colcon:Parsed command line arguments: Namespace(log_base=None, log_level=None, verb_name='build', build_base='build', install_base='install', merge_install=False, symlink_install=False, test_result_base=None, continue_on_error=False, executor='parallel', parallel_workers=8, event_handlers=None, ignore_user_meta=False, metas=['./colcon.meta'], base_paths=['.'], packages_ignore=None, packages_ignore_regex=None, paths=None, packages_up_to=None, packages_up_to_regex=None, packages_above=None, packages_above_and_dependencies=None, packages_above_depth=None, packages_select_by_dep=None, packages_skip_by_dep=None, packages_skip_up_to=None, packages_select_build_failed=False, packages_skip_build_finished=False, packages_select_test_failures=False, packages_skip_test_passed=False, packages_select=None, packages_skip=None, packages_select_regex=None, packages_skip_regex=None, packages_start=None, packages_end=None, allow_overriding=[], cmake_args=None, cmake_target=None, cmake_target_skip_unavailable=False, cmake_clean_cache=False, cmake_clean_first=False, cmake_force_configure=False, ament_cmake_args=None, catkin_cmake_args=None, catkin_skip_building_tests=False, verb_parser=<colcon_defaults.argument_parser.defaults.DefaultArgumentsDecorator object at 0x714c2af30f40>, verb_extension=<colcon_core.verb.build.BuildVerb object at 0x714c2af309d0>, main=<bound method BuildVerb.main of <colcon_core.verb.build.BuildVerb object at 0x714c2af309d0>>)
[0.120s] Level 1:colcon.colcon_core.package_discovery:discover_packages(colcon_meta) check parameters
[0.120s] Level 1:colcon.colcon_core.package_discovery:discover_packages(recursive) check parameters
[0.120s] Level 1:colcon.colcon_core.package_discovery:discover_packages(ignore) check parameters
[0.120s] Level 1:colcon.colcon_core.package_discovery:discover_packages(path) check parameters
[0.120s] Level 1:colcon.colcon_core.package_discovery:discover_packages(colcon_meta) discover
[0.120s] Level 1:colcon.colcon_core.package_discovery:discover_packages(recursive) discover
[0.120s] INFO:colcon.colcon_core.package_discovery:Crawling recursively for packages in '/home/robmoemac/M-LADIS-sim/PX4 Aux/ws_sensor_combined'
[0.120s] Level 1:colcon.colcon_core.package_identification:_identify(.) by extensions ['ignore', 'ignore_ament_install']
[0.120s] Level 1:colcon.colcon_core.package_identification:_identify(.) by extension 'ignore'
[0.120s] Level 1:colcon.colcon_core.package_identification:_identify(.) by extension 'ignore_ament_install'
[0.120s] Level 1:colcon.colcon_core.package_identification:_identify(.) by extensions ['colcon_pkg']
[0.120s] Level 1:colcon.colcon_core.package_identification:_identify(.) by extension 'colcon_pkg'
[0.120s] Level 1:colcon.colcon_core.package_identification:_identify(.) by extensions ['colcon_meta']
[0.120s] Level 1:colcon.colcon_core.package_identification:_identify(.) by extension 'colcon_meta'
[0.120s] Level 1:colcon.colcon_core.package_identification:_identify(.) by extensions ['ros']
[0.120s] Level 1:colcon.colcon_core.package_identification:_identify(.) by extension 'ros'
[0.133s] Level 1:colcon.colcon_core.package_identification:_identify(.) by extensions ['cmake', 'python']
[0.133s] Level 1:colcon.colcon_core.package_identification:_identify(.) by extension 'cmake'
[0.133s] Level 1:colcon.colcon_core.package_identification:_identify(.) by extension 'python'
[0.133s] Level 1:colcon.colcon_core.package_identification:_identify(.) by extensions ['python_setup_py']
[0.133s] Level 1:colcon.colcon_core.package_identification:_identify(.) by extension 'python_setup_py'
[0.133s] Level 1:colcon.colcon_core.package_identification:_identify(build) by extensions ['ignore', 'ignore_ament_install']
[0.133s] Level 1:colcon.colcon_core.package_identification:_identify(build) by extension 'ignore'
[0.133s] Level 1:colcon.colcon_core.package_identification:_identify(build) ignored
[0.133s] Level 1:colcon.colcon_core.package_identification:_identify(install) by extensions ['ignore', 'ignore_ament_install']
[0.133s] Level 1:colcon.colcon_core.package_identification:_identify(install) by extension 'ignore'
[0.133s] Level 1:colcon.colcon_core.package_identification:_identify(install) ignored
[0.134s] Level 1:colcon.colcon_core.package_identification:_identify(log) by extensions ['ignore', 'ignore_ament_install']
[0.134s] Level 1:colcon.colcon_core.package_identification:_identify(log) by extension 'ignore'
[0.134s] Level 1:colcon.colcon_core.package_identification:_identify(log) ignored
[0.134s] Level 1:colcon.colcon_core.package_identification:_identify(ros) by extensions ['ignore', 'ignore_ament_install']
[0.134s] Level 1:colcon.colcon_core.package_identification:_identify(ros) by extension 'ignore'
[0.134s] Level 1:colcon.colcon_core.package_identification:_identify(ros) by extension 'ignore_ament_install'
[0.134s] Level 1:colcon.colcon_core.package_identification:_identify(ros) by extensions ['colcon_pkg']
[0.134s] Level 1:colcon.colcon_core.package_identification:_identify(ros) by extension 'colcon_pkg'
[0.134s] Level 1:colcon.colcon_core.package_identification:_identify(ros) by extensions ['colcon_meta']
[0.134s] Level 1:colcon.colcon_core.package_identification:_identify(ros) by extension 'colcon_meta'
[0.134s] Level 1:colcon.colcon_core.package_identification:_identify(ros) by extensions ['ros']
[0.134s] Level 1:colcon.colcon_core.package_identification:_identify(ros) by extension 'ros'
[0.137s] DEBUG:colcon.colcon_core.package_identification:Package 'ros' with type 'ros.ament_cmake' and name 'ros'
[0.137s] Level 1:colcon.colcon_core.package_identification:_identify(src) by extensions ['ignore', 'ignore_ament_install']
[0.137s] Level 1:colcon.colcon_core.package_identification:_identify(src) by extension 'ignore'
[0.137s] Level 1:colcon.colcon_core.package_identification:_identify(src) by extension 'ignore_ament_install'
[0.137s] Level 1:colcon.colcon_core.package_identification:_identify(src) by extensions ['colcon_pkg']
[0.137s] Level 1:colcon.colcon_core.package_identification:_identify(src) by extension 'colcon_pkg'
[0.137s] Level 1:colcon.colcon_core.package_identification:_identify(src) by extensions ['colcon_meta']
[0.137s] Level 1:colcon.colcon_core.package_identification:_identify(src) by extension 'colcon_meta'
[0.137s] Level 1:colcon.colcon_core.package_identification:_identify(src) by extensions ['ros']
[0.137s] Level 1:colcon.colcon_core.package_identification:_identify(src) by extension 'ros'
[0.137s] Level 1:colcon.colcon_core.package_identification:_identify(src) by extensions ['cmake', 'python']
[0.137s] Level 1:colcon.colcon_core.package_identification:_identify(src) by extension 'cmake'
[0.137s] Level 1:colcon.colcon_core.package_identification:_identify(src) by extension 'python'
[0.137s] Level 1:colcon.colcon_core.package_identification:_identify(src) by extensions ['python_setup_py']
[0.137s] Level 1:colcon.colcon_core.package_identification:_identify(src) by extension 'python_setup_py'
[0.137s] Level 1:colcon.colcon_core.package_identification:_identify(src/px4_msgs) by extensions ['ignore', 'ignore_ament_install']
[0.137s] Level 1:colcon.colcon_core.package_identification:_identify(src/px4_msgs) by extension 'ignore'
[0.137s] Level 1:colcon.colcon_core.package_identification:_identify(src/px4_msgs) by extension 'ignore_ament_install'
[0.138s] Level 1:colcon.colcon_core.package_identification:_identify(src/px4_msgs) by extensions ['colcon_pkg']
[0.138s] Level 1:colcon.colcon_core.package_identification:_identify(src/px4_msgs) by extension 'colcon_pkg'
[0.138s] Level 1:colcon.colcon_core.package_identification:_identify(src/px4_msgs) by extensions ['colcon_meta']
[0.138s] Level 1:colcon.colcon_core.package_identification:_identify(src/px4_msgs) by extension 'colcon_meta'
[0.138s] Level 1:colcon.colcon_core.package_identification:_identify(src/px4_msgs) by extensions ['ros']
[0.138s] Level 1:colcon.colcon_core.package_identification:_identify(src/px4_msgs) by extension 'ros'
[0.138s] DEBUG:colcon.colcon_core.package_identification:Package 'src/px4_msgs' with type 'ros.ament_cmake' and name 'px4_msgs'
[0.138s] Level 1:colcon.colcon_core.package_identification:_identify(src/px4_ros_com) by extensions ['ignore', 'ignore_ament_install']
[0.138s] Level 1:colcon.colcon_core.package_identification:_identify(src/px4_ros_com) by extension 'ignore'
[0.138s] Level 1:colcon.colcon_core.package_identification:_identify(src/px4_ros_com) by extension 'ignore_ament_install'
[0.139s] Level 1:colcon.colcon_core.package_identification:_identify(src/px4_ros_com) by extensions ['colcon_pkg']
[0.139s] Level 1:colcon.colcon_core.package_identification:_identify(src/px4_ros_com) by extension 'colcon_pkg'
[0.139s] Level 1:colcon.colcon_core.package_identification:_identify(src/px4_ros_com) by extensions ['colcon_meta']
[0.139s] Level 1:colcon.colcon_core.package_identification:_identify(src/px4_ros_com) by extension 'colcon_meta'
[0.139s] Level 1:colcon.colcon_core.package_identification:_identify(src/px4_ros_com) by extensions ['ros']
[0.139s] Level 1:colcon.colcon_core.package_identification:_identify(src/px4_ros_com) by extension 'ros'
[0.140s] DEBUG:colcon.colcon_core.package_identification:Package 'src/px4_ros_com' with type 'ros.ament_cmake' and name 'px4_ros_com'
[0.140s] Level 1:colcon.colcon_core.package_identification:_identify(src/ros_gz) by extensions ['ignore', 'ignore_ament_install']
[0.140s] Level 1:colcon.colcon_core.package_identification:_identify(src/ros_gz) by extension 'ignore'
[0.140s] Level 1:colcon.colcon_core.package_identification:_identify(src/ros_gz) by extension 'ignore_ament_install'
[0.140s] Level 1:colcon.colcon_core.package_identification:_identify(src/ros_gz) by extensions ['colcon_pkg']
[0.140s] Level 1:colcon.colcon_core.package_identification:_identify(src/ros_gz) by extension 'colcon_pkg'
[0.140s] Level 1:colcon.colcon_core.package_identification:_identify(src/ros_gz) by extensions ['colcon_meta']
[0.140s] Level 1:colcon.colcon_core.package_identification:_identify(src/ros_gz) by extension 'colcon_meta'
[0.140s] Level 1:colcon.colcon_core.package_identification:_identify(src/ros_gz) by extensions ['ros']
[0.140s] Level 1:colcon.colcon_core.package_identification:_identify(src/ros_gz) by extension 'ros'
[0.140s] Level 1:colcon.colcon_core.package_identification:_identify(src/ros_gz) by extensions ['cmake', 'python']
[0.140s] Level 1:colcon.colcon_core.package_identification:_identify(src/ros_gz) by extension 'cmake'
[0.140s] Level 1:colcon.colcon_core.package_identification:_identify(src/ros_gz) by extension 'python'
[0.140s] Level 1:colcon.colcon_core.package_identification:_identify(src/ros_gz) by extensions ['python_setup_py']
[0.140s] Level 1:colcon.colcon_core.package_identification:_identify(src/ros_gz) by extension 'python_setup_py'
[0.140s] Level 1:colcon.colcon_core.package_discovery:discover_packages(recursive) using defaults
[0.141s] Level 1:colcon.colcon_core.package_discovery:discover_packages(ignore) discover
[0.141s] Level 1:colcon.colcon_core.package_discovery:discover_packages(ignore) using defaults
[0.141s] Level 1:colcon.colcon_core.package_discovery:discover_packages(path) discover
[0.141s] Level 1:colcon.colcon_core.package_discovery:discover_packages(path) using defaults
[0.158s] Level 1:colcon.colcon_core.package_discovery:discover_packages(prefix_path) check parameters
[0.158s] Level 1:colcon.colcon_core.package_discovery:discover_packages(prefix_path) discover
[0.160s] DEBUG:colcon.colcon_installed_package_information.package_discovery:Found 290 installed packages in /opt/ros/humble
[0.162s] Level 1:colcon.colcon_core.package_discovery:discover_packages(prefix_path) using defaults
[0.177s] ERROR:colcon.colcon_core.package_augmentation:Exception in package augmentation extension 'python': 
Traceback (most recent call last):
  File "/usr/lib/python3/dist-packages/colcon_core/package_augmentation/__init__.py", line 97, in augment_packages
    retval = extension.augment_packages(
  File "/usr/lib/python3/dist-packages/colcon_installed_package_information/package_augmentation/python.py", line 44, in augment_packages
    dist = next(iter(dists))
StopIteration

[0.182s] Level 5:colcon.colcon_core.verb:set package 'px4_msgs' build argument 'cmake_args' from command line to 'None'
[0.182s] Level 5:colcon.colcon_core.verb:set package 'px4_msgs' build argument 'cmake_target' from command line to 'None'
[0.183s] Level 5:colcon.colcon_core.verb:set package 'px4_msgs' build argument 'cmake_target_skip_unavailable' from command line to 'False'
[0.183s] Level 5:colcon.colcon_core.verb:set package 'px4_msgs' build argument 'cmake_clean_cache' from command line to 'False'
[0.183s] Level 5:colcon.colcon_core.verb:set package 'px4_msgs' build argument 'cmake_clean_first' from command line to 'False'
[0.183s] Level 5:colcon.colcon_core.verb:set package 'px4_msgs' build argument 'cmake_force_configure' from command line to 'False'
[0.183s] Level 5:colcon.colcon_core.verb:set package 'px4_msgs' build argument 'ament_cmake_args' from command line to 'None'
[0.183s] Level 5:colcon.colcon_core.verb:set package 'px4_msgs' build argument 'catkin_cmake_args' from command line to 'None'
[0.183s] Level 5:colcon.colcon_core.verb:set package 'px4_msgs' build argument 'catkin_skip_building_tests' from command line to 'False'
[0.183s] DEBUG:colcon.colcon_core.verb:Building package 'px4_msgs' with the following arguments: {'ament_cmake_args': None, 'build_base': '/home/robmoemac/M-LADIS-sim/PX4 Aux/ws_sensor_combined/build/px4_msgs', 'catkin_cmake_args': None, 'catkin_skip_building_tests': False, 'cmake_args': None, 'cmake_clean_cache': False, 'cmake_clean_first': False, 'cmake_force_configure': False, 'cmake_target': None, 'cmake_target_skip_unavailable': False, 'install_base': '/home/robmoemac/M-LADIS-sim/PX4 Aux/ws_sensor_combined/install/px4_msgs', 'merge_install': False, 'path': '/home/robmoemac/M-LADIS-sim/PX4 Aux/ws_sensor_combined/src/px4_msgs', 'symlink_install': False, 'test_result_base': None}
[0.183s] Level 5:colcon.colcon_core.verb:set package 'ros' build argument 'cmake_args' from command line to 'None'
[0.183s] Level 5:colcon.colcon_core.verb:set package 'ros' build argument 'cmake_target' from command line to 'None'
[0.183s] Level 5:colcon.colcon_core.verb:set package 'ros' build argument 'cmake_target_skip_unavailable' from command line to 'False'
[0.183s] Level 5:colcon.colcon_core.verb:set package 'ros' build argument 'cmake_clean_cache' from command line to 'False'
[0.183s] Level 5:colcon.colcon_core.verb:set package 'ros' build argument 'cmake_clean_first' from command line to 'False'
[0.183s] Level 5:colcon.colcon_core.verb:set package 'ros' build argument 'cmake_force_configure' from command line to 'False'
[0.183s] Level 5:colcon.colcon_core.verb:set package 'ros' build argument 'ament_cmake_args' from command line to 'None'
[0.183s] Level 5:colcon.colcon_core.verb:set package 'ros' build argument 'catkin_cmake_args' from command line to 'None'
[0.183s] Level 5:colcon.colcon_core.verb:set package 'ros' build argument 'catkin_skip_building_tests' from command line to 'False'
[0.183s] DEBUG:colcon.colcon_core.verb:Building package 'ros' with the following arguments: {'ament_cmake_args': None, 'build_base': '/home/robmoemac/M-LADIS-sim/PX4 Aux/ws_sensor_combined/build/ros', 'catkin_cmake_args': None, 'catkin_skip_building_tests': False, 'cmake_args': None, 'cmake_clean_cache': False, 'cmake_clean_first': False, 'cmake_force_configure': False, 'cmake_target': None, 'cmake_target_skip_unavailable': False, 'install_base': '/home/robmoemac/M-LADIS-sim/PX4 Aux/ws_sensor_combined/install/ros', 'merge_install': False, 'path': '/home/robmoemac/M-LADIS-sim/PX4 Aux/ws_sensor_combined/ros', 'symlink_install': False, 'test_result_base': None}
[0.184s] Level 5:colcon.colcon_core.verb:set package 'px4_ros_com' build argument 'cmake_args' from command line to 'None'
[0.184s] Level 5:colcon.colcon_core.verb:set package 'px4_ros_com' build argument 'cmake_target' from command line to 'None'
[0.184s] Level 5:colcon.colcon_core.verb:set package 'px4_ros_com' build argument 'cmake_target_skip_unavailable' from command line to 'False'
[0.184s] Level 5:colcon.colcon_core.verb:set package 'px4_ros_com' build argument 'cmake_clean_cache' from command line to 'False'
[0.184s] Level 5:colcon.colcon_core.verb:set package 'px4_ros_com' build argument 'cmake_clean_first' from command line to 'False'
[0.184s] Level 5:colcon.colcon_core.verb:set package 'px4_ros_com' build argument 'cmake_force_configure' from command line to 'False'
[0.184s] Level 5:colcon.colcon_core.verb:set package 'px4_ros_com' build argument 'ament_cmake_args' from command line to 'None'
[0.184s] Level 5:colcon.colcon_core.verb:set package 'px4_ros_com' build argument 'catkin_cmake_args' from command line to 'None'
[0.184s] Level 5:colcon.colcon_core.verb:set package 'px4_ros_com' build argument 'catkin_skip_building_tests' from command line to 'False'
[0.185s] DEBUG:colcon.colcon_core.verb:Building package 'px4_ros_com' with the following arguments: {'ament_cmake_args': None, 'build_base': '/home/robmoemac/M-LADIS-sim/PX4 Aux/ws_sensor_combined/build/px4_ros_com', 'catkin_cmake_args': None, 'catkin_skip_building_tests': False, 'cmake_args': None, 'cmake_clean_cache': False, 'cmake_clean_first': False, 'cmake_force_configure': False, 'cmake_target': None, 'cmake_target_skip_unavailable': False, 'install_base': '/home/robmoemac/M-LADIS-sim/PX4 Aux/ws_sensor_combined/install/px4_ros_com', 'merge_install': False, 'path': '/home/robmoemac/M-LADIS-sim/PX4 Aux/ws_sensor_combined/src/px4_ros_com', 'symlink_install': False, 'test_result_base': None}
[0.185s] INFO:colcon.colcon_core.executor:Executing jobs using 'parallel' executor
[0.186s] DEBUG:colcon.colcon_parallel_executor.executor.parallel:run_until_complete
[0.186s] INFO:colcon.colcon_ros.task.ament_cmake.build:Building ROS package in '/home/robmoemac/M-LADIS-sim/PX4 Aux/ws_sensor_combined/src/px4_msgs' with build type 'ament_cmake'
[0.186s] INFO:colcon.colcon_cmake.task.cmake.build:Building CMake package in '/home/robmoemac/M-LADIS-sim/PX4 Aux/ws_sensor_combined/src/px4_msgs'
[0.188s] INFO:colcon.colcon_core.plugin_system:Skipping extension 'colcon_core.shell.bat': Not used on non-Windows systems
[0.189s] INFO:colcon.colcon_core.shell:Skip shell extension 'powershell' for command environment: Not usable outside of PowerShell
[0.189s] DEBUG:colcon.colcon_core.shell:Skip shell extension 'dsv' for command environment
[0.195s] INFO:colcon.colcon_ros.task.ament_cmake.build:Building ROS package in '/home/robmoemac/M-LADIS-sim/PX4 Aux/ws_sensor_combined/ros' with build type 'ament_cmake'
[0.195s] INFO:colcon.colcon_cmake.task.cmake.build:Building CMake package in '/home/robmoemac/M-LADIS-sim/PX4 Aux/ws_sensor_combined/ros'
[0.195s] INFO:colcon.colcon_core.shell:Skip shell extension 'powershell' for command environment: Not usable outside of PowerShell
[0.195s] DEBUG:colcon.colcon_core.shell:Skip shell extension 'dsv' for command environment
[0.212s] DEBUG:colcon.colcon_core.event_handler.log_command:Invoking command in '/home/robmoemac/M-LADIS-sim/PX4 Aux/ws_sensor_combined/build/px4_msgs': CMAKE_PREFIX_PATH=/opt/ros/humble /usr/bin/cmake --build /home/robmoemac/M-LADIS-sim/PX4 Aux/ws_sensor_combined/build/px4_msgs -- -j8 -l8
[0.225s] DEBUG:colcon.colcon_core.event_handler.log_command:Invoking command in '/home/robmoemac/M-LADIS-sim/PX4 Aux/ws_sensor_combined/build/ros': CMAKE_PREFIX_PATH=/opt/ros/humble /usr/bin/cmake --build /home/robmoemac/M-LADIS-sim/PX4 Aux/ws_sensor_combined/build/ros -- -j8 -l8
[0.263s] DEBUG:colcon.colcon_core.event_handler.log_command:Invoked command in '/home/robmoemac/M-LADIS-sim/PX4 Aux/ws_sensor_combined/build/ros' returned '0': CMAKE_PREFIX_PATH=/opt/ros/humble /usr/bin/cmake --build /home/robmoemac/M-LADIS-sim/PX4 Aux/ws_sensor_combined/build/ros -- -j8 -l8
[0.291s] DEBUG:colcon.colcon_core.event_handler.log_command:Invoking command in '/home/robmoemac/M-LADIS-sim/PX4 Aux/ws_sensor_combined/build/ros': CMAKE_PREFIX_PATH=/opt/ros/humble /usr/bin/cmake --install /home/robmoemac/M-LADIS-sim/PX4 Aux/ws_sensor_combined/build/ros
[0.300s] Level 1:colcon.colcon_core.environment:create_environment_scripts_only(ros)
[0.302s] DEBUG:colcon.colcon_core.event_handler.log_command:Invoked command in '/home/robmoemac/M-LADIS-sim/PX4 Aux/ws_sensor_combined/build/ros' returned '0': CMAKE_PREFIX_PATH=/opt/ros/humble /usr/bin/cmake --install /home/robmoemac/M-LADIS-sim/PX4 Aux/ws_sensor_combined/build/ros
[0.304s] Level 1:colcon.colcon_core.environment:checking '/home/robmoemac/M-LADIS-sim/PX4 Aux/ws_sensor_combined/install/ros' for CMake module files
[0.305s] Level 1:colcon.colcon_core.environment:checking '/home/robmoemac/M-LADIS-sim/PX4 Aux/ws_sensor_combined/install/ros' for CMake config files
[0.306s] Level 1:colcon.colcon_core.shell:create_environment_hook('ros', 'cmake_prefix_path')
[0.306s] INFO:colcon.colcon_core.shell:Creating environment hook '/home/robmoemac/M-LADIS-sim/PX4 Aux/ws_sensor_combined/install/ros/share/ros/hook/cmake_prefix_path.ps1'
[0.309s] INFO:colcon.colcon_core.shell:Creating environment descriptor '/home/robmoemac/M-LADIS-sim/PX4 Aux/ws_sensor_combined/install/ros/share/ros/hook/cmake_prefix_path.dsv'
[0.313s] INFO:colcon.colcon_core.shell:Creating environment hook '/home/robmoemac/M-LADIS-sim/PX4 Aux/ws_sensor_combined/install/ros/share/ros/hook/cmake_prefix_path.sh'
[0.317s] Level 1:colcon.colcon_core.environment:checking '/home/robmoemac/M-LADIS-sim/PX4 Aux/ws_sensor_combined/install/ros/bin'
[0.317s] Level 1:colcon.colcon_core.environment:checking '/home/robmoemac/M-LADIS-sim/PX4 Aux/ws_sensor_combined/install/ros/lib/pkgconfig/ros.pc'
[0.317s] Level 1:colcon.colcon_core.environment:checking '/home/robmoemac/M-LADIS-sim/PX4 Aux/ws_sensor_combined/install/ros/lib/python3.10/site-packages'
[0.317s] Level 1:colcon.colcon_core.environment:checking '/home/robmoemac/M-LADIS-sim/PX4 Aux/ws_sensor_combined/install/ros/bin'
[0.318s] INFO:colcon.colcon_core.shell:Creating package script '/home/robmoemac/M-LADIS-sim/PX4 Aux/ws_sensor_combined/install/ros/share/ros/package.ps1'
[0.321s] INFO:colcon.colcon_core.shell:Creating package descriptor '/home/robmoemac/M-LADIS-sim/PX4 Aux/ws_sensor_combined/install/ros/share/ros/package.dsv'
[0.323s] INFO:colcon.colcon_core.shell:Creating package script '/home/robmoemac/M-LADIS-sim/PX4 Aux/ws_sensor_combined/install/ros/share/ros/package.sh'
[0.327s] INFO:colcon.colcon_core.shell:Creating package script '/home/robmoemac/M-LADIS-sim/PX4 Aux/ws_sensor_combined/install/ros/share/ros/package.bash'
[0.330s] INFO:colcon.colcon_core.shell:Creating package script '/home/robmoemac/M-LADIS-sim/PX4 Aux/ws_sensor_combined/install/ros/share/ros/package.zsh'
[0.333s] Level 1:colcon.colcon_core.environment:create_file_with_runtime_dependencies(/home/robmoemac/M-LADIS-sim/PX4 Aux/ws_sensor_combined/install/ros/share/colcon-core/packages/ros)
[0.358s] Level 1:colcon.colcon_core.environment:create_environment_scripts_only(ros)
[0.359s] Level 1:colcon.colcon_core.environment:checking '/home/robmoemac/M-LADIS-sim/PX4 Aux/ws_sensor_combined/install/ros' for CMake module files
[0.359s] Level 1:colcon.colcon_core.environment:checking '/home/robmoemac/M-LADIS-sim/PX4 Aux/ws_sensor_combined/install/ros' for CMake config files
[0.359s] Level 1:colcon.colcon_core.shell:create_environment_hook('ros', 'cmake_prefix_path')
[0.360s] INFO:colcon.colcon_core.shell:Creating environment hook '/home/robmoemac/M-LADIS-sim/PX4 Aux/ws_sensor_combined/install/ros/share/ros/hook/cmake_prefix_path.ps1'
[0.360s] INFO:colcon.colcon_core.shell:Creating environment descriptor '/home/robmoemac/M-LADIS-sim/PX4 Aux/ws_sensor_combined/install/ros/share/ros/hook/cmake_prefix_path.dsv'
[0.360s] INFO:colcon.colcon_core.shell:Creating environment hook '/home/robmoemac/M-LADIS-sim/PX4 Aux/ws_sensor_combined/install/ros/share/ros/hook/cmake_prefix_path.sh'
[0.361s] Level 1:colcon.colcon_core.environment:checking '/home/robmoemac/M-LADIS-sim/PX4 Aux/ws_sensor_combined/install/ros/bin'
[0.361s] Level 1:colcon.colcon_core.environment:checking '/home/robmoemac/M-LADIS-sim/PX4 Aux/ws_sensor_combined/install/ros/lib/pkgconfig/ros.pc'
[0.361s] Level 1:colcon.colcon_core.environment:checking '/home/robmoemac/M-LADIS-sim/PX4 Aux/ws_sensor_combined/install/ros/lib/python3.10/site-packages'
[0.362s] Level 1:colcon.colcon_core.environment:checking '/home/robmoemac/M-LADIS-sim/PX4 Aux/ws_sensor_combined/install/ros/bin'
[0.362s] INFO:colcon.colcon_core.shell:Creating package script '/home/robmoemac/M-LADIS-sim/PX4 Aux/ws_sensor_combined/install/ros/share/ros/package.ps1'
[0.362s] INFO:colcon.colcon_core.shell:Creating package descriptor '/home/robmoemac/M-LADIS-sim/PX4 Aux/ws_sensor_combined/install/ros/share/ros/package.dsv'
[0.363s] INFO:colcon.colcon_core.shell:Creating package script '/home/robmoemac/M-LADIS-sim/PX4 Aux/ws_sensor_combined/install/ros/share/ros/package.sh'
[0.363s] INFO:colcon.colcon_core.shell:Creating package script '/home/robmoemac/M-LADIS-sim/PX4 Aux/ws_sensor_combined/install/ros/share/ros/package.bash'
[0.364s] INFO:colcon.colcon_core.shell:Creating package script '/home/robmoemac/M-LADIS-sim/PX4 Aux/ws_sensor_combined/install/ros/share/ros/package.zsh'
[0.364s] Level 1:colcon.colcon_core.environment:create_file_with_runtime_dependencies(/home/robmoemac/M-LADIS-sim/PX4 Aux/ws_sensor_combined/install/ros/share/colcon-core/packages/ros)
[1.440s] DEBUG:colcon.colcon_core.event_handler.log_command:Invoked command in '/home/robmoemac/M-LADIS-sim/PX4 Aux/ws_sensor_combined/build/px4_msgs' returned '0': CMAKE_PREFIX_PATH=/opt/ros/humble /usr/bin/cmake --build /home/robmoemac/M-LADIS-sim/PX4 Aux/ws_sensor_combined/build/px4_msgs -- -j8 -l8
[7.348s] DEBUG:colcon.colcon_core.event_handler.log_command:Invoking command in '/home/robmoemac/M-LADIS-sim/PX4 Aux/ws_sensor_combined/build/px4_msgs': CMAKE_PREFIX_PATH=/opt/ros/humble /usr/bin/cmake --install /home/robmoemac/M-LADIS-sim/PX4 Aux/ws_sensor_combined/build/px4_msgs
[7.636s] Level 1:colcon.colcon_core.environment:create_environment_scripts_only(px4_msgs)
[7.636s] Level 1:colcon.colcon_core.environment:checking '/home/robmoemac/M-LADIS-sim/PX4 Aux/ws_sensor_combined/install/px4_msgs' for CMake module files
[7.637s] DEBUG:colcon.colcon_core.event_handler.log_command:Invoked command in '/home/robmoemac/M-LADIS-sim/PX4 Aux/ws_sensor_combined/build/px4_msgs' returned '0': CMAKE_PREFIX_PATH=/opt/ros/humble /usr/bin/cmake --install /home/robmoemac/M-LADIS-sim/PX4 Aux/ws_sensor_combined/build/px4_msgs
[7.637s] Level 1:colcon.colcon_core.environment:checking '/home/robmoemac/M-LADIS-sim/PX4 Aux/ws_sensor_combined/install/px4_msgs' for CMake config files
[7.641s] Level 1:colcon.colcon_core.shell:create_environment_hook('px4_msgs', 'cmake_prefix_path')
[7.641s] INFO:colcon.colcon_core.shell:Creating environment hook '/home/robmoemac/M-LADIS-sim/PX4 Aux/ws_sensor_combined/install/px4_msgs/share/px4_msgs/hook/cmake_prefix_path.ps1'
[7.642s] INFO:colcon.colcon_core.shell:Creating environment descriptor '/home/robmoemac/M-LADIS-sim/PX4 Aux/ws_sensor_combined/install/px4_msgs/share/px4_msgs/hook/cmake_prefix_path.dsv'
[7.642s] INFO:colcon.colcon_core.shell:Creating environment hook '/home/robmoemac/M-LADIS-sim/PX4 Aux/ws_sensor_combined/install/px4_msgs/share/px4_msgs/hook/cmake_prefix_path.sh'
[7.643s] Level 1:colcon.colcon_core.environment:checking '/home/robmoemac/M-LADIS-sim/PX4 Aux/ws_sensor_combined/install/px4_msgs/lib'
[7.643s] Level 1:colcon.colcon_core.shell:create_environment_hook('px4_msgs', 'ld_library_path_lib')
[7.643s] INFO:colcon.colcon_core.shell:Creating environment hook '/home/robmoemac/M-LADIS-sim/PX4 Aux/ws_sensor_combined/install/px4_msgs/share/px4_msgs/hook/ld_library_path_lib.ps1'
[7.644s] INFO:colcon.colcon_core.shell:Creating environment descriptor '/home/robmoemac/M-LADIS-sim/PX4 Aux/ws_sensor_combined/install/px4_msgs/share/px4_msgs/hook/ld_library_path_lib.dsv'
[7.644s] INFO:colcon.colcon_core.shell:Creating environment hook '/home/robmoemac/M-LADIS-sim/PX4 Aux/ws_sensor_combined/install/px4_msgs/share/px4_msgs/hook/ld_library_path_lib.sh'
[7.644s] Level 1:colcon.colcon_core.environment:checking '/home/robmoemac/M-LADIS-sim/PX4 Aux/ws_sensor_combined/install/px4_msgs/bin'
[7.644s] Level 1:colcon.colcon_core.environment:checking '/home/robmoemac/M-LADIS-sim/PX4 Aux/ws_sensor_combined/install/px4_msgs/lib/pkgconfig/px4_msgs.pc'
[7.645s] Level 1:colcon.colcon_core.environment:checking '/home/robmoemac/M-LADIS-sim/PX4 Aux/ws_sensor_combined/install/px4_msgs/lib/python3.10/site-packages'
[7.645s] Level 1:colcon.colcon_core.environment:checking '/home/robmoemac/M-LADIS-sim/PX4 Aux/ws_sensor_combined/install/px4_msgs/bin'
[7.645s] INFO:colcon.colcon_core.shell:Creating package script '/home/robmoemac/M-LADIS-sim/PX4 Aux/ws_sensor_combined/install/px4_msgs/share/px4_msgs/package.ps1'
[7.646s] INFO:colcon.colcon_core.shell:Creating package descriptor '/home/robmoemac/M-LADIS-sim/PX4 Aux/ws_sensor_combined/install/px4_msgs/share/px4_msgs/package.dsv'
[7.646s] INFO:colcon.colcon_core.shell:Creating package script '/home/robmoemac/M-LADIS-sim/PX4 Aux/ws_sensor_combined/install/px4_msgs/share/px4_msgs/package.sh'
[7.646s] INFO:colcon.colcon_core.shell:Creating package script '/home/robmoemac/M-LADIS-sim/PX4 Aux/ws_sensor_combined/install/px4_msgs/share/px4_msgs/package.bash'
[7.647s] INFO:colcon.colcon_core.shell:Creating package script '/home/robmoemac/M-LADIS-sim/PX4 Aux/ws_sensor_combined/install/px4_msgs/share/px4_msgs/package.zsh'
[7.647s] Level 1:colcon.colcon_core.environment:create_file_with_runtime_dependencies(/home/robmoemac/M-LADIS-sim/PX4 Aux/ws_sensor_combined/install/px4_msgs/share/colcon-core/packages/px4_msgs)
[13.724s] Level 1:colcon.colcon_core.environment:create_environment_scripts_only(px4_msgs)
[13.724s] Level 1:colcon.colcon_core.environment:checking '/home/robmoemac/M-LADIS-sim/PX4 Aux/ws_sensor_combined/install/px4_msgs' for CMake module files
[13.725s] Level 1:colcon.colcon_core.environment:checking '/home/robmoemac/M-LADIS-sim/PX4 Aux/ws_sensor_combined/install/px4_msgs' for CMake config files
[13.731s] Level 1:colcon.colcon_core.shell:create_environment_hook('px4_msgs', 'cmake_prefix_path')
[13.731s] INFO:colcon.colcon_core.shell:Creating environment hook '/home/robmoemac/M-LADIS-sim/PX4 Aux/ws_sensor_combined/install/px4_msgs/share/px4_msgs/hook/cmake_prefix_path.ps1'
[13.735s] INFO:colcon.colcon_core.shell:Creating environment descriptor '/home/robmoemac/M-LADIS-sim/PX4 Aux/ws_sensor_combined/install/px4_msgs/share/px4_msgs/hook/cmake_prefix_path.dsv'
[13.738s] INFO:colcon.colcon_core.shell:Creating environment hook '/home/robmoemac/M-LADIS-sim/PX4 Aux/ws_sensor_combined/install/px4_msgs/share/px4_msgs/hook/cmake_prefix_path.sh'
[13.740s] Level 1:colcon.colcon_core.environment:checking '/home/robmoemac/M-LADIS-sim/PX4 Aux/ws_sensor_combined/install/px4_msgs/lib'
[13.740s] Level 1:colcon.colcon_core.shell:create_environment_hook('px4_msgs', 'ld_library_path_lib')
[13.741s] INFO:colcon.colcon_core.shell:Creating environment hook '/home/robmoemac/M-LADIS-sim/PX4 Aux/ws_sensor_combined/install/px4_msgs/share/px4_msgs/hook/ld_library_path_lib.ps1'
[13.743s] INFO:colcon.colcon_core.shell:Creating environment descriptor '/home/robmoemac/M-LADIS-sim/PX4 Aux/ws_sensor_combined/install/px4_msgs/share/px4_msgs/hook/ld_library_path_lib.dsv'
[13.745s] INFO:colcon.colcon_core.shell:Creating environment hook '/home/robmoemac/M-LADIS-sim/PX4 Aux/ws_sensor_combined/install/px4_msgs/share/px4_msgs/hook/ld_library_path_lib.sh'
[13.748s] Level 1:colcon.colcon_core.environment:checking '/home/robmoemac/M-LADIS-sim/PX4 Aux/ws_sensor_combined/install/px4_msgs/bin'
[13.748s] Level 1:colcon.colcon_core.environment:checking '/home/robmoemac/M-LADIS-sim/PX4 Aux/ws_sensor_combined/install/px4_msgs/lib/pkgconfig/px4_msgs.pc'
[13.748s] Level 1:colcon.colcon_core.environment:checking '/home/robmoemac/M-LADIS-sim/PX4 Aux/ws_sensor_combined/install/px4_msgs/lib/python3.10/site-packages'
[13.748s] Level 1:colcon.colcon_core.environment:checking '/home/robmoemac/M-LADIS-sim/PX4 Aux/ws_sensor_combined/install/px4_msgs/bin'
[13.748s] INFO:colcon.colcon_core.shell:Creating package script '/home/robmoemac/M-LADIS-sim/PX4 Aux/ws_sensor_combined/install/px4_msgs/share/px4_msgs/package.ps1'
[13.751s] INFO:colcon.colcon_core.shell:Creating package descriptor '/home/robmoemac/M-LADIS-sim/PX4 Aux/ws_sensor_combined/install/px4_msgs/share/px4_msgs/package.dsv'
[13.754s] INFO:colcon.colcon_core.shell:Creating package script '/home/robmoemac/M-LADIS-sim/PX4 Aux/ws_sensor_combined/install/px4_msgs/share/px4_msgs/package.sh'
[13.756s] INFO:colcon.colcon_core.shell:Creating package script '/home/robmoemac/M-LADIS-sim/PX4 Aux/ws_sensor_combined/install/px4_msgs/share/px4_msgs/package.bash'
[13.758s] INFO:colcon.colcon_core.shell:Creating package script '/home/robmoemac/M-LADIS-sim/PX4 Aux/ws_sensor_combined/install/px4_msgs/share/px4_msgs/package.zsh'
[13.761s] Level 1:colcon.colcon_core.environment:create_file_with_runtime_dependencies(/home/robmoemac/M-LADIS-sim/PX4 Aux/ws_sensor_combined/install/px4_msgs/share/colcon-core/packages/px4_msgs)
[13.764s] INFO:colcon.colcon_ros.task.ament_cmake.build:Building ROS package in '/home/robmoemac/M-LADIS-sim/PX4 Aux/ws_sensor_combined/src/px4_ros_com' with build type 'ament_cmake'
[13.764s] INFO:colcon.colcon_cmake.task.cmake.build:Building CMake package in '/home/robmoemac/M-LADIS-sim/PX4 Aux/ws_sensor_combined/src/px4_ros_com'
[13.764s] INFO:colcon.colcon_core.shell:Skip shell extension 'powershell' for command environment: Not usable outside of PowerShell
[13.764s] DEBUG:colcon.colcon_core.shell:Skip shell extension 'dsv' for command environment
[13.779s] DEBUG:colcon.colcon_core.event_handler.log_command:Invoking command in '/home/robmoemac/M-LADIS-sim/PX4 Aux/ws_sensor_combined/build/px4_ros_com': AMENT_PREFIX_PATH=/home/robmoemac/M-LADIS-sim/PX4 Aux/ws_sensor_combined/install/px4_msgs:${AMENT_PREFIX_PATH} CMAKE_PREFIX_PATH=/home/robmoemac/M-LADIS-sim/PX4 Aux/ws_sensor_combined/install/px4_msgs:/opt/ros/humble LD_LIBRARY_PATH=/home/robmoemac/M-LADIS-sim/PX4 Aux/ws_sensor_combined/install/px4_msgs/lib:${LD_LIBRARY_PATH} PYTHONPATH=/home/robmoemac/M-LADIS-sim/PX4 Aux/ws_sensor_combined/install/px4_msgs/local/lib/python3.10/dist-packages:${PYTHONPATH} /usr/bin/cmake --build /home/robmoemac/M-LADIS-sim/PX4 Aux/ws_sensor_combined/build/px4_ros_com -- -j8 -l8
[14.063s] DEBUG:colcon.colcon_core.event_handler.log_command:Invoked command in '/home/robmoemac/M-LADIS-sim/PX4 Aux/ws_sensor_combined/build/px4_ros_com' returned '2': AMENT_PREFIX_PATH=/home/robmoemac/M-LADIS-sim/PX4 Aux/ws_sensor_combined/install/px4_msgs:${AMENT_PREFIX_PATH} CMAKE_PREFIX_PATH=/home/robmoemac/M-LADIS-sim/PX4 Aux/ws_sensor_combined/install/px4_msgs:/opt/ros/humble LD_LIBRARY_PATH=/home/robmoemac/M-LADIS-sim/PX4 Aux/ws_sensor_combined/install/px4_msgs/lib:${LD_LIBRARY_PATH} PYTHONPATH=/home/robmoemac/M-LADIS-sim/PX4 Aux/ws_sensor_combined/install/px4_msgs/local/lib/python3.10/dist-packages:${PYTHONPATH} /usr/bin/cmake --build /home/robmoemac/M-LADIS-sim/PX4 Aux/ws_sensor_combined/build/px4_ros_com -- -j8 -l8
[14.116s] Level 1:colcon.colcon_core.environment:create_environment_scripts_only(px4_ros_com)
[14.117s] Level 1:colcon.colcon_core.environment:checking '/home/robmoemac/M-LADIS-sim/PX4 Aux/ws_sensor_combined/install/px4_ros_com' for CMake module files
[14.118s] Level 1:colcon.colcon_core.environment:checking '/home/robmoemac/M-LADIS-sim/PX4 Aux/ws_sensor_combined/install/px4_ros_com' for CMake config files
[14.118s] Level 1:colcon.colcon_core.environment:checking '/home/robmoemac/M-LADIS-sim/PX4 Aux/ws_sensor_combined/install/px4_ros_com/bin'
[14.118s] Level 1:colcon.colcon_core.environment:checking '/home/robmoemac/M-LADIS-sim/PX4 Aux/ws_sensor_combined/install/px4_ros_com/lib/pkgconfig/px4_ros_com.pc'
[14.119s] Level 1:colcon.colcon_core.environment:checking '/home/robmoemac/M-LADIS-sim/PX4 Aux/ws_sensor_combined/install/px4_ros_com/lib/python3.10/site-packages'
[14.119s] Level 1:colcon.colcon_core.environment:checking '/home/robmoemac/M-LADIS-sim/PX4 Aux/ws_sensor_combined/install/px4_ros_com/bin'
[14.119s] INFO:colcon.colcon_core.shell:Creating package script '/home/robmoemac/M-LADIS-sim/PX4 Aux/ws_sensor_combined/install/px4_ros_com/share/px4_ros_com/package.ps1'
[14.125s] INFO:colcon.colcon_core.shell:Creating package descriptor '/home/robmoemac/M-LADIS-sim/PX4 Aux/ws_sensor_combined/install/px4_ros_com/share/px4_ros_com/package.dsv'
[14.129s] INFO:colcon.colcon_core.shell:Creating package script '/home/robmoemac/M-LADIS-sim/PX4 Aux/ws_sensor_combined/install/px4_ros_com/share/px4_ros_com/package.sh'
[14.132s] INFO:colcon.colcon_core.shell:Creating package script '/home/robmoemac/M-LADIS-sim/PX4 Aux/ws_sensor_combined/install/px4_ros_com/share/px4_ros_com/package.bash'
[14.135s] INFO:colcon.colcon_core.shell:Creating package script '/home/robmoemac/M-LADIS-sim/PX4 Aux/ws_sensor_combined/install/px4_ros_com/share/px4_ros_com/package.zsh'
[14.138s] Level 1:colcon.colcon_core.environment:create_file_with_runtime_dependencies(/home/robmoemac/M-LADIS-sim/PX4 Aux/ws_sensor_combined/install/px4_ros_com/share/colcon-core/packages/px4_ros_com)
[14.141s] DEBUG:colcon.colcon_parallel_executor.executor.parallel:closing loop
[14.142s] DEBUG:colcon.colcon_parallel_executor.executor.parallel:loop closed
[14.142s] DEBUG:colcon.colcon_parallel_executor.executor.parallel:run_until_complete finished with '2'
[14.142s] DEBUG:colcon.colcon_core.event_reactor:joining thread
[14.148s] INFO:colcon.colcon_core.plugin_system:Skipping extension 'colcon_notification.desktop_notification.terminal_notifier': Not used on non-Darwin systems
[14.148s] INFO:colcon.colcon_core.plugin_system:Skipping extension 'colcon_notification.desktop_notification.win32': Not used on non-Windows systems
[14.148s] INFO:colcon.colcon_notification.desktop_notification:Sending desktop notification using 'notify2'
[14.163s] DEBUG:colcon.colcon_core.event_reactor:joined thread
[14.163s] INFO:colcon.colcon_core.shell:Creating prefix script '/home/robmoemac/M-LADIS-sim/PX4 Aux/ws_sensor_combined/install/local_setup.ps1'
[14.164s] INFO:colcon.colcon_core.shell:Creating prefix util module '/home/robmoemac/M-LADIS-sim/PX4 Aux/ws_sensor_combined/install/_local_setup_util_ps1.py'
[14.165s] INFO:colcon.colcon_core.shell:Creating prefix chain script '/home/robmoemac/M-LADIS-sim/PX4 Aux/ws_sensor_combined/install/setup.ps1'
[14.167s] INFO:colcon.colcon_core.shell:Creating prefix script '/home/robmoemac/M-LADIS-sim/PX4 Aux/ws_sensor_combined/install/local_setup.sh'
[14.168s] INFO:colcon.colcon_core.shell:Creating prefix util module '/home/robmoemac/M-LADIS-sim/PX4 Aux/ws_sensor_combined/install/_local_setup_util_sh.py'
[14.168s] INFO:colcon.colcon_core.shell:Creating prefix chain script '/home/robmoemac/M-LADIS-sim/PX4 Aux/ws_sensor_combined/install/setup.sh'
[14.170s] INFO:colcon.colcon_core.shell:Creating prefix script '/home/robmoemac/M-LADIS-sim/PX4 Aux/ws_sensor_combined/install/local_setup.bash'
[14.170s] INFO:colcon.colcon_core.shell:Creating prefix chain script '/home/robmoemac/M-LADIS-sim/PX4 Aux/ws_sensor_combined/install/setup.bash'
[14.171s] INFO:colcon.colcon_core.shell:Creating prefix script '/home/robmoemac/M-LADIS-sim/PX4 Aux/ws_sensor_combined/install/local_setup.zsh'
[14.172s] INFO:colcon.colcon_core.shell:Creating prefix chain script '/home/robmoemac/M-LADIS-sim/PX4 Aux/ws_sensor_combined/install/setup.zsh'
