[0.044s] Invoking command in '/home/robmoemac/M-LADIS-sim/PX4 Aux/ws_sensor_combined/build/px4_ros_com': AMENT_PREFIX_PATH=/home/robmoemac/M-LADIS-sim/PX4 Aux/ws_sensor_combined/install/px4_msgs:${AMENT_PREFIX_PATH} CMAKE_PREFIX_PATH=/home/robmoemac/M-LADIS-sim/PX4 Aux/ws_sensor_combined/install/px4_msgs:/opt/ros/humble LD_LIBRARY_PATH=/home/robmoemac/M-LADIS-sim/PX4 Aux/ws_sensor_combined/install/px4_msgs/lib:${LD_LIBRARY_PATH} PYTHONPATH=/home/robmoemac/M-LADIS-sim/PX4 Aux/ws_sensor_combined/install/px4_msgs/local/lib/python3.10/dist-packages:${PYTHONPATH} /usr/bin/cmake --build /home/robmoemac/M-LADIS-sim/PX4 Aux/ws_sensor_combined/build/px4_ros_com -- -j8 -l8
[0.082s] [35m[1mConsolidate compiler generated dependencies of target offboard_control[0m
[0.088s] [ 20%] Built target debug_vect_advertiser
[0.089s] [ 40%] Built target frame_transforms
[0.090s] [ 60%] Built target sensor_combined_listener
[0.090s] [ 80%] Built target vehicle_gps_position_listener
[0.098s] [ 90%] [32mBuilding CXX object CMakeFiles/offboard_control.dir/src/examples/offboard/offboard_control.cpp.o[0m
[1.928s] [01m[K/home/robmoemac/M-LADIS-sim/PX4 Aux/ws_sensor_combined/src/px4_ros_com/src/examples/offboard/offboard_control.cpp:[m[K In lambda function:
[1.928s] [01m[K/home/robmoemac/M-LADIS-sim/PX4 Aux/ws_sensor_combined/src/px4_ros_com/src/examples/offboard/offboard_control.cpp:83:25:[m[K [01;31m[Kerror: [m[K‘[01m[Kx[m[K’ is not captured
[1.928s]    83 |                         [01;31m[Kx[m[K = msg->position[0];
[1.929s]       |                         [01;31m[K^[m[K
[1.929s] [01m[K/home/robmoemac/M-LADIS-sim/PX4 Aux/ws_sensor_combined/src/px4_ros_com/src/examples/offboard/offboard_control.cpp:81:22:[m[K [01;36m[Knote: [m[Kthe lambda has no capture-default
[1.929s]    81 |                 [this[01;36m[K][m[K(const px4_msgs::msg::TrajectorySetpoint::SharedPtr msg) {
[1.929s]       |                      [01;36m[K^[m[K
[1.929s] [01m[K/home/robmoemac/M-LADIS-sim/PX4 Aux/ws_sensor_combined/src/px4_ros_com/src/examples/offboard/offboard_control.cpp:73:23:[m[K [01;36m[Knote: [m[K‘[01m[Kfloat x[m[K’ declared here
[1.929s]    73 |                 float [01;36m[Kx[m[K;
[1.929s]       |                       [01;36m[K^[m[K
[1.929s] [01m[K/home/robmoemac/M-LADIS-sim/PX4 Aux/ws_sensor_combined/src/px4_ros_com/src/examples/offboard/offboard_control.cpp:84:25:[m[K [01;31m[Kerror: [m[K‘[01m[Ky[m[K’ is not captured
[1.929s]    84 |                         [01;31m[Ky[m[K = msg->position[1];
[1.929s]       |                         [01;31m[K^[m[K
[1.929s] [01m[K/home/robmoemac/M-LADIS-sim/PX4 Aux/ws_sensor_combined/src/px4_ros_com/src/examples/offboard/offboard_control.cpp:81:22:[m[K [01;36m[Knote: [m[Kthe lambda has no capture-default
[1.929s]    81 |                 [this[01;36m[K][m[K(const px4_msgs::msg::TrajectorySetpoint::SharedPtr msg) {
[1.929s]       |                      [01;36m[K^[m[K
[1.929s] [01m[K/home/robmoemac/M-LADIS-sim/PX4 Aux/ws_sensor_combined/src/px4_ros_com/src/examples/offboard/offboard_control.cpp:74:23:[m[K [01;36m[Knote: [m[K‘[01m[Kfloat y[m[K’ declared here
[1.929s]    74 |                 float [01;36m[Ky[m[K;
[1.929s]       |                       [01;36m[K^[m[K
[1.929s] [01m[K/home/robmoemac/M-LADIS-sim/PX4 Aux/ws_sensor_combined/src/px4_ros_com/src/examples/offboard/offboard_control.cpp:85:25:[m[K [01;31m[Kerror: [m[K‘[01m[Kz[m[K’ is not captured
[1.929s]    85 |                         [01;31m[Kz[m[K = msg->position[2];
[1.929s]       |                         [01;31m[K^[m[K
[1.929s] [01m[K/home/robmoemac/M-LADIS-sim/PX4 Aux/ws_sensor_combined/src/px4_ros_com/src/examples/offboard/offboard_control.cpp:81:22:[m[K [01;36m[Knote: [m[Kthe lambda has no capture-default
[1.929s]    81 |                 [this[01;36m[K][m[K(const px4_msgs::msg::TrajectorySetpoint::SharedPtr msg) {
[1.929s]       |                      [01;36m[K^[m[K
[1.930s] [01m[K/home/robmoemac/M-LADIS-sim/PX4 Aux/ws_sensor_combined/src/px4_ros_com/src/examples/offboard/offboard_control.cpp:75:23:[m[K [01;36m[Knote: [m[K‘[01m[Kfloat z[m[K’ declared here
[1.930s]    75 |                 float [01;36m[Kz[m[K;
[1.930s]       |                       [01;36m[K^[m[K
[1.930s] [01m[K/home/robmoemac/M-LADIS-sim/PX4 Aux/ws_sensor_combined/src/px4_ros_com/src/examples/offboard/offboard_control.cpp:86:25:[m[K [01;31m[Kerror: [m[K‘[01m[Kyaw[m[K’ is not captured
[1.930s]    86 |                         [01;31m[Kyaw[m[K = msg->position[3];
[1.930s]       |                         [01;31m[K^~~[m[K
[1.930s] [01m[K/home/robmoemac/M-LADIS-sim/PX4 Aux/ws_sensor_combined/src/px4_ros_com/src/examples/offboard/offboard_control.cpp:81:22:[m[K [01;36m[Knote: [m[Kthe lambda has no capture-default
[1.930s]    81 |                 [this[01;36m[K][m[K(const px4_msgs::msg::TrajectorySetpoint::SharedPtr msg) {
[1.930s]       |                      [01;36m[K^[m[K
[1.930s] [01m[K/home/robmoemac/M-LADIS-sim/PX4 Aux/ws_sensor_combined/src/px4_ros_com/src/examples/offboard/offboard_control.cpp:76:23:[m[K [01;36m[Knote: [m[K‘[01m[Kfloat yaw[m[K’ declared here
[1.930s]    76 |                 float [01;36m[Kyaw[m[K;
[1.930s]       |                       [01;36m[K^~~[m[K
[1.931s] [01m[K/home/robmoemac/M-LADIS-sim/PX4 Aux/ws_sensor_combined/src/px4_ros_com/src/examples/offboard/offboard_control.cpp:[m[K In constructor ‘[01m[KOffboardControl::OffboardControl()[m[K’:
[1.931s] [01m[K/home/robmoemac/M-LADIS-sim/PX4 Aux/ws_sensor_combined/src/px4_ros_com/src/examples/offboard/offboard_control.cpp:122:49:[m[K [01;31m[Kerror: [m[Kno matching function for call to ‘[01m[KOffboardControl::create_wall_timer(std::chrono::milliseconds, OffboardControl::OffboardControl()::<lambda(px4_msgs::msg::TrajectorySetpoint_<std::allocator<void> >::SharedPtr)>&)[m[K’
[1.932s]   122 |                 timer_ = [01;31m[Kthis->create_wall_timer(100ms, timer_callback)[m[K;
[1.932s]       |                          [01;31m[K~~~~~~~~~~~~~~~~~~~~~~~^~~~~~~~~~~~~~~~~~~~~~~[m[K
[1.932s] In file included from [01m[K/opt/ros/humble/include/rclcpp/rclcpp/executors/single_threaded_executor.hpp:28[m[K,
[1.932s]                  from [01m[K/opt/ros/humble/include/rclcpp/rclcpp/executors.hpp:22[m[K,
[1.932s]                  from [01m[K/opt/ros/humble/include/rclcpp/rclcpp/rclcpp.hpp:155[m[K,
[1.932s]                  from [01m[K/home/robmoemac/M-LADIS-sim/PX4 Aux/ws_sensor_combined/src/px4_ros_com/src/examples/offboard/offboard_control.cpp:46[m[K:
[1.932s] [01m[K/opt/ros/humble/include/rclcpp/rclcpp/node.hpp:238:3:[m[K [01;36m[Knote: [m[Kcandidate: ‘[01m[Ktemplate<class DurationRepT, class DurationT, class CallbackT> typename rclcpp::WallTimer<CallbackT>::SharedPtr rclcpp::Node::create_wall_timer(std::chrono::duration<_Rep1, _Period1>, CallbackT, rclcpp::CallbackGroup::SharedPtr)[m[K’
[1.932s]   238 |   [01;36m[Kcreate_wall_timer[m[K(
[1.932s]       |   [01;36m[K^~~~~~~~~~~~~~~~~[m[K
[1.932s] [01m[K/opt/ros/humble/include/rclcpp/rclcpp/node.hpp:238:3:[m[K [01;36m[Knote: [m[K  template argument deduction/substitution failed:
[1.932s] In file included from [01m[K/opt/ros/humble/include/rclcpp/rclcpp/node.hpp:1321[m[K,
[1.932s]                  from [01m[K/opt/ros/humble/include/rclcpp/rclcpp/executors/single_threaded_executor.hpp:28[m[K,
[1.932s]                  from [01m[K/opt/ros/humble/include/rclcpp/rclcpp/executors.hpp:22[m[K,
[1.932s]                  from [01m[K/opt/ros/humble/include/rclcpp/rclcpp/rclcpp.hpp:155[m[K,
[1.932s]                  from [01m[K/home/robmoemac/M-LADIS-sim/PX4 Aux/ws_sensor_combined/src/px4_ros_com/src/examples/offboard/offboard_control.cpp:46[m[K:
[1.932s] /opt/ros/humble/include/rclcpp/rclcpp/node_impl.hpp: In substitution of ‘[01m[Ktemplate<class DurationRepT, class DurationT, class CallbackT> typename rclcpp::WallTimer<CallbackT>::SharedPtr rclcpp::Node::create_wall_timer(std::chrono::duration<_Rep1, _Period1>, CallbackT, rclcpp::CallbackGroup::SharedPtr) [with DurationRepT = long int; DurationT = std::ratio<1, 1000>; CallbackT = OffboardControl::OffboardControl()::<lambda(px4_msgs::msg::TrajectorySetpoint_<std::allocator<void> >::SharedPtr)>][m[K’:
[1.932s] [01m[K/home/robmoemac/M-LADIS-sim/PX4 Aux/ws_sensor_combined/src/px4_ros_com/src/examples/offboard/offboard_control.cpp:122:35:[m[K   required from here
[1.933s] [01m[K/opt/ros/humble/include/rclcpp/rclcpp/node_impl.hpp:110:1:[m[K [01;31m[Kerror: [m[Kno type named ‘[01m[Ktype[m[K’ in ‘[01m[Kstruct std::enable_if<false, void>[m[K’
[1.933s]   110 | [01;31m[KNode[m[K::create_wall_timer(
[1.933s]       | [01;31m[K^~~~[m[K
[1.933s] [01m[K/opt/ros/humble/include/rclcpp/rclcpp/node_impl.hpp:110:1:[m[K [01;31m[Kerror: [m[Kno type named ‘[01m[Ktype[m[K’ in ‘[01m[Kstruct std::enable_if<false, void>[m[K’
[1.933s] [01m[K/opt/ros/humble/include/rclcpp/rclcpp/node_impl.hpp:110:1:[m[K [01;36m[Knote: [m[Kinvalid template non-type parameter
[4.005s] gmake[2]: *** [CMakeFiles/offboard_control.dir/build.make:76: CMakeFiles/offboard_control.dir/src/examples/offboard/offboard_control.cpp.o] Error 1
[4.005s] gmake[1]: *** [CMakeFiles/Makefile2:249: CMakeFiles/offboard_control.dir/all] Error 2
[4.005s] gmake: *** [Makefile:146: all] Error 2
[4.008s] Invoked command in '/home/robmoemac/M-LADIS-sim/PX4 Aux/ws_sensor_combined/build/px4_ros_com' returned '2': AMENT_PREFIX_PATH=/home/robmoemac/M-LADIS-sim/PX4 Aux/ws_sensor_combined/install/px4_msgs:${AMENT_PREFIX_PATH} CMAKE_PREFIX_PATH=/home/robmoemac/M-LADIS-sim/PX4 Aux/ws_sensor_combined/install/px4_msgs:/opt/ros/humble LD_LIBRARY_PATH=/home/robmoemac/M-LADIS-sim/PX4 Aux/ws_sensor_combined/install/px4_msgs/lib:${LD_LIBRARY_PATH} PYTHONPATH=/home/robmoemac/M-LADIS-sim/PX4 Aux/ws_sensor_combined/install/px4_msgs/local/lib/python3.10/dist-packages:${PYTHONPATH} /usr/bin/cmake --build /home/robmoemac/M-LADIS-sim/PX4 Aux/ws_sensor_combined/build/px4_ros_com -- -j8 -l8
