-- Install configuration: ""
-- Up-to-date: /home/dserbin/Documents/M-LADIS-sim/PX4 Aux/ws_sensor_combined/install/ros/share/ros/launch
-- Up-to-date: /home/dserbin/Documents/M-LADIS-sim/PX4 Aux/ws_sensor_combined/install/ros/share/ros/launch/roslauncher.launch.py
-- Up-to-date: /home/dserbin/Documents/M-LADIS-sim/PX4 Aux/ws_sensor_combined/install/ros/share/ros/launch/README.md
-- Up-to-date: /home/dserbin/Documents/M-LADIS-sim/PX4 Aux/ws_sensor_combined/install/ros/share/ros/config
-- Installing: /home/dserbin/Documents/M-LADIS-sim/PX4 Aux/ws_sensor_combined/install/ros/share/ros/config/ros_gz_bridge.yaml
-- Up-to-date: /home/dserbin/Documents/M-LADIS-sim/PX4 Aux/ws_sensor_combined/install/ros/share/ament_index/resource_index/package_run_dependencies/ros
-- Up-to-date: /home/dserbin/Documents/M-LADIS-sim/PX4 Aux/ws_sensor_combined/install/ros/share/ament_index/resource_index/parent_prefix_path/ros
-- Up-to-date: /home/dserbin/Documents/M-LADIS-sim/PX4 Aux/ws_sensor_combined/install/ros/share/ros/environment/ament_prefix_path.sh
-- Up-to-date: /home/dserbin/Documents/M-LADIS-sim/PX4 Aux/ws_sensor_combined/install/ros/share/ros/environment/ament_prefix_path.dsv
-- Up-to-date: /home/dserbin/Documents/M-LADIS-sim/PX4 Aux/ws_sensor_combined/install/ros/share/ros/environment/path.sh
-- Up-to-date: /home/dserbin/Documents/M-LADIS-sim/PX4 Aux/ws_sensor_combined/install/ros/share/ros/environment/path.dsv
-- Up-to-date: /home/dserbin/Documents/M-LADIS-sim/PX4 Aux/ws_sensor_combined/install/ros/share/ros/local_setup.bash
-- Up-to-date: /home/dserbin/Documents/M-LADIS-sim/PX4 Aux/ws_sensor_combined/install/ros/share/ros/local_setup.sh
-- Up-to-date: /home/dserbin/Documents/M-LADIS-sim/PX4 Aux/ws_sensor_combined/install/ros/share/ros/local_setup.zsh
-- Up-to-date: /home/dserbin/Documents/M-LADIS-sim/PX4 Aux/ws_sensor_combined/install/ros/share/ros/local_setup.dsv
-- Installing: /home/dserbin/Documents/M-LADIS-sim/PX4 Aux/ws_sensor_combined/install/ros/share/ros/package.dsv
-- Up-to-date: /home/dserbin/Documents/M-LADIS-sim/PX4 Aux/ws_sensor_combined/install/ros/share/ament_index/resource_index/packages/ros
-- Up-to-date: /home/dserbin/Documents/M-LADIS-sim/PX4 Aux/ws_sensor_combined/install/ros/share/ros/cmake/rosConfig.cmake
-- Up-to-date: /home/dserbin/Documents/M-LADIS-sim/PX4 Aux/ws_sensor_combined/install/ros/share/ros/cmake/rosConfig-version.cmake
-- Up-to-date: /home/dserbin/Documents/M-LADIS-sim/PX4 Aux/ws_sensor_combined/install/ros/share/ros/package.xml
