[0.017s] Invoking command in '/home/robmoemac/M-LADIS-Jerry/ws_sensor_combined/build/nearest_poster_yaw': CMAKE_PREFIX_PATH=${CMAKE_PREFIX_PATH}:/opt/ros/humble /usr/bin/cmake /home/robmoemac/M-LADIS-Jerry/ws_sensor_combined/src/nearest_poster_yaw -DCMAKE_INSTALL_PREFIX=/home/robmoemac/M-LADIS-Jerry/ws_sensor_combined/install/nearest_poster_yaw
[0.083s] -- The C compiler identification is GNU 11.4.0
[0.148s] -- The CXX compiler identification is GNU 11.4.0
[0.158s] -- Detecting C compiler ABI info
[0.222s] -- Detecting C compiler ABI info - done
[0.234s] -- Check for working C compiler: /usr/bin/cc - skipped
[0.234s] -- Detecting C compile features
[0.234s] -- Detecting C compile features - done
[0.238s] -- Detecting CXX compiler ABI info
[0.313s] -- Detecting CXX compiler ABI info - done
[0.324s] -- Check for working CXX compiler: /usr/bin/c++ - skipped
[0.325s] -- Detecting CXX compile features
[0.325s] -- Detecting CXX compile features - done
[0.328s] -- Found ament_cmake: 1.3.8 (/opt/ros/humble/share/ament_cmake/cmake)
[0.754s] -- Found Python3: /usr/bin/python3 (found version "3.10.12") found components: Interpreter 
[0.839s] -- Found rclcpp: 16.0.8 (/opt/ros/humble/share/rclcpp/cmake)
[0.873s] -- Found rosidl_generator_c: 3.1.5 (/opt/ros/humble/share/rosidl_generator_c/cmake)
[0.880s] -- Found rosidl_adapter: 3.1.5 (/opt/ros/humble/share/rosidl_adapter/cmake)
[0.890s] -- Found rosidl_generator_cpp: 3.1.5 (/opt/ros/humble/share/rosidl_generator_cpp/cmake)
[0.910s] -- Using all available rosidl_typesupport_c: rosidl_typesupport_fastrtps_c;rosidl_typesupport_introspection_c
[0.932s] -- Using all available rosidl_typesupport_cpp: rosidl_typesupport_fastrtps_cpp;rosidl_typesupport_introspection_cpp
[1.019s] -- Found rmw_implementation_cmake: 6.1.1 (/opt/ros/humble/share/rmw_implementation_cmake/cmake)
[1.023s] -- Found rmw_fastrtps_cpp: 6.2.6 (/opt/ros/humble/share/rmw_fastrtps_cpp/cmake)
[1.160s] -- Found OpenSSL: /usr/lib/x86_64-linux-gnu/libcrypto.so (found version "3.0.2")  
[1.191s] -- Found FastRTPS: /opt/ros/humble/include  
[1.247s] -- Using RMW implementation 'rmw_fastrtps_cpp' as default
[1.260s] -- Looking for pthread.h
[1.342s] -- Looking for pthread.h - found
[1.343s] -- Performing Test CMAKE_HAVE_LIBC_PTHREAD
[1.416s] -- Performing Test CMAKE_HAVE_LIBC_PTHREAD - Success
[1.417s] -- Found Threads: TRUE  
[1.584s] -- Found geometry_msgs: 4.2.3 (/opt/ros/humble/share/geometry_msgs/cmake)
[1.630s] -- Found ament_lint_auto: 0.12.10 (/opt/ros/humble/share/ament_lint_auto/cmake)
[1.711s] -- Added test 'copyright' to check source files copyright and LICENSE
[1.713s] -- Added test 'cppcheck' to perform static code analysis on C / C++ code
[1.713s] -- Configured cppcheck include dirs: 
[1.713s] -- Configured cppcheck exclude dirs and/or files: 
[1.714s] -- Added test 'cpplint' to check C / C++ code against the Google style
[1.715s] -- Configured cpplint exclude dirs and/or files: 
[1.715s] -- Added test 'flake8' to check Python code syntax and style conventions
[1.716s] -- Added test 'lint_cmake' to check CMake code style
[1.717s] -- Added test 'pep257' to check Python code against some of the docstring style conventions in PEP 257
[1.718s] -- Added test 'uncrustify' to check C / C++ code style
[1.718s] -- Configured uncrustify additional arguments: 
[1.719s] -- Added test 'xmllint' to check XML markup files
[1.721s] -- Configuring done
[1.730s] -- Generating done
[1.736s] -- Build files have been written to: /home/robmoemac/M-LADIS-Jerry/ws_sensor_combined/build/nearest_poster_yaw
[1.746s] Invoked command in '/home/robmoemac/M-LADIS-Jerry/ws_sensor_combined/build/nearest_poster_yaw' returned '0': CMAKE_PREFIX_PATH=${CMAKE_PREFIX_PATH}:/opt/ros/humble /usr/bin/cmake /home/robmoemac/M-LADIS-Jerry/ws_sensor_combined/src/nearest_poster_yaw -DCMAKE_INSTALL_PREFIX=/home/robmoemac/M-LADIS-Jerry/ws_sensor_combined/install/nearest_poster_yaw
[1.748s] Invoking command in '/home/robmoemac/M-LADIS-Jerry/ws_sensor_combined/build/nearest_poster_yaw': CMAKE_PREFIX_PATH=${CMAKE_PREFIX_PATH}:/opt/ros/humble /usr/bin/cmake --build /home/robmoemac/M-LADIS-Jerry/ws_sensor_combined/build/nearest_poster_yaw -- -j8 -l8
[1.796s] [ 50%] [32mBuilding CXX object CMakeFiles/nearest_poster_node.dir/src/nearest_poster_node.cpp.o[0m
[16.363s] [100%] [32m[1mLinking CXX executable nearest_poster_node[0m
[16.977s] [100%] Built target nearest_poster_node
[16.987s] Invoked command in '/home/robmoemac/M-LADIS-Jerry/ws_sensor_combined/build/nearest_poster_yaw' returned '0': CMAKE_PREFIX_PATH=${CMAKE_PREFIX_PATH}:/opt/ros/humble /usr/bin/cmake --build /home/robmoemac/M-LADIS-Jerry/ws_sensor_combined/build/nearest_poster_yaw -- -j8 -l8
[17.011s] Invoking command in '/home/robmoemac/M-LADIS-Jerry/ws_sensor_combined/build/nearest_poster_yaw': CMAKE_PREFIX_PATH=${CMAKE_PREFIX_PATH}:/opt/ros/humble /usr/bin/cmake --install /home/robmoemac/M-LADIS-Jerry/ws_sensor_combined/build/nearest_poster_yaw
[17.017s] -- Install configuration: ""
[17.017s] -- Installing: /home/robmoemac/M-LADIS-Jerry/ws_sensor_combined/install/nearest_poster_yaw/lib/nearest_poster_yaw/nearest_poster_node
[17.022s] -- Set runtime path of "/home/robmoemac/M-LADIS-Jerry/ws_sensor_combined/install/nearest_poster_yaw/lib/nearest_poster_yaw/nearest_poster_node" to ""
[17.022s] -- Installing: /home/robmoemac/M-LADIS-Jerry/ws_sensor_combined/install/nearest_poster_yaw/share/nearest_poster_yaw/launch
[17.022s] -- Installing: /home/robmoemac/M-LADIS-Jerry/ws_sensor_combined/install/nearest_poster_yaw/share/nearest_poster_yaw/launch/launch.py
[17.022s] -- Installing: /home/robmoemac/M-LADIS-Jerry/ws_sensor_combined/install/nearest_poster_yaw/share/nearest_poster_yaw/launch/.vscode
[17.022s] -- Installing: /home/robmoemac/M-LADIS-Jerry/ws_sensor_combined/install/nearest_poster_yaw/share/nearest_poster_yaw/launch/.vscode/c_cpp_properties.json
[17.022s] -- Installing: /home/robmoemac/M-LADIS-Jerry/ws_sensor_combined/install/nearest_poster_yaw/share/nearest_poster_yaw/launch/.vscode/settings.json
[17.023s] -- Installing: /home/robmoemac/M-LADIS-Jerry/ws_sensor_combined/install/nearest_poster_yaw/share/ament_index/resource_index/package_run_dependencies/nearest_poster_yaw
[17.023s] -- Installing: /home/robmoemac/M-LADIS-Jerry/ws_sensor_combined/install/nearest_poster_yaw/share/ament_index/resource_index/parent_prefix_path/nearest_poster_yaw
[17.023s] -- Installing: /home/robmoemac/M-LADIS-Jerry/ws_sensor_combined/install/nearest_poster_yaw/share/nearest_poster_yaw/environment/ament_prefix_path.sh
[17.023s] -- Installing: /home/robmoemac/M-LADIS-Jerry/ws_sensor_combined/install/nearest_poster_yaw/share/nearest_poster_yaw/environment/ament_prefix_path.dsv
[17.023s] -- Installing: /home/robmoemac/M-LADIS-Jerry/ws_sensor_combined/install/nearest_poster_yaw/share/nearest_poster_yaw/environment/path.sh
[17.023s] -- Installing: /home/robmoemac/M-LADIS-Jerry/ws_sensor_combined/install/nearest_poster_yaw/share/nearest_poster_yaw/environment/path.dsv
[17.023s] -- Installing: /home/robmoemac/M-LADIS-Jerry/ws_sensor_combined/install/nearest_poster_yaw/share/nearest_poster_yaw/local_setup.bash
[17.023s] -- Installing: /home/robmoemac/M-LADIS-Jerry/ws_sensor_combined/install/nearest_poster_yaw/share/nearest_poster_yaw/local_setup.sh
[17.023s] -- Installing: /home/robmoemac/M-LADIS-Jerry/ws_sensor_combined/install/nearest_poster_yaw/share/nearest_poster_yaw/local_setup.zsh
[17.024s] -- Installing: /home/robmoemac/M-LADIS-Jerry/ws_sensor_combined/install/nearest_poster_yaw/share/nearest_poster_yaw/local_setup.dsv
[17.024s] -- Installing: /home/robmoemac/M-LADIS-Jerry/ws_sensor_combined/install/nearest_poster_yaw/share/nearest_poster_yaw/package.dsv
[17.024s] -- Installing: /home/robmoemac/M-LADIS-Jerry/ws_sensor_combined/install/nearest_poster_yaw/share/ament_index/resource_index/packages/nearest_poster_yaw
[17.024s] -- Installing: /home/robmoemac/M-LADIS-Jerry/ws_sensor_combined/install/nearest_poster_yaw/share/nearest_poster_yaw/cmake/nearest_poster_yawConfig.cmake
[17.024s] -- Installing: /home/robmoemac/M-LADIS-Jerry/ws_sensor_combined/install/nearest_poster_yaw/share/nearest_poster_yaw/cmake/nearest_poster_yawConfig-version.cmake
[17.024s] -- Installing: /home/robmoemac/M-LADIS-Jerry/ws_sensor_combined/install/nearest_poster_yaw/share/nearest_poster_yaw/package.xml
[17.026s] Invoked command in '/home/robmoemac/M-LADIS-Jerry/ws_sensor_combined/build/nearest_poster_yaw' returned '0': CMAKE_PREFIX_PATH=${CMAKE_PREFIX_PATH}:/opt/ros/humble /usr/bin/cmake --install /home/robmoemac/M-LADIS-Jerry/ws_sensor_combined/build/nearest_poster_yaw
