[0.076s] DEBUG:colcon:Command line arguments: ['/usr/bin/colcon', 'list', '-p', '--base-paths', '/home/blake/M-LADIS-Jerry/ws_sensor_combined']
[0.076s] DEBUG:colcon:Parsed command line arguments: Namespace(log_base=None, log_level=None, verb_name='list', build_base='build', ignore_user_meta=False, metas=['./colcon.meta'], base_paths=['/home/blake/M-LADIS-Jerry/ws_sensor_combined'], packages_ignore=None, packages_ignore_regex=None, paths=None, packages_up_to=None, packages_up_to_regex=None, packages_above=None, packages_above_and_dependencies=None, packages_above_depth=None, packages_select_by_dep=None, packages_skip_by_dep=None, packages_skip_up_to=None, packages_select_build_failed=False, packages_skip_build_finished=False, packages_select_test_failures=False, packages_skip_test_passed=False, packages_select=None, packages_skip=None, packages_select_regex=None, packages_skip_regex=None, packages_start=None, packages_end=None, allow_overriding=[], topological_order=False, names_only=False, paths_only=True, topological_graph=False, topological_graph_dot=False, topological_graph_density=False, topological_graph_legend=False, topological_graph_dot_cluster=False, topological_graph_dot_include_skipped=False, verb_parser=<colcon_defaults.argument_parser.defaults.DefaultArgumentsDecorator object at 0x7d906755e3e0>, verb_extension=<colcon_package_information.verb.list.ListVerb object at 0x7d906755d330>, main=<bound method ListVerb.main of <colcon_package_information.verb.list.ListVerb object at 0x7d906755d330>>)
[0.264s] Level 1:colcon.colcon_core.package_discovery:discover_packages(colcon_meta) check parameters
[0.265s] Level 1:colcon.colcon_core.package_discovery:discover_packages(recursive) check parameters
[0.265s] Level 1:colcon.colcon_core.package_discovery:discover_packages(ignore) check parameters
[0.265s] Level 1:colcon.colcon_core.package_discovery:discover_packages(path) check parameters
[0.265s] Level 1:colcon.colcon_core.package_discovery:discover_packages(recursive) discover
[0.265s] INFO:colcon.colcon_core.package_discovery:Crawling recursively for packages in '/home/blake/M-LADIS-Jerry/ws_sensor_combined'
[0.265s] Level 1:colcon.colcon_core.package_identification:_identify(/home/blake/M-LADIS-Jerry/ws_sensor_combined) by extensions ['ignore', 'ignore_ament_install']
[0.265s] Level 1:colcon.colcon_core.package_identification:_identify(/home/blake/M-LADIS-Jerry/ws_sensor_combined) by extension 'ignore'
[0.265s] Level 1:colcon.colcon_core.package_identification:_identify(/home/blake/M-LADIS-Jerry/ws_sensor_combined) by extension 'ignore_ament_install'
[0.265s] Level 1:colcon.colcon_core.package_identification:_identify(/home/blake/M-LADIS-Jerry/ws_sensor_combined) by extensions ['colcon_pkg']
[0.265s] Level 1:colcon.colcon_core.package_identification:_identify(/home/blake/M-LADIS-Jerry/ws_sensor_combined) by extension 'colcon_pkg'
[0.265s] Level 1:colcon.colcon_core.package_identification:_identify(/home/blake/M-LADIS-Jerry/ws_sensor_combined) by extensions ['colcon_meta']
[0.265s] Level 1:colcon.colcon_core.package_identification:_identify(/home/blake/M-LADIS-Jerry/ws_sensor_combined) by extension 'colcon_meta'
[0.265s] Level 1:colcon.colcon_core.package_identification:_identify(/home/blake/M-LADIS-Jerry/ws_sensor_combined) by extensions ['ros']
[0.265s] Level 1:colcon.colcon_core.package_identification:_identify(/home/blake/M-LADIS-Jerry/ws_sensor_combined) by extension 'ros'
[0.274s] Level 1:colcon.colcon_core.package_identification:_identify(/home/blake/M-LADIS-Jerry/ws_sensor_combined) by extensions ['cmake', 'python']
[0.274s] Level 1:colcon.colcon_core.package_identification:_identify(/home/blake/M-LADIS-Jerry/ws_sensor_combined) by extension 'cmake'
[0.274s] Level 1:colcon.colcon_core.package_identification:_identify(/home/blake/M-LADIS-Jerry/ws_sensor_combined) by extension 'python'
[0.274s] Level 1:colcon.colcon_core.package_identification:_identify(/home/blake/M-LADIS-Jerry/ws_sensor_combined) by extensions ['python_setup_py']
[0.274s] Level 1:colcon.colcon_core.package_identification:_identify(/home/blake/M-LADIS-Jerry/ws_sensor_combined) by extension 'python_setup_py'
[0.274s] Level 1:colcon.colcon_core.package_identification:_identify(/home/blake/M-LADIS-Jerry/ws_sensor_combined/log) by extensions ['ignore', 'ignore_ament_install']
[0.274s] Level 1:colcon.colcon_core.package_identification:_identify(/home/blake/M-LADIS-Jerry/ws_sensor_combined/log) by extension 'ignore'
[0.274s] Level 1:colcon.colcon_core.package_identification:_identify(/home/blake/M-LADIS-Jerry/ws_sensor_combined/log) ignored
[0.274s] Level 1:colcon.colcon_core.package_identification:_identify(/home/blake/M-LADIS-Jerry/ws_sensor_combined/src) by extensions ['ignore', 'ignore_ament_install']
[0.274s] Level 1:colcon.colcon_core.package_identification:_identify(/home/blake/M-LADIS-Jerry/ws_sensor_combined/src) by extension 'ignore'
[0.275s] Level 1:colcon.colcon_core.package_identification:_identify(/home/blake/M-LADIS-Jerry/ws_sensor_combined/src) by extension 'ignore_ament_install'
[0.275s] Level 1:colcon.colcon_core.package_identification:_identify(/home/blake/M-LADIS-Jerry/ws_sensor_combined/src) by extensions ['colcon_pkg']
[0.275s] Level 1:colcon.colcon_core.package_identification:_identify(/home/blake/M-LADIS-Jerry/ws_sensor_combined/src) by extension 'colcon_pkg'
[0.275s] Level 1:colcon.colcon_core.package_identification:_identify(/home/blake/M-LADIS-Jerry/ws_sensor_combined/src) by extensions ['colcon_meta']
[0.275s] Level 1:colcon.colcon_core.package_identification:_identify(/home/blake/M-LADIS-Jerry/ws_sensor_combined/src) by extension 'colcon_meta'
[0.275s] Level 1:colcon.colcon_core.package_identification:_identify(/home/blake/M-LADIS-Jerry/ws_sensor_combined/src) by extensions ['ros']
[0.275s] Level 1:colcon.colcon_core.package_identification:_identify(/home/blake/M-LADIS-Jerry/ws_sensor_combined/src) by extension 'ros'
[0.275s] Level 1:colcon.colcon_core.package_identification:_identify(/home/blake/M-LADIS-Jerry/ws_sensor_combined/src) by extensions ['cmake', 'python']
[0.275s] Level 1:colcon.colcon_core.package_identification:_identify(/home/blake/M-LADIS-Jerry/ws_sensor_combined/src) by extension 'cmake'
[0.275s] Level 1:colcon.colcon_core.package_identification:_identify(/home/blake/M-LADIS-Jerry/ws_sensor_combined/src) by extension 'python'
[0.275s] Level 1:colcon.colcon_core.package_identification:_identify(/home/blake/M-LADIS-Jerry/ws_sensor_combined/src) by extensions ['python_setup_py']
[0.275s] Level 1:colcon.colcon_core.package_identification:_identify(/home/blake/M-LADIS-Jerry/ws_sensor_combined/src) by extension 'python_setup_py'
[0.275s] Level 1:colcon.colcon_core.package_identification:_identify(/home/blake/M-LADIS-Jerry/ws_sensor_combined/src/classifier) by extensions ['ignore', 'ignore_ament_install']
[0.275s] Level 1:colcon.colcon_core.package_identification:_identify(/home/blake/M-LADIS-Jerry/ws_sensor_combined/src/classifier) by extension 'ignore'
[0.275s] Level 1:colcon.colcon_core.package_identification:_identify(/home/blake/M-LADIS-Jerry/ws_sensor_combined/src/classifier) by extension 'ignore_ament_install'
[0.275s] Level 1:colcon.colcon_core.package_identification:_identify(/home/blake/M-LADIS-Jerry/ws_sensor_combined/src/classifier) by extensions ['colcon_pkg']
[0.275s] Level 1:colcon.colcon_core.package_identification:_identify(/home/blake/M-LADIS-Jerry/ws_sensor_combined/src/classifier) by extension 'colcon_pkg'
[0.275s] Level 1:colcon.colcon_core.package_identification:_identify(/home/blake/M-LADIS-Jerry/ws_sensor_combined/src/classifier) by extensions ['colcon_meta']
[0.275s] Level 1:colcon.colcon_core.package_identification:_identify(/home/blake/M-LADIS-Jerry/ws_sensor_combined/src/classifier) by extension 'colcon_meta'
[0.275s] Level 1:colcon.colcon_core.package_identification:_identify(/home/blake/M-LADIS-Jerry/ws_sensor_combined/src/classifier) by extensions ['ros']
[0.275s] Level 1:colcon.colcon_core.package_identification:_identify(/home/blake/M-LADIS-Jerry/ws_sensor_combined/src/classifier) by extension 'ros'
[0.277s] DEBUG:colcon.colcon_core.package_identification:Package '/home/blake/M-LADIS-Jerry/ws_sensor_combined/src/classifier' with type 'ros.ament_cmake' and name 'classifier'
[0.278s] Level 1:colcon.colcon_core.package_identification:_identify(/home/blake/M-LADIS-Jerry/ws_sensor_combined/src/localization) by extensions ['ignore', 'ignore_ament_install']
[0.278s] Level 1:colcon.colcon_core.package_identification:_identify(/home/blake/M-LADIS-Jerry/ws_sensor_combined/src/localization) by extension 'ignore'
[0.278s] Level 1:colcon.colcon_core.package_identification:_identify(/home/blake/M-LADIS-Jerry/ws_sensor_combined/src/localization) by extension 'ignore_ament_install'
[0.278s] Level 1:colcon.colcon_core.package_identification:_identify(/home/blake/M-LADIS-Jerry/ws_sensor_combined/src/localization) by extensions ['colcon_pkg']
[0.278s] Level 1:colcon.colcon_core.package_identification:_identify(/home/blake/M-LADIS-Jerry/ws_sensor_combined/src/localization) by extension 'colcon_pkg'
[0.278s] Level 1:colcon.colcon_core.package_identification:_identify(/home/blake/M-LADIS-Jerry/ws_sensor_combined/src/localization) by extensions ['colcon_meta']
[0.278s] Level 1:colcon.colcon_core.package_identification:_identify(/home/blake/M-LADIS-Jerry/ws_sensor_combined/src/localization) by extension 'colcon_meta'
[0.278s] Level 1:colcon.colcon_core.package_identification:_identify(/home/blake/M-LADIS-Jerry/ws_sensor_combined/src/localization) by extensions ['ros']
[0.278s] Level 1:colcon.colcon_core.package_identification:_identify(/home/blake/M-LADIS-Jerry/ws_sensor_combined/src/localization) by extension 'ros'
[0.279s] DEBUG:colcon.colcon_core.package_identification:Package '/home/blake/M-LADIS-Jerry/ws_sensor_combined/src/localization' with type 'ros.ament_cmake' and name 'localization'
[0.279s] Level 1:colcon.colcon_core.package_identification:_identify(/home/blake/M-LADIS-Jerry/ws_sensor_combined/src/mapping) by extensions ['ignore', 'ignore_ament_install']
[0.279s] Level 1:colcon.colcon_core.package_identification:_identify(/home/blake/M-LADIS-Jerry/ws_sensor_combined/src/mapping) by extension 'ignore'
[0.279s] Level 1:colcon.colcon_core.package_identification:_identify(/home/blake/M-LADIS-Jerry/ws_sensor_combined/src/mapping) by extension 'ignore_ament_install'
[0.279s] Level 1:colcon.colcon_core.package_identification:_identify(/home/blake/M-LADIS-Jerry/ws_sensor_combined/src/mapping) by extensions ['colcon_pkg']
[0.279s] Level 1:colcon.colcon_core.package_identification:_identify(/home/blake/M-LADIS-Jerry/ws_sensor_combined/src/mapping) by extension 'colcon_pkg'
[0.279s] Level 1:colcon.colcon_core.package_identification:_identify(/home/blake/M-LADIS-Jerry/ws_sensor_combined/src/mapping) by extensions ['colcon_meta']
[0.279s] Level 1:colcon.colcon_core.package_identification:_identify(/home/blake/M-LADIS-Jerry/ws_sensor_combined/src/mapping) by extension 'colcon_meta'
[0.279s] Level 1:colcon.colcon_core.package_identification:_identify(/home/blake/M-LADIS-Jerry/ws_sensor_combined/src/mapping) by extensions ['ros']
[0.279s] Level 1:colcon.colcon_core.package_identification:_identify(/home/blake/M-LADIS-Jerry/ws_sensor_combined/src/mapping) by extension 'ros'
[0.280s] DEBUG:colcon.colcon_core.package_identification:Package '/home/blake/M-LADIS-Jerry/ws_sensor_combined/src/mapping' with type 'ros.ament_cmake' and name 'mapping'
[0.280s] Level 1:colcon.colcon_core.package_identification:_identify(/home/blake/M-LADIS-Jerry/ws_sensor_combined/src/nearest_poster_yaw) by extensions ['ignore', 'ignore_ament_install']
[0.280s] Level 1:colcon.colcon_core.package_identification:_identify(/home/blake/M-LADIS-Jerry/ws_sensor_combined/src/nearest_poster_yaw) by extension 'ignore'
[0.281s] Level 1:colcon.colcon_core.package_identification:_identify(/home/blake/M-LADIS-Jerry/ws_sensor_combined/src/nearest_poster_yaw) by extension 'ignore_ament_install'
[0.281s] Level 1:colcon.colcon_core.package_identification:_identify(/home/blake/M-LADIS-Jerry/ws_sensor_combined/src/nearest_poster_yaw) by extensions ['colcon_pkg']
[0.281s] Level 1:colcon.colcon_core.package_identification:_identify(/home/blake/M-LADIS-Jerry/ws_sensor_combined/src/nearest_poster_yaw) by extension 'colcon_pkg'
[0.281s] Level 1:colcon.colcon_core.package_identification:_identify(/home/blake/M-LADIS-Jerry/ws_sensor_combined/src/nearest_poster_yaw) by extensions ['colcon_meta']
[0.281s] Level 1:colcon.colcon_core.package_identification:_identify(/home/blake/M-LADIS-Jerry/ws_sensor_combined/src/nearest_poster_yaw) by extension 'colcon_meta'
[0.281s] Level 1:colcon.colcon_core.package_identification:_identify(/home/blake/M-LADIS-Jerry/ws_sensor_combined/src/nearest_poster_yaw) by extensions ['ros']
[0.281s] Level 1:colcon.colcon_core.package_identification:_identify(/home/blake/M-LADIS-Jerry/ws_sensor_combined/src/nearest_poster_yaw) by extension 'ros'
[0.281s] DEBUG:colcon.colcon_core.package_identification:Package '/home/blake/M-LADIS-Jerry/ws_sensor_combined/src/nearest_poster_yaw' with type 'ros.ament_cmake' and name 'nearest_poster_yaw'
[0.281s] Level 1:colcon.colcon_core.package_identification:_identify(/home/blake/M-LADIS-Jerry/ws_sensor_combined/src/px4_msgs) by extensions ['ignore', 'ignore_ament_install']
[0.281s] Level 1:colcon.colcon_core.package_identification:_identify(/home/blake/M-LADIS-Jerry/ws_sensor_combined/src/px4_msgs) by extension 'ignore'
[0.281s] Level 1:colcon.colcon_core.package_identification:_identify(/home/blake/M-LADIS-Jerry/ws_sensor_combined/src/px4_msgs) by extension 'ignore_ament_install'
[0.281s] Level 1:colcon.colcon_core.package_identification:_identify(/home/blake/M-LADIS-Jerry/ws_sensor_combined/src/px4_msgs) by extensions ['colcon_pkg']
[0.281s] Level 1:colcon.colcon_core.package_identification:_identify(/home/blake/M-LADIS-Jerry/ws_sensor_combined/src/px4_msgs) by extension 'colcon_pkg'
[0.281s] Level 1:colcon.colcon_core.package_identification:_identify(/home/blake/M-LADIS-Jerry/ws_sensor_combined/src/px4_msgs) by extensions ['colcon_meta']
[0.281s] Level 1:colcon.colcon_core.package_identification:_identify(/home/blake/M-LADIS-Jerry/ws_sensor_combined/src/px4_msgs) by extension 'colcon_meta'
[0.281s] Level 1:colcon.colcon_core.package_identification:_identify(/home/blake/M-LADIS-Jerry/ws_sensor_combined/src/px4_msgs) by extensions ['ros']
[0.281s] Level 1:colcon.colcon_core.package_identification:_identify(/home/blake/M-LADIS-Jerry/ws_sensor_combined/src/px4_msgs) by extension 'ros'
[0.282s] DEBUG:colcon.colcon_core.package_identification:Package '/home/blake/M-LADIS-Jerry/ws_sensor_combined/src/px4_msgs' with type 'ros.ament_cmake' and name 'px4_msgs'
[0.282s] Level 1:colcon.colcon_core.package_identification:_identify(/home/blake/M-LADIS-Jerry/ws_sensor_combined/src/px4_ros_com) by extensions ['ignore', 'ignore_ament_install']
[0.282s] Level 1:colcon.colcon_core.package_identification:_identify(/home/blake/M-LADIS-Jerry/ws_sensor_combined/src/px4_ros_com) by extension 'ignore'
[0.282s] Level 1:colcon.colcon_core.package_identification:_identify(/home/blake/M-LADIS-Jerry/ws_sensor_combined/src/px4_ros_com) by extension 'ignore_ament_install'
[0.282s] Level 1:colcon.colcon_core.package_identification:_identify(/home/blake/M-LADIS-Jerry/ws_sensor_combined/src/px4_ros_com) by extensions ['colcon_pkg']
[0.282s] Level 1:colcon.colcon_core.package_identification:_identify(/home/blake/M-LADIS-Jerry/ws_sensor_combined/src/px4_ros_com) by extension 'colcon_pkg'
[0.282s] Level 1:colcon.colcon_core.package_identification:_identify(/home/blake/M-LADIS-Jerry/ws_sensor_combined/src/px4_ros_com) by extensions ['colcon_meta']
[0.282s] Level 1:colcon.colcon_core.package_identification:_identify(/home/blake/M-LADIS-Jerry/ws_sensor_combined/src/px4_ros_com) by extension 'colcon_meta'
[0.282s] Level 1:colcon.colcon_core.package_identification:_identify(/home/blake/M-LADIS-Jerry/ws_sensor_combined/src/px4_ros_com) by extensions ['ros']
[0.282s] Level 1:colcon.colcon_core.package_identification:_identify(/home/blake/M-LADIS-Jerry/ws_sensor_combined/src/px4_ros_com) by extension 'ros'
[0.283s] DEBUG:colcon.colcon_core.package_identification:Package '/home/blake/M-LADIS-Jerry/ws_sensor_combined/src/px4_ros_com' with type 'ros.ament_cmake' and name 'px4_ros_com'
[0.283s] Level 1:colcon.colcon_core.package_discovery:discover_packages(recursive) using defaults
