[0.027s] Invoking command in '/home/blake/M-LADIS-Jerry/ws_sensor_combined/build/px4_ros_com': CMAKE_PREFIX_PATH=/home/blake/M-LADIS-Jerry/ws_sensor_combined/install/px4_msgs:/home/blake/M-LADIS-Jerry/ws_sensor_combined/install/px4_ros_com:/home/blake/M-LADIS-Jerry/ws_sensor_combined/install/nearest_poster_yaw:/home/blake/M-LADIS-Jerry/ws_sensor_combined/install/localization:/home/blake/M-LADIS-Jerry/ws_sensor_combined/install/classifier:/opt/ros/humble /usr/bin/cmake --build /home/blake/M-LADIS-Jerry/ws_sensor_combined/build/px4_ros_com -- -j12 -l12
[0.116s] [35m[1mConsolidate compiler generated dependencies of target PointCloudProcessor[0m
[0.121s] [ 66%] Built target offboard_control
[0.121s] [ 66%] Built target sensor_combined_listener
[0.121s] [ 75%] Built target debug_vect_advertiser
[0.122s] [ 75%] Built target vehicle_gps_position_listener
[0.122s] [ 83%] Built target test_flight_control
[0.146s] [ 91%] [32mBuilding CXX object CMakeFiles/PointCloudProcessor.dir/src/PointCloudProcessor.cpp.o[0m
[11.296s] [100%] [32m[1mLinking CXX executable PointCloudProcessor[0m
[11.969s] [100%] Built target PointCloudProcessor
[11.976s] Invoked command in '/home/blake/M-LADIS-Jerry/ws_sensor_combined/build/px4_ros_com' returned '0': CMAKE_PREFIX_PATH=/home/blake/M-LADIS-Jerry/ws_sensor_combined/install/px4_msgs:/home/blake/M-LADIS-Jerry/ws_sensor_combined/install/px4_ros_com:/home/blake/M-LADIS-Jerry/ws_sensor_combined/install/nearest_poster_yaw:/home/blake/M-LADIS-Jerry/ws_sensor_combined/install/localization:/home/blake/M-LADIS-Jerry/ws_sensor_combined/install/classifier:/opt/ros/humble /usr/bin/cmake --build /home/blake/M-LADIS-Jerry/ws_sensor_combined/build/px4_ros_com -- -j12 -l12
[12.002s] Invoking command in '/home/blake/M-LADIS-Jerry/ws_sensor_combined/build/px4_ros_com': CMAKE_PREFIX_PATH=/home/blake/M-LADIS-Jerry/ws_sensor_combined/install/px4_msgs:/home/blake/M-LADIS-Jerry/ws_sensor_combined/install/px4_ros_com:/home/blake/M-LADIS-Jerry/ws_sensor_combined/install/nearest_poster_yaw:/home/blake/M-LADIS-Jerry/ws_sensor_combined/install/localization:/home/blake/M-LADIS-Jerry/ws_sensor_combined/install/classifier:/opt/ros/humble /usr/bin/cmake --install /home/blake/M-LADIS-Jerry/ws_sensor_combined/build/px4_ros_com
[12.007s] -- Install configuration: ""
[12.007s] -- Up-to-date: /home/blake/M-LADIS-Jerry/ws_sensor_combined/install/px4_ros_com/lib/px4_ros_com/sensor_combined_listener
[12.007s] -- Up-to-date: /home/blake/M-LADIS-Jerry/ws_sensor_combined/install/px4_ros_com/lib/px4_ros_com/vehicle_gps_position_listener
[12.008s] -- Up-to-date: /home/blake/M-LADIS-Jerry/ws_sensor_combined/install/px4_ros_com/lib/px4_ros_com/debug_vect_advertiser
[12.008s] -- Up-to-date: /home/blake/M-LADIS-Jerry/ws_sensor_combined/install/px4_ros_com/lib/px4_ros_com/offboard_control
[12.008s] -- Up-to-date: /home/blake/M-LADIS-Jerry/ws_sensor_combined/install/px4_ros_com/lib/px4_ros_com/test_flight_control
[12.008s] -- Installing: /home/blake/M-LADIS-Jerry/ws_sensor_combined/install/px4_ros_com/lib/px4_ros_com/PointCloudProcessor
[12.012s] -- Set runtime path of "/home/blake/M-LADIS-Jerry/ws_sensor_combined/install/px4_ros_com/lib/px4_ros_com/PointCloudProcessor" to ""
[12.012s] -- Up-to-date: /home/blake/M-LADIS-Jerry/ws_sensor_combined/install/px4_ros_com/include/px4_ros_com
[12.012s] -- Up-to-date: /home/blake/M-LADIS-Jerry/ws_sensor_combined/install/px4_ros_com/include/px4_ros_com/frame_transforms.h
[12.012s] -- Up-to-date: /home/blake/M-LADIS-Jerry/ws_sensor_combined/install/px4_ros_com/share/px4_ros_com//launch
[12.012s] -- Up-to-date: /home/blake/M-LADIS-Jerry/ws_sensor_combined/install/px4_ros_com/share/px4_ros_com//launch/offboard_control_launch.yaml
[12.012s] -- Up-to-date: /home/blake/M-LADIS-Jerry/ws_sensor_combined/install/px4_ros_com/share/px4_ros_com//launch/sensor_combined_listener.launch.py
[12.012s] -- Up-to-date: /home/blake/M-LADIS-Jerry/ws_sensor_combined/install/px4_ros_com/share/px4_ros_com//test
[12.012s] -- Up-to-date: /home/blake/M-LADIS-Jerry/ws_sensor_combined/install/px4_ros_com/share/px4_ros_com//test/pipeline_io_test.py
[12.012s] -- Up-to-date: /home/blake/M-LADIS-Jerry/ws_sensor_combined/install/px4_ros_com/share/px4_ros_com//test/__init__.py
[12.012s] -- Up-to-date: /home/blake/M-LADIS-Jerry/ws_sensor_combined/install/px4_ros_com/share/px4_ros_com//test/test_input.py
[12.012s] -- Up-to-date: /home/blake/M-LADIS-Jerry/ws_sensor_combined/install/px4_ros_com/share/px4_ros_com//test/test_output.py
[12.012s] -- Up-to-date: /home/blake/M-LADIS-Jerry/ws_sensor_combined/install/px4_ros_com/share/ament_index/resource_index/package_run_dependencies/px4_ros_com
[12.012s] -- Up-to-date: /home/blake/M-LADIS-Jerry/ws_sensor_combined/install/px4_ros_com/share/ament_index/resource_index/parent_prefix_path/px4_ros_com
[12.012s] -- Up-to-date: /home/blake/M-LADIS-Jerry/ws_sensor_combined/install/px4_ros_com/share/px4_ros_com/environment/ament_prefix_path.sh
[12.012s] -- Up-to-date: /home/blake/M-LADIS-Jerry/ws_sensor_combined/install/px4_ros_com/share/px4_ros_com/environment/ament_prefix_path.dsv
[12.013s] -- Up-to-date: /home/blake/M-LADIS-Jerry/ws_sensor_combined/install/px4_ros_com/share/px4_ros_com/environment/path.sh
[12.013s] -- Up-to-date: /home/blake/M-LADIS-Jerry/ws_sensor_combined/install/px4_ros_com/share/px4_ros_com/environment/path.dsv
[12.013s] -- Up-to-date: /home/blake/M-LADIS-Jerry/ws_sensor_combined/install/px4_ros_com/share/px4_ros_com/local_setup.bash
[12.013s] -- Up-to-date: /home/blake/M-LADIS-Jerry/ws_sensor_combined/install/px4_ros_com/share/px4_ros_com/local_setup.sh
[12.013s] -- Up-to-date: /home/blake/M-LADIS-Jerry/ws_sensor_combined/install/px4_ros_com/share/px4_ros_com/local_setup.zsh
[12.013s] -- Up-to-date: /home/blake/M-LADIS-Jerry/ws_sensor_combined/install/px4_ros_com/share/px4_ros_com/local_setup.dsv
[12.013s] -- Installing: /home/blake/M-LADIS-Jerry/ws_sensor_combined/install/px4_ros_com/share/px4_ros_com/package.dsv
[12.013s] -- Up-to-date: /home/blake/M-LADIS-Jerry/ws_sensor_combined/install/px4_ros_com/share/ament_index/resource_index/packages/px4_ros_com
[12.013s] -- Up-to-date: /home/blake/M-LADIS-Jerry/ws_sensor_combined/install/px4_ros_com/share/px4_ros_com/cmake/ament_cmake_export_dependencies-extras.cmake
[12.013s] -- Up-to-date: /home/blake/M-LADIS-Jerry/ws_sensor_combined/install/px4_ros_com/share/px4_ros_com/cmake/ament_cmake_export_include_directories-extras.cmake
[12.014s] -- Up-to-date: /home/blake/M-LADIS-Jerry/ws_sensor_combined/install/px4_ros_com/share/px4_ros_com/cmake/px4_ros_comConfig.cmake
[12.014s] -- Up-to-date: /home/blake/M-LADIS-Jerry/ws_sensor_combined/install/px4_ros_com/share/px4_ros_com/cmake/px4_ros_comConfig-version.cmake
[12.014s] -- Up-to-date: /home/blake/M-LADIS-Jerry/ws_sensor_combined/install/px4_ros_com/share/px4_ros_com/package.xml
[12.014s] Invoked command in '/home/blake/M-LADIS-Jerry/ws_sensor_combined/build/px4_ros_com' returned '0': CMAKE_PREFIX_PATH=/home/blake/M-LADIS-Jerry/ws_sensor_combined/install/px4_msgs:/home/blake/M-LADIS-Jerry/ws_sensor_combined/install/px4_ros_com:/home/blake/M-LADIS-Jerry/ws_sensor_combined/install/nearest_poster_yaw:/home/blake/M-LADIS-Jerry/ws_sensor_combined/install/localization:/home/blake/M-LADIS-Jerry/ws_sensor_combined/install/classifier:/opt/ros/humble /usr/bin/cmake --install /home/blake/M-LADIS-Jerry/ws_sensor_combined/build/px4_ros_com
