-- The C compiler identification is GNU 11.4.0
-- The CXX compiler identification is GNU 11.4.0
-- Detecting C compiler ABI info
-- Detecting C compiler ABI info - done
-- Check for working C compiler: /usr/bin/cc - skipped
-- Detecting C compile features
-- Detecting C compile features - done
-- Detecting CXX compiler ABI info
-- Detecting CXX compiler ABI info - done
-- Check for working CXX compiler: /usr/bin/c++ - skipped
-- Detecting CXX compile features
-- Detecting CXX compile features - done
-- Found ament_cmake: 1.3.8 (/opt/ros/humble/share/ament_cmake/cmake)
-- Found Python3: /usr/bin/python3 (found version "3.10.12") found components: Interpreter 
-- Found rosidl_default_generators: 1.2.0 (/opt/ros/humble/share/rosidl_default_generators/cmake)
-- Using all available rosidl_typesupport_c: rosidl_typesupport_fastrtps_c;rosidl_typesupport_introspection_c
-- Found rosidl_adapter: 3.1.5 (/opt/ros/humble/share/rosidl_adapter/cmake)
-- Using all available rosidl_typesupport_cpp: rosidl_typesupport_fastrtps_cpp;rosidl_typesupport_introspection_cpp
-- Found rclcpp: 16.0.8 (/opt/ros/humble/share/rclcpp/cmake)
-- Found rmw_implementation_cmake: 6.1.1 (/opt/ros/humble/share/rmw_implementation_cmake/cmake)
-- Found rmw_fastrtps_cpp: 6.2.6 (/opt/ros/humble/share/rmw_fastrtps_cpp/cmake)
-- Found OpenSSL: /usr/lib/x86_64-linux-gnu/libcrypto.so (found version "3.0.2")  
-- Found FastRTPS: /opt/ros/humble/include  
-- Using RMW implementation 'rmw_fastrtps_cpp' as default
-- Looking for pthread.h
-- Looking for pthread.h - found
-- Performing Test CMAKE_HAVE_LIBC_PTHREAD
-- Performing Test CMAKE_HAVE_LIBC_PTHREAD - Success
-- Found Threads: TRUE  
-- Found pcl_ros: 2.4.0 (/opt/ros/humble/share/pcl_ros/cmake)
-- Found eigen3_cmake_module: 0.1.1 (/opt/ros/humble/share/eigen3_cmake_module/cmake)
-- Found Eigen3: TRUE (found version "3.4.0") 
-- Ensuring Eigen3 include directory is part of orocos-kdl CMake target
-- Checking for module 'eigen3'
--   Found eigen3, version 3.4.0
-- Found Eigen: /usr/include/eigen3 (Required is at least version "3.1") 
-- Eigen found (include: /usr/include/eigen3, version: 3.4.0)
-- Checking for module 'flann'
--   Found flann, version 1.9.1
-- Found FLANN: /usr/lib/x86_64-linux-gnu/libflann_cpp.so  
-- FLANN found (include: /usr/include, lib: /usr/lib/x86_64-linux-gnu/libflann_cpp.so)
-- Checking for module 'libusb-1.0'
--   Found libusb-1.0, version 1.0.25
-- Found libusb: /usr/lib/x86_64-linux-gnu/libusb-1.0.so  
-- OpenNI found (version: 1.5.4.0, include: /usr/include/ni, lib: /usr/lib/libOpenNI.so;libusb::libusb)
-- OpenNI2 found (version: 2.2.0.33, include: /usr/include/openni2, lib: /usr/lib/x86_64-linux-gnu/libOpenNI2.so;libusb::libusb)
-- Eigen found (include: /usr/include/eigen3, version: 3.4.0)
-- OpenNI found (version: 1.5.4.0, include: /usr/include/ni, lib: /usr/lib/libOpenNI.so;libusb::libusb)
-- OpenNI2 found (version: 2.2.0.33, include: /usr/include/openni2, lib: /usr/lib/x86_64-linux-gnu/libOpenNI2.so;libusb::libusb)
-- Found Qhull version 8.0.2
-- OpenNI found (version: 1.5.4.0, include: /usr/include/ni, lib: /usr/lib/libOpenNI.so;libusb::libusb)
-- Found PCL_COMMON: /usr/lib/x86_64-linux-gnu/libpcl_common.so  
-- Found PCL_KDTREE: /usr/lib/x86_64-linux-gnu/libpcl_kdtree.so  
-- Found PCL_OCTREE: /usr/lib/x86_64-linux-gnu/libpcl_octree.so  
-- Found PCL_SEARCH: /usr/lib/x86_64-linux-gnu/libpcl_search.so  
-- Found PCL_SAMPLE_CONSENSUS: /usr/lib/x86_64-linux-gnu/libpcl_sample_consensus.so  
-- Found PCL_FILTERS: /usr/lib/x86_64-linux-gnu/libpcl_filters.so  
-- Found PCL_2D: /usr/include/pcl-1.12  
-- Found PCL_GEOMETRY: /usr/include/pcl-1.12  
-- Found PCL_IO: /usr/lib/x86_64-linux-gnu/libpcl_io.so  
-- Found PCL_FEATURES: /usr/lib/x86_64-linux-gnu/libpcl_features.so  
-- Found PCL_ML: /usr/lib/x86_64-linux-gnu/libpcl_ml.so  
-- Found PCL_SEGMENTATION: /usr/lib/x86_64-linux-gnu/libpcl_segmentation.so  
-- Found PCL_VISUALIZATION: /usr/lib/x86_64-linux-gnu/libpcl_visualization.so  
-- Found PCL_SURFACE: /usr/lib/x86_64-linux-gnu/libpcl_surface.so  
-- Found PCL_REGISTRATION: /usr/lib/x86_64-linux-gnu/libpcl_registration.so  
-- Found PCL_KEYPOINTS: /usr/lib/x86_64-linux-gnu/libpcl_keypoints.so  
-- Found PCL_TRACKING: /usr/lib/x86_64-linux-gnu/libpcl_tracking.so  
-- Found PCL_RECOGNITION: /usr/lib/x86_64-linux-gnu/libpcl_recognition.so  
-- Found PCL_STEREO: /usr/lib/x86_64-linux-gnu/libpcl_stereo.so  
-- Found PCL_APPS: /usr/lib/x86_64-linux-gnu/libpcl_apps.so  
-- Found PCL_IN_HAND_SCANNER: /usr/include/pcl-1.12  
-- Found PCL_MODELER: /usr/include/pcl-1.12  
-- Found PCL_POINT_CLOUD_EDITOR: /usr/include/pcl-1.12  
-- Found PCL_OUTOFCORE: /usr/lib/x86_64-linux-gnu/libpcl_outofcore.so  
-- Found PCL_PEOPLE: /usr/lib/x86_64-linux-gnu/libpcl_people.so  
-- Found livox_ros_driver: 2.1.0 (/home/robmoemac/M-LADIS-Jerry/ws_sensor_combined/install/livox_ros_driver/share/livox_ros_driver/cmake)
-- Found std_srvs: 4.2.3 (/opt/ros/humble/share/std_srvs/cmake)
-- Found ament_cmake_ros: 0.10.0 (/opt/ros/humble/share/ament_cmake_ros/cmake)
-- Using all available rosidl_typesupport_c: rosidl_typesupport_fastrtps_c;rosidl_typesupport_introspection_c
-- Using all available rosidl_typesupport_cpp: rosidl_typesupport_fastrtps_cpp;rosidl_typesupport_introspection_cpp
-- Found PythonInterp: /usr/bin/python3 (found suitable version "3.10.12", minimum required is "3.6") 
-- Found python_cmake_module: 0.10.0 (/opt/ros/humble/share/python_cmake_module/cmake)
-- Found PythonLibs: /usr/lib/x86_64-linux-gnu/libpython3.10.so (found suitable version "3.10.12", minimum required is "3.5") 
-- Using PYTHON_EXECUTABLE: /usr/bin/python3
-- Using PYTHON_INCLUDE_DIRS: /usr/include/python3.10
-- Using PYTHON_LIBRARIES: /usr/lib/x86_64-linux-gnu/libpython3.10.so
-- Found PythonExtra: .so  
-- Configuring done
-- Generating done
-- Build files have been written to: /home/robmoemac/M-LADIS-Jerry/ws_sensor_combined/build/lidar_conversions
[  1%] [34m[1mGenerating C code for ROS interfaces[0m
[  3%] [34m[1mGenerating C++ code for ROS interfaces[0m
[  5%] [32mBuilding CXX object CMakeFiles/livox_conversion_node.dir/src/LivoxToLidarNode.cxx.o[0m
[  5%] Built target ament_cmake_python_copy_lidar_conversions
running egg_info
creating lidar_conversions.egg-info
writing lidar_conversions.egg-info/PKG-INFO
writing dependency_links to lidar_conversions.egg-info/dependency_links.txt
writing top-level names to lidar_conversions.egg-info/top_level.txt
writing manifest file 'lidar_conversions.egg-info/SOURCES.txt'
reading manifest file 'lidar_conversions.egg-info/SOURCES.txt'
writing manifest file 'lidar_conversions.egg-info/SOURCES.txt'
[  7%] [32mBuilding C object CMakeFiles/lidar_conversions__rosidl_generator_c.dir/rosidl_generator_c/lidar_conversions/srv/detail/estim_sense__functions.c.o[0m
[  9%] [32mBuilding C object CMakeFiles/lidar_conversions__rosidl_generator_c.dir/rosidl_generator_c/lidar_conversions/srv/detail/estim_params__functions.c.o[0m
[  9%] Built target lidar_conversions__cpp
[  9%] Built target ament_cmake_python_build_lidar_conversions_egg
[ 15%] [34m[1mGenerating C++ introspection for ROS interfaces[0m
[ 15%] [34m[1mGenerating C++ type support for eProsima Fast-RTPS[0m
[ 15%] [34m[1mGenerating C++ type support dispatch for ROS interfaces[0m
[ 17%] [32m[1mLinking C shared library liblidar_conversions__rosidl_generator_c.so[0m
[ 17%] Built target lidar_conversions__rosidl_generator_c
[ 19%] [34m[1mGenerating C type support dispatch for ROS interfaces[0m
[ 21%] [34m[1mGenerating C introspection for ROS interfaces[0m
[ 23%] [34m[1mGenerating C type support for eProsima Fast-RTPS[0m
[ 25%] [32mBuilding CXX object CMakeFiles/lidar_conversions__rosidl_typesupport_cpp.dir/rosidl_typesupport_cpp/lidar_conversions/srv/estim_params__type_support.cpp.o[0m
[ 27%] [32mBuilding CXX object CMakeFiles/lidar_conversions__rosidl_typesupport_cpp.dir/rosidl_typesupport_cpp/lidar_conversions/srv/estim_sense__type_support.cpp.o[0m
[ 29%] [32mBuilding CXX object CMakeFiles/lidar_conversions__rosidl_typesupport_introspection_cpp.dir/rosidl_typesupport_introspection_cpp/lidar_conversions/srv/detail/estim_params__type_support.cpp.o[0m
[ 31%] [32mBuilding CXX object CMakeFiles/lidar_conversions__rosidl_typesupport_fastrtps_cpp.dir/rosidl_typesupport_fastrtps_cpp/lidar_conversions/srv/detail/dds_fastrtps/estim_params__type_support.cpp.o[0m
[ 33%] [32mBuilding CXX object CMakeFiles/lidar_conversions__rosidl_typesupport_c.dir/rosidl_typesupport_c/lidar_conversions/srv/estim_params__type_support.cpp.o[0m
[ 35%] [32mBuilding C object CMakeFiles/lidar_conversions__rosidl_typesupport_introspection_c.dir/rosidl_typesupport_introspection_c/lidar_conversions/srv/detail/estim_params__type_support.c.o[0m
[ 37%] [32mBuilding CXX object CMakeFiles/lidar_conversions__rosidl_typesupport_fastrtps_c.dir/rosidl_typesupport_fastrtps_c/lidar_conversions/srv/detail/estim_params__type_support_c.cpp.o[0m
[ 39%] [32mBuilding CXX object CMakeFiles/lidar_conversions__rosidl_typesupport_c.dir/rosidl_typesupport_c/lidar_conversions/srv/estim_sense__type_support.cpp.o[0m
[ 41%] [32mBuilding C object CMakeFiles/lidar_conversions__rosidl_typesupport_introspection_c.dir/rosidl_typesupport_introspection_c/lidar_conversions/srv/detail/estim_sense__type_support.c.o[0m
[ 43%] [32mBuilding CXX object CMakeFiles/lidar_conversions__rosidl_typesupport_fastrtps_c.dir/rosidl_typesupport_fastrtps_c/lidar_conversions/srv/detail/estim_sense__type_support_c.cpp.o[0m
[ 45%] [32m[1mLinking CXX shared library liblidar_conversions__rosidl_typesupport_c.so[0m
[ 47%] [32m[1mLinking CXX shared library liblidar_conversions__rosidl_typesupport_cpp.so[0m
[ 49%] [32m[1mLinking C shared library liblidar_conversions__rosidl_typesupport_introspection_c.so[0m
[ 49%] Built target lidar_conversions__rosidl_typesupport_cpp
[ 49%] Built target lidar_conversions__rosidl_typesupport_c
[ 49%] Built target lidar_conversions__rosidl_typesupport_introspection_c
[ 50%] [32mBuilding CXX object CMakeFiles/velodyne_conversion_node.dir/src/VelodyneToLidarNode.cxx.o[0m
[ 52%] [32mBuilding CXX object CMakeFiles/ouster_conversion_node.dir/src/OusterToLidarNode.cxx.o[0m
[ 54%] [32mBuilding CXX object CMakeFiles/robosense_conversion_node.dir/src/RobosenseToLidarNode.cxx.o[0m
[ 56%] [32mBuilding CXX object CMakeFiles/lidar_conversions__rosidl_typesupport_introspection_cpp.dir/rosidl_typesupport_introspection_cpp/lidar_conversions/srv/detail/estim_sense__type_support.cpp.o[0m
[ 58%] [32mBuilding CXX object CMakeFiles/lidar_conversions__rosidl_typesupport_fastrtps_cpp.dir/rosidl_typesupport_fastrtps_cpp/lidar_conversions/srv/detail/dds_fastrtps/estim_sense__type_support.cpp.o[0m
[ 60%] [32mBuilding CXX object CMakeFiles/hesai_conversion_node.dir/src/HesaiToLidarNode.cxx.o[0m
[ 62%] [32m[1mLinking CXX shared library liblidar_conversions__rosidl_typesupport_fastrtps_c.so[0m
[ 62%] Built target lidar_conversions__rosidl_typesupport_fastrtps_c
[ 64%] [32mBuilding CXX object CMakeFiles/generic_conversion_node.dir/src/GenericConversionNode.cxx.o[0m
[ 66%] [32m[1mLinking CXX shared library liblidar_conversions__rosidl_typesupport_introspection_cpp.so[0m
[ 66%] Built target lidar_conversions__rosidl_typesupport_introspection_cpp
[ 68%] [32m[1mLinking CXX shared library liblidar_conversions__rosidl_typesupport_fastrtps_cpp.so[0m
[ 68%] Built target lidar_conversions__rosidl_typesupport_fastrtps_cpp
[ 68%] Built target lidar_conversions
[ 70%] [34m[1mGenerating Python code for ROS interfaces[0m
[ 70%] Built target lidar_conversions__py
[ 72%] [32mBuilding C object CMakeFiles/lidar_conversions__rosidl_generator_py.dir/rosidl_generator_py/lidar_conversions/srv/_estim_params_s.c.o[0m
[ 74%] [32mBuilding C object CMakeFiles/lidar_conversions__rosidl_generator_py.dir/rosidl_generator_py/lidar_conversions/srv/_estim_sense_s.c.o[0m
[ 76%] [32m[1mLinking C shared library rosidl_generator_py/lidar_conversions/liblidar_conversions__rosidl_generator_py.so[0m
[ 76%] Built target lidar_conversions__rosidl_generator_py
[ 80%] [32mBuilding C object CMakeFiles/lidar_conversions__rosidl_typesupport_introspection_c__pyext.dir/rosidl_generator_py/lidar_conversions/_lidar_conversions_s.ep.rosidl_typesupport_introspection_c.c.o[0m
[ 80%] [32mBuilding C object CMakeFiles/lidar_conversions__rosidl_typesupport_fastrtps_c__pyext.dir/rosidl_generator_py/lidar_conversions/_lidar_conversions_s.ep.rosidl_typesupport_fastrtps_c.c.o[0m
[ 82%] [32m[1mLinking C shared library rosidl_generator_py/lidar_conversions/lidar_conversions_s__rosidl_typesupport_introspection_c.cpython-310-x86_64-linux-gnu.so[0m
[ 84%] [32m[1mLinking C shared library rosidl_generator_py/lidar_conversions/lidar_conversions_s__rosidl_typesupport_fastrtps_c.cpython-310-x86_64-linux-gnu.so[0m
[ 84%] Built target lidar_conversions__rosidl_typesupport_introspection_c__pyext
[ 86%] [32mBuilding C object CMakeFiles/lidar_conversions__rosidl_typesupport_c__pyext.dir/rosidl_generator_py/lidar_conversions/_lidar_conversions_s.ep.rosidl_typesupport_c.c.o[0m
[ 86%] Built target lidar_conversions__rosidl_typesupport_fastrtps_c__pyext
[ 88%] [32m[1mLinking C shared library rosidl_generator_py/lidar_conversions/lidar_conversions_s__rosidl_typesupport_c.cpython-310-x86_64-linux-gnu.so[0m
[ 88%] Built target lidar_conversions__rosidl_typesupport_c__pyext
[ 90%] [32m[1mLinking CXX executable velodyne_conversion_node[0m
[ 92%] [32m[1mLinking CXX executable ouster_conversion_node[0m
[ 94%] [32m[1mLinking CXX executable livox_conversion_node[0m
[ 96%] [32m[1mLinking CXX executable hesai_conversion_node[0m
[ 96%] Built target velodyne_conversion_node
[ 96%] Built target ouster_conversion_node
[ 96%] Built target hesai_conversion_node
[ 96%] Built target livox_conversion_node
[ 98%] [32m[1mLinking CXX executable robosense_conversion_node[0m
[ 98%] Built target robosense_conversion_node
[100%] [32m[1mLinking CXX executable generic_conversion_node[0m
[100%] Built target generic_conversion_node
-- Install configuration: "release"
-- Installing: /home/robmoemac/M-LADIS-Jerry/ws_sensor_combined/install/lidar_conversions/share/ament_index/resource_index/rosidl_interfaces/lidar_conversions
-- Installing: /home/robmoemac/M-LADIS-Jerry/ws_sensor_combined/install/lidar_conversions/include/lidar_conversions/lidar_conversions
-- Installing: /home/robmoemac/M-LADIS-Jerry/ws_sensor_combined/install/lidar_conversions/include/lidar_conversions/lidar_conversions/srv
-- Installing: /home/robmoemac/M-LADIS-Jerry/ws_sensor_combined/install/lidar_conversions/include/lidar_conversions/lidar_conversions/srv/estim_sense.h
-- Installing: /home/robmoemac/M-LADIS-Jerry/ws_sensor_combined/install/lidar_conversions/include/lidar_conversions/lidar_conversions/srv/detail
-- Installing: /home/robmoemac/M-LADIS-Jerry/ws_sensor_combined/install/lidar_conversions/include/lidar_conversions/lidar_conversions/srv/detail/estim_sense__functions.c
-- Installing: /home/robmoemac/M-LADIS-Jerry/ws_sensor_combined/install/lidar_conversions/include/lidar_conversions/lidar_conversions/srv/detail/estim_params__functions.c
-- Installing: /home/robmoemac/M-LADIS-Jerry/ws_sensor_combined/install/lidar_conversions/include/lidar_conversions/lidar_conversions/srv/detail/estim_sense__functions.h
-- Installing: /home/robmoemac/M-LADIS-Jerry/ws_sensor_combined/install/lidar_conversions/include/lidar_conversions/lidar_conversions/srv/detail/estim_params__struct.h
-- Installing: /home/robmoemac/M-LADIS-Jerry/ws_sensor_combined/install/lidar_conversions/include/lidar_conversions/lidar_conversions/srv/detail/estim_params__functions.h
-- Installing: /home/robmoemac/M-LADIS-Jerry/ws_sensor_combined/install/lidar_conversions/include/lidar_conversions/lidar_conversions/srv/detail/estim_sense__struct.h
-- Installing: /home/robmoemac/M-LADIS-Jerry/ws_sensor_combined/install/lidar_conversions/include/lidar_conversions/lidar_conversions/srv/detail/estim_params__type_support.h
-- Installing: /home/robmoemac/M-LADIS-Jerry/ws_sensor_combined/install/lidar_conversions/include/lidar_conversions/lidar_conversions/srv/detail/estim_sense__type_support.h
-- Installing: /home/robmoemac/M-LADIS-Jerry/ws_sensor_combined/install/lidar_conversions/include/lidar_conversions/lidar_conversions/srv/estim_params.h
-- Installing: /home/robmoemac/M-LADIS-Jerry/ws_sensor_combined/install/lidar_conversions/include/lidar_conversions/lidar_conversions/msg
-- Installing: /home/robmoemac/M-LADIS-Jerry/ws_sensor_combined/install/lidar_conversions/include/lidar_conversions/lidar_conversions/msg/rosidl_generator_c__visibility_control.h
-- Installing: /home/robmoemac/M-LADIS-Jerry/ws_sensor_combined/install/lidar_conversions/share/lidar_conversions/environment/library_path.sh
-- Installing: /home/robmoemac/M-LADIS-Jerry/ws_sensor_combined/install/lidar_conversions/share/lidar_conversions/environment/library_path.dsv
-- Installing: /home/robmoemac/M-LADIS-Jerry/ws_sensor_combined/install/lidar_conversions/lib/liblidar_conversions__rosidl_generator_c.so
-- Set runtime path of "/home/robmoemac/M-LADIS-Jerry/ws_sensor_combined/install/lidar_conversions/lib/liblidar_conversions__rosidl_generator_c.so" to ""
-- Up-to-date: /home/robmoemac/M-LADIS-Jerry/ws_sensor_combined/install/lidar_conversions/include/lidar_conversions/lidar_conversions
-- Up-to-date: /home/robmoemac/M-LADIS-Jerry/ws_sensor_combined/install/lidar_conversions/include/lidar_conversions/lidar_conversions/srv
-- Up-to-date: /home/robmoemac/M-LADIS-Jerry/ws_sensor_combined/install/lidar_conversions/include/lidar_conversions/lidar_conversions/srv/detail
-- Installing: /home/robmoemac/M-LADIS-Jerry/ws_sensor_combined/install/lidar_conversions/include/lidar_conversions/lidar_conversions/srv/detail/estim_sense__rosidl_typesupport_fastrtps_c.h
-- Installing: /home/robmoemac/M-LADIS-Jerry/ws_sensor_combined/install/lidar_conversions/include/lidar_conversions/lidar_conversions/srv/detail/estim_params__rosidl_typesupport_fastrtps_c.h
-- Up-to-date: /home/robmoemac/M-LADIS-Jerry/ws_sensor_combined/install/lidar_conversions/include/lidar_conversions/lidar_conversions/msg
-- Installing: /home/robmoemac/M-LADIS-Jerry/ws_sensor_combined/install/lidar_conversions/include/lidar_conversions/lidar_conversions/msg/rosidl_typesupport_fastrtps_c__visibility_control.h
-- Installing: /home/robmoemac/M-LADIS-Jerry/ws_sensor_combined/install/lidar_conversions/lib/liblidar_conversions__rosidl_typesupport_fastrtps_c.so
-- Set runtime path of "/home/robmoemac/M-LADIS-Jerry/ws_sensor_combined/install/lidar_conversions/lib/liblidar_conversions__rosidl_typesupport_fastrtps_c.so" to ""
-- Up-to-date: /home/robmoemac/M-LADIS-Jerry/ws_sensor_combined/install/lidar_conversions/include/lidar_conversions/lidar_conversions
-- Up-to-date: /home/robmoemac/M-LADIS-Jerry/ws_sensor_combined/install/lidar_conversions/include/lidar_conversions/lidar_conversions/srv
-- Up-to-date: /home/robmoemac/M-LADIS-Jerry/ws_sensor_combined/install/lidar_conversions/include/lidar_conversions/lidar_conversions/srv/detail
-- Installing: /home/robmoemac/M-LADIS-Jerry/ws_sensor_combined/install/lidar_conversions/include/lidar_conversions/lidar_conversions/srv/detail/estim_sense__type_support.c
-- Installing: /home/robmoemac/M-LADIS-Jerry/ws_sensor_combined/install/lidar_conversions/include/lidar_conversions/lidar_conversions/srv/detail/estim_params__type_support.c
-- Installing: /home/robmoemac/M-LADIS-Jerry/ws_sensor_combined/install/lidar_conversions/include/lidar_conversions/lidar_conversions/srv/detail/estim_params__rosidl_typesupport_introspection_c.h
-- Installing: /home/robmoemac/M-LADIS-Jerry/ws_sensor_combined/install/lidar_conversions/include/lidar_conversions/lidar_conversions/srv/detail/estim_sense__rosidl_typesupport_introspection_c.h
-- Up-to-date: /home/robmoemac/M-LADIS-Jerry/ws_sensor_combined/install/lidar_conversions/include/lidar_conversions/lidar_conversions/msg
-- Installing: /home/robmoemac/M-LADIS-Jerry/ws_sensor_combined/install/lidar_conversions/include/lidar_conversions/lidar_conversions/msg/rosidl_typesupport_introspection_c__visibility_control.h
-- Installing: /home/robmoemac/M-LADIS-Jerry/ws_sensor_combined/install/lidar_conversions/lib/liblidar_conversions__rosidl_typesupport_introspection_c.so
-- Set runtime path of "/home/robmoemac/M-LADIS-Jerry/ws_sensor_combined/install/lidar_conversions/lib/liblidar_conversions__rosidl_typesupport_introspection_c.so" to ""
-- Installing: /home/robmoemac/M-LADIS-Jerry/ws_sensor_combined/install/lidar_conversions/lib/liblidar_conversions__rosidl_typesupport_c.so
-- Set runtime path of "/home/robmoemac/M-LADIS-Jerry/ws_sensor_combined/install/lidar_conversions/lib/liblidar_conversions__rosidl_typesupport_c.so" to ""
-- Up-to-date: /home/robmoemac/M-LADIS-Jerry/ws_sensor_combined/install/lidar_conversions/include/lidar_conversions/lidar_conversions
-- Up-to-date: /home/robmoemac/M-LADIS-Jerry/ws_sensor_combined/install/lidar_conversions/include/lidar_conversions/lidar_conversions/srv
-- Up-to-date: /home/robmoemac/M-LADIS-Jerry/ws_sensor_combined/install/lidar_conversions/include/lidar_conversions/lidar_conversions/srv/detail
-- Installing: /home/robmoemac/M-LADIS-Jerry/ws_sensor_combined/install/lidar_conversions/include/lidar_conversions/lidar_conversions/srv/detail/estim_params__struct.hpp
-- Installing: /home/robmoemac/M-LADIS-Jerry/ws_sensor_combined/install/lidar_conversions/include/lidar_conversions/lidar_conversions/srv/detail/estim_sense__builder.hpp
-- Installing: /home/robmoemac/M-LADIS-Jerry/ws_sensor_combined/install/lidar_conversions/include/lidar_conversions/lidar_conversions/srv/detail/estim_params__traits.hpp
-- Installing: /home/robmoemac/M-LADIS-Jerry/ws_sensor_combined/install/lidar_conversions/include/lidar_conversions/lidar_conversions/srv/detail/estim_sense__traits.hpp
-- Installing: /home/robmoemac/M-LADIS-Jerry/ws_sensor_combined/install/lidar_conversions/include/lidar_conversions/lidar_conversions/srv/detail/estim_params__builder.hpp
-- Installing: /home/robmoemac/M-LADIS-Jerry/ws_sensor_combined/install/lidar_conversions/include/lidar_conversions/lidar_conversions/srv/detail/estim_sense__struct.hpp
-- Installing: /home/robmoemac/M-LADIS-Jerry/ws_sensor_combined/install/lidar_conversions/include/lidar_conversions/lidar_conversions/srv/estim_params.hpp
-- Installing: /home/robmoemac/M-LADIS-Jerry/ws_sensor_combined/install/lidar_conversions/include/lidar_conversions/lidar_conversions/srv/estim_sense.hpp
-- Up-to-date: /home/robmoemac/M-LADIS-Jerry/ws_sensor_combined/install/lidar_conversions/include/lidar_conversions/lidar_conversions
-- Up-to-date: /home/robmoemac/M-LADIS-Jerry/ws_sensor_combined/install/lidar_conversions/include/lidar_conversions/lidar_conversions/srv
-- Up-to-date: /home/robmoemac/M-LADIS-Jerry/ws_sensor_combined/install/lidar_conversions/include/lidar_conversions/lidar_conversions/srv/detail
-- Installing: /home/robmoemac/M-LADIS-Jerry/ws_sensor_combined/install/lidar_conversions/include/lidar_conversions/lidar_conversions/srv/detail/dds_fastrtps
-- Installing: /home/robmoemac/M-LADIS-Jerry/ws_sensor_combined/install/lidar_conversions/include/lidar_conversions/lidar_conversions/srv/detail/estim_sense__rosidl_typesupport_fastrtps_cpp.hpp
-- Installing: /home/robmoemac/M-LADIS-Jerry/ws_sensor_combined/install/lidar_conversions/include/lidar_conversions/lidar_conversions/srv/detail/estim_params__rosidl_typesupport_fastrtps_cpp.hpp
-- Up-to-date: /home/robmoemac/M-LADIS-Jerry/ws_sensor_combined/install/lidar_conversions/include/lidar_conversions/lidar_conversions/msg
-- Installing: /home/robmoemac/M-LADIS-Jerry/ws_sensor_combined/install/lidar_conversions/include/lidar_conversions/lidar_conversions/msg/rosidl_typesupport_fastrtps_cpp__visibility_control.h
-- Installing: /home/robmoemac/M-LADIS-Jerry/ws_sensor_combined/install/lidar_conversions/lib/liblidar_conversions__rosidl_typesupport_fastrtps_cpp.so
-- Set runtime path of "/home/robmoemac/M-LADIS-Jerry/ws_sensor_combined/install/lidar_conversions/lib/liblidar_conversions__rosidl_typesupport_fastrtps_cpp.so" to ""
-- Up-to-date: /home/robmoemac/M-LADIS-Jerry/ws_sensor_combined/install/lidar_conversions/include/lidar_conversions/lidar_conversions
-- Up-to-date: /home/robmoemac/M-LADIS-Jerry/ws_sensor_combined/install/lidar_conversions/include/lidar_conversions/lidar_conversions/srv
-- Up-to-date: /home/robmoemac/M-LADIS-Jerry/ws_sensor_combined/install/lidar_conversions/include/lidar_conversions/lidar_conversions/srv/detail
-- Installing: /home/robmoemac/M-LADIS-Jerry/ws_sensor_combined/install/lidar_conversions/include/lidar_conversions/lidar_conversions/srv/detail/estim_params__rosidl_typesupport_introspection_cpp.hpp
-- Installing: /home/robmoemac/M-LADIS-Jerry/ws_sensor_combined/install/lidar_conversions/include/lidar_conversions/lidar_conversions/srv/detail/estim_sense__type_support.cpp
-- Installing: /home/robmoemac/M-LADIS-Jerry/ws_sensor_combined/install/lidar_conversions/include/lidar_conversions/lidar_conversions/srv/detail/estim_sense__rosidl_typesupport_introspection_cpp.hpp
-- Installing: /home/robmoemac/M-LADIS-Jerry/ws_sensor_combined/install/lidar_conversions/include/lidar_conversions/lidar_conversions/srv/detail/estim_params__type_support.cpp
-- Installing: /home/robmoemac/M-LADIS-Jerry/ws_sensor_combined/install/lidar_conversions/lib/liblidar_conversions__rosidl_typesupport_introspection_cpp.so
-- Set runtime path of "/home/robmoemac/M-LADIS-Jerry/ws_sensor_combined/install/lidar_conversions/lib/liblidar_conversions__rosidl_typesupport_introspection_cpp.so" to ""
-- Installing: /home/robmoemac/M-LADIS-Jerry/ws_sensor_combined/install/lidar_conversions/lib/liblidar_conversions__rosidl_typesupport_cpp.so
-- Set runtime path of "/home/robmoemac/M-LADIS-Jerry/ws_sensor_combined/install/lidar_conversions/lib/liblidar_conversions__rosidl_typesupport_cpp.so" to ""
-- Installing: /home/robmoemac/M-LADIS-Jerry/ws_sensor_combined/install/lidar_conversions/share/lidar_conversions/environment/pythonpath.sh
-- Installing: /home/robmoemac/M-LADIS-Jerry/ws_sensor_combined/install/lidar_conversions/share/lidar_conversions/environment/pythonpath.dsv
-- Installing: /home/robmoemac/M-LADIS-Jerry/ws_sensor_combined/install/lidar_conversions/local/lib/python3.10/dist-packages/lidar_conversions-2.1.0-py3.10.egg-info
-- Installing: /home/robmoemac/M-LADIS-Jerry/ws_sensor_combined/install/lidar_conversions/local/lib/python3.10/dist-packages/lidar_conversions-2.1.0-py3.10.egg-info/dependency_links.txt
-- Installing: /home/robmoemac/M-LADIS-Jerry/ws_sensor_combined/install/lidar_conversions/local/lib/python3.10/dist-packages/lidar_conversions-2.1.0-py3.10.egg-info/PKG-INFO
-- Installing: /home/robmoemac/M-LADIS-Jerry/ws_sensor_combined/install/lidar_conversions/local/lib/python3.10/dist-packages/lidar_conversions-2.1.0-py3.10.egg-info/top_level.txt
-- Installing: /home/robmoemac/M-LADIS-Jerry/ws_sensor_combined/install/lidar_conversions/local/lib/python3.10/dist-packages/lidar_conversions-2.1.0-py3.10.egg-info/SOURCES.txt
-- Installing: /home/robmoemac/M-LADIS-Jerry/ws_sensor_combined/install/lidar_conversions/local/lib/python3.10/dist-packages/lidar_conversions
-- Installing: /home/robmoemac/M-LADIS-Jerry/ws_sensor_combined/install/lidar_conversions/local/lib/python3.10/dist-packages/lidar_conversions/srv
-- Installing: /home/robmoemac/M-LADIS-Jerry/ws_sensor_combined/install/lidar_conversions/local/lib/python3.10/dist-packages/lidar_conversions/srv/_estim_sense.py
-- Installing: /home/robmoemac/M-LADIS-Jerry/ws_sensor_combined/install/lidar_conversions/local/lib/python3.10/dist-packages/lidar_conversions/srv/__init__.py
-- Installing: /home/robmoemac/M-LADIS-Jerry/ws_sensor_combined/install/lidar_conversions/local/lib/python3.10/dist-packages/lidar_conversions/srv/_estim_sense_s.c
-- Installing: /home/robmoemac/M-LADIS-Jerry/ws_sensor_combined/install/lidar_conversions/local/lib/python3.10/dist-packages/lidar_conversions/srv/_estim_params.py
-- Installing: /home/robmoemac/M-LADIS-Jerry/ws_sensor_combined/install/lidar_conversions/local/lib/python3.10/dist-packages/lidar_conversions/srv/_estim_params_s.c
-- Installing: /home/robmoemac/M-LADIS-Jerry/ws_sensor_combined/install/lidar_conversions/local/lib/python3.10/dist-packages/lidar_conversions/lidar_conversions_s__rosidl_typesupport_fastrtps_c.cpython-310-x86_64-linux-gnu.so
-- Installing: /home/robmoemac/M-LADIS-Jerry/ws_sensor_combined/install/lidar_conversions/local/lib/python3.10/dist-packages/lidar_conversions/liblidar_conversions__rosidl_generator_py.so
-- Installing: /home/robmoemac/M-LADIS-Jerry/ws_sensor_combined/install/lidar_conversions/local/lib/python3.10/dist-packages/lidar_conversions/__init__.py
-- Installing: /home/robmoemac/M-LADIS-Jerry/ws_sensor_combined/install/lidar_conversions/local/lib/python3.10/dist-packages/lidar_conversions/lidar_conversions_s__rosidl_typesupport_introspection_c.cpython-310-x86_64-linux-gnu.so
-- Installing: /home/robmoemac/M-LADIS-Jerry/ws_sensor_combined/install/lidar_conversions/local/lib/python3.10/dist-packages/lidar_conversions/_lidar_conversions_s.ep.rosidl_typesupport_fastrtps_c.c
-- Installing: /home/robmoemac/M-LADIS-Jerry/ws_sensor_combined/install/lidar_conversions/local/lib/python3.10/dist-packages/lidar_conversions/lidar_conversions_s__rosidl_typesupport_c.cpython-310-x86_64-linux-gnu.so
-- Installing: /home/robmoemac/M-LADIS-Jerry/ws_sensor_combined/install/lidar_conversions/local/lib/python3.10/dist-packages/lidar_conversions/_lidar_conversions_s.ep.rosidl_typesupport_c.c
-- Installing: /home/robmoemac/M-LADIS-Jerry/ws_sensor_combined/install/lidar_conversions/local/lib/python3.10/dist-packages/lidar_conversions/_lidar_conversions_s.ep.rosidl_typesupport_introspection_c.c
Listing '/home/robmoemac/M-LADIS-Jerry/ws_sensor_combined/install/lidar_conversions/local/lib/python3.10/dist-packages/lidar_conversions'...
Compiling '/home/robmoemac/M-LADIS-Jerry/ws_sensor_combined/install/lidar_conversions/local/lib/python3.10/dist-packages/lidar_conversions/__init__.py'...
Listing '/home/robmoemac/M-LADIS-Jerry/ws_sensor_combined/install/lidar_conversions/local/lib/python3.10/dist-packages/lidar_conversions/srv'...
Compiling '/home/robmoemac/M-LADIS-Jerry/ws_sensor_combined/install/lidar_conversions/local/lib/python3.10/dist-packages/lidar_conversions/srv/__init__.py'...
Compiling '/home/robmoemac/M-LADIS-Jerry/ws_sensor_combined/install/lidar_conversions/local/lib/python3.10/dist-packages/lidar_conversions/srv/_estim_params.py'...
Compiling '/home/robmoemac/M-LADIS-Jerry/ws_sensor_combined/install/lidar_conversions/local/lib/python3.10/dist-packages/lidar_conversions/srv/_estim_sense.py'...
-- Installing: /home/robmoemac/M-LADIS-Jerry/ws_sensor_combined/install/lidar_conversions/local/lib/python3.10/dist-packages/lidar_conversions/lidar_conversions_s__rosidl_typesupport_fastrtps_c.cpython-310-x86_64-linux-gnu.so
-- Set runtime path of "/home/robmoemac/M-LADIS-Jerry/ws_sensor_combined/install/lidar_conversions/local/lib/python3.10/dist-packages/lidar_conversions/lidar_conversions_s__rosidl_typesupport_fastrtps_c.cpython-310-x86_64-linux-gnu.so" to ""
-- Installing: /home/robmoemac/M-LADIS-Jerry/ws_sensor_combined/install/lidar_conversions/local/lib/python3.10/dist-packages/lidar_conversions/lidar_conversions_s__rosidl_typesupport_introspection_c.cpython-310-x86_64-linux-gnu.so
-- Set runtime path of "/home/robmoemac/M-LADIS-Jerry/ws_sensor_combined/install/lidar_conversions/local/lib/python3.10/dist-packages/lidar_conversions/lidar_conversions_s__rosidl_typesupport_introspection_c.cpython-310-x86_64-linux-gnu.so" to ""
-- Installing: /home/robmoemac/M-LADIS-Jerry/ws_sensor_combined/install/lidar_conversions/local/lib/python3.10/dist-packages/lidar_conversions/lidar_conversions_s__rosidl_typesupport_c.cpython-310-x86_64-linux-gnu.so
-- Set runtime path of "/home/robmoemac/M-LADIS-Jerry/ws_sensor_combined/install/lidar_conversions/local/lib/python3.10/dist-packages/lidar_conversions/lidar_conversions_s__rosidl_typesupport_c.cpython-310-x86_64-linux-gnu.so" to ""
-- Installing: /home/robmoemac/M-LADIS-Jerry/ws_sensor_combined/install/lidar_conversions/lib/liblidar_conversions__rosidl_generator_py.so
-- Set runtime path of "/home/robmoemac/M-LADIS-Jerry/ws_sensor_combined/install/lidar_conversions/lib/liblidar_conversions__rosidl_generator_py.so" to ""
-- Installing: /home/robmoemac/M-LADIS-Jerry/ws_sensor_combined/install/lidar_conversions/share/lidar_conversions/srv/EstimParams.idl
-- Installing: /home/robmoemac/M-LADIS-Jerry/ws_sensor_combined/install/lidar_conversions/share/lidar_conversions/srv/EstimSense.idl
-- Installing: /home/robmoemac/M-LADIS-Jerry/ws_sensor_combined/install/lidar_conversions/share/lidar_conversions/srv/EstimParams.srv
-- Installing: /home/robmoemac/M-LADIS-Jerry/ws_sensor_combined/install/lidar_conversions/share/lidar_conversions/srv/EstimParams_Request.msg
-- Installing: /home/robmoemac/M-LADIS-Jerry/ws_sensor_combined/install/lidar_conversions/share/lidar_conversions/srv/EstimParams_Response.msg
-- Installing: /home/robmoemac/M-LADIS-Jerry/ws_sensor_combined/install/lidar_conversions/share/lidar_conversions/srv/EstimSense.srv
-- Installing: /home/robmoemac/M-LADIS-Jerry/ws_sensor_combined/install/lidar_conversions/share/lidar_conversions/srv/EstimSense_Request.msg
-- Installing: /home/robmoemac/M-LADIS-Jerry/ws_sensor_combined/install/lidar_conversions/share/lidar_conversions/srv/EstimSense_Response.msg
-- Installing: /home/robmoemac/M-LADIS-Jerry/ws_sensor_combined/install/lidar_conversions/lib/lidar_conversions/velodyne_conversion_node
-- Set runtime path of "/home/robmoemac/M-LADIS-Jerry/ws_sensor_combined/install/lidar_conversions/lib/lidar_conversions/velodyne_conversion_node" to ""
-- Installing: /home/robmoemac/M-LADIS-Jerry/ws_sensor_combined/install/lidar_conversions/lib/lidar_conversions/ouster_conversion_node
-- Set runtime path of "/home/robmoemac/M-LADIS-Jerry/ws_sensor_combined/install/lidar_conversions/lib/lidar_conversions/ouster_conversion_node" to ""
-- Installing: /home/robmoemac/M-LADIS-Jerry/ws_sensor_combined/install/lidar_conversions/lib/lidar_conversions/robosense_conversion_node
-- Set runtime path of "/home/robmoemac/M-LADIS-Jerry/ws_sensor_combined/install/lidar_conversions/lib/lidar_conversions/robosense_conversion_node" to ""
-- Installing: /home/robmoemac/M-LADIS-Jerry/ws_sensor_combined/install/lidar_conversions/lib/lidar_conversions/livox_conversion_node
-- Set runtime path of "/home/robmoemac/M-LADIS-Jerry/ws_sensor_combined/install/lidar_conversions/lib/lidar_conversions/livox_conversion_node" to ""
-- Installing: /home/robmoemac/M-LADIS-Jerry/ws_sensor_combined/install/lidar_conversions/lib/lidar_conversions/hesai_conversion_node
-- Set runtime path of "/home/robmoemac/M-LADIS-Jerry/ws_sensor_combined/install/lidar_conversions/lib/lidar_conversions/hesai_conversion_node" to ""
-- Installing: /home/robmoemac/M-LADIS-Jerry/ws_sensor_combined/install/lidar_conversions/lib/lidar_conversions/generic_conversion_node
-- Set runtime path of "/home/robmoemac/M-LADIS-Jerry/ws_sensor_combined/install/lidar_conversions/lib/lidar_conversions/generic_conversion_node" to ""
-- Installing: /home/robmoemac/M-LADIS-Jerry/ws_sensor_combined/install/lidar_conversions/share/lidar_conversions/params
-- Installing: /home/robmoemac/M-LADIS-Jerry/ws_sensor_combined/install/lidar_conversions/share/lidar_conversions/params/conversion_config.yaml
-- Installing: /home/robmoemac/M-LADIS-Jerry/ws_sensor_combined/install/lidar_conversions/share/ament_index/resource_index/package_run_dependencies/lidar_conversions
-- Installing: /home/robmoemac/M-LADIS-Jerry/ws_sensor_combined/install/lidar_conversions/share/ament_index/resource_index/parent_prefix_path/lidar_conversions
-- Installing: /home/robmoemac/M-LADIS-Jerry/ws_sensor_combined/install/lidar_conversions/share/lidar_conversions/environment/ament_prefix_path.sh
-- Installing: /home/robmoemac/M-LADIS-Jerry/ws_sensor_combined/install/lidar_conversions/share/lidar_conversions/environment/ament_prefix_path.dsv
-- Installing: /home/robmoemac/M-LADIS-Jerry/ws_sensor_combined/install/lidar_conversions/share/lidar_conversions/environment/path.sh
-- Installing: /home/robmoemac/M-LADIS-Jerry/ws_sensor_combined/install/lidar_conversions/share/lidar_conversions/environment/path.dsv
-- Installing: /home/robmoemac/M-LADIS-Jerry/ws_sensor_combined/install/lidar_conversions/share/lidar_conversions/local_setup.bash
-- Installing: /home/robmoemac/M-LADIS-Jerry/ws_sensor_combined/install/lidar_conversions/share/lidar_conversions/local_setup.sh
-- Installing: /home/robmoemac/M-LADIS-Jerry/ws_sensor_combined/install/lidar_conversions/share/lidar_conversions/local_setup.zsh
-- Installing: /home/robmoemac/M-LADIS-Jerry/ws_sensor_combined/install/lidar_conversions/share/lidar_conversions/local_setup.dsv
-- Installing: /home/robmoemac/M-LADIS-Jerry/ws_sensor_combined/install/lidar_conversions/share/lidar_conversions/package.dsv
-- Installing: /home/robmoemac/M-LADIS-Jerry/ws_sensor_combined/install/lidar_conversions/share/ament_index/resource_index/packages/lidar_conversions
-- Installing: /home/robmoemac/M-LADIS-Jerry/ws_sensor_combined/install/lidar_conversions/share/lidar_conversions/cmake/export_lidar_conversions__rosidl_generator_cExport.cmake
-- Installing: /home/robmoemac/M-LADIS-Jerry/ws_sensor_combined/install/lidar_conversions/share/lidar_conversions/cmake/export_lidar_conversions__rosidl_generator_cExport-release.cmake
-- Installing: /home/robmoemac/M-LADIS-Jerry/ws_sensor_combined/install/lidar_conversions/share/lidar_conversions/cmake/export_lidar_conversions__rosidl_typesupport_fastrtps_cExport.cmake
-- Installing: /home/robmoemac/M-LADIS-Jerry/ws_sensor_combined/install/lidar_conversions/share/lidar_conversions/cmake/export_lidar_conversions__rosidl_typesupport_fastrtps_cExport-release.cmake
-- Installing: /home/robmoemac/M-LADIS-Jerry/ws_sensor_combined/install/lidar_conversions/share/lidar_conversions/cmake/lidar_conversions__rosidl_typesupport_introspection_cExport.cmake
-- Installing: /home/robmoemac/M-LADIS-Jerry/ws_sensor_combined/install/lidar_conversions/share/lidar_conversions/cmake/lidar_conversions__rosidl_typesupport_introspection_cExport-release.cmake
-- Installing: /home/robmoemac/M-LADIS-Jerry/ws_sensor_combined/install/lidar_conversions/share/lidar_conversions/cmake/lidar_conversions__rosidl_typesupport_cExport.cmake
-- Installing: /home/robmoemac/M-LADIS-Jerry/ws_sensor_combined/install/lidar_conversions/share/lidar_conversions/cmake/lidar_conversions__rosidl_typesupport_cExport-release.cmake
-- Installing: /home/robmoemac/M-LADIS-Jerry/ws_sensor_combined/install/lidar_conversions/share/lidar_conversions/cmake/export_lidar_conversions__rosidl_generator_cppExport.cmake
-- Installing: /home/robmoemac/M-LADIS-Jerry/ws_sensor_combined/install/lidar_conversions/share/lidar_conversions/cmake/export_lidar_conversions__rosidl_typesupport_fastrtps_cppExport.cmake
-- Installing: /home/robmoemac/M-LADIS-Jerry/ws_sensor_combined/install/lidar_conversions/share/lidar_conversions/cmake/export_lidar_conversions__rosidl_typesupport_fastrtps_cppExport-release.cmake
-- Installing: /home/robmoemac/M-LADIS-Jerry/ws_sensor_combined/install/lidar_conversions/share/lidar_conversions/cmake/lidar_conversions__rosidl_typesupport_introspection_cppExport.cmake
-- Installing: /home/robmoemac/M-LADIS-Jerry/ws_sensor_combined/install/lidar_conversions/share/lidar_conversions/cmake/lidar_conversions__rosidl_typesupport_introspection_cppExport-release.cmake
-- Installing: /home/robmoemac/M-LADIS-Jerry/ws_sensor_combined/install/lidar_conversions/share/lidar_conversions/cmake/lidar_conversions__rosidl_typesupport_cppExport.cmake
-- Installing: /home/robmoemac/M-LADIS-Jerry/ws_sensor_combined/install/lidar_conversions/share/lidar_conversions/cmake/lidar_conversions__rosidl_typesupport_cppExport-release.cmake
-- Installing: /home/robmoemac/M-LADIS-Jerry/ws_sensor_combined/install/lidar_conversions/share/lidar_conversions/cmake/export_lidar_conversions__rosidl_generator_pyExport.cmake
-- Installing: /home/robmoemac/M-LADIS-Jerry/ws_sensor_combined/install/lidar_conversions/share/lidar_conversions/cmake/export_lidar_conversions__rosidl_generator_pyExport-release.cmake
-- Installing: /home/robmoemac/M-LADIS-Jerry/ws_sensor_combined/install/lidar_conversions/share/lidar_conversions/cmake/rosidl_cmake-extras.cmake
-- Installing: /home/robmoemac/M-LADIS-Jerry/ws_sensor_combined/install/lidar_conversions/share/lidar_conversions/cmake/ament_cmake_export_dependencies-extras.cmake
-- Installing: /home/robmoemac/M-LADIS-Jerry/ws_sensor_combined/install/lidar_conversions/share/lidar_conversions/cmake/ament_cmake_export_include_directories-extras.cmake
-- Installing: /home/robmoemac/M-LADIS-Jerry/ws_sensor_combined/install/lidar_conversions/share/lidar_conversions/cmake/ament_cmake_export_libraries-extras.cmake
-- Installing: /home/robmoemac/M-LADIS-Jerry/ws_sensor_combined/install/lidar_conversions/share/lidar_conversions/cmake/ament_cmake_export_targets-extras.cmake
-- Installing: /home/robmoemac/M-LADIS-Jerry/ws_sensor_combined/install/lidar_conversions/share/lidar_conversions/cmake/rosidl_cmake_export_typesupport_targets-extras.cmake
-- Installing: /home/robmoemac/M-LADIS-Jerry/ws_sensor_combined/install/lidar_conversions/share/lidar_conversions/cmake/rosidl_cmake_export_typesupport_libraries-extras.cmake
-- Installing: /home/robmoemac/M-LADIS-Jerry/ws_sensor_combined/install/lidar_conversions/share/lidar_conversions/cmake/lidar_conversionsConfig.cmake
-- Installing: /home/robmoemac/M-LADIS-Jerry/ws_sensor_combined/install/lidar_conversions/share/lidar_conversions/cmake/lidar_conversionsConfig-version.cmake
-- Installing: /home/robmoemac/M-LADIS-Jerry/ws_sensor_combined/install/lidar_conversions/share/lidar_conversions/package.xml
