[0.016s] Invoking command in '/home/robmoemac/M-LADIS-Jerry/ws_sensor_combined/build/lidar_conversions': AMENT_PREFIX_PATH=/home/robmoemac/M-LADIS-Jerry/ws_sensor_combined/install/livox_ros_driver:${AMENT_PREFIX_PATH} CMAKE_PREFIX_PATH=/home/robmoemac/M-LADIS-Jerry/ws_sensor_combined/install/livox_ros_driver:/home/robmoemac/M-LADIS-Jerry/ws_sensor_combined/install/px4_ros_com:/home/robmoemac/M-LADIS-Jerry/ws_sensor_combined/install/px4_msgs:/home/robmoemac/M-LADIS-Jerry/ws_sensor_combined/install/nearest_poster_yaw:/home/robmoemac/M-LADIS-Jerry/ws_sensor_combined/install/localization:/home/robmoemac/M-LADIS-Jerry/ws_sensor_combined/install/classifier:/opt/ros/humble LD_LIBRARY_PATH=/home/robmoemac/M-LADIS-Jerry/ws_sensor_combined/install/livox_ros_driver/lib:${LD_LIBRARY_PATH} PYTHONPATH=/home/robmoemac/M-LADIS-Jerry/ws_sensor_combined/install/livox_ros_driver/local/lib/python3.10/dist-packages:${PYTHONPATH} /usr/bin/cmake --build /home/robmoemac/M-LADIS-Jerry/ws_sensor_combined/build/lidar_conversions -- -j8 -l8
[0.054s] [35m[1mConsolidate compiler generated dependencies of target lidar_conversions__rosidl_generator_c[0m
[0.059s] [35m[1mConsolidate compiler generated dependencies of target livox_conversion_node[0m
[0.061s] [  1%] Built target lidar_conversions__cpp
[0.063s] [  9%] Built target lidar_conversions__rosidl_generator_c
[0.072s] [  9%] Built target ament_cmake_python_copy_lidar_conversions
[0.073s] [35m[1mConsolidate compiler generated dependencies of target lidar_conversions__rosidl_typesupport_cpp[0m
[0.073s] [35m[1mConsolidate compiler generated dependencies of target lidar_conversions__rosidl_typesupport_fastrtps_cpp[0m
[0.074s] [35m[1mConsolidate compiler generated dependencies of target lidar_conversions__rosidl_typesupport_introspection_cpp[0m
[0.075s] [35m[1mConsolidate compiler generated dependencies of target lidar_conversions__rosidl_typesupport_fastrtps_c[0m
[0.079s] [35m[1mConsolidate compiler generated dependencies of target lidar_conversions__rosidl_typesupport_c[0m
[0.082s] [35m[1mConsolidate compiler generated dependencies of target lidar_conversions__rosidl_typesupport_introspection_c[0m
[0.093s] [ 17%] Built target lidar_conversions__rosidl_typesupport_c
[0.096s] [ 25%] Built target lidar_conversions__rosidl_typesupport_cpp
[0.097s] [ 29%] Built target livox_conversion_node
[0.099s] [ 45%] Built target lidar_conversions__rosidl_typesupport_introspection_cpp
[0.099s] [ 45%] Built target lidar_conversions__rosidl_typesupport_introspection_c
[0.101s] [ 52%] Built target lidar_conversions__rosidl_typesupport_fastrtps_c
[0.101s] [ 60%] Built target lidar_conversions__rosidl_typesupport_fastrtps_cpp
[0.111s] [35m[1mConsolidate compiler generated dependencies of target velodyne_conversion_node[0m
[0.111s] [35m[1mConsolidate compiler generated dependencies of target ouster_conversion_node[0m
[0.113s] [35m[1mConsolidate compiler generated dependencies of target robosense_conversion_node[0m
[0.114s] [35m[1mConsolidate compiler generated dependencies of target hesai_conversion_node[0m
[0.115s] [35m[1mConsolidate compiler generated dependencies of target generic_conversion_node[0m
[0.125s] [ 60%] Built target lidar_conversions
[0.148s] [ 70%] Built target robosense_conversion_node
[0.148s] [ 72%] Built target velodyne_conversion_node
[0.148s] [ 70%] Built target ouster_conversion_node
[0.149s] [ 74%] Built target lidar_conversions__py
[0.151s] [ 80%] Built target hesai_conversion_node
[0.151s] [ 82%] Built target generic_conversion_node
[0.158s] [35m[1mConsolidate compiler generated dependencies of target lidar_conversions__rosidl_generator_py[0m
[0.172s] [ 88%] Built target lidar_conversions__rosidl_generator_py
[0.181s] [35m[1mConsolidate compiler generated dependencies of target lidar_conversions__rosidl_typesupport_fastrtps_c__pyext[0m
[0.181s] [35m[1mConsolidate compiler generated dependencies of target lidar_conversions__rosidl_typesupport_c__pyext[0m
[0.181s] [35m[1mConsolidate compiler generated dependencies of target lidar_conversions__rosidl_typesupport_introspection_c__pyext[0m
[0.191s] [ 92%] Built target lidar_conversions__rosidl_typesupport_c__pyext
[0.195s] [100%] Built target lidar_conversions__rosidl_typesupport_introspection_c__pyext
[0.195s] [100%] Built target lidar_conversions__rosidl_typesupport_fastrtps_c__pyext
[0.304s] running egg_info
[0.318s] writing lidar_conversions.egg-info/PKG-INFO
[0.321s] writing dependency_links to lidar_conversions.egg-info/dependency_links.txt
[0.324s] writing top-level names to lidar_conversions.egg-info/top_level.txt
[0.367s] reading manifest file 'lidar_conversions.egg-info/SOURCES.txt'
[0.367s] writing manifest file 'lidar_conversions.egg-info/SOURCES.txt'
[0.392s] [100%] Built target ament_cmake_python_build_lidar_conversions_egg
[0.403s] Invoked command in '/home/robmoemac/M-LADIS-Jerry/ws_sensor_combined/build/lidar_conversions' returned '0': AMENT_PREFIX_PATH=/home/robmoemac/M-LADIS-Jerry/ws_sensor_combined/install/livox_ros_driver:${AMENT_PREFIX_PATH} CMAKE_PREFIX_PATH=/home/robmoemac/M-LADIS-Jerry/ws_sensor_combined/install/livox_ros_driver:/home/robmoemac/M-LADIS-Jerry/ws_sensor_combined/install/px4_ros_com:/home/robmoemac/M-LADIS-Jerry/ws_sensor_combined/install/px4_msgs:/home/robmoemac/M-LADIS-Jerry/ws_sensor_combined/install/nearest_poster_yaw:/home/robmoemac/M-LADIS-Jerry/ws_sensor_combined/install/localization:/home/robmoemac/M-LADIS-Jerry/ws_sensor_combined/install/classifier:/opt/ros/humble LD_LIBRARY_PATH=/home/robmoemac/M-LADIS-Jerry/ws_sensor_combined/install/livox_ros_driver/lib:${LD_LIBRARY_PATH} PYTHONPATH=/home/robmoemac/M-LADIS-Jerry/ws_sensor_combined/install/livox_ros_driver/local/lib/python3.10/dist-packages:${PYTHONPATH} /usr/bin/cmake --build /home/robmoemac/M-LADIS-Jerry/ws_sensor_combined/build/lidar_conversions -- -j8 -l8
[0.477s] Invoking command in '/home/robmoemac/M-LADIS-Jerry/ws_sensor_combined/build/lidar_conversions': AMENT_PREFIX_PATH=/home/robmoemac/M-LADIS-Jerry/ws_sensor_combined/install/livox_ros_driver:${AMENT_PREFIX_PATH} CMAKE_PREFIX_PATH=/home/robmoemac/M-LADIS-Jerry/ws_sensor_combined/install/livox_ros_driver:/home/robmoemac/M-LADIS-Jerry/ws_sensor_combined/install/px4_ros_com:/home/robmoemac/M-LADIS-Jerry/ws_sensor_combined/install/px4_msgs:/home/robmoemac/M-LADIS-Jerry/ws_sensor_combined/install/nearest_poster_yaw:/home/robmoemac/M-LADIS-Jerry/ws_sensor_combined/install/localization:/home/robmoemac/M-LADIS-Jerry/ws_sensor_combined/install/classifier:/opt/ros/humble LD_LIBRARY_PATH=/home/robmoemac/M-LADIS-Jerry/ws_sensor_combined/install/livox_ros_driver/lib:${LD_LIBRARY_PATH} PYTHONPATH=/home/robmoemac/M-LADIS-Jerry/ws_sensor_combined/install/livox_ros_driver/local/lib/python3.10/dist-packages:${PYTHONPATH} /usr/bin/cmake --install /home/robmoemac/M-LADIS-Jerry/ws_sensor_combined/build/lidar_conversions
[0.483s] -- Install configuration: "release"
[0.484s] -- Up-to-date: /home/robmoemac/M-LADIS-Jerry/ws_sensor_combined/install/lidar_conversions/share/ament_index/resource_index/rosidl_interfaces/lidar_conversions
[0.484s] -- Up-to-date: /home/robmoemac/M-LADIS-Jerry/ws_sensor_combined/install/lidar_conversions/include/lidar_conversions/lidar_conversions
[0.484s] -- Up-to-date: /home/robmoemac/M-LADIS-Jerry/ws_sensor_combined/install/lidar_conversions/include/lidar_conversions/lidar_conversions/srv
[0.484s] -- Up-to-date: /home/robmoemac/M-LADIS-Jerry/ws_sensor_combined/install/lidar_conversions/include/lidar_conversions/lidar_conversions/srv/estim_sense.h
[0.484s] -- Up-to-date: /home/robmoemac/M-LADIS-Jerry/ws_sensor_combined/install/lidar_conversions/include/lidar_conversions/lidar_conversions/srv/detail
[0.485s] -- Up-to-date: /home/robmoemac/M-LADIS-Jerry/ws_sensor_combined/install/lidar_conversions/include/lidar_conversions/lidar_conversions/srv/detail/estim_sense__functions.c
[0.485s] -- Up-to-date: /home/robmoemac/M-LADIS-Jerry/ws_sensor_combined/install/lidar_conversions/include/lidar_conversions/lidar_conversions/srv/detail/estim_params__functions.c
[0.485s] -- Up-to-date: /home/robmoemac/M-LADIS-Jerry/ws_sensor_combined/install/lidar_conversions/include/lidar_conversions/lidar_conversions/srv/detail/estim_sense__functions.h
[0.485s] -- Up-to-date: /home/robmoemac/M-LADIS-Jerry/ws_sensor_combined/install/lidar_conversions/include/lidar_conversions/lidar_conversions/srv/detail/estim_params__struct.h
[0.485s] -- Up-to-date: /home/robmoemac/M-LADIS-Jerry/ws_sensor_combined/install/lidar_conversions/include/lidar_conversions/lidar_conversions/srv/detail/estim_params__functions.h
[0.485s] -- Up-to-date: /home/robmoemac/M-LADIS-Jerry/ws_sensor_combined/install/lidar_conversions/include/lidar_conversions/lidar_conversions/srv/detail/estim_sense__struct.h
[0.485s] -- Up-to-date: /home/robmoemac/M-LADIS-Jerry/ws_sensor_combined/install/lidar_conversions/include/lidar_conversions/lidar_conversions/srv/detail/estim_params__type_support.h
[0.485s] -- Up-to-date: /home/robmoemac/M-LADIS-Jerry/ws_sensor_combined/install/lidar_conversions/include/lidar_conversions/lidar_conversions/srv/detail/estim_sense__type_support.h
[0.485s] -- Up-to-date: /home/robmoemac/M-LADIS-Jerry/ws_sensor_combined/install/lidar_conversions/include/lidar_conversions/lidar_conversions/srv/estim_params.h
[0.485s] -- Up-to-date: /home/robmoemac/M-LADIS-Jerry/ws_sensor_combined/install/lidar_conversions/include/lidar_conversions/lidar_conversions/msg
[0.485s] -- Up-to-date: /home/robmoemac/M-LADIS-Jerry/ws_sensor_combined/install/lidar_conversions/include/lidar_conversions/lidar_conversions/msg/rosidl_generator_c__visibility_control.h
[0.485s] -- Up-to-date: /home/robmoemac/M-LADIS-Jerry/ws_sensor_combined/install/lidar_conversions/share/lidar_conversions/environment/library_path.sh
[0.485s] -- Up-to-date: /home/robmoemac/M-LADIS-Jerry/ws_sensor_combined/install/lidar_conversions/share/lidar_conversions/environment/library_path.dsv
[0.485s] -- Up-to-date: /home/robmoemac/M-LADIS-Jerry/ws_sensor_combined/install/lidar_conversions/lib/liblidar_conversions__rosidl_generator_c.so
[0.485s] -- Up-to-date: /home/robmoemac/M-LADIS-Jerry/ws_sensor_combined/install/lidar_conversions/include/lidar_conversions/lidar_conversions
[0.485s] -- Up-to-date: /home/robmoemac/M-LADIS-Jerry/ws_sensor_combined/install/lidar_conversions/include/lidar_conversions/lidar_conversions/srv
[0.485s] -- Up-to-date: /home/robmoemac/M-LADIS-Jerry/ws_sensor_combined/install/lidar_conversions/include/lidar_conversions/lidar_conversions/srv/detail
[0.485s] -- Up-to-date: /home/robmoemac/M-LADIS-Jerry/ws_sensor_combined/install/lidar_conversions/include/lidar_conversions/lidar_conversions/srv/detail/estim_sense__rosidl_typesupport_fastrtps_c.h
[0.486s] -- Up-to-date: /home/robmoemac/M-LADIS-Jerry/ws_sensor_combined/install/lidar_conversions/include/lidar_conversions/lidar_conversions/srv/detail/estim_params__rosidl_typesupport_fastrtps_c.h
[0.486s] -- Up-to-date: /home/robmoemac/M-LADIS-Jerry/ws_sensor_combined/install/lidar_conversions/include/lidar_conversions/lidar_conversions/msg
[0.486s] -- Up-to-date: /home/robmoemac/M-LADIS-Jerry/ws_sensor_combined/install/lidar_conversions/include/lidar_conversions/lidar_conversions/msg/rosidl_typesupport_fastrtps_c__visibility_control.h
[0.486s] -- Up-to-date: /home/robmoemac/M-LADIS-Jerry/ws_sensor_combined/install/lidar_conversions/lib/liblidar_conversions__rosidl_typesupport_fastrtps_c.so
[0.486s] -- Up-to-date: /home/robmoemac/M-LADIS-Jerry/ws_sensor_combined/install/lidar_conversions/include/lidar_conversions/lidar_conversions
[0.486s] -- Up-to-date: /home/robmoemac/M-LADIS-Jerry/ws_sensor_combined/install/lidar_conversions/include/lidar_conversions/lidar_conversions/srv
[0.486s] -- Up-to-date: /home/robmoemac/M-LADIS-Jerry/ws_sensor_combined/install/lidar_conversions/include/lidar_conversions/lidar_conversions/srv/detail
[0.486s] -- Up-to-date: /home/robmoemac/M-LADIS-Jerry/ws_sensor_combined/install/lidar_conversions/include/lidar_conversions/lidar_conversions/srv/detail/estim_sense__type_support.c
[0.486s] -- Up-to-date: /home/robmoemac/M-LADIS-Jerry/ws_sensor_combined/install/lidar_conversions/include/lidar_conversions/lidar_conversions/srv/detail/estim_params__type_support.c
[0.486s] -- Up-to-date: /home/robmoemac/M-LADIS-Jerry/ws_sensor_combined/install/lidar_conversions/include/lidar_conversions/lidar_conversions/srv/detail/estim_params__rosidl_typesupport_introspection_c.h
[0.486s] -- Up-to-date: /home/robmoemac/M-LADIS-Jerry/ws_sensor_combined/install/lidar_conversions/include/lidar_conversions/lidar_conversions/srv/detail/estim_sense__rosidl_typesupport_introspection_c.h
[0.486s] -- Up-to-date: /home/robmoemac/M-LADIS-Jerry/ws_sensor_combined/install/lidar_conversions/include/lidar_conversions/lidar_conversions/msg
[0.486s] -- Up-to-date: /home/robmoemac/M-LADIS-Jerry/ws_sensor_combined/install/lidar_conversions/include/lidar_conversions/lidar_conversions/msg/rosidl_typesupport_introspection_c__visibility_control.h
[0.486s] -- Up-to-date: /home/robmoemac/M-LADIS-Jerry/ws_sensor_combined/install/lidar_conversions/lib/liblidar_conversions__rosidl_typesupport_introspection_c.so
[0.486s] -- Up-to-date: /home/robmoemac/M-LADIS-Jerry/ws_sensor_combined/install/lidar_conversions/lib/liblidar_conversions__rosidl_typesupport_c.so
[0.487s] -- Up-to-date: /home/robmoemac/M-LADIS-Jerry/ws_sensor_combined/install/lidar_conversions/include/lidar_conversions/lidar_conversions
[0.487s] -- Up-to-date: /home/robmoemac/M-LADIS-Jerry/ws_sensor_combined/install/lidar_conversions/include/lidar_conversions/lidar_conversions/srv
[0.487s] -- Up-to-date: /home/robmoemac/M-LADIS-Jerry/ws_sensor_combined/install/lidar_conversions/include/lidar_conversions/lidar_conversions/srv/detail
[0.487s] -- Up-to-date: /home/robmoemac/M-LADIS-Jerry/ws_sensor_combined/install/lidar_conversions/include/lidar_conversions/lidar_conversions/srv/detail/estim_params__struct.hpp
[0.487s] -- Up-to-date: /home/robmoemac/M-LADIS-Jerry/ws_sensor_combined/install/lidar_conversions/include/lidar_conversions/lidar_conversions/srv/detail/estim_sense__builder.hpp
[0.487s] -- Up-to-date: /home/robmoemac/M-LADIS-Jerry/ws_sensor_combined/install/lidar_conversions/include/lidar_conversions/lidar_conversions/srv/detail/estim_params__traits.hpp
[0.487s] -- Up-to-date: /home/robmoemac/M-LADIS-Jerry/ws_sensor_combined/install/lidar_conversions/include/lidar_conversions/lidar_conversions/srv/detail/estim_sense__traits.hpp
[0.487s] -- Up-to-date: /home/robmoemac/M-LADIS-Jerry/ws_sensor_combined/install/lidar_conversions/include/lidar_conversions/lidar_conversions/srv/detail/estim_params__builder.hpp
[0.487s] -- Up-to-date: /home/robmoemac/M-LADIS-Jerry/ws_sensor_combined/install/lidar_conversions/include/lidar_conversions/lidar_conversions/srv/detail/estim_sense__struct.hpp
[0.487s] -- Up-to-date: /home/robmoemac/M-LADIS-Jerry/ws_sensor_combined/install/lidar_conversions/include/lidar_conversions/lidar_conversions/srv/estim_params.hpp
[0.487s] -- Up-to-date: /home/robmoemac/M-LADIS-Jerry/ws_sensor_combined/install/lidar_conversions/include/lidar_conversions/lidar_conversions/srv/estim_sense.hpp
[0.487s] -- Up-to-date: /home/robmoemac/M-LADIS-Jerry/ws_sensor_combined/install/lidar_conversions/include/lidar_conversions/lidar_conversions
[0.487s] -- Up-to-date: /home/robmoemac/M-LADIS-Jerry/ws_sensor_combined/install/lidar_conversions/include/lidar_conversions/lidar_conversions/srv
[0.487s] -- Up-to-date: /home/robmoemac/M-LADIS-Jerry/ws_sensor_combined/install/lidar_conversions/include/lidar_conversions/lidar_conversions/srv/detail
[0.487s] -- Up-to-date: /home/robmoemac/M-LADIS-Jerry/ws_sensor_combined/install/lidar_conversions/include/lidar_conversions/lidar_conversions/srv/detail/dds_fastrtps
[0.487s] -- Up-to-date: /home/robmoemac/M-LADIS-Jerry/ws_sensor_combined/install/lidar_conversions/include/lidar_conversions/lidar_conversions/srv/detail/estim_sense__rosidl_typesupport_fastrtps_cpp.hpp
[0.487s] -- Up-to-date: /home/robmoemac/M-LADIS-Jerry/ws_sensor_combined/install/lidar_conversions/include/lidar_conversions/lidar_conversions/srv/detail/estim_params__rosidl_typesupport_fastrtps_cpp.hpp
[0.487s] -- Up-to-date: /home/robmoemac/M-LADIS-Jerry/ws_sensor_combined/install/lidar_conversions/include/lidar_conversions/lidar_conversions/msg
[0.487s] -- Up-to-date: /home/robmoemac/M-LADIS-Jerry/ws_sensor_combined/install/lidar_conversions/include/lidar_conversions/lidar_conversions/msg/rosidl_typesupport_fastrtps_cpp__visibility_control.h
[0.487s] -- Up-to-date: /home/robmoemac/M-LADIS-Jerry/ws_sensor_combined/install/lidar_conversions/lib/liblidar_conversions__rosidl_typesupport_fastrtps_cpp.so
[0.488s] -- Up-to-date: /home/robmoemac/M-LADIS-Jerry/ws_sensor_combined/install/lidar_conversions/include/lidar_conversions/lidar_conversions
[0.488s] -- Up-to-date: /home/robmoemac/M-LADIS-Jerry/ws_sensor_combined/install/lidar_conversions/include/lidar_conversions/lidar_conversions/srv
[0.488s] -- Up-to-date: /home/robmoemac/M-LADIS-Jerry/ws_sensor_combined/install/lidar_conversions/include/lidar_conversions/lidar_conversions/srv/detail
[0.488s] -- Up-to-date: /home/robmoemac/M-LADIS-Jerry/ws_sensor_combined/install/lidar_conversions/include/lidar_conversions/lidar_conversions/srv/detail/estim_params__rosidl_typesupport_introspection_cpp.hpp
[0.488s] -- Up-to-date: /home/robmoemac/M-LADIS-Jerry/ws_sensor_combined/install/lidar_conversions/include/lidar_conversions/lidar_conversions/srv/detail/estim_sense__type_support.cpp
[0.488s] -- Up-to-date: /home/robmoemac/M-LADIS-Jerry/ws_sensor_combined/install/lidar_conversions/include/lidar_conversions/lidar_conversions/srv/detail/estim_sense__rosidl_typesupport_introspection_cpp.hpp
[0.488s] -- Up-to-date: /home/robmoemac/M-LADIS-Jerry/ws_sensor_combined/install/lidar_conversions/include/lidar_conversions/lidar_conversions/srv/detail/estim_params__type_support.cpp
[0.488s] -- Up-to-date: /home/robmoemac/M-LADIS-Jerry/ws_sensor_combined/install/lidar_conversions/lib/liblidar_conversions__rosidl_typesupport_introspection_cpp.so
[0.488s] -- Up-to-date: /home/robmoemac/M-LADIS-Jerry/ws_sensor_combined/install/lidar_conversions/lib/liblidar_conversions__rosidl_typesupport_cpp.so
[0.488s] -- Up-to-date: /home/robmoemac/M-LADIS-Jerry/ws_sensor_combined/install/lidar_conversions/share/lidar_conversions/environment/pythonpath.sh
[0.488s] -- Up-to-date: /home/robmoemac/M-LADIS-Jerry/ws_sensor_combined/install/lidar_conversions/share/lidar_conversions/environment/pythonpath.dsv
[0.488s] -- Up-to-date: /home/robmoemac/M-LADIS-Jerry/ws_sensor_combined/install/lidar_conversions/local/lib/python3.10/dist-packages/lidar_conversions-2.1.0-py3.10.egg-info
[0.488s] -- Installing: /home/robmoemac/M-LADIS-Jerry/ws_sensor_combined/install/lidar_conversions/local/lib/python3.10/dist-packages/lidar_conversions-2.1.0-py3.10.egg-info/dependency_links.txt
[0.488s] -- Installing: /home/robmoemac/M-LADIS-Jerry/ws_sensor_combined/install/lidar_conversions/local/lib/python3.10/dist-packages/lidar_conversions-2.1.0-py3.10.egg-info/PKG-INFO
[0.488s] -- Installing: /home/robmoemac/M-LADIS-Jerry/ws_sensor_combined/install/lidar_conversions/local/lib/python3.10/dist-packages/lidar_conversions-2.1.0-py3.10.egg-info/top_level.txt
[0.488s] -- Installing: /home/robmoemac/M-LADIS-Jerry/ws_sensor_combined/install/lidar_conversions/local/lib/python3.10/dist-packages/lidar_conversions-2.1.0-py3.10.egg-info/SOURCES.txt
[0.488s] -- Up-to-date: /home/robmoemac/M-LADIS-Jerry/ws_sensor_combined/install/lidar_conversions/local/lib/python3.10/dist-packages/lidar_conversions
[0.488s] -- Up-to-date: /home/robmoemac/M-LADIS-Jerry/ws_sensor_combined/install/lidar_conversions/local/lib/python3.10/dist-packages/lidar_conversions/srv
[0.488s] -- Up-to-date: /home/robmoemac/M-LADIS-Jerry/ws_sensor_combined/install/lidar_conversions/local/lib/python3.10/dist-packages/lidar_conversions/srv/_estim_sense.py
[0.488s] -- Up-to-date: /home/robmoemac/M-LADIS-Jerry/ws_sensor_combined/install/lidar_conversions/local/lib/python3.10/dist-packages/lidar_conversions/srv/__init__.py
[0.489s] -- Up-to-date: /home/robmoemac/M-LADIS-Jerry/ws_sensor_combined/install/lidar_conversions/local/lib/python3.10/dist-packages/lidar_conversions/srv/_estim_sense_s.c
[0.489s] -- Up-to-date: /home/robmoemac/M-LADIS-Jerry/ws_sensor_combined/install/lidar_conversions/local/lib/python3.10/dist-packages/lidar_conversions/srv/_estim_params.py
[0.489s] -- Up-to-date: /home/robmoemac/M-LADIS-Jerry/ws_sensor_combined/install/lidar_conversions/local/lib/python3.10/dist-packages/lidar_conversions/srv/_estim_params_s.c
[0.489s] -- Up-to-date: /home/robmoemac/M-LADIS-Jerry/ws_sensor_combined/install/lidar_conversions/local/lib/python3.10/dist-packages/lidar_conversions/lidar_conversions_s__rosidl_typesupport_fastrtps_c.cpython-310-x86_64-linux-gnu.so
[0.489s] -- Up-to-date: /home/robmoemac/M-LADIS-Jerry/ws_sensor_combined/install/lidar_conversions/local/lib/python3.10/dist-packages/lidar_conversions/liblidar_conversions__rosidl_generator_py.so
[0.489s] -- Up-to-date: /home/robmoemac/M-LADIS-Jerry/ws_sensor_combined/install/lidar_conversions/local/lib/python3.10/dist-packages/lidar_conversions/__init__.py
[0.489s] -- Up-to-date: /home/robmoemac/M-LADIS-Jerry/ws_sensor_combined/install/lidar_conversions/local/lib/python3.10/dist-packages/lidar_conversions/lidar_conversions_s__rosidl_typesupport_introspection_c.cpython-310-x86_64-linux-gnu.so
[0.489s] -- Up-to-date: /home/robmoemac/M-LADIS-Jerry/ws_sensor_combined/install/lidar_conversions/local/lib/python3.10/dist-packages/lidar_conversions/_lidar_conversions_s.ep.rosidl_typesupport_fastrtps_c.c
[0.489s] -- Up-to-date: /home/robmoemac/M-LADIS-Jerry/ws_sensor_combined/install/lidar_conversions/local/lib/python3.10/dist-packages/lidar_conversions/lidar_conversions_s__rosidl_typesupport_c.cpython-310-x86_64-linux-gnu.so
[0.489s] -- Up-to-date: /home/robmoemac/M-LADIS-Jerry/ws_sensor_combined/install/lidar_conversions/local/lib/python3.10/dist-packages/lidar_conversions/_lidar_conversions_s.ep.rosidl_typesupport_c.c
[0.489s] -- Up-to-date: /home/robmoemac/M-LADIS-Jerry/ws_sensor_combined/install/lidar_conversions/local/lib/python3.10/dist-packages/lidar_conversions/_lidar_conversions_s.ep.rosidl_typesupport_introspection_c.c
[0.514s] Listing '/home/robmoemac/M-LADIS-Jerry/ws_sensor_combined/install/lidar_conversions/local/lib/python3.10/dist-packages/lidar_conversions'...
[0.514s] Listing '/home/robmoemac/M-LADIS-Jerry/ws_sensor_combined/install/lidar_conversions/local/lib/python3.10/dist-packages/lidar_conversions/srv'...
[0.518s] -- Up-to-date: /home/robmoemac/M-LADIS-Jerry/ws_sensor_combined/install/lidar_conversions/local/lib/python3.10/dist-packages/lidar_conversions/lidar_conversions_s__rosidl_typesupport_fastrtps_c.cpython-310-x86_64-linux-gnu.so
[0.518s] -- Up-to-date: /home/robmoemac/M-LADIS-Jerry/ws_sensor_combined/install/lidar_conversions/local/lib/python3.10/dist-packages/lidar_conversions/lidar_conversions_s__rosidl_typesupport_introspection_c.cpython-310-x86_64-linux-gnu.so
[0.518s] -- Up-to-date: /home/robmoemac/M-LADIS-Jerry/ws_sensor_combined/install/lidar_conversions/local/lib/python3.10/dist-packages/lidar_conversions/lidar_conversions_s__rosidl_typesupport_c.cpython-310-x86_64-linux-gnu.so
[0.518s] -- Up-to-date: /home/robmoemac/M-LADIS-Jerry/ws_sensor_combined/install/lidar_conversions/lib/liblidar_conversions__rosidl_generator_py.so
[0.518s] -- Up-to-date: /home/robmoemac/M-LADIS-Jerry/ws_sensor_combined/install/lidar_conversions/share/lidar_conversions/srv/EstimParams.idl
[0.518s] -- Up-to-date: /home/robmoemac/M-LADIS-Jerry/ws_sensor_combined/install/lidar_conversions/share/lidar_conversions/srv/EstimSense.idl
[0.518s] -- Up-to-date: /home/robmoemac/M-LADIS-Jerry/ws_sensor_combined/install/lidar_conversions/share/lidar_conversions/srv/EstimParams.srv
[0.518s] -- Up-to-date: /home/robmoemac/M-LADIS-Jerry/ws_sensor_combined/install/lidar_conversions/share/lidar_conversions/srv/EstimParams_Request.msg
[0.518s] -- Up-to-date: /home/robmoemac/M-LADIS-Jerry/ws_sensor_combined/install/lidar_conversions/share/lidar_conversions/srv/EstimParams_Response.msg
[0.518s] -- Up-to-date: /home/robmoemac/M-LADIS-Jerry/ws_sensor_combined/install/lidar_conversions/share/lidar_conversions/srv/EstimSense.srv
[0.518s] -- Up-to-date: /home/robmoemac/M-LADIS-Jerry/ws_sensor_combined/install/lidar_conversions/share/lidar_conversions/srv/EstimSense_Request.msg
[0.519s] -- Up-to-date: /home/robmoemac/M-LADIS-Jerry/ws_sensor_combined/install/lidar_conversions/share/lidar_conversions/srv/EstimSense_Response.msg
[0.519s] -- Up-to-date: /home/robmoemac/M-LADIS-Jerry/ws_sensor_combined/install/lidar_conversions/lib/lidar_conversions/velodyne_conversion_node
[0.519s] -- Up-to-date: /home/robmoemac/M-LADIS-Jerry/ws_sensor_combined/install/lidar_conversions/lib/lidar_conversions/ouster_conversion_node
[0.519s] -- Up-to-date: /home/robmoemac/M-LADIS-Jerry/ws_sensor_combined/install/lidar_conversions/lib/lidar_conversions/robosense_conversion_node
[0.519s] -- Up-to-date: /home/robmoemac/M-LADIS-Jerry/ws_sensor_combined/install/lidar_conversions/lib/lidar_conversions/livox_conversion_node
[0.519s] -- Up-to-date: /home/robmoemac/M-LADIS-Jerry/ws_sensor_combined/install/lidar_conversions/lib/lidar_conversions/hesai_conversion_node
[0.520s] -- Up-to-date: /home/robmoemac/M-LADIS-Jerry/ws_sensor_combined/install/lidar_conversions/lib/lidar_conversions/generic_conversion_node
[0.520s] -- Up-to-date: /home/robmoemac/M-LADIS-Jerry/ws_sensor_combined/install/lidar_conversions/share/lidar_conversions/params
[0.520s] -- Up-to-date: /home/robmoemac/M-LADIS-Jerry/ws_sensor_combined/install/lidar_conversions/share/lidar_conversions/params/conversion_config.yaml
[0.520s] -- Up-to-date: /home/robmoemac/M-LADIS-Jerry/ws_sensor_combined/install/lidar_conversions/share/ament_index/resource_index/package_run_dependencies/lidar_conversions
[0.520s] -- Up-to-date: /home/robmoemac/M-LADIS-Jerry/ws_sensor_combined/install/lidar_conversions/share/ament_index/resource_index/parent_prefix_path/lidar_conversions
[0.520s] -- Up-to-date: /home/robmoemac/M-LADIS-Jerry/ws_sensor_combined/install/lidar_conversions/share/lidar_conversions/environment/ament_prefix_path.sh
[0.520s] -- Up-to-date: /home/robmoemac/M-LADIS-Jerry/ws_sensor_combined/install/lidar_conversions/share/lidar_conversions/environment/ament_prefix_path.dsv
[0.520s] -- Up-to-date: /home/robmoemac/M-LADIS-Jerry/ws_sensor_combined/install/lidar_conversions/share/lidar_conversions/environment/path.sh
[0.520s] -- Up-to-date: /home/robmoemac/M-LADIS-Jerry/ws_sensor_combined/install/lidar_conversions/share/lidar_conversions/environment/path.dsv
[0.521s] -- Up-to-date: /home/robmoemac/M-LADIS-Jerry/ws_sensor_combined/install/lidar_conversions/share/lidar_conversions/local_setup.bash
[0.521s] -- Up-to-date: /home/robmoemac/M-LADIS-Jerry/ws_sensor_combined/install/lidar_conversions/share/lidar_conversions/local_setup.sh
[0.521s] -- Up-to-date: /home/robmoemac/M-LADIS-Jerry/ws_sensor_combined/install/lidar_conversions/share/lidar_conversions/local_setup.zsh
[0.521s] -- Up-to-date: /home/robmoemac/M-LADIS-Jerry/ws_sensor_combined/install/lidar_conversions/share/lidar_conversions/local_setup.dsv
[0.521s] -- Installing: /home/robmoemac/M-LADIS-Jerry/ws_sensor_combined/install/lidar_conversions/share/lidar_conversions/package.dsv
[0.521s] -- Up-to-date: /home/robmoemac/M-LADIS-Jerry/ws_sensor_combined/install/lidar_conversions/share/ament_index/resource_index/packages/lidar_conversions
[0.521s] -- Up-to-date: /home/robmoemac/M-LADIS-Jerry/ws_sensor_combined/install/lidar_conversions/share/lidar_conversions/cmake/export_lidar_conversions__rosidl_generator_cExport.cmake
[0.521s] -- Up-to-date: /home/robmoemac/M-LADIS-Jerry/ws_sensor_combined/install/lidar_conversions/share/lidar_conversions/cmake/export_lidar_conversions__rosidl_generator_cExport-release.cmake
[0.521s] -- Up-to-date: /home/robmoemac/M-LADIS-Jerry/ws_sensor_combined/install/lidar_conversions/share/lidar_conversions/cmake/export_lidar_conversions__rosidl_typesupport_fastrtps_cExport.cmake
[0.521s] -- Up-to-date: /home/robmoemac/M-LADIS-Jerry/ws_sensor_combined/install/lidar_conversions/share/lidar_conversions/cmake/export_lidar_conversions__rosidl_typesupport_fastrtps_cExport-release.cmake
[0.522s] -- Up-to-date: /home/robmoemac/M-LADIS-Jerry/ws_sensor_combined/install/lidar_conversions/share/lidar_conversions/cmake/lidar_conversions__rosidl_typesupport_introspection_cExport.cmake
[0.522s] -- Up-to-date: /home/robmoemac/M-LADIS-Jerry/ws_sensor_combined/install/lidar_conversions/share/lidar_conversions/cmake/lidar_conversions__rosidl_typesupport_introspection_cExport-release.cmake
[0.522s] -- Up-to-date: /home/robmoemac/M-LADIS-Jerry/ws_sensor_combined/install/lidar_conversions/share/lidar_conversions/cmake/lidar_conversions__rosidl_typesupport_cExport.cmake
[0.522s] -- Up-to-date: /home/robmoemac/M-LADIS-Jerry/ws_sensor_combined/install/lidar_conversions/share/lidar_conversions/cmake/lidar_conversions__rosidl_typesupport_cExport-release.cmake
[0.522s] -- Up-to-date: /home/robmoemac/M-LADIS-Jerry/ws_sensor_combined/install/lidar_conversions/share/lidar_conversions/cmake/export_lidar_conversions__rosidl_generator_cppExport.cmake
[0.522s] -- Up-to-date: /home/robmoemac/M-LADIS-Jerry/ws_sensor_combined/install/lidar_conversions/share/lidar_conversions/cmake/export_lidar_conversions__rosidl_typesupport_fastrtps_cppExport.cmake
[0.522s] -- Up-to-date: /home/robmoemac/M-LADIS-Jerry/ws_sensor_combined/install/lidar_conversions/share/lidar_conversions/cmake/export_lidar_conversions__rosidl_typesupport_fastrtps_cppExport-release.cmake
[0.522s] -- Up-to-date: /home/robmoemac/M-LADIS-Jerry/ws_sensor_combined/install/lidar_conversions/share/lidar_conversions/cmake/lidar_conversions__rosidl_typesupport_introspection_cppExport.cmake
[0.522s] -- Up-to-date: /home/robmoemac/M-LADIS-Jerry/ws_sensor_combined/install/lidar_conversions/share/lidar_conversions/cmake/lidar_conversions__rosidl_typesupport_introspection_cppExport-release.cmake
[0.522s] -- Up-to-date: /home/robmoemac/M-LADIS-Jerry/ws_sensor_combined/install/lidar_conversions/share/lidar_conversions/cmake/lidar_conversions__rosidl_typesupport_cppExport.cmake
[0.522s] -- Up-to-date: /home/robmoemac/M-LADIS-Jerry/ws_sensor_combined/install/lidar_conversions/share/lidar_conversions/cmake/lidar_conversions__rosidl_typesupport_cppExport-release.cmake
[0.522s] -- Up-to-date: /home/robmoemac/M-LADIS-Jerry/ws_sensor_combined/install/lidar_conversions/share/lidar_conversions/cmake/export_lidar_conversions__rosidl_generator_pyExport.cmake
[0.522s] -- Up-to-date: /home/robmoemac/M-LADIS-Jerry/ws_sensor_combined/install/lidar_conversions/share/lidar_conversions/cmake/export_lidar_conversions__rosidl_generator_pyExport-release.cmake
[0.523s] -- Up-to-date: /home/robmoemac/M-LADIS-Jerry/ws_sensor_combined/install/lidar_conversions/share/lidar_conversions/cmake/rosidl_cmake-extras.cmake
[0.523s] -- Up-to-date: /home/robmoemac/M-LADIS-Jerry/ws_sensor_combined/install/lidar_conversions/share/lidar_conversions/cmake/ament_cmake_export_dependencies-extras.cmake
[0.523s] -- Up-to-date: /home/robmoemac/M-LADIS-Jerry/ws_sensor_combined/install/lidar_conversions/share/lidar_conversions/cmake/ament_cmake_export_include_directories-extras.cmake
[0.524s] -- Up-to-date: /home/robmoemac/M-LADIS-Jerry/ws_sensor_combined/install/lidar_conversions/share/lidar_conversions/cmake/ament_cmake_export_libraries-extras.cmake
[0.524s] -- Up-to-date: /home/robmoemac/M-LADIS-Jerry/ws_sensor_combined/install/lidar_conversions/share/lidar_conversions/cmake/ament_cmake_export_targets-extras.cmake
[0.524s] -- Up-to-date: /home/robmoemac/M-LADIS-Jerry/ws_sensor_combined/install/lidar_conversions/share/lidar_conversions/cmake/rosidl_cmake_export_typesupport_targets-extras.cmake
[0.524s] -- Up-to-date: /home/robmoemac/M-LADIS-Jerry/ws_sensor_combined/install/lidar_conversions/share/lidar_conversions/cmake/rosidl_cmake_export_typesupport_libraries-extras.cmake
[0.524s] -- Up-to-date: /home/robmoemac/M-LADIS-Jerry/ws_sensor_combined/install/lidar_conversions/share/lidar_conversions/cmake/lidar_conversionsConfig.cmake
[0.524s] -- Up-to-date: /home/robmoemac/M-LADIS-Jerry/ws_sensor_combined/install/lidar_conversions/share/lidar_conversions/cmake/lidar_conversionsConfig-version.cmake
[0.525s] -- Up-to-date: /home/robmoemac/M-LADIS-Jerry/ws_sensor_combined/install/lidar_conversions/share/lidar_conversions/package.xml
[0.525s] Invoked command in '/home/robmoemac/M-LADIS-Jerry/ws_sensor_combined/build/lidar_conversions' returned '0': AMENT_PREFIX_PATH=/home/robmoemac/M-LADIS-Jerry/ws_sensor_combined/install/livox_ros_driver:${AMENT_PREFIX_PATH} CMAKE_PREFIX_PATH=/home/robmoemac/M-LADIS-Jerry/ws_sensor_combined/install/livox_ros_driver:/home/robmoemac/M-LADIS-Jerry/ws_sensor_combined/install/px4_ros_com:/home/robmoemac/M-LADIS-Jerry/ws_sensor_combined/install/px4_msgs:/home/robmoemac/M-LADIS-Jerry/ws_sensor_combined/install/nearest_poster_yaw:/home/robmoemac/M-LADIS-Jerry/ws_sensor_combined/install/localization:/home/robmoemac/M-LADIS-Jerry/ws_sensor_combined/install/classifier:/opt/ros/humble LD_LIBRARY_PATH=/home/robmoemac/M-LADIS-Jerry/ws_sensor_combined/install/livox_ros_driver/lib:${LD_LIBRARY_PATH} PYTHONPATH=/home/robmoemac/M-LADIS-Jerry/ws_sensor_combined/install/livox_ros_driver/local/lib/python3.10/dist-packages:${PYTHONPATH} /usr/bin/cmake --install /home/robmoemac/M-LADIS-Jerry/ws_sensor_combined/build/lidar_conversions
