[0.104s] DEBUG:colcon:Command line arguments: ['/usr/bin/colcon', 'build', '--packages-ignore', 'mapping']
[0.104s] DEBUG:colcon:Parsed command line arguments: Namespace(log_base=None, log_level=None, verb_name='build', build_base='build', install_base='install', merge_install=False, symlink_install=False, test_result_base=None, continue_on_error=False, executor='parallel', parallel_workers=8, event_handlers=None, ignore_user_meta=False, metas=['./colcon.meta'], base_paths=['.'], packages_ignore=['mapping'], packages_ignore_regex=None, paths=None, packages_up_to=None, packages_up_to_regex=None, packages_above=None, packages_above_and_dependencies=None, packages_above_depth=None, packages_select_by_dep=None, packages_skip_by_dep=None, packages_skip_up_to=None, packages_select_build_failed=False, packages_skip_build_finished=False, packages_select_test_failures=False, packages_skip_test_passed=False, packages_select=None, packages_skip=None, packages_select_regex=None, packages_skip_regex=None, packages_start=None, packages_end=None, allow_overriding=[], cmake_args=None, cmake_target=None, cmake_target_skip_unavailable=False, cmake_clean_cache=False, cmake_clean_first=False, cmake_force_configure=False, ament_cmake_args=None, catkin_cmake_args=None, catkin_skip_building_tests=False, verb_parser=<colcon_defaults.argument_parser.defaults.DefaultArgumentsDecorator object at 0x7311ce8b1690>, verb_extension=<colcon_core.verb.build.BuildVerb object at 0x7311ce8b05b0>, main=<bound method BuildVerb.main of <colcon_core.verb.build.BuildVerb object at 0x7311ce8b05b0>>)
[0.144s] Level 1:colcon.colcon_core.package_discovery:discover_packages(colcon_meta) check parameters
[0.144s] Level 1:colcon.colcon_core.package_discovery:discover_packages(recursive) check parameters
[0.144s] Level 1:colcon.colcon_core.package_discovery:discover_packages(ignore) check parameters
[0.144s] Level 1:colcon.colcon_core.package_discovery:discover_packages(path) check parameters
[0.144s] Level 1:colcon.colcon_core.package_discovery:discover_packages(colcon_meta) discover
[0.144s] Level 1:colcon.colcon_core.package_discovery:discover_packages(recursive) discover
[0.144s] INFO:colcon.colcon_core.package_discovery:Crawling recursively for packages in '/home/robmoemac/M-LADIS-Jerry/ws_sensor_combined'
[0.144s] Level 1:colcon.colcon_core.package_identification:_identify(.) by extensions ['ignore', 'ignore_ament_install']
[0.145s] Level 1:colcon.colcon_core.package_identification:_identify(.) by extension 'ignore'
[0.145s] Level 1:colcon.colcon_core.package_identification:_identify(.) by extension 'ignore_ament_install'
[0.145s] Level 1:colcon.colcon_core.package_identification:_identify(.) by extensions ['colcon_pkg']
[0.145s] Level 1:colcon.colcon_core.package_identification:_identify(.) by extension 'colcon_pkg'
[0.145s] Level 1:colcon.colcon_core.package_identification:_identify(.) by extensions ['colcon_meta']
[0.145s] Level 1:colcon.colcon_core.package_identification:_identify(.) by extension 'colcon_meta'
[0.145s] Level 1:colcon.colcon_core.package_identification:_identify(.) by extensions ['ros']
[0.145s] Level 1:colcon.colcon_core.package_identification:_identify(.) by extension 'ros'
[0.161s] Level 1:colcon.colcon_core.package_identification:_identify(.) by extensions ['cmake', 'python']
[0.161s] Level 1:colcon.colcon_core.package_identification:_identify(.) by extension 'cmake'
[0.161s] Level 1:colcon.colcon_core.package_identification:_identify(.) by extension 'python'
[0.161s] Level 1:colcon.colcon_core.package_identification:_identify(.) by extensions ['python_setup_py']
[0.161s] Level 1:colcon.colcon_core.package_identification:_identify(.) by extension 'python_setup_py'
[0.161s] Level 1:colcon.colcon_core.package_identification:_identify(build) by extensions ['ignore', 'ignore_ament_install']
[0.161s] Level 1:colcon.colcon_core.package_identification:_identify(build) by extension 'ignore'
[0.161s] Level 1:colcon.colcon_core.package_identification:_identify(build) ignored
[0.161s] Level 1:colcon.colcon_core.package_identification:_identify(install) by extensions ['ignore', 'ignore_ament_install']
[0.162s] Level 1:colcon.colcon_core.package_identification:_identify(install) by extension 'ignore'
[0.162s] Level 1:colcon.colcon_core.package_identification:_identify(install) ignored
[0.162s] Level 1:colcon.colcon_core.package_identification:_identify(log) by extensions ['ignore', 'ignore_ament_install']
[0.162s] Level 1:colcon.colcon_core.package_identification:_identify(log) by extension 'ignore'
[0.162s] Level 1:colcon.colcon_core.package_identification:_identify(log) ignored
[0.162s] Level 1:colcon.colcon_core.package_identification:_identify(src) by extensions ['ignore', 'ignore_ament_install']
[0.162s] Level 1:colcon.colcon_core.package_identification:_identify(src) by extension 'ignore'
[0.162s] Level 1:colcon.colcon_core.package_identification:_identify(src) by extension 'ignore_ament_install'
[0.162s] Level 1:colcon.colcon_core.package_identification:_identify(src) by extensions ['colcon_pkg']
[0.162s] Level 1:colcon.colcon_core.package_identification:_identify(src) by extension 'colcon_pkg'
[0.162s] Level 1:colcon.colcon_core.package_identification:_identify(src) by extensions ['colcon_meta']
[0.162s] Level 1:colcon.colcon_core.package_identification:_identify(src) by extension 'colcon_meta'
[0.162s] Level 1:colcon.colcon_core.package_identification:_identify(src) by extensions ['ros']
[0.162s] Level 1:colcon.colcon_core.package_identification:_identify(src) by extension 'ros'
[0.162s] Level 1:colcon.colcon_core.package_identification:_identify(src) by extensions ['cmake', 'python']
[0.162s] Level 1:colcon.colcon_core.package_identification:_identify(src) by extension 'cmake'
[0.162s] Level 1:colcon.colcon_core.package_identification:_identify(src) by extension 'python'
[0.162s] Level 1:colcon.colcon_core.package_identification:_identify(src) by extensions ['python_setup_py']
[0.163s] Level 1:colcon.colcon_core.package_identification:_identify(src) by extension 'python_setup_py'
[0.163s] Level 1:colcon.colcon_core.package_identification:_identify(src/classifier) by extensions ['ignore', 'ignore_ament_install']
[0.163s] Level 1:colcon.colcon_core.package_identification:_identify(src/classifier) by extension 'ignore'
[0.163s] Level 1:colcon.colcon_core.package_identification:_identify(src/classifier) by extension 'ignore_ament_install'
[0.163s] Level 1:colcon.colcon_core.package_identification:_identify(src/classifier) by extensions ['colcon_pkg']
[0.163s] Level 1:colcon.colcon_core.package_identification:_identify(src/classifier) by extension 'colcon_pkg'
[0.163s] Level 1:colcon.colcon_core.package_identification:_identify(src/classifier) by extensions ['colcon_meta']
[0.163s] Level 1:colcon.colcon_core.package_identification:_identify(src/classifier) by extension 'colcon_meta'
[0.163s] Level 1:colcon.colcon_core.package_identification:_identify(src/classifier) by extensions ['ros']
[0.163s] Level 1:colcon.colcon_core.package_identification:_identify(src/classifier) by extension 'ros'
[0.166s] DEBUG:colcon.colcon_core.package_identification:Package 'src/classifier' with type 'ros.ament_cmake' and name 'classifier'
[0.166s] Level 1:colcon.colcon_core.package_identification:_identify(src/localization) by extensions ['ignore', 'ignore_ament_install']
[0.166s] Level 1:colcon.colcon_core.package_identification:_identify(src/localization) by extension 'ignore'
[0.166s] Level 1:colcon.colcon_core.package_identification:_identify(src/localization) by extension 'ignore_ament_install'
[0.166s] Level 1:colcon.colcon_core.package_identification:_identify(src/localization) by extensions ['colcon_pkg']
[0.166s] Level 1:colcon.colcon_core.package_identification:_identify(src/localization) by extension 'colcon_pkg'
[0.166s] Level 1:colcon.colcon_core.package_identification:_identify(src/localization) by extensions ['colcon_meta']
[0.166s] Level 1:colcon.colcon_core.package_identification:_identify(src/localization) by extension 'colcon_meta'
[0.166s] Level 1:colcon.colcon_core.package_identification:_identify(src/localization) by extensions ['ros']
[0.166s] Level 1:colcon.colcon_core.package_identification:_identify(src/localization) by extension 'ros'
[0.167s] DEBUG:colcon.colcon_core.package_identification:Package 'src/localization' with type 'ros.ament_cmake' and name 'localization'
[0.167s] Level 1:colcon.colcon_core.package_identification:_identify(src/mapping) by extensions ['ignore', 'ignore_ament_install']
[0.167s] Level 1:colcon.colcon_core.package_identification:_identify(src/mapping) by extension 'ignore'
[0.167s] Level 1:colcon.colcon_core.package_identification:_identify(src/mapping) by extension 'ignore_ament_install'
[0.168s] Level 1:colcon.colcon_core.package_identification:_identify(src/mapping) by extensions ['colcon_pkg']
[0.168s] Level 1:colcon.colcon_core.package_identification:_identify(src/mapping) by extension 'colcon_pkg'
[0.168s] Level 1:colcon.colcon_core.package_identification:_identify(src/mapping) by extensions ['colcon_meta']
[0.168s] Level 1:colcon.colcon_core.package_identification:_identify(src/mapping) by extension 'colcon_meta'
[0.168s] Level 1:colcon.colcon_core.package_identification:_identify(src/mapping) by extensions ['ros']
[0.168s] Level 1:colcon.colcon_core.package_identification:_identify(src/mapping) by extension 'ros'
[0.168s] DEBUG:colcon.colcon_core.package_identification:Package 'src/mapping' with type 'ros.ament_cmake' and name 'mapping'
[0.168s] Level 1:colcon.colcon_core.package_identification:_identify(src/nearest_poster_yaw) by extensions ['ignore', 'ignore_ament_install']
[0.169s] Level 1:colcon.colcon_core.package_identification:_identify(src/nearest_poster_yaw) by extension 'ignore'
[0.169s] Level 1:colcon.colcon_core.package_identification:_identify(src/nearest_poster_yaw) by extension 'ignore_ament_install'
[0.169s] Level 1:colcon.colcon_core.package_identification:_identify(src/nearest_poster_yaw) by extensions ['colcon_pkg']
[0.169s] Level 1:colcon.colcon_core.package_identification:_identify(src/nearest_poster_yaw) by extension 'colcon_pkg'
[0.169s] Level 1:colcon.colcon_core.package_identification:_identify(src/nearest_poster_yaw) by extensions ['colcon_meta']
[0.169s] Level 1:colcon.colcon_core.package_identification:_identify(src/nearest_poster_yaw) by extension 'colcon_meta'
[0.169s] Level 1:colcon.colcon_core.package_identification:_identify(src/nearest_poster_yaw) by extensions ['ros']
[0.169s] Level 1:colcon.colcon_core.package_identification:_identify(src/nearest_poster_yaw) by extension 'ros'
[0.169s] DEBUG:colcon.colcon_core.package_identification:Package 'src/nearest_poster_yaw' with type 'ros.ament_cmake' and name 'nearest_poster_yaw'
[0.169s] Level 1:colcon.colcon_core.package_identification:_identify(src/px4_msgs) by extensions ['ignore', 'ignore_ament_install']
[0.169s] Level 1:colcon.colcon_core.package_identification:_identify(src/px4_msgs) by extension 'ignore'
[0.170s] Level 1:colcon.colcon_core.package_identification:_identify(src/px4_msgs) by extension 'ignore_ament_install'
[0.170s] Level 1:colcon.colcon_core.package_identification:_identify(src/px4_msgs) by extensions ['colcon_pkg']
[0.170s] Level 1:colcon.colcon_core.package_identification:_identify(src/px4_msgs) by extension 'colcon_pkg'
[0.170s] Level 1:colcon.colcon_core.package_identification:_identify(src/px4_msgs) by extensions ['colcon_meta']
[0.170s] Level 1:colcon.colcon_core.package_identification:_identify(src/px4_msgs) by extension 'colcon_meta'
[0.170s] Level 1:colcon.colcon_core.package_identification:_identify(src/px4_msgs) by extensions ['ros']
[0.170s] Level 1:colcon.colcon_core.package_identification:_identify(src/px4_msgs) by extension 'ros'
[0.170s] DEBUG:colcon.colcon_core.package_identification:Package 'src/px4_msgs' with type 'ros.ament_cmake' and name 'px4_msgs'
[0.171s] Level 1:colcon.colcon_core.package_identification:_identify(src/px4_ros_com) by extensions ['ignore', 'ignore_ament_install']
[0.171s] Level 1:colcon.colcon_core.package_identification:_identify(src/px4_ros_com) by extension 'ignore'
[0.171s] Level 1:colcon.colcon_core.package_identification:_identify(src/px4_ros_com) by extension 'ignore_ament_install'
[0.171s] Level 1:colcon.colcon_core.package_identification:_identify(src/px4_ros_com) by extensions ['colcon_pkg']
[0.171s] Level 1:colcon.colcon_core.package_identification:_identify(src/px4_ros_com) by extension 'colcon_pkg'
[0.171s] Level 1:colcon.colcon_core.package_identification:_identify(src/px4_ros_com) by extensions ['colcon_meta']
[0.171s] Level 1:colcon.colcon_core.package_identification:_identify(src/px4_ros_com) by extension 'colcon_meta'
[0.171s] Level 1:colcon.colcon_core.package_identification:_identify(src/px4_ros_com) by extensions ['ros']
[0.171s] Level 1:colcon.colcon_core.package_identification:_identify(src/px4_ros_com) by extension 'ros'
[0.172s] DEBUG:colcon.colcon_core.package_identification:Package 'src/px4_ros_com' with type 'ros.ament_cmake' and name 'px4_ros_com'
[0.172s] Level 1:colcon.colcon_core.package_discovery:discover_packages(recursive) using defaults
[0.172s] Level 1:colcon.colcon_core.package_discovery:discover_packages(ignore) discover
[0.172s] Level 1:colcon.colcon_core.package_discovery:discover_packages(ignore) using defaults
[0.172s] Level 1:colcon.colcon_core.package_discovery:discover_packages(path) discover
[0.172s] Level 1:colcon.colcon_core.package_discovery:discover_packages(path) using defaults
[0.195s] Level 1:colcon.colcon_core.package_discovery:discover_packages(prefix_path) check parameters
[0.195s] Level 1:colcon.colcon_core.package_discovery:discover_packages(prefix_path) discover
[0.197s] DEBUG:colcon.colcon_installed_package_information.package_discovery:Found 5 installed packages in /home/robmoemac/M-LADIS-Jerry/ws_sensor_combined/install
[0.198s] DEBUG:colcon.colcon_installed_package_information.package_discovery:Found 291 installed packages in /opt/ros/humble
[0.199s] Level 1:colcon.colcon_core.package_discovery:discover_packages(prefix_path) using defaults
[0.239s] Level 5:colcon.colcon_core.verb:set package 'classifier' build argument 'cmake_args' from command line to 'None'
[0.239s] Level 5:colcon.colcon_core.verb:set package 'classifier' build argument 'cmake_target' from command line to 'None'
[0.239s] Level 5:colcon.colcon_core.verb:set package 'classifier' build argument 'cmake_target_skip_unavailable' from command line to 'False'
[0.239s] Level 5:colcon.colcon_core.verb:set package 'classifier' build argument 'cmake_clean_cache' from command line to 'False'
[0.239s] Level 5:colcon.colcon_core.verb:set package 'classifier' build argument 'cmake_clean_first' from command line to 'False'
[0.239s] Level 5:colcon.colcon_core.verb:set package 'classifier' build argument 'cmake_force_configure' from command line to 'False'
[0.239s] Level 5:colcon.colcon_core.verb:set package 'classifier' build argument 'ament_cmake_args' from command line to 'None'
[0.239s] Level 5:colcon.colcon_core.verb:set package 'classifier' build argument 'catkin_cmake_args' from command line to 'None'
[0.239s] Level 5:colcon.colcon_core.verb:set package 'classifier' build argument 'catkin_skip_building_tests' from command line to 'False'
[0.239s] DEBUG:colcon.colcon_core.verb:Building package 'classifier' with the following arguments: {'ament_cmake_args': None, 'build_base': '/home/robmoemac/M-LADIS-Jerry/ws_sensor_combined/build/classifier', 'catkin_cmake_args': None, 'catkin_skip_building_tests': False, 'cmake_args': None, 'cmake_clean_cache': False, 'cmake_clean_first': False, 'cmake_force_configure': False, 'cmake_target': None, 'cmake_target_skip_unavailable': False, 'install_base': '/home/robmoemac/M-LADIS-Jerry/ws_sensor_combined/install/classifier', 'merge_install': False, 'path': '/home/robmoemac/M-LADIS-Jerry/ws_sensor_combined/src/classifier', 'symlink_install': False, 'test_result_base': None}
[0.239s] Level 5:colcon.colcon_core.verb:set package 'localization' build argument 'cmake_args' from command line to 'None'
[0.240s] Level 5:colcon.colcon_core.verb:set package 'localization' build argument 'cmake_target' from command line to 'None'
[0.240s] Level 5:colcon.colcon_core.verb:set package 'localization' build argument 'cmake_target_skip_unavailable' from command line to 'False'
[0.240s] Level 5:colcon.colcon_core.verb:set package 'localization' build argument 'cmake_clean_cache' from command line to 'False'
[0.240s] Level 5:colcon.colcon_core.verb:set package 'localization' build argument 'cmake_clean_first' from command line to 'False'
[0.240s] Level 5:colcon.colcon_core.verb:set package 'localization' build argument 'cmake_force_configure' from command line to 'False'
[0.240s] Level 5:colcon.colcon_core.verb:set package 'localization' build argument 'ament_cmake_args' from command line to 'None'
[0.240s] Level 5:colcon.colcon_core.verb:set package 'localization' build argument 'catkin_cmake_args' from command line to 'None'
[0.240s] Level 5:colcon.colcon_core.verb:set package 'localization' build argument 'catkin_skip_building_tests' from command line to 'False'
[0.240s] DEBUG:colcon.colcon_core.verb:Building package 'localization' with the following arguments: {'ament_cmake_args': None, 'build_base': '/home/robmoemac/M-LADIS-Jerry/ws_sensor_combined/build/localization', 'catkin_cmake_args': None, 'catkin_skip_building_tests': False, 'cmake_args': None, 'cmake_clean_cache': False, 'cmake_clean_first': False, 'cmake_force_configure': False, 'cmake_target': None, 'cmake_target_skip_unavailable': False, 'install_base': '/home/robmoemac/M-LADIS-Jerry/ws_sensor_combined/install/localization', 'merge_install': False, 'path': '/home/robmoemac/M-LADIS-Jerry/ws_sensor_combined/src/localization', 'symlink_install': False, 'test_result_base': None}
[0.240s] Level 5:colcon.colcon_core.verb:set package 'nearest_poster_yaw' build argument 'cmake_args' from command line to 'None'
[0.240s] Level 5:colcon.colcon_core.verb:set package 'nearest_poster_yaw' build argument 'cmake_target' from command line to 'None'
[0.240s] Level 5:colcon.colcon_core.verb:set package 'nearest_poster_yaw' build argument 'cmake_target_skip_unavailable' from command line to 'False'
[0.240s] Level 5:colcon.colcon_core.verb:set package 'nearest_poster_yaw' build argument 'cmake_clean_cache' from command line to 'False'
[0.240s] Level 5:colcon.colcon_core.verb:set package 'nearest_poster_yaw' build argument 'cmake_clean_first' from command line to 'False'
[0.240s] Level 5:colcon.colcon_core.verb:set package 'nearest_poster_yaw' build argument 'cmake_force_configure' from command line to 'False'
[0.240s] Level 5:colcon.colcon_core.verb:set package 'nearest_poster_yaw' build argument 'ament_cmake_args' from command line to 'None'
[0.240s] Level 5:colcon.colcon_core.verb:set package 'nearest_poster_yaw' build argument 'catkin_cmake_args' from command line to 'None'
[0.240s] Level 5:colcon.colcon_core.verb:set package 'nearest_poster_yaw' build argument 'catkin_skip_building_tests' from command line to 'False'
[0.240s] DEBUG:colcon.colcon_core.verb:Building package 'nearest_poster_yaw' with the following arguments: {'ament_cmake_args': None, 'build_base': '/home/robmoemac/M-LADIS-Jerry/ws_sensor_combined/build/nearest_poster_yaw', 'catkin_cmake_args': None, 'catkin_skip_building_tests': False, 'cmake_args': None, 'cmake_clean_cache': False, 'cmake_clean_first': False, 'cmake_force_configure': False, 'cmake_target': None, 'cmake_target_skip_unavailable': False, 'install_base': '/home/robmoemac/M-LADIS-Jerry/ws_sensor_combined/install/nearest_poster_yaw', 'merge_install': False, 'path': '/home/robmoemac/M-LADIS-Jerry/ws_sensor_combined/src/nearest_poster_yaw', 'symlink_install': False, 'test_result_base': None}
[0.241s] Level 5:colcon.colcon_core.verb:set package 'px4_msgs' build argument 'cmake_args' from command line to 'None'
[0.241s] Level 5:colcon.colcon_core.verb:set package 'px4_msgs' build argument 'cmake_target' from command line to 'None'
[0.241s] Level 5:colcon.colcon_core.verb:set package 'px4_msgs' build argument 'cmake_target_skip_unavailable' from command line to 'False'
[0.241s] Level 5:colcon.colcon_core.verb:set package 'px4_msgs' build argument 'cmake_clean_cache' from command line to 'False'
[0.241s] Level 5:colcon.colcon_core.verb:set package 'px4_msgs' build argument 'cmake_clean_first' from command line to 'False'
[0.241s] Level 5:colcon.colcon_core.verb:set package 'px4_msgs' build argument 'cmake_force_configure' from command line to 'False'
[0.241s] Level 5:colcon.colcon_core.verb:set package 'px4_msgs' build argument 'ament_cmake_args' from command line to 'None'
[0.241s] Level 5:colcon.colcon_core.verb:set package 'px4_msgs' build argument 'catkin_cmake_args' from command line to 'None'
[0.241s] Level 5:colcon.colcon_core.verb:set package 'px4_msgs' build argument 'catkin_skip_building_tests' from command line to 'False'
[0.241s] DEBUG:colcon.colcon_core.verb:Building package 'px4_msgs' with the following arguments: {'ament_cmake_args': None, 'build_base': '/home/robmoemac/M-LADIS-Jerry/ws_sensor_combined/build/px4_msgs', 'catkin_cmake_args': None, 'catkin_skip_building_tests': False, 'cmake_args': None, 'cmake_clean_cache': False, 'cmake_clean_first': False, 'cmake_force_configure': False, 'cmake_target': None, 'cmake_target_skip_unavailable': False, 'install_base': '/home/robmoemac/M-LADIS-Jerry/ws_sensor_combined/install/px4_msgs', 'merge_install': False, 'path': '/home/robmoemac/M-LADIS-Jerry/ws_sensor_combined/src/px4_msgs', 'symlink_install': False, 'test_result_base': None}
[0.241s] Level 5:colcon.colcon_core.verb:set package 'px4_ros_com' build argument 'cmake_args' from command line to 'None'
[0.241s] Level 5:colcon.colcon_core.verb:set package 'px4_ros_com' build argument 'cmake_target' from command line to 'None'
[0.241s] Level 5:colcon.colcon_core.verb:set package 'px4_ros_com' build argument 'cmake_target_skip_unavailable' from command line to 'False'
[0.241s] Level 5:colcon.colcon_core.verb:set package 'px4_ros_com' build argument 'cmake_clean_cache' from command line to 'False'
[0.241s] Level 5:colcon.colcon_core.verb:set package 'px4_ros_com' build argument 'cmake_clean_first' from command line to 'False'
[0.241s] Level 5:colcon.colcon_core.verb:set package 'px4_ros_com' build argument 'cmake_force_configure' from command line to 'False'
[0.241s] Level 5:colcon.colcon_core.verb:set package 'px4_ros_com' build argument 'ament_cmake_args' from command line to 'None'
[0.241s] Level 5:colcon.colcon_core.verb:set package 'px4_ros_com' build argument 'catkin_cmake_args' from command line to 'None'
[0.241s] Level 5:colcon.colcon_core.verb:set package 'px4_ros_com' build argument 'catkin_skip_building_tests' from command line to 'False'
[0.242s] DEBUG:colcon.colcon_core.verb:Building package 'px4_ros_com' with the following arguments: {'ament_cmake_args': None, 'build_base': '/home/robmoemac/M-LADIS-Jerry/ws_sensor_combined/build/px4_ros_com', 'catkin_cmake_args': None, 'catkin_skip_building_tests': False, 'cmake_args': None, 'cmake_clean_cache': False, 'cmake_clean_first': False, 'cmake_force_configure': False, 'cmake_target': None, 'cmake_target_skip_unavailable': False, 'install_base': '/home/robmoemac/M-LADIS-Jerry/ws_sensor_combined/install/px4_ros_com', 'merge_install': False, 'path': '/home/robmoemac/M-LADIS-Jerry/ws_sensor_combined/src/px4_ros_com', 'symlink_install': False, 'test_result_base': None}
[0.242s] INFO:colcon.colcon_core.executor:Executing jobs using 'parallel' executor
[0.243s] DEBUG:colcon.colcon_parallel_executor.executor.parallel:run_until_complete
[0.243s] INFO:colcon.colcon_ros.task.ament_cmake.build:Building ROS package in '/home/robmoemac/M-LADIS-Jerry/ws_sensor_combined/src/px4_msgs' with build type 'ament_cmake'
[0.243s] INFO:colcon.colcon_cmake.task.cmake.build:Building CMake package in '/home/robmoemac/M-LADIS-Jerry/ws_sensor_combined/src/px4_msgs'
[0.245s] INFO:colcon.colcon_core.plugin_system:Skipping extension 'colcon_core.shell.bat': Not used on non-Windows systems
[0.245s] INFO:colcon.colcon_core.shell:Skip shell extension 'powershell' for command environment: Not usable outside of PowerShell
[0.245s] DEBUG:colcon.colcon_core.shell:Skip shell extension 'dsv' for command environment
[0.252s] INFO:colcon.colcon_ros.task.ament_cmake.build:Building ROS package in '/home/robmoemac/M-LADIS-Jerry/ws_sensor_combined/src/classifier' with build type 'ament_cmake'
[0.252s] INFO:colcon.colcon_cmake.task.cmake.build:Building CMake package in '/home/robmoemac/M-LADIS-Jerry/ws_sensor_combined/src/classifier'
[0.252s] INFO:colcon.colcon_core.shell:Skip shell extension 'powershell' for command environment: Not usable outside of PowerShell
[0.252s] DEBUG:colcon.colcon_core.shell:Skip shell extension 'dsv' for command environment
[0.259s] INFO:colcon.colcon_ros.task.ament_cmake.build:Building ROS package in '/home/robmoemac/M-LADIS-Jerry/ws_sensor_combined/src/localization' with build type 'ament_cmake'
[0.259s] INFO:colcon.colcon_cmake.task.cmake.build:Building CMake package in '/home/robmoemac/M-LADIS-Jerry/ws_sensor_combined/src/localization'
[0.259s] INFO:colcon.colcon_core.shell:Skip shell extension 'powershell' for command environment: Not usable outside of PowerShell
[0.260s] DEBUG:colcon.colcon_core.shell:Skip shell extension 'dsv' for command environment
[0.266s] INFO:colcon.colcon_ros.task.ament_cmake.build:Building ROS package in '/home/robmoemac/M-LADIS-Jerry/ws_sensor_combined/src/nearest_poster_yaw' with build type 'ament_cmake'
[0.266s] INFO:colcon.colcon_cmake.task.cmake.build:Building CMake package in '/home/robmoemac/M-LADIS-Jerry/ws_sensor_combined/src/nearest_poster_yaw'
[0.266s] INFO:colcon.colcon_core.shell:Skip shell extension 'powershell' for command environment: Not usable outside of PowerShell
[0.266s] DEBUG:colcon.colcon_core.shell:Skip shell extension 'dsv' for command environment
[0.285s] DEBUG:colcon.colcon_core.event_handler.log_command:Invoking command in '/home/robmoemac/M-LADIS-Jerry/ws_sensor_combined/build/px4_msgs': CMAKE_PREFIX_PATH=${CMAKE_PREFIX_PATH}:/opt/ros/humble /usr/bin/cmake --build /home/robmoemac/M-LADIS-Jerry/ws_sensor_combined/build/px4_msgs -- -j8 -l8
[0.294s] DEBUG:colcon.colcon_core.event_handler.log_command:Invoking command in '/home/robmoemac/M-LADIS-Jerry/ws_sensor_combined/build/classifier': CMAKE_PREFIX_PATH=${CMAKE_PREFIX_PATH}:/opt/ros/humble /usr/bin/cmake --build /home/robmoemac/M-LADIS-Jerry/ws_sensor_combined/build/classifier -- -j8 -l8
[0.306s] DEBUG:colcon.colcon_core.event_handler.log_command:Invoking command in '/home/robmoemac/M-LADIS-Jerry/ws_sensor_combined/build/localization': CMAKE_PREFIX_PATH=${CMAKE_PREFIX_PATH}:/opt/ros/humble /usr/bin/cmake --build /home/robmoemac/M-LADIS-Jerry/ws_sensor_combined/build/localization -- -j8 -l8
[0.312s] DEBUG:colcon.colcon_core.event_handler.log_command:Invoking command in '/home/robmoemac/M-LADIS-Jerry/ws_sensor_combined/build/nearest_poster_yaw': CMAKE_PREFIX_PATH=${CMAKE_PREFIX_PATH}:/opt/ros/humble /usr/bin/cmake --build /home/robmoemac/M-LADIS-Jerry/ws_sensor_combined/build/nearest_poster_yaw -- -j8 -l8
[0.388s] DEBUG:colcon.colcon_core.event_handler.log_command:Invoked command in '/home/robmoemac/M-LADIS-Jerry/ws_sensor_combined/build/classifier' returned '0': CMAKE_PREFIX_PATH=${CMAKE_PREFIX_PATH}:/opt/ros/humble /usr/bin/cmake --build /home/robmoemac/M-LADIS-Jerry/ws_sensor_combined/build/classifier -- -j8 -l8
[0.424s] DEBUG:colcon.colcon_core.event_handler.log_command:Invoked command in '/home/robmoemac/M-LADIS-Jerry/ws_sensor_combined/build/localization' returned '0': CMAKE_PREFIX_PATH=${CMAKE_PREFIX_PATH}:/opt/ros/humble /usr/bin/cmake --build /home/robmoemac/M-LADIS-Jerry/ws_sensor_combined/build/localization -- -j8 -l8
[0.453s] DEBUG:colcon.colcon_core.event_handler.log_command:Invoking command in '/home/robmoemac/M-LADIS-Jerry/ws_sensor_combined/build/classifier': CMAKE_PREFIX_PATH=${CMAKE_PREFIX_PATH}:/opt/ros/humble /usr/bin/cmake --install /home/robmoemac/M-LADIS-Jerry/ws_sensor_combined/build/classifier
[0.456s] DEBUG:colcon.colcon_core.event_handler.log_command:Invoked command in '/home/robmoemac/M-LADIS-Jerry/ws_sensor_combined/build/nearest_poster_yaw' returned '0': CMAKE_PREFIX_PATH=${CMAKE_PREFIX_PATH}:/opt/ros/humble /usr/bin/cmake --build /home/robmoemac/M-LADIS-Jerry/ws_sensor_combined/build/nearest_poster_yaw -- -j8 -l8
[0.459s] DEBUG:colcon.colcon_core.event_handler.log_command:Invoking command in '/home/robmoemac/M-LADIS-Jerry/ws_sensor_combined/build/localization': CMAKE_PREFIX_PATH=${CMAKE_PREFIX_PATH}:/opt/ros/humble /usr/bin/cmake --install /home/robmoemac/M-LADIS-Jerry/ws_sensor_combined/build/localization
[0.480s] Level 1:colcon.colcon_core.environment:create_environment_scripts_only(classifier)
[0.481s] DEBUG:colcon.colcon_core.event_handler.log_command:Invoked command in '/home/robmoemac/M-LADIS-Jerry/ws_sensor_combined/build/classifier' returned '0': CMAKE_PREFIX_PATH=${CMAKE_PREFIX_PATH}:/opt/ros/humble /usr/bin/cmake --install /home/robmoemac/M-LADIS-Jerry/ws_sensor_combined/build/classifier
[0.484s] Level 1:colcon.colcon_core.environment:checking '/home/robmoemac/M-LADIS-Jerry/ws_sensor_combined/install/classifier' for CMake module files
[0.485s] Level 1:colcon.colcon_core.environment:checking '/home/robmoemac/M-LADIS-Jerry/ws_sensor_combined/install/classifier' for CMake config files
[0.485s] Level 1:colcon.colcon_core.shell:create_environment_hook('classifier', 'cmake_prefix_path')
[0.486s] INFO:colcon.colcon_core.shell:Creating environment hook '/home/robmoemac/M-LADIS-Jerry/ws_sensor_combined/install/classifier/share/classifier/hook/cmake_prefix_path.ps1'
[0.492s] INFO:colcon.colcon_core.shell:Creating environment descriptor '/home/robmoemac/M-LADIS-Jerry/ws_sensor_combined/install/classifier/share/classifier/hook/cmake_prefix_path.dsv'
[0.499s] INFO:colcon.colcon_core.shell:Creating environment hook '/home/robmoemac/M-LADIS-Jerry/ws_sensor_combined/install/classifier/share/classifier/hook/cmake_prefix_path.sh'
[0.506s] Level 1:colcon.colcon_core.environment:checking '/home/robmoemac/M-LADIS-Jerry/ws_sensor_combined/install/classifier/lib'
[0.506s] Level 1:colcon.colcon_core.environment:checking '/home/robmoemac/M-LADIS-Jerry/ws_sensor_combined/install/classifier/bin'
[0.506s] Level 1:colcon.colcon_core.environment:checking '/home/robmoemac/M-LADIS-Jerry/ws_sensor_combined/install/classifier/lib/pkgconfig/classifier.pc'
[0.506s] Level 1:colcon.colcon_core.environment:checking '/home/robmoemac/M-LADIS-Jerry/ws_sensor_combined/install/classifier/lib/python3.10/site-packages'
[0.507s] Level 1:colcon.colcon_core.environment:checking '/home/robmoemac/M-LADIS-Jerry/ws_sensor_combined/install/classifier/bin'
[0.507s] INFO:colcon.colcon_core.shell:Creating package script '/home/robmoemac/M-LADIS-Jerry/ws_sensor_combined/install/classifier/share/classifier/package.ps1'
[0.512s] INFO:colcon.colcon_core.shell:Creating package descriptor '/home/robmoemac/M-LADIS-Jerry/ws_sensor_combined/install/classifier/share/classifier/package.dsv'
[0.517s] INFO:colcon.colcon_core.shell:Creating package script '/home/robmoemac/M-LADIS-Jerry/ws_sensor_combined/install/classifier/share/classifier/package.sh'
[0.522s] INFO:colcon.colcon_core.shell:Creating package script '/home/robmoemac/M-LADIS-Jerry/ws_sensor_combined/install/classifier/share/classifier/package.bash'
[0.527s] INFO:colcon.colcon_core.shell:Creating package script '/home/robmoemac/M-LADIS-Jerry/ws_sensor_combined/install/classifier/share/classifier/package.zsh'
[0.532s] Level 1:colcon.colcon_core.environment:create_file_with_runtime_dependencies(/home/robmoemac/M-LADIS-Jerry/ws_sensor_combined/install/classifier/share/colcon-core/packages/classifier)
[0.541s] DEBUG:colcon.colcon_core.event_handler.log_command:Invoking command in '/home/robmoemac/M-LADIS-Jerry/ws_sensor_combined/build/nearest_poster_yaw': CMAKE_PREFIX_PATH=${CMAKE_PREFIX_PATH}:/opt/ros/humble /usr/bin/cmake --install /home/robmoemac/M-LADIS-Jerry/ws_sensor_combined/build/nearest_poster_yaw
[0.541s] Level 1:colcon.colcon_core.environment:create_environment_scripts_only(localization)
[0.542s] Level 1:colcon.colcon_core.environment:checking '/home/robmoemac/M-LADIS-Jerry/ws_sensor_combined/install/localization' for CMake module files
[0.543s] DEBUG:colcon.colcon_core.event_handler.log_command:Invoked command in '/home/robmoemac/M-LADIS-Jerry/ws_sensor_combined/build/localization' returned '0': CMAKE_PREFIX_PATH=${CMAKE_PREFIX_PATH}:/opt/ros/humble /usr/bin/cmake --install /home/robmoemac/M-LADIS-Jerry/ws_sensor_combined/build/localization
[0.544s] Level 1:colcon.colcon_core.environment:checking '/home/robmoemac/M-LADIS-Jerry/ws_sensor_combined/install/localization' for CMake config files
[0.545s] Level 1:colcon.colcon_core.shell:create_environment_hook('localization', 'cmake_prefix_path')
[0.545s] INFO:colcon.colcon_core.shell:Creating environment hook '/home/robmoemac/M-LADIS-Jerry/ws_sensor_combined/install/localization/share/localization/hook/cmake_prefix_path.ps1'
[0.553s] INFO:colcon.colcon_core.shell:Creating environment descriptor '/home/robmoemac/M-LADIS-Jerry/ws_sensor_combined/install/localization/share/localization/hook/cmake_prefix_path.dsv'
[0.565s] INFO:colcon.colcon_core.shell:Creating environment hook '/home/robmoemac/M-LADIS-Jerry/ws_sensor_combined/install/localization/share/localization/hook/cmake_prefix_path.sh'
[0.575s] Level 1:colcon.colcon_core.environment:checking '/home/robmoemac/M-LADIS-Jerry/ws_sensor_combined/install/localization/lib'
[0.575s] Level 1:colcon.colcon_core.environment:checking '/home/robmoemac/M-LADIS-Jerry/ws_sensor_combined/install/localization/bin'
[0.575s] Level 1:colcon.colcon_core.environment:checking '/home/robmoemac/M-LADIS-Jerry/ws_sensor_combined/install/localization/lib/pkgconfig/localization.pc'
[0.575s] Level 1:colcon.colcon_core.environment:checking '/home/robmoemac/M-LADIS-Jerry/ws_sensor_combined/install/localization/lib/python3.10/site-packages'
[0.576s] Level 1:colcon.colcon_core.environment:checking '/home/robmoemac/M-LADIS-Jerry/ws_sensor_combined/install/localization/bin'
[0.577s] INFO:colcon.colcon_core.shell:Creating package script '/home/robmoemac/M-LADIS-Jerry/ws_sensor_combined/install/localization/share/localization/package.ps1'
[0.585s] INFO:colcon.colcon_core.shell:Creating package descriptor '/home/robmoemac/M-LADIS-Jerry/ws_sensor_combined/install/localization/share/localization/package.dsv'
[0.594s] INFO:colcon.colcon_core.shell:Creating package script '/home/robmoemac/M-LADIS-Jerry/ws_sensor_combined/install/localization/share/localization/package.sh'
[0.603s] INFO:colcon.colcon_core.shell:Creating package script '/home/robmoemac/M-LADIS-Jerry/ws_sensor_combined/install/localization/share/localization/package.bash'
[0.610s] INFO:colcon.colcon_core.shell:Creating package script '/home/robmoemac/M-LADIS-Jerry/ws_sensor_combined/install/localization/share/localization/package.zsh'
[0.614s] Level 1:colcon.colcon_core.environment:create_file_with_runtime_dependencies(/home/robmoemac/M-LADIS-Jerry/ws_sensor_combined/install/localization/share/colcon-core/packages/localization)
[0.622s] Level 1:colcon.colcon_core.environment:create_environment_scripts_only(classifier)
[0.623s] Level 1:colcon.colcon_core.environment:checking '/home/robmoemac/M-LADIS-Jerry/ws_sensor_combined/install/classifier' for CMake module files
[0.624s] Level 1:colcon.colcon_core.environment:checking '/home/robmoemac/M-LADIS-Jerry/ws_sensor_combined/install/classifier' for CMake config files
[0.624s] Level 1:colcon.colcon_core.shell:create_environment_hook('classifier', 'cmake_prefix_path')
[0.625s] INFO:colcon.colcon_core.shell:Creating environment hook '/home/robmoemac/M-LADIS-Jerry/ws_sensor_combined/install/classifier/share/classifier/hook/cmake_prefix_path.ps1'
[0.634s] INFO:colcon.colcon_core.shell:Creating environment descriptor '/home/robmoemac/M-LADIS-Jerry/ws_sensor_combined/install/classifier/share/classifier/hook/cmake_prefix_path.dsv'
[0.643s] INFO:colcon.colcon_core.shell:Creating environment hook '/home/robmoemac/M-LADIS-Jerry/ws_sensor_combined/install/classifier/share/classifier/hook/cmake_prefix_path.sh'
[0.654s] Level 1:colcon.colcon_core.environment:checking '/home/robmoemac/M-LADIS-Jerry/ws_sensor_combined/install/classifier/lib'
[0.654s] Level 1:colcon.colcon_core.environment:checking '/home/robmoemac/M-LADIS-Jerry/ws_sensor_combined/install/classifier/bin'
[0.654s] Level 1:colcon.colcon_core.environment:checking '/home/robmoemac/M-LADIS-Jerry/ws_sensor_combined/install/classifier/lib/pkgconfig/classifier.pc'
[0.654s] Level 1:colcon.colcon_core.environment:checking '/home/robmoemac/M-LADIS-Jerry/ws_sensor_combined/install/classifier/lib/python3.10/site-packages'
[0.655s] Level 1:colcon.colcon_core.environment:checking '/home/robmoemac/M-LADIS-Jerry/ws_sensor_combined/install/classifier/bin'
[0.656s] INFO:colcon.colcon_core.shell:Creating package script '/home/robmoemac/M-LADIS-Jerry/ws_sensor_combined/install/classifier/share/classifier/package.ps1'
[0.664s] INFO:colcon.colcon_core.shell:Creating package descriptor '/home/robmoemac/M-LADIS-Jerry/ws_sensor_combined/install/classifier/share/classifier/package.dsv'
[0.668s] INFO:colcon.colcon_core.shell:Creating package script '/home/robmoemac/M-LADIS-Jerry/ws_sensor_combined/install/classifier/share/classifier/package.sh'
[0.673s] INFO:colcon.colcon_core.shell:Creating package script '/home/robmoemac/M-LADIS-Jerry/ws_sensor_combined/install/classifier/share/classifier/package.bash'
[0.678s] INFO:colcon.colcon_core.shell:Creating package script '/home/robmoemac/M-LADIS-Jerry/ws_sensor_combined/install/classifier/share/classifier/package.zsh'
[0.685s] Level 1:colcon.colcon_core.environment:create_file_with_runtime_dependencies(/home/robmoemac/M-LADIS-Jerry/ws_sensor_combined/install/classifier/share/colcon-core/packages/classifier)
[0.693s] Level 1:colcon.colcon_core.environment:create_environment_scripts_only(nearest_poster_yaw)
[0.693s] Level 1:colcon.colcon_core.environment:checking '/home/robmoemac/M-LADIS-Jerry/ws_sensor_combined/install/nearest_poster_yaw' for CMake module files
[0.694s] Level 1:colcon.colcon_core.environment:checking '/home/robmoemac/M-LADIS-Jerry/ws_sensor_combined/install/nearest_poster_yaw' for CMake config files
[0.695s] Level 1:colcon.colcon_core.shell:create_environment_hook('nearest_poster_yaw', 'cmake_prefix_path')
[0.695s] INFO:colcon.colcon_core.shell:Creating environment hook '/home/robmoemac/M-LADIS-Jerry/ws_sensor_combined/install/nearest_poster_yaw/share/nearest_poster_yaw/hook/cmake_prefix_path.ps1'
[0.702s] INFO:colcon.colcon_core.shell:Creating environment descriptor '/home/robmoemac/M-LADIS-Jerry/ws_sensor_combined/install/nearest_poster_yaw/share/nearest_poster_yaw/hook/cmake_prefix_path.dsv'
[0.703s] DEBUG:colcon.colcon_core.event_handler.log_command:Invoked command in '/home/robmoemac/M-LADIS-Jerry/ws_sensor_combined/build/nearest_poster_yaw' returned '0': CMAKE_PREFIX_PATH=${CMAKE_PREFIX_PATH}:/opt/ros/humble /usr/bin/cmake --install /home/robmoemac/M-LADIS-Jerry/ws_sensor_combined/build/nearest_poster_yaw
[0.710s] INFO:colcon.colcon_core.shell:Creating environment hook '/home/robmoemac/M-LADIS-Jerry/ws_sensor_combined/install/nearest_poster_yaw/share/nearest_poster_yaw/hook/cmake_prefix_path.sh'
[0.717s] Level 1:colcon.colcon_core.environment:checking '/home/robmoemac/M-LADIS-Jerry/ws_sensor_combined/install/nearest_poster_yaw/lib'
[0.718s] Level 1:colcon.colcon_core.environment:checking '/home/robmoemac/M-LADIS-Jerry/ws_sensor_combined/install/nearest_poster_yaw/bin'
[0.718s] Level 1:colcon.colcon_core.environment:checking '/home/robmoemac/M-LADIS-Jerry/ws_sensor_combined/install/nearest_poster_yaw/lib/pkgconfig/nearest_poster_yaw.pc'
[0.718s] Level 1:colcon.colcon_core.environment:checking '/home/robmoemac/M-LADIS-Jerry/ws_sensor_combined/install/nearest_poster_yaw/lib/python3.10/site-packages'
[0.718s] Level 1:colcon.colcon_core.environment:checking '/home/robmoemac/M-LADIS-Jerry/ws_sensor_combined/install/nearest_poster_yaw/bin'
[0.719s] INFO:colcon.colcon_core.shell:Creating package script '/home/robmoemac/M-LADIS-Jerry/ws_sensor_combined/install/nearest_poster_yaw/share/nearest_poster_yaw/package.ps1'
[0.724s] INFO:colcon.colcon_core.shell:Creating package descriptor '/home/robmoemac/M-LADIS-Jerry/ws_sensor_combined/install/nearest_poster_yaw/share/nearest_poster_yaw/package.dsv'
[0.729s] INFO:colcon.colcon_core.shell:Creating package script '/home/robmoemac/M-LADIS-Jerry/ws_sensor_combined/install/nearest_poster_yaw/share/nearest_poster_yaw/package.sh'
[0.734s] INFO:colcon.colcon_core.shell:Creating package script '/home/robmoemac/M-LADIS-Jerry/ws_sensor_combined/install/nearest_poster_yaw/share/nearest_poster_yaw/package.bash'
[0.739s] INFO:colcon.colcon_core.shell:Creating package script '/home/robmoemac/M-LADIS-Jerry/ws_sensor_combined/install/nearest_poster_yaw/share/nearest_poster_yaw/package.zsh'
[0.744s] Level 1:colcon.colcon_core.environment:create_file_with_runtime_dependencies(/home/robmoemac/M-LADIS-Jerry/ws_sensor_combined/install/nearest_poster_yaw/share/colcon-core/packages/nearest_poster_yaw)
[0.746s] Level 1:colcon.colcon_core.environment:create_environment_scripts_only(localization)
[0.747s] Level 1:colcon.colcon_core.environment:checking '/home/robmoemac/M-LADIS-Jerry/ws_sensor_combined/install/localization' for CMake module files
[0.748s] Level 1:colcon.colcon_core.environment:checking '/home/robmoemac/M-LADIS-Jerry/ws_sensor_combined/install/localization' for CMake config files
[0.748s] Level 1:colcon.colcon_core.shell:create_environment_hook('localization', 'cmake_prefix_path')
[0.749s] INFO:colcon.colcon_core.shell:Creating environment hook '/home/robmoemac/M-LADIS-Jerry/ws_sensor_combined/install/localization/share/localization/hook/cmake_prefix_path.ps1'
[0.758s] INFO:colcon.colcon_core.shell:Creating environment descriptor '/home/robmoemac/M-LADIS-Jerry/ws_sensor_combined/install/localization/share/localization/hook/cmake_prefix_path.dsv'
[0.764s] INFO:colcon.colcon_core.shell:Creating environment hook '/home/robmoemac/M-LADIS-Jerry/ws_sensor_combined/install/localization/share/localization/hook/cmake_prefix_path.sh'
[0.774s] Level 1:colcon.colcon_core.environment:checking '/home/robmoemac/M-LADIS-Jerry/ws_sensor_combined/install/localization/lib'
[0.774s] Level 1:colcon.colcon_core.environment:checking '/home/robmoemac/M-LADIS-Jerry/ws_sensor_combined/install/localization/bin'
[0.774s] Level 1:colcon.colcon_core.environment:checking '/home/robmoemac/M-LADIS-Jerry/ws_sensor_combined/install/localization/lib/pkgconfig/localization.pc'
[0.775s] Level 1:colcon.colcon_core.environment:checking '/home/robmoemac/M-LADIS-Jerry/ws_sensor_combined/install/localization/lib/python3.10/site-packages'
[0.775s] Level 1:colcon.colcon_core.environment:checking '/home/robmoemac/M-LADIS-Jerry/ws_sensor_combined/install/localization/bin'
[0.776s] INFO:colcon.colcon_core.shell:Creating package script '/home/robmoemac/M-LADIS-Jerry/ws_sensor_combined/install/localization/share/localization/package.ps1'
[0.783s] INFO:colcon.colcon_core.shell:Creating package descriptor '/home/robmoemac/M-LADIS-Jerry/ws_sensor_combined/install/localization/share/localization/package.dsv'
[0.789s] INFO:colcon.colcon_core.shell:Creating package script '/home/robmoemac/M-LADIS-Jerry/ws_sensor_combined/install/localization/share/localization/package.sh'
[0.796s] INFO:colcon.colcon_core.shell:Creating package script '/home/robmoemac/M-LADIS-Jerry/ws_sensor_combined/install/localization/share/localization/package.bash'
[0.802s] INFO:colcon.colcon_core.shell:Creating package script '/home/robmoemac/M-LADIS-Jerry/ws_sensor_combined/install/localization/share/localization/package.zsh'
[0.808s] Level 1:colcon.colcon_core.environment:create_file_with_runtime_dependencies(/home/robmoemac/M-LADIS-Jerry/ws_sensor_combined/install/localization/share/colcon-core/packages/localization)
[0.814s] Level 1:colcon.colcon_core.environment:create_environment_scripts_only(nearest_poster_yaw)
[0.814s] Level 1:colcon.colcon_core.environment:checking '/home/robmoemac/M-LADIS-Jerry/ws_sensor_combined/install/nearest_poster_yaw' for CMake module files
[0.815s] Level 1:colcon.colcon_core.environment:checking '/home/robmoemac/M-LADIS-Jerry/ws_sensor_combined/install/nearest_poster_yaw' for CMake config files
[0.816s] Level 1:colcon.colcon_core.shell:create_environment_hook('nearest_poster_yaw', 'cmake_prefix_path')
[0.816s] INFO:colcon.colcon_core.shell:Creating environment hook '/home/robmoemac/M-LADIS-Jerry/ws_sensor_combined/install/nearest_poster_yaw/share/nearest_poster_yaw/hook/cmake_prefix_path.ps1'
[0.825s] INFO:colcon.colcon_core.shell:Creating environment descriptor '/home/robmoemac/M-LADIS-Jerry/ws_sensor_combined/install/nearest_poster_yaw/share/nearest_poster_yaw/hook/cmake_prefix_path.dsv'
[0.830s] INFO:colcon.colcon_core.shell:Creating environment hook '/home/robmoemac/M-LADIS-Jerry/ws_sensor_combined/install/nearest_poster_yaw/share/nearest_poster_yaw/hook/cmake_prefix_path.sh'
[0.836s] Level 1:colcon.colcon_core.environment:checking '/home/robmoemac/M-LADIS-Jerry/ws_sensor_combined/install/nearest_poster_yaw/lib'
[0.836s] Level 1:colcon.colcon_core.environment:checking '/home/robmoemac/M-LADIS-Jerry/ws_sensor_combined/install/nearest_poster_yaw/bin'
[0.836s] Level 1:colcon.colcon_core.environment:checking '/home/robmoemac/M-LADIS-Jerry/ws_sensor_combined/install/nearest_poster_yaw/lib/pkgconfig/nearest_poster_yaw.pc'
[0.837s] Level 1:colcon.colcon_core.environment:checking '/home/robmoemac/M-LADIS-Jerry/ws_sensor_combined/install/nearest_poster_yaw/lib/python3.10/site-packages'
[0.837s] Level 1:colcon.colcon_core.environment:checking '/home/robmoemac/M-LADIS-Jerry/ws_sensor_combined/install/nearest_poster_yaw/bin'
[0.838s] INFO:colcon.colcon_core.shell:Creating package script '/home/robmoemac/M-LADIS-Jerry/ws_sensor_combined/install/nearest_poster_yaw/share/nearest_poster_yaw/package.ps1'
[0.844s] INFO:colcon.colcon_core.shell:Creating package descriptor '/home/robmoemac/M-LADIS-Jerry/ws_sensor_combined/install/nearest_poster_yaw/share/nearest_poster_yaw/package.dsv'
[0.849s] INFO:colcon.colcon_core.shell:Creating package script '/home/robmoemac/M-LADIS-Jerry/ws_sensor_combined/install/nearest_poster_yaw/share/nearest_poster_yaw/package.sh'
[0.854s] INFO:colcon.colcon_core.shell:Creating package script '/home/robmoemac/M-LADIS-Jerry/ws_sensor_combined/install/nearest_poster_yaw/share/nearest_poster_yaw/package.bash'
[0.859s] INFO:colcon.colcon_core.shell:Creating package script '/home/robmoemac/M-LADIS-Jerry/ws_sensor_combined/install/nearest_poster_yaw/share/nearest_poster_yaw/package.zsh'
[0.864s] Level 1:colcon.colcon_core.environment:create_file_with_runtime_dependencies(/home/robmoemac/M-LADIS-Jerry/ws_sensor_combined/install/nearest_poster_yaw/share/colcon-core/packages/nearest_poster_yaw)
[2.916s] DEBUG:colcon.colcon_core.event_handler.log_command:Invoked command in '/home/robmoemac/M-LADIS-Jerry/ws_sensor_combined/build/px4_msgs' returned '0': CMAKE_PREFIX_PATH=${CMAKE_PREFIX_PATH}:/opt/ros/humble /usr/bin/cmake --build /home/robmoemac/M-LADIS-Jerry/ws_sensor_combined/build/px4_msgs -- -j8 -l8
[8.031s] DEBUG:colcon.colcon_core.event_handler.log_command:Invoking command in '/home/robmoemac/M-LADIS-Jerry/ws_sensor_combined/build/px4_msgs': CMAKE_PREFIX_PATH=${CMAKE_PREFIX_PATH}:/opt/ros/humble /usr/bin/cmake --install /home/robmoemac/M-LADIS-Jerry/ws_sensor_combined/build/px4_msgs
[8.429s] Level 1:colcon.colcon_core.environment:create_environment_scripts_only(px4_msgs)
[8.429s] Level 1:colcon.colcon_core.environment:checking '/home/robmoemac/M-LADIS-Jerry/ws_sensor_combined/install/px4_msgs' for CMake module files
[8.431s] Level 1:colcon.colcon_core.environment:checking '/home/robmoemac/M-LADIS-Jerry/ws_sensor_combined/install/px4_msgs' for CMake config files
[8.456s] DEBUG:colcon.colcon_core.event_handler.log_command:Invoked command in '/home/robmoemac/M-LADIS-Jerry/ws_sensor_combined/build/px4_msgs' returned '0': CMAKE_PREFIX_PATH=${CMAKE_PREFIX_PATH}:/opt/ros/humble /usr/bin/cmake --install /home/robmoemac/M-LADIS-Jerry/ws_sensor_combined/build/px4_msgs
[8.457s] Level 1:colcon.colcon_core.shell:create_environment_hook('px4_msgs', 'cmake_prefix_path')
[8.457s] INFO:colcon.colcon_core.shell:Creating environment hook '/home/robmoemac/M-LADIS-Jerry/ws_sensor_combined/install/px4_msgs/share/px4_msgs/hook/cmake_prefix_path.ps1'
[8.462s] INFO:colcon.colcon_core.shell:Creating environment descriptor '/home/robmoemac/M-LADIS-Jerry/ws_sensor_combined/install/px4_msgs/share/px4_msgs/hook/cmake_prefix_path.dsv'
[8.466s] INFO:colcon.colcon_core.shell:Creating environment hook '/home/robmoemac/M-LADIS-Jerry/ws_sensor_combined/install/px4_msgs/share/px4_msgs/hook/cmake_prefix_path.sh'
[8.471s] Level 1:colcon.colcon_core.environment:checking '/home/robmoemac/M-LADIS-Jerry/ws_sensor_combined/install/px4_msgs/lib'
[8.471s] Level 1:colcon.colcon_core.shell:create_environment_hook('px4_msgs', 'ld_library_path_lib')
[8.471s] INFO:colcon.colcon_core.shell:Creating environment hook '/home/robmoemac/M-LADIS-Jerry/ws_sensor_combined/install/px4_msgs/share/px4_msgs/hook/ld_library_path_lib.ps1'
[8.475s] INFO:colcon.colcon_core.shell:Creating environment descriptor '/home/robmoemac/M-LADIS-Jerry/ws_sensor_combined/install/px4_msgs/share/px4_msgs/hook/ld_library_path_lib.dsv'
[8.479s] INFO:colcon.colcon_core.shell:Creating environment hook '/home/robmoemac/M-LADIS-Jerry/ws_sensor_combined/install/px4_msgs/share/px4_msgs/hook/ld_library_path_lib.sh'
[8.483s] Level 1:colcon.colcon_core.environment:checking '/home/robmoemac/M-LADIS-Jerry/ws_sensor_combined/install/px4_msgs/bin'
[8.483s] Level 1:colcon.colcon_core.environment:checking '/home/robmoemac/M-LADIS-Jerry/ws_sensor_combined/install/px4_msgs/lib/pkgconfig/px4_msgs.pc'
[8.483s] Level 1:colcon.colcon_core.environment:checking '/home/robmoemac/M-LADIS-Jerry/ws_sensor_combined/install/px4_msgs/lib/python3.10/site-packages'
[8.484s] Level 1:colcon.colcon_core.environment:checking '/home/robmoemac/M-LADIS-Jerry/ws_sensor_combined/install/px4_msgs/bin'
[8.484s] INFO:colcon.colcon_core.shell:Creating package script '/home/robmoemac/M-LADIS-Jerry/ws_sensor_combined/install/px4_msgs/share/px4_msgs/package.ps1'
[8.488s] INFO:colcon.colcon_core.shell:Creating package descriptor '/home/robmoemac/M-LADIS-Jerry/ws_sensor_combined/install/px4_msgs/share/px4_msgs/package.dsv'
[8.493s] INFO:colcon.colcon_core.shell:Creating package script '/home/robmoemac/M-LADIS-Jerry/ws_sensor_combined/install/px4_msgs/share/px4_msgs/package.sh'
[8.497s] INFO:colcon.colcon_core.shell:Creating package script '/home/robmoemac/M-LADIS-Jerry/ws_sensor_combined/install/px4_msgs/share/px4_msgs/package.bash'
[8.500s] INFO:colcon.colcon_core.shell:Creating package script '/home/robmoemac/M-LADIS-Jerry/ws_sensor_combined/install/px4_msgs/share/px4_msgs/package.zsh'
[8.505s] Level 1:colcon.colcon_core.environment:create_file_with_runtime_dependencies(/home/robmoemac/M-LADIS-Jerry/ws_sensor_combined/install/px4_msgs/share/colcon-core/packages/px4_msgs)
[13.186s] Level 1:colcon.colcon_core.environment:create_environment_scripts_only(px4_msgs)
[13.186s] Level 1:colcon.colcon_core.environment:checking '/home/robmoemac/M-LADIS-Jerry/ws_sensor_combined/install/px4_msgs' for CMake module files
[13.194s] Level 1:colcon.colcon_core.environment:checking '/home/robmoemac/M-LADIS-Jerry/ws_sensor_combined/install/px4_msgs' for CMake config files
[13.198s] Level 1:colcon.colcon_core.shell:create_environment_hook('px4_msgs', 'cmake_prefix_path')
[13.198s] INFO:colcon.colcon_core.shell:Creating environment hook '/home/robmoemac/M-LADIS-Jerry/ws_sensor_combined/install/px4_msgs/share/px4_msgs/hook/cmake_prefix_path.ps1'
[13.202s] INFO:colcon.colcon_core.shell:Creating environment descriptor '/home/robmoemac/M-LADIS-Jerry/ws_sensor_combined/install/px4_msgs/share/px4_msgs/hook/cmake_prefix_path.dsv'
[13.205s] INFO:colcon.colcon_core.shell:Creating environment hook '/home/robmoemac/M-LADIS-Jerry/ws_sensor_combined/install/px4_msgs/share/px4_msgs/hook/cmake_prefix_path.sh'
[13.209s] Level 1:colcon.colcon_core.environment:checking '/home/robmoemac/M-LADIS-Jerry/ws_sensor_combined/install/px4_msgs/lib'
[13.209s] Level 1:colcon.colcon_core.shell:create_environment_hook('px4_msgs', 'ld_library_path_lib')
[13.210s] INFO:colcon.colcon_core.shell:Creating environment hook '/home/robmoemac/M-LADIS-Jerry/ws_sensor_combined/install/px4_msgs/share/px4_msgs/hook/ld_library_path_lib.ps1'
[13.213s] INFO:colcon.colcon_core.shell:Creating environment descriptor '/home/robmoemac/M-LADIS-Jerry/ws_sensor_combined/install/px4_msgs/share/px4_msgs/hook/ld_library_path_lib.dsv'
[13.216s] INFO:colcon.colcon_core.shell:Creating environment hook '/home/robmoemac/M-LADIS-Jerry/ws_sensor_combined/install/px4_msgs/share/px4_msgs/hook/ld_library_path_lib.sh'
[13.220s] Level 1:colcon.colcon_core.environment:checking '/home/robmoemac/M-LADIS-Jerry/ws_sensor_combined/install/px4_msgs/bin'
[13.220s] Level 1:colcon.colcon_core.environment:checking '/home/robmoemac/M-LADIS-Jerry/ws_sensor_combined/install/px4_msgs/lib/pkgconfig/px4_msgs.pc'
[13.220s] Level 1:colcon.colcon_core.environment:checking '/home/robmoemac/M-LADIS-Jerry/ws_sensor_combined/install/px4_msgs/lib/python3.10/site-packages'
[13.220s] Level 1:colcon.colcon_core.environment:checking '/home/robmoemac/M-LADIS-Jerry/ws_sensor_combined/install/px4_msgs/bin'
[13.222s] INFO:colcon.colcon_core.shell:Creating package script '/home/robmoemac/M-LADIS-Jerry/ws_sensor_combined/install/px4_msgs/share/px4_msgs/package.ps1'
[13.226s] INFO:colcon.colcon_core.shell:Creating package descriptor '/home/robmoemac/M-LADIS-Jerry/ws_sensor_combined/install/px4_msgs/share/px4_msgs/package.dsv'
[13.229s] INFO:colcon.colcon_core.shell:Creating package script '/home/robmoemac/M-LADIS-Jerry/ws_sensor_combined/install/px4_msgs/share/px4_msgs/package.sh'
[13.233s] INFO:colcon.colcon_core.shell:Creating package script '/home/robmoemac/M-LADIS-Jerry/ws_sensor_combined/install/px4_msgs/share/px4_msgs/package.bash'
[13.236s] INFO:colcon.colcon_core.shell:Creating package script '/home/robmoemac/M-LADIS-Jerry/ws_sensor_combined/install/px4_msgs/share/px4_msgs/package.zsh'
[13.240s] Level 1:colcon.colcon_core.environment:create_file_with_runtime_dependencies(/home/robmoemac/M-LADIS-Jerry/ws_sensor_combined/install/px4_msgs/share/colcon-core/packages/px4_msgs)
[13.243s] INFO:colcon.colcon_ros.task.ament_cmake.build:Building ROS package in '/home/robmoemac/M-LADIS-Jerry/ws_sensor_combined/src/px4_ros_com' with build type 'ament_cmake'
[13.243s] INFO:colcon.colcon_cmake.task.cmake.build:Building CMake package in '/home/robmoemac/M-LADIS-Jerry/ws_sensor_combined/src/px4_ros_com'
[13.243s] INFO:colcon.colcon_core.shell:Skip shell extension 'powershell' for command environment: Not usable outside of PowerShell
[13.244s] DEBUG:colcon.colcon_core.shell:Skip shell extension 'dsv' for command environment
[13.265s] DEBUG:colcon.colcon_core.event_handler.log_command:Invoking command in '/home/robmoemac/M-LADIS-Jerry/ws_sensor_combined/build/px4_ros_com': CMAKE_PREFIX_PATH=/home/robmoemac/M-LADIS-Jerry/ws_sensor_combined/install/px4_msgs:/home/robmoemac/M-LADIS-Jerry/ws_sensor_combined/install/px4_ros_com:/home/robmoemac/M-LADIS-Jerry/ws_sensor_combined/install/nearest_poster_yaw:/home/robmoemac/M-LADIS-Jerry/ws_sensor_combined/install/localization:/home/robmoemac/M-LADIS-Jerry/ws_sensor_combined/install/classifier:/opt/ros/humble /usr/bin/cmake --build /home/robmoemac/M-LADIS-Jerry/ws_sensor_combined/build/px4_ros_com -- -j8 -l8
[24.449s] DEBUG:colcon.colcon_core.event_handler.log_command:Invoked command in '/home/robmoemac/M-LADIS-Jerry/ws_sensor_combined/build/px4_ros_com' returned '2': CMAKE_PREFIX_PATH=/home/robmoemac/M-LADIS-Jerry/ws_sensor_combined/install/px4_msgs:/home/robmoemac/M-LADIS-Jerry/ws_sensor_combined/install/px4_ros_com:/home/robmoemac/M-LADIS-Jerry/ws_sensor_combined/install/nearest_poster_yaw:/home/robmoemac/M-LADIS-Jerry/ws_sensor_combined/install/localization:/home/robmoemac/M-LADIS-Jerry/ws_sensor_combined/install/classifier:/opt/ros/humble /usr/bin/cmake --build /home/robmoemac/M-LADIS-Jerry/ws_sensor_combined/build/px4_ros_com -- -j8 -l8
[24.492s] Level 1:colcon.colcon_core.environment:create_environment_scripts_only(px4_ros_com)
[24.493s] Level 1:colcon.colcon_core.environment:checking '/home/robmoemac/M-LADIS-Jerry/ws_sensor_combined/install/px4_ros_com' for CMake module files
[24.493s] Level 1:colcon.colcon_core.environment:checking '/home/robmoemac/M-LADIS-Jerry/ws_sensor_combined/install/px4_ros_com' for CMake config files
[24.493s] Level 1:colcon.colcon_core.environment:checking '/home/robmoemac/M-LADIS-Jerry/ws_sensor_combined/install/px4_ros_com/bin'
[24.494s] Level 1:colcon.colcon_core.environment:checking '/home/robmoemac/M-LADIS-Jerry/ws_sensor_combined/install/px4_ros_com/lib/pkgconfig/px4_ros_com.pc'
[24.494s] Level 1:colcon.colcon_core.environment:checking '/home/robmoemac/M-LADIS-Jerry/ws_sensor_combined/install/px4_ros_com/lib/python3.10/site-packages'
[24.494s] Level 1:colcon.colcon_core.environment:checking '/home/robmoemac/M-LADIS-Jerry/ws_sensor_combined/install/px4_ros_com/bin'
[24.494s] INFO:colcon.colcon_core.shell:Creating package script '/home/robmoemac/M-LADIS-Jerry/ws_sensor_combined/install/px4_ros_com/share/px4_ros_com/package.ps1'
[24.498s] INFO:colcon.colcon_core.shell:Creating package descriptor '/home/robmoemac/M-LADIS-Jerry/ws_sensor_combined/install/px4_ros_com/share/px4_ros_com/package.dsv'
[24.501s] INFO:colcon.colcon_core.shell:Creating package script '/home/robmoemac/M-LADIS-Jerry/ws_sensor_combined/install/px4_ros_com/share/px4_ros_com/package.sh'
[24.505s] INFO:colcon.colcon_core.shell:Creating package script '/home/robmoemac/M-LADIS-Jerry/ws_sensor_combined/install/px4_ros_com/share/px4_ros_com/package.bash'
[24.508s] INFO:colcon.colcon_core.shell:Creating package script '/home/robmoemac/M-LADIS-Jerry/ws_sensor_combined/install/px4_ros_com/share/px4_ros_com/package.zsh'
[24.512s] Level 1:colcon.colcon_core.environment:create_file_with_runtime_dependencies(/home/robmoemac/M-LADIS-Jerry/ws_sensor_combined/install/px4_ros_com/share/colcon-core/packages/px4_ros_com)
[24.525s] DEBUG:colcon.colcon_parallel_executor.executor.parallel:closing loop
[24.526s] DEBUG:colcon.colcon_parallel_executor.executor.parallel:loop closed
[24.526s] DEBUG:colcon.colcon_parallel_executor.executor.parallel:run_until_complete finished with '2'
[24.526s] DEBUG:colcon.colcon_core.event_reactor:joining thread
[24.532s] INFO:colcon.colcon_core.plugin_system:Skipping extension 'colcon_notification.desktop_notification.terminal_notifier': Not used on non-Darwin systems
[24.532s] INFO:colcon.colcon_core.plugin_system:Skipping extension 'colcon_notification.desktop_notification.win32': Not used on non-Windows systems
[24.532s] INFO:colcon.colcon_notification.desktop_notification:Sending desktop notification using 'notify2'
[24.545s] DEBUG:colcon.colcon_core.event_reactor:joined thread
[24.546s] INFO:colcon.colcon_core.shell:Creating prefix script '/home/robmoemac/M-LADIS-Jerry/ws_sensor_combined/install/local_setup.ps1'
[24.555s] INFO:colcon.colcon_core.shell:Creating prefix util module '/home/robmoemac/M-LADIS-Jerry/ws_sensor_combined/install/_local_setup_util_ps1.py'
[24.564s] INFO:colcon.colcon_core.shell:Creating prefix chain script '/home/robmoemac/M-LADIS-Jerry/ws_sensor_combined/install/setup.ps1'
[24.571s] INFO:colcon.colcon_core.shell:Creating prefix script '/home/robmoemac/M-LADIS-Jerry/ws_sensor_combined/install/local_setup.sh'
[24.572s] INFO:colcon.colcon_core.shell:Creating prefix util module '/home/robmoemac/M-LADIS-Jerry/ws_sensor_combined/install/_local_setup_util_sh.py'
[24.572s] INFO:colcon.colcon_core.shell:Creating prefix chain script '/home/robmoemac/M-LADIS-Jerry/ws_sensor_combined/install/setup.sh'
[24.573s] INFO:colcon.colcon_core.shell:Creating prefix script '/home/robmoemac/M-LADIS-Jerry/ws_sensor_combined/install/local_setup.bash'
[24.590s] INFO:colcon.colcon_core.shell:Creating prefix chain script '/home/robmoemac/M-LADIS-Jerry/ws_sensor_combined/install/setup.bash'
[24.595s] INFO:colcon.colcon_core.shell:Creating prefix script '/home/robmoemac/M-LADIS-Jerry/ws_sensor_combined/install/local_setup.zsh'
[24.596s] INFO:colcon.colcon_core.shell:Creating prefix chain script '/home/robmoemac/M-LADIS-Jerry/ws_sensor_combined/install/setup.zsh'
