[0.087s] DEBUG:colcon:Command line arguments: ['/usr/bin/colcon', 'build', '--packages-ignore', 'mapping']
[0.087s] DEBUG:colcon:Parsed command line arguments: Namespace(log_base=None, log_level=None, verb_name='build', build_base='build', install_base='install', merge_install=False, symlink_install=False, test_result_base=None, continue_on_error=False, executor='parallel', parallel_workers=12, event_handlers=None, ignore_user_meta=False, metas=['./colcon.meta'], base_paths=['.'], packages_ignore=['mapping'], packages_ignore_regex=None, paths=None, packages_up_to=None, packages_up_to_regex=None, packages_above=None, packages_above_and_dependencies=None, packages_above_depth=None, packages_select_by_dep=None, packages_skip_by_dep=None, packages_skip_up_to=None, packages_select_build_failed=False, packages_skip_build_finished=False, packages_select_test_failures=False, packages_skip_test_passed=False, packages_select=None, packages_skip=None, packages_select_regex=None, packages_skip_regex=None, packages_start=None, packages_end=None, allow_overriding=[], cmake_args=None, cmake_target=None, cmake_target_skip_unavailable=False, cmake_clean_cache=False, cmake_clean_first=False, cmake_force_configure=False, ament_cmake_args=None, catkin_cmake_args=None, catkin_skip_building_tests=False, verb_parser=<colcon_defaults.argument_parser.defaults.DefaultArgumentsDecorator object at 0x77c65405d5d0>, verb_extension=<colcon_core.verb.build.BuildVerb object at 0x77c65405d000>, main=<bound method BuildVerb.main of <colcon_core.verb.build.BuildVerb object at 0x77c65405d000>>)
[0.266s] Level 1:colcon.colcon_core.package_discovery:discover_packages(colcon_meta) check parameters
[0.266s] Level 1:colcon.colcon_core.package_discovery:discover_packages(recursive) check parameters
[0.266s] Level 1:colcon.colcon_core.package_discovery:discover_packages(ignore) check parameters
[0.266s] Level 1:colcon.colcon_core.package_discovery:discover_packages(path) check parameters
[0.266s] Level 1:colcon.colcon_core.package_discovery:discover_packages(colcon_meta) discover
[0.266s] Level 1:colcon.colcon_core.package_discovery:discover_packages(recursive) discover
[0.266s] INFO:colcon.colcon_core.package_discovery:Crawling recursively for packages in '/home/blake/M-LADIS-Jerry/ws_sensor_combined'
[0.266s] Level 1:colcon.colcon_core.package_identification:_identify(.) by extensions ['ignore', 'ignore_ament_install']
[0.267s] Level 1:colcon.colcon_core.package_identification:_identify(.) by extension 'ignore'
[0.267s] Level 1:colcon.colcon_core.package_identification:_identify(.) by extension 'ignore_ament_install'
[0.267s] Level 1:colcon.colcon_core.package_identification:_identify(.) by extensions ['colcon_pkg']
[0.267s] Level 1:colcon.colcon_core.package_identification:_identify(.) by extension 'colcon_pkg'
[0.267s] Level 1:colcon.colcon_core.package_identification:_identify(.) by extensions ['colcon_meta']
[0.267s] Level 1:colcon.colcon_core.package_identification:_identify(.) by extension 'colcon_meta'
[0.267s] Level 1:colcon.colcon_core.package_identification:_identify(.) by extensions ['ros']
[0.267s] Level 1:colcon.colcon_core.package_identification:_identify(.) by extension 'ros'
[0.275s] Level 1:colcon.colcon_core.package_identification:_identify(.) by extensions ['cmake', 'python']
[0.275s] Level 1:colcon.colcon_core.package_identification:_identify(.) by extension 'cmake'
[0.275s] Level 1:colcon.colcon_core.package_identification:_identify(.) by extension 'python'
[0.275s] Level 1:colcon.colcon_core.package_identification:_identify(.) by extensions ['python_setup_py']
[0.275s] Level 1:colcon.colcon_core.package_identification:_identify(.) by extension 'python_setup_py'
[0.275s] Level 1:colcon.colcon_core.package_identification:_identify(build) by extensions ['ignore', 'ignore_ament_install']
[0.276s] Level 1:colcon.colcon_core.package_identification:_identify(build) by extension 'ignore'
[0.276s] Level 1:colcon.colcon_core.package_identification:_identify(build) ignored
[0.276s] Level 1:colcon.colcon_core.package_identification:_identify(install) by extensions ['ignore', 'ignore_ament_install']
[0.276s] Level 1:colcon.colcon_core.package_identification:_identify(install) by extension 'ignore'
[0.276s] Level 1:colcon.colcon_core.package_identification:_identify(install) ignored
[0.276s] Level 1:colcon.colcon_core.package_identification:_identify(log) by extensions ['ignore', 'ignore_ament_install']
[0.276s] Level 1:colcon.colcon_core.package_identification:_identify(log) by extension 'ignore'
[0.276s] Level 1:colcon.colcon_core.package_identification:_identify(log) ignored
[0.276s] Level 1:colcon.colcon_core.package_identification:_identify(src) by extensions ['ignore', 'ignore_ament_install']
[0.276s] Level 1:colcon.colcon_core.package_identification:_identify(src) by extension 'ignore'
[0.276s] Level 1:colcon.colcon_core.package_identification:_identify(src) by extension 'ignore_ament_install'
[0.276s] Level 1:colcon.colcon_core.package_identification:_identify(src) by extensions ['colcon_pkg']
[0.276s] Level 1:colcon.colcon_core.package_identification:_identify(src) by extension 'colcon_pkg'
[0.276s] Level 1:colcon.colcon_core.package_identification:_identify(src) by extensions ['colcon_meta']
[0.276s] Level 1:colcon.colcon_core.package_identification:_identify(src) by extension 'colcon_meta'
[0.276s] Level 1:colcon.colcon_core.package_identification:_identify(src) by extensions ['ros']
[0.276s] Level 1:colcon.colcon_core.package_identification:_identify(src) by extension 'ros'
[0.276s] Level 1:colcon.colcon_core.package_identification:_identify(src) by extensions ['cmake', 'python']
[0.276s] Level 1:colcon.colcon_core.package_identification:_identify(src) by extension 'cmake'
[0.276s] Level 1:colcon.colcon_core.package_identification:_identify(src) by extension 'python'
[0.277s] Level 1:colcon.colcon_core.package_identification:_identify(src) by extensions ['python_setup_py']
[0.277s] Level 1:colcon.colcon_core.package_identification:_identify(src) by extension 'python_setup_py'
[0.277s] Level 1:colcon.colcon_core.package_identification:_identify(src/classifier) by extensions ['ignore', 'ignore_ament_install']
[0.277s] Level 1:colcon.colcon_core.package_identification:_identify(src/classifier) by extension 'ignore'
[0.277s] Level 1:colcon.colcon_core.package_identification:_identify(src/classifier) by extension 'ignore_ament_install'
[0.277s] Level 1:colcon.colcon_core.package_identification:_identify(src/classifier) by extensions ['colcon_pkg']
[0.277s] Level 1:colcon.colcon_core.package_identification:_identify(src/classifier) by extension 'colcon_pkg'
[0.277s] Level 1:colcon.colcon_core.package_identification:_identify(src/classifier) by extensions ['colcon_meta']
[0.277s] Level 1:colcon.colcon_core.package_identification:_identify(src/classifier) by extension 'colcon_meta'
[0.277s] Level 1:colcon.colcon_core.package_identification:_identify(src/classifier) by extensions ['ros']
[0.277s] Level 1:colcon.colcon_core.package_identification:_identify(src/classifier) by extension 'ros'
[0.279s] DEBUG:colcon.colcon_core.package_identification:Package 'src/classifier' with type 'ros.ament_cmake' and name 'classifier'
[0.279s] Level 1:colcon.colcon_core.package_identification:_identify(src/localization) by extensions ['ignore', 'ignore_ament_install']
[0.279s] Level 1:colcon.colcon_core.package_identification:_identify(src/localization) by extension 'ignore'
[0.279s] Level 1:colcon.colcon_core.package_identification:_identify(src/localization) by extension 'ignore_ament_install'
[0.279s] Level 1:colcon.colcon_core.package_identification:_identify(src/localization) by extensions ['colcon_pkg']
[0.279s] Level 1:colcon.colcon_core.package_identification:_identify(src/localization) by extension 'colcon_pkg'
[0.279s] Level 1:colcon.colcon_core.package_identification:_identify(src/localization) by extensions ['colcon_meta']
[0.279s] Level 1:colcon.colcon_core.package_identification:_identify(src/localization) by extension 'colcon_meta'
[0.279s] Level 1:colcon.colcon_core.package_identification:_identify(src/localization) by extensions ['ros']
[0.279s] Level 1:colcon.colcon_core.package_identification:_identify(src/localization) by extension 'ros'
[0.280s] DEBUG:colcon.colcon_core.package_identification:Package 'src/localization' with type 'ros.ament_cmake' and name 'localization'
[0.280s] Level 1:colcon.colcon_core.package_identification:_identify(src/mapping) by extensions ['ignore', 'ignore_ament_install']
[0.280s] Level 1:colcon.colcon_core.package_identification:_identify(src/mapping) by extension 'ignore'
[0.280s] Level 1:colcon.colcon_core.package_identification:_identify(src/mapping) by extension 'ignore_ament_install'
[0.280s] Level 1:colcon.colcon_core.package_identification:_identify(src/mapping) by extensions ['colcon_pkg']
[0.280s] Level 1:colcon.colcon_core.package_identification:_identify(src/mapping) by extension 'colcon_pkg'
[0.280s] Level 1:colcon.colcon_core.package_identification:_identify(src/mapping) by extensions ['colcon_meta']
[0.280s] Level 1:colcon.colcon_core.package_identification:_identify(src/mapping) by extension 'colcon_meta'
[0.280s] Level 1:colcon.colcon_core.package_identification:_identify(src/mapping) by extensions ['ros']
[0.280s] Level 1:colcon.colcon_core.package_identification:_identify(src/mapping) by extension 'ros'
[0.287s] DEBUG:colcon.colcon_core.package_identification:Package 'src/mapping' with type 'ros.ament_cmake' and name 'mapping'
[0.287s] Level 1:colcon.colcon_core.package_identification:_identify(src/nearest_poster_yaw) by extensions ['ignore', 'ignore_ament_install']
[0.287s] Level 1:colcon.colcon_core.package_identification:_identify(src/nearest_poster_yaw) by extension 'ignore'
[0.287s] Level 1:colcon.colcon_core.package_identification:_identify(src/nearest_poster_yaw) by extension 'ignore_ament_install'
[0.287s] Level 1:colcon.colcon_core.package_identification:_identify(src/nearest_poster_yaw) by extensions ['colcon_pkg']
[0.287s] Level 1:colcon.colcon_core.package_identification:_identify(src/nearest_poster_yaw) by extension 'colcon_pkg'
[0.287s] Level 1:colcon.colcon_core.package_identification:_identify(src/nearest_poster_yaw) by extensions ['colcon_meta']
[0.287s] Level 1:colcon.colcon_core.package_identification:_identify(src/nearest_poster_yaw) by extension 'colcon_meta'
[0.287s] Level 1:colcon.colcon_core.package_identification:_identify(src/nearest_poster_yaw) by extensions ['ros']
[0.287s] Level 1:colcon.colcon_core.package_identification:_identify(src/nearest_poster_yaw) by extension 'ros'
[0.288s] DEBUG:colcon.colcon_core.package_identification:Package 'src/nearest_poster_yaw' with type 'ros.ament_cmake' and name 'nearest_poster_yaw'
[0.288s] Level 1:colcon.colcon_core.package_identification:_identify(src/px4_msgs) by extensions ['ignore', 'ignore_ament_install']
[0.288s] Level 1:colcon.colcon_core.package_identification:_identify(src/px4_msgs) by extension 'ignore'
[0.288s] Level 1:colcon.colcon_core.package_identification:_identify(src/px4_msgs) by extension 'ignore_ament_install'
[0.288s] Level 1:colcon.colcon_core.package_identification:_identify(src/px4_msgs) by extensions ['colcon_pkg']
[0.288s] Level 1:colcon.colcon_core.package_identification:_identify(src/px4_msgs) by extension 'colcon_pkg'
[0.288s] Level 1:colcon.colcon_core.package_identification:_identify(src/px4_msgs) by extensions ['colcon_meta']
[0.288s] Level 1:colcon.colcon_core.package_identification:_identify(src/px4_msgs) by extension 'colcon_meta'
[0.288s] Level 1:colcon.colcon_core.package_identification:_identify(src/px4_msgs) by extensions ['ros']
[0.288s] Level 1:colcon.colcon_core.package_identification:_identify(src/px4_msgs) by extension 'ros'
[0.289s] DEBUG:colcon.colcon_core.package_identification:Package 'src/px4_msgs' with type 'ros.ament_cmake' and name 'px4_msgs'
[0.289s] Level 1:colcon.colcon_core.package_identification:_identify(src/px4_ros_com) by extensions ['ignore', 'ignore_ament_install']
[0.289s] Level 1:colcon.colcon_core.package_identification:_identify(src/px4_ros_com) by extension 'ignore'
[0.289s] Level 1:colcon.colcon_core.package_identification:_identify(src/px4_ros_com) by extension 'ignore_ament_install'
[0.289s] Level 1:colcon.colcon_core.package_identification:_identify(src/px4_ros_com) by extensions ['colcon_pkg']
[0.289s] Level 1:colcon.colcon_core.package_identification:_identify(src/px4_ros_com) by extension 'colcon_pkg'
[0.289s] Level 1:colcon.colcon_core.package_identification:_identify(src/px4_ros_com) by extensions ['colcon_meta']
[0.289s] Level 1:colcon.colcon_core.package_identification:_identify(src/px4_ros_com) by extension 'colcon_meta'
[0.289s] Level 1:colcon.colcon_core.package_identification:_identify(src/px4_ros_com) by extensions ['ros']
[0.289s] Level 1:colcon.colcon_core.package_identification:_identify(src/px4_ros_com) by extension 'ros'
[0.290s] DEBUG:colcon.colcon_core.package_identification:Package 'src/px4_ros_com' with type 'ros.ament_cmake' and name 'px4_ros_com'
[0.290s] Level 1:colcon.colcon_core.package_discovery:discover_packages(recursive) using defaults
[0.290s] Level 1:colcon.colcon_core.package_discovery:discover_packages(ignore) discover
[0.290s] Level 1:colcon.colcon_core.package_discovery:discover_packages(ignore) using defaults
[0.290s] Level 1:colcon.colcon_core.package_discovery:discover_packages(path) discover
[0.290s] Level 1:colcon.colcon_core.package_discovery:discover_packages(path) using defaults
[0.305s] Level 1:colcon.colcon_core.package_discovery:discover_packages(prefix_path) check parameters
[0.305s] Level 1:colcon.colcon_core.package_discovery:discover_packages(prefix_path) discover
[0.306s] DEBUG:colcon.colcon_installed_package_information.package_discovery:Found 6 installed packages in /home/blake/M-LADIS-Jerry/ws_sensor_combined/install
[0.307s] DEBUG:colcon.colcon_installed_package_information.package_discovery:Found 285 installed packages in /opt/ros/humble
[0.308s] Level 1:colcon.colcon_core.package_discovery:discover_packages(prefix_path) using defaults
[0.339s] Level 5:colcon.colcon_core.verb:set package 'classifier' build argument 'cmake_args' from command line to 'None'
[0.340s] Level 5:colcon.colcon_core.verb:set package 'classifier' build argument 'cmake_target' from command line to 'None'
[0.340s] Level 5:colcon.colcon_core.verb:set package 'classifier' build argument 'cmake_target_skip_unavailable' from command line to 'False'
[0.340s] Level 5:colcon.colcon_core.verb:set package 'classifier' build argument 'cmake_clean_cache' from command line to 'False'
[0.340s] Level 5:colcon.colcon_core.verb:set package 'classifier' build argument 'cmake_clean_first' from command line to 'False'
[0.340s] Level 5:colcon.colcon_core.verb:set package 'classifier' build argument 'cmake_force_configure' from command line to 'False'
[0.340s] Level 5:colcon.colcon_core.verb:set package 'classifier' build argument 'ament_cmake_args' from command line to 'None'
[0.340s] Level 5:colcon.colcon_core.verb:set package 'classifier' build argument 'catkin_cmake_args' from command line to 'None'
[0.340s] Level 5:colcon.colcon_core.verb:set package 'classifier' build argument 'catkin_skip_building_tests' from command line to 'False'
[0.340s] DEBUG:colcon.colcon_core.verb:Building package 'classifier' with the following arguments: {'ament_cmake_args': None, 'build_base': '/home/blake/M-LADIS-Jerry/ws_sensor_combined/build/classifier', 'catkin_cmake_args': None, 'catkin_skip_building_tests': False, 'cmake_args': None, 'cmake_clean_cache': False, 'cmake_clean_first': False, 'cmake_force_configure': False, 'cmake_target': None, 'cmake_target_skip_unavailable': False, 'install_base': '/home/blake/M-LADIS-Jerry/ws_sensor_combined/install/classifier', 'merge_install': False, 'path': '/home/blake/M-LADIS-Jerry/ws_sensor_combined/src/classifier', 'symlink_install': False, 'test_result_base': None}
[0.340s] Level 5:colcon.colcon_core.verb:set package 'localization' build argument 'cmake_args' from command line to 'None'
[0.340s] Level 5:colcon.colcon_core.verb:set package 'localization' build argument 'cmake_target' from command line to 'None'
[0.340s] Level 5:colcon.colcon_core.verb:set package 'localization' build argument 'cmake_target_skip_unavailable' from command line to 'False'
[0.340s] Level 5:colcon.colcon_core.verb:set package 'localization' build argument 'cmake_clean_cache' from command line to 'False'
[0.340s] Level 5:colcon.colcon_core.verb:set package 'localization' build argument 'cmake_clean_first' from command line to 'False'
[0.340s] Level 5:colcon.colcon_core.verb:set package 'localization' build argument 'cmake_force_configure' from command line to 'False'
[0.341s] Level 5:colcon.colcon_core.verb:set package 'localization' build argument 'ament_cmake_args' from command line to 'None'
[0.341s] Level 5:colcon.colcon_core.verb:set package 'localization' build argument 'catkin_cmake_args' from command line to 'None'
[0.341s] Level 5:colcon.colcon_core.verb:set package 'localization' build argument 'catkin_skip_building_tests' from command line to 'False'
[0.341s] DEBUG:colcon.colcon_core.verb:Building package 'localization' with the following arguments: {'ament_cmake_args': None, 'build_base': '/home/blake/M-LADIS-Jerry/ws_sensor_combined/build/localization', 'catkin_cmake_args': None, 'catkin_skip_building_tests': False, 'cmake_args': None, 'cmake_clean_cache': False, 'cmake_clean_first': False, 'cmake_force_configure': False, 'cmake_target': None, 'cmake_target_skip_unavailable': False, 'install_base': '/home/blake/M-LADIS-Jerry/ws_sensor_combined/install/localization', 'merge_install': False, 'path': '/home/blake/M-LADIS-Jerry/ws_sensor_combined/src/localization', 'symlink_install': False, 'test_result_base': None}
[0.341s] Level 5:colcon.colcon_core.verb:set package 'nearest_poster_yaw' build argument 'cmake_args' from command line to 'None'
[0.341s] Level 5:colcon.colcon_core.verb:set package 'nearest_poster_yaw' build argument 'cmake_target' from command line to 'None'
[0.341s] Level 5:colcon.colcon_core.verb:set package 'nearest_poster_yaw' build argument 'cmake_target_skip_unavailable' from command line to 'False'
[0.341s] Level 5:colcon.colcon_core.verb:set package 'nearest_poster_yaw' build argument 'cmake_clean_cache' from command line to 'False'
[0.341s] Level 5:colcon.colcon_core.verb:set package 'nearest_poster_yaw' build argument 'cmake_clean_first' from command line to 'False'
[0.341s] Level 5:colcon.colcon_core.verb:set package 'nearest_poster_yaw' build argument 'cmake_force_configure' from command line to 'False'
[0.341s] Level 5:colcon.colcon_core.verb:set package 'nearest_poster_yaw' build argument 'ament_cmake_args' from command line to 'None'
[0.341s] Level 5:colcon.colcon_core.verb:set package 'nearest_poster_yaw' build argument 'catkin_cmake_args' from command line to 'None'
[0.341s] Level 5:colcon.colcon_core.verb:set package 'nearest_poster_yaw' build argument 'catkin_skip_building_tests' from command line to 'False'
[0.341s] DEBUG:colcon.colcon_core.verb:Building package 'nearest_poster_yaw' with the following arguments: {'ament_cmake_args': None, 'build_base': '/home/blake/M-LADIS-Jerry/ws_sensor_combined/build/nearest_poster_yaw', 'catkin_cmake_args': None, 'catkin_skip_building_tests': False, 'cmake_args': None, 'cmake_clean_cache': False, 'cmake_clean_first': False, 'cmake_force_configure': False, 'cmake_target': None, 'cmake_target_skip_unavailable': False, 'install_base': '/home/blake/M-LADIS-Jerry/ws_sensor_combined/install/nearest_poster_yaw', 'merge_install': False, 'path': '/home/blake/M-LADIS-Jerry/ws_sensor_combined/src/nearest_poster_yaw', 'symlink_install': False, 'test_result_base': None}
[0.342s] Level 5:colcon.colcon_core.verb:set package 'px4_msgs' build argument 'cmake_args' from command line to 'None'
[0.342s] Level 5:colcon.colcon_core.verb:set package 'px4_msgs' build argument 'cmake_target' from command line to 'None'
[0.342s] Level 5:colcon.colcon_core.verb:set package 'px4_msgs' build argument 'cmake_target_skip_unavailable' from command line to 'False'
[0.342s] Level 5:colcon.colcon_core.verb:set package 'px4_msgs' build argument 'cmake_clean_cache' from command line to 'False'
[0.342s] Level 5:colcon.colcon_core.verb:set package 'px4_msgs' build argument 'cmake_clean_first' from command line to 'False'
[0.342s] Level 5:colcon.colcon_core.verb:set package 'px4_msgs' build argument 'cmake_force_configure' from command line to 'False'
[0.342s] Level 5:colcon.colcon_core.verb:set package 'px4_msgs' build argument 'ament_cmake_args' from command line to 'None'
[0.342s] Level 5:colcon.colcon_core.verb:set package 'px4_msgs' build argument 'catkin_cmake_args' from command line to 'None'
[0.342s] Level 5:colcon.colcon_core.verb:set package 'px4_msgs' build argument 'catkin_skip_building_tests' from command line to 'False'
[0.342s] DEBUG:colcon.colcon_core.verb:Building package 'px4_msgs' with the following arguments: {'ament_cmake_args': None, 'build_base': '/home/blake/M-LADIS-Jerry/ws_sensor_combined/build/px4_msgs', 'catkin_cmake_args': None, 'catkin_skip_building_tests': False, 'cmake_args': None, 'cmake_clean_cache': False, 'cmake_clean_first': False, 'cmake_force_configure': False, 'cmake_target': None, 'cmake_target_skip_unavailable': False, 'install_base': '/home/blake/M-LADIS-Jerry/ws_sensor_combined/install/px4_msgs', 'merge_install': False, 'path': '/home/blake/M-LADIS-Jerry/ws_sensor_combined/src/px4_msgs', 'symlink_install': False, 'test_result_base': None}
[0.343s] Level 5:colcon.colcon_core.verb:set package 'px4_ros_com' build argument 'cmake_args' from command line to 'None'
[0.343s] Level 5:colcon.colcon_core.verb:set package 'px4_ros_com' build argument 'cmake_target' from command line to 'None'
[0.343s] Level 5:colcon.colcon_core.verb:set package 'px4_ros_com' build argument 'cmake_target_skip_unavailable' from command line to 'False'
[0.343s] Level 5:colcon.colcon_core.verb:set package 'px4_ros_com' build argument 'cmake_clean_cache' from command line to 'False'
[0.343s] Level 5:colcon.colcon_core.verb:set package 'px4_ros_com' build argument 'cmake_clean_first' from command line to 'False'
[0.343s] Level 5:colcon.colcon_core.verb:set package 'px4_ros_com' build argument 'cmake_force_configure' from command line to 'False'
[0.343s] Level 5:colcon.colcon_core.verb:set package 'px4_ros_com' build argument 'ament_cmake_args' from command line to 'None'
[0.343s] Level 5:colcon.colcon_core.verb:set package 'px4_ros_com' build argument 'catkin_cmake_args' from command line to 'None'
[0.343s] Level 5:colcon.colcon_core.verb:set package 'px4_ros_com' build argument 'catkin_skip_building_tests' from command line to 'False'
[0.343s] DEBUG:colcon.colcon_core.verb:Building package 'px4_ros_com' with the following arguments: {'ament_cmake_args': None, 'build_base': '/home/blake/M-LADIS-Jerry/ws_sensor_combined/build/px4_ros_com', 'catkin_cmake_args': None, 'catkin_skip_building_tests': False, 'cmake_args': None, 'cmake_clean_cache': False, 'cmake_clean_first': False, 'cmake_force_configure': False, 'cmake_target': None, 'cmake_target_skip_unavailable': False, 'install_base': '/home/blake/M-LADIS-Jerry/ws_sensor_combined/install/px4_ros_com', 'merge_install': False, 'path': '/home/blake/M-LADIS-Jerry/ws_sensor_combined/src/px4_ros_com', 'symlink_install': False, 'test_result_base': None}
[0.343s] INFO:colcon.colcon_core.executor:Executing jobs using 'parallel' executor
[0.344s] DEBUG:colcon.colcon_parallel_executor.executor.parallel:run_until_complete
[0.344s] INFO:colcon.colcon_ros.task.ament_cmake.build:Building ROS package in '/home/blake/M-LADIS-Jerry/ws_sensor_combined/src/px4_msgs' with build type 'ament_cmake'
[0.344s] INFO:colcon.colcon_cmake.task.cmake.build:Building CMake package in '/home/blake/M-LADIS-Jerry/ws_sensor_combined/src/px4_msgs'
[0.346s] INFO:colcon.colcon_core.plugin_system:Skipping extension 'colcon_core.shell.bat': Not used on non-Windows systems
[0.347s] INFO:colcon.colcon_core.shell:Skip shell extension 'powershell' for command environment: Not usable outside of PowerShell
[0.347s] DEBUG:colcon.colcon_core.shell:Skip shell extension 'dsv' for command environment
[0.349s] INFO:colcon.colcon_ros.task.ament_cmake.build:Building ROS package in '/home/blake/M-LADIS-Jerry/ws_sensor_combined/src/classifier' with build type 'ament_cmake'
[0.350s] INFO:colcon.colcon_cmake.task.cmake.build:Building CMake package in '/home/blake/M-LADIS-Jerry/ws_sensor_combined/src/classifier'
[0.350s] INFO:colcon.colcon_core.shell:Skip shell extension 'powershell' for command environment: Not usable outside of PowerShell
[0.350s] DEBUG:colcon.colcon_core.shell:Skip shell extension 'dsv' for command environment
[0.352s] INFO:colcon.colcon_ros.task.ament_cmake.build:Building ROS package in '/home/blake/M-LADIS-Jerry/ws_sensor_combined/src/localization' with build type 'ament_cmake'
[0.353s] INFO:colcon.colcon_cmake.task.cmake.build:Building CMake package in '/home/blake/M-LADIS-Jerry/ws_sensor_combined/src/localization'
[0.353s] INFO:colcon.colcon_core.shell:Skip shell extension 'powershell' for command environment: Not usable outside of PowerShell
[0.353s] DEBUG:colcon.colcon_core.shell:Skip shell extension 'dsv' for command environment
[0.355s] INFO:colcon.colcon_ros.task.ament_cmake.build:Building ROS package in '/home/blake/M-LADIS-Jerry/ws_sensor_combined/src/nearest_poster_yaw' with build type 'ament_cmake'
[0.355s] INFO:colcon.colcon_cmake.task.cmake.build:Building CMake package in '/home/blake/M-LADIS-Jerry/ws_sensor_combined/src/nearest_poster_yaw'
[0.355s] INFO:colcon.colcon_core.shell:Skip shell extension 'powershell' for command environment: Not usable outside of PowerShell
[0.355s] DEBUG:colcon.colcon_core.shell:Skip shell extension 'dsv' for command environment
[0.362s] DEBUG:colcon.colcon_core.event_handler.log_command:Invoking command in '/home/blake/M-LADIS-Jerry/ws_sensor_combined/build/px4_msgs': CMAKE_PREFIX_PATH=${CMAKE_PREFIX_PATH}:/opt/ros/humble /usr/bin/cmake --build /home/blake/M-LADIS-Jerry/ws_sensor_combined/build/px4_msgs -- -j12 -l12
[0.364s] DEBUG:colcon.colcon_core.event_handler.log_command:Invoking command in '/home/blake/M-LADIS-Jerry/ws_sensor_combined/build/classifier': CMAKE_PREFIX_PATH=${CMAKE_PREFIX_PATH}:/opt/ros/humble /usr/bin/cmake --build /home/blake/M-LADIS-Jerry/ws_sensor_combined/build/classifier -- -j12 -l12
[0.368s] DEBUG:colcon.colcon_core.event_handler.log_command:Invoking command in '/home/blake/M-LADIS-Jerry/ws_sensor_combined/build/localization': CMAKE_PREFIX_PATH=${CMAKE_PREFIX_PATH}:/opt/ros/humble /usr/bin/cmake --build /home/blake/M-LADIS-Jerry/ws_sensor_combined/build/localization -- -j12 -l12
[0.371s] DEBUG:colcon.colcon_core.event_handler.log_command:Invoking command in '/home/blake/M-LADIS-Jerry/ws_sensor_combined/build/nearest_poster_yaw': CMAKE_PREFIX_PATH=${CMAKE_PREFIX_PATH}:/opt/ros/humble /usr/bin/cmake --build /home/blake/M-LADIS-Jerry/ws_sensor_combined/build/nearest_poster_yaw -- -j12 -l12
[0.418s] DEBUG:colcon.colcon_core.event_handler.log_command:Invoked command in '/home/blake/M-LADIS-Jerry/ws_sensor_combined/build/classifier' returned '0': CMAKE_PREFIX_PATH=${CMAKE_PREFIX_PATH}:/opt/ros/humble /usr/bin/cmake --build /home/blake/M-LADIS-Jerry/ws_sensor_combined/build/classifier -- -j12 -l12
[0.422s] DEBUG:colcon.colcon_core.event_handler.log_command:Invoked command in '/home/blake/M-LADIS-Jerry/ws_sensor_combined/build/localization' returned '0': CMAKE_PREFIX_PATH=${CMAKE_PREFIX_PATH}:/opt/ros/humble /usr/bin/cmake --build /home/blake/M-LADIS-Jerry/ws_sensor_combined/build/localization -- -j12 -l12
[0.431s] DEBUG:colcon.colcon_core.event_handler.log_command:Invoked command in '/home/blake/M-LADIS-Jerry/ws_sensor_combined/build/nearest_poster_yaw' returned '0': CMAKE_PREFIX_PATH=${CMAKE_PREFIX_PATH}:/opt/ros/humble /usr/bin/cmake --build /home/blake/M-LADIS-Jerry/ws_sensor_combined/build/nearest_poster_yaw -- -j12 -l12
[0.448s] DEBUG:colcon.colcon_core.event_handler.log_command:Invoking command in '/home/blake/M-LADIS-Jerry/ws_sensor_combined/build/localization': CMAKE_PREFIX_PATH=${CMAKE_PREFIX_PATH}:/opt/ros/humble /usr/bin/cmake --install /home/blake/M-LADIS-Jerry/ws_sensor_combined/build/localization
[0.450s] DEBUG:colcon.colcon_core.event_handler.log_command:Invoking command in '/home/blake/M-LADIS-Jerry/ws_sensor_combined/build/classifier': CMAKE_PREFIX_PATH=${CMAKE_PREFIX_PATH}:/opt/ros/humble /usr/bin/cmake --install /home/blake/M-LADIS-Jerry/ws_sensor_combined/build/classifier
[0.452s] DEBUG:colcon.colcon_core.event_handler.log_command:Invoking command in '/home/blake/M-LADIS-Jerry/ws_sensor_combined/build/nearest_poster_yaw': CMAKE_PREFIX_PATH=${CMAKE_PREFIX_PATH}:/opt/ros/humble /usr/bin/cmake --install /home/blake/M-LADIS-Jerry/ws_sensor_combined/build/nearest_poster_yaw
[0.457s] Level 1:colcon.colcon_core.environment:create_environment_scripts_only(localization)
[0.460s] DEBUG:colcon.colcon_core.event_handler.log_command:Invoked command in '/home/blake/M-LADIS-Jerry/ws_sensor_combined/build/localization' returned '0': CMAKE_PREFIX_PATH=${CMAKE_PREFIX_PATH}:/opt/ros/humble /usr/bin/cmake --install /home/blake/M-LADIS-Jerry/ws_sensor_combined/build/localization
[0.463s] Level 1:colcon.colcon_core.environment:checking '/home/blake/M-LADIS-Jerry/ws_sensor_combined/install/localization' for CMake module files
[0.464s] Level 1:colcon.colcon_core.environment:checking '/home/blake/M-LADIS-Jerry/ws_sensor_combined/install/localization' for CMake config files
[0.464s] Level 1:colcon.colcon_core.shell:create_environment_hook('localization', 'cmake_prefix_path')
[0.464s] INFO:colcon.colcon_core.shell:Creating environment hook '/home/blake/M-LADIS-Jerry/ws_sensor_combined/install/localization/share/localization/hook/cmake_prefix_path.ps1'
[0.465s] INFO:colcon.colcon_core.shell:Creating environment descriptor '/home/blake/M-LADIS-Jerry/ws_sensor_combined/install/localization/share/localization/hook/cmake_prefix_path.dsv'
[0.465s] INFO:colcon.colcon_core.shell:Creating environment hook '/home/blake/M-LADIS-Jerry/ws_sensor_combined/install/localization/share/localization/hook/cmake_prefix_path.sh'
[0.466s] Level 1:colcon.colcon_core.environment:checking '/home/blake/M-LADIS-Jerry/ws_sensor_combined/install/localization/lib'
[0.466s] Level 1:colcon.colcon_core.environment:checking '/home/blake/M-LADIS-Jerry/ws_sensor_combined/install/localization/bin'
[0.466s] Level 1:colcon.colcon_core.environment:checking '/home/blake/M-LADIS-Jerry/ws_sensor_combined/install/localization/lib/pkgconfig/localization.pc'
[0.466s] Level 1:colcon.colcon_core.environment:checking '/home/blake/M-LADIS-Jerry/ws_sensor_combined/install/localization/lib/python3.10/site-packages'
[0.466s] Level 1:colcon.colcon_core.environment:checking '/home/blake/M-LADIS-Jerry/ws_sensor_combined/install/localization/bin'
[0.467s] INFO:colcon.colcon_core.shell:Creating package script '/home/blake/M-LADIS-Jerry/ws_sensor_combined/install/localization/share/localization/package.ps1'
[0.467s] INFO:colcon.colcon_core.shell:Creating package descriptor '/home/blake/M-LADIS-Jerry/ws_sensor_combined/install/localization/share/localization/package.dsv'
[0.468s] INFO:colcon.colcon_core.shell:Creating package script '/home/blake/M-LADIS-Jerry/ws_sensor_combined/install/localization/share/localization/package.sh'
[0.469s] INFO:colcon.colcon_core.shell:Creating package script '/home/blake/M-LADIS-Jerry/ws_sensor_combined/install/localization/share/localization/package.bash'
[0.469s] INFO:colcon.colcon_core.shell:Creating package script '/home/blake/M-LADIS-Jerry/ws_sensor_combined/install/localization/share/localization/package.zsh'
[0.470s] Level 1:colcon.colcon_core.environment:create_file_with_runtime_dependencies(/home/blake/M-LADIS-Jerry/ws_sensor_combined/install/localization/share/colcon-core/packages/localization)
[0.472s] Level 1:colcon.colcon_core.environment:create_environment_scripts_only(classifier)
[0.472s] Level 1:colcon.colcon_core.environment:checking '/home/blake/M-LADIS-Jerry/ws_sensor_combined/install/classifier' for CMake module files
[0.473s] DEBUG:colcon.colcon_core.event_handler.log_command:Invoked command in '/home/blake/M-LADIS-Jerry/ws_sensor_combined/build/classifier' returned '0': CMAKE_PREFIX_PATH=${CMAKE_PREFIX_PATH}:/opt/ros/humble /usr/bin/cmake --install /home/blake/M-LADIS-Jerry/ws_sensor_combined/build/classifier
[0.473s] Level 1:colcon.colcon_core.environment:checking '/home/blake/M-LADIS-Jerry/ws_sensor_combined/install/classifier' for CMake config files
[0.474s] Level 1:colcon.colcon_core.shell:create_environment_hook('classifier', 'cmake_prefix_path')
[0.474s] INFO:colcon.colcon_core.shell:Creating environment hook '/home/blake/M-LADIS-Jerry/ws_sensor_combined/install/classifier/share/classifier/hook/cmake_prefix_path.ps1'
[0.474s] INFO:colcon.colcon_core.shell:Creating environment descriptor '/home/blake/M-LADIS-Jerry/ws_sensor_combined/install/classifier/share/classifier/hook/cmake_prefix_path.dsv'
[0.475s] INFO:colcon.colcon_core.shell:Creating environment hook '/home/blake/M-LADIS-Jerry/ws_sensor_combined/install/classifier/share/classifier/hook/cmake_prefix_path.sh'
[0.475s] Level 1:colcon.colcon_core.environment:checking '/home/blake/M-LADIS-Jerry/ws_sensor_combined/install/classifier/lib'
[0.475s] Level 1:colcon.colcon_core.environment:checking '/home/blake/M-LADIS-Jerry/ws_sensor_combined/install/classifier/bin'
[0.476s] Level 1:colcon.colcon_core.environment:checking '/home/blake/M-LADIS-Jerry/ws_sensor_combined/install/classifier/lib/pkgconfig/classifier.pc'
[0.476s] Level 1:colcon.colcon_core.environment:checking '/home/blake/M-LADIS-Jerry/ws_sensor_combined/install/classifier/lib/python3.10/site-packages'
[0.476s] Level 1:colcon.colcon_core.environment:checking '/home/blake/M-LADIS-Jerry/ws_sensor_combined/install/classifier/bin'
[0.477s] INFO:colcon.colcon_core.shell:Creating package script '/home/blake/M-LADIS-Jerry/ws_sensor_combined/install/classifier/share/classifier/package.ps1'
[0.477s] INFO:colcon.colcon_core.shell:Creating package descriptor '/home/blake/M-LADIS-Jerry/ws_sensor_combined/install/classifier/share/classifier/package.dsv'
[0.477s] INFO:colcon.colcon_core.shell:Creating package script '/home/blake/M-LADIS-Jerry/ws_sensor_combined/install/classifier/share/classifier/package.sh'
[0.478s] INFO:colcon.colcon_core.shell:Creating package script '/home/blake/M-LADIS-Jerry/ws_sensor_combined/install/classifier/share/classifier/package.bash'
[0.478s] INFO:colcon.colcon_core.shell:Creating package script '/home/blake/M-LADIS-Jerry/ws_sensor_combined/install/classifier/share/classifier/package.zsh'
[0.479s] Level 1:colcon.colcon_core.environment:create_file_with_runtime_dependencies(/home/blake/M-LADIS-Jerry/ws_sensor_combined/install/classifier/share/colcon-core/packages/classifier)
[0.480s] Level 1:colcon.colcon_core.environment:create_environment_scripts_only(nearest_poster_yaw)
[0.480s] Level 1:colcon.colcon_core.environment:checking '/home/blake/M-LADIS-Jerry/ws_sensor_combined/install/nearest_poster_yaw' for CMake module files
[0.481s] DEBUG:colcon.colcon_core.event_handler.log_command:Invoked command in '/home/blake/M-LADIS-Jerry/ws_sensor_combined/build/nearest_poster_yaw' returned '0': CMAKE_PREFIX_PATH=${CMAKE_PREFIX_PATH}:/opt/ros/humble /usr/bin/cmake --install /home/blake/M-LADIS-Jerry/ws_sensor_combined/build/nearest_poster_yaw
[0.481s] Level 1:colcon.colcon_core.environment:checking '/home/blake/M-LADIS-Jerry/ws_sensor_combined/install/nearest_poster_yaw' for CMake config files
[0.481s] Level 1:colcon.colcon_core.shell:create_environment_hook('nearest_poster_yaw', 'cmake_prefix_path')
[0.481s] INFO:colcon.colcon_core.shell:Creating environment hook '/home/blake/M-LADIS-Jerry/ws_sensor_combined/install/nearest_poster_yaw/share/nearest_poster_yaw/hook/cmake_prefix_path.ps1'
[0.482s] INFO:colcon.colcon_core.shell:Creating environment descriptor '/home/blake/M-LADIS-Jerry/ws_sensor_combined/install/nearest_poster_yaw/share/nearest_poster_yaw/hook/cmake_prefix_path.dsv'
[0.482s] INFO:colcon.colcon_core.shell:Creating environment hook '/home/blake/M-LADIS-Jerry/ws_sensor_combined/install/nearest_poster_yaw/share/nearest_poster_yaw/hook/cmake_prefix_path.sh'
[0.482s] Level 1:colcon.colcon_core.environment:checking '/home/blake/M-LADIS-Jerry/ws_sensor_combined/install/nearest_poster_yaw/lib'
[0.483s] Level 1:colcon.colcon_core.environment:checking '/home/blake/M-LADIS-Jerry/ws_sensor_combined/install/nearest_poster_yaw/bin'
[0.483s] Level 1:colcon.colcon_core.environment:checking '/home/blake/M-LADIS-Jerry/ws_sensor_combined/install/nearest_poster_yaw/lib/pkgconfig/nearest_poster_yaw.pc'
[0.483s] Level 1:colcon.colcon_core.environment:checking '/home/blake/M-LADIS-Jerry/ws_sensor_combined/install/nearest_poster_yaw/lib/python3.10/site-packages'
[0.483s] Level 1:colcon.colcon_core.environment:checking '/home/blake/M-LADIS-Jerry/ws_sensor_combined/install/nearest_poster_yaw/bin'
[0.483s] INFO:colcon.colcon_core.shell:Creating package script '/home/blake/M-LADIS-Jerry/ws_sensor_combined/install/nearest_poster_yaw/share/nearest_poster_yaw/package.ps1'
[0.484s] INFO:colcon.colcon_core.shell:Creating package descriptor '/home/blake/M-LADIS-Jerry/ws_sensor_combined/install/nearest_poster_yaw/share/nearest_poster_yaw/package.dsv'
[0.484s] INFO:colcon.colcon_core.shell:Creating package script '/home/blake/M-LADIS-Jerry/ws_sensor_combined/install/nearest_poster_yaw/share/nearest_poster_yaw/package.sh'
[0.484s] INFO:colcon.colcon_core.shell:Creating package script '/home/blake/M-LADIS-Jerry/ws_sensor_combined/install/nearest_poster_yaw/share/nearest_poster_yaw/package.bash'
[0.485s] INFO:colcon.colcon_core.shell:Creating package script '/home/blake/M-LADIS-Jerry/ws_sensor_combined/install/nearest_poster_yaw/share/nearest_poster_yaw/package.zsh'
[0.485s] Level 1:colcon.colcon_core.environment:create_file_with_runtime_dependencies(/home/blake/M-LADIS-Jerry/ws_sensor_combined/install/nearest_poster_yaw/share/colcon-core/packages/nearest_poster_yaw)
[0.491s] Level 1:colcon.colcon_core.environment:create_environment_scripts_only(localization)
[0.491s] Level 1:colcon.colcon_core.environment:checking '/home/blake/M-LADIS-Jerry/ws_sensor_combined/install/localization' for CMake module files
[0.492s] Level 1:colcon.colcon_core.environment:checking '/home/blake/M-LADIS-Jerry/ws_sensor_combined/install/localization' for CMake config files
[0.492s] Level 1:colcon.colcon_core.shell:create_environment_hook('localization', 'cmake_prefix_path')
[0.492s] INFO:colcon.colcon_core.shell:Creating environment hook '/home/blake/M-LADIS-Jerry/ws_sensor_combined/install/localization/share/localization/hook/cmake_prefix_path.ps1'
[0.493s] INFO:colcon.colcon_core.shell:Creating environment descriptor '/home/blake/M-LADIS-Jerry/ws_sensor_combined/install/localization/share/localization/hook/cmake_prefix_path.dsv'
[0.493s] INFO:colcon.colcon_core.shell:Creating environment hook '/home/blake/M-LADIS-Jerry/ws_sensor_combined/install/localization/share/localization/hook/cmake_prefix_path.sh'
[0.494s] Level 1:colcon.colcon_core.environment:checking '/home/blake/M-LADIS-Jerry/ws_sensor_combined/install/localization/lib'
[0.494s] Level 1:colcon.colcon_core.environment:checking '/home/blake/M-LADIS-Jerry/ws_sensor_combined/install/localization/bin'
[0.494s] Level 1:colcon.colcon_core.environment:checking '/home/blake/M-LADIS-Jerry/ws_sensor_combined/install/localization/lib/pkgconfig/localization.pc'
[0.494s] Level 1:colcon.colcon_core.environment:checking '/home/blake/M-LADIS-Jerry/ws_sensor_combined/install/localization/lib/python3.10/site-packages'
[0.495s] Level 1:colcon.colcon_core.environment:checking '/home/blake/M-LADIS-Jerry/ws_sensor_combined/install/localization/bin'
[0.495s] INFO:colcon.colcon_core.shell:Creating package script '/home/blake/M-LADIS-Jerry/ws_sensor_combined/install/localization/share/localization/package.ps1'
[0.495s] INFO:colcon.colcon_core.shell:Creating package descriptor '/home/blake/M-LADIS-Jerry/ws_sensor_combined/install/localization/share/localization/package.dsv'
[0.496s] INFO:colcon.colcon_core.shell:Creating package script '/home/blake/M-LADIS-Jerry/ws_sensor_combined/install/localization/share/localization/package.sh'
[0.496s] INFO:colcon.colcon_core.shell:Creating package script '/home/blake/M-LADIS-Jerry/ws_sensor_combined/install/localization/share/localization/package.bash'
[0.497s] INFO:colcon.colcon_core.shell:Creating package script '/home/blake/M-LADIS-Jerry/ws_sensor_combined/install/localization/share/localization/package.zsh'
[0.497s] Level 1:colcon.colcon_core.environment:create_file_with_runtime_dependencies(/home/blake/M-LADIS-Jerry/ws_sensor_combined/install/localization/share/colcon-core/packages/localization)
[0.500s] Level 1:colcon.colcon_core.environment:create_environment_scripts_only(classifier)
[0.500s] Level 1:colcon.colcon_core.environment:checking '/home/blake/M-LADIS-Jerry/ws_sensor_combined/install/classifier' for CMake module files
[0.500s] Level 1:colcon.colcon_core.environment:checking '/home/blake/M-LADIS-Jerry/ws_sensor_combined/install/classifier' for CMake config files
[0.500s] Level 1:colcon.colcon_core.shell:create_environment_hook('classifier', 'cmake_prefix_path')
[0.501s] INFO:colcon.colcon_core.shell:Creating environment hook '/home/blake/M-LADIS-Jerry/ws_sensor_combined/install/classifier/share/classifier/hook/cmake_prefix_path.ps1'
[0.501s] INFO:colcon.colcon_core.shell:Creating environment descriptor '/home/blake/M-LADIS-Jerry/ws_sensor_combined/install/classifier/share/classifier/hook/cmake_prefix_path.dsv'
[0.502s] INFO:colcon.colcon_core.shell:Creating environment hook '/home/blake/M-LADIS-Jerry/ws_sensor_combined/install/classifier/share/classifier/hook/cmake_prefix_path.sh'
[0.502s] Level 1:colcon.colcon_core.environment:checking '/home/blake/M-LADIS-Jerry/ws_sensor_combined/install/classifier/lib'
[0.502s] Level 1:colcon.colcon_core.environment:checking '/home/blake/M-LADIS-Jerry/ws_sensor_combined/install/classifier/bin'
[0.502s] Level 1:colcon.colcon_core.environment:checking '/home/blake/M-LADIS-Jerry/ws_sensor_combined/install/classifier/lib/pkgconfig/classifier.pc'
[0.503s] Level 1:colcon.colcon_core.environment:checking '/home/blake/M-LADIS-Jerry/ws_sensor_combined/install/classifier/lib/python3.10/site-packages'
[0.503s] Level 1:colcon.colcon_core.environment:checking '/home/blake/M-LADIS-Jerry/ws_sensor_combined/install/classifier/bin'
[0.503s] INFO:colcon.colcon_core.shell:Creating package script '/home/blake/M-LADIS-Jerry/ws_sensor_combined/install/classifier/share/classifier/package.ps1'
[0.504s] INFO:colcon.colcon_core.shell:Creating package descriptor '/home/blake/M-LADIS-Jerry/ws_sensor_combined/install/classifier/share/classifier/package.dsv'
[0.504s] INFO:colcon.colcon_core.shell:Creating package script '/home/blake/M-LADIS-Jerry/ws_sensor_combined/install/classifier/share/classifier/package.sh'
[0.505s] INFO:colcon.colcon_core.shell:Creating package script '/home/blake/M-LADIS-Jerry/ws_sensor_combined/install/classifier/share/classifier/package.bash'
[0.505s] INFO:colcon.colcon_core.shell:Creating package script '/home/blake/M-LADIS-Jerry/ws_sensor_combined/install/classifier/share/classifier/package.zsh'
[0.505s] Level 1:colcon.colcon_core.environment:create_file_with_runtime_dependencies(/home/blake/M-LADIS-Jerry/ws_sensor_combined/install/classifier/share/colcon-core/packages/classifier)
[0.506s] Level 1:colcon.colcon_core.environment:create_environment_scripts_only(nearest_poster_yaw)
[0.507s] Level 1:colcon.colcon_core.environment:checking '/home/blake/M-LADIS-Jerry/ws_sensor_combined/install/nearest_poster_yaw' for CMake module files
[0.507s] Level 1:colcon.colcon_core.environment:checking '/home/blake/M-LADIS-Jerry/ws_sensor_combined/install/nearest_poster_yaw' for CMake config files
[0.507s] Level 1:colcon.colcon_core.shell:create_environment_hook('nearest_poster_yaw', 'cmake_prefix_path')
[0.507s] INFO:colcon.colcon_core.shell:Creating environment hook '/home/blake/M-LADIS-Jerry/ws_sensor_combined/install/nearest_poster_yaw/share/nearest_poster_yaw/hook/cmake_prefix_path.ps1'
[0.508s] INFO:colcon.colcon_core.shell:Creating environment descriptor '/home/blake/M-LADIS-Jerry/ws_sensor_combined/install/nearest_poster_yaw/share/nearest_poster_yaw/hook/cmake_prefix_path.dsv'
[0.508s] INFO:colcon.colcon_core.shell:Creating environment hook '/home/blake/M-LADIS-Jerry/ws_sensor_combined/install/nearest_poster_yaw/share/nearest_poster_yaw/hook/cmake_prefix_path.sh'
[0.508s] Level 1:colcon.colcon_core.environment:checking '/home/blake/M-LADIS-Jerry/ws_sensor_combined/install/nearest_poster_yaw/lib'
[0.508s] Level 1:colcon.colcon_core.environment:checking '/home/blake/M-LADIS-Jerry/ws_sensor_combined/install/nearest_poster_yaw/bin'
[0.508s] Level 1:colcon.colcon_core.environment:checking '/home/blake/M-LADIS-Jerry/ws_sensor_combined/install/nearest_poster_yaw/lib/pkgconfig/nearest_poster_yaw.pc'
[0.509s] Level 1:colcon.colcon_core.environment:checking '/home/blake/M-LADIS-Jerry/ws_sensor_combined/install/nearest_poster_yaw/lib/python3.10/site-packages'
[0.509s] Level 1:colcon.colcon_core.environment:checking '/home/blake/M-LADIS-Jerry/ws_sensor_combined/install/nearest_poster_yaw/bin'
[0.509s] INFO:colcon.colcon_core.shell:Creating package script '/home/blake/M-LADIS-Jerry/ws_sensor_combined/install/nearest_poster_yaw/share/nearest_poster_yaw/package.ps1'
[0.510s] INFO:colcon.colcon_core.shell:Creating package descriptor '/home/blake/M-LADIS-Jerry/ws_sensor_combined/install/nearest_poster_yaw/share/nearest_poster_yaw/package.dsv'
[0.510s] INFO:colcon.colcon_core.shell:Creating package script '/home/blake/M-LADIS-Jerry/ws_sensor_combined/install/nearest_poster_yaw/share/nearest_poster_yaw/package.sh'
[0.510s] INFO:colcon.colcon_core.shell:Creating package script '/home/blake/M-LADIS-Jerry/ws_sensor_combined/install/nearest_poster_yaw/share/nearest_poster_yaw/package.bash'
[0.511s] INFO:colcon.colcon_core.shell:Creating package script '/home/blake/M-LADIS-Jerry/ws_sensor_combined/install/nearest_poster_yaw/share/nearest_poster_yaw/package.zsh'
[0.511s] Level 1:colcon.colcon_core.environment:create_file_with_runtime_dependencies(/home/blake/M-LADIS-Jerry/ws_sensor_combined/install/nearest_poster_yaw/share/colcon-core/packages/nearest_poster_yaw)
[1.310s] DEBUG:colcon.colcon_core.event_handler.log_command:Invoked command in '/home/blake/M-LADIS-Jerry/ws_sensor_combined/build/px4_msgs' returned '0': CMAKE_PREFIX_PATH=${CMAKE_PREFIX_PATH}:/opt/ros/humble /usr/bin/cmake --build /home/blake/M-LADIS-Jerry/ws_sensor_combined/build/px4_msgs -- -j12 -l12
[3.875s] DEBUG:colcon.colcon_core.event_handler.log_command:Invoking command in '/home/blake/M-LADIS-Jerry/ws_sensor_combined/build/px4_msgs': CMAKE_PREFIX_PATH=${CMAKE_PREFIX_PATH}:/opt/ros/humble /usr/bin/cmake --install /home/blake/M-LADIS-Jerry/ws_sensor_combined/build/px4_msgs
[4.101s] Level 1:colcon.colcon_core.environment:create_environment_scripts_only(px4_msgs)
[4.102s] Level 1:colcon.colcon_core.environment:checking '/home/blake/M-LADIS-Jerry/ws_sensor_combined/install/px4_msgs' for CMake module files
[4.108s] Level 1:colcon.colcon_core.environment:checking '/home/blake/M-LADIS-Jerry/ws_sensor_combined/install/px4_msgs' for CMake config files
[4.123s] Level 1:colcon.colcon_core.shell:create_environment_hook('px4_msgs', 'cmake_prefix_path')
[4.124s] INFO:colcon.colcon_core.shell:Creating environment hook '/home/blake/M-LADIS-Jerry/ws_sensor_combined/install/px4_msgs/share/px4_msgs/hook/cmake_prefix_path.ps1'
[4.124s] INFO:colcon.colcon_core.shell:Creating environment descriptor '/home/blake/M-LADIS-Jerry/ws_sensor_combined/install/px4_msgs/share/px4_msgs/hook/cmake_prefix_path.dsv'
[4.125s] INFO:colcon.colcon_core.shell:Creating environment hook '/home/blake/M-LADIS-Jerry/ws_sensor_combined/install/px4_msgs/share/px4_msgs/hook/cmake_prefix_path.sh'
[4.125s] Level 1:colcon.colcon_core.environment:checking '/home/blake/M-LADIS-Jerry/ws_sensor_combined/install/px4_msgs/lib'
[4.125s] Level 1:colcon.colcon_core.shell:create_environment_hook('px4_msgs', 'ld_library_path_lib')
[4.126s] INFO:colcon.colcon_core.shell:Creating environment hook '/home/blake/M-LADIS-Jerry/ws_sensor_combined/install/px4_msgs/share/px4_msgs/hook/ld_library_path_lib.ps1'
[4.126s] INFO:colcon.colcon_core.shell:Creating environment descriptor '/home/blake/M-LADIS-Jerry/ws_sensor_combined/install/px4_msgs/share/px4_msgs/hook/ld_library_path_lib.dsv'
[4.127s] INFO:colcon.colcon_core.shell:Creating environment hook '/home/blake/M-LADIS-Jerry/ws_sensor_combined/install/px4_msgs/share/px4_msgs/hook/ld_library_path_lib.sh'
[4.127s] Level 1:colcon.colcon_core.environment:checking '/home/blake/M-LADIS-Jerry/ws_sensor_combined/install/px4_msgs/bin'
[4.127s] Level 1:colcon.colcon_core.environment:checking '/home/blake/M-LADIS-Jerry/ws_sensor_combined/install/px4_msgs/lib/pkgconfig/px4_msgs.pc'
[4.128s] Level 1:colcon.colcon_core.environment:checking '/home/blake/M-LADIS-Jerry/ws_sensor_combined/install/px4_msgs/lib/python3.10/site-packages'
[4.128s] Level 1:colcon.colcon_core.environment:checking '/home/blake/M-LADIS-Jerry/ws_sensor_combined/install/px4_msgs/bin'
[4.128s] INFO:colcon.colcon_core.shell:Creating package script '/home/blake/M-LADIS-Jerry/ws_sensor_combined/install/px4_msgs/share/px4_msgs/package.ps1'
[4.129s] INFO:colcon.colcon_core.shell:Creating package descriptor '/home/blake/M-LADIS-Jerry/ws_sensor_combined/install/px4_msgs/share/px4_msgs/package.dsv'
[4.129s] INFO:colcon.colcon_core.shell:Creating package script '/home/blake/M-LADIS-Jerry/ws_sensor_combined/install/px4_msgs/share/px4_msgs/package.sh'
[4.130s] INFO:colcon.colcon_core.shell:Creating package script '/home/blake/M-LADIS-Jerry/ws_sensor_combined/install/px4_msgs/share/px4_msgs/package.bash'
[4.130s] INFO:colcon.colcon_core.shell:Creating package script '/home/blake/M-LADIS-Jerry/ws_sensor_combined/install/px4_msgs/share/px4_msgs/package.zsh'
[4.131s] Level 1:colcon.colcon_core.environment:create_file_with_runtime_dependencies(/home/blake/M-LADIS-Jerry/ws_sensor_combined/install/px4_msgs/share/colcon-core/packages/px4_msgs)
[4.159s] DEBUG:colcon.colcon_core.event_handler.log_command:Invoked command in '/home/blake/M-LADIS-Jerry/ws_sensor_combined/build/px4_msgs' returned '0': CMAKE_PREFIX_PATH=${CMAKE_PREFIX_PATH}:/opt/ros/humble /usr/bin/cmake --install /home/blake/M-LADIS-Jerry/ws_sensor_combined/build/px4_msgs
[6.923s] Level 1:colcon.colcon_core.environment:create_environment_scripts_only(px4_msgs)
[6.923s] Level 1:colcon.colcon_core.environment:checking '/home/blake/M-LADIS-Jerry/ws_sensor_combined/install/px4_msgs' for CMake module files
[6.924s] Level 1:colcon.colcon_core.environment:checking '/home/blake/M-LADIS-Jerry/ws_sensor_combined/install/px4_msgs' for CMake config files
[6.927s] Level 1:colcon.colcon_core.shell:create_environment_hook('px4_msgs', 'cmake_prefix_path')
[6.927s] INFO:colcon.colcon_core.shell:Creating environment hook '/home/blake/M-LADIS-Jerry/ws_sensor_combined/install/px4_msgs/share/px4_msgs/hook/cmake_prefix_path.ps1'
[6.927s] INFO:colcon.colcon_core.shell:Creating environment descriptor '/home/blake/M-LADIS-Jerry/ws_sensor_combined/install/px4_msgs/share/px4_msgs/hook/cmake_prefix_path.dsv'
[6.928s] INFO:colcon.colcon_core.shell:Creating environment hook '/home/blake/M-LADIS-Jerry/ws_sensor_combined/install/px4_msgs/share/px4_msgs/hook/cmake_prefix_path.sh'
[6.928s] Level 1:colcon.colcon_core.environment:checking '/home/blake/M-LADIS-Jerry/ws_sensor_combined/install/px4_msgs/lib'
[6.928s] Level 1:colcon.colcon_core.shell:create_environment_hook('px4_msgs', 'ld_library_path_lib')
[6.928s] INFO:colcon.colcon_core.shell:Creating environment hook '/home/blake/M-LADIS-Jerry/ws_sensor_combined/install/px4_msgs/share/px4_msgs/hook/ld_library_path_lib.ps1'
[6.929s] INFO:colcon.colcon_core.shell:Creating environment descriptor '/home/blake/M-LADIS-Jerry/ws_sensor_combined/install/px4_msgs/share/px4_msgs/hook/ld_library_path_lib.dsv'
[6.929s] INFO:colcon.colcon_core.shell:Creating environment hook '/home/blake/M-LADIS-Jerry/ws_sensor_combined/install/px4_msgs/share/px4_msgs/hook/ld_library_path_lib.sh'
[6.929s] Level 1:colcon.colcon_core.environment:checking '/home/blake/M-LADIS-Jerry/ws_sensor_combined/install/px4_msgs/bin'
[6.929s] Level 1:colcon.colcon_core.environment:checking '/home/blake/M-LADIS-Jerry/ws_sensor_combined/install/px4_msgs/lib/pkgconfig/px4_msgs.pc'
[6.929s] Level 1:colcon.colcon_core.environment:checking '/home/blake/M-LADIS-Jerry/ws_sensor_combined/install/px4_msgs/lib/python3.10/site-packages'
[6.930s] Level 1:colcon.colcon_core.environment:checking '/home/blake/M-LADIS-Jerry/ws_sensor_combined/install/px4_msgs/bin'
[6.930s] INFO:colcon.colcon_core.shell:Creating package script '/home/blake/M-LADIS-Jerry/ws_sensor_combined/install/px4_msgs/share/px4_msgs/package.ps1'
[6.930s] INFO:colcon.colcon_core.shell:Creating package descriptor '/home/blake/M-LADIS-Jerry/ws_sensor_combined/install/px4_msgs/share/px4_msgs/package.dsv'
[6.931s] INFO:colcon.colcon_core.shell:Creating package script '/home/blake/M-LADIS-Jerry/ws_sensor_combined/install/px4_msgs/share/px4_msgs/package.sh'
[6.931s] INFO:colcon.colcon_core.shell:Creating package script '/home/blake/M-LADIS-Jerry/ws_sensor_combined/install/px4_msgs/share/px4_msgs/package.bash'
[6.931s] INFO:colcon.colcon_core.shell:Creating package script '/home/blake/M-LADIS-Jerry/ws_sensor_combined/install/px4_msgs/share/px4_msgs/package.zsh'
[6.932s] Level 1:colcon.colcon_core.environment:create_file_with_runtime_dependencies(/home/blake/M-LADIS-Jerry/ws_sensor_combined/install/px4_msgs/share/colcon-core/packages/px4_msgs)
[6.932s] INFO:colcon.colcon_ros.task.ament_cmake.build:Building ROS package in '/home/blake/M-LADIS-Jerry/ws_sensor_combined/src/px4_ros_com' with build type 'ament_cmake'
[6.932s] INFO:colcon.colcon_cmake.task.cmake.build:Building CMake package in '/home/blake/M-LADIS-Jerry/ws_sensor_combined/src/px4_ros_com'
[6.932s] INFO:colcon.colcon_core.shell:Skip shell extension 'powershell' for command environment: Not usable outside of PowerShell
[6.932s] DEBUG:colcon.colcon_core.shell:Skip shell extension 'dsv' for command environment
[6.939s] DEBUG:colcon.colcon_core.event_handler.log_command:Invoking command in '/home/blake/M-LADIS-Jerry/ws_sensor_combined/build/px4_ros_com': CMAKE_PREFIX_PATH=/home/blake/M-LADIS-Jerry/ws_sensor_combined/install/px4_msgs:/home/blake/M-LADIS-Jerry/ws_sensor_combined/install/px4_ros_com:/home/blake/M-LADIS-Jerry/ws_sensor_combined/install/nearest_poster_yaw:/home/blake/M-LADIS-Jerry/ws_sensor_combined/install/localization:/home/blake/M-LADIS-Jerry/ws_sensor_combined/install/classifier:/opt/ros/humble /usr/bin/cmake --build /home/blake/M-LADIS-Jerry/ws_sensor_combined/build/px4_ros_com -- -j12 -l12
[19.388s] DEBUG:colcon.colcon_core.event_handler.log_command:Invoked command in '/home/blake/M-LADIS-Jerry/ws_sensor_combined/build/px4_ros_com' returned '0': CMAKE_PREFIX_PATH=/home/blake/M-LADIS-Jerry/ws_sensor_combined/install/px4_msgs:/home/blake/M-LADIS-Jerry/ws_sensor_combined/install/px4_ros_com:/home/blake/M-LADIS-Jerry/ws_sensor_combined/install/nearest_poster_yaw:/home/blake/M-LADIS-Jerry/ws_sensor_combined/install/localization:/home/blake/M-LADIS-Jerry/ws_sensor_combined/install/classifier:/opt/ros/humble /usr/bin/cmake --build /home/blake/M-LADIS-Jerry/ws_sensor_combined/build/px4_ros_com -- -j12 -l12
[19.451s] DEBUG:colcon.colcon_core.event_handler.log_command:Invoking command in '/home/blake/M-LADIS-Jerry/ws_sensor_combined/build/px4_ros_com': CMAKE_PREFIX_PATH=/home/blake/M-LADIS-Jerry/ws_sensor_combined/install/px4_msgs:/home/blake/M-LADIS-Jerry/ws_sensor_combined/install/px4_ros_com:/home/blake/M-LADIS-Jerry/ws_sensor_combined/install/nearest_poster_yaw:/home/blake/M-LADIS-Jerry/ws_sensor_combined/install/localization:/home/blake/M-LADIS-Jerry/ws_sensor_combined/install/classifier:/opt/ros/humble /usr/bin/cmake --install /home/blake/M-LADIS-Jerry/ws_sensor_combined/build/px4_ros_com
[19.462s] Level 1:colcon.colcon_core.environment:create_environment_scripts_only(px4_ros_com)
[19.463s] Level 1:colcon.colcon_core.environment:checking '/home/blake/M-LADIS-Jerry/ws_sensor_combined/install/px4_ros_com' for CMake module files
[19.464s] Level 1:colcon.colcon_core.environment:checking '/home/blake/M-LADIS-Jerry/ws_sensor_combined/install/px4_ros_com' for CMake config files
[19.464s] Level 1:colcon.colcon_core.shell:create_environment_hook('px4_ros_com', 'cmake_prefix_path')
[19.464s] INFO:colcon.colcon_core.shell:Creating environment hook '/home/blake/M-LADIS-Jerry/ws_sensor_combined/install/px4_ros_com/share/px4_ros_com/hook/cmake_prefix_path.ps1'
[19.465s] DEBUG:colcon.colcon_core.event_handler.log_command:Invoked command in '/home/blake/M-LADIS-Jerry/ws_sensor_combined/build/px4_ros_com' returned '0': CMAKE_PREFIX_PATH=/home/blake/M-LADIS-Jerry/ws_sensor_combined/install/px4_msgs:/home/blake/M-LADIS-Jerry/ws_sensor_combined/install/px4_ros_com:/home/blake/M-LADIS-Jerry/ws_sensor_combined/install/nearest_poster_yaw:/home/blake/M-LADIS-Jerry/ws_sensor_combined/install/localization:/home/blake/M-LADIS-Jerry/ws_sensor_combined/install/classifier:/opt/ros/humble /usr/bin/cmake --install /home/blake/M-LADIS-Jerry/ws_sensor_combined/build/px4_ros_com
[19.465s] INFO:colcon.colcon_core.shell:Creating environment descriptor '/home/blake/M-LADIS-Jerry/ws_sensor_combined/install/px4_ros_com/share/px4_ros_com/hook/cmake_prefix_path.dsv'
[19.465s] INFO:colcon.colcon_core.shell:Creating environment hook '/home/blake/M-LADIS-Jerry/ws_sensor_combined/install/px4_ros_com/share/px4_ros_com/hook/cmake_prefix_path.sh'
[19.466s] Level 1:colcon.colcon_core.environment:checking '/home/blake/M-LADIS-Jerry/ws_sensor_combined/install/px4_ros_com/lib'
[19.466s] Level 1:colcon.colcon_core.environment:checking '/home/blake/M-LADIS-Jerry/ws_sensor_combined/install/px4_ros_com/bin'
[19.466s] Level 1:colcon.colcon_core.environment:checking '/home/blake/M-LADIS-Jerry/ws_sensor_combined/install/px4_ros_com/lib/pkgconfig/px4_ros_com.pc'
[19.466s] Level 1:colcon.colcon_core.environment:checking '/home/blake/M-LADIS-Jerry/ws_sensor_combined/install/px4_ros_com/lib/python3.10/site-packages'
[19.466s] Level 1:colcon.colcon_core.environment:checking '/home/blake/M-LADIS-Jerry/ws_sensor_combined/install/px4_ros_com/bin'
[19.467s] INFO:colcon.colcon_core.shell:Creating package script '/home/blake/M-LADIS-Jerry/ws_sensor_combined/install/px4_ros_com/share/px4_ros_com/package.ps1'
[19.467s] INFO:colcon.colcon_core.shell:Creating package descriptor '/home/blake/M-LADIS-Jerry/ws_sensor_combined/install/px4_ros_com/share/px4_ros_com/package.dsv'
[19.467s] INFO:colcon.colcon_core.shell:Creating package script '/home/blake/M-LADIS-Jerry/ws_sensor_combined/install/px4_ros_com/share/px4_ros_com/package.sh'
[19.468s] INFO:colcon.colcon_core.shell:Creating package script '/home/blake/M-LADIS-Jerry/ws_sensor_combined/install/px4_ros_com/share/px4_ros_com/package.bash'
[19.468s] INFO:colcon.colcon_core.shell:Creating package script '/home/blake/M-LADIS-Jerry/ws_sensor_combined/install/px4_ros_com/share/px4_ros_com/package.zsh'
[19.468s] Level 1:colcon.colcon_core.environment:create_file_with_runtime_dependencies(/home/blake/M-LADIS-Jerry/ws_sensor_combined/install/px4_ros_com/share/colcon-core/packages/px4_ros_com)
[19.494s] Level 1:colcon.colcon_core.environment:create_environment_scripts_only(px4_ros_com)
[19.494s] Level 1:colcon.colcon_core.environment:checking '/home/blake/M-LADIS-Jerry/ws_sensor_combined/install/px4_ros_com' for CMake module files
[19.494s] Level 1:colcon.colcon_core.environment:checking '/home/blake/M-LADIS-Jerry/ws_sensor_combined/install/px4_ros_com' for CMake config files
[19.495s] Level 1:colcon.colcon_core.shell:create_environment_hook('px4_ros_com', 'cmake_prefix_path')
[19.495s] INFO:colcon.colcon_core.shell:Creating environment hook '/home/blake/M-LADIS-Jerry/ws_sensor_combined/install/px4_ros_com/share/px4_ros_com/hook/cmake_prefix_path.ps1'
[19.495s] INFO:colcon.colcon_core.shell:Creating environment descriptor '/home/blake/M-LADIS-Jerry/ws_sensor_combined/install/px4_ros_com/share/px4_ros_com/hook/cmake_prefix_path.dsv'
[19.495s] INFO:colcon.colcon_core.shell:Creating environment hook '/home/blake/M-LADIS-Jerry/ws_sensor_combined/install/px4_ros_com/share/px4_ros_com/hook/cmake_prefix_path.sh'
[19.496s] Level 1:colcon.colcon_core.environment:checking '/home/blake/M-LADIS-Jerry/ws_sensor_combined/install/px4_ros_com/lib'
[19.496s] Level 1:colcon.colcon_core.environment:checking '/home/blake/M-LADIS-Jerry/ws_sensor_combined/install/px4_ros_com/bin'
[19.496s] Level 1:colcon.colcon_core.environment:checking '/home/blake/M-LADIS-Jerry/ws_sensor_combined/install/px4_ros_com/lib/pkgconfig/px4_ros_com.pc'
[19.496s] Level 1:colcon.colcon_core.environment:checking '/home/blake/M-LADIS-Jerry/ws_sensor_combined/install/px4_ros_com/lib/python3.10/site-packages'
[19.496s] Level 1:colcon.colcon_core.environment:checking '/home/blake/M-LADIS-Jerry/ws_sensor_combined/install/px4_ros_com/bin'
[19.497s] INFO:colcon.colcon_core.shell:Creating package script '/home/blake/M-LADIS-Jerry/ws_sensor_combined/install/px4_ros_com/share/px4_ros_com/package.ps1'
[19.497s] INFO:colcon.colcon_core.shell:Creating package descriptor '/home/blake/M-LADIS-Jerry/ws_sensor_combined/install/px4_ros_com/share/px4_ros_com/package.dsv'
[19.497s] INFO:colcon.colcon_core.shell:Creating package script '/home/blake/M-LADIS-Jerry/ws_sensor_combined/install/px4_ros_com/share/px4_ros_com/package.sh'
[19.498s] INFO:colcon.colcon_core.shell:Creating package script '/home/blake/M-LADIS-Jerry/ws_sensor_combined/install/px4_ros_com/share/px4_ros_com/package.bash'
[19.498s] INFO:colcon.colcon_core.shell:Creating package script '/home/blake/M-LADIS-Jerry/ws_sensor_combined/install/px4_ros_com/share/px4_ros_com/package.zsh'
[19.498s] Level 1:colcon.colcon_core.environment:create_file_with_runtime_dependencies(/home/blake/M-LADIS-Jerry/ws_sensor_combined/install/px4_ros_com/share/colcon-core/packages/px4_ros_com)
[19.498s] DEBUG:colcon.colcon_parallel_executor.executor.parallel:closing loop
[19.499s] DEBUG:colcon.colcon_parallel_executor.executor.parallel:loop closed
[19.499s] DEBUG:colcon.colcon_parallel_executor.executor.parallel:run_until_complete finished with '0'
[19.499s] DEBUG:colcon.colcon_core.event_reactor:joining thread
[19.504s] INFO:colcon.colcon_core.plugin_system:Skipping extension 'colcon_notification.desktop_notification.terminal_notifier': Not used on non-Darwin systems
[19.504s] INFO:colcon.colcon_core.plugin_system:Skipping extension 'colcon_notification.desktop_notification.win32': Not used on non-Windows systems
[19.504s] INFO:colcon.colcon_notification.desktop_notification:Sending desktop notification using 'notify2'
[19.512s] DEBUG:colcon.colcon_core.event_reactor:joined thread
[19.513s] INFO:colcon.colcon_core.shell:Creating prefix script '/home/blake/M-LADIS-Jerry/ws_sensor_combined/install/local_setup.ps1'
[19.514s] INFO:colcon.colcon_core.shell:Creating prefix util module '/home/blake/M-LADIS-Jerry/ws_sensor_combined/install/_local_setup_util_ps1.py'
[19.515s] INFO:colcon.colcon_core.shell:Creating prefix chain script '/home/blake/M-LADIS-Jerry/ws_sensor_combined/install/setup.ps1'
[19.516s] INFO:colcon.colcon_core.shell:Creating prefix script '/home/blake/M-LADIS-Jerry/ws_sensor_combined/install/local_setup.sh'
[19.517s] INFO:colcon.colcon_core.shell:Creating prefix util module '/home/blake/M-LADIS-Jerry/ws_sensor_combined/install/_local_setup_util_sh.py'
[19.517s] INFO:colcon.colcon_core.shell:Creating prefix chain script '/home/blake/M-LADIS-Jerry/ws_sensor_combined/install/setup.sh'
[19.518s] INFO:colcon.colcon_core.shell:Creating prefix script '/home/blake/M-LADIS-Jerry/ws_sensor_combined/install/local_setup.bash'
[19.519s] INFO:colcon.colcon_core.shell:Creating prefix chain script '/home/blake/M-LADIS-Jerry/ws_sensor_combined/install/setup.bash'
[19.519s] INFO:colcon.colcon_core.shell:Creating prefix script '/home/blake/M-LADIS-Jerry/ws_sensor_combined/install/local_setup.zsh'
[19.520s] INFO:colcon.colcon_core.shell:Creating prefix chain script '/home/blake/M-LADIS-Jerry/ws_sensor_combined/install/setup.zsh'
