[01m[K/home/robmoemac/M-LADIS-sim/PX4 Aux/ws_sensor_combined/src/px4_ros_com/src/examples/offboard/offboard_control.cpp:[m[K In lambda function:
[01m[K/home/robmoemac/M-LADIS-sim/PX4 Aux/ws_sensor_combined/src/px4_ros_com/src/examples/offboard/offboard_control.cpp:82:25:[m[K [01;31m[Kerror: [m[K‘[01m[Kx[m[K’ is not captured
   82 |                         [01;31m[Kx[m[K = msg->position[0];
      |                         [01;31m[K^[m[K
[01m[K/home/robmoemac/M-LADIS-sim/PX4 Aux/ws_sensor_combined/src/px4_ros_com/src/examples/offboard/offboard_control.cpp:80:54:[m[K [01;36m[Knote: [m[Kthe lambda has no capture-default
   80 |                 "/fmu/in/autonomy_waypoint",10, [this[01;36m[K][m[K(const px4_msgs::msg::TrajectorySetpoint::SharedPtr msg) {
      |                                                      [01;36m[K^[m[K
[01m[K/home/robmoemac/M-LADIS-sim/PX4 Aux/ws_sensor_combined/src/px4_ros_com/src/examples/offboard/offboard_control.cpp:73:23:[m[K [01;36m[Knote: [m[K‘[01m[Kfloat x[m[K’ declared here
   73 |                 float [01;36m[Kx[m[K=0.0;;
      |                       [01;36m[K^[m[K
[01m[K/home/robmoemac/M-LADIS-sim/PX4 Aux/ws_sensor_combined/src/px4_ros_com/src/examples/offboard/offboard_control.cpp:83:25:[m[K [01;31m[Kerror: [m[K‘[01m[Ky[m[K’ is not captured
   83 |                         [01;31m[Ky[m[K = msg->position[1];
      |                         [01;31m[K^[m[K
[01m[K/home/robmoemac/M-LADIS-sim/PX4 Aux/ws_sensor_combined/src/px4_ros_com/src/examples/offboard/offboard_control.cpp:80:54:[m[K [01;36m[Knote: [m[Kthe lambda has no capture-default
   80 |                 "/fmu/in/autonomy_waypoint",10, [this[01;36m[K][m[K(const px4_msgs::msg::TrajectorySetpoint::SharedPtr msg) {
      |                                                      [01;36m[K^[m[K
[01m[K/home/robmoemac/M-LADIS-sim/PX4 Aux/ws_sensor_combined/src/px4_ros_com/src/examples/offboard/offboard_control.cpp:74:23:[m[K [01;36m[Knote: [m[K‘[01m[Kfloat y[m[K’ declared here
   74 |                 float [01;36m[Ky[m[K=0.0;
      |                       [01;36m[K^[m[K
[01m[K/home/robmoemac/M-LADIS-sim/PX4 Aux/ws_sensor_combined/src/px4_ros_com/src/examples/offboard/offboard_control.cpp:84:25:[m[K [01;31m[Kerror: [m[K‘[01m[Kz[m[K’ is not captured
   84 |                         [01;31m[Kz[m[K = msg->position[2];
      |                         [01;31m[K^[m[K
[01m[K/home/robmoemac/M-LADIS-sim/PX4 Aux/ws_sensor_combined/src/px4_ros_com/src/examples/offboard/offboard_control.cpp:80:54:[m[K [01;36m[Knote: [m[Kthe lambda has no capture-default
   80 |                 "/fmu/in/autonomy_waypoint",10, [this[01;36m[K][m[K(const px4_msgs::msg::TrajectorySetpoint::SharedPtr msg) {
      |                                                      [01;36m[K^[m[K
[01m[K/home/robmoemac/M-LADIS-sim/PX4 Aux/ws_sensor_combined/src/px4_ros_com/src/examples/offboard/offboard_control.cpp:75:23:[m[K [01;36m[Knote: [m[K‘[01m[Kfloat z[m[K’ declared here
   75 |                 float [01;36m[Kz[m[K=0.0;
      |                       [01;36m[K^[m[K
[01m[K/home/robmoemac/M-LADIS-sim/PX4 Aux/ws_sensor_combined/src/px4_ros_com/src/examples/offboard/offboard_control.cpp:85:25:[m[K [01;31m[Kerror: [m[K‘[01m[Kyaw[m[K’ is not captured
   85 |                         [01;31m[Kyaw[m[K = msg->position[3];
      |                         [01;31m[K^~~[m[K
[01m[K/home/robmoemac/M-LADIS-sim/PX4 Aux/ws_sensor_combined/src/px4_ros_com/src/examples/offboard/offboard_control.cpp:80:54:[m[K [01;36m[Knote: [m[Kthe lambda has no capture-default
   80 |                 "/fmu/in/autonomy_waypoint",10, [this[01;36m[K][m[K(const px4_msgs::msg::TrajectorySetpoint::SharedPtr msg) {
      |                                                      [01;36m[K^[m[K
[01m[K/home/robmoemac/M-LADIS-sim/PX4 Aux/ws_sensor_combined/src/px4_ros_com/src/examples/offboard/offboard_control.cpp:76:23:[m[K [01;36m[Knote: [m[K‘[01m[Kfloat yaw[m[K’ declared here
   76 |                 float [01;36m[Kyaw[m[K=0.0;
      |                       [01;36m[K^~~[m[K
gmake[2]: *** [CMakeFiles/offboard_control.dir/build.make:76: CMakeFiles/offboard_control.dir/src/examples/offboard/offboard_control.cpp.o] Error 1
gmake[1]: *** [CMakeFiles/Makefile2:249: CMakeFiles/offboard_control.dir/all] Error 2
gmake: *** [Makefile:146: all] Error 2
