[0.157s] Invoking command in '/home/robmoemac/M-LADIS-sim/PX4 Aux/ws_sensor_combined/build/ros_gz_image': AMENT_PREFIX_PATH=/home/robmoemac/M-LADIS-sim/PX4 Aux/ws_sensor_combined/install/ros_gz_bridge:/home/robmoemac/M-LADIS-sim/PX4 Aux/ws_sensor_combined/install/ros_gz_interfaces:${AMENT_PREFIX_PATH} CMAKE_PREFIX_PATH=/home/robmoemac/M-LADIS-sim/PX4 Aux/ws_sensor_combined/install/ros_gz_bridge:/home/robmoemac/M-LADIS-sim/PX4 Aux/ws_sensor_combined/install/ros_gz_interfaces:/opt/ros/humble LD_LIBRARY_PATH=/home/robmoemac/M-LADIS-sim/PX4 Aux/ws_sensor_combined/install/ros_gz_bridge/lib:/home/robmoemac/M-LADIS-sim/PX4 Aux/ws_sensor_combined/install/ros_gz_interfaces/lib:${LD_LIBRARY_PATH} PYTHONPATH=/home/robmoemac/M-LADIS-sim/PX4 Aux/ws_sensor_combined/install/ros_gz_interfaces/local/lib/python3.10/dist-packages:${PYTHONPATH} /usr/bin/cmake --build /home/robmoemac/M-LADIS-sim/PX4 Aux/ws_sensor_combined/build/ros_gz_image -- -j8 -l8
[0.234s] [100%] Built target image_bridge
[0.364s] Invoked command in '/home/robmoemac/M-LADIS-sim/PX4 Aux/ws_sensor_combined/build/ros_gz_image' returned '0': AMENT_PREFIX_PATH=/home/robmoemac/M-LADIS-sim/PX4 Aux/ws_sensor_combined/install/ros_gz_bridge:/home/robmoemac/M-LADIS-sim/PX4 Aux/ws_sensor_combined/install/ros_gz_interfaces:${AMENT_PREFIX_PATH} CMAKE_PREFIX_PATH=/home/robmoemac/M-LADIS-sim/PX4 Aux/ws_sensor_combined/install/ros_gz_bridge:/home/robmoemac/M-LADIS-sim/PX4 Aux/ws_sensor_combined/install/ros_gz_interfaces:/opt/ros/humble LD_LIBRARY_PATH=/home/robmoemac/M-LADIS-sim/PX4 Aux/ws_sensor_combined/install/ros_gz_bridge/lib:/home/robmoemac/M-LADIS-sim/PX4 Aux/ws_sensor_combined/install/ros_gz_interfaces/lib:${LD_LIBRARY_PATH} PYTHONPATH=/home/robmoemac/M-LADIS-sim/PX4 Aux/ws_sensor_combined/install/ros_gz_interfaces/local/lib/python3.10/dist-packages:${PYTHONPATH} /usr/bin/cmake --build /home/robmoemac/M-LADIS-sim/PX4 Aux/ws_sensor_combined/build/ros_gz_image -- -j8 -l8
[0.440s] Invoking command in '/home/robmoemac/M-LADIS-sim/PX4 Aux/ws_sensor_combined/build/ros_gz_image': AMENT_PREFIX_PATH=/home/robmoemac/M-LADIS-sim/PX4 Aux/ws_sensor_combined/install/ros_gz_bridge:/home/robmoemac/M-LADIS-sim/PX4 Aux/ws_sensor_combined/install/ros_gz_interfaces:${AMENT_PREFIX_PATH} CMAKE_PREFIX_PATH=/home/robmoemac/M-LADIS-sim/PX4 Aux/ws_sensor_combined/install/ros_gz_bridge:/home/robmoemac/M-LADIS-sim/PX4 Aux/ws_sensor_combined/install/ros_gz_interfaces:/opt/ros/humble LD_LIBRARY_PATH=/home/robmoemac/M-LADIS-sim/PX4 Aux/ws_sensor_combined/install/ros_gz_bridge/lib:/home/robmoemac/M-LADIS-sim/PX4 Aux/ws_sensor_combined/install/ros_gz_interfaces/lib:${LD_LIBRARY_PATH} PYTHONPATH=/home/robmoemac/M-LADIS-sim/PX4 Aux/ws_sensor_combined/install/ros_gz_interfaces/local/lib/python3.10/dist-packages:${PYTHONPATH} /usr/bin/cmake --install /home/robmoemac/M-LADIS-sim/PX4 Aux/ws_sensor_combined/build/ros_gz_image
[0.447s] -- Install configuration: ""
[0.447s] -- Up-to-date: /home/robmoemac/M-LADIS-sim/PX4 Aux/ws_sensor_combined/install/ros_gz_image/lib/ros_gz_image/image_bridge
[0.447s] -- Up-to-date: /home/robmoemac/M-LADIS-sim/PX4 Aux/ws_sensor_combined/install/ros_gz_image/share/ament_index/resource_index/package_run_dependencies/ros_gz_image
[0.447s] -- Up-to-date: /home/robmoemac/M-LADIS-sim/PX4 Aux/ws_sensor_combined/install/ros_gz_image/share/ament_index/resource_index/parent_prefix_path/ros_gz_image
[0.448s] -- Up-to-date: /home/robmoemac/M-LADIS-sim/PX4 Aux/ws_sensor_combined/install/ros_gz_image/share/ros_gz_image/environment/ament_prefix_path.sh
[0.448s] -- Up-to-date: /home/robmoemac/M-LADIS-sim/PX4 Aux/ws_sensor_combined/install/ros_gz_image/share/ros_gz_image/environment/ament_prefix_path.dsv
[0.448s] -- Up-to-date: /home/robmoemac/M-LADIS-sim/PX4 Aux/ws_sensor_combined/install/ros_gz_image/share/ros_gz_image/environment/path.sh
[0.448s] -- Up-to-date: /home/robmoemac/M-LADIS-sim/PX4 Aux/ws_sensor_combined/install/ros_gz_image/share/ros_gz_image/environment/path.dsv
[0.448s] -- Up-to-date: /home/robmoemac/M-LADIS-sim/PX4 Aux/ws_sensor_combined/install/ros_gz_image/share/ros_gz_image/local_setup.bash
[0.448s] -- Up-to-date: /home/robmoemac/M-LADIS-sim/PX4 Aux/ws_sensor_combined/install/ros_gz_image/share/ros_gz_image/local_setup.sh
[0.448s] -- Up-to-date: /home/robmoemac/M-LADIS-sim/PX4 Aux/ws_sensor_combined/install/ros_gz_image/share/ros_gz_image/local_setup.zsh
[0.449s] -- Up-to-date: /home/robmoemac/M-LADIS-sim/PX4 Aux/ws_sensor_combined/install/ros_gz_image/share/ros_gz_image/local_setup.dsv
[0.449s] -- Installing: /home/robmoemac/M-LADIS-sim/PX4 Aux/ws_sensor_combined/install/ros_gz_image/share/ros_gz_image/package.dsv
[0.449s] -- Up-to-date: /home/robmoemac/M-LADIS-sim/PX4 Aux/ws_sensor_combined/install/ros_gz_image/share/ament_index/resource_index/packages/ros_gz_image
[0.449s] -- Up-to-date: /home/robmoemac/M-LADIS-sim/PX4 Aux/ws_sensor_combined/install/ros_gz_image/share/ros_gz_image/cmake/ros_gz_imageConfig.cmake
[0.449s] -- Up-to-date: /home/robmoemac/M-LADIS-sim/PX4 Aux/ws_sensor_combined/install/ros_gz_image/share/ros_gz_image/cmake/ros_gz_imageConfig-version.cmake
[0.449s] -- Up-to-date: /home/robmoemac/M-LADIS-sim/PX4 Aux/ws_sensor_combined/install/ros_gz_image/share/ros_gz_image/package.xml
[0.450s] Invoked command in '/home/robmoemac/M-LADIS-sim/PX4 Aux/ws_sensor_combined/build/ros_gz_image' returned '0': AMENT_PREFIX_PATH=/home/robmoemac/M-LADIS-sim/PX4 Aux/ws_sensor_combined/install/ros_gz_bridge:/home/robmoemac/M-LADIS-sim/PX4 Aux/ws_sensor_combined/install/ros_gz_interfaces:${AMENT_PREFIX_PATH} CMAKE_PREFIX_PATH=/home/robmoemac/M-LADIS-sim/PX4 Aux/ws_sensor_combined/install/ros_gz_bridge:/home/robmoemac/M-LADIS-sim/PX4 Aux/ws_sensor_combined/install/ros_gz_interfaces:/opt/ros/humble LD_LIBRARY_PATH=/home/robmoemac/M-LADIS-sim/PX4 Aux/ws_sensor_combined/install/ros_gz_bridge/lib:/home/robmoemac/M-LADIS-sim/PX4 Aux/ws_sensor_combined/install/ros_gz_interfaces/lib:${LD_LIBRARY_PATH} PYTHONPATH=/home/robmoemac/M-LADIS-sim/PX4 Aux/ws_sensor_combined/install/ros_gz_interfaces/local/lib/python3.10/dist-packages:${PYTHONPATH} /usr/bin/cmake --install /home/robmoemac/M-LADIS-sim/PX4 Aux/ws_sensor_combined/build/ros_gz_image
