[0.100s] DEBUG:colcon:Command line arguments: ['/usr/bin/colcon', 'build']
[0.100s] DEBUG:colcon:Parsed command line arguments: Namespace(log_base=None, log_level=None, verb_name='build', build_base='build', install_base='install', merge_install=False, symlink_install=False, test_result_base=None, continue_on_error=False, executor='parallel', parallel_workers=8, event_handlers=None, ignore_user_meta=False, metas=['./colcon.meta'], base_paths=['.'], packages_ignore=None, packages_ignore_regex=None, paths=None, packages_up_to=None, packages_up_to_regex=None, packages_above=None, packages_above_and_dependencies=None, packages_above_depth=None, packages_select_by_dep=None, packages_skip_by_dep=None, packages_skip_up_to=None, packages_select_build_failed=False, packages_skip_build_finished=False, packages_select_test_failures=False, packages_skip_test_passed=False, packages_select=None, packages_skip=None, packages_select_regex=None, packages_skip_regex=None, packages_start=None, packages_end=None, allow_overriding=[], cmake_args=None, cmake_target=None, cmake_target_skip_unavailable=False, cmake_clean_cache=False, cmake_clean_first=False, cmake_force_configure=False, ament_cmake_args=None, catkin_cmake_args=None, catkin_skip_building_tests=False, verb_parser=<colcon_defaults.argument_parser.defaults.DefaultArgumentsDecorator object at 0x7576e2edd660>, verb_extension=<colcon_core.verb.build.BuildVerb object at 0x7576e2edc580>, main=<bound method BuildVerb.main of <colcon_core.verb.build.BuildVerb object at 0x7576e2edc580>>)
[0.136s] Level 1:colcon.colcon_core.package_discovery:discover_packages(colcon_meta) check parameters
[0.137s] Level 1:colcon.colcon_core.package_discovery:discover_packages(recursive) check parameters
[0.137s] Level 1:colcon.colcon_core.package_discovery:discover_packages(ignore) check parameters
[0.137s] Level 1:colcon.colcon_core.package_discovery:discover_packages(path) check parameters
[0.137s] Level 1:colcon.colcon_core.package_discovery:discover_packages(colcon_meta) discover
[0.137s] Level 1:colcon.colcon_core.package_discovery:discover_packages(recursive) discover
[0.137s] INFO:colcon.colcon_core.package_discovery:Crawling recursively for packages in '/home/robmoemac/M-LADIS-Jerry/ws_sensor_combined'
[0.137s] Level 1:colcon.colcon_core.package_identification:_identify(.) by extensions ['ignore', 'ignore_ament_install']
[0.137s] Level 1:colcon.colcon_core.package_identification:_identify(.) by extension 'ignore'
[0.137s] Level 1:colcon.colcon_core.package_identification:_identify(.) by extension 'ignore_ament_install'
[0.137s] Level 1:colcon.colcon_core.package_identification:_identify(.) by extensions ['colcon_pkg']
[0.137s] Level 1:colcon.colcon_core.package_identification:_identify(.) by extension 'colcon_pkg'
[0.137s] Level 1:colcon.colcon_core.package_identification:_identify(.) by extensions ['colcon_meta']
[0.137s] Level 1:colcon.colcon_core.package_identification:_identify(.) by extension 'colcon_meta'
[0.137s] Level 1:colcon.colcon_core.package_identification:_identify(.) by extensions ['ros']
[0.137s] Level 1:colcon.colcon_core.package_identification:_identify(.) by extension 'ros'
[0.152s] Level 1:colcon.colcon_core.package_identification:_identify(.) by extensions ['cmake', 'python']
[0.152s] Level 1:colcon.colcon_core.package_identification:_identify(.) by extension 'cmake'
[0.152s] Level 1:colcon.colcon_core.package_identification:_identify(.) by extension 'python'
[0.152s] Level 1:colcon.colcon_core.package_identification:_identify(.) by extensions ['python_setup_py']
[0.152s] Level 1:colcon.colcon_core.package_identification:_identify(.) by extension 'python_setup_py'
[0.152s] Level 1:colcon.colcon_core.package_identification:_identify(build) by extensions ['ignore', 'ignore_ament_install']
[0.152s] Level 1:colcon.colcon_core.package_identification:_identify(build) by extension 'ignore'
[0.152s] Level 1:colcon.colcon_core.package_identification:_identify(build) ignored
[0.152s] Level 1:colcon.colcon_core.package_identification:_identify(install) by extensions ['ignore', 'ignore_ament_install']
[0.152s] Level 1:colcon.colcon_core.package_identification:_identify(install) by extension 'ignore'
[0.152s] Level 1:colcon.colcon_core.package_identification:_identify(install) ignored
[0.153s] Level 1:colcon.colcon_core.package_identification:_identify(log) by extensions ['ignore', 'ignore_ament_install']
[0.153s] Level 1:colcon.colcon_core.package_identification:_identify(log) by extension 'ignore'
[0.153s] Level 1:colcon.colcon_core.package_identification:_identify(log) ignored
[0.153s] Level 1:colcon.colcon_core.package_identification:_identify(src) by extensions ['ignore', 'ignore_ament_install']
[0.153s] Level 1:colcon.colcon_core.package_identification:_identify(src) by extension 'ignore'
[0.153s] Level 1:colcon.colcon_core.package_identification:_identify(src) by extension 'ignore_ament_install'
[0.153s] Level 1:colcon.colcon_core.package_identification:_identify(src) by extensions ['colcon_pkg']
[0.153s] Level 1:colcon.colcon_core.package_identification:_identify(src) by extension 'colcon_pkg'
[0.153s] Level 1:colcon.colcon_core.package_identification:_identify(src) by extensions ['colcon_meta']
[0.153s] Level 1:colcon.colcon_core.package_identification:_identify(src) by extension 'colcon_meta'
[0.153s] Level 1:colcon.colcon_core.package_identification:_identify(src) by extensions ['ros']
[0.153s] Level 1:colcon.colcon_core.package_identification:_identify(src) by extension 'ros'
[0.153s] Level 1:colcon.colcon_core.package_identification:_identify(src) by extensions ['cmake', 'python']
[0.153s] Level 1:colcon.colcon_core.package_identification:_identify(src) by extension 'cmake'
[0.153s] Level 1:colcon.colcon_core.package_identification:_identify(src) by extension 'python'
[0.153s] Level 1:colcon.colcon_core.package_identification:_identify(src) by extensions ['python_setup_py']
[0.154s] Level 1:colcon.colcon_core.package_identification:_identify(src) by extension 'python_setup_py'
[0.154s] Level 1:colcon.colcon_core.package_identification:_identify(src/odometry) by extensions ['ignore', 'ignore_ament_install']
[0.154s] Level 1:colcon.colcon_core.package_identification:_identify(src/odometry) by extension 'ignore'
[0.154s] Level 1:colcon.colcon_core.package_identification:_identify(src/odometry) by extension 'ignore_ament_install'
[0.154s] Level 1:colcon.colcon_core.package_identification:_identify(src/odometry) by extensions ['colcon_pkg']
[0.154s] Level 1:colcon.colcon_core.package_identification:_identify(src/odometry) by extension 'colcon_pkg'
[0.154s] Level 1:colcon.colcon_core.package_identification:_identify(src/odometry) by extensions ['colcon_meta']
[0.154s] Level 1:colcon.colcon_core.package_identification:_identify(src/odometry) by extension 'colcon_meta'
[0.154s] Level 1:colcon.colcon_core.package_identification:_identify(src/odometry) by extensions ['ros']
[0.154s] Level 1:colcon.colcon_core.package_identification:_identify(src/odometry) by extension 'ros'
[0.156s] DEBUG:colcon.colcon_core.package_identification:Package 'src/odometry' with type 'ros.ament_python' and name 'odometry'
[0.156s] Level 1:colcon.colcon_core.package_identification:_identify(src/px4_msgs) by extensions ['ignore', 'ignore_ament_install']
[0.156s] Level 1:colcon.colcon_core.package_identification:_identify(src/px4_msgs) by extension 'ignore'
[0.156s] Level 1:colcon.colcon_core.package_identification:_identify(src/px4_msgs) by extension 'ignore_ament_install'
[0.156s] Level 1:colcon.colcon_core.package_identification:_identify(src/px4_msgs) by extensions ['colcon_pkg']
[0.156s] Level 1:colcon.colcon_core.package_identification:_identify(src/px4_msgs) by extension 'colcon_pkg'
[0.156s] Level 1:colcon.colcon_core.package_identification:_identify(src/px4_msgs) by extensions ['colcon_meta']
[0.156s] Level 1:colcon.colcon_core.package_identification:_identify(src/px4_msgs) by extension 'colcon_meta'
[0.156s] Level 1:colcon.colcon_core.package_identification:_identify(src/px4_msgs) by extensions ['ros']
[0.156s] Level 1:colcon.colcon_core.package_identification:_identify(src/px4_msgs) by extension 'ros'
[0.157s] DEBUG:colcon.colcon_core.package_identification:Package 'src/px4_msgs' with type 'ros.ament_cmake' and name 'px4_msgs'
[0.157s] Level 1:colcon.colcon_core.package_identification:_identify(src/px4_ros_com) by extensions ['ignore', 'ignore_ament_install']
[0.157s] Level 1:colcon.colcon_core.package_identification:_identify(src/px4_ros_com) by extension 'ignore'
[0.157s] Level 1:colcon.colcon_core.package_identification:_identify(src/px4_ros_com) by extension 'ignore_ament_install'
[0.157s] Level 1:colcon.colcon_core.package_identification:_identify(src/px4_ros_com) by extensions ['colcon_pkg']
[0.157s] Level 1:colcon.colcon_core.package_identification:_identify(src/px4_ros_com) by extension 'colcon_pkg'
[0.157s] Level 1:colcon.colcon_core.package_identification:_identify(src/px4_ros_com) by extensions ['colcon_meta']
[0.157s] Level 1:colcon.colcon_core.package_identification:_identify(src/px4_ros_com) by extension 'colcon_meta'
[0.157s] Level 1:colcon.colcon_core.package_identification:_identify(src/px4_ros_com) by extensions ['ros']
[0.158s] Level 1:colcon.colcon_core.package_identification:_identify(src/px4_ros_com) by extension 'ros'
[0.158s] DEBUG:colcon.colcon_core.package_identification:Package 'src/px4_ros_com' with type 'ros.ament_cmake' and name 'px4_ros_com'
[0.158s] Level 1:colcon.colcon_core.package_identification:_identify(src/ros_gz) by extensions ['ignore', 'ignore_ament_install']
[0.159s] Level 1:colcon.colcon_core.package_identification:_identify(src/ros_gz) by extension 'ignore'
[0.159s] Level 1:colcon.colcon_core.package_identification:_identify(src/ros_gz) by extension 'ignore_ament_install'
[0.159s] Level 1:colcon.colcon_core.package_identification:_identify(src/ros_gz) by extensions ['colcon_pkg']
[0.159s] Level 1:colcon.colcon_core.package_identification:_identify(src/ros_gz) by extension 'colcon_pkg'
[0.159s] Level 1:colcon.colcon_core.package_identification:_identify(src/ros_gz) by extensions ['colcon_meta']
[0.159s] Level 1:colcon.colcon_core.package_identification:_identify(src/ros_gz) by extension 'colcon_meta'
[0.159s] Level 1:colcon.colcon_core.package_identification:_identify(src/ros_gz) by extensions ['ros']
[0.159s] Level 1:colcon.colcon_core.package_identification:_identify(src/ros_gz) by extension 'ros'
[0.159s] Level 1:colcon.colcon_core.package_identification:_identify(src/ros_gz) by extensions ['cmake', 'python']
[0.159s] Level 1:colcon.colcon_core.package_identification:_identify(src/ros_gz) by extension 'cmake'
[0.159s] Level 1:colcon.colcon_core.package_identification:_identify(src/ros_gz) by extension 'python'
[0.159s] Level 1:colcon.colcon_core.package_identification:_identify(src/ros_gz) by extensions ['python_setup_py']
[0.159s] Level 1:colcon.colcon_core.package_identification:_identify(src/ros_gz) by extension 'python_setup_py'
[0.159s] Level 1:colcon.colcon_core.package_discovery:discover_packages(recursive) using defaults
[0.159s] Level 1:colcon.colcon_core.package_discovery:discover_packages(ignore) discover
[0.159s] Level 1:colcon.colcon_core.package_discovery:discover_packages(ignore) using defaults
[0.159s] Level 1:colcon.colcon_core.package_discovery:discover_packages(path) discover
[0.159s] Level 1:colcon.colcon_core.package_discovery:discover_packages(path) using defaults
[0.178s] Level 1:colcon.colcon_core.package_discovery:discover_packages(prefix_path) check parameters
[0.178s] Level 1:colcon.colcon_core.package_discovery:discover_packages(prefix_path) discover
[0.180s] DEBUG:colcon.colcon_installed_package_information.package_discovery:Found 3 installed packages in /home/robmoemac/.local/share/Trash/files/ws_sensor_combined/install
[0.182s] DEBUG:colcon.colcon_installed_package_information.package_discovery:Found 291 installed packages in /opt/ros/humble
[0.183s] Level 1:colcon.colcon_core.package_discovery:discover_packages(prefix_path) using defaults
[0.222s] Level 5:colcon.colcon_core.verb:set package 'odometry' build argument 'cmake_args' from command line to 'None'
[0.222s] Level 5:colcon.colcon_core.verb:set package 'odometry' build argument 'cmake_target' from command line to 'None'
[0.222s] Level 5:colcon.colcon_core.verb:set package 'odometry' build argument 'cmake_target_skip_unavailable' from command line to 'False'
[0.222s] Level 5:colcon.colcon_core.verb:set package 'odometry' build argument 'cmake_clean_cache' from command line to 'False'
[0.222s] Level 5:colcon.colcon_core.verb:set package 'odometry' build argument 'cmake_clean_first' from command line to 'False'
[0.222s] Level 5:colcon.colcon_core.verb:set package 'odometry' build argument 'cmake_force_configure' from command line to 'False'
[0.222s] Level 5:colcon.colcon_core.verb:set package 'odometry' build argument 'ament_cmake_args' from command line to 'None'
[0.222s] Level 5:colcon.colcon_core.verb:set package 'odometry' build argument 'catkin_cmake_args' from command line to 'None'
[0.222s] Level 5:colcon.colcon_core.verb:set package 'odometry' build argument 'catkin_skip_building_tests' from command line to 'False'
[0.222s] DEBUG:colcon.colcon_core.verb:Building package 'odometry' with the following arguments: {'ament_cmake_args': None, 'build_base': '/home/robmoemac/M-LADIS-Jerry/ws_sensor_combined/build/odometry', 'catkin_cmake_args': None, 'catkin_skip_building_tests': False, 'cmake_args': None, 'cmake_clean_cache': False, 'cmake_clean_first': False, 'cmake_force_configure': False, 'cmake_target': None, 'cmake_target_skip_unavailable': False, 'install_base': '/home/robmoemac/M-LADIS-Jerry/ws_sensor_combined/install/odometry', 'merge_install': False, 'path': '/home/robmoemac/M-LADIS-Jerry/ws_sensor_combined/src/odometry', 'symlink_install': False, 'test_result_base': None}
[0.222s] Level 5:colcon.colcon_core.verb:set package 'px4_msgs' build argument 'cmake_args' from command line to 'None'
[0.222s] Level 5:colcon.colcon_core.verb:set package 'px4_msgs' build argument 'cmake_target' from command line to 'None'
[0.222s] Level 5:colcon.colcon_core.verb:set package 'px4_msgs' build argument 'cmake_target_skip_unavailable' from command line to 'False'
[0.222s] Level 5:colcon.colcon_core.verb:set package 'px4_msgs' build argument 'cmake_clean_cache' from command line to 'False'
[0.222s] Level 5:colcon.colcon_core.verb:set package 'px4_msgs' build argument 'cmake_clean_first' from command line to 'False'
[0.222s] Level 5:colcon.colcon_core.verb:set package 'px4_msgs' build argument 'cmake_force_configure' from command line to 'False'
[0.222s] Level 5:colcon.colcon_core.verb:set package 'px4_msgs' build argument 'ament_cmake_args' from command line to 'None'
[0.223s] Level 5:colcon.colcon_core.verb:set package 'px4_msgs' build argument 'catkin_cmake_args' from command line to 'None'
[0.223s] Level 5:colcon.colcon_core.verb:set package 'px4_msgs' build argument 'catkin_skip_building_tests' from command line to 'False'
[0.223s] DEBUG:colcon.colcon_core.verb:Building package 'px4_msgs' with the following arguments: {'ament_cmake_args': None, 'build_base': '/home/robmoemac/M-LADIS-Jerry/ws_sensor_combined/build/px4_msgs', 'catkin_cmake_args': None, 'catkin_skip_building_tests': False, 'cmake_args': None, 'cmake_clean_cache': False, 'cmake_clean_first': False, 'cmake_force_configure': False, 'cmake_target': None, 'cmake_target_skip_unavailable': False, 'install_base': '/home/robmoemac/M-LADIS-Jerry/ws_sensor_combined/install/px4_msgs', 'merge_install': False, 'path': '/home/robmoemac/M-LADIS-Jerry/ws_sensor_combined/src/px4_msgs', 'symlink_install': False, 'test_result_base': None}
[0.223s] Level 5:colcon.colcon_core.verb:set package 'px4_ros_com' build argument 'cmake_args' from command line to 'None'
[0.223s] Level 5:colcon.colcon_core.verb:set package 'px4_ros_com' build argument 'cmake_target' from command line to 'None'
[0.223s] Level 5:colcon.colcon_core.verb:set package 'px4_ros_com' build argument 'cmake_target_skip_unavailable' from command line to 'False'
[0.223s] Level 5:colcon.colcon_core.verb:set package 'px4_ros_com' build argument 'cmake_clean_cache' from command line to 'False'
[0.223s] Level 5:colcon.colcon_core.verb:set package 'px4_ros_com' build argument 'cmake_clean_first' from command line to 'False'
[0.223s] Level 5:colcon.colcon_core.verb:set package 'px4_ros_com' build argument 'cmake_force_configure' from command line to 'False'
[0.223s] Level 5:colcon.colcon_core.verb:set package 'px4_ros_com' build argument 'ament_cmake_args' from command line to 'None'
[0.223s] Level 5:colcon.colcon_core.verb:set package 'px4_ros_com' build argument 'catkin_cmake_args' from command line to 'None'
[0.223s] Level 5:colcon.colcon_core.verb:set package 'px4_ros_com' build argument 'catkin_skip_building_tests' from command line to 'False'
[0.223s] DEBUG:colcon.colcon_core.verb:Building package 'px4_ros_com' with the following arguments: {'ament_cmake_args': None, 'build_base': '/home/robmoemac/M-LADIS-Jerry/ws_sensor_combined/build/px4_ros_com', 'catkin_cmake_args': None, 'catkin_skip_building_tests': False, 'cmake_args': None, 'cmake_clean_cache': False, 'cmake_clean_first': False, 'cmake_force_configure': False, 'cmake_target': None, 'cmake_target_skip_unavailable': False, 'install_base': '/home/robmoemac/M-LADIS-Jerry/ws_sensor_combined/install/px4_ros_com', 'merge_install': False, 'path': '/home/robmoemac/M-LADIS-Jerry/ws_sensor_combined/src/px4_ros_com', 'symlink_install': False, 'test_result_base': None}
[0.223s] INFO:colcon.colcon_core.executor:Executing jobs using 'parallel' executor
[0.224s] DEBUG:colcon.colcon_parallel_executor.executor.parallel:run_until_complete
[0.225s] INFO:colcon.colcon_ros.task.ament_cmake.build:Building ROS package in '/home/robmoemac/M-LADIS-Jerry/ws_sensor_combined/src/px4_msgs' with build type 'ament_cmake'
[0.225s] INFO:colcon.colcon_cmake.task.cmake.build:Building CMake package in '/home/robmoemac/M-LADIS-Jerry/ws_sensor_combined/src/px4_msgs'
[0.227s] INFO:colcon.colcon_core.plugin_system:Skipping extension 'colcon_core.shell.bat': Not used on non-Windows systems
[0.227s] INFO:colcon.colcon_core.shell:Skip shell extension 'powershell' for command environment: Not usable outside of PowerShell
[0.227s] DEBUG:colcon.colcon_core.shell:Skip shell extension 'dsv' for command environment
[0.232s] INFO:colcon.colcon_ros.task.ament_python.build:Building ROS package in '/home/robmoemac/M-LADIS-Jerry/ws_sensor_combined/src/odometry' with build type 'ament_python'
[0.232s] Level 1:colcon.colcon_core.shell:create_environment_hook('odometry', 'ament_prefix_path')
[0.232s] INFO:colcon.colcon_core.shell:Creating environment hook '/home/robmoemac/M-LADIS-Jerry/ws_sensor_combined/install/odometry/share/odometry/hook/ament_prefix_path.ps1'
[0.233s] INFO:colcon.colcon_core.shell:Creating environment descriptor '/home/robmoemac/M-LADIS-Jerry/ws_sensor_combined/install/odometry/share/odometry/hook/ament_prefix_path.dsv'
[0.233s] INFO:colcon.colcon_core.shell:Creating environment hook '/home/robmoemac/M-LADIS-Jerry/ws_sensor_combined/install/odometry/share/odometry/hook/ament_prefix_path.sh'
[0.234s] INFO:colcon.colcon_core.shell:Skip shell extension 'powershell' for command environment: Not usable outside of PowerShell
[0.234s] DEBUG:colcon.colcon_core.shell:Skip shell extension 'dsv' for command environment
[0.242s] DEBUG:colcon.colcon_core.event_handler.log_command:Invoking command in '/home/robmoemac/M-LADIS-Jerry/ws_sensor_combined/build/px4_msgs': CMAKE_PREFIX_PATH=${CMAKE_PREFIX_PATH}:/opt/ros/humble /usr/bin/cmake /home/robmoemac/M-LADIS-Jerry/ws_sensor_combined/src/px4_msgs -DCMAKE_INSTALL_PREFIX=/home/robmoemac/M-LADIS-Jerry/ws_sensor_combined/install/px4_msgs
[0.478s] INFO:colcon.colcon_core.task.python.build:Building Python package in '/home/robmoemac/M-LADIS-Jerry/ws_sensor_combined/src/odometry'
[0.478s] INFO:colcon.colcon_core.shell:Skip shell extension 'powershell' for command environment: Not usable outside of PowerShell
[0.478s] DEBUG:colcon.colcon_core.shell:Skip shell extension 'dsv' for command environment
[1.346s] DEBUG:colcon.colcon_core.event_handler.log_command:Invoking command in '/home/robmoemac/M-LADIS-Jerry/ws_sensor_combined/src/odometry': PYTHONPATH=/home/robmoemac/M-LADIS-Jerry/ws_sensor_combined/build/odometry/prefix_override:/home/robmoemac/M-LADIS-Jerry/ws_sensor_combined/install/odometry/lib/python3.10/site-packages:${PYTHONPATH} /usr/bin/python3 -W ignore:setup.py install is deprecated setup.py egg_info --egg-base ../../build/odometry build --build-base /home/robmoemac/M-LADIS-Jerry/ws_sensor_combined/build/odometry/build install --record /home/robmoemac/M-LADIS-Jerry/ws_sensor_combined/build/odometry/install.log --single-version-externally-managed install_data
[1.912s] DEBUG:colcon.colcon_core.event_handler.log_command:Invoked command in '/home/robmoemac/M-LADIS-Jerry/ws_sensor_combined/src/odometry' returned '0': PYTHONPATH=/home/robmoemac/M-LADIS-Jerry/ws_sensor_combined/build/odometry/prefix_override:/home/robmoemac/M-LADIS-Jerry/ws_sensor_combined/install/odometry/lib/python3.10/site-packages:${PYTHONPATH} /usr/bin/python3 -W ignore:setup.py install is deprecated setup.py egg_info --egg-base ../../build/odometry build --build-base /home/robmoemac/M-LADIS-Jerry/ws_sensor_combined/build/odometry/build install --record /home/robmoemac/M-LADIS-Jerry/ws_sensor_combined/build/odometry/install.log --single-version-externally-managed install_data
[1.915s] Level 1:colcon.colcon_core.environment:checking '/home/robmoemac/M-LADIS-Jerry/ws_sensor_combined/install/odometry' for CMake module files
[1.916s] Level 1:colcon.colcon_core.environment:checking '/home/robmoemac/M-LADIS-Jerry/ws_sensor_combined/install/odometry' for CMake config files
[1.916s] Level 1:colcon.colcon_core.environment:checking '/home/robmoemac/M-LADIS-Jerry/ws_sensor_combined/install/odometry/lib'
[1.917s] Level 1:colcon.colcon_core.environment:checking '/home/robmoemac/M-LADIS-Jerry/ws_sensor_combined/install/odometry/bin'
[1.917s] Level 1:colcon.colcon_core.environment:checking '/home/robmoemac/M-LADIS-Jerry/ws_sensor_combined/install/odometry/lib/pkgconfig/odometry.pc'
[1.917s] Level 1:colcon.colcon_core.environment:checking '/home/robmoemac/M-LADIS-Jerry/ws_sensor_combined/install/odometry/lib/python3.10/site-packages'
[1.917s] Level 1:colcon.colcon_core.shell:create_environment_hook('odometry', 'pythonpath')
[1.918s] INFO:colcon.colcon_core.shell:Creating environment hook '/home/robmoemac/M-LADIS-Jerry/ws_sensor_combined/install/odometry/share/odometry/hook/pythonpath.ps1'
[1.918s] INFO:colcon.colcon_core.shell:Creating environment descriptor '/home/robmoemac/M-LADIS-Jerry/ws_sensor_combined/install/odometry/share/odometry/hook/pythonpath.dsv'
[1.919s] INFO:colcon.colcon_core.shell:Creating environment hook '/home/robmoemac/M-LADIS-Jerry/ws_sensor_combined/install/odometry/share/odometry/hook/pythonpath.sh'
[1.919s] Level 1:colcon.colcon_core.environment:checking '/home/robmoemac/M-LADIS-Jerry/ws_sensor_combined/install/odometry/bin'
[1.919s] Level 1:colcon.colcon_core.environment:create_environment_scripts_only(odometry)
[1.920s] INFO:colcon.colcon_core.shell:Creating package script '/home/robmoemac/M-LADIS-Jerry/ws_sensor_combined/install/odometry/share/odometry/package.ps1'
[1.921s] INFO:colcon.colcon_core.shell:Creating package descriptor '/home/robmoemac/M-LADIS-Jerry/ws_sensor_combined/install/odometry/share/odometry/package.dsv'
[1.922s] INFO:colcon.colcon_core.shell:Creating package script '/home/robmoemac/M-LADIS-Jerry/ws_sensor_combined/install/odometry/share/odometry/package.sh'
[1.923s] INFO:colcon.colcon_core.shell:Creating package script '/home/robmoemac/M-LADIS-Jerry/ws_sensor_combined/install/odometry/share/odometry/package.bash'
[1.924s] INFO:colcon.colcon_core.shell:Creating package script '/home/robmoemac/M-LADIS-Jerry/ws_sensor_combined/install/odometry/share/odometry/package.zsh'
[1.924s] Level 1:colcon.colcon_core.environment:create_file_with_runtime_dependencies(/home/robmoemac/M-LADIS-Jerry/ws_sensor_combined/install/odometry/share/colcon-core/packages/odometry)
[4.156s] DEBUG:colcon.colcon_core.event_handler.log_command:Invoked command in '/home/robmoemac/M-LADIS-Jerry/ws_sensor_combined/build/px4_msgs' returned '0': CMAKE_PREFIX_PATH=${CMAKE_PREFIX_PATH}:/opt/ros/humble /usr/bin/cmake /home/robmoemac/M-LADIS-Jerry/ws_sensor_combined/src/px4_msgs -DCMAKE_INSTALL_PREFIX=/home/robmoemac/M-LADIS-Jerry/ws_sensor_combined/install/px4_msgs
[4.158s] DEBUG:colcon.colcon_core.event_handler.log_command:Invoking command in '/home/robmoemac/M-LADIS-Jerry/ws_sensor_combined/build/px4_msgs': CMAKE_PREFIX_PATH=${CMAKE_PREFIX_PATH}:/opt/ros/humble /usr/bin/cmake --build /home/robmoemac/M-LADIS-Jerry/ws_sensor_combined/build/px4_msgs -- -j8 -l8
[363.269s] DEBUG:colcon.colcon_core.event_handler.log_command:Invoked command in '/home/robmoemac/M-LADIS-Jerry/ws_sensor_combined/build/px4_msgs' returned '0': CMAKE_PREFIX_PATH=${CMAKE_PREFIX_PATH}:/opt/ros/humble /usr/bin/cmake --build /home/robmoemac/M-LADIS-Jerry/ws_sensor_combined/build/px4_msgs -- -j8 -l8
[370.431s] DEBUG:colcon.colcon_core.event_handler.log_command:Invoking command in '/home/robmoemac/M-LADIS-Jerry/ws_sensor_combined/build/px4_msgs': CMAKE_PREFIX_PATH=${CMAKE_PREFIX_PATH}:/opt/ros/humble /usr/bin/cmake --install /home/robmoemac/M-LADIS-Jerry/ws_sensor_combined/build/px4_msgs
[371.174s] Level 1:colcon.colcon_core.environment:create_environment_scripts_only(px4_msgs)
[371.175s] Level 1:colcon.colcon_core.environment:checking '/home/robmoemac/M-LADIS-Jerry/ws_sensor_combined/install/px4_msgs' for CMake module files
[371.175s] DEBUG:colcon.colcon_core.event_handler.log_command:Invoked command in '/home/robmoemac/M-LADIS-Jerry/ws_sensor_combined/build/px4_msgs' returned '0': CMAKE_PREFIX_PATH=${CMAKE_PREFIX_PATH}:/opt/ros/humble /usr/bin/cmake --install /home/robmoemac/M-LADIS-Jerry/ws_sensor_combined/build/px4_msgs
[371.175s] Level 1:colcon.colcon_core.environment:checking '/home/robmoemac/M-LADIS-Jerry/ws_sensor_combined/install/px4_msgs' for CMake config files
[371.178s] Level 1:colcon.colcon_core.shell:create_environment_hook('px4_msgs', 'cmake_prefix_path')
[371.178s] INFO:colcon.colcon_core.shell:Creating environment hook '/home/robmoemac/M-LADIS-Jerry/ws_sensor_combined/install/px4_msgs/share/px4_msgs/hook/cmake_prefix_path.ps1'
[371.178s] INFO:colcon.colcon_core.shell:Creating environment descriptor '/home/robmoemac/M-LADIS-Jerry/ws_sensor_combined/install/px4_msgs/share/px4_msgs/hook/cmake_prefix_path.dsv'
[371.178s] INFO:colcon.colcon_core.shell:Creating environment hook '/home/robmoemac/M-LADIS-Jerry/ws_sensor_combined/install/px4_msgs/share/px4_msgs/hook/cmake_prefix_path.sh'
[371.179s] Level 1:colcon.colcon_core.environment:checking '/home/robmoemac/M-LADIS-Jerry/ws_sensor_combined/install/px4_msgs/lib'
[371.179s] Level 1:colcon.colcon_core.shell:create_environment_hook('px4_msgs', 'ld_library_path_lib')
[371.179s] INFO:colcon.colcon_core.shell:Creating environment hook '/home/robmoemac/M-LADIS-Jerry/ws_sensor_combined/install/px4_msgs/share/px4_msgs/hook/ld_library_path_lib.ps1'
[371.179s] INFO:colcon.colcon_core.shell:Creating environment descriptor '/home/robmoemac/M-LADIS-Jerry/ws_sensor_combined/install/px4_msgs/share/px4_msgs/hook/ld_library_path_lib.dsv'
[371.179s] INFO:colcon.colcon_core.shell:Creating environment hook '/home/robmoemac/M-LADIS-Jerry/ws_sensor_combined/install/px4_msgs/share/px4_msgs/hook/ld_library_path_lib.sh'
[371.180s] Level 1:colcon.colcon_core.environment:checking '/home/robmoemac/M-LADIS-Jerry/ws_sensor_combined/install/px4_msgs/bin'
[371.180s] Level 1:colcon.colcon_core.environment:checking '/home/robmoemac/M-LADIS-Jerry/ws_sensor_combined/install/px4_msgs/lib/pkgconfig/px4_msgs.pc'
[371.180s] Level 1:colcon.colcon_core.environment:checking '/home/robmoemac/M-LADIS-Jerry/ws_sensor_combined/install/px4_msgs/lib/python3.10/site-packages'
[371.180s] Level 1:colcon.colcon_core.environment:checking '/home/robmoemac/M-LADIS-Jerry/ws_sensor_combined/install/px4_msgs/bin'
[371.180s] INFO:colcon.colcon_core.shell:Creating package script '/home/robmoemac/M-LADIS-Jerry/ws_sensor_combined/install/px4_msgs/share/px4_msgs/package.ps1'
[371.180s] INFO:colcon.colcon_core.shell:Creating package descriptor '/home/robmoemac/M-LADIS-Jerry/ws_sensor_combined/install/px4_msgs/share/px4_msgs/package.dsv'
[371.183s] INFO:colcon.colcon_core.shell:Creating package script '/home/robmoemac/M-LADIS-Jerry/ws_sensor_combined/install/px4_msgs/share/px4_msgs/package.sh'
[371.183s] INFO:colcon.colcon_core.shell:Creating package script '/home/robmoemac/M-LADIS-Jerry/ws_sensor_combined/install/px4_msgs/share/px4_msgs/package.bash'
[371.183s] INFO:colcon.colcon_core.shell:Creating package script '/home/robmoemac/M-LADIS-Jerry/ws_sensor_combined/install/px4_msgs/share/px4_msgs/package.zsh'
[371.183s] Level 1:colcon.colcon_core.environment:create_file_with_runtime_dependencies(/home/robmoemac/M-LADIS-Jerry/ws_sensor_combined/install/px4_msgs/share/colcon-core/packages/px4_msgs)
[378.385s] Level 1:colcon.colcon_core.environment:create_environment_scripts_only(px4_msgs)
[378.386s] Level 1:colcon.colcon_core.environment:checking '/home/robmoemac/M-LADIS-Jerry/ws_sensor_combined/install/px4_msgs' for CMake module files
[378.387s] Level 1:colcon.colcon_core.environment:checking '/home/robmoemac/M-LADIS-Jerry/ws_sensor_combined/install/px4_msgs' for CMake config files
[378.394s] Level 1:colcon.colcon_core.shell:create_environment_hook('px4_msgs', 'cmake_prefix_path')
[378.394s] INFO:colcon.colcon_core.shell:Creating environment hook '/home/robmoemac/M-LADIS-Jerry/ws_sensor_combined/install/px4_msgs/share/px4_msgs/hook/cmake_prefix_path.ps1'
[378.398s] INFO:colcon.colcon_core.shell:Creating environment descriptor '/home/robmoemac/M-LADIS-Jerry/ws_sensor_combined/install/px4_msgs/share/px4_msgs/hook/cmake_prefix_path.dsv'
[378.402s] INFO:colcon.colcon_core.shell:Creating environment hook '/home/robmoemac/M-LADIS-Jerry/ws_sensor_combined/install/px4_msgs/share/px4_msgs/hook/cmake_prefix_path.sh'
[378.404s] Level 1:colcon.colcon_core.environment:checking '/home/robmoemac/M-LADIS-Jerry/ws_sensor_combined/install/px4_msgs/lib'
[378.404s] Level 1:colcon.colcon_core.shell:create_environment_hook('px4_msgs', 'ld_library_path_lib')
[378.404s] INFO:colcon.colcon_core.shell:Creating environment hook '/home/robmoemac/M-LADIS-Jerry/ws_sensor_combined/install/px4_msgs/share/px4_msgs/hook/ld_library_path_lib.ps1'
[378.407s] INFO:colcon.colcon_core.shell:Creating environment descriptor '/home/robmoemac/M-LADIS-Jerry/ws_sensor_combined/install/px4_msgs/share/px4_msgs/hook/ld_library_path_lib.dsv'
[378.409s] INFO:colcon.colcon_core.shell:Creating environment hook '/home/robmoemac/M-LADIS-Jerry/ws_sensor_combined/install/px4_msgs/share/px4_msgs/hook/ld_library_path_lib.sh'
[378.411s] Level 1:colcon.colcon_core.environment:checking '/home/robmoemac/M-LADIS-Jerry/ws_sensor_combined/install/px4_msgs/bin'
[378.412s] Level 1:colcon.colcon_core.environment:checking '/home/robmoemac/M-LADIS-Jerry/ws_sensor_combined/install/px4_msgs/lib/pkgconfig/px4_msgs.pc'
[378.412s] Level 1:colcon.colcon_core.environment:checking '/home/robmoemac/M-LADIS-Jerry/ws_sensor_combined/install/px4_msgs/lib/python3.10/site-packages'
[378.412s] Level 1:colcon.colcon_core.environment:checking '/home/robmoemac/M-LADIS-Jerry/ws_sensor_combined/install/px4_msgs/bin'
[378.412s] INFO:colcon.colcon_core.shell:Creating package script '/home/robmoemac/M-LADIS-Jerry/ws_sensor_combined/install/px4_msgs/share/px4_msgs/package.ps1'
[378.415s] INFO:colcon.colcon_core.shell:Creating package descriptor '/home/robmoemac/M-LADIS-Jerry/ws_sensor_combined/install/px4_msgs/share/px4_msgs/package.dsv'
[378.417s] INFO:colcon.colcon_core.shell:Creating package script '/home/robmoemac/M-LADIS-Jerry/ws_sensor_combined/install/px4_msgs/share/px4_msgs/package.sh'
[378.420s] INFO:colcon.colcon_core.shell:Creating package script '/home/robmoemac/M-LADIS-Jerry/ws_sensor_combined/install/px4_msgs/share/px4_msgs/package.bash'
[378.422s] INFO:colcon.colcon_core.shell:Creating package script '/home/robmoemac/M-LADIS-Jerry/ws_sensor_combined/install/px4_msgs/share/px4_msgs/package.zsh'
[378.425s] Level 1:colcon.colcon_core.environment:create_file_with_runtime_dependencies(/home/robmoemac/M-LADIS-Jerry/ws_sensor_combined/install/px4_msgs/share/colcon-core/packages/px4_msgs)
[378.427s] INFO:colcon.colcon_ros.task.ament_cmake.build:Building ROS package in '/home/robmoemac/M-LADIS-Jerry/ws_sensor_combined/src/px4_ros_com' with build type 'ament_cmake'
[378.428s] INFO:colcon.colcon_cmake.task.cmake.build:Building CMake package in '/home/robmoemac/M-LADIS-Jerry/ws_sensor_combined/src/px4_ros_com'
[378.428s] INFO:colcon.colcon_core.shell:Skip shell extension 'powershell' for command environment: Not usable outside of PowerShell
[378.428s] DEBUG:colcon.colcon_core.shell:Skip shell extension 'dsv' for command environment
[378.435s] DEBUG:colcon.colcon_core.event_handler.log_command:Invoking command in '/home/robmoemac/M-LADIS-Jerry/ws_sensor_combined/build/px4_ros_com': AMENT_PREFIX_PATH=/home/robmoemac/M-LADIS-Jerry/ws_sensor_combined/install/px4_msgs:${AMENT_PREFIX_PATH} CMAKE_PREFIX_PATH=/home/robmoemac/M-LADIS-Jerry/ws_sensor_combined/install/px4_msgs:/home/robmoemac/.local/share/Trash/files/ws_sensor_combined/install/ros:/home/robmoemac/.local/share/Trash/files/ws_sensor_combined/install/px4_ros_com:/home/robmoemac/.local/share/Trash/files/ws_sensor_combined/install/px4_msgs:/opt/ros/humble LD_LIBRARY_PATH=/home/robmoemac/M-LADIS-Jerry/ws_sensor_combined/install/px4_msgs/lib:${LD_LIBRARY_PATH} PYTHONPATH=/home/robmoemac/M-LADIS-Jerry/ws_sensor_combined/install/px4_msgs/local/lib/python3.10/dist-packages:${PYTHONPATH} /usr/bin/cmake /home/robmoemac/M-LADIS-Jerry/ws_sensor_combined/src/px4_ros_com -DCMAKE_INSTALL_PREFIX=/home/robmoemac/M-LADIS-Jerry/ws_sensor_combined/install/px4_ros_com
[382.269s] DEBUG:colcon.colcon_core.event_handler.log_command:Invoked command in '/home/robmoemac/M-LADIS-Jerry/ws_sensor_combined/build/px4_ros_com' returned '0': AMENT_PREFIX_PATH=/home/robmoemac/M-LADIS-Jerry/ws_sensor_combined/install/px4_msgs:${AMENT_PREFIX_PATH} CMAKE_PREFIX_PATH=/home/robmoemac/M-LADIS-Jerry/ws_sensor_combined/install/px4_msgs:/home/robmoemac/.local/share/Trash/files/ws_sensor_combined/install/ros:/home/robmoemac/.local/share/Trash/files/ws_sensor_combined/install/px4_ros_com:/home/robmoemac/.local/share/Trash/files/ws_sensor_combined/install/px4_msgs:/opt/ros/humble LD_LIBRARY_PATH=/home/robmoemac/M-LADIS-Jerry/ws_sensor_combined/install/px4_msgs/lib:${LD_LIBRARY_PATH} PYTHONPATH=/home/robmoemac/M-LADIS-Jerry/ws_sensor_combined/install/px4_msgs/local/lib/python3.10/dist-packages:${PYTHONPATH} /usr/bin/cmake /home/robmoemac/M-LADIS-Jerry/ws_sensor_combined/src/px4_ros_com -DCMAKE_INSTALL_PREFIX=/home/robmoemac/M-LADIS-Jerry/ws_sensor_combined/install/px4_ros_com
[382.270s] DEBUG:colcon.colcon_core.event_handler.log_command:Invoking command in '/home/robmoemac/M-LADIS-Jerry/ws_sensor_combined/build/px4_ros_com': AMENT_PREFIX_PATH=/home/robmoemac/M-LADIS-Jerry/ws_sensor_combined/install/px4_msgs:${AMENT_PREFIX_PATH} CMAKE_PREFIX_PATH=/home/robmoemac/M-LADIS-Jerry/ws_sensor_combined/install/px4_msgs:/home/robmoemac/.local/share/Trash/files/ws_sensor_combined/install/ros:/home/robmoemac/.local/share/Trash/files/ws_sensor_combined/install/px4_ros_com:/home/robmoemac/.local/share/Trash/files/ws_sensor_combined/install/px4_msgs:/opt/ros/humble LD_LIBRARY_PATH=/home/robmoemac/M-LADIS-Jerry/ws_sensor_combined/install/px4_msgs/lib:${LD_LIBRARY_PATH} PYTHONPATH=/home/robmoemac/M-LADIS-Jerry/ws_sensor_combined/install/px4_msgs/local/lib/python3.10/dist-packages:${PYTHONPATH} /usr/bin/cmake --build /home/robmoemac/M-LADIS-Jerry/ws_sensor_combined/build/px4_ros_com -- -j8 -l8
[403.860s] DEBUG:colcon.colcon_core.event_handler.log_command:Invoked command in '/home/robmoemac/M-LADIS-Jerry/ws_sensor_combined/build/px4_ros_com' returned '0': AMENT_PREFIX_PATH=/home/robmoemac/M-LADIS-Jerry/ws_sensor_combined/install/px4_msgs:${AMENT_PREFIX_PATH} CMAKE_PREFIX_PATH=/home/robmoemac/M-LADIS-Jerry/ws_sensor_combined/install/px4_msgs:/home/robmoemac/.local/share/Trash/files/ws_sensor_combined/install/ros:/home/robmoemac/.local/share/Trash/files/ws_sensor_combined/install/px4_ros_com:/home/robmoemac/.local/share/Trash/files/ws_sensor_combined/install/px4_msgs:/opt/ros/humble LD_LIBRARY_PATH=/home/robmoemac/M-LADIS-Jerry/ws_sensor_combined/install/px4_msgs/lib:${LD_LIBRARY_PATH} PYTHONPATH=/home/robmoemac/M-LADIS-Jerry/ws_sensor_combined/install/px4_msgs/local/lib/python3.10/dist-packages:${PYTHONPATH} /usr/bin/cmake --build /home/robmoemac/M-LADIS-Jerry/ws_sensor_combined/build/px4_ros_com -- -j8 -l8
[403.894s] DEBUG:colcon.colcon_core.event_handler.log_command:Invoking command in '/home/robmoemac/M-LADIS-Jerry/ws_sensor_combined/build/px4_ros_com': AMENT_PREFIX_PATH=/home/robmoemac/M-LADIS-Jerry/ws_sensor_combined/install/px4_msgs:${AMENT_PREFIX_PATH} CMAKE_PREFIX_PATH=/home/robmoemac/M-LADIS-Jerry/ws_sensor_combined/install/px4_msgs:/home/robmoemac/.local/share/Trash/files/ws_sensor_combined/install/ros:/home/robmoemac/.local/share/Trash/files/ws_sensor_combined/install/px4_ros_com:/home/robmoemac/.local/share/Trash/files/ws_sensor_combined/install/px4_msgs:/opt/ros/humble LD_LIBRARY_PATH=/home/robmoemac/M-LADIS-Jerry/ws_sensor_combined/install/px4_msgs/lib:${LD_LIBRARY_PATH} PYTHONPATH=/home/robmoemac/M-LADIS-Jerry/ws_sensor_combined/install/px4_msgs/local/lib/python3.10/dist-packages:${PYTHONPATH} /usr/bin/cmake --install /home/robmoemac/M-LADIS-Jerry/ws_sensor_combined/build/px4_ros_com
[403.917s] Level 1:colcon.colcon_core.environment:create_environment_scripts_only(px4_ros_com)
[403.917s] Level 1:colcon.colcon_core.environment:checking '/home/robmoemac/M-LADIS-Jerry/ws_sensor_combined/install/px4_ros_com' for CMake module files
[403.917s] DEBUG:colcon.colcon_core.event_handler.log_command:Invoked command in '/home/robmoemac/M-LADIS-Jerry/ws_sensor_combined/build/px4_ros_com' returned '0': AMENT_PREFIX_PATH=/home/robmoemac/M-LADIS-Jerry/ws_sensor_combined/install/px4_msgs:${AMENT_PREFIX_PATH} CMAKE_PREFIX_PATH=/home/robmoemac/M-LADIS-Jerry/ws_sensor_combined/install/px4_msgs:/home/robmoemac/.local/share/Trash/files/ws_sensor_combined/install/ros:/home/robmoemac/.local/share/Trash/files/ws_sensor_combined/install/px4_ros_com:/home/robmoemac/.local/share/Trash/files/ws_sensor_combined/install/px4_msgs:/opt/ros/humble LD_LIBRARY_PATH=/home/robmoemac/M-LADIS-Jerry/ws_sensor_combined/install/px4_msgs/lib:${LD_LIBRARY_PATH} PYTHONPATH=/home/robmoemac/M-LADIS-Jerry/ws_sensor_combined/install/px4_msgs/local/lib/python3.10/dist-packages:${PYTHONPATH} /usr/bin/cmake --install /home/robmoemac/M-LADIS-Jerry/ws_sensor_combined/build/px4_ros_com
[403.918s] Level 1:colcon.colcon_core.environment:checking '/home/robmoemac/M-LADIS-Jerry/ws_sensor_combined/install/px4_ros_com' for CMake config files
[403.918s] Level 1:colcon.colcon_core.shell:create_environment_hook('px4_ros_com', 'cmake_prefix_path')
[403.918s] INFO:colcon.colcon_core.shell:Creating environment hook '/home/robmoemac/M-LADIS-Jerry/ws_sensor_combined/install/px4_ros_com/share/px4_ros_com/hook/cmake_prefix_path.ps1'
[403.918s] INFO:colcon.colcon_core.shell:Creating environment descriptor '/home/robmoemac/M-LADIS-Jerry/ws_sensor_combined/install/px4_ros_com/share/px4_ros_com/hook/cmake_prefix_path.dsv'
[403.919s] INFO:colcon.colcon_core.shell:Creating environment hook '/home/robmoemac/M-LADIS-Jerry/ws_sensor_combined/install/px4_ros_com/share/px4_ros_com/hook/cmake_prefix_path.sh'
[403.919s] Level 1:colcon.colcon_core.environment:checking '/home/robmoemac/M-LADIS-Jerry/ws_sensor_combined/install/px4_ros_com/lib'
[403.919s] Level 1:colcon.colcon_core.environment:checking '/home/robmoemac/M-LADIS-Jerry/ws_sensor_combined/install/px4_ros_com/bin'
[403.919s] Level 1:colcon.colcon_core.environment:checking '/home/robmoemac/M-LADIS-Jerry/ws_sensor_combined/install/px4_ros_com/lib/pkgconfig/px4_ros_com.pc'
[403.919s] Level 1:colcon.colcon_core.environment:checking '/home/robmoemac/M-LADIS-Jerry/ws_sensor_combined/install/px4_ros_com/lib/python3.10/site-packages'
[403.919s] Level 1:colcon.colcon_core.environment:checking '/home/robmoemac/M-LADIS-Jerry/ws_sensor_combined/install/px4_ros_com/bin'
[403.920s] INFO:colcon.colcon_core.shell:Creating package script '/home/robmoemac/M-LADIS-Jerry/ws_sensor_combined/install/px4_ros_com/share/px4_ros_com/package.ps1'
[403.920s] INFO:colcon.colcon_core.shell:Creating package descriptor '/home/robmoemac/M-LADIS-Jerry/ws_sensor_combined/install/px4_ros_com/share/px4_ros_com/package.dsv'
[403.923s] INFO:colcon.colcon_core.shell:Creating package script '/home/robmoemac/M-LADIS-Jerry/ws_sensor_combined/install/px4_ros_com/share/px4_ros_com/package.sh'
[403.923s] INFO:colcon.colcon_core.shell:Creating package script '/home/robmoemac/M-LADIS-Jerry/ws_sensor_combined/install/px4_ros_com/share/px4_ros_com/package.bash'
[403.923s] INFO:colcon.colcon_core.shell:Creating package script '/home/robmoemac/M-LADIS-Jerry/ws_sensor_combined/install/px4_ros_com/share/px4_ros_com/package.zsh'
[403.923s] Level 1:colcon.colcon_core.environment:create_file_with_runtime_dependencies(/home/robmoemac/M-LADIS-Jerry/ws_sensor_combined/install/px4_ros_com/share/colcon-core/packages/px4_ros_com)
[403.963s] Level 1:colcon.colcon_core.environment:create_environment_scripts_only(px4_ros_com)
[403.963s] Level 1:colcon.colcon_core.environment:checking '/home/robmoemac/M-LADIS-Jerry/ws_sensor_combined/install/px4_ros_com' for CMake module files
[403.964s] Level 1:colcon.colcon_core.environment:checking '/home/robmoemac/M-LADIS-Jerry/ws_sensor_combined/install/px4_ros_com' for CMake config files
[403.964s] Level 1:colcon.colcon_core.shell:create_environment_hook('px4_ros_com', 'cmake_prefix_path')
[403.964s] INFO:colcon.colcon_core.shell:Creating environment hook '/home/robmoemac/M-LADIS-Jerry/ws_sensor_combined/install/px4_ros_com/share/px4_ros_com/hook/cmake_prefix_path.ps1'
[403.970s] INFO:colcon.colcon_core.shell:Creating environment descriptor '/home/robmoemac/M-LADIS-Jerry/ws_sensor_combined/install/px4_ros_com/share/px4_ros_com/hook/cmake_prefix_path.dsv'
[403.974s] INFO:colcon.colcon_core.shell:Creating environment hook '/home/robmoemac/M-LADIS-Jerry/ws_sensor_combined/install/px4_ros_com/share/px4_ros_com/hook/cmake_prefix_path.sh'
[403.977s] Level 1:colcon.colcon_core.environment:checking '/home/robmoemac/M-LADIS-Jerry/ws_sensor_combined/install/px4_ros_com/lib'
[403.977s] Level 1:colcon.colcon_core.environment:checking '/home/robmoemac/M-LADIS-Jerry/ws_sensor_combined/install/px4_ros_com/bin'
[403.977s] Level 1:colcon.colcon_core.environment:checking '/home/robmoemac/M-LADIS-Jerry/ws_sensor_combined/install/px4_ros_com/lib/pkgconfig/px4_ros_com.pc'
[403.977s] Level 1:colcon.colcon_core.environment:checking '/home/robmoemac/M-LADIS-Jerry/ws_sensor_combined/install/px4_ros_com/lib/python3.10/site-packages'
[403.977s] Level 1:colcon.colcon_core.environment:checking '/home/robmoemac/M-LADIS-Jerry/ws_sensor_combined/install/px4_ros_com/bin'
[403.977s] INFO:colcon.colcon_core.shell:Creating package script '/home/robmoemac/M-LADIS-Jerry/ws_sensor_combined/install/px4_ros_com/share/px4_ros_com/package.ps1'
[403.980s] INFO:colcon.colcon_core.shell:Creating package descriptor '/home/robmoemac/M-LADIS-Jerry/ws_sensor_combined/install/px4_ros_com/share/px4_ros_com/package.dsv'
[403.982s] INFO:colcon.colcon_core.shell:Creating package script '/home/robmoemac/M-LADIS-Jerry/ws_sensor_combined/install/px4_ros_com/share/px4_ros_com/package.sh'
[403.985s] INFO:colcon.colcon_core.shell:Creating package script '/home/robmoemac/M-LADIS-Jerry/ws_sensor_combined/install/px4_ros_com/share/px4_ros_com/package.bash'
[403.987s] INFO:colcon.colcon_core.shell:Creating package script '/home/robmoemac/M-LADIS-Jerry/ws_sensor_combined/install/px4_ros_com/share/px4_ros_com/package.zsh'
[403.990s] Level 1:colcon.colcon_core.environment:create_file_with_runtime_dependencies(/home/robmoemac/M-LADIS-Jerry/ws_sensor_combined/install/px4_ros_com/share/colcon-core/packages/px4_ros_com)
[403.992s] DEBUG:colcon.colcon_parallel_executor.executor.parallel:closing loop
[403.993s] DEBUG:colcon.colcon_parallel_executor.executor.parallel:loop closed
[403.993s] DEBUG:colcon.colcon_parallel_executor.executor.parallel:run_until_complete finished with '0'
[403.993s] DEBUG:colcon.colcon_core.event_reactor:joining thread
[403.997s] INFO:colcon.colcon_core.plugin_system:Skipping extension 'colcon_notification.desktop_notification.terminal_notifier': Not used on non-Darwin systems
[403.997s] INFO:colcon.colcon_core.plugin_system:Skipping extension 'colcon_notification.desktop_notification.win32': Not used on non-Windows systems
[403.997s] INFO:colcon.colcon_notification.desktop_notification:Sending desktop notification using 'notify2'
[404.007s] DEBUG:colcon.colcon_core.event_reactor:joined thread
[404.007s] INFO:colcon.colcon_core.shell:Creating prefix script '/home/robmoemac/M-LADIS-Jerry/ws_sensor_combined/install/local_setup.ps1'
[404.008s] INFO:colcon.colcon_core.shell:Creating prefix util module '/home/robmoemac/M-LADIS-Jerry/ws_sensor_combined/install/_local_setup_util_ps1.py'
[404.009s] INFO:colcon.colcon_core.shell:Creating prefix chain script '/home/robmoemac/M-LADIS-Jerry/ws_sensor_combined/install/setup.ps1'
[404.011s] INFO:colcon.colcon_core.shell:Creating prefix script '/home/robmoemac/M-LADIS-Jerry/ws_sensor_combined/install/local_setup.sh'
[404.011s] INFO:colcon.colcon_core.shell:Creating prefix util module '/home/robmoemac/M-LADIS-Jerry/ws_sensor_combined/install/_local_setup_util_sh.py'
[404.012s] INFO:colcon.colcon_core.shell:Creating prefix chain script '/home/robmoemac/M-LADIS-Jerry/ws_sensor_combined/install/setup.sh'
[404.013s] INFO:colcon.colcon_core.shell:Creating prefix script '/home/robmoemac/M-LADIS-Jerry/ws_sensor_combined/install/local_setup.bash'
[404.014s] INFO:colcon.colcon_core.shell:Creating prefix chain script '/home/robmoemac/M-LADIS-Jerry/ws_sensor_combined/install/setup.bash'
[404.015s] INFO:colcon.colcon_core.shell:Creating prefix script '/home/robmoemac/M-LADIS-Jerry/ws_sensor_combined/install/local_setup.zsh'
[404.015s] INFO:colcon.colcon_core.shell:Creating prefix chain script '/home/robmoemac/M-LADIS-Jerry/ws_sensor_combined/install/setup.zsh'
