[0.081s] DEBUG:colcon:Command line arguments: ['/usr/bin/colcon', 'build']
[0.081s] DEBUG:colcon:Parsed command line arguments: Namespace(log_base=None, log_level=None, verb_name='build', build_base='build', install_base='install', merge_install=False, symlink_install=False, test_result_base=None, continue_on_error=False, executor='parallel', parallel_workers=8, event_handlers=None, ignore_user_meta=False, metas=['./colcon.meta'], base_paths=['.'], packages_ignore=None, packages_ignore_regex=None, paths=None, packages_up_to=None, packages_up_to_regex=None, packages_above=None, packages_above_and_dependencies=None, packages_above_depth=None, packages_select_by_dep=None, packages_skip_by_dep=None, packages_skip_up_to=None, packages_select_build_failed=False, packages_skip_build_finished=False, packages_select_test_failures=False, packages_skip_test_passed=False, packages_select=None, packages_skip=None, packages_select_regex=None, packages_skip_regex=None, packages_start=None, packages_end=None, allow_overriding=[], cmake_args=None, cmake_target=None, cmake_target_skip_unavailable=False, cmake_clean_cache=False, cmake_clean_first=False, cmake_force_configure=False, ament_cmake_args=None, catkin_cmake_args=None, catkin_skip_building_tests=False, verb_parser=<colcon_defaults.argument_parser.defaults.DefaultArgumentsDecorator object at 0x711c91441180>, verb_extension=<colcon_core.verb.build.BuildVerb object at 0x711c91440040>, main=<bound method BuildVerb.main of <colcon_core.verb.build.BuildVerb object at 0x711c91440040>>)
[0.109s] Level 1:colcon.colcon_core.package_discovery:discover_packages(colcon_meta) check parameters
[0.110s] Level 1:colcon.colcon_core.package_discovery:discover_packages(recursive) check parameters
[0.110s] Level 1:colcon.colcon_core.package_discovery:discover_packages(ignore) check parameters
[0.110s] Level 1:colcon.colcon_core.package_discovery:discover_packages(path) check parameters
[0.110s] Level 1:colcon.colcon_core.package_discovery:discover_packages(colcon_meta) discover
[0.110s] Level 1:colcon.colcon_core.package_discovery:discover_packages(recursive) discover
[0.110s] INFO:colcon.colcon_core.package_discovery:Crawling recursively for packages in '/home/robmoemac/M-LADIS-sim/PX4 Aux/ws_sensor_combined'
[0.110s] Level 1:colcon.colcon_core.package_identification:_identify(.) by extensions ['ignore', 'ignore_ament_install']
[0.110s] Level 1:colcon.colcon_core.package_identification:_identify(.) by extension 'ignore'
[0.110s] Level 1:colcon.colcon_core.package_identification:_identify(.) by extension 'ignore_ament_install'
[0.110s] Level 1:colcon.colcon_core.package_identification:_identify(.) by extensions ['colcon_pkg']
[0.110s] Level 1:colcon.colcon_core.package_identification:_identify(.) by extension 'colcon_pkg'
[0.110s] Level 1:colcon.colcon_core.package_identification:_identify(.) by extensions ['colcon_meta']
[0.110s] Level 1:colcon.colcon_core.package_identification:_identify(.) by extension 'colcon_meta'
[0.110s] Level 1:colcon.colcon_core.package_identification:_identify(.) by extensions ['ros']
[0.110s] Level 1:colcon.colcon_core.package_identification:_identify(.) by extension 'ros'
[0.122s] Level 1:colcon.colcon_core.package_identification:_identify(.) by extensions ['cmake', 'python']
[0.122s] Level 1:colcon.colcon_core.package_identification:_identify(.) by extension 'cmake'
[0.122s] Level 1:colcon.colcon_core.package_identification:_identify(.) by extension 'python'
[0.122s] Level 1:colcon.colcon_core.package_identification:_identify(.) by extensions ['python_setup_py']
[0.122s] Level 1:colcon.colcon_core.package_identification:_identify(.) by extension 'python_setup_py'
[0.122s] Level 1:colcon.colcon_core.package_identification:_identify(build) by extensions ['ignore', 'ignore_ament_install']
[0.122s] Level 1:colcon.colcon_core.package_identification:_identify(build) by extension 'ignore'
[0.122s] Level 1:colcon.colcon_core.package_identification:_identify(build) ignored
[0.122s] Level 1:colcon.colcon_core.package_identification:_identify(install) by extensions ['ignore', 'ignore_ament_install']
[0.122s] Level 1:colcon.colcon_core.package_identification:_identify(install) by extension 'ignore'
[0.123s] Level 1:colcon.colcon_core.package_identification:_identify(install) ignored
[0.123s] Level 1:colcon.colcon_core.package_identification:_identify(log) by extensions ['ignore', 'ignore_ament_install']
[0.123s] Level 1:colcon.colcon_core.package_identification:_identify(log) by extension 'ignore'
[0.123s] Level 1:colcon.colcon_core.package_identification:_identify(log) ignored
[0.123s] Level 1:colcon.colcon_core.package_identification:_identify(ros) by extensions ['ignore', 'ignore_ament_install']
[0.123s] Level 1:colcon.colcon_core.package_identification:_identify(ros) by extension 'ignore'
[0.123s] Level 1:colcon.colcon_core.package_identification:_identify(ros) by extension 'ignore_ament_install'
[0.123s] Level 1:colcon.colcon_core.package_identification:_identify(ros) by extensions ['colcon_pkg']
[0.123s] Level 1:colcon.colcon_core.package_identification:_identify(ros) by extension 'colcon_pkg'
[0.123s] Level 1:colcon.colcon_core.package_identification:_identify(ros) by extensions ['colcon_meta']
[0.123s] Level 1:colcon.colcon_core.package_identification:_identify(ros) by extension 'colcon_meta'
[0.123s] Level 1:colcon.colcon_core.package_identification:_identify(ros) by extensions ['ros']
[0.123s] Level 1:colcon.colcon_core.package_identification:_identify(ros) by extension 'ros'
[0.125s] DEBUG:colcon.colcon_core.package_identification:Package 'ros' with type 'ros.ament_cmake' and name 'ros'
[0.126s] Level 1:colcon.colcon_core.package_identification:_identify(src) by extensions ['ignore', 'ignore_ament_install']
[0.126s] Level 1:colcon.colcon_core.package_identification:_identify(src) by extension 'ignore'
[0.126s] Level 1:colcon.colcon_core.package_identification:_identify(src) by extension 'ignore_ament_install'
[0.126s] Level 1:colcon.colcon_core.package_identification:_identify(src) by extensions ['colcon_pkg']
[0.126s] Level 1:colcon.colcon_core.package_identification:_identify(src) by extension 'colcon_pkg'
[0.126s] Level 1:colcon.colcon_core.package_identification:_identify(src) by extensions ['colcon_meta']
[0.126s] Level 1:colcon.colcon_core.package_identification:_identify(src) by extension 'colcon_meta'
[0.126s] Level 1:colcon.colcon_core.package_identification:_identify(src) by extensions ['ros']
[0.126s] Level 1:colcon.colcon_core.package_identification:_identify(src) by extension 'ros'
[0.126s] Level 1:colcon.colcon_core.package_identification:_identify(src) by extensions ['cmake', 'python']
[0.126s] Level 1:colcon.colcon_core.package_identification:_identify(src) by extension 'cmake'
[0.126s] Level 1:colcon.colcon_core.package_identification:_identify(src) by extension 'python'
[0.126s] Level 1:colcon.colcon_core.package_identification:_identify(src) by extensions ['python_setup_py']
[0.126s] Level 1:colcon.colcon_core.package_identification:_identify(src) by extension 'python_setup_py'
[0.126s] Level 1:colcon.colcon_core.package_identification:_identify(src/px4_msgs) by extensions ['ignore', 'ignore_ament_install']
[0.126s] Level 1:colcon.colcon_core.package_identification:_identify(src/px4_msgs) by extension 'ignore'
[0.126s] Level 1:colcon.colcon_core.package_identification:_identify(src/px4_msgs) by extension 'ignore_ament_install'
[0.126s] Level 1:colcon.colcon_core.package_identification:_identify(src/px4_msgs) by extensions ['colcon_pkg']
[0.126s] Level 1:colcon.colcon_core.package_identification:_identify(src/px4_msgs) by extension 'colcon_pkg'
[0.126s] Level 1:colcon.colcon_core.package_identification:_identify(src/px4_msgs) by extensions ['colcon_meta']
[0.126s] Level 1:colcon.colcon_core.package_identification:_identify(src/px4_msgs) by extension 'colcon_meta'
[0.126s] Level 1:colcon.colcon_core.package_identification:_identify(src/px4_msgs) by extensions ['ros']
[0.126s] Level 1:colcon.colcon_core.package_identification:_identify(src/px4_msgs) by extension 'ros'
[0.127s] DEBUG:colcon.colcon_core.package_identification:Package 'src/px4_msgs' with type 'ros.ament_cmake' and name 'px4_msgs'
[0.127s] Level 1:colcon.colcon_core.package_identification:_identify(src/px4_ros_com) by extensions ['ignore', 'ignore_ament_install']
[0.127s] Level 1:colcon.colcon_core.package_identification:_identify(src/px4_ros_com) by extension 'ignore'
[0.127s] Level 1:colcon.colcon_core.package_identification:_identify(src/px4_ros_com) by extension 'ignore_ament_install'
[0.127s] Level 1:colcon.colcon_core.package_identification:_identify(src/px4_ros_com) by extensions ['colcon_pkg']
[0.127s] Level 1:colcon.colcon_core.package_identification:_identify(src/px4_ros_com) by extension 'colcon_pkg'
[0.127s] Level 1:colcon.colcon_core.package_identification:_identify(src/px4_ros_com) by extensions ['colcon_meta']
[0.127s] Level 1:colcon.colcon_core.package_identification:_identify(src/px4_ros_com) by extension 'colcon_meta'
[0.127s] Level 1:colcon.colcon_core.package_identification:_identify(src/px4_ros_com) by extensions ['ros']
[0.127s] Level 1:colcon.colcon_core.package_identification:_identify(src/px4_ros_com) by extension 'ros'
[0.128s] DEBUG:colcon.colcon_core.package_identification:Package 'src/px4_ros_com' with type 'ros.ament_cmake' and name 'px4_ros_com'
[0.128s] Level 1:colcon.colcon_core.package_identification:_identify(src/ros_gz) by extensions ['ignore', 'ignore_ament_install']
[0.128s] Level 1:colcon.colcon_core.package_identification:_identify(src/ros_gz) by extension 'ignore'
[0.128s] Level 1:colcon.colcon_core.package_identification:_identify(src/ros_gz) by extension 'ignore_ament_install'
[0.129s] Level 1:colcon.colcon_core.package_identification:_identify(src/ros_gz) by extensions ['colcon_pkg']
[0.129s] Level 1:colcon.colcon_core.package_identification:_identify(src/ros_gz) by extension 'colcon_pkg'
[0.129s] Level 1:colcon.colcon_core.package_identification:_identify(src/ros_gz) by extensions ['colcon_meta']
[0.129s] Level 1:colcon.colcon_core.package_identification:_identify(src/ros_gz) by extension 'colcon_meta'
[0.129s] Level 1:colcon.colcon_core.package_identification:_identify(src/ros_gz) by extensions ['ros']
[0.129s] Level 1:colcon.colcon_core.package_identification:_identify(src/ros_gz) by extension 'ros'
[0.129s] Level 1:colcon.colcon_core.package_identification:_identify(src/ros_gz) by extensions ['cmake', 'python']
[0.129s] Level 1:colcon.colcon_core.package_identification:_identify(src/ros_gz) by extension 'cmake'
[0.129s] Level 1:colcon.colcon_core.package_identification:_identify(src/ros_gz) by extension 'python'
[0.129s] Level 1:colcon.colcon_core.package_identification:_identify(src/ros_gz) by extensions ['python_setup_py']
[0.129s] Level 1:colcon.colcon_core.package_identification:_identify(src/ros_gz) by extension 'python_setup_py'
[0.129s] Level 1:colcon.colcon_core.package_discovery:discover_packages(recursive) using defaults
[0.129s] Level 1:colcon.colcon_core.package_discovery:discover_packages(ignore) discover
[0.129s] Level 1:colcon.colcon_core.package_discovery:discover_packages(ignore) using defaults
[0.129s] Level 1:colcon.colcon_core.package_discovery:discover_packages(path) discover
[0.129s] Level 1:colcon.colcon_core.package_discovery:discover_packages(path) using defaults
[0.144s] Level 1:colcon.colcon_core.package_discovery:discover_packages(prefix_path) check parameters
[0.144s] Level 1:colcon.colcon_core.package_discovery:discover_packages(prefix_path) discover
[0.145s] DEBUG:colcon.colcon_installed_package_information.package_discovery:Found 3 installed packages in /home/robmoemac/M-LADIS-sim/PX4 Aux/ws_sensor_combined/install
[0.147s] DEBUG:colcon.colcon_installed_package_information.package_discovery:Found 290 installed packages in /opt/ros/humble
[0.148s] Level 1:colcon.colcon_core.package_discovery:discover_packages(prefix_path) using defaults
[0.176s] Level 5:colcon.colcon_core.verb:set package 'px4_msgs' build argument 'cmake_args' from command line to 'None'
[0.176s] Level 5:colcon.colcon_core.verb:set package 'px4_msgs' build argument 'cmake_target' from command line to 'None'
[0.176s] Level 5:colcon.colcon_core.verb:set package 'px4_msgs' build argument 'cmake_target_skip_unavailable' from command line to 'False'
[0.176s] Level 5:colcon.colcon_core.verb:set package 'px4_msgs' build argument 'cmake_clean_cache' from command line to 'False'
[0.176s] Level 5:colcon.colcon_core.verb:set package 'px4_msgs' build argument 'cmake_clean_first' from command line to 'False'
[0.177s] Level 5:colcon.colcon_core.verb:set package 'px4_msgs' build argument 'cmake_force_configure' from command line to 'False'
[0.177s] Level 5:colcon.colcon_core.verb:set package 'px4_msgs' build argument 'ament_cmake_args' from command line to 'None'
[0.177s] Level 5:colcon.colcon_core.verb:set package 'px4_msgs' build argument 'catkin_cmake_args' from command line to 'None'
[0.177s] Level 5:colcon.colcon_core.verb:set package 'px4_msgs' build argument 'catkin_skip_building_tests' from command line to 'False'
[0.177s] DEBUG:colcon.colcon_core.verb:Building package 'px4_msgs' with the following arguments: {'ament_cmake_args': None, 'build_base': '/home/robmoemac/M-LADIS-sim/PX4 Aux/ws_sensor_combined/build/px4_msgs', 'catkin_cmake_args': None, 'catkin_skip_building_tests': False, 'cmake_args': None, 'cmake_clean_cache': False, 'cmake_clean_first': False, 'cmake_force_configure': False, 'cmake_target': None, 'cmake_target_skip_unavailable': False, 'install_base': '/home/robmoemac/M-LADIS-sim/PX4 Aux/ws_sensor_combined/install/px4_msgs', 'merge_install': False, 'path': '/home/robmoemac/M-LADIS-sim/PX4 Aux/ws_sensor_combined/src/px4_msgs', 'symlink_install': False, 'test_result_base': None}
[0.177s] Level 5:colcon.colcon_core.verb:set package 'ros' build argument 'cmake_args' from command line to 'None'
[0.177s] Level 5:colcon.colcon_core.verb:set package 'ros' build argument 'cmake_target' from command line to 'None'
[0.177s] Level 5:colcon.colcon_core.verb:set package 'ros' build argument 'cmake_target_skip_unavailable' from command line to 'False'
[0.177s] Level 5:colcon.colcon_core.verb:set package 'ros' build argument 'cmake_clean_cache' from command line to 'False'
[0.177s] Level 5:colcon.colcon_core.verb:set package 'ros' build argument 'cmake_clean_first' from command line to 'False'
[0.177s] Level 5:colcon.colcon_core.verb:set package 'ros' build argument 'cmake_force_configure' from command line to 'False'
[0.177s] Level 5:colcon.colcon_core.verb:set package 'ros' build argument 'ament_cmake_args' from command line to 'None'
[0.177s] Level 5:colcon.colcon_core.verb:set package 'ros' build argument 'catkin_cmake_args' from command line to 'None'
[0.177s] Level 5:colcon.colcon_core.verb:set package 'ros' build argument 'catkin_skip_building_tests' from command line to 'False'
[0.177s] DEBUG:colcon.colcon_core.verb:Building package 'ros' with the following arguments: {'ament_cmake_args': None, 'build_base': '/home/robmoemac/M-LADIS-sim/PX4 Aux/ws_sensor_combined/build/ros', 'catkin_cmake_args': None, 'catkin_skip_building_tests': False, 'cmake_args': None, 'cmake_clean_cache': False, 'cmake_clean_first': False, 'cmake_force_configure': False, 'cmake_target': None, 'cmake_target_skip_unavailable': False, 'install_base': '/home/robmoemac/M-LADIS-sim/PX4 Aux/ws_sensor_combined/install/ros', 'merge_install': False, 'path': '/home/robmoemac/M-LADIS-sim/PX4 Aux/ws_sensor_combined/ros', 'symlink_install': False, 'test_result_base': None}
[0.177s] Level 5:colcon.colcon_core.verb:set package 'px4_ros_com' build argument 'cmake_args' from command line to 'None'
[0.177s] Level 5:colcon.colcon_core.verb:set package 'px4_ros_com' build argument 'cmake_target' from command line to 'None'
[0.177s] Level 5:colcon.colcon_core.verb:set package 'px4_ros_com' build argument 'cmake_target_skip_unavailable' from command line to 'False'
[0.177s] Level 5:colcon.colcon_core.verb:set package 'px4_ros_com' build argument 'cmake_clean_cache' from command line to 'False'
[0.177s] Level 5:colcon.colcon_core.verb:set package 'px4_ros_com' build argument 'cmake_clean_first' from command line to 'False'
[0.177s] Level 5:colcon.colcon_core.verb:set package 'px4_ros_com' build argument 'cmake_force_configure' from command line to 'False'
[0.177s] Level 5:colcon.colcon_core.verb:set package 'px4_ros_com' build argument 'ament_cmake_args' from command line to 'None'
[0.177s] Level 5:colcon.colcon_core.verb:set package 'px4_ros_com' build argument 'catkin_cmake_args' from command line to 'None'
[0.178s] Level 5:colcon.colcon_core.verb:set package 'px4_ros_com' build argument 'catkin_skip_building_tests' from command line to 'False'
[0.178s] DEBUG:colcon.colcon_core.verb:Building package 'px4_ros_com' with the following arguments: {'ament_cmake_args': None, 'build_base': '/home/robmoemac/M-LADIS-sim/PX4 Aux/ws_sensor_combined/build/px4_ros_com', 'catkin_cmake_args': None, 'catkin_skip_building_tests': False, 'cmake_args': None, 'cmake_clean_cache': False, 'cmake_clean_first': False, 'cmake_force_configure': False, 'cmake_target': None, 'cmake_target_skip_unavailable': False, 'install_base': '/home/robmoemac/M-LADIS-sim/PX4 Aux/ws_sensor_combined/install/px4_ros_com', 'merge_install': False, 'path': '/home/robmoemac/M-LADIS-sim/PX4 Aux/ws_sensor_combined/src/px4_ros_com', 'symlink_install': False, 'test_result_base': None}
[0.178s] INFO:colcon.colcon_core.executor:Executing jobs using 'parallel' executor
[0.179s] DEBUG:colcon.colcon_parallel_executor.executor.parallel:run_until_complete
[0.179s] INFO:colcon.colcon_ros.task.ament_cmake.build:Building ROS package in '/home/robmoemac/M-LADIS-sim/PX4 Aux/ws_sensor_combined/src/px4_msgs' with build type 'ament_cmake'
[0.179s] INFO:colcon.colcon_cmake.task.cmake.build:Building CMake package in '/home/robmoemac/M-LADIS-sim/PX4 Aux/ws_sensor_combined/src/px4_msgs'
[0.181s] INFO:colcon.colcon_core.plugin_system:Skipping extension 'colcon_core.shell.bat': Not used on non-Windows systems
[0.181s] INFO:colcon.colcon_core.shell:Skip shell extension 'powershell' for command environment: Not usable outside of PowerShell
[0.181s] DEBUG:colcon.colcon_core.shell:Skip shell extension 'dsv' for command environment
[0.186s] INFO:colcon.colcon_ros.task.ament_cmake.build:Building ROS package in '/home/robmoemac/M-LADIS-sim/PX4 Aux/ws_sensor_combined/ros' with build type 'ament_cmake'
[0.186s] INFO:colcon.colcon_cmake.task.cmake.build:Building CMake package in '/home/robmoemac/M-LADIS-sim/PX4 Aux/ws_sensor_combined/ros'
[0.186s] INFO:colcon.colcon_core.shell:Skip shell extension 'powershell' for command environment: Not usable outside of PowerShell
[0.186s] DEBUG:colcon.colcon_core.shell:Skip shell extension 'dsv' for command environment
[0.199s] DEBUG:colcon.colcon_core.event_handler.log_command:Invoking command in '/home/robmoemac/M-LADIS-sim/PX4 Aux/ws_sensor_combined/build/px4_msgs': CMAKE_PREFIX_PATH=${CMAKE_PREFIX_PATH}:/opt/ros/humble /usr/bin/cmake --build /home/robmoemac/M-LADIS-sim/PX4 Aux/ws_sensor_combined/build/px4_msgs -- -j8 -l8
[0.206s] DEBUG:colcon.colcon_core.event_handler.log_command:Invoking command in '/home/robmoemac/M-LADIS-sim/PX4 Aux/ws_sensor_combined/build/ros': CMAKE_PREFIX_PATH=${CMAKE_PREFIX_PATH}:/opt/ros/humble /usr/bin/cmake --build /home/robmoemac/M-LADIS-sim/PX4 Aux/ws_sensor_combined/build/ros -- -j8 -l8
[0.237s] DEBUG:colcon.colcon_core.event_handler.log_command:Invoked command in '/home/robmoemac/M-LADIS-sim/PX4 Aux/ws_sensor_combined/build/ros' returned '0': CMAKE_PREFIX_PATH=${CMAKE_PREFIX_PATH}:/opt/ros/humble /usr/bin/cmake --build /home/robmoemac/M-LADIS-sim/PX4 Aux/ws_sensor_combined/build/ros -- -j8 -l8
[0.262s] DEBUG:colcon.colcon_core.event_handler.log_command:Invoking command in '/home/robmoemac/M-LADIS-sim/PX4 Aux/ws_sensor_combined/build/ros': CMAKE_PREFIX_PATH=${CMAKE_PREFIX_PATH}:/opt/ros/humble /usr/bin/cmake --install /home/robmoemac/M-LADIS-sim/PX4 Aux/ws_sensor_combined/build/ros
[0.269s] Level 1:colcon.colcon_core.environment:create_environment_scripts_only(ros)
[0.269s] DEBUG:colcon.colcon_core.event_handler.log_command:Invoked command in '/home/robmoemac/M-LADIS-sim/PX4 Aux/ws_sensor_combined/build/ros' returned '0': CMAKE_PREFIX_PATH=${CMAKE_PREFIX_PATH}:/opt/ros/humble /usr/bin/cmake --install /home/robmoemac/M-LADIS-sim/PX4 Aux/ws_sensor_combined/build/ros
[0.271s] Level 1:colcon.colcon_core.environment:checking '/home/robmoemac/M-LADIS-sim/PX4 Aux/ws_sensor_combined/install/ros' for CMake module files
[0.271s] Level 1:colcon.colcon_core.environment:checking '/home/robmoemac/M-LADIS-sim/PX4 Aux/ws_sensor_combined/install/ros' for CMake config files
[0.271s] Level 1:colcon.colcon_core.shell:create_environment_hook('ros', 'cmake_prefix_path')
[0.272s] INFO:colcon.colcon_core.shell:Creating environment hook '/home/robmoemac/M-LADIS-sim/PX4 Aux/ws_sensor_combined/install/ros/share/ros/hook/cmake_prefix_path.ps1'
[0.274s] INFO:colcon.colcon_core.shell:Creating environment descriptor '/home/robmoemac/M-LADIS-sim/PX4 Aux/ws_sensor_combined/install/ros/share/ros/hook/cmake_prefix_path.dsv'
[0.276s] INFO:colcon.colcon_core.shell:Creating environment hook '/home/robmoemac/M-LADIS-sim/PX4 Aux/ws_sensor_combined/install/ros/share/ros/hook/cmake_prefix_path.sh'
[0.279s] Level 1:colcon.colcon_core.environment:checking '/home/robmoemac/M-LADIS-sim/PX4 Aux/ws_sensor_combined/install/ros/bin'
[0.279s] Level 1:colcon.colcon_core.environment:checking '/home/robmoemac/M-LADIS-sim/PX4 Aux/ws_sensor_combined/install/ros/lib/pkgconfig/ros.pc'
[0.279s] Level 1:colcon.colcon_core.environment:checking '/home/robmoemac/M-LADIS-sim/PX4 Aux/ws_sensor_combined/install/ros/lib/python3.10/site-packages'
[0.279s] Level 1:colcon.colcon_core.environment:checking '/home/robmoemac/M-LADIS-sim/PX4 Aux/ws_sensor_combined/install/ros/bin'
[0.280s] INFO:colcon.colcon_core.shell:Creating package script '/home/robmoemac/M-LADIS-sim/PX4 Aux/ws_sensor_combined/install/ros/share/ros/package.ps1'
[0.282s] INFO:colcon.colcon_core.shell:Creating package descriptor '/home/robmoemac/M-LADIS-sim/PX4 Aux/ws_sensor_combined/install/ros/share/ros/package.dsv'
[0.284s] INFO:colcon.colcon_core.shell:Creating package script '/home/robmoemac/M-LADIS-sim/PX4 Aux/ws_sensor_combined/install/ros/share/ros/package.sh'
[0.287s] INFO:colcon.colcon_core.shell:Creating package script '/home/robmoemac/M-LADIS-sim/PX4 Aux/ws_sensor_combined/install/ros/share/ros/package.bash'
[0.289s] INFO:colcon.colcon_core.shell:Creating package script '/home/robmoemac/M-LADIS-sim/PX4 Aux/ws_sensor_combined/install/ros/share/ros/package.zsh'
[0.291s] Level 1:colcon.colcon_core.environment:create_file_with_runtime_dependencies(/home/robmoemac/M-LADIS-sim/PX4 Aux/ws_sensor_combined/install/ros/share/colcon-core/packages/ros)
[0.311s] Level 1:colcon.colcon_core.environment:create_environment_scripts_only(ros)
[0.311s] Level 1:colcon.colcon_core.environment:checking '/home/robmoemac/M-LADIS-sim/PX4 Aux/ws_sensor_combined/install/ros' for CMake module files
[0.312s] Level 1:colcon.colcon_core.environment:checking '/home/robmoemac/M-LADIS-sim/PX4 Aux/ws_sensor_combined/install/ros' for CMake config files
[0.312s] Level 1:colcon.colcon_core.shell:create_environment_hook('ros', 'cmake_prefix_path')
[0.312s] INFO:colcon.colcon_core.shell:Creating environment hook '/home/robmoemac/M-LADIS-sim/PX4 Aux/ws_sensor_combined/install/ros/share/ros/hook/cmake_prefix_path.ps1'
[0.312s] INFO:colcon.colcon_core.shell:Creating environment descriptor '/home/robmoemac/M-LADIS-sim/PX4 Aux/ws_sensor_combined/install/ros/share/ros/hook/cmake_prefix_path.dsv'
[0.313s] INFO:colcon.colcon_core.shell:Creating environment hook '/home/robmoemac/M-LADIS-sim/PX4 Aux/ws_sensor_combined/install/ros/share/ros/hook/cmake_prefix_path.sh'
[0.313s] Level 1:colcon.colcon_core.environment:checking '/home/robmoemac/M-LADIS-sim/PX4 Aux/ws_sensor_combined/install/ros/bin'
[0.313s] Level 1:colcon.colcon_core.environment:checking '/home/robmoemac/M-LADIS-sim/PX4 Aux/ws_sensor_combined/install/ros/lib/pkgconfig/ros.pc'
[0.313s] Level 1:colcon.colcon_core.environment:checking '/home/robmoemac/M-LADIS-sim/PX4 Aux/ws_sensor_combined/install/ros/lib/python3.10/site-packages'
[0.313s] Level 1:colcon.colcon_core.environment:checking '/home/robmoemac/M-LADIS-sim/PX4 Aux/ws_sensor_combined/install/ros/bin'
[0.314s] INFO:colcon.colcon_core.shell:Creating package script '/home/robmoemac/M-LADIS-sim/PX4 Aux/ws_sensor_combined/install/ros/share/ros/package.ps1'
[0.314s] INFO:colcon.colcon_core.shell:Creating package descriptor '/home/robmoemac/M-LADIS-sim/PX4 Aux/ws_sensor_combined/install/ros/share/ros/package.dsv'
[0.314s] INFO:colcon.colcon_core.shell:Creating package script '/home/robmoemac/M-LADIS-sim/PX4 Aux/ws_sensor_combined/install/ros/share/ros/package.sh'
[0.315s] INFO:colcon.colcon_core.shell:Creating package script '/home/robmoemac/M-LADIS-sim/PX4 Aux/ws_sensor_combined/install/ros/share/ros/package.bash'
[0.315s] INFO:colcon.colcon_core.shell:Creating package script '/home/robmoemac/M-LADIS-sim/PX4 Aux/ws_sensor_combined/install/ros/share/ros/package.zsh'
[0.316s] Level 1:colcon.colcon_core.environment:create_file_with_runtime_dependencies(/home/robmoemac/M-LADIS-sim/PX4 Aux/ws_sensor_combined/install/ros/share/colcon-core/packages/ros)
[1.172s] DEBUG:colcon.colcon_core.event_handler.log_command:Invoked command in '/home/robmoemac/M-LADIS-sim/PX4 Aux/ws_sensor_combined/build/px4_msgs' returned '0': CMAKE_PREFIX_PATH=${CMAKE_PREFIX_PATH}:/opt/ros/humble /usr/bin/cmake --build /home/robmoemac/M-LADIS-sim/PX4 Aux/ws_sensor_combined/build/px4_msgs -- -j8 -l8
[6.156s] DEBUG:colcon.colcon_core.event_handler.log_command:Invoking command in '/home/robmoemac/M-LADIS-sim/PX4 Aux/ws_sensor_combined/build/px4_msgs': CMAKE_PREFIX_PATH=${CMAKE_PREFIX_PATH}:/opt/ros/humble /usr/bin/cmake --install /home/robmoemac/M-LADIS-sim/PX4 Aux/ws_sensor_combined/build/px4_msgs
[6.395s] Level 1:colcon.colcon_core.environment:create_environment_scripts_only(px4_msgs)
[6.396s] Level 1:colcon.colcon_core.environment:checking '/home/robmoemac/M-LADIS-sim/PX4 Aux/ws_sensor_combined/install/px4_msgs' for CMake module files
[6.396s] DEBUG:colcon.colcon_core.event_handler.log_command:Invoked command in '/home/robmoemac/M-LADIS-sim/PX4 Aux/ws_sensor_combined/build/px4_msgs' returned '0': CMAKE_PREFIX_PATH=${CMAKE_PREFIX_PATH}:/opt/ros/humble /usr/bin/cmake --install /home/robmoemac/M-LADIS-sim/PX4 Aux/ws_sensor_combined/build/px4_msgs
[6.396s] Level 1:colcon.colcon_core.environment:checking '/home/robmoemac/M-LADIS-sim/PX4 Aux/ws_sensor_combined/install/px4_msgs' for CMake config files
[6.399s] Level 1:colcon.colcon_core.shell:create_environment_hook('px4_msgs', 'cmake_prefix_path')
[6.399s] INFO:colcon.colcon_core.shell:Creating environment hook '/home/robmoemac/M-LADIS-sim/PX4 Aux/ws_sensor_combined/install/px4_msgs/share/px4_msgs/hook/cmake_prefix_path.ps1'
[6.402s] INFO:colcon.colcon_core.shell:Creating environment descriptor '/home/robmoemac/M-LADIS-sim/PX4 Aux/ws_sensor_combined/install/px4_msgs/share/px4_msgs/hook/cmake_prefix_path.dsv'
[6.404s] INFO:colcon.colcon_core.shell:Creating environment hook '/home/robmoemac/M-LADIS-sim/PX4 Aux/ws_sensor_combined/install/px4_msgs/share/px4_msgs/hook/cmake_prefix_path.sh'
[6.406s] Level 1:colcon.colcon_core.environment:checking '/home/robmoemac/M-LADIS-sim/PX4 Aux/ws_sensor_combined/install/px4_msgs/lib'
[6.406s] Level 1:colcon.colcon_core.shell:create_environment_hook('px4_msgs', 'ld_library_path_lib')
[6.407s] INFO:colcon.colcon_core.shell:Creating environment hook '/home/robmoemac/M-LADIS-sim/PX4 Aux/ws_sensor_combined/install/px4_msgs/share/px4_msgs/hook/ld_library_path_lib.ps1'
[6.409s] INFO:colcon.colcon_core.shell:Creating environment descriptor '/home/robmoemac/M-LADIS-sim/PX4 Aux/ws_sensor_combined/install/px4_msgs/share/px4_msgs/hook/ld_library_path_lib.dsv'
[6.411s] INFO:colcon.colcon_core.shell:Creating environment hook '/home/robmoemac/M-LADIS-sim/PX4 Aux/ws_sensor_combined/install/px4_msgs/share/px4_msgs/hook/ld_library_path_lib.sh'
[6.413s] Level 1:colcon.colcon_core.environment:checking '/home/robmoemac/M-LADIS-sim/PX4 Aux/ws_sensor_combined/install/px4_msgs/bin'
[6.413s] Level 1:colcon.colcon_core.environment:checking '/home/robmoemac/M-LADIS-sim/PX4 Aux/ws_sensor_combined/install/px4_msgs/lib/pkgconfig/px4_msgs.pc'
[6.413s] Level 1:colcon.colcon_core.environment:checking '/home/robmoemac/M-LADIS-sim/PX4 Aux/ws_sensor_combined/install/px4_msgs/lib/python3.10/site-packages'
[6.414s] Level 1:colcon.colcon_core.environment:checking '/home/robmoemac/M-LADIS-sim/PX4 Aux/ws_sensor_combined/install/px4_msgs/bin'
[6.414s] INFO:colcon.colcon_core.shell:Creating package script '/home/robmoemac/M-LADIS-sim/PX4 Aux/ws_sensor_combined/install/px4_msgs/share/px4_msgs/package.ps1'
[6.416s] INFO:colcon.colcon_core.shell:Creating package descriptor '/home/robmoemac/M-LADIS-sim/PX4 Aux/ws_sensor_combined/install/px4_msgs/share/px4_msgs/package.dsv'
[6.418s] INFO:colcon.colcon_core.shell:Creating package script '/home/robmoemac/M-LADIS-sim/PX4 Aux/ws_sensor_combined/install/px4_msgs/share/px4_msgs/package.sh'
[6.420s] INFO:colcon.colcon_core.shell:Creating package script '/home/robmoemac/M-LADIS-sim/PX4 Aux/ws_sensor_combined/install/px4_msgs/share/px4_msgs/package.bash'
[6.423s] INFO:colcon.colcon_core.shell:Creating package script '/home/robmoemac/M-LADIS-sim/PX4 Aux/ws_sensor_combined/install/px4_msgs/share/px4_msgs/package.zsh'
[6.425s] Level 1:colcon.colcon_core.environment:create_file_with_runtime_dependencies(/home/robmoemac/M-LADIS-sim/PX4 Aux/ws_sensor_combined/install/px4_msgs/share/colcon-core/packages/px4_msgs)
[12.969s] Level 1:colcon.colcon_core.environment:create_environment_scripts_only(px4_msgs)
[12.969s] Level 1:colcon.colcon_core.environment:checking '/home/robmoemac/M-LADIS-sim/PX4 Aux/ws_sensor_combined/install/px4_msgs' for CMake module files
[12.969s] Level 1:colcon.colcon_core.environment:checking '/home/robmoemac/M-LADIS-sim/PX4 Aux/ws_sensor_combined/install/px4_msgs' for CMake config files
[12.972s] Level 1:colcon.colcon_core.shell:create_environment_hook('px4_msgs', 'cmake_prefix_path')
[12.973s] INFO:colcon.colcon_core.shell:Creating environment hook '/home/robmoemac/M-LADIS-sim/PX4 Aux/ws_sensor_combined/install/px4_msgs/share/px4_msgs/hook/cmake_prefix_path.ps1'
[12.976s] INFO:colcon.colcon_core.shell:Creating environment descriptor '/home/robmoemac/M-LADIS-sim/PX4 Aux/ws_sensor_combined/install/px4_msgs/share/px4_msgs/hook/cmake_prefix_path.dsv'
[12.978s] INFO:colcon.colcon_core.shell:Creating environment hook '/home/robmoemac/M-LADIS-sim/PX4 Aux/ws_sensor_combined/install/px4_msgs/share/px4_msgs/hook/cmake_prefix_path.sh'
[12.980s] Level 1:colcon.colcon_core.environment:checking '/home/robmoemac/M-LADIS-sim/PX4 Aux/ws_sensor_combined/install/px4_msgs/lib'
[12.980s] Level 1:colcon.colcon_core.shell:create_environment_hook('px4_msgs', 'ld_library_path_lib')
[12.980s] INFO:colcon.colcon_core.shell:Creating environment hook '/home/robmoemac/M-LADIS-sim/PX4 Aux/ws_sensor_combined/install/px4_msgs/share/px4_msgs/hook/ld_library_path_lib.ps1'
[12.982s] INFO:colcon.colcon_core.shell:Creating environment descriptor '/home/robmoemac/M-LADIS-sim/PX4 Aux/ws_sensor_combined/install/px4_msgs/share/px4_msgs/hook/ld_library_path_lib.dsv'
[12.984s] INFO:colcon.colcon_core.shell:Creating environment hook '/home/robmoemac/M-LADIS-sim/PX4 Aux/ws_sensor_combined/install/px4_msgs/share/px4_msgs/hook/ld_library_path_lib.sh'
[12.986s] Level 1:colcon.colcon_core.environment:checking '/home/robmoemac/M-LADIS-sim/PX4 Aux/ws_sensor_combined/install/px4_msgs/bin'
[12.986s] Level 1:colcon.colcon_core.environment:checking '/home/robmoemac/M-LADIS-sim/PX4 Aux/ws_sensor_combined/install/px4_msgs/lib/pkgconfig/px4_msgs.pc'
[12.987s] Level 1:colcon.colcon_core.environment:checking '/home/robmoemac/M-LADIS-sim/PX4 Aux/ws_sensor_combined/install/px4_msgs/lib/python3.10/site-packages'
[12.987s] Level 1:colcon.colcon_core.environment:checking '/home/robmoemac/M-LADIS-sim/PX4 Aux/ws_sensor_combined/install/px4_msgs/bin'
[12.987s] INFO:colcon.colcon_core.shell:Creating package script '/home/robmoemac/M-LADIS-sim/PX4 Aux/ws_sensor_combined/install/px4_msgs/share/px4_msgs/package.ps1'
[12.989s] INFO:colcon.colcon_core.shell:Creating package descriptor '/home/robmoemac/M-LADIS-sim/PX4 Aux/ws_sensor_combined/install/px4_msgs/share/px4_msgs/package.dsv'
[12.992s] INFO:colcon.colcon_core.shell:Creating package script '/home/robmoemac/M-LADIS-sim/PX4 Aux/ws_sensor_combined/install/px4_msgs/share/px4_msgs/package.sh'
[12.995s] INFO:colcon.colcon_core.shell:Creating package script '/home/robmoemac/M-LADIS-sim/PX4 Aux/ws_sensor_combined/install/px4_msgs/share/px4_msgs/package.bash'
[12.997s] INFO:colcon.colcon_core.shell:Creating package script '/home/robmoemac/M-LADIS-sim/PX4 Aux/ws_sensor_combined/install/px4_msgs/share/px4_msgs/package.zsh'
[12.999s] Level 1:colcon.colcon_core.environment:create_file_with_runtime_dependencies(/home/robmoemac/M-LADIS-sim/PX4 Aux/ws_sensor_combined/install/px4_msgs/share/colcon-core/packages/px4_msgs)
[13.001s] INFO:colcon.colcon_ros.task.ament_cmake.build:Building ROS package in '/home/robmoemac/M-LADIS-sim/PX4 Aux/ws_sensor_combined/src/px4_ros_com' with build type 'ament_cmake'
[13.001s] INFO:colcon.colcon_cmake.task.cmake.build:Building CMake package in '/home/robmoemac/M-LADIS-sim/PX4 Aux/ws_sensor_combined/src/px4_ros_com'
[13.002s] INFO:colcon.colcon_core.shell:Skip shell extension 'powershell' for command environment: Not usable outside of PowerShell
[13.002s] DEBUG:colcon.colcon_core.shell:Skip shell extension 'dsv' for command environment
[13.017s] DEBUG:colcon.colcon_core.event_handler.log_command:Invoking command in '/home/robmoemac/M-LADIS-sim/PX4 Aux/ws_sensor_combined/build/px4_ros_com': CMAKE_PREFIX_PATH=/home/robmoemac/M-LADIS-sim/PX4 Aux/ws_sensor_combined/install/px4_msgs:/home/robmoemac/M-LADIS-sim/PX4 Aux/ws_sensor_combined/install/ros:/home/robmoemac/M-LADIS-sim/PX4 Aux/ws_sensor_combined/install/px4_ros_com:/opt/ros/humble /usr/bin/cmake --build /home/robmoemac/M-LADIS-sim/PX4 Aux/ws_sensor_combined/build/px4_ros_com -- -j8 -l8
[23.635s] DEBUG:colcon.colcon_core.event_handler.log_command:Invoked command in '/home/robmoemac/M-LADIS-sim/PX4 Aux/ws_sensor_combined/build/px4_ros_com' returned '0': CMAKE_PREFIX_PATH=/home/robmoemac/M-LADIS-sim/PX4 Aux/ws_sensor_combined/install/px4_msgs:/home/robmoemac/M-LADIS-sim/PX4 Aux/ws_sensor_combined/install/ros:/home/robmoemac/M-LADIS-sim/PX4 Aux/ws_sensor_combined/install/px4_ros_com:/opt/ros/humble /usr/bin/cmake --build /home/robmoemac/M-LADIS-sim/PX4 Aux/ws_sensor_combined/build/px4_ros_com -- -j8 -l8
[23.672s] DEBUG:colcon.colcon_core.event_handler.log_command:Invoking command in '/home/robmoemac/M-LADIS-sim/PX4 Aux/ws_sensor_combined/build/px4_ros_com': CMAKE_PREFIX_PATH=/home/robmoemac/M-LADIS-sim/PX4 Aux/ws_sensor_combined/install/px4_msgs:/home/robmoemac/M-LADIS-sim/PX4 Aux/ws_sensor_combined/install/ros:/home/robmoemac/M-LADIS-sim/PX4 Aux/ws_sensor_combined/install/px4_ros_com:/opt/ros/humble /usr/bin/cmake --install /home/robmoemac/M-LADIS-sim/PX4 Aux/ws_sensor_combined/build/px4_ros_com
[23.688s] Level 1:colcon.colcon_core.environment:create_environment_scripts_only(px4_ros_com)
[23.688s] Level 1:colcon.colcon_core.environment:checking '/home/robmoemac/M-LADIS-sim/PX4 Aux/ws_sensor_combined/install/px4_ros_com' for CMake module files
[23.689s] DEBUG:colcon.colcon_core.event_handler.log_command:Invoked command in '/home/robmoemac/M-LADIS-sim/PX4 Aux/ws_sensor_combined/build/px4_ros_com' returned '0': CMAKE_PREFIX_PATH=/home/robmoemac/M-LADIS-sim/PX4 Aux/ws_sensor_combined/install/px4_msgs:/home/robmoemac/M-LADIS-sim/PX4 Aux/ws_sensor_combined/install/ros:/home/robmoemac/M-LADIS-sim/PX4 Aux/ws_sensor_combined/install/px4_ros_com:/opt/ros/humble /usr/bin/cmake --install /home/robmoemac/M-LADIS-sim/PX4 Aux/ws_sensor_combined/build/px4_ros_com
[23.689s] Level 1:colcon.colcon_core.environment:checking '/home/robmoemac/M-LADIS-sim/PX4 Aux/ws_sensor_combined/install/px4_ros_com' for CMake config files
[23.690s] Level 1:colcon.colcon_core.shell:create_environment_hook('px4_ros_com', 'cmake_prefix_path')
[23.690s] INFO:colcon.colcon_core.shell:Creating environment hook '/home/robmoemac/M-LADIS-sim/PX4 Aux/ws_sensor_combined/install/px4_ros_com/share/px4_ros_com/hook/cmake_prefix_path.ps1'
[23.691s] INFO:colcon.colcon_core.shell:Creating environment descriptor '/home/robmoemac/M-LADIS-sim/PX4 Aux/ws_sensor_combined/install/px4_ros_com/share/px4_ros_com/hook/cmake_prefix_path.dsv'
[23.691s] INFO:colcon.colcon_core.shell:Creating environment hook '/home/robmoemac/M-LADIS-sim/PX4 Aux/ws_sensor_combined/install/px4_ros_com/share/px4_ros_com/hook/cmake_prefix_path.sh'
[23.692s] Level 1:colcon.colcon_core.environment:checking '/home/robmoemac/M-LADIS-sim/PX4 Aux/ws_sensor_combined/install/px4_ros_com/lib'
[23.692s] Level 1:colcon.colcon_core.environment:checking '/home/robmoemac/M-LADIS-sim/PX4 Aux/ws_sensor_combined/install/px4_ros_com/bin'
[23.692s] Level 1:colcon.colcon_core.environment:checking '/home/robmoemac/M-LADIS-sim/PX4 Aux/ws_sensor_combined/install/px4_ros_com/lib/pkgconfig/px4_ros_com.pc'
[23.692s] Level 1:colcon.colcon_core.environment:checking '/home/robmoemac/M-LADIS-sim/PX4 Aux/ws_sensor_combined/install/px4_ros_com/lib/python3.10/site-packages'
[23.692s] Level 1:colcon.colcon_core.environment:checking '/home/robmoemac/M-LADIS-sim/PX4 Aux/ws_sensor_combined/install/px4_ros_com/bin'
[23.693s] INFO:colcon.colcon_core.shell:Creating package script '/home/robmoemac/M-LADIS-sim/PX4 Aux/ws_sensor_combined/install/px4_ros_com/share/px4_ros_com/package.ps1'
[23.693s] INFO:colcon.colcon_core.shell:Creating package descriptor '/home/robmoemac/M-LADIS-sim/PX4 Aux/ws_sensor_combined/install/px4_ros_com/share/px4_ros_com/package.dsv'
[23.693s] INFO:colcon.colcon_core.shell:Creating package script '/home/robmoemac/M-LADIS-sim/PX4 Aux/ws_sensor_combined/install/px4_ros_com/share/px4_ros_com/package.sh'
[23.694s] INFO:colcon.colcon_core.shell:Creating package script '/home/robmoemac/M-LADIS-sim/PX4 Aux/ws_sensor_combined/install/px4_ros_com/share/px4_ros_com/package.bash'
[23.694s] INFO:colcon.colcon_core.shell:Creating package script '/home/robmoemac/M-LADIS-sim/PX4 Aux/ws_sensor_combined/install/px4_ros_com/share/px4_ros_com/package.zsh'
[23.694s] Level 1:colcon.colcon_core.environment:create_file_with_runtime_dependencies(/home/robmoemac/M-LADIS-sim/PX4 Aux/ws_sensor_combined/install/px4_ros_com/share/colcon-core/packages/px4_ros_com)
[23.729s] Level 1:colcon.colcon_core.environment:create_environment_scripts_only(px4_ros_com)
[23.730s] Level 1:colcon.colcon_core.environment:checking '/home/robmoemac/M-LADIS-sim/PX4 Aux/ws_sensor_combined/install/px4_ros_com' for CMake module files
[23.730s] Level 1:colcon.colcon_core.environment:checking '/home/robmoemac/M-LADIS-sim/PX4 Aux/ws_sensor_combined/install/px4_ros_com' for CMake config files
[23.730s] Level 1:colcon.colcon_core.shell:create_environment_hook('px4_ros_com', 'cmake_prefix_path')
[23.730s] INFO:colcon.colcon_core.shell:Creating environment hook '/home/robmoemac/M-LADIS-sim/PX4 Aux/ws_sensor_combined/install/px4_ros_com/share/px4_ros_com/hook/cmake_prefix_path.ps1'
[23.731s] INFO:colcon.colcon_core.shell:Creating environment descriptor '/home/robmoemac/M-LADIS-sim/PX4 Aux/ws_sensor_combined/install/px4_ros_com/share/px4_ros_com/hook/cmake_prefix_path.dsv'
[23.731s] INFO:colcon.colcon_core.shell:Creating environment hook '/home/robmoemac/M-LADIS-sim/PX4 Aux/ws_sensor_combined/install/px4_ros_com/share/px4_ros_com/hook/cmake_prefix_path.sh'
[23.732s] Level 1:colcon.colcon_core.environment:checking '/home/robmoemac/M-LADIS-sim/PX4 Aux/ws_sensor_combined/install/px4_ros_com/lib'
[23.732s] Level 1:colcon.colcon_core.environment:checking '/home/robmoemac/M-LADIS-sim/PX4 Aux/ws_sensor_combined/install/px4_ros_com/bin'
[23.732s] Level 1:colcon.colcon_core.environment:checking '/home/robmoemac/M-LADIS-sim/PX4 Aux/ws_sensor_combined/install/px4_ros_com/lib/pkgconfig/px4_ros_com.pc'
[23.732s] Level 1:colcon.colcon_core.environment:checking '/home/robmoemac/M-LADIS-sim/PX4 Aux/ws_sensor_combined/install/px4_ros_com/lib/python3.10/site-packages'
[23.732s] Level 1:colcon.colcon_core.environment:checking '/home/robmoemac/M-LADIS-sim/PX4 Aux/ws_sensor_combined/install/px4_ros_com/bin'
[23.732s] INFO:colcon.colcon_core.shell:Creating package script '/home/robmoemac/M-LADIS-sim/PX4 Aux/ws_sensor_combined/install/px4_ros_com/share/px4_ros_com/package.ps1'
[23.733s] INFO:colcon.colcon_core.shell:Creating package descriptor '/home/robmoemac/M-LADIS-sim/PX4 Aux/ws_sensor_combined/install/px4_ros_com/share/px4_ros_com/package.dsv'
[23.733s] INFO:colcon.colcon_core.shell:Creating package script '/home/robmoemac/M-LADIS-sim/PX4 Aux/ws_sensor_combined/install/px4_ros_com/share/px4_ros_com/package.sh'
[23.734s] INFO:colcon.colcon_core.shell:Creating package script '/home/robmoemac/M-LADIS-sim/PX4 Aux/ws_sensor_combined/install/px4_ros_com/share/px4_ros_com/package.bash'
[23.734s] INFO:colcon.colcon_core.shell:Creating package script '/home/robmoemac/M-LADIS-sim/PX4 Aux/ws_sensor_combined/install/px4_ros_com/share/px4_ros_com/package.zsh'
[23.734s] Level 1:colcon.colcon_core.environment:create_file_with_runtime_dependencies(/home/robmoemac/M-LADIS-sim/PX4 Aux/ws_sensor_combined/install/px4_ros_com/share/colcon-core/packages/px4_ros_com)
[23.734s] DEBUG:colcon.colcon_parallel_executor.executor.parallel:closing loop
[23.735s] DEBUG:colcon.colcon_parallel_executor.executor.parallel:loop closed
[23.735s] DEBUG:colcon.colcon_parallel_executor.executor.parallel:run_until_complete finished with '0'
[23.735s] DEBUG:colcon.colcon_core.event_reactor:joining thread
[23.743s] INFO:colcon.colcon_core.plugin_system:Skipping extension 'colcon_notification.desktop_notification.terminal_notifier': Not used on non-Darwin systems
[23.743s] INFO:colcon.colcon_core.plugin_system:Skipping extension 'colcon_notification.desktop_notification.win32': Not used on non-Windows systems
[23.743s] INFO:colcon.colcon_notification.desktop_notification:Sending desktop notification using 'notify2'
[23.753s] DEBUG:colcon.colcon_core.event_reactor:joined thread
[23.753s] INFO:colcon.colcon_core.shell:Creating prefix script '/home/robmoemac/M-LADIS-sim/PX4 Aux/ws_sensor_combined/install/local_setup.ps1'
[23.754s] INFO:colcon.colcon_core.shell:Creating prefix util module '/home/robmoemac/M-LADIS-sim/PX4 Aux/ws_sensor_combined/install/_local_setup_util_ps1.py'
[23.755s] INFO:colcon.colcon_core.shell:Creating prefix chain script '/home/robmoemac/M-LADIS-sim/PX4 Aux/ws_sensor_combined/install/setup.ps1'
[23.756s] INFO:colcon.colcon_core.shell:Creating prefix script '/home/robmoemac/M-LADIS-sim/PX4 Aux/ws_sensor_combined/install/local_setup.sh'
[23.757s] INFO:colcon.colcon_core.shell:Creating prefix util module '/home/robmoemac/M-LADIS-sim/PX4 Aux/ws_sensor_combined/install/_local_setup_util_sh.py'
[23.757s] INFO:colcon.colcon_core.shell:Creating prefix chain script '/home/robmoemac/M-LADIS-sim/PX4 Aux/ws_sensor_combined/install/setup.sh'
[23.759s] INFO:colcon.colcon_core.shell:Creating prefix script '/home/robmoemac/M-LADIS-sim/PX4 Aux/ws_sensor_combined/install/local_setup.bash'
[23.759s] INFO:colcon.colcon_core.shell:Creating prefix chain script '/home/robmoemac/M-LADIS-sim/PX4 Aux/ws_sensor_combined/install/setup.bash'
[23.760s] INFO:colcon.colcon_core.shell:Creating prefix script '/home/robmoemac/M-LADIS-sim/PX4 Aux/ws_sensor_combined/install/local_setup.zsh'
[23.761s] INFO:colcon.colcon_core.shell:Creating prefix chain script '/home/robmoemac/M-LADIS-sim/PX4 Aux/ws_sensor_combined/install/setup.zsh'
