[0.011s] Invoking command in '/home/robmoemac/M-LADIS-sim/PX4 Aux/ws_sensor_combined/build/velodyne_driver': AMENT_PREFIX_PATH=/home/robmoemac/M-LADIS-sim/PX4 Aux/ws_sensor_combined/install/velodyne_msgs:${AMENT_PREFIX_PATH} CMAKE_PREFIX_PATH=/home/robmoemac/M-LADIS-sim/PX4 Aux/ws_sensor_combined/install/velodyne_msgs:/opt/ros/humble LD_LIBRARY_PATH=/home/robmoemac/M-LADIS-sim/PX4 Aux/ws_sensor_combined/install/velodyne_msgs/lib:${LD_LIBRARY_PATH} PYTHONPATH=/home/robmoemac/M-LADIS-sim/PX4 Aux/ws_sensor_combined/install/velodyne_msgs/local/lib/python3.10/dist-packages:${PYTHONPATH} /usr/bin/cmake /home/robmoemac/M-LADIS-sim/PX4 Aux/ws_sensor_combined/src/velodyne/velodyne_driver -DCMAKE_INSTALL_PREFIX=/home/robmoemac/M-LADIS-sim/PX4 Aux/ws_sensor_combined/install/velodyne_driver
[0.072s] -- The C compiler identification is GNU 11.4.0
[0.129s] -- The CXX compiler identification is GNU 11.4.0
[0.136s] -- Detecting C compiler ABI info
[0.209s] -- Detecting C compiler ABI info - done
[0.226s] -- Check for working C compiler: /usr/bin/cc - skipped
[0.227s] -- Detecting C compile features
[0.227s] -- Detecting C compile features - done
[0.227s] -- Detecting CXX compiler ABI info
[0.331s] -- Detecting CXX compiler ABI info - done
[0.342s] -- Check for working CXX compiler: /usr/bin/c++ - skipped
[0.343s] -- Detecting CXX compile features
[0.343s] -- Detecting CXX compile features - done
[0.345s] -- Found ament_cmake_ros: 0.10.0 (/opt/ros/humble/share/ament_cmake_ros/cmake)
[1.049s] -- Found Python3: /usr/bin/python3 (found version "3.10.12") found components: Interpreter 
[1.102s] -- Found diagnostic_msgs: 4.2.3 (/opt/ros/humble/share/diagnostic_msgs/cmake)
[1.113s] -- Found rosidl_generator_c: 3.1.5 (/opt/ros/humble/share/rosidl_generator_c/cmake)
[1.115s] -- Found rosidl_adapter: 3.1.5 (/opt/ros/humble/share/rosidl_adapter/cmake)
[1.117s] -- Found rosidl_generator_cpp: 3.1.5 (/opt/ros/humble/share/rosidl_generator_cpp/cmake)
[1.121s] -- Using all available rosidl_typesupport_c: rosidl_typesupport_fastrtps_c;rosidl_typesupport_introspection_c
[1.127s] -- Using all available rosidl_typesupport_cpp: rosidl_typesupport_fastrtps_cpp;rosidl_typesupport_introspection_cpp
[1.194s] [31mCMake Error at CMakeLists.txt:15 (find_package):
[1.194s]   By not providing "Finddiagnostic_updater.cmake" in CMAKE_MODULE_PATH this
[1.194s]   project has asked CMake to find a package configuration file provided by
[1.194s]   "diagnostic_updater", but CMake did not find one.
[1.194s] 
[1.194s]   Could not find a package configuration file provided by
[1.195s]   "diagnostic_updater" with any of the following names:
[1.195s] 
[1.195s]     diagnostic_updaterConfig.cmake
[1.195s]     diagnostic_updater-config.cmake
[1.195s] 
[1.195s]   Add the installation prefix of "diagnostic_updater" to CMAKE_PREFIX_PATH or
[1.195s]   set "diagnostic_updater_DIR" to a directory containing one of the above
[1.195s]   files.  If "diagnostic_updater" provides a separate development package or
[1.195s]   SDK, be sure it has been installed.
[1.195s] 
[1.195s] [0m
[1.195s] -- Configuring incomplete, errors occurred!
[1.195s] See also "/home/robmoemac/M-LADIS-sim/PX4 Aux/ws_sensor_combined/build/velodyne_driver/CMakeFiles/CMakeOutput.log".
