[0.075s] Invoking command in '/home/dserbin/Documents/M-LADIS-sim/PX4 Aux/ws_sensor_combined/build/px4_ros_com': CMAKE_PREFIX_PATH=/home/dserbin/Documents/M-LADIS-sim/PX4 Aux/ws_sensor_combined/install/px4_msgs:/home/dserbin/Documents/M-LADIS-sim/PX4 Aux/ws_sensor_combined/install/px4_ros_com:/opt/ros/humble LD_LIBRARY_PATH=/home/dserbin/Documents/M-LADIS-sim/PX4 Aux/ws_sensor_combined/install/px4_msgs/lib:/home/dserbin/Documents/M-LADIS-sim/PX4 Aux/ws_sensor_combined/install/px4_ros_com/lib:/opt/ros/humble/opt/rviz_ogre_vendor/lib:/opt/ros/humble/lib/x86_64-linux-gnu:/opt/ros/humble/lib /usr/bin/cmake --build /home/dserbin/Documents/M-LADIS-sim/PX4 Aux/ws_sensor_combined/build/px4_ros_com -- -j16 -l16
[0.106s] -- Found ament_cmake: 1.3.8 (/opt/ros/humble/share/ament_cmake/cmake)
[0.219s] -- Found python_cmake_module: 0.10.0 (/opt/ros/humble/share/python_cmake_module/cmake)
[0.220s] -- Found builtin_interfaces: 1.2.1 (/opt/ros/humble/share/builtin_interfaces/cmake)
[0.240s] -- Found rosidl_generator_c: 3.1.5 (/opt/ros/humble/share/rosidl_generator_c/cmake)
[0.242s] -- Found rosidl_adapter: 3.1.5 (/opt/ros/humble/share/rosidl_adapter/cmake)
[0.247s] -- Found rosidl_generator_cpp: 3.1.5 (/opt/ros/humble/share/rosidl_generator_cpp/cmake)
[0.256s] -- Using all available rosidl_typesupport_c: rosidl_typesupport_fastrtps_c;rosidl_typesupport_introspection_c
[0.269s] -- Using all available rosidl_typesupport_cpp: rosidl_typesupport_fastrtps_cpp;rosidl_typesupport_introspection_cpp
[0.282s] -- Found eigen3_cmake_module: 0.1.1 (/opt/ros/humble/share/eigen3_cmake_module/cmake)
[0.283s] -- Found geometry_msgs: 4.2.3 (/opt/ros/humble/share/geometry_msgs/cmake)
[0.363s] -- Found px4_msgs: 2.0.1 (/home/dserbin/Documents/M-LADIS-sim/PX4 Aux/ws_sensor_combined/install/px4_msgs/share/px4_msgs/cmake)
[0.391s] -- Found rclcpp: 16.0.8 (/opt/ros/humble/share/rclcpp/cmake)
[0.431s] -- Found rmw_implementation_cmake: 6.1.1 (/opt/ros/humble/share/rmw_implementation_cmake/cmake)
[0.432s] -- Found rmw_fastrtps_cpp: 6.2.6 (/opt/ros/humble/share/rmw_fastrtps_cpp/cmake)
[0.560s] -- Using RMW implementation 'rmw_fastrtps_cpp' as default
[0.668s] -- Found rclpy: 3.3.12 (/opt/ros/humble/share/rclpy/cmake)
[0.668s] -- Found sensor_msgs: 4.2.3 (/opt/ros/humble/share/sensor_msgs/cmake)
[0.799s] [31mCMake Error at /opt/ros/humble/share/ament_cmake_python/cmake/ament_python_install_package.cmake:66 (message):
[0.799s]   ament_python_install_package() the Python package folder
[0.799s]   '/home/dserbin/Documents/M-LADIS-sim/PX4
[0.799s]   Aux/ws_sensor_combined/src/px4_ros_com/px4_ros_com' doesn't contain an
[0.800s]   '__init__.py' file
[0.800s] Call Stack (most recent call first):
[0.800s]   /opt/ros/humble/share/ament_cmake_python/cmake/ament_python_install_package.cmake:39 (_ament_cmake_python_install_package)
[0.800s]   CMakeLists.txt:44 (ament_python_install_package)
[0.800s] 
[0.800s] [0m
[0.800s] -- Configuring incomplete, errors occurred!
[0.800s] See also "/home/dserbin/Documents/M-LADIS-sim/PX4 Aux/ws_sensor_combined/build/px4_ros_com/CMakeFiles/CMakeOutput.log".
[0.814s] gmake: *** [Makefile:486: cmake_check_build_system] Error 1
[0.817s] Invoked command in '/home/dserbin/Documents/M-LADIS-sim/PX4 Aux/ws_sensor_combined/build/px4_ros_com' returned '2': CMAKE_PREFIX_PATH=/home/dserbin/Documents/M-LADIS-sim/PX4 Aux/ws_sensor_combined/install/px4_msgs:/home/dserbin/Documents/M-LADIS-sim/PX4 Aux/ws_sensor_combined/install/px4_ros_com:/opt/ros/humble LD_LIBRARY_PATH=/home/dserbin/Documents/M-LADIS-sim/PX4 Aux/ws_sensor_combined/install/px4_msgs/lib:/home/dserbin/Documents/M-LADIS-sim/PX4 Aux/ws_sensor_combined/install/px4_ros_com/lib:/opt/ros/humble/opt/rviz_ogre_vendor/lib:/opt/ros/humble/lib/x86_64-linux-gnu:/opt/ros/humble/lib /usr/bin/cmake --build /home/dserbin/Documents/M-LADIS-sim/PX4 Aux/ws_sensor_combined/build/px4_ros_com -- -j16 -l16
