[0.102s] DEBUG:colcon:Command line arguments: ['/usr/bin/colcon', 'build', '--packages-ignore', 'mapping']
[0.102s] DEBUG:colcon:Parsed command line arguments: Namespace(log_base=None, log_level=None, verb_name='build', build_base='build', install_base='install', merge_install=False, symlink_install=False, test_result_base=None, continue_on_error=False, executor='parallel', parallel_workers=8, event_handlers=None, ignore_user_meta=False, metas=['./colcon.meta'], base_paths=['.'], packages_ignore=['mapping'], packages_ignore_regex=None, paths=None, packages_up_to=None, packages_up_to_regex=None, packages_above=None, packages_above_and_dependencies=None, packages_above_depth=None, packages_select_by_dep=None, packages_skip_by_dep=None, packages_skip_up_to=None, packages_select_build_failed=False, packages_skip_build_finished=False, packages_select_test_failures=False, packages_skip_test_passed=False, packages_select=None, packages_skip=None, packages_select_regex=None, packages_skip_regex=None, packages_start=None, packages_end=None, allow_overriding=[], cmake_args=None, cmake_target=None, cmake_target_skip_unavailable=False, cmake_clean_cache=False, cmake_clean_first=False, cmake_force_configure=False, ament_cmake_args=None, catkin_cmake_args=None, catkin_skip_building_tests=False, verb_parser=<colcon_defaults.argument_parser.defaults.DefaultArgumentsDecorator object at 0x7abd159b1690>, verb_extension=<colcon_core.verb.build.BuildVerb object at 0x7abd159b05b0>, main=<bound method BuildVerb.main of <colcon_core.verb.build.BuildVerb object at 0x7abd159b05b0>>)
[0.140s] Level 1:colcon.colcon_core.package_discovery:discover_packages(colcon_meta) check parameters
[0.140s] Level 1:colcon.colcon_core.package_discovery:discover_packages(recursive) check parameters
[0.140s] Level 1:colcon.colcon_core.package_discovery:discover_packages(ignore) check parameters
[0.140s] Level 1:colcon.colcon_core.package_discovery:discover_packages(path) check parameters
[0.140s] Level 1:colcon.colcon_core.package_discovery:discover_packages(colcon_meta) discover
[0.140s] Level 1:colcon.colcon_core.package_discovery:discover_packages(recursive) discover
[0.140s] INFO:colcon.colcon_core.package_discovery:Crawling recursively for packages in '/home/robmoemac/M-LADIS-Jerry/ws_sensor_combined'
[0.140s] Level 1:colcon.colcon_core.package_identification:_identify(.) by extensions ['ignore', 'ignore_ament_install']
[0.141s] Level 1:colcon.colcon_core.package_identification:_identify(.) by extension 'ignore'
[0.141s] Level 1:colcon.colcon_core.package_identification:_identify(.) by extension 'ignore_ament_install'
[0.141s] Level 1:colcon.colcon_core.package_identification:_identify(.) by extensions ['colcon_pkg']
[0.141s] Level 1:colcon.colcon_core.package_identification:_identify(.) by extension 'colcon_pkg'
[0.141s] Level 1:colcon.colcon_core.package_identification:_identify(.) by extensions ['colcon_meta']
[0.141s] Level 1:colcon.colcon_core.package_identification:_identify(.) by extension 'colcon_meta'
[0.141s] Level 1:colcon.colcon_core.package_identification:_identify(.) by extensions ['ros']
[0.141s] Level 1:colcon.colcon_core.package_identification:_identify(.) by extension 'ros'
[0.156s] Level 1:colcon.colcon_core.package_identification:_identify(.) by extensions ['cmake', 'python']
[0.156s] Level 1:colcon.colcon_core.package_identification:_identify(.) by extension 'cmake'
[0.156s] Level 1:colcon.colcon_core.package_identification:_identify(.) by extension 'python'
[0.156s] Level 1:colcon.colcon_core.package_identification:_identify(.) by extensions ['python_setup_py']
[0.156s] Level 1:colcon.colcon_core.package_identification:_identify(.) by extension 'python_setup_py'
[0.156s] Level 1:colcon.colcon_core.package_identification:_identify(build) by extensions ['ignore', 'ignore_ament_install']
[0.157s] Level 1:colcon.colcon_core.package_identification:_identify(build) by extension 'ignore'
[0.157s] Level 1:colcon.colcon_core.package_identification:_identify(build) ignored
[0.157s] Level 1:colcon.colcon_core.package_identification:_identify(install) by extensions ['ignore', 'ignore_ament_install']
[0.157s] Level 1:colcon.colcon_core.package_identification:_identify(install) by extension 'ignore'
[0.157s] Level 1:colcon.colcon_core.package_identification:_identify(install) ignored
[0.157s] Level 1:colcon.colcon_core.package_identification:_identify(log) by extensions ['ignore', 'ignore_ament_install']
[0.157s] Level 1:colcon.colcon_core.package_identification:_identify(log) by extension 'ignore'
[0.157s] Level 1:colcon.colcon_core.package_identification:_identify(log) ignored
[0.157s] Level 1:colcon.colcon_core.package_identification:_identify(src) by extensions ['ignore', 'ignore_ament_install']
[0.157s] Level 1:colcon.colcon_core.package_identification:_identify(src) by extension 'ignore'
[0.157s] Level 1:colcon.colcon_core.package_identification:_identify(src) by extension 'ignore_ament_install'
[0.157s] Level 1:colcon.colcon_core.package_identification:_identify(src) by extensions ['colcon_pkg']
[0.157s] Level 1:colcon.colcon_core.package_identification:_identify(src) by extension 'colcon_pkg'
[0.158s] Level 1:colcon.colcon_core.package_identification:_identify(src) by extensions ['colcon_meta']
[0.158s] Level 1:colcon.colcon_core.package_identification:_identify(src) by extension 'colcon_meta'
[0.158s] Level 1:colcon.colcon_core.package_identification:_identify(src) by extensions ['ros']
[0.158s] Level 1:colcon.colcon_core.package_identification:_identify(src) by extension 'ros'
[0.158s] Level 1:colcon.colcon_core.package_identification:_identify(src) by extensions ['cmake', 'python']
[0.158s] Level 1:colcon.colcon_core.package_identification:_identify(src) by extension 'cmake'
[0.158s] Level 1:colcon.colcon_core.package_identification:_identify(src) by extension 'python'
[0.158s] Level 1:colcon.colcon_core.package_identification:_identify(src) by extensions ['python_setup_py']
[0.158s] Level 1:colcon.colcon_core.package_identification:_identify(src) by extension 'python_setup_py'
[0.158s] Level 1:colcon.colcon_core.package_identification:_identify(src/classifier) by extensions ['ignore', 'ignore_ament_install']
[0.158s] Level 1:colcon.colcon_core.package_identification:_identify(src/classifier) by extension 'ignore'
[0.158s] Level 1:colcon.colcon_core.package_identification:_identify(src/classifier) by extension 'ignore_ament_install'
[0.158s] Level 1:colcon.colcon_core.package_identification:_identify(src/classifier) by extensions ['colcon_pkg']
[0.158s] Level 1:colcon.colcon_core.package_identification:_identify(src/classifier) by extension 'colcon_pkg'
[0.158s] Level 1:colcon.colcon_core.package_identification:_identify(src/classifier) by extensions ['colcon_meta']
[0.158s] Level 1:colcon.colcon_core.package_identification:_identify(src/classifier) by extension 'colcon_meta'
[0.158s] Level 1:colcon.colcon_core.package_identification:_identify(src/classifier) by extensions ['ros']
[0.158s] Level 1:colcon.colcon_core.package_identification:_identify(src/classifier) by extension 'ros'
[0.161s] DEBUG:colcon.colcon_core.package_identification:Package 'src/classifier' with type 'ros.ament_cmake' and name 'classifier'
[0.161s] Level 1:colcon.colcon_core.package_identification:_identify(src/localization) by extensions ['ignore', 'ignore_ament_install']
[0.161s] Level 1:colcon.colcon_core.package_identification:_identify(src/localization) by extension 'ignore'
[0.161s] Level 1:colcon.colcon_core.package_identification:_identify(src/localization) by extension 'ignore_ament_install'
[0.161s] Level 1:colcon.colcon_core.package_identification:_identify(src/localization) by extensions ['colcon_pkg']
[0.161s] Level 1:colcon.colcon_core.package_identification:_identify(src/localization) by extension 'colcon_pkg'
[0.161s] Level 1:colcon.colcon_core.package_identification:_identify(src/localization) by extensions ['colcon_meta']
[0.161s] Level 1:colcon.colcon_core.package_identification:_identify(src/localization) by extension 'colcon_meta'
[0.161s] Level 1:colcon.colcon_core.package_identification:_identify(src/localization) by extensions ['ros']
[0.161s] Level 1:colcon.colcon_core.package_identification:_identify(src/localization) by extension 'ros'
[0.162s] DEBUG:colcon.colcon_core.package_identification:Package 'src/localization' with type 'ros.ament_cmake' and name 'localization'
[0.162s] Level 1:colcon.colcon_core.package_identification:_identify(src/mapping) by extensions ['ignore', 'ignore_ament_install']
[0.162s] Level 1:colcon.colcon_core.package_identification:_identify(src/mapping) by extension 'ignore'
[0.163s] Level 1:colcon.colcon_core.package_identification:_identify(src/mapping) by extension 'ignore_ament_install'
[0.163s] Level 1:colcon.colcon_core.package_identification:_identify(src/mapping) by extensions ['colcon_pkg']
[0.163s] Level 1:colcon.colcon_core.package_identification:_identify(src/mapping) by extension 'colcon_pkg'
[0.163s] Level 1:colcon.colcon_core.package_identification:_identify(src/mapping) by extensions ['colcon_meta']
[0.163s] Level 1:colcon.colcon_core.package_identification:_identify(src/mapping) by extension 'colcon_meta'
[0.163s] Level 1:colcon.colcon_core.package_identification:_identify(src/mapping) by extensions ['ros']
[0.163s] Level 1:colcon.colcon_core.package_identification:_identify(src/mapping) by extension 'ros'
[0.163s] DEBUG:colcon.colcon_core.package_identification:Package 'src/mapping' with type 'ros.ament_cmake' and name 'mapping'
[0.164s] Level 1:colcon.colcon_core.package_identification:_identify(src/nearest_poster_yaw) by extensions ['ignore', 'ignore_ament_install']
[0.164s] Level 1:colcon.colcon_core.package_identification:_identify(src/nearest_poster_yaw) by extension 'ignore'
[0.164s] Level 1:colcon.colcon_core.package_identification:_identify(src/nearest_poster_yaw) by extension 'ignore_ament_install'
[0.164s] Level 1:colcon.colcon_core.package_identification:_identify(src/nearest_poster_yaw) by extensions ['colcon_pkg']
[0.164s] Level 1:colcon.colcon_core.package_identification:_identify(src/nearest_poster_yaw) by extension 'colcon_pkg'
[0.164s] Level 1:colcon.colcon_core.package_identification:_identify(src/nearest_poster_yaw) by extensions ['colcon_meta']
[0.164s] Level 1:colcon.colcon_core.package_identification:_identify(src/nearest_poster_yaw) by extension 'colcon_meta'
[0.164s] Level 1:colcon.colcon_core.package_identification:_identify(src/nearest_poster_yaw) by extensions ['ros']
[0.164s] Level 1:colcon.colcon_core.package_identification:_identify(src/nearest_poster_yaw) by extension 'ros'
[0.164s] DEBUG:colcon.colcon_core.package_identification:Package 'src/nearest_poster_yaw' with type 'ros.ament_cmake' and name 'nearest_poster_yaw'
[0.164s] Level 1:colcon.colcon_core.package_identification:_identify(src/px4_msgs) by extensions ['ignore', 'ignore_ament_install']
[0.165s] Level 1:colcon.colcon_core.package_identification:_identify(src/px4_msgs) by extension 'ignore'
[0.165s] Level 1:colcon.colcon_core.package_identification:_identify(src/px4_msgs) by extension 'ignore_ament_install'
[0.165s] Level 1:colcon.colcon_core.package_identification:_identify(src/px4_msgs) by extensions ['colcon_pkg']
[0.165s] Level 1:colcon.colcon_core.package_identification:_identify(src/px4_msgs) by extension 'colcon_pkg'
[0.165s] Level 1:colcon.colcon_core.package_identification:_identify(src/px4_msgs) by extensions ['colcon_meta']
[0.165s] Level 1:colcon.colcon_core.package_identification:_identify(src/px4_msgs) by extension 'colcon_meta'
[0.165s] Level 1:colcon.colcon_core.package_identification:_identify(src/px4_msgs) by extensions ['ros']
[0.165s] Level 1:colcon.colcon_core.package_identification:_identify(src/px4_msgs) by extension 'ros'
[0.166s] DEBUG:colcon.colcon_core.package_identification:Package 'src/px4_msgs' with type 'ros.ament_cmake' and name 'px4_msgs'
[0.166s] Level 1:colcon.colcon_core.package_identification:_identify(src/px4_ros_com) by extensions ['ignore', 'ignore_ament_install']
[0.166s] Level 1:colcon.colcon_core.package_identification:_identify(src/px4_ros_com) by extension 'ignore'
[0.166s] Level 1:colcon.colcon_core.package_identification:_identify(src/px4_ros_com) by extension 'ignore_ament_install'
[0.166s] Level 1:colcon.colcon_core.package_identification:_identify(src/px4_ros_com) by extensions ['colcon_pkg']
[0.166s] Level 1:colcon.colcon_core.package_identification:_identify(src/px4_ros_com) by extension 'colcon_pkg'
[0.166s] Level 1:colcon.colcon_core.package_identification:_identify(src/px4_ros_com) by extensions ['colcon_meta']
[0.166s] Level 1:colcon.colcon_core.package_identification:_identify(src/px4_ros_com) by extension 'colcon_meta'
[0.166s] Level 1:colcon.colcon_core.package_identification:_identify(src/px4_ros_com) by extensions ['ros']
[0.166s] Level 1:colcon.colcon_core.package_identification:_identify(src/px4_ros_com) by extension 'ros'
[0.167s] DEBUG:colcon.colcon_core.package_identification:Package 'src/px4_ros_com' with type 'ros.ament_cmake' and name 'px4_ros_com'
[0.167s] Level 1:colcon.colcon_core.package_discovery:discover_packages(recursive) using defaults
[0.167s] Level 1:colcon.colcon_core.package_discovery:discover_packages(ignore) discover
[0.167s] Level 1:colcon.colcon_core.package_discovery:discover_packages(ignore) using defaults
[0.167s] Level 1:colcon.colcon_core.package_discovery:discover_packages(path) discover
[0.167s] Level 1:colcon.colcon_core.package_discovery:discover_packages(path) using defaults
[0.189s] Level 1:colcon.colcon_core.package_discovery:discover_packages(prefix_path) check parameters
[0.189s] Level 1:colcon.colcon_core.package_discovery:discover_packages(prefix_path) discover
[0.191s] DEBUG:colcon.colcon_installed_package_information.package_discovery:Found 5 installed packages in /home/robmoemac/M-LADIS-Jerry/ws_sensor_combined/install
[0.193s] DEBUG:colcon.colcon_installed_package_information.package_discovery:Found 291 installed packages in /opt/ros/humble
[0.194s] Level 1:colcon.colcon_core.package_discovery:discover_packages(prefix_path) using defaults
[0.233s] Level 5:colcon.colcon_core.verb:set package 'classifier' build argument 'cmake_args' from command line to 'None'
[0.233s] Level 5:colcon.colcon_core.verb:set package 'classifier' build argument 'cmake_target' from command line to 'None'
[0.233s] Level 5:colcon.colcon_core.verb:set package 'classifier' build argument 'cmake_target_skip_unavailable' from command line to 'False'
[0.233s] Level 5:colcon.colcon_core.verb:set package 'classifier' build argument 'cmake_clean_cache' from command line to 'False'
[0.233s] Level 5:colcon.colcon_core.verb:set package 'classifier' build argument 'cmake_clean_first' from command line to 'False'
[0.233s] Level 5:colcon.colcon_core.verb:set package 'classifier' build argument 'cmake_force_configure' from command line to 'False'
[0.233s] Level 5:colcon.colcon_core.verb:set package 'classifier' build argument 'ament_cmake_args' from command line to 'None'
[0.233s] Level 5:colcon.colcon_core.verb:set package 'classifier' build argument 'catkin_cmake_args' from command line to 'None'
[0.233s] Level 5:colcon.colcon_core.verb:set package 'classifier' build argument 'catkin_skip_building_tests' from command line to 'False'
[0.233s] DEBUG:colcon.colcon_core.verb:Building package 'classifier' with the following arguments: {'ament_cmake_args': None, 'build_base': '/home/robmoemac/M-LADIS-Jerry/ws_sensor_combined/build/classifier', 'catkin_cmake_args': None, 'catkin_skip_building_tests': False, 'cmake_args': None, 'cmake_clean_cache': False, 'cmake_clean_first': False, 'cmake_force_configure': False, 'cmake_target': None, 'cmake_target_skip_unavailable': False, 'install_base': '/home/robmoemac/M-LADIS-Jerry/ws_sensor_combined/install/classifier', 'merge_install': False, 'path': '/home/robmoemac/M-LADIS-Jerry/ws_sensor_combined/src/classifier', 'symlink_install': False, 'test_result_base': None}
[0.234s] Level 5:colcon.colcon_core.verb:set package 'localization' build argument 'cmake_args' from command line to 'None'
[0.234s] Level 5:colcon.colcon_core.verb:set package 'localization' build argument 'cmake_target' from command line to 'None'
[0.234s] Level 5:colcon.colcon_core.verb:set package 'localization' build argument 'cmake_target_skip_unavailable' from command line to 'False'
[0.234s] Level 5:colcon.colcon_core.verb:set package 'localization' build argument 'cmake_clean_cache' from command line to 'False'
[0.234s] Level 5:colcon.colcon_core.verb:set package 'localization' build argument 'cmake_clean_first' from command line to 'False'
[0.234s] Level 5:colcon.colcon_core.verb:set package 'localization' build argument 'cmake_force_configure' from command line to 'False'
[0.234s] Level 5:colcon.colcon_core.verb:set package 'localization' build argument 'ament_cmake_args' from command line to 'None'
[0.234s] Level 5:colcon.colcon_core.verb:set package 'localization' build argument 'catkin_cmake_args' from command line to 'None'
[0.234s] Level 5:colcon.colcon_core.verb:set package 'localization' build argument 'catkin_skip_building_tests' from command line to 'False'
[0.234s] DEBUG:colcon.colcon_core.verb:Building package 'localization' with the following arguments: {'ament_cmake_args': None, 'build_base': '/home/robmoemac/M-LADIS-Jerry/ws_sensor_combined/build/localization', 'catkin_cmake_args': None, 'catkin_skip_building_tests': False, 'cmake_args': None, 'cmake_clean_cache': False, 'cmake_clean_first': False, 'cmake_force_configure': False, 'cmake_target': None, 'cmake_target_skip_unavailable': False, 'install_base': '/home/robmoemac/M-LADIS-Jerry/ws_sensor_combined/install/localization', 'merge_install': False, 'path': '/home/robmoemac/M-LADIS-Jerry/ws_sensor_combined/src/localization', 'symlink_install': False, 'test_result_base': None}
[0.234s] Level 5:colcon.colcon_core.verb:set package 'nearest_poster_yaw' build argument 'cmake_args' from command line to 'None'
[0.234s] Level 5:colcon.colcon_core.verb:set package 'nearest_poster_yaw' build argument 'cmake_target' from command line to 'None'
[0.234s] Level 5:colcon.colcon_core.verb:set package 'nearest_poster_yaw' build argument 'cmake_target_skip_unavailable' from command line to 'False'
[0.234s] Level 5:colcon.colcon_core.verb:set package 'nearest_poster_yaw' build argument 'cmake_clean_cache' from command line to 'False'
[0.234s] Level 5:colcon.colcon_core.verb:set package 'nearest_poster_yaw' build argument 'cmake_clean_first' from command line to 'False'
[0.235s] Level 5:colcon.colcon_core.verb:set package 'nearest_poster_yaw' build argument 'cmake_force_configure' from command line to 'False'
[0.235s] Level 5:colcon.colcon_core.verb:set package 'nearest_poster_yaw' build argument 'ament_cmake_args' from command line to 'None'
[0.235s] Level 5:colcon.colcon_core.verb:set package 'nearest_poster_yaw' build argument 'catkin_cmake_args' from command line to 'None'
[0.235s] Level 5:colcon.colcon_core.verb:set package 'nearest_poster_yaw' build argument 'catkin_skip_building_tests' from command line to 'False'
[0.235s] DEBUG:colcon.colcon_core.verb:Building package 'nearest_poster_yaw' with the following arguments: {'ament_cmake_args': None, 'build_base': '/home/robmoemac/M-LADIS-Jerry/ws_sensor_combined/build/nearest_poster_yaw', 'catkin_cmake_args': None, 'catkin_skip_building_tests': False, 'cmake_args': None, 'cmake_clean_cache': False, 'cmake_clean_first': False, 'cmake_force_configure': False, 'cmake_target': None, 'cmake_target_skip_unavailable': False, 'install_base': '/home/robmoemac/M-LADIS-Jerry/ws_sensor_combined/install/nearest_poster_yaw', 'merge_install': False, 'path': '/home/robmoemac/M-LADIS-Jerry/ws_sensor_combined/src/nearest_poster_yaw', 'symlink_install': False, 'test_result_base': None}
[0.235s] Level 5:colcon.colcon_core.verb:set package 'px4_msgs' build argument 'cmake_args' from command line to 'None'
[0.235s] Level 5:colcon.colcon_core.verb:set package 'px4_msgs' build argument 'cmake_target' from command line to 'None'
[0.235s] Level 5:colcon.colcon_core.verb:set package 'px4_msgs' build argument 'cmake_target_skip_unavailable' from command line to 'False'
[0.235s] Level 5:colcon.colcon_core.verb:set package 'px4_msgs' build argument 'cmake_clean_cache' from command line to 'False'
[0.235s] Level 5:colcon.colcon_core.verb:set package 'px4_msgs' build argument 'cmake_clean_first' from command line to 'False'
[0.235s] Level 5:colcon.colcon_core.verb:set package 'px4_msgs' build argument 'cmake_force_configure' from command line to 'False'
[0.235s] Level 5:colcon.colcon_core.verb:set package 'px4_msgs' build argument 'ament_cmake_args' from command line to 'None'
[0.235s] Level 5:colcon.colcon_core.verb:set package 'px4_msgs' build argument 'catkin_cmake_args' from command line to 'None'
[0.235s] Level 5:colcon.colcon_core.verb:set package 'px4_msgs' build argument 'catkin_skip_building_tests' from command line to 'False'
[0.235s] DEBUG:colcon.colcon_core.verb:Building package 'px4_msgs' with the following arguments: {'ament_cmake_args': None, 'build_base': '/home/robmoemac/M-LADIS-Jerry/ws_sensor_combined/build/px4_msgs', 'catkin_cmake_args': None, 'catkin_skip_building_tests': False, 'cmake_args': None, 'cmake_clean_cache': False, 'cmake_clean_first': False, 'cmake_force_configure': False, 'cmake_target': None, 'cmake_target_skip_unavailable': False, 'install_base': '/home/robmoemac/M-LADIS-Jerry/ws_sensor_combined/install/px4_msgs', 'merge_install': False, 'path': '/home/robmoemac/M-LADIS-Jerry/ws_sensor_combined/src/px4_msgs', 'symlink_install': False, 'test_result_base': None}
[0.236s] Level 5:colcon.colcon_core.verb:set package 'px4_ros_com' build argument 'cmake_args' from command line to 'None'
[0.236s] Level 5:colcon.colcon_core.verb:set package 'px4_ros_com' build argument 'cmake_target' from command line to 'None'
[0.236s] Level 5:colcon.colcon_core.verb:set package 'px4_ros_com' build argument 'cmake_target_skip_unavailable' from command line to 'False'
[0.236s] Level 5:colcon.colcon_core.verb:set package 'px4_ros_com' build argument 'cmake_clean_cache' from command line to 'False'
[0.236s] Level 5:colcon.colcon_core.verb:set package 'px4_ros_com' build argument 'cmake_clean_first' from command line to 'False'
[0.236s] Level 5:colcon.colcon_core.verb:set package 'px4_ros_com' build argument 'cmake_force_configure' from command line to 'False'
[0.236s] Level 5:colcon.colcon_core.verb:set package 'px4_ros_com' build argument 'ament_cmake_args' from command line to 'None'
[0.236s] Level 5:colcon.colcon_core.verb:set package 'px4_ros_com' build argument 'catkin_cmake_args' from command line to 'None'
[0.236s] Level 5:colcon.colcon_core.verb:set package 'px4_ros_com' build argument 'catkin_skip_building_tests' from command line to 'False'
[0.236s] DEBUG:colcon.colcon_core.verb:Building package 'px4_ros_com' with the following arguments: {'ament_cmake_args': None, 'build_base': '/home/robmoemac/M-LADIS-Jerry/ws_sensor_combined/build/px4_ros_com', 'catkin_cmake_args': None, 'catkin_skip_building_tests': False, 'cmake_args': None, 'cmake_clean_cache': False, 'cmake_clean_first': False, 'cmake_force_configure': False, 'cmake_target': None, 'cmake_target_skip_unavailable': False, 'install_base': '/home/robmoemac/M-LADIS-Jerry/ws_sensor_combined/install/px4_ros_com', 'merge_install': False, 'path': '/home/robmoemac/M-LADIS-Jerry/ws_sensor_combined/src/px4_ros_com', 'symlink_install': False, 'test_result_base': None}
[0.236s] INFO:colcon.colcon_core.executor:Executing jobs using 'parallel' executor
[0.237s] DEBUG:colcon.colcon_parallel_executor.executor.parallel:run_until_complete
[0.237s] INFO:colcon.colcon_ros.task.ament_cmake.build:Building ROS package in '/home/robmoemac/M-LADIS-Jerry/ws_sensor_combined/src/px4_msgs' with build type 'ament_cmake'
[0.237s] INFO:colcon.colcon_cmake.task.cmake.build:Building CMake package in '/home/robmoemac/M-LADIS-Jerry/ws_sensor_combined/src/px4_msgs'
[0.240s] INFO:colcon.colcon_core.plugin_system:Skipping extension 'colcon_core.shell.bat': Not used on non-Windows systems
[0.240s] INFO:colcon.colcon_core.shell:Skip shell extension 'powershell' for command environment: Not usable outside of PowerShell
[0.240s] DEBUG:colcon.colcon_core.shell:Skip shell extension 'dsv' for command environment
[0.243s] INFO:colcon.colcon_ros.task.ament_cmake.build:Building ROS package in '/home/robmoemac/M-LADIS-Jerry/ws_sensor_combined/src/classifier' with build type 'ament_cmake'
[0.244s] INFO:colcon.colcon_cmake.task.cmake.build:Building CMake package in '/home/robmoemac/M-LADIS-Jerry/ws_sensor_combined/src/classifier'
[0.244s] INFO:colcon.colcon_core.shell:Skip shell extension 'powershell' for command environment: Not usable outside of PowerShell
[0.244s] DEBUG:colcon.colcon_core.shell:Skip shell extension 'dsv' for command environment
[0.247s] INFO:colcon.colcon_ros.task.ament_cmake.build:Building ROS package in '/home/robmoemac/M-LADIS-Jerry/ws_sensor_combined/src/localization' with build type 'ament_cmake'
[0.247s] INFO:colcon.colcon_cmake.task.cmake.build:Building CMake package in '/home/robmoemac/M-LADIS-Jerry/ws_sensor_combined/src/localization'
[0.247s] INFO:colcon.colcon_core.shell:Skip shell extension 'powershell' for command environment: Not usable outside of PowerShell
[0.247s] DEBUG:colcon.colcon_core.shell:Skip shell extension 'dsv' for command environment
[0.252s] INFO:colcon.colcon_ros.task.ament_cmake.build:Building ROS package in '/home/robmoemac/M-LADIS-Jerry/ws_sensor_combined/src/nearest_poster_yaw' with build type 'ament_cmake'
[0.252s] INFO:colcon.colcon_cmake.task.cmake.build:Building CMake package in '/home/robmoemac/M-LADIS-Jerry/ws_sensor_combined/src/nearest_poster_yaw'
[0.252s] INFO:colcon.colcon_core.shell:Skip shell extension 'powershell' for command environment: Not usable outside of PowerShell
[0.253s] DEBUG:colcon.colcon_core.shell:Skip shell extension 'dsv' for command environment
[0.262s] DEBUG:colcon.colcon_core.event_handler.log_command:Invoking command in '/home/robmoemac/M-LADIS-Jerry/ws_sensor_combined/build/px4_msgs': CMAKE_PREFIX_PATH=${CMAKE_PREFIX_PATH}:/opt/ros/humble /usr/bin/cmake --build /home/robmoemac/M-LADIS-Jerry/ws_sensor_combined/build/px4_msgs -- -j8 -l8
[0.265s] DEBUG:colcon.colcon_core.event_handler.log_command:Invoking command in '/home/robmoemac/M-LADIS-Jerry/ws_sensor_combined/build/classifier': CMAKE_PREFIX_PATH=${CMAKE_PREFIX_PATH}:/opt/ros/humble /usr/bin/cmake --build /home/robmoemac/M-LADIS-Jerry/ws_sensor_combined/build/classifier -- -j8 -l8
[0.279s] DEBUG:colcon.colcon_core.event_handler.log_command:Invoking command in '/home/robmoemac/M-LADIS-Jerry/ws_sensor_combined/build/localization': CMAKE_PREFIX_PATH=${CMAKE_PREFIX_PATH}:/opt/ros/humble /usr/bin/cmake --build /home/robmoemac/M-LADIS-Jerry/ws_sensor_combined/build/localization -- -j8 -l8
[0.398s] DEBUG:colcon.colcon_core.event_handler.log_command:Invoking command in '/home/robmoemac/M-LADIS-Jerry/ws_sensor_combined/build/nearest_poster_yaw': CMAKE_PREFIX_PATH=${CMAKE_PREFIX_PATH}:/opt/ros/humble /usr/bin/cmake --build /home/robmoemac/M-LADIS-Jerry/ws_sensor_combined/build/nearest_poster_yaw -- -j8 -l8
[0.440s] DEBUG:colcon.colcon_core.event_handler.log_command:Invoked command in '/home/robmoemac/M-LADIS-Jerry/ws_sensor_combined/build/classifier' returned '0': CMAKE_PREFIX_PATH=${CMAKE_PREFIX_PATH}:/opt/ros/humble /usr/bin/cmake --build /home/robmoemac/M-LADIS-Jerry/ws_sensor_combined/build/classifier -- -j8 -l8
[0.481s] DEBUG:colcon.colcon_core.event_handler.log_command:Invoked command in '/home/robmoemac/M-LADIS-Jerry/ws_sensor_combined/build/localization' returned '0': CMAKE_PREFIX_PATH=${CMAKE_PREFIX_PATH}:/opt/ros/humble /usr/bin/cmake --build /home/robmoemac/M-LADIS-Jerry/ws_sensor_combined/build/localization -- -j8 -l8
[0.502s] DEBUG:colcon.colcon_core.event_handler.log_command:Invoking command in '/home/robmoemac/M-LADIS-Jerry/ws_sensor_combined/build/classifier': CMAKE_PREFIX_PATH=${CMAKE_PREFIX_PATH}:/opt/ros/humble /usr/bin/cmake --install /home/robmoemac/M-LADIS-Jerry/ws_sensor_combined/build/classifier
[0.524s] DEBUG:colcon.colcon_core.event_handler.log_command:Invoked command in '/home/robmoemac/M-LADIS-Jerry/ws_sensor_combined/build/nearest_poster_yaw' returned '0': CMAKE_PREFIX_PATH=${CMAKE_PREFIX_PATH}:/opt/ros/humble /usr/bin/cmake --build /home/robmoemac/M-LADIS-Jerry/ws_sensor_combined/build/nearest_poster_yaw -- -j8 -l8
[0.528s] DEBUG:colcon.colcon_core.event_handler.log_command:Invoking command in '/home/robmoemac/M-LADIS-Jerry/ws_sensor_combined/build/localization': CMAKE_PREFIX_PATH=${CMAKE_PREFIX_PATH}:/opt/ros/humble /usr/bin/cmake --install /home/robmoemac/M-LADIS-Jerry/ws_sensor_combined/build/localization
[0.529s] Level 1:colcon.colcon_core.environment:create_environment_scripts_only(classifier)
[0.530s] DEBUG:colcon.colcon_core.event_handler.log_command:Invoked command in '/home/robmoemac/M-LADIS-Jerry/ws_sensor_combined/build/classifier' returned '0': CMAKE_PREFIX_PATH=${CMAKE_PREFIX_PATH}:/opt/ros/humble /usr/bin/cmake --install /home/robmoemac/M-LADIS-Jerry/ws_sensor_combined/build/classifier
[0.536s] Level 1:colcon.colcon_core.environment:checking '/home/robmoemac/M-LADIS-Jerry/ws_sensor_combined/install/classifier' for CMake module files
[0.537s] Level 1:colcon.colcon_core.environment:checking '/home/robmoemac/M-LADIS-Jerry/ws_sensor_combined/install/classifier' for CMake config files
[0.537s] Level 1:colcon.colcon_core.shell:create_environment_hook('classifier', 'cmake_prefix_path')
[0.538s] INFO:colcon.colcon_core.shell:Creating environment hook '/home/robmoemac/M-LADIS-Jerry/ws_sensor_combined/install/classifier/share/classifier/hook/cmake_prefix_path.ps1'
[0.552s] INFO:colcon.colcon_core.shell:Creating environment descriptor '/home/robmoemac/M-LADIS-Jerry/ws_sensor_combined/install/classifier/share/classifier/hook/cmake_prefix_path.dsv'
[0.564s] INFO:colcon.colcon_core.shell:Creating environment hook '/home/robmoemac/M-LADIS-Jerry/ws_sensor_combined/install/classifier/share/classifier/hook/cmake_prefix_path.sh'
[0.578s] Level 1:colcon.colcon_core.environment:checking '/home/robmoemac/M-LADIS-Jerry/ws_sensor_combined/install/classifier/lib'
[0.578s] Level 1:colcon.colcon_core.environment:checking '/home/robmoemac/M-LADIS-Jerry/ws_sensor_combined/install/classifier/bin'
[0.578s] Level 1:colcon.colcon_core.environment:checking '/home/robmoemac/M-LADIS-Jerry/ws_sensor_combined/install/classifier/lib/pkgconfig/classifier.pc'
[0.578s] Level 1:colcon.colcon_core.environment:checking '/home/robmoemac/M-LADIS-Jerry/ws_sensor_combined/install/classifier/lib/python3.10/site-packages'
[0.579s] Level 1:colcon.colcon_core.environment:checking '/home/robmoemac/M-LADIS-Jerry/ws_sensor_combined/install/classifier/bin'
[0.579s] INFO:colcon.colcon_core.shell:Creating package script '/home/robmoemac/M-LADIS-Jerry/ws_sensor_combined/install/classifier/share/classifier/package.ps1'
[0.584s] INFO:colcon.colcon_core.shell:Creating package descriptor '/home/robmoemac/M-LADIS-Jerry/ws_sensor_combined/install/classifier/share/classifier/package.dsv'
[0.588s] INFO:colcon.colcon_core.shell:Creating package script '/home/robmoemac/M-LADIS-Jerry/ws_sensor_combined/install/classifier/share/classifier/package.sh'
[0.594s] INFO:colcon.colcon_core.shell:Creating package script '/home/robmoemac/M-LADIS-Jerry/ws_sensor_combined/install/classifier/share/classifier/package.bash'
[0.598s] INFO:colcon.colcon_core.shell:Creating package script '/home/robmoemac/M-LADIS-Jerry/ws_sensor_combined/install/classifier/share/classifier/package.zsh'
[0.603s] Level 1:colcon.colcon_core.environment:create_file_with_runtime_dependencies(/home/robmoemac/M-LADIS-Jerry/ws_sensor_combined/install/classifier/share/colcon-core/packages/classifier)
[0.612s] Level 1:colcon.colcon_core.environment:create_environment_scripts_only(localization)
[0.613s] Level 1:colcon.colcon_core.environment:checking '/home/robmoemac/M-LADIS-Jerry/ws_sensor_combined/install/localization' for CMake module files
[0.613s] DEBUG:colcon.colcon_core.event_handler.log_command:Invoking command in '/home/robmoemac/M-LADIS-Jerry/ws_sensor_combined/build/nearest_poster_yaw': CMAKE_PREFIX_PATH=${CMAKE_PREFIX_PATH}:/opt/ros/humble /usr/bin/cmake --install /home/robmoemac/M-LADIS-Jerry/ws_sensor_combined/build/nearest_poster_yaw
[0.615s] DEBUG:colcon.colcon_core.event_handler.log_command:Invoked command in '/home/robmoemac/M-LADIS-Jerry/ws_sensor_combined/build/localization' returned '0': CMAKE_PREFIX_PATH=${CMAKE_PREFIX_PATH}:/opt/ros/humble /usr/bin/cmake --install /home/robmoemac/M-LADIS-Jerry/ws_sensor_combined/build/localization
[0.615s] Level 1:colcon.colcon_core.environment:checking '/home/robmoemac/M-LADIS-Jerry/ws_sensor_combined/install/localization' for CMake config files
[0.616s] Level 1:colcon.colcon_core.shell:create_environment_hook('localization', 'cmake_prefix_path')
[0.617s] INFO:colcon.colcon_core.shell:Creating environment hook '/home/robmoemac/M-LADIS-Jerry/ws_sensor_combined/install/localization/share/localization/hook/cmake_prefix_path.ps1'
[0.625s] INFO:colcon.colcon_core.shell:Creating environment descriptor '/home/robmoemac/M-LADIS-Jerry/ws_sensor_combined/install/localization/share/localization/hook/cmake_prefix_path.dsv'
[0.634s] INFO:colcon.colcon_core.shell:Creating environment hook '/home/robmoemac/M-LADIS-Jerry/ws_sensor_combined/install/localization/share/localization/hook/cmake_prefix_path.sh'
[0.641s] Level 1:colcon.colcon_core.environment:checking '/home/robmoemac/M-LADIS-Jerry/ws_sensor_combined/install/localization/lib'
[0.642s] Level 1:colcon.colcon_core.environment:checking '/home/robmoemac/M-LADIS-Jerry/ws_sensor_combined/install/localization/bin'
[0.642s] Level 1:colcon.colcon_core.environment:checking '/home/robmoemac/M-LADIS-Jerry/ws_sensor_combined/install/localization/lib/pkgconfig/localization.pc'
[0.642s] Level 1:colcon.colcon_core.environment:checking '/home/robmoemac/M-LADIS-Jerry/ws_sensor_combined/install/localization/lib/python3.10/site-packages'
[0.643s] Level 1:colcon.colcon_core.environment:checking '/home/robmoemac/M-LADIS-Jerry/ws_sensor_combined/install/localization/bin'
[0.644s] INFO:colcon.colcon_core.shell:Creating package script '/home/robmoemac/M-LADIS-Jerry/ws_sensor_combined/install/localization/share/localization/package.ps1'
[0.648s] INFO:colcon.colcon_core.shell:Creating package descriptor '/home/robmoemac/M-LADIS-Jerry/ws_sensor_combined/install/localization/share/localization/package.dsv'
[0.653s] INFO:colcon.colcon_core.shell:Creating package script '/home/robmoemac/M-LADIS-Jerry/ws_sensor_combined/install/localization/share/localization/package.sh'
[0.657s] INFO:colcon.colcon_core.shell:Creating package script '/home/robmoemac/M-LADIS-Jerry/ws_sensor_combined/install/localization/share/localization/package.bash'
[0.661s] INFO:colcon.colcon_core.shell:Creating package script '/home/robmoemac/M-LADIS-Jerry/ws_sensor_combined/install/localization/share/localization/package.zsh'
[0.666s] Level 1:colcon.colcon_core.environment:create_file_with_runtime_dependencies(/home/robmoemac/M-LADIS-Jerry/ws_sensor_combined/install/localization/share/colcon-core/packages/localization)
[0.672s] Level 1:colcon.colcon_core.environment:create_environment_scripts_only(classifier)
[0.673s] Level 1:colcon.colcon_core.environment:checking '/home/robmoemac/M-LADIS-Jerry/ws_sensor_combined/install/classifier' for CMake module files
[0.673s] Level 1:colcon.colcon_core.environment:checking '/home/robmoemac/M-LADIS-Jerry/ws_sensor_combined/install/classifier' for CMake config files
[0.674s] Level 1:colcon.colcon_core.shell:create_environment_hook('classifier', 'cmake_prefix_path')
[0.674s] INFO:colcon.colcon_core.shell:Creating environment hook '/home/robmoemac/M-LADIS-Jerry/ws_sensor_combined/install/classifier/share/classifier/hook/cmake_prefix_path.ps1'
[0.678s] INFO:colcon.colcon_core.shell:Creating environment descriptor '/home/robmoemac/M-LADIS-Jerry/ws_sensor_combined/install/classifier/share/classifier/hook/cmake_prefix_path.dsv'
[0.683s] INFO:colcon.colcon_core.shell:Creating environment hook '/home/robmoemac/M-LADIS-Jerry/ws_sensor_combined/install/classifier/share/classifier/hook/cmake_prefix_path.sh'
[0.691s] Level 1:colcon.colcon_core.environment:checking '/home/robmoemac/M-LADIS-Jerry/ws_sensor_combined/install/classifier/lib'
[0.692s] Level 1:colcon.colcon_core.environment:checking '/home/robmoemac/M-LADIS-Jerry/ws_sensor_combined/install/classifier/bin'
[0.692s] Level 1:colcon.colcon_core.environment:checking '/home/robmoemac/M-LADIS-Jerry/ws_sensor_combined/install/classifier/lib/pkgconfig/classifier.pc'
[0.692s] Level 1:colcon.colcon_core.environment:checking '/home/robmoemac/M-LADIS-Jerry/ws_sensor_combined/install/classifier/lib/python3.10/site-packages'
[0.693s] Level 1:colcon.colcon_core.environment:checking '/home/robmoemac/M-LADIS-Jerry/ws_sensor_combined/install/classifier/bin'
[0.694s] INFO:colcon.colcon_core.shell:Creating package script '/home/robmoemac/M-LADIS-Jerry/ws_sensor_combined/install/classifier/share/classifier/package.ps1'
[0.700s] INFO:colcon.colcon_core.shell:Creating package descriptor '/home/robmoemac/M-LADIS-Jerry/ws_sensor_combined/install/classifier/share/classifier/package.dsv'
[0.705s] INFO:colcon.colcon_core.shell:Creating package script '/home/robmoemac/M-LADIS-Jerry/ws_sensor_combined/install/classifier/share/classifier/package.sh'
[0.712s] INFO:colcon.colcon_core.shell:Creating package script '/home/robmoemac/M-LADIS-Jerry/ws_sensor_combined/install/classifier/share/classifier/package.bash'
[0.720s] INFO:colcon.colcon_core.shell:Creating package script '/home/robmoemac/M-LADIS-Jerry/ws_sensor_combined/install/classifier/share/classifier/package.zsh'
[0.728s] Level 1:colcon.colcon_core.environment:create_file_with_runtime_dependencies(/home/robmoemac/M-LADIS-Jerry/ws_sensor_combined/install/classifier/share/colcon-core/packages/classifier)
[0.737s] Level 1:colcon.colcon_core.environment:create_environment_scripts_only(nearest_poster_yaw)
[0.737s] Level 1:colcon.colcon_core.environment:checking '/home/robmoemac/M-LADIS-Jerry/ws_sensor_combined/install/nearest_poster_yaw' for CMake module files
[0.739s] Level 1:colcon.colcon_core.environment:checking '/home/robmoemac/M-LADIS-Jerry/ws_sensor_combined/install/nearest_poster_yaw' for CMake config files
[0.739s] Level 1:colcon.colcon_core.shell:create_environment_hook('nearest_poster_yaw', 'cmake_prefix_path')
[0.740s] INFO:colcon.colcon_core.shell:Creating environment hook '/home/robmoemac/M-LADIS-Jerry/ws_sensor_combined/install/nearest_poster_yaw/share/nearest_poster_yaw/hook/cmake_prefix_path.ps1'
[0.749s] INFO:colcon.colcon_core.shell:Creating environment descriptor '/home/robmoemac/M-LADIS-Jerry/ws_sensor_combined/install/nearest_poster_yaw/share/nearest_poster_yaw/hook/cmake_prefix_path.dsv'
[0.751s] DEBUG:colcon.colcon_core.event_handler.log_command:Invoked command in '/home/robmoemac/M-LADIS-Jerry/ws_sensor_combined/build/nearest_poster_yaw' returned '0': CMAKE_PREFIX_PATH=${CMAKE_PREFIX_PATH}:/opt/ros/humble /usr/bin/cmake --install /home/robmoemac/M-LADIS-Jerry/ws_sensor_combined/build/nearest_poster_yaw
[0.757s] INFO:colcon.colcon_core.shell:Creating environment hook '/home/robmoemac/M-LADIS-Jerry/ws_sensor_combined/install/nearest_poster_yaw/share/nearest_poster_yaw/hook/cmake_prefix_path.sh'
[0.762s] Level 1:colcon.colcon_core.environment:checking '/home/robmoemac/M-LADIS-Jerry/ws_sensor_combined/install/nearest_poster_yaw/lib'
[0.762s] Level 1:colcon.colcon_core.environment:checking '/home/robmoemac/M-LADIS-Jerry/ws_sensor_combined/install/nearest_poster_yaw/bin'
[0.762s] Level 1:colcon.colcon_core.environment:checking '/home/robmoemac/M-LADIS-Jerry/ws_sensor_combined/install/nearest_poster_yaw/lib/pkgconfig/nearest_poster_yaw.pc'
[0.763s] Level 1:colcon.colcon_core.environment:checking '/home/robmoemac/M-LADIS-Jerry/ws_sensor_combined/install/nearest_poster_yaw/lib/python3.10/site-packages'
[0.763s] Level 1:colcon.colcon_core.environment:checking '/home/robmoemac/M-LADIS-Jerry/ws_sensor_combined/install/nearest_poster_yaw/bin'
[0.763s] INFO:colcon.colcon_core.shell:Creating package script '/home/robmoemac/M-LADIS-Jerry/ws_sensor_combined/install/nearest_poster_yaw/share/nearest_poster_yaw/package.ps1'
[0.769s] INFO:colcon.colcon_core.shell:Creating package descriptor '/home/robmoemac/M-LADIS-Jerry/ws_sensor_combined/install/nearest_poster_yaw/share/nearest_poster_yaw/package.dsv'
[0.774s] INFO:colcon.colcon_core.shell:Creating package script '/home/robmoemac/M-LADIS-Jerry/ws_sensor_combined/install/nearest_poster_yaw/share/nearest_poster_yaw/package.sh'
[0.778s] INFO:colcon.colcon_core.shell:Creating package script '/home/robmoemac/M-LADIS-Jerry/ws_sensor_combined/install/nearest_poster_yaw/share/nearest_poster_yaw/package.bash'
[0.784s] INFO:colcon.colcon_core.shell:Creating package script '/home/robmoemac/M-LADIS-Jerry/ws_sensor_combined/install/nearest_poster_yaw/share/nearest_poster_yaw/package.zsh'
[0.789s] Level 1:colcon.colcon_core.environment:create_file_with_runtime_dependencies(/home/robmoemac/M-LADIS-Jerry/ws_sensor_combined/install/nearest_poster_yaw/share/colcon-core/packages/nearest_poster_yaw)
[0.791s] Level 1:colcon.colcon_core.environment:create_environment_scripts_only(localization)
[0.791s] Level 1:colcon.colcon_core.environment:checking '/home/robmoemac/M-LADIS-Jerry/ws_sensor_combined/install/localization' for CMake module files
[0.792s] Level 1:colcon.colcon_core.environment:checking '/home/robmoemac/M-LADIS-Jerry/ws_sensor_combined/install/localization' for CMake config files
[0.792s] Level 1:colcon.colcon_core.shell:create_environment_hook('localization', 'cmake_prefix_path')
[0.793s] INFO:colcon.colcon_core.shell:Creating environment hook '/home/robmoemac/M-LADIS-Jerry/ws_sensor_combined/install/localization/share/localization/hook/cmake_prefix_path.ps1'
[0.797s] INFO:colcon.colcon_core.shell:Creating environment descriptor '/home/robmoemac/M-LADIS-Jerry/ws_sensor_combined/install/localization/share/localization/hook/cmake_prefix_path.dsv'
[0.802s] INFO:colcon.colcon_core.shell:Creating environment hook '/home/robmoemac/M-LADIS-Jerry/ws_sensor_combined/install/localization/share/localization/hook/cmake_prefix_path.sh'
[0.807s] Level 1:colcon.colcon_core.environment:checking '/home/robmoemac/M-LADIS-Jerry/ws_sensor_combined/install/localization/lib'
[0.807s] Level 1:colcon.colcon_core.environment:checking '/home/robmoemac/M-LADIS-Jerry/ws_sensor_combined/install/localization/bin'
[0.808s] Level 1:colcon.colcon_core.environment:checking '/home/robmoemac/M-LADIS-Jerry/ws_sensor_combined/install/localization/lib/pkgconfig/localization.pc'
[0.808s] Level 1:colcon.colcon_core.environment:checking '/home/robmoemac/M-LADIS-Jerry/ws_sensor_combined/install/localization/lib/python3.10/site-packages'
[0.808s] Level 1:colcon.colcon_core.environment:checking '/home/robmoemac/M-LADIS-Jerry/ws_sensor_combined/install/localization/bin'
[0.809s] INFO:colcon.colcon_core.shell:Creating package script '/home/robmoemac/M-LADIS-Jerry/ws_sensor_combined/install/localization/share/localization/package.ps1'
[0.814s] INFO:colcon.colcon_core.shell:Creating package descriptor '/home/robmoemac/M-LADIS-Jerry/ws_sensor_combined/install/localization/share/localization/package.dsv'
[0.821s] INFO:colcon.colcon_core.shell:Creating package script '/home/robmoemac/M-LADIS-Jerry/ws_sensor_combined/install/localization/share/localization/package.sh'
[0.825s] INFO:colcon.colcon_core.shell:Creating package script '/home/robmoemac/M-LADIS-Jerry/ws_sensor_combined/install/localization/share/localization/package.bash'
[0.830s] INFO:colcon.colcon_core.shell:Creating package script '/home/robmoemac/M-LADIS-Jerry/ws_sensor_combined/install/localization/share/localization/package.zsh'
[0.836s] Level 1:colcon.colcon_core.environment:create_file_with_runtime_dependencies(/home/robmoemac/M-LADIS-Jerry/ws_sensor_combined/install/localization/share/colcon-core/packages/localization)
[0.842s] Level 1:colcon.colcon_core.environment:create_environment_scripts_only(nearest_poster_yaw)
[0.842s] Level 1:colcon.colcon_core.environment:checking '/home/robmoemac/M-LADIS-Jerry/ws_sensor_combined/install/nearest_poster_yaw' for CMake module files
[0.843s] Level 1:colcon.colcon_core.environment:checking '/home/robmoemac/M-LADIS-Jerry/ws_sensor_combined/install/nearest_poster_yaw' for CMake config files
[0.844s] Level 1:colcon.colcon_core.shell:create_environment_hook('nearest_poster_yaw', 'cmake_prefix_path')
[0.844s] INFO:colcon.colcon_core.shell:Creating environment hook '/home/robmoemac/M-LADIS-Jerry/ws_sensor_combined/install/nearest_poster_yaw/share/nearest_poster_yaw/hook/cmake_prefix_path.ps1'
[0.852s] INFO:colcon.colcon_core.shell:Creating environment descriptor '/home/robmoemac/M-LADIS-Jerry/ws_sensor_combined/install/nearest_poster_yaw/share/nearest_poster_yaw/hook/cmake_prefix_path.dsv'
[0.858s] INFO:colcon.colcon_core.shell:Creating environment hook '/home/robmoemac/M-LADIS-Jerry/ws_sensor_combined/install/nearest_poster_yaw/share/nearest_poster_yaw/hook/cmake_prefix_path.sh'
[0.863s] Level 1:colcon.colcon_core.environment:checking '/home/robmoemac/M-LADIS-Jerry/ws_sensor_combined/install/nearest_poster_yaw/lib'
[0.863s] Level 1:colcon.colcon_core.environment:checking '/home/robmoemac/M-LADIS-Jerry/ws_sensor_combined/install/nearest_poster_yaw/bin'
[0.863s] Level 1:colcon.colcon_core.environment:checking '/home/robmoemac/M-LADIS-Jerry/ws_sensor_combined/install/nearest_poster_yaw/lib/pkgconfig/nearest_poster_yaw.pc'
[0.864s] Level 1:colcon.colcon_core.environment:checking '/home/robmoemac/M-LADIS-Jerry/ws_sensor_combined/install/nearest_poster_yaw/lib/python3.10/site-packages'
[0.864s] Level 1:colcon.colcon_core.environment:checking '/home/robmoemac/M-LADIS-Jerry/ws_sensor_combined/install/nearest_poster_yaw/bin'
[0.864s] INFO:colcon.colcon_core.shell:Creating package script '/home/robmoemac/M-LADIS-Jerry/ws_sensor_combined/install/nearest_poster_yaw/share/nearest_poster_yaw/package.ps1'
[0.872s] INFO:colcon.colcon_core.shell:Creating package descriptor '/home/robmoemac/M-LADIS-Jerry/ws_sensor_combined/install/nearest_poster_yaw/share/nearest_poster_yaw/package.dsv'
[0.879s] INFO:colcon.colcon_core.shell:Creating package script '/home/robmoemac/M-LADIS-Jerry/ws_sensor_combined/install/nearest_poster_yaw/share/nearest_poster_yaw/package.sh'
[0.884s] INFO:colcon.colcon_core.shell:Creating package script '/home/robmoemac/M-LADIS-Jerry/ws_sensor_combined/install/nearest_poster_yaw/share/nearest_poster_yaw/package.bash'
[0.889s] INFO:colcon.colcon_core.shell:Creating package script '/home/robmoemac/M-LADIS-Jerry/ws_sensor_combined/install/nearest_poster_yaw/share/nearest_poster_yaw/package.zsh'
[0.894s] Level 1:colcon.colcon_core.environment:create_file_with_runtime_dependencies(/home/robmoemac/M-LADIS-Jerry/ws_sensor_combined/install/nearest_poster_yaw/share/colcon-core/packages/nearest_poster_yaw)
[1.876s] DEBUG:colcon.colcon_parallel_executor.executor.parallel:run_until_complete was interrupted
[1.876s] DEBUG:colcon.colcon_parallel_executor.executor.parallel:run_until_complete again
[1.904s] DEBUG:colcon.colcon_core.event_handler.log_command:Invoked command in '/home/robmoemac/M-LADIS-Jerry/ws_sensor_combined/build/px4_msgs' returned '-2': CMAKE_PREFIX_PATH=${CMAKE_PREFIX_PATH}:/opt/ros/humble /usr/bin/cmake --build /home/robmoemac/M-LADIS-Jerry/ws_sensor_combined/build/px4_msgs -- -j8 -l8
[7.262s] Level 1:colcon.colcon_core.environment:create_environment_scripts_only(px4_msgs)
[7.263s] Level 1:colcon.colcon_core.environment:checking '/home/robmoemac/M-LADIS-Jerry/ws_sensor_combined/install/px4_msgs' for CMake module files
[7.263s] Level 1:colcon.colcon_core.environment:checking '/home/robmoemac/M-LADIS-Jerry/ws_sensor_combined/install/px4_msgs' for CMake config files
[7.267s] Level 1:colcon.colcon_core.shell:create_environment_hook('px4_msgs', 'cmake_prefix_path')
[7.268s] INFO:colcon.colcon_core.shell:Creating environment hook '/home/robmoemac/M-LADIS-Jerry/ws_sensor_combined/install/px4_msgs/share/px4_msgs/hook/cmake_prefix_path.ps1'
[7.272s] INFO:colcon.colcon_core.shell:Creating environment descriptor '/home/robmoemac/M-LADIS-Jerry/ws_sensor_combined/install/px4_msgs/share/px4_msgs/hook/cmake_prefix_path.dsv'
[7.275s] INFO:colcon.colcon_core.shell:Creating environment hook '/home/robmoemac/M-LADIS-Jerry/ws_sensor_combined/install/px4_msgs/share/px4_msgs/hook/cmake_prefix_path.sh'
[7.279s] Level 1:colcon.colcon_core.environment:checking '/home/robmoemac/M-LADIS-Jerry/ws_sensor_combined/install/px4_msgs/lib'
[7.279s] Level 1:colcon.colcon_core.shell:create_environment_hook('px4_msgs', 'ld_library_path_lib')
[7.280s] INFO:colcon.colcon_core.shell:Creating environment hook '/home/robmoemac/M-LADIS-Jerry/ws_sensor_combined/install/px4_msgs/share/px4_msgs/hook/ld_library_path_lib.ps1'
[7.283s] INFO:colcon.colcon_core.shell:Creating environment descriptor '/home/robmoemac/M-LADIS-Jerry/ws_sensor_combined/install/px4_msgs/share/px4_msgs/hook/ld_library_path_lib.dsv'
[7.287s] INFO:colcon.colcon_core.shell:Creating environment hook '/home/robmoemac/M-LADIS-Jerry/ws_sensor_combined/install/px4_msgs/share/px4_msgs/hook/ld_library_path_lib.sh'
[7.291s] Level 1:colcon.colcon_core.environment:checking '/home/robmoemac/M-LADIS-Jerry/ws_sensor_combined/install/px4_msgs/bin'
[7.291s] Level 1:colcon.colcon_core.environment:checking '/home/robmoemac/M-LADIS-Jerry/ws_sensor_combined/install/px4_msgs/lib/pkgconfig/px4_msgs.pc'
[7.291s] Level 1:colcon.colcon_core.environment:checking '/home/robmoemac/M-LADIS-Jerry/ws_sensor_combined/install/px4_msgs/lib/python3.10/site-packages'
[7.292s] Level 1:colcon.colcon_core.environment:checking '/home/robmoemac/M-LADIS-Jerry/ws_sensor_combined/install/px4_msgs/bin'
[7.292s] INFO:colcon.colcon_core.shell:Creating package script '/home/robmoemac/M-LADIS-Jerry/ws_sensor_combined/install/px4_msgs/share/px4_msgs/package.ps1'
[7.296s] INFO:colcon.colcon_core.shell:Creating package descriptor '/home/robmoemac/M-LADIS-Jerry/ws_sensor_combined/install/px4_msgs/share/px4_msgs/package.dsv'
[7.300s] INFO:colcon.colcon_core.shell:Creating package script '/home/robmoemac/M-LADIS-Jerry/ws_sensor_combined/install/px4_msgs/share/px4_msgs/package.sh'
[7.304s] INFO:colcon.colcon_core.shell:Creating package script '/home/robmoemac/M-LADIS-Jerry/ws_sensor_combined/install/px4_msgs/share/px4_msgs/package.bash'
[7.308s] INFO:colcon.colcon_core.shell:Creating package script '/home/robmoemac/M-LADIS-Jerry/ws_sensor_combined/install/px4_msgs/share/px4_msgs/package.zsh'
[7.311s] Level 1:colcon.colcon_core.environment:create_file_with_runtime_dependencies(/home/robmoemac/M-LADIS-Jerry/ws_sensor_combined/install/px4_msgs/share/colcon-core/packages/px4_msgs)
[7.325s] DEBUG:colcon.colcon_parallel_executor.executor.parallel:run_until_complete finished
[7.325s] DEBUG:colcon.colcon_parallel_executor.executor.parallel:closing loop
[7.325s] DEBUG:colcon.colcon_parallel_executor.executor.parallel:loop closed
[7.326s] DEBUG:colcon.colcon_core.event_reactor:joining thread
[7.332s] INFO:colcon.colcon_core.plugin_system:Skipping extension 'colcon_notification.desktop_notification.terminal_notifier': Not used on non-Darwin systems
[7.333s] INFO:colcon.colcon_core.plugin_system:Skipping extension 'colcon_notification.desktop_notification.win32': Not used on non-Windows systems
[7.333s] INFO:colcon.colcon_notification.desktop_notification:Sending desktop notification using 'notify2'
[7.346s] DEBUG:colcon.colcon_core.event_reactor:joined thread
[7.346s] INFO:colcon.colcon_core.shell:Creating prefix script '/home/robmoemac/M-LADIS-Jerry/ws_sensor_combined/install/local_setup.ps1'
[7.351s] INFO:colcon.colcon_core.shell:Creating prefix util module '/home/robmoemac/M-LADIS-Jerry/ws_sensor_combined/install/_local_setup_util_ps1.py'
[7.357s] INFO:colcon.colcon_core.shell:Creating prefix chain script '/home/robmoemac/M-LADIS-Jerry/ws_sensor_combined/install/setup.ps1'
[7.362s] INFO:colcon.colcon_core.shell:Creating prefix script '/home/robmoemac/M-LADIS-Jerry/ws_sensor_combined/install/local_setup.sh'
[7.366s] INFO:colcon.colcon_core.shell:Creating prefix util module '/home/robmoemac/M-LADIS-Jerry/ws_sensor_combined/install/_local_setup_util_sh.py'
[7.371s] INFO:colcon.colcon_core.shell:Creating prefix chain script '/home/robmoemac/M-LADIS-Jerry/ws_sensor_combined/install/setup.sh'
[7.376s] INFO:colcon.colcon_core.shell:Creating prefix script '/home/robmoemac/M-LADIS-Jerry/ws_sensor_combined/install/local_setup.bash'
[7.380s] INFO:colcon.colcon_core.shell:Creating prefix chain script '/home/robmoemac/M-LADIS-Jerry/ws_sensor_combined/install/setup.bash'
[7.385s] INFO:colcon.colcon_core.shell:Creating prefix script '/home/robmoemac/M-LADIS-Jerry/ws_sensor_combined/install/local_setup.zsh'
[7.390s] INFO:colcon.colcon_core.shell:Creating prefix chain script '/home/robmoemac/M-LADIS-Jerry/ws_sensor_combined/install/setup.zsh'
