[ 50%] [32mBuilding CXX object CMakeFiles/nearest_poster_node.dir/src/nearest_poster_node.cpp.o[0m
[100%] [32m[1mLinking CXX executable nearest_poster_node[0m
[100%] Built target nearest_poster_node
-- Install configuration: ""
-- Installing: /home/blake/M-LADIS-Jerry/ws_sensor_combined/install/nearest_poster_yaw/lib/nearest_poster_yaw/nearest_poster_node
-- Set runtime path of "/home/blake/M-LADIS-Jerry/ws_sensor_combined/install/nearest_poster_yaw/lib/nearest_poster_yaw/nearest_poster_node" to ""
-- Installing: /home/blake/M-LADIS-Jerry/ws_sensor_combined/install/nearest_poster_yaw/share/nearest_poster_yaw/launch
-- Installing: /home/blake/M-LADIS-Jerry/ws_sensor_combined/install/nearest_poster_yaw/share/nearest_poster_yaw/launch/.vscode
-- Installing: /home/blake/M-LADIS-Jerry/ws_sensor_combined/install/nearest_poster_yaw/share/nearest_poster_yaw/launch/.vscode/settings.json
-- Installing: /home/blake/M-LADIS-Jerry/ws_sensor_combined/install/nearest_poster_yaw/share/nearest_poster_yaw/launch/.vscode/c_cpp_properties.json
-- Installing: /home/blake/M-LADIS-Jerry/ws_sensor_combined/install/nearest_poster_yaw/share/nearest_poster_yaw/launch/launch.py
-- Installing: /home/blake/M-LADIS-Jerry/ws_sensor_combined/install/nearest_poster_yaw/share/ament_index/resource_index/package_run_dependencies/nearest_poster_yaw
-- Installing: /home/blake/M-LADIS-Jerry/ws_sensor_combined/install/nearest_poster_yaw/share/ament_index/resource_index/parent_prefix_path/nearest_poster_yaw
-- Installing: /home/blake/M-LADIS-Jerry/ws_sensor_combined/install/nearest_poster_yaw/share/nearest_poster_yaw/environment/ament_prefix_path.sh
-- Installing: /home/blake/M-LADIS-Jerry/ws_sensor_combined/install/nearest_poster_yaw/share/nearest_poster_yaw/environment/ament_prefix_path.dsv
-- Installing: /home/blake/M-LADIS-Jerry/ws_sensor_combined/install/nearest_poster_yaw/share/nearest_poster_yaw/environment/path.sh
-- Installing: /home/blake/M-LADIS-Jerry/ws_sensor_combined/install/nearest_poster_yaw/share/nearest_poster_yaw/environment/path.dsv
-- Installing: /home/blake/M-LADIS-Jerry/ws_sensor_combined/install/nearest_poster_yaw/share/nearest_poster_yaw/local_setup.bash
-- Installing: /home/blake/M-LADIS-Jerry/ws_sensor_combined/install/nearest_poster_yaw/share/nearest_poster_yaw/local_setup.sh
-- Installing: /home/blake/M-LADIS-Jerry/ws_sensor_combined/install/nearest_poster_yaw/share/nearest_poster_yaw/local_setup.zsh
-- Installing: /home/blake/M-LADIS-Jerry/ws_sensor_combined/install/nearest_poster_yaw/share/nearest_poster_yaw/local_setup.dsv
-- Installing: /home/blake/M-LADIS-Jerry/ws_sensor_combined/install/nearest_poster_yaw/share/nearest_poster_yaw/package.dsv
-- Installing: /home/blake/M-LADIS-Jerry/ws_sensor_combined/install/nearest_poster_yaw/share/ament_index/resource_index/packages/nearest_poster_yaw
-- Installing: /home/blake/M-LADIS-Jerry/ws_sensor_combined/install/nearest_poster_yaw/share/nearest_poster_yaw/cmake/nearest_poster_yawConfig.cmake
-- Installing: /home/blake/M-LADIS-Jerry/ws_sensor_combined/install/nearest_poster_yaw/share/nearest_poster_yaw/cmake/nearest_poster_yawConfig-version.cmake
-- Installing: /home/blake/M-LADIS-Jerry/ws_sensor_combined/install/nearest_poster_yaw/share/nearest_poster_yaw/package.xml
