[0.077s] DEBUG:colcon:Command line arguments: ['/usr/bin/colcon', 'build', '--packages-ignore', 'mapping']
[0.077s] DEBUG:colcon:Parsed command line arguments: Namespace(log_base=None, log_level=None, verb_name='build', build_base='build', install_base='install', merge_install=False, symlink_install=False, test_result_base=None, continue_on_error=False, executor='parallel', parallel_workers=12, event_handlers=None, ignore_user_meta=False, metas=['./colcon.meta'], base_paths=['.'], packages_ignore=['mapping'], packages_ignore_regex=None, paths=None, packages_up_to=None, packages_up_to_regex=None, packages_above=None, packages_above_and_dependencies=None, packages_above_depth=None, packages_select_by_dep=None, packages_skip_by_dep=None, packages_skip_up_to=None, packages_select_build_failed=False, packages_skip_build_finished=False, packages_select_test_failures=False, packages_skip_test_passed=False, packages_select=None, packages_skip=None, packages_select_regex=None, packages_skip_regex=None, packages_start=None, packages_end=None, allow_overriding=[], cmake_args=None, cmake_target=None, cmake_target_skip_unavailable=False, cmake_clean_cache=False, cmake_clean_first=False, cmake_force_configure=False, ament_cmake_args=None, catkin_cmake_args=None, catkin_skip_building_tests=False, verb_parser=<colcon_defaults.argument_parser.defaults.DefaultArgumentsDecorator object at 0x78e800b595d0>, verb_extension=<colcon_core.verb.build.BuildVerb object at 0x78e800b59000>, main=<bound method BuildVerb.main of <colcon_core.verb.build.BuildVerb object at 0x78e800b59000>>)
[0.232s] Level 1:colcon.colcon_core.package_discovery:discover_packages(colcon_meta) check parameters
[0.232s] Level 1:colcon.colcon_core.package_discovery:discover_packages(recursive) check parameters
[0.232s] Level 1:colcon.colcon_core.package_discovery:discover_packages(ignore) check parameters
[0.232s] Level 1:colcon.colcon_core.package_discovery:discover_packages(path) check parameters
[0.232s] Level 1:colcon.colcon_core.package_discovery:discover_packages(colcon_meta) discover
[0.232s] Level 1:colcon.colcon_core.package_discovery:discover_packages(recursive) discover
[0.232s] INFO:colcon.colcon_core.package_discovery:Crawling recursively for packages in '/home/blake/M-LADIS-Jerry/ws_sensor_combined'
[0.232s] Level 1:colcon.colcon_core.package_identification:_identify(.) by extensions ['ignore', 'ignore_ament_install']
[0.232s] Level 1:colcon.colcon_core.package_identification:_identify(.) by extension 'ignore'
[0.233s] Level 1:colcon.colcon_core.package_identification:_identify(.) by extension 'ignore_ament_install'
[0.233s] Level 1:colcon.colcon_core.package_identification:_identify(.) by extensions ['colcon_pkg']
[0.233s] Level 1:colcon.colcon_core.package_identification:_identify(.) by extension 'colcon_pkg'
[0.233s] Level 1:colcon.colcon_core.package_identification:_identify(.) by extensions ['colcon_meta']
[0.233s] Level 1:colcon.colcon_core.package_identification:_identify(.) by extension 'colcon_meta'
[0.233s] Level 1:colcon.colcon_core.package_identification:_identify(.) by extensions ['ros']
[0.233s] Level 1:colcon.colcon_core.package_identification:_identify(.) by extension 'ros'
[0.241s] Level 1:colcon.colcon_core.package_identification:_identify(.) by extensions ['cmake', 'python']
[0.241s] Level 1:colcon.colcon_core.package_identification:_identify(.) by extension 'cmake'
[0.241s] Level 1:colcon.colcon_core.package_identification:_identify(.) by extension 'python'
[0.241s] Level 1:colcon.colcon_core.package_identification:_identify(.) by extensions ['python_setup_py']
[0.241s] Level 1:colcon.colcon_core.package_identification:_identify(.) by extension 'python_setup_py'
[0.241s] Level 1:colcon.colcon_core.package_identification:_identify(build) by extensions ['ignore', 'ignore_ament_install']
[0.242s] Level 1:colcon.colcon_core.package_identification:_identify(build) by extension 'ignore'
[0.242s] Level 1:colcon.colcon_core.package_identification:_identify(build) ignored
[0.242s] Level 1:colcon.colcon_core.package_identification:_identify(install) by extensions ['ignore', 'ignore_ament_install']
[0.242s] Level 1:colcon.colcon_core.package_identification:_identify(install) by extension 'ignore'
[0.242s] Level 1:colcon.colcon_core.package_identification:_identify(install) ignored
[0.242s] Level 1:colcon.colcon_core.package_identification:_identify(log) by extensions ['ignore', 'ignore_ament_install']
[0.242s] Level 1:colcon.colcon_core.package_identification:_identify(log) by extension 'ignore'
[0.242s] Level 1:colcon.colcon_core.package_identification:_identify(log) ignored
[0.242s] Level 1:colcon.colcon_core.package_identification:_identify(src) by extensions ['ignore', 'ignore_ament_install']
[0.242s] Level 1:colcon.colcon_core.package_identification:_identify(src) by extension 'ignore'
[0.242s] Level 1:colcon.colcon_core.package_identification:_identify(src) by extension 'ignore_ament_install'
[0.242s] Level 1:colcon.colcon_core.package_identification:_identify(src) by extensions ['colcon_pkg']
[0.242s] Level 1:colcon.colcon_core.package_identification:_identify(src) by extension 'colcon_pkg'
[0.243s] Level 1:colcon.colcon_core.package_identification:_identify(src) by extensions ['colcon_meta']
[0.243s] Level 1:colcon.colcon_core.package_identification:_identify(src) by extension 'colcon_meta'
[0.243s] Level 1:colcon.colcon_core.package_identification:_identify(src) by extensions ['ros']
[0.243s] Level 1:colcon.colcon_core.package_identification:_identify(src) by extension 'ros'
[0.243s] Level 1:colcon.colcon_core.package_identification:_identify(src) by extensions ['cmake', 'python']
[0.243s] Level 1:colcon.colcon_core.package_identification:_identify(src) by extension 'cmake'
[0.243s] Level 1:colcon.colcon_core.package_identification:_identify(src) by extension 'python'
[0.243s] Level 1:colcon.colcon_core.package_identification:_identify(src) by extensions ['python_setup_py']
[0.243s] Level 1:colcon.colcon_core.package_identification:_identify(src) by extension 'python_setup_py'
[0.243s] Level 1:colcon.colcon_core.package_identification:_identify(src/classifier) by extensions ['ignore', 'ignore_ament_install']
[0.243s] Level 1:colcon.colcon_core.package_identification:_identify(src/classifier) by extension 'ignore'
[0.243s] Level 1:colcon.colcon_core.package_identification:_identify(src/classifier) by extension 'ignore_ament_install'
[0.243s] Level 1:colcon.colcon_core.package_identification:_identify(src/classifier) by extensions ['colcon_pkg']
[0.243s] Level 1:colcon.colcon_core.package_identification:_identify(src/classifier) by extension 'colcon_pkg'
[0.243s] Level 1:colcon.colcon_core.package_identification:_identify(src/classifier) by extensions ['colcon_meta']
[0.243s] Level 1:colcon.colcon_core.package_identification:_identify(src/classifier) by extension 'colcon_meta'
[0.243s] Level 1:colcon.colcon_core.package_identification:_identify(src/classifier) by extensions ['ros']
[0.244s] Level 1:colcon.colcon_core.package_identification:_identify(src/classifier) by extension 'ros'
[0.245s] DEBUG:colcon.colcon_core.package_identification:Package 'src/classifier' with type 'ros.ament_cmake' and name 'classifier'
[0.245s] Level 1:colcon.colcon_core.package_identification:_identify(src/localization) by extensions ['ignore', 'ignore_ament_install']
[0.245s] Level 1:colcon.colcon_core.package_identification:_identify(src/localization) by extension 'ignore'
[0.246s] Level 1:colcon.colcon_core.package_identification:_identify(src/localization) by extension 'ignore_ament_install'
[0.246s] Level 1:colcon.colcon_core.package_identification:_identify(src/localization) by extensions ['colcon_pkg']
[0.246s] Level 1:colcon.colcon_core.package_identification:_identify(src/localization) by extension 'colcon_pkg'
[0.246s] Level 1:colcon.colcon_core.package_identification:_identify(src/localization) by extensions ['colcon_meta']
[0.246s] Level 1:colcon.colcon_core.package_identification:_identify(src/localization) by extension 'colcon_meta'
[0.246s] Level 1:colcon.colcon_core.package_identification:_identify(src/localization) by extensions ['ros']
[0.246s] Level 1:colcon.colcon_core.package_identification:_identify(src/localization) by extension 'ros'
[0.246s] DEBUG:colcon.colcon_core.package_identification:Package 'src/localization' with type 'ros.ament_cmake' and name 'localization'
[0.247s] Level 1:colcon.colcon_core.package_identification:_identify(src/mapping) by extensions ['ignore', 'ignore_ament_install']
[0.247s] Level 1:colcon.colcon_core.package_identification:_identify(src/mapping) by extension 'ignore'
[0.247s] Level 1:colcon.colcon_core.package_identification:_identify(src/mapping) by extension 'ignore_ament_install'
[0.247s] Level 1:colcon.colcon_core.package_identification:_identify(src/mapping) by extensions ['colcon_pkg']
[0.247s] Level 1:colcon.colcon_core.package_identification:_identify(src/mapping) by extension 'colcon_pkg'
[0.247s] Level 1:colcon.colcon_core.package_identification:_identify(src/mapping) by extensions ['colcon_meta']
[0.247s] Level 1:colcon.colcon_core.package_identification:_identify(src/mapping) by extension 'colcon_meta'
[0.247s] Level 1:colcon.colcon_core.package_identification:_identify(src/mapping) by extensions ['ros']
[0.247s] Level 1:colcon.colcon_core.package_identification:_identify(src/mapping) by extension 'ros'
[0.253s] DEBUG:colcon.colcon_core.package_identification:Package 'src/mapping' with type 'ros.ament_cmake' and name 'mapping'
[0.253s] Level 1:colcon.colcon_core.package_identification:_identify(src/nearest_poster_yaw) by extensions ['ignore', 'ignore_ament_install']
[0.253s] Level 1:colcon.colcon_core.package_identification:_identify(src/nearest_poster_yaw) by extension 'ignore'
[0.253s] Level 1:colcon.colcon_core.package_identification:_identify(src/nearest_poster_yaw) by extension 'ignore_ament_install'
[0.253s] Level 1:colcon.colcon_core.package_identification:_identify(src/nearest_poster_yaw) by extensions ['colcon_pkg']
[0.253s] Level 1:colcon.colcon_core.package_identification:_identify(src/nearest_poster_yaw) by extension 'colcon_pkg'
[0.253s] Level 1:colcon.colcon_core.package_identification:_identify(src/nearest_poster_yaw) by extensions ['colcon_meta']
[0.254s] Level 1:colcon.colcon_core.package_identification:_identify(src/nearest_poster_yaw) by extension 'colcon_meta'
[0.254s] Level 1:colcon.colcon_core.package_identification:_identify(src/nearest_poster_yaw) by extensions ['ros']
[0.254s] Level 1:colcon.colcon_core.package_identification:_identify(src/nearest_poster_yaw) by extension 'ros'
[0.254s] DEBUG:colcon.colcon_core.package_identification:Package 'src/nearest_poster_yaw' with type 'ros.ament_cmake' and name 'nearest_poster_yaw'
[0.254s] Level 1:colcon.colcon_core.package_identification:_identify(src/px4_msgs) by extensions ['ignore', 'ignore_ament_install']
[0.254s] Level 1:colcon.colcon_core.package_identification:_identify(src/px4_msgs) by extension 'ignore'
[0.254s] Level 1:colcon.colcon_core.package_identification:_identify(src/px4_msgs) by extension 'ignore_ament_install'
[0.254s] Level 1:colcon.colcon_core.package_identification:_identify(src/px4_msgs) by extensions ['colcon_pkg']
[0.254s] Level 1:colcon.colcon_core.package_identification:_identify(src/px4_msgs) by extension 'colcon_pkg'
[0.254s] Level 1:colcon.colcon_core.package_identification:_identify(src/px4_msgs) by extensions ['colcon_meta']
[0.254s] Level 1:colcon.colcon_core.package_identification:_identify(src/px4_msgs) by extension 'colcon_meta'
[0.254s] Level 1:colcon.colcon_core.package_identification:_identify(src/px4_msgs) by extensions ['ros']
[0.255s] Level 1:colcon.colcon_core.package_identification:_identify(src/px4_msgs) by extension 'ros'
[0.255s] DEBUG:colcon.colcon_core.package_identification:Package 'src/px4_msgs' with type 'ros.ament_cmake' and name 'px4_msgs'
[0.255s] Level 1:colcon.colcon_core.package_identification:_identify(src/px4_ros_com) by extensions ['ignore', 'ignore_ament_install']
[0.255s] Level 1:colcon.colcon_core.package_identification:_identify(src/px4_ros_com) by extension 'ignore'
[0.255s] Level 1:colcon.colcon_core.package_identification:_identify(src/px4_ros_com) by extension 'ignore_ament_install'
[0.255s] Level 1:colcon.colcon_core.package_identification:_identify(src/px4_ros_com) by extensions ['colcon_pkg']
[0.255s] Level 1:colcon.colcon_core.package_identification:_identify(src/px4_ros_com) by extension 'colcon_pkg'
[0.255s] Level 1:colcon.colcon_core.package_identification:_identify(src/px4_ros_com) by extensions ['colcon_meta']
[0.255s] Level 1:colcon.colcon_core.package_identification:_identify(src/px4_ros_com) by extension 'colcon_meta'
[0.256s] Level 1:colcon.colcon_core.package_identification:_identify(src/px4_ros_com) by extensions ['ros']
[0.256s] Level 1:colcon.colcon_core.package_identification:_identify(src/px4_ros_com) by extension 'ros'
[0.256s] DEBUG:colcon.colcon_core.package_identification:Package 'src/px4_ros_com' with type 'ros.ament_cmake' and name 'px4_ros_com'
[0.256s] Level 1:colcon.colcon_core.package_discovery:discover_packages(recursive) using defaults
[0.256s] Level 1:colcon.colcon_core.package_discovery:discover_packages(ignore) discover
[0.257s] Level 1:colcon.colcon_core.package_discovery:discover_packages(ignore) using defaults
[0.257s] Level 1:colcon.colcon_core.package_discovery:discover_packages(path) discover
[0.257s] Level 1:colcon.colcon_core.package_discovery:discover_packages(path) using defaults
[0.271s] Level 1:colcon.colcon_core.package_discovery:discover_packages(prefix_path) check parameters
[0.272s] Level 1:colcon.colcon_core.package_discovery:discover_packages(prefix_path) discover
[0.273s] DEBUG:colcon.colcon_installed_package_information.package_discovery:Found 6 installed packages in /home/blake/M-LADIS-Jerry/ws_sensor_combined/install
[0.274s] DEBUG:colcon.colcon_installed_package_information.package_discovery:Found 285 installed packages in /opt/ros/humble
[0.275s] Level 1:colcon.colcon_core.package_discovery:discover_packages(prefix_path) using defaults
[0.303s] Level 5:colcon.colcon_core.verb:set package 'classifier' build argument 'cmake_args' from command line to 'None'
[0.303s] Level 5:colcon.colcon_core.verb:set package 'classifier' build argument 'cmake_target' from command line to 'None'
[0.303s] Level 5:colcon.colcon_core.verb:set package 'classifier' build argument 'cmake_target_skip_unavailable' from command line to 'False'
[0.303s] Level 5:colcon.colcon_core.verb:set package 'classifier' build argument 'cmake_clean_cache' from command line to 'False'
[0.303s] Level 5:colcon.colcon_core.verb:set package 'classifier' build argument 'cmake_clean_first' from command line to 'False'
[0.303s] Level 5:colcon.colcon_core.verb:set package 'classifier' build argument 'cmake_force_configure' from command line to 'False'
[0.303s] Level 5:colcon.colcon_core.verb:set package 'classifier' build argument 'ament_cmake_args' from command line to 'None'
[0.303s] Level 5:colcon.colcon_core.verb:set package 'classifier' build argument 'catkin_cmake_args' from command line to 'None'
[0.303s] Level 5:colcon.colcon_core.verb:set package 'classifier' build argument 'catkin_skip_building_tests' from command line to 'False'
[0.303s] DEBUG:colcon.colcon_core.verb:Building package 'classifier' with the following arguments: {'ament_cmake_args': None, 'build_base': '/home/blake/M-LADIS-Jerry/ws_sensor_combined/build/classifier', 'catkin_cmake_args': None, 'catkin_skip_building_tests': False, 'cmake_args': None, 'cmake_clean_cache': False, 'cmake_clean_first': False, 'cmake_force_configure': False, 'cmake_target': None, 'cmake_target_skip_unavailable': False, 'install_base': '/home/blake/M-LADIS-Jerry/ws_sensor_combined/install/classifier', 'merge_install': False, 'path': '/home/blake/M-LADIS-Jerry/ws_sensor_combined/src/classifier', 'symlink_install': False, 'test_result_base': None}
[0.304s] Level 5:colcon.colcon_core.verb:set package 'localization' build argument 'cmake_args' from command line to 'None'
[0.304s] Level 5:colcon.colcon_core.verb:set package 'localization' build argument 'cmake_target' from command line to 'None'
[0.304s] Level 5:colcon.colcon_core.verb:set package 'localization' build argument 'cmake_target_skip_unavailable' from command line to 'False'
[0.304s] Level 5:colcon.colcon_core.verb:set package 'localization' build argument 'cmake_clean_cache' from command line to 'False'
[0.304s] Level 5:colcon.colcon_core.verb:set package 'localization' build argument 'cmake_clean_first' from command line to 'False'
[0.304s] Level 5:colcon.colcon_core.verb:set package 'localization' build argument 'cmake_force_configure' from command line to 'False'
[0.304s] Level 5:colcon.colcon_core.verb:set package 'localization' build argument 'ament_cmake_args' from command line to 'None'
[0.304s] Level 5:colcon.colcon_core.verb:set package 'localization' build argument 'catkin_cmake_args' from command line to 'None'
[0.304s] Level 5:colcon.colcon_core.verb:set package 'localization' build argument 'catkin_skip_building_tests' from command line to 'False'
[0.304s] DEBUG:colcon.colcon_core.verb:Building package 'localization' with the following arguments: {'ament_cmake_args': None, 'build_base': '/home/blake/M-LADIS-Jerry/ws_sensor_combined/build/localization', 'catkin_cmake_args': None, 'catkin_skip_building_tests': False, 'cmake_args': None, 'cmake_clean_cache': False, 'cmake_clean_first': False, 'cmake_force_configure': False, 'cmake_target': None, 'cmake_target_skip_unavailable': False, 'install_base': '/home/blake/M-LADIS-Jerry/ws_sensor_combined/install/localization', 'merge_install': False, 'path': '/home/blake/M-LADIS-Jerry/ws_sensor_combined/src/localization', 'symlink_install': False, 'test_result_base': None}
[0.305s] Level 5:colcon.colcon_core.verb:set package 'nearest_poster_yaw' build argument 'cmake_args' from command line to 'None'
[0.305s] Level 5:colcon.colcon_core.verb:set package 'nearest_poster_yaw' build argument 'cmake_target' from command line to 'None'
[0.305s] Level 5:colcon.colcon_core.verb:set package 'nearest_poster_yaw' build argument 'cmake_target_skip_unavailable' from command line to 'False'
[0.305s] Level 5:colcon.colcon_core.verb:set package 'nearest_poster_yaw' build argument 'cmake_clean_cache' from command line to 'False'
[0.305s] Level 5:colcon.colcon_core.verb:set package 'nearest_poster_yaw' build argument 'cmake_clean_first' from command line to 'False'
[0.305s] Level 5:colcon.colcon_core.verb:set package 'nearest_poster_yaw' build argument 'cmake_force_configure' from command line to 'False'
[0.305s] Level 5:colcon.colcon_core.verb:set package 'nearest_poster_yaw' build argument 'ament_cmake_args' from command line to 'None'
[0.305s] Level 5:colcon.colcon_core.verb:set package 'nearest_poster_yaw' build argument 'catkin_cmake_args' from command line to 'None'
[0.305s] Level 5:colcon.colcon_core.verb:set package 'nearest_poster_yaw' build argument 'catkin_skip_building_tests' from command line to 'False'
[0.305s] DEBUG:colcon.colcon_core.verb:Building package 'nearest_poster_yaw' with the following arguments: {'ament_cmake_args': None, 'build_base': '/home/blake/M-LADIS-Jerry/ws_sensor_combined/build/nearest_poster_yaw', 'catkin_cmake_args': None, 'catkin_skip_building_tests': False, 'cmake_args': None, 'cmake_clean_cache': False, 'cmake_clean_first': False, 'cmake_force_configure': False, 'cmake_target': None, 'cmake_target_skip_unavailable': False, 'install_base': '/home/blake/M-LADIS-Jerry/ws_sensor_combined/install/nearest_poster_yaw', 'merge_install': False, 'path': '/home/blake/M-LADIS-Jerry/ws_sensor_combined/src/nearest_poster_yaw', 'symlink_install': False, 'test_result_base': None}
[0.305s] Level 5:colcon.colcon_core.verb:set package 'px4_msgs' build argument 'cmake_args' from command line to 'None'
[0.305s] Level 5:colcon.colcon_core.verb:set package 'px4_msgs' build argument 'cmake_target' from command line to 'None'
[0.305s] Level 5:colcon.colcon_core.verb:set package 'px4_msgs' build argument 'cmake_target_skip_unavailable' from command line to 'False'
[0.305s] Level 5:colcon.colcon_core.verb:set package 'px4_msgs' build argument 'cmake_clean_cache' from command line to 'False'
[0.306s] Level 5:colcon.colcon_core.verb:set package 'px4_msgs' build argument 'cmake_clean_first' from command line to 'False'
[0.306s] Level 5:colcon.colcon_core.verb:set package 'px4_msgs' build argument 'cmake_force_configure' from command line to 'False'
[0.306s] Level 5:colcon.colcon_core.verb:set package 'px4_msgs' build argument 'ament_cmake_args' from command line to 'None'
[0.306s] Level 5:colcon.colcon_core.verb:set package 'px4_msgs' build argument 'catkin_cmake_args' from command line to 'None'
[0.306s] Level 5:colcon.colcon_core.verb:set package 'px4_msgs' build argument 'catkin_skip_building_tests' from command line to 'False'
[0.306s] DEBUG:colcon.colcon_core.verb:Building package 'px4_msgs' with the following arguments: {'ament_cmake_args': None, 'build_base': '/home/blake/M-LADIS-Jerry/ws_sensor_combined/build/px4_msgs', 'catkin_cmake_args': None, 'catkin_skip_building_tests': False, 'cmake_args': None, 'cmake_clean_cache': False, 'cmake_clean_first': False, 'cmake_force_configure': False, 'cmake_target': None, 'cmake_target_skip_unavailable': False, 'install_base': '/home/blake/M-LADIS-Jerry/ws_sensor_combined/install/px4_msgs', 'merge_install': False, 'path': '/home/blake/M-LADIS-Jerry/ws_sensor_combined/src/px4_msgs', 'symlink_install': False, 'test_result_base': None}
[0.306s] Level 5:colcon.colcon_core.verb:set package 'px4_ros_com' build argument 'cmake_args' from command line to 'None'
[0.306s] Level 5:colcon.colcon_core.verb:set package 'px4_ros_com' build argument 'cmake_target' from command line to 'None'
[0.306s] Level 5:colcon.colcon_core.verb:set package 'px4_ros_com' build argument 'cmake_target_skip_unavailable' from command line to 'False'
[0.306s] Level 5:colcon.colcon_core.verb:set package 'px4_ros_com' build argument 'cmake_clean_cache' from command line to 'False'
[0.306s] Level 5:colcon.colcon_core.verb:set package 'px4_ros_com' build argument 'cmake_clean_first' from command line to 'False'
[0.306s] Level 5:colcon.colcon_core.verb:set package 'px4_ros_com' build argument 'cmake_force_configure' from command line to 'False'
[0.306s] Level 5:colcon.colcon_core.verb:set package 'px4_ros_com' build argument 'ament_cmake_args' from command line to 'None'
[0.307s] Level 5:colcon.colcon_core.verb:set package 'px4_ros_com' build argument 'catkin_cmake_args' from command line to 'None'
[0.307s] Level 5:colcon.colcon_core.verb:set package 'px4_ros_com' build argument 'catkin_skip_building_tests' from command line to 'False'
[0.307s] DEBUG:colcon.colcon_core.verb:Building package 'px4_ros_com' with the following arguments: {'ament_cmake_args': None, 'build_base': '/home/blake/M-LADIS-Jerry/ws_sensor_combined/build/px4_ros_com', 'catkin_cmake_args': None, 'catkin_skip_building_tests': False, 'cmake_args': None, 'cmake_clean_cache': False, 'cmake_clean_first': False, 'cmake_force_configure': False, 'cmake_target': None, 'cmake_target_skip_unavailable': False, 'install_base': '/home/blake/M-LADIS-Jerry/ws_sensor_combined/install/px4_ros_com', 'merge_install': False, 'path': '/home/blake/M-LADIS-Jerry/ws_sensor_combined/src/px4_ros_com', 'symlink_install': False, 'test_result_base': None}
[0.307s] INFO:colcon.colcon_core.executor:Executing jobs using 'parallel' executor
[0.308s] DEBUG:colcon.colcon_parallel_executor.executor.parallel:run_until_complete
[0.308s] INFO:colcon.colcon_ros.task.ament_cmake.build:Building ROS package in '/home/blake/M-LADIS-Jerry/ws_sensor_combined/src/px4_msgs' with build type 'ament_cmake'
[0.308s] INFO:colcon.colcon_cmake.task.cmake.build:Building CMake package in '/home/blake/M-LADIS-Jerry/ws_sensor_combined/src/px4_msgs'
[0.310s] INFO:colcon.colcon_core.plugin_system:Skipping extension 'colcon_core.shell.bat': Not used on non-Windows systems
[0.310s] INFO:colcon.colcon_core.shell:Skip shell extension 'powershell' for command environment: Not usable outside of PowerShell
[0.310s] DEBUG:colcon.colcon_core.shell:Skip shell extension 'dsv' for command environment
[0.314s] INFO:colcon.colcon_ros.task.ament_cmake.build:Building ROS package in '/home/blake/M-LADIS-Jerry/ws_sensor_combined/src/classifier' with build type 'ament_cmake'
[0.314s] INFO:colcon.colcon_cmake.task.cmake.build:Building CMake package in '/home/blake/M-LADIS-Jerry/ws_sensor_combined/src/classifier'
[0.314s] INFO:colcon.colcon_core.shell:Skip shell extension 'powershell' for command environment: Not usable outside of PowerShell
[0.314s] DEBUG:colcon.colcon_core.shell:Skip shell extension 'dsv' for command environment
[0.317s] INFO:colcon.colcon_ros.task.ament_cmake.build:Building ROS package in '/home/blake/M-LADIS-Jerry/ws_sensor_combined/src/localization' with build type 'ament_cmake'
[0.317s] INFO:colcon.colcon_cmake.task.cmake.build:Building CMake package in '/home/blake/M-LADIS-Jerry/ws_sensor_combined/src/localization'
[0.317s] INFO:colcon.colcon_core.shell:Skip shell extension 'powershell' for command environment: Not usable outside of PowerShell
[0.317s] DEBUG:colcon.colcon_core.shell:Skip shell extension 'dsv' for command environment
[0.320s] INFO:colcon.colcon_ros.task.ament_cmake.build:Building ROS package in '/home/blake/M-LADIS-Jerry/ws_sensor_combined/src/nearest_poster_yaw' with build type 'ament_cmake'
[0.320s] INFO:colcon.colcon_cmake.task.cmake.build:Building CMake package in '/home/blake/M-LADIS-Jerry/ws_sensor_combined/src/nearest_poster_yaw'
[0.321s] INFO:colcon.colcon_core.shell:Skip shell extension 'powershell' for command environment: Not usable outside of PowerShell
[0.321s] DEBUG:colcon.colcon_core.shell:Skip shell extension 'dsv' for command environment
[0.327s] DEBUG:colcon.colcon_core.event_handler.log_command:Invoking command in '/home/blake/M-LADIS-Jerry/ws_sensor_combined/build/px4_msgs': CMAKE_PREFIX_PATH=${CMAKE_PREFIX_PATH}:/opt/ros/humble /usr/bin/cmake --build /home/blake/M-LADIS-Jerry/ws_sensor_combined/build/px4_msgs -- -j12 -l12
[0.331s] DEBUG:colcon.colcon_core.event_handler.log_command:Invoking command in '/home/blake/M-LADIS-Jerry/ws_sensor_combined/build/classifier': CMAKE_PREFIX_PATH=${CMAKE_PREFIX_PATH}:/opt/ros/humble /usr/bin/cmake --build /home/blake/M-LADIS-Jerry/ws_sensor_combined/build/classifier -- -j12 -l12
[0.335s] DEBUG:colcon.colcon_core.event_handler.log_command:Invoking command in '/home/blake/M-LADIS-Jerry/ws_sensor_combined/build/localization': CMAKE_PREFIX_PATH=${CMAKE_PREFIX_PATH}:/opt/ros/humble /usr/bin/cmake --build /home/blake/M-LADIS-Jerry/ws_sensor_combined/build/localization -- -j12 -l12
[0.351s] DEBUG:colcon.colcon_core.event_handler.log_command:Invoking command in '/home/blake/M-LADIS-Jerry/ws_sensor_combined/build/nearest_poster_yaw': CMAKE_PREFIX_PATH=${CMAKE_PREFIX_PATH}:/opt/ros/humble /usr/bin/cmake --build /home/blake/M-LADIS-Jerry/ws_sensor_combined/build/nearest_poster_yaw -- -j12 -l12
[0.386s] DEBUG:colcon.colcon_core.event_handler.log_command:Invoked command in '/home/blake/M-LADIS-Jerry/ws_sensor_combined/build/classifier' returned '0': CMAKE_PREFIX_PATH=${CMAKE_PREFIX_PATH}:/opt/ros/humble /usr/bin/cmake --build /home/blake/M-LADIS-Jerry/ws_sensor_combined/build/classifier -- -j12 -l12
[0.393s] DEBUG:colcon.colcon_core.event_handler.log_command:Invoked command in '/home/blake/M-LADIS-Jerry/ws_sensor_combined/build/localization' returned '0': CMAKE_PREFIX_PATH=${CMAKE_PREFIX_PATH}:/opt/ros/humble /usr/bin/cmake --build /home/blake/M-LADIS-Jerry/ws_sensor_combined/build/localization -- -j12 -l12
[0.415s] DEBUG:colcon.colcon_core.event_handler.log_command:Invoking command in '/home/blake/M-LADIS-Jerry/ws_sensor_combined/build/classifier': CMAKE_PREFIX_PATH=${CMAKE_PREFIX_PATH}:/opt/ros/humble /usr/bin/cmake --install /home/blake/M-LADIS-Jerry/ws_sensor_combined/build/classifier
[0.416s] DEBUG:colcon.colcon_core.event_handler.log_command:Invoked command in '/home/blake/M-LADIS-Jerry/ws_sensor_combined/build/nearest_poster_yaw' returned '0': CMAKE_PREFIX_PATH=${CMAKE_PREFIX_PATH}:/opt/ros/humble /usr/bin/cmake --build /home/blake/M-LADIS-Jerry/ws_sensor_combined/build/nearest_poster_yaw -- -j12 -l12
[0.418s] DEBUG:colcon.colcon_core.event_handler.log_command:Invoking command in '/home/blake/M-LADIS-Jerry/ws_sensor_combined/build/localization': CMAKE_PREFIX_PATH=${CMAKE_PREFIX_PATH}:/opt/ros/humble /usr/bin/cmake --install /home/blake/M-LADIS-Jerry/ws_sensor_combined/build/localization
[0.426s] Level 1:colcon.colcon_core.environment:create_environment_scripts_only(classifier)
[0.427s] DEBUG:colcon.colcon_core.event_handler.log_command:Invoked command in '/home/blake/M-LADIS-Jerry/ws_sensor_combined/build/classifier' returned '0': CMAKE_PREFIX_PATH=${CMAKE_PREFIX_PATH}:/opt/ros/humble /usr/bin/cmake --install /home/blake/M-LADIS-Jerry/ws_sensor_combined/build/classifier
[0.429s] Level 1:colcon.colcon_core.environment:checking '/home/blake/M-LADIS-Jerry/ws_sensor_combined/install/classifier' for CMake module files
[0.429s] Level 1:colcon.colcon_core.environment:checking '/home/blake/M-LADIS-Jerry/ws_sensor_combined/install/classifier' for CMake config files
[0.429s] Level 1:colcon.colcon_core.shell:create_environment_hook('classifier', 'cmake_prefix_path')
[0.429s] INFO:colcon.colcon_core.shell:Creating environment hook '/home/blake/M-LADIS-Jerry/ws_sensor_combined/install/classifier/share/classifier/hook/cmake_prefix_path.ps1'
[0.430s] INFO:colcon.colcon_core.shell:Creating environment descriptor '/home/blake/M-LADIS-Jerry/ws_sensor_combined/install/classifier/share/classifier/hook/cmake_prefix_path.dsv'
[0.430s] INFO:colcon.colcon_core.shell:Creating environment hook '/home/blake/M-LADIS-Jerry/ws_sensor_combined/install/classifier/share/classifier/hook/cmake_prefix_path.sh'
[0.431s] Level 1:colcon.colcon_core.environment:checking '/home/blake/M-LADIS-Jerry/ws_sensor_combined/install/classifier/lib'
[0.431s] Level 1:colcon.colcon_core.environment:checking '/home/blake/M-LADIS-Jerry/ws_sensor_combined/install/classifier/bin'
[0.431s] Level 1:colcon.colcon_core.environment:checking '/home/blake/M-LADIS-Jerry/ws_sensor_combined/install/classifier/lib/pkgconfig/classifier.pc'
[0.431s] Level 1:colcon.colcon_core.environment:checking '/home/blake/M-LADIS-Jerry/ws_sensor_combined/install/classifier/lib/python3.10/site-packages'
[0.432s] Level 1:colcon.colcon_core.environment:checking '/home/blake/M-LADIS-Jerry/ws_sensor_combined/install/classifier/bin'
[0.432s] INFO:colcon.colcon_core.shell:Creating package script '/home/blake/M-LADIS-Jerry/ws_sensor_combined/install/classifier/share/classifier/package.ps1'
[0.432s] INFO:colcon.colcon_core.shell:Creating package descriptor '/home/blake/M-LADIS-Jerry/ws_sensor_combined/install/classifier/share/classifier/package.dsv'
[0.433s] INFO:colcon.colcon_core.shell:Creating package script '/home/blake/M-LADIS-Jerry/ws_sensor_combined/install/classifier/share/classifier/package.sh'
[0.433s] INFO:colcon.colcon_core.shell:Creating package script '/home/blake/M-LADIS-Jerry/ws_sensor_combined/install/classifier/share/classifier/package.bash'
[0.434s] INFO:colcon.colcon_core.shell:Creating package script '/home/blake/M-LADIS-Jerry/ws_sensor_combined/install/classifier/share/classifier/package.zsh'
[0.435s] Level 1:colcon.colcon_core.environment:create_file_with_runtime_dependencies(/home/blake/M-LADIS-Jerry/ws_sensor_combined/install/classifier/share/colcon-core/packages/classifier)
[0.436s] Level 1:colcon.colcon_core.environment:create_environment_scripts_only(localization)
[0.436s] Level 1:colcon.colcon_core.environment:checking '/home/blake/M-LADIS-Jerry/ws_sensor_combined/install/localization' for CMake module files
[0.437s] DEBUG:colcon.colcon_core.event_handler.log_command:Invoked command in '/home/blake/M-LADIS-Jerry/ws_sensor_combined/build/localization' returned '0': CMAKE_PREFIX_PATH=${CMAKE_PREFIX_PATH}:/opt/ros/humble /usr/bin/cmake --install /home/blake/M-LADIS-Jerry/ws_sensor_combined/build/localization
[0.437s] Level 1:colcon.colcon_core.environment:checking '/home/blake/M-LADIS-Jerry/ws_sensor_combined/install/localization' for CMake config files
[0.437s] Level 1:colcon.colcon_core.shell:create_environment_hook('localization', 'cmake_prefix_path')
[0.437s] INFO:colcon.colcon_core.shell:Creating environment hook '/home/blake/M-LADIS-Jerry/ws_sensor_combined/install/localization/share/localization/hook/cmake_prefix_path.ps1'
[0.438s] INFO:colcon.colcon_core.shell:Creating environment descriptor '/home/blake/M-LADIS-Jerry/ws_sensor_combined/install/localization/share/localization/hook/cmake_prefix_path.dsv'
[0.438s] INFO:colcon.colcon_core.shell:Creating environment hook '/home/blake/M-LADIS-Jerry/ws_sensor_combined/install/localization/share/localization/hook/cmake_prefix_path.sh'
[0.438s] Level 1:colcon.colcon_core.environment:checking '/home/blake/M-LADIS-Jerry/ws_sensor_combined/install/localization/lib'
[0.439s] Level 1:colcon.colcon_core.environment:checking '/home/blake/M-LADIS-Jerry/ws_sensor_combined/install/localization/bin'
[0.439s] Level 1:colcon.colcon_core.environment:checking '/home/blake/M-LADIS-Jerry/ws_sensor_combined/install/localization/lib/pkgconfig/localization.pc'
[0.439s] Level 1:colcon.colcon_core.environment:checking '/home/blake/M-LADIS-Jerry/ws_sensor_combined/install/localization/lib/python3.10/site-packages'
[0.439s] Level 1:colcon.colcon_core.environment:checking '/home/blake/M-LADIS-Jerry/ws_sensor_combined/install/localization/bin'
[0.439s] INFO:colcon.colcon_core.shell:Creating package script '/home/blake/M-LADIS-Jerry/ws_sensor_combined/install/localization/share/localization/package.ps1'
[0.439s] INFO:colcon.colcon_core.shell:Creating package descriptor '/home/blake/M-LADIS-Jerry/ws_sensor_combined/install/localization/share/localization/package.dsv'
[0.440s] INFO:colcon.colcon_core.shell:Creating package script '/home/blake/M-LADIS-Jerry/ws_sensor_combined/install/localization/share/localization/package.sh'
[0.440s] INFO:colcon.colcon_core.shell:Creating package script '/home/blake/M-LADIS-Jerry/ws_sensor_combined/install/localization/share/localization/package.bash'
[0.440s] INFO:colcon.colcon_core.shell:Creating package script '/home/blake/M-LADIS-Jerry/ws_sensor_combined/install/localization/share/localization/package.zsh'
[0.441s] Level 1:colcon.colcon_core.environment:create_file_with_runtime_dependencies(/home/blake/M-LADIS-Jerry/ws_sensor_combined/install/localization/share/colcon-core/packages/localization)
[0.444s] DEBUG:colcon.colcon_core.event_handler.log_command:Invoking command in '/home/blake/M-LADIS-Jerry/ws_sensor_combined/build/nearest_poster_yaw': CMAKE_PREFIX_PATH=${CMAKE_PREFIX_PATH}:/opt/ros/humble /usr/bin/cmake --install /home/blake/M-LADIS-Jerry/ws_sensor_combined/build/nearest_poster_yaw
[0.454s] Level 1:colcon.colcon_core.environment:create_environment_scripts_only(nearest_poster_yaw)
[0.454s] Level 1:colcon.colcon_core.environment:checking '/home/blake/M-LADIS-Jerry/ws_sensor_combined/install/nearest_poster_yaw' for CMake module files
[0.455s] DEBUG:colcon.colcon_core.event_handler.log_command:Invoked command in '/home/blake/M-LADIS-Jerry/ws_sensor_combined/build/nearest_poster_yaw' returned '0': CMAKE_PREFIX_PATH=${CMAKE_PREFIX_PATH}:/opt/ros/humble /usr/bin/cmake --install /home/blake/M-LADIS-Jerry/ws_sensor_combined/build/nearest_poster_yaw
[0.455s] Level 1:colcon.colcon_core.environment:checking '/home/blake/M-LADIS-Jerry/ws_sensor_combined/install/nearest_poster_yaw' for CMake config files
[0.456s] Level 1:colcon.colcon_core.shell:create_environment_hook('nearest_poster_yaw', 'cmake_prefix_path')
[0.456s] INFO:colcon.colcon_core.shell:Creating environment hook '/home/blake/M-LADIS-Jerry/ws_sensor_combined/install/nearest_poster_yaw/share/nearest_poster_yaw/hook/cmake_prefix_path.ps1'
[0.456s] INFO:colcon.colcon_core.shell:Creating environment descriptor '/home/blake/M-LADIS-Jerry/ws_sensor_combined/install/nearest_poster_yaw/share/nearest_poster_yaw/hook/cmake_prefix_path.dsv'
[0.457s] INFO:colcon.colcon_core.shell:Creating environment hook '/home/blake/M-LADIS-Jerry/ws_sensor_combined/install/nearest_poster_yaw/share/nearest_poster_yaw/hook/cmake_prefix_path.sh'
[0.458s] Level 1:colcon.colcon_core.environment:checking '/home/blake/M-LADIS-Jerry/ws_sensor_combined/install/nearest_poster_yaw/lib'
[0.458s] Level 1:colcon.colcon_core.environment:checking '/home/blake/M-LADIS-Jerry/ws_sensor_combined/install/nearest_poster_yaw/bin'
[0.458s] Level 1:colcon.colcon_core.environment:checking '/home/blake/M-LADIS-Jerry/ws_sensor_combined/install/nearest_poster_yaw/lib/pkgconfig/nearest_poster_yaw.pc'
[0.458s] Level 1:colcon.colcon_core.environment:checking '/home/blake/M-LADIS-Jerry/ws_sensor_combined/install/nearest_poster_yaw/lib/python3.10/site-packages'
[0.458s] Level 1:colcon.colcon_core.environment:checking '/home/blake/M-LADIS-Jerry/ws_sensor_combined/install/nearest_poster_yaw/bin'
[0.459s] INFO:colcon.colcon_core.shell:Creating package script '/home/blake/M-LADIS-Jerry/ws_sensor_combined/install/nearest_poster_yaw/share/nearest_poster_yaw/package.ps1'
[0.459s] INFO:colcon.colcon_core.shell:Creating package descriptor '/home/blake/M-LADIS-Jerry/ws_sensor_combined/install/nearest_poster_yaw/share/nearest_poster_yaw/package.dsv'
[0.460s] INFO:colcon.colcon_core.shell:Creating package script '/home/blake/M-LADIS-Jerry/ws_sensor_combined/install/nearest_poster_yaw/share/nearest_poster_yaw/package.sh'
[0.460s] INFO:colcon.colcon_core.shell:Creating package script '/home/blake/M-LADIS-Jerry/ws_sensor_combined/install/nearest_poster_yaw/share/nearest_poster_yaw/package.bash'
[0.461s] INFO:colcon.colcon_core.shell:Creating package script '/home/blake/M-LADIS-Jerry/ws_sensor_combined/install/nearest_poster_yaw/share/nearest_poster_yaw/package.zsh'
[0.461s] Level 1:colcon.colcon_core.environment:create_file_with_runtime_dependencies(/home/blake/M-LADIS-Jerry/ws_sensor_combined/install/nearest_poster_yaw/share/colcon-core/packages/nearest_poster_yaw)
[0.462s] Level 1:colcon.colcon_core.environment:create_environment_scripts_only(localization)
[0.462s] Level 1:colcon.colcon_core.environment:checking '/home/blake/M-LADIS-Jerry/ws_sensor_combined/install/localization' for CMake module files
[0.463s] Level 1:colcon.colcon_core.environment:checking '/home/blake/M-LADIS-Jerry/ws_sensor_combined/install/localization' for CMake config files
[0.463s] Level 1:colcon.colcon_core.shell:create_environment_hook('localization', 'cmake_prefix_path')
[0.463s] INFO:colcon.colcon_core.shell:Creating environment hook '/home/blake/M-LADIS-Jerry/ws_sensor_combined/install/localization/share/localization/hook/cmake_prefix_path.ps1'
[0.464s] INFO:colcon.colcon_core.shell:Creating environment descriptor '/home/blake/M-LADIS-Jerry/ws_sensor_combined/install/localization/share/localization/hook/cmake_prefix_path.dsv'
[0.464s] INFO:colcon.colcon_core.shell:Creating environment hook '/home/blake/M-LADIS-Jerry/ws_sensor_combined/install/localization/share/localization/hook/cmake_prefix_path.sh'
[0.464s] Level 1:colcon.colcon_core.environment:checking '/home/blake/M-LADIS-Jerry/ws_sensor_combined/install/localization/lib'
[0.465s] Level 1:colcon.colcon_core.environment:checking '/home/blake/M-LADIS-Jerry/ws_sensor_combined/install/localization/bin'
[0.465s] Level 1:colcon.colcon_core.environment:checking '/home/blake/M-LADIS-Jerry/ws_sensor_combined/install/localization/lib/pkgconfig/localization.pc'
[0.465s] Level 1:colcon.colcon_core.environment:checking '/home/blake/M-LADIS-Jerry/ws_sensor_combined/install/localization/lib/python3.10/site-packages'
[0.465s] Level 1:colcon.colcon_core.environment:checking '/home/blake/M-LADIS-Jerry/ws_sensor_combined/install/localization/bin'
[0.465s] INFO:colcon.colcon_core.shell:Creating package script '/home/blake/M-LADIS-Jerry/ws_sensor_combined/install/localization/share/localization/package.ps1'
[0.466s] INFO:colcon.colcon_core.shell:Creating package descriptor '/home/blake/M-LADIS-Jerry/ws_sensor_combined/install/localization/share/localization/package.dsv'
[0.466s] INFO:colcon.colcon_core.shell:Creating package script '/home/blake/M-LADIS-Jerry/ws_sensor_combined/install/localization/share/localization/package.sh'
[0.467s] INFO:colcon.colcon_core.shell:Creating package script '/home/blake/M-LADIS-Jerry/ws_sensor_combined/install/localization/share/localization/package.bash'
[0.467s] INFO:colcon.colcon_core.shell:Creating package script '/home/blake/M-LADIS-Jerry/ws_sensor_combined/install/localization/share/localization/package.zsh'
[0.467s] Level 1:colcon.colcon_core.environment:create_file_with_runtime_dependencies(/home/blake/M-LADIS-Jerry/ws_sensor_combined/install/localization/share/colcon-core/packages/localization)
[0.468s] Level 1:colcon.colcon_core.environment:create_environment_scripts_only(classifier)
[0.468s] Level 1:colcon.colcon_core.environment:checking '/home/blake/M-LADIS-Jerry/ws_sensor_combined/install/classifier' for CMake module files
[0.469s] Level 1:colcon.colcon_core.environment:checking '/home/blake/M-LADIS-Jerry/ws_sensor_combined/install/classifier' for CMake config files
[0.469s] Level 1:colcon.colcon_core.shell:create_environment_hook('classifier', 'cmake_prefix_path')
[0.470s] INFO:colcon.colcon_core.shell:Creating environment hook '/home/blake/M-LADIS-Jerry/ws_sensor_combined/install/classifier/share/classifier/hook/cmake_prefix_path.ps1'
[0.470s] INFO:colcon.colcon_core.shell:Creating environment descriptor '/home/blake/M-LADIS-Jerry/ws_sensor_combined/install/classifier/share/classifier/hook/cmake_prefix_path.dsv'
[0.470s] INFO:colcon.colcon_core.shell:Creating environment hook '/home/blake/M-LADIS-Jerry/ws_sensor_combined/install/classifier/share/classifier/hook/cmake_prefix_path.sh'
[0.471s] Level 1:colcon.colcon_core.environment:checking '/home/blake/M-LADIS-Jerry/ws_sensor_combined/install/classifier/lib'
[0.471s] Level 1:colcon.colcon_core.environment:checking '/home/blake/M-LADIS-Jerry/ws_sensor_combined/install/classifier/bin'
[0.471s] Level 1:colcon.colcon_core.environment:checking '/home/blake/M-LADIS-Jerry/ws_sensor_combined/install/classifier/lib/pkgconfig/classifier.pc'
[0.471s] Level 1:colcon.colcon_core.environment:checking '/home/blake/M-LADIS-Jerry/ws_sensor_combined/install/classifier/lib/python3.10/site-packages'
[0.471s] Level 1:colcon.colcon_core.environment:checking '/home/blake/M-LADIS-Jerry/ws_sensor_combined/install/classifier/bin'
[0.472s] INFO:colcon.colcon_core.shell:Creating package script '/home/blake/M-LADIS-Jerry/ws_sensor_combined/install/classifier/share/classifier/package.ps1'
[0.472s] INFO:colcon.colcon_core.shell:Creating package descriptor '/home/blake/M-LADIS-Jerry/ws_sensor_combined/install/classifier/share/classifier/package.dsv'
[0.472s] INFO:colcon.colcon_core.shell:Creating package script '/home/blake/M-LADIS-Jerry/ws_sensor_combined/install/classifier/share/classifier/package.sh'
[0.473s] INFO:colcon.colcon_core.shell:Creating package script '/home/blake/M-LADIS-Jerry/ws_sensor_combined/install/classifier/share/classifier/package.bash'
[0.473s] INFO:colcon.colcon_core.shell:Creating package script '/home/blake/M-LADIS-Jerry/ws_sensor_combined/install/classifier/share/classifier/package.zsh'
[0.474s] Level 1:colcon.colcon_core.environment:create_file_with_runtime_dependencies(/home/blake/M-LADIS-Jerry/ws_sensor_combined/install/classifier/share/colcon-core/packages/classifier)
[0.479s] Level 1:colcon.colcon_core.environment:create_environment_scripts_only(nearest_poster_yaw)
[0.480s] Level 1:colcon.colcon_core.environment:checking '/home/blake/M-LADIS-Jerry/ws_sensor_combined/install/nearest_poster_yaw' for CMake module files
[0.480s] Level 1:colcon.colcon_core.environment:checking '/home/blake/M-LADIS-Jerry/ws_sensor_combined/install/nearest_poster_yaw' for CMake config files
[0.481s] Level 1:colcon.colcon_core.shell:create_environment_hook('nearest_poster_yaw', 'cmake_prefix_path')
[0.481s] INFO:colcon.colcon_core.shell:Creating environment hook '/home/blake/M-LADIS-Jerry/ws_sensor_combined/install/nearest_poster_yaw/share/nearest_poster_yaw/hook/cmake_prefix_path.ps1'
[0.481s] INFO:colcon.colcon_core.shell:Creating environment descriptor '/home/blake/M-LADIS-Jerry/ws_sensor_combined/install/nearest_poster_yaw/share/nearest_poster_yaw/hook/cmake_prefix_path.dsv'
[0.482s] INFO:colcon.colcon_core.shell:Creating environment hook '/home/blake/M-LADIS-Jerry/ws_sensor_combined/install/nearest_poster_yaw/share/nearest_poster_yaw/hook/cmake_prefix_path.sh'
[0.482s] Level 1:colcon.colcon_core.environment:checking '/home/blake/M-LADIS-Jerry/ws_sensor_combined/install/nearest_poster_yaw/lib'
[0.483s] Level 1:colcon.colcon_core.environment:checking '/home/blake/M-LADIS-Jerry/ws_sensor_combined/install/nearest_poster_yaw/bin'
[0.483s] Level 1:colcon.colcon_core.environment:checking '/home/blake/M-LADIS-Jerry/ws_sensor_combined/install/nearest_poster_yaw/lib/pkgconfig/nearest_poster_yaw.pc'
[0.483s] Level 1:colcon.colcon_core.environment:checking '/home/blake/M-LADIS-Jerry/ws_sensor_combined/install/nearest_poster_yaw/lib/python3.10/site-packages'
[0.483s] Level 1:colcon.colcon_core.environment:checking '/home/blake/M-LADIS-Jerry/ws_sensor_combined/install/nearest_poster_yaw/bin'
[0.483s] INFO:colcon.colcon_core.shell:Creating package script '/home/blake/M-LADIS-Jerry/ws_sensor_combined/install/nearest_poster_yaw/share/nearest_poster_yaw/package.ps1'
[0.484s] INFO:colcon.colcon_core.shell:Creating package descriptor '/home/blake/M-LADIS-Jerry/ws_sensor_combined/install/nearest_poster_yaw/share/nearest_poster_yaw/package.dsv'
[0.484s] INFO:colcon.colcon_core.shell:Creating package script '/home/blake/M-LADIS-Jerry/ws_sensor_combined/install/nearest_poster_yaw/share/nearest_poster_yaw/package.sh'
[0.485s] INFO:colcon.colcon_core.shell:Creating package script '/home/blake/M-LADIS-Jerry/ws_sensor_combined/install/nearest_poster_yaw/share/nearest_poster_yaw/package.bash'
[0.485s] INFO:colcon.colcon_core.shell:Creating package script '/home/blake/M-LADIS-Jerry/ws_sensor_combined/install/nearest_poster_yaw/share/nearest_poster_yaw/package.zsh'
[0.485s] Level 1:colcon.colcon_core.environment:create_file_with_runtime_dependencies(/home/blake/M-LADIS-Jerry/ws_sensor_combined/install/nearest_poster_yaw/share/colcon-core/packages/nearest_poster_yaw)
[1.339s] DEBUG:colcon.colcon_core.event_handler.log_command:Invoked command in '/home/blake/M-LADIS-Jerry/ws_sensor_combined/build/px4_msgs' returned '0': CMAKE_PREFIX_PATH=${CMAKE_PREFIX_PATH}:/opt/ros/humble /usr/bin/cmake --build /home/blake/M-LADIS-Jerry/ws_sensor_combined/build/px4_msgs -- -j12 -l12
[3.909s] DEBUG:colcon.colcon_core.event_handler.log_command:Invoking command in '/home/blake/M-LADIS-Jerry/ws_sensor_combined/build/px4_msgs': CMAKE_PREFIX_PATH=${CMAKE_PREFIX_PATH}:/opt/ros/humble /usr/bin/cmake --install /home/blake/M-LADIS-Jerry/ws_sensor_combined/build/px4_msgs
[4.136s] Level 1:colcon.colcon_core.environment:create_environment_scripts_only(px4_msgs)
[4.136s] Level 1:colcon.colcon_core.environment:checking '/home/blake/M-LADIS-Jerry/ws_sensor_combined/install/px4_msgs' for CMake module files
[4.137s] Level 1:colcon.colcon_core.environment:checking '/home/blake/M-LADIS-Jerry/ws_sensor_combined/install/px4_msgs' for CMake config files
[4.148s] Level 1:colcon.colcon_core.shell:create_environment_hook('px4_msgs', 'cmake_prefix_path')
[4.149s] INFO:colcon.colcon_core.shell:Creating environment hook '/home/blake/M-LADIS-Jerry/ws_sensor_combined/install/px4_msgs/share/px4_msgs/hook/cmake_prefix_path.ps1'
[4.149s] INFO:colcon.colcon_core.shell:Creating environment descriptor '/home/blake/M-LADIS-Jerry/ws_sensor_combined/install/px4_msgs/share/px4_msgs/hook/cmake_prefix_path.dsv'
[4.150s] INFO:colcon.colcon_core.shell:Creating environment hook '/home/blake/M-LADIS-Jerry/ws_sensor_combined/install/px4_msgs/share/px4_msgs/hook/cmake_prefix_path.sh'
[4.150s] Level 1:colcon.colcon_core.environment:checking '/home/blake/M-LADIS-Jerry/ws_sensor_combined/install/px4_msgs/lib'
[4.150s] Level 1:colcon.colcon_core.shell:create_environment_hook('px4_msgs', 'ld_library_path_lib')
[4.150s] INFO:colcon.colcon_core.shell:Creating environment hook '/home/blake/M-LADIS-Jerry/ws_sensor_combined/install/px4_msgs/share/px4_msgs/hook/ld_library_path_lib.ps1'
[4.151s] INFO:colcon.colcon_core.shell:Creating environment descriptor '/home/blake/M-LADIS-Jerry/ws_sensor_combined/install/px4_msgs/share/px4_msgs/hook/ld_library_path_lib.dsv'
[4.151s] INFO:colcon.colcon_core.shell:Creating environment hook '/home/blake/M-LADIS-Jerry/ws_sensor_combined/install/px4_msgs/share/px4_msgs/hook/ld_library_path_lib.sh'
[4.152s] Level 1:colcon.colcon_core.environment:checking '/home/blake/M-LADIS-Jerry/ws_sensor_combined/install/px4_msgs/bin'
[4.152s] Level 1:colcon.colcon_core.environment:checking '/home/blake/M-LADIS-Jerry/ws_sensor_combined/install/px4_msgs/lib/pkgconfig/px4_msgs.pc'
[4.152s] Level 1:colcon.colcon_core.environment:checking '/home/blake/M-LADIS-Jerry/ws_sensor_combined/install/px4_msgs/lib/python3.10/site-packages'
[4.152s] Level 1:colcon.colcon_core.environment:checking '/home/blake/M-LADIS-Jerry/ws_sensor_combined/install/px4_msgs/bin'
[4.152s] INFO:colcon.colcon_core.shell:Creating package script '/home/blake/M-LADIS-Jerry/ws_sensor_combined/install/px4_msgs/share/px4_msgs/package.ps1'
[4.153s] INFO:colcon.colcon_core.shell:Creating package descriptor '/home/blake/M-LADIS-Jerry/ws_sensor_combined/install/px4_msgs/share/px4_msgs/package.dsv'
[4.153s] INFO:colcon.colcon_core.shell:Creating package script '/home/blake/M-LADIS-Jerry/ws_sensor_combined/install/px4_msgs/share/px4_msgs/package.sh'
[4.154s] INFO:colcon.colcon_core.shell:Creating package script '/home/blake/M-LADIS-Jerry/ws_sensor_combined/install/px4_msgs/share/px4_msgs/package.bash'
[4.154s] INFO:colcon.colcon_core.shell:Creating package script '/home/blake/M-LADIS-Jerry/ws_sensor_combined/install/px4_msgs/share/px4_msgs/package.zsh'
[4.155s] Level 1:colcon.colcon_core.environment:create_file_with_runtime_dependencies(/home/blake/M-LADIS-Jerry/ws_sensor_combined/install/px4_msgs/share/colcon-core/packages/px4_msgs)
[4.188s] DEBUG:colcon.colcon_core.event_handler.log_command:Invoked command in '/home/blake/M-LADIS-Jerry/ws_sensor_combined/build/px4_msgs' returned '0': CMAKE_PREFIX_PATH=${CMAKE_PREFIX_PATH}:/opt/ros/humble /usr/bin/cmake --install /home/blake/M-LADIS-Jerry/ws_sensor_combined/build/px4_msgs
[6.663s] Level 1:colcon.colcon_core.environment:create_environment_scripts_only(px4_msgs)
[6.663s] Level 1:colcon.colcon_core.environment:checking '/home/blake/M-LADIS-Jerry/ws_sensor_combined/install/px4_msgs' for CMake module files
[6.663s] Level 1:colcon.colcon_core.environment:checking '/home/blake/M-LADIS-Jerry/ws_sensor_combined/install/px4_msgs' for CMake config files
[6.666s] Level 1:colcon.colcon_core.shell:create_environment_hook('px4_msgs', 'cmake_prefix_path')
[6.666s] INFO:colcon.colcon_core.shell:Creating environment hook '/home/blake/M-LADIS-Jerry/ws_sensor_combined/install/px4_msgs/share/px4_msgs/hook/cmake_prefix_path.ps1'
[6.667s] INFO:colcon.colcon_core.shell:Creating environment descriptor '/home/blake/M-LADIS-Jerry/ws_sensor_combined/install/px4_msgs/share/px4_msgs/hook/cmake_prefix_path.dsv'
[6.667s] INFO:colcon.colcon_core.shell:Creating environment hook '/home/blake/M-LADIS-Jerry/ws_sensor_combined/install/px4_msgs/share/px4_msgs/hook/cmake_prefix_path.sh'
[6.667s] Level 1:colcon.colcon_core.environment:checking '/home/blake/M-LADIS-Jerry/ws_sensor_combined/install/px4_msgs/lib'
[6.667s] Level 1:colcon.colcon_core.shell:create_environment_hook('px4_msgs', 'ld_library_path_lib')
[6.667s] INFO:colcon.colcon_core.shell:Creating environment hook '/home/blake/M-LADIS-Jerry/ws_sensor_combined/install/px4_msgs/share/px4_msgs/hook/ld_library_path_lib.ps1'
[6.668s] INFO:colcon.colcon_core.shell:Creating environment descriptor '/home/blake/M-LADIS-Jerry/ws_sensor_combined/install/px4_msgs/share/px4_msgs/hook/ld_library_path_lib.dsv'
[6.668s] INFO:colcon.colcon_core.shell:Creating environment hook '/home/blake/M-LADIS-Jerry/ws_sensor_combined/install/px4_msgs/share/px4_msgs/hook/ld_library_path_lib.sh'
[6.668s] Level 1:colcon.colcon_core.environment:checking '/home/blake/M-LADIS-Jerry/ws_sensor_combined/install/px4_msgs/bin'
[6.668s] Level 1:colcon.colcon_core.environment:checking '/home/blake/M-LADIS-Jerry/ws_sensor_combined/install/px4_msgs/lib/pkgconfig/px4_msgs.pc'
[6.668s] Level 1:colcon.colcon_core.environment:checking '/home/blake/M-LADIS-Jerry/ws_sensor_combined/install/px4_msgs/lib/python3.10/site-packages'
[6.669s] Level 1:colcon.colcon_core.environment:checking '/home/blake/M-LADIS-Jerry/ws_sensor_combined/install/px4_msgs/bin'
[6.669s] INFO:colcon.colcon_core.shell:Creating package script '/home/blake/M-LADIS-Jerry/ws_sensor_combined/install/px4_msgs/share/px4_msgs/package.ps1'
[6.669s] INFO:colcon.colcon_core.shell:Creating package descriptor '/home/blake/M-LADIS-Jerry/ws_sensor_combined/install/px4_msgs/share/px4_msgs/package.dsv'
[6.669s] INFO:colcon.colcon_core.shell:Creating package script '/home/blake/M-LADIS-Jerry/ws_sensor_combined/install/px4_msgs/share/px4_msgs/package.sh'
[6.670s] INFO:colcon.colcon_core.shell:Creating package script '/home/blake/M-LADIS-Jerry/ws_sensor_combined/install/px4_msgs/share/px4_msgs/package.bash'
[6.670s] INFO:colcon.colcon_core.shell:Creating package script '/home/blake/M-LADIS-Jerry/ws_sensor_combined/install/px4_msgs/share/px4_msgs/package.zsh'
[6.670s] Level 1:colcon.colcon_core.environment:create_file_with_runtime_dependencies(/home/blake/M-LADIS-Jerry/ws_sensor_combined/install/px4_msgs/share/colcon-core/packages/px4_msgs)
[6.671s] INFO:colcon.colcon_ros.task.ament_cmake.build:Building ROS package in '/home/blake/M-LADIS-Jerry/ws_sensor_combined/src/px4_ros_com' with build type 'ament_cmake'
[6.671s] INFO:colcon.colcon_cmake.task.cmake.build:Building CMake package in '/home/blake/M-LADIS-Jerry/ws_sensor_combined/src/px4_ros_com'
[6.671s] INFO:colcon.colcon_core.shell:Skip shell extension 'powershell' for command environment: Not usable outside of PowerShell
[6.671s] DEBUG:colcon.colcon_core.shell:Skip shell extension 'dsv' for command environment
[6.678s] DEBUG:colcon.colcon_core.event_handler.log_command:Invoking command in '/home/blake/M-LADIS-Jerry/ws_sensor_combined/build/px4_ros_com': CMAKE_PREFIX_PATH=/home/blake/M-LADIS-Jerry/ws_sensor_combined/install/px4_msgs:/home/blake/M-LADIS-Jerry/ws_sensor_combined/install/px4_ros_com:/home/blake/M-LADIS-Jerry/ws_sensor_combined/install/nearest_poster_yaw:/home/blake/M-LADIS-Jerry/ws_sensor_combined/install/localization:/home/blake/M-LADIS-Jerry/ws_sensor_combined/install/classifier:/opt/ros/humble /usr/bin/cmake --build /home/blake/M-LADIS-Jerry/ws_sensor_combined/build/px4_ros_com -- -j12 -l12
[18.539s] DEBUG:colcon.colcon_core.event_handler.log_command:Invoked command in '/home/blake/M-LADIS-Jerry/ws_sensor_combined/build/px4_ros_com' returned '0': CMAKE_PREFIX_PATH=/home/blake/M-LADIS-Jerry/ws_sensor_combined/install/px4_msgs:/home/blake/M-LADIS-Jerry/ws_sensor_combined/install/px4_ros_com:/home/blake/M-LADIS-Jerry/ws_sensor_combined/install/nearest_poster_yaw:/home/blake/M-LADIS-Jerry/ws_sensor_combined/install/localization:/home/blake/M-LADIS-Jerry/ws_sensor_combined/install/classifier:/opt/ros/humble /usr/bin/cmake --build /home/blake/M-LADIS-Jerry/ws_sensor_combined/build/px4_ros_com -- -j12 -l12
[18.566s] DEBUG:colcon.colcon_core.event_handler.log_command:Invoking command in '/home/blake/M-LADIS-Jerry/ws_sensor_combined/build/px4_ros_com': CMAKE_PREFIX_PATH=/home/blake/M-LADIS-Jerry/ws_sensor_combined/install/px4_msgs:/home/blake/M-LADIS-Jerry/ws_sensor_combined/install/px4_ros_com:/home/blake/M-LADIS-Jerry/ws_sensor_combined/install/nearest_poster_yaw:/home/blake/M-LADIS-Jerry/ws_sensor_combined/install/localization:/home/blake/M-LADIS-Jerry/ws_sensor_combined/install/classifier:/opt/ros/humble /usr/bin/cmake --install /home/blake/M-LADIS-Jerry/ws_sensor_combined/build/px4_ros_com
[18.578s] Level 1:colcon.colcon_core.environment:create_environment_scripts_only(px4_ros_com)
[18.578s] Level 1:colcon.colcon_core.environment:checking '/home/blake/M-LADIS-Jerry/ws_sensor_combined/install/px4_ros_com' for CMake module files
[18.579s] DEBUG:colcon.colcon_core.event_handler.log_command:Invoked command in '/home/blake/M-LADIS-Jerry/ws_sensor_combined/build/px4_ros_com' returned '0': CMAKE_PREFIX_PATH=/home/blake/M-LADIS-Jerry/ws_sensor_combined/install/px4_msgs:/home/blake/M-LADIS-Jerry/ws_sensor_combined/install/px4_ros_com:/home/blake/M-LADIS-Jerry/ws_sensor_combined/install/nearest_poster_yaw:/home/blake/M-LADIS-Jerry/ws_sensor_combined/install/localization:/home/blake/M-LADIS-Jerry/ws_sensor_combined/install/classifier:/opt/ros/humble /usr/bin/cmake --install /home/blake/M-LADIS-Jerry/ws_sensor_combined/build/px4_ros_com
[18.579s] Level 1:colcon.colcon_core.environment:checking '/home/blake/M-LADIS-Jerry/ws_sensor_combined/install/px4_ros_com' for CMake config files
[18.579s] Level 1:colcon.colcon_core.shell:create_environment_hook('px4_ros_com', 'cmake_prefix_path')
[18.580s] INFO:colcon.colcon_core.shell:Creating environment hook '/home/blake/M-LADIS-Jerry/ws_sensor_combined/install/px4_ros_com/share/px4_ros_com/hook/cmake_prefix_path.ps1'
[18.580s] INFO:colcon.colcon_core.shell:Creating environment descriptor '/home/blake/M-LADIS-Jerry/ws_sensor_combined/install/px4_ros_com/share/px4_ros_com/hook/cmake_prefix_path.dsv'
[18.580s] INFO:colcon.colcon_core.shell:Creating environment hook '/home/blake/M-LADIS-Jerry/ws_sensor_combined/install/px4_ros_com/share/px4_ros_com/hook/cmake_prefix_path.sh'
[18.581s] Level 1:colcon.colcon_core.environment:checking '/home/blake/M-LADIS-Jerry/ws_sensor_combined/install/px4_ros_com/lib'
[18.581s] Level 1:colcon.colcon_core.environment:checking '/home/blake/M-LADIS-Jerry/ws_sensor_combined/install/px4_ros_com/bin'
[18.581s] Level 1:colcon.colcon_core.environment:checking '/home/blake/M-LADIS-Jerry/ws_sensor_combined/install/px4_ros_com/lib/pkgconfig/px4_ros_com.pc'
[18.581s] Level 1:colcon.colcon_core.environment:checking '/home/blake/M-LADIS-Jerry/ws_sensor_combined/install/px4_ros_com/lib/python3.10/site-packages'
[18.581s] Level 1:colcon.colcon_core.environment:checking '/home/blake/M-LADIS-Jerry/ws_sensor_combined/install/px4_ros_com/bin'
[18.581s] INFO:colcon.colcon_core.shell:Creating package script '/home/blake/M-LADIS-Jerry/ws_sensor_combined/install/px4_ros_com/share/px4_ros_com/package.ps1'
[18.582s] INFO:colcon.colcon_core.shell:Creating package descriptor '/home/blake/M-LADIS-Jerry/ws_sensor_combined/install/px4_ros_com/share/px4_ros_com/package.dsv'
[18.582s] INFO:colcon.colcon_core.shell:Creating package script '/home/blake/M-LADIS-Jerry/ws_sensor_combined/install/px4_ros_com/share/px4_ros_com/package.sh'
[18.582s] INFO:colcon.colcon_core.shell:Creating package script '/home/blake/M-LADIS-Jerry/ws_sensor_combined/install/px4_ros_com/share/px4_ros_com/package.bash'
[18.582s] INFO:colcon.colcon_core.shell:Creating package script '/home/blake/M-LADIS-Jerry/ws_sensor_combined/install/px4_ros_com/share/px4_ros_com/package.zsh'
[18.583s] Level 1:colcon.colcon_core.environment:create_file_with_runtime_dependencies(/home/blake/M-LADIS-Jerry/ws_sensor_combined/install/px4_ros_com/share/colcon-core/packages/px4_ros_com)
[18.608s] Level 1:colcon.colcon_core.environment:create_environment_scripts_only(px4_ros_com)
[18.608s] Level 1:colcon.colcon_core.environment:checking '/home/blake/M-LADIS-Jerry/ws_sensor_combined/install/px4_ros_com' for CMake module files
[18.609s] Level 1:colcon.colcon_core.environment:checking '/home/blake/M-LADIS-Jerry/ws_sensor_combined/install/px4_ros_com' for CMake config files
[18.609s] Level 1:colcon.colcon_core.shell:create_environment_hook('px4_ros_com', 'cmake_prefix_path')
[18.609s] INFO:colcon.colcon_core.shell:Creating environment hook '/home/blake/M-LADIS-Jerry/ws_sensor_combined/install/px4_ros_com/share/px4_ros_com/hook/cmake_prefix_path.ps1'
[18.610s] INFO:colcon.colcon_core.shell:Creating environment descriptor '/home/blake/M-LADIS-Jerry/ws_sensor_combined/install/px4_ros_com/share/px4_ros_com/hook/cmake_prefix_path.dsv'
[18.610s] INFO:colcon.colcon_core.shell:Creating environment hook '/home/blake/M-LADIS-Jerry/ws_sensor_combined/install/px4_ros_com/share/px4_ros_com/hook/cmake_prefix_path.sh'
[18.611s] Level 1:colcon.colcon_core.environment:checking '/home/blake/M-LADIS-Jerry/ws_sensor_combined/install/px4_ros_com/lib'
[18.611s] Level 1:colcon.colcon_core.environment:checking '/home/blake/M-LADIS-Jerry/ws_sensor_combined/install/px4_ros_com/bin'
[18.611s] Level 1:colcon.colcon_core.environment:checking '/home/blake/M-LADIS-Jerry/ws_sensor_combined/install/px4_ros_com/lib/pkgconfig/px4_ros_com.pc'
[18.611s] Level 1:colcon.colcon_core.environment:checking '/home/blake/M-LADIS-Jerry/ws_sensor_combined/install/px4_ros_com/lib/python3.10/site-packages'
[18.611s] Level 1:colcon.colcon_core.environment:checking '/home/blake/M-LADIS-Jerry/ws_sensor_combined/install/px4_ros_com/bin'
[18.612s] INFO:colcon.colcon_core.shell:Creating package script '/home/blake/M-LADIS-Jerry/ws_sensor_combined/install/px4_ros_com/share/px4_ros_com/package.ps1'
[18.612s] INFO:colcon.colcon_core.shell:Creating package descriptor '/home/blake/M-LADIS-Jerry/ws_sensor_combined/install/px4_ros_com/share/px4_ros_com/package.dsv'
[18.613s] INFO:colcon.colcon_core.shell:Creating package script '/home/blake/M-LADIS-Jerry/ws_sensor_combined/install/px4_ros_com/share/px4_ros_com/package.sh'
[18.613s] INFO:colcon.colcon_core.shell:Creating package script '/home/blake/M-LADIS-Jerry/ws_sensor_combined/install/px4_ros_com/share/px4_ros_com/package.bash'
[18.614s] INFO:colcon.colcon_core.shell:Creating package script '/home/blake/M-LADIS-Jerry/ws_sensor_combined/install/px4_ros_com/share/px4_ros_com/package.zsh'
[18.614s] Level 1:colcon.colcon_core.environment:create_file_with_runtime_dependencies(/home/blake/M-LADIS-Jerry/ws_sensor_combined/install/px4_ros_com/share/colcon-core/packages/px4_ros_com)
[18.614s] DEBUG:colcon.colcon_parallel_executor.executor.parallel:closing loop
[18.614s] DEBUG:colcon.colcon_parallel_executor.executor.parallel:loop closed
[18.615s] DEBUG:colcon.colcon_parallel_executor.executor.parallel:run_until_complete finished with '0'
[18.615s] DEBUG:colcon.colcon_core.event_reactor:joining thread
[18.619s] INFO:colcon.colcon_core.plugin_system:Skipping extension 'colcon_notification.desktop_notification.terminal_notifier': Not used on non-Darwin systems
[18.619s] INFO:colcon.colcon_core.plugin_system:Skipping extension 'colcon_notification.desktop_notification.win32': Not used on non-Windows systems
[18.619s] INFO:colcon.colcon_notification.desktop_notification:Sending desktop notification using 'notify2'
[18.627s] DEBUG:colcon.colcon_core.event_reactor:joined thread
[18.628s] INFO:colcon.colcon_core.shell:Creating prefix script '/home/blake/M-LADIS-Jerry/ws_sensor_combined/install/local_setup.ps1'
[18.628s] INFO:colcon.colcon_core.shell:Creating prefix util module '/home/blake/M-LADIS-Jerry/ws_sensor_combined/install/_local_setup_util_ps1.py'
[18.629s] INFO:colcon.colcon_core.shell:Creating prefix chain script '/home/blake/M-LADIS-Jerry/ws_sensor_combined/install/setup.ps1'
[18.630s] INFO:colcon.colcon_core.shell:Creating prefix script '/home/blake/M-LADIS-Jerry/ws_sensor_combined/install/local_setup.sh'
[18.631s] INFO:colcon.colcon_core.shell:Creating prefix util module '/home/blake/M-LADIS-Jerry/ws_sensor_combined/install/_local_setup_util_sh.py'
[18.631s] INFO:colcon.colcon_core.shell:Creating prefix chain script '/home/blake/M-LADIS-Jerry/ws_sensor_combined/install/setup.sh'
[18.632s] INFO:colcon.colcon_core.shell:Creating prefix script '/home/blake/M-LADIS-Jerry/ws_sensor_combined/install/local_setup.bash'
[18.632s] INFO:colcon.colcon_core.shell:Creating prefix chain script '/home/blake/M-LADIS-Jerry/ws_sensor_combined/install/setup.bash'
[18.633s] INFO:colcon.colcon_core.shell:Creating prefix script '/home/blake/M-LADIS-Jerry/ws_sensor_combined/install/local_setup.zsh'
[18.634s] INFO:colcon.colcon_core.shell:Creating prefix chain script '/home/blake/M-LADIS-Jerry/ws_sensor_combined/install/setup.zsh'
