[0.019s] Invoking command in '/home/robmoemac/M-LADIS-sim/PX4 Aux/ws_sensor_combined/build/velodyne_pointcloud': AMENT_PREFIX_PATH=/home/robmoemac/M-LADIS-sim/PX4 Aux/ws_sensor_combined/install/velodyne_msgs:${AMENT_PREFIX_PATH} CMAKE_PREFIX_PATH=/home/robmoemac/M-LADIS-sim/PX4 Aux/ws_sensor_combined/install/velodyne_msgs:/opt/ros/humble LD_LIBRARY_PATH=/home/robmoemac/M-LADIS-sim/PX4 Aux/ws_sensor_combined/install/velodyne_msgs/lib:${LD_LIBRARY_PATH} PYTHONPATH=/home/robmoemac/M-LADIS-sim/PX4 Aux/ws_sensor_combined/install/velodyne_msgs/local/lib/python3.10/dist-packages:${PYTHONPATH} /usr/bin/cmake /home/robmoemac/M-LADIS-sim/PX4 Aux/ws_sensor_combined/src/velodyne/velodyne_pointcloud -DCMAKE_INSTALL_PREFIX=/home/robmoemac/M-LADIS-sim/PX4 Aux/ws_sensor_combined/install/velodyne_pointcloud
[0.029s] -- Found ament_cmake: 1.3.8 (/opt/ros/humble/share/ament_cmake/cmake)
[0.190s] -- Found angles: 1.15.0 (/opt/ros/humble/share/angles/cmake)
[0.193s] -- Found diagnostic_updater: 3.1.2 (/opt/ros/humble/share/diagnostic_updater/cmake)
[0.265s] -- Found rosidl_generator_c: 3.1.5 (/opt/ros/humble/share/rosidl_generator_c/cmake)
[0.272s] -- Found rosidl_adapter: 3.1.5 (/opt/ros/humble/share/rosidl_adapter/cmake)
[0.284s] -- Found rosidl_generator_cpp: 3.1.5 (/opt/ros/humble/share/rosidl_generator_cpp/cmake)
[0.304s] -- Using all available rosidl_typesupport_c: rosidl_typesupport_fastrtps_c;rosidl_typesupport_introspection_c
[0.332s] -- Using all available rosidl_typesupport_cpp: rosidl_typesupport_fastrtps_cpp;rosidl_typesupport_introspection_cpp
[0.534s] -- Found rmw_implementation_cmake: 6.1.1 (/opt/ros/humble/share/rmw_implementation_cmake/cmake)
[0.537s] -- Found rmw_fastrtps_cpp: 6.2.6 (/opt/ros/humble/share/rmw_fastrtps_cpp/cmake)
[0.621s] -- Found OpenSSL: /usr/lib/x86_64-linux-gnu/libcrypto.so (found version "3.0.2")  
[0.647s] -- Found FastRTPS: /opt/ros/humble/include  
[0.690s] -- Using RMW implementation 'rmw_fastrtps_cpp' as default
[0.700s] -- Looking for pthread.h
[0.770s] -- Looking for pthread.h - found
[0.771s] -- Performing Test CMAKE_HAVE_LIBC_PTHREAD
[0.830s] -- Performing Test CMAKE_HAVE_LIBC_PTHREAD - Success
[0.831s] -- Found Threads: TRUE  
[0.964s] -- Found geometry_msgs: 4.2.3 (/opt/ros/humble/share/geometry_msgs/cmake)
[1.004s] -- Found message_filters: 4.3.3 (/opt/ros/humble/share/message_filters/cmake)
[1.025s] -- Checking for module 'eigen3'
[1.040s] --   Found eigen3, version 3.4.0
[1.075s] -- Found Eigen: /usr/include/eigen3 (Required is at least version "3.1") 
[1.075s] -- Eigen found (include: /usr/include/eigen3, version: 3.4.0)
[1.103s] -- Found Boost: /usr/lib/x86_64-linux-gnu/cmake/Boost-1.74.0/BoostConfig.cmake (found suitable version "1.74.0", minimum required is "1.65.0") found components: system filesystem date_time iostreams serialization 
[1.104s] -- looking for PCL_COMMON
[1.105s] -- Found PCL_COMMON: /usr/lib/x86_64-linux-gnu/libpcl_common.so  
[1.105s] -- Found PCL: pcl_common;Boost::system;Boost::filesystem;Boost::date_time;Boost::iostreams;Boost::serialization  
[1.111s] -- Found rclcpp_components: 16.0.8 (/opt/ros/humble/share/rclcpp_components/cmake)
[1.208s] -- Found sensor_msgs: 4.2.3 (/opt/ros/humble/share/sensor_msgs/cmake)
[1.283s] -- Found tf2: 0.25.6 (/opt/ros/humble/share/tf2/cmake)
[1.291s] -- Found tf2_ros: 0.25.6 (/opt/ros/humble/share/tf2_ros/cmake)
[1.561s] -- Found velodyne_msgs: 2.4.0 (/home/robmoemac/M-LADIS-sim/PX4 Aux/ws_sensor_combined/install/velodyne_msgs/share/velodyne_msgs/cmake)
[1.650s] -- Found PkgConfig: /usr/bin/pkg-config (found version "0.29.2") 
[1.651s] -- Checking for module 'yaml-cpp'
[1.672s] --   Found yaml-cpp, version 0.7.0
[1.726s] -- Found ament_lint_auto: 0.12.10 (/opt/ros/humble/share/ament_lint_auto/cmake)
[1.881s] -- Found gtest sources under '/opt/ros/humble/src/gtest_vendor': C++ tests using 'Google Test' will be built
[1.898s] -- Added test 'copyright' to check source files copyright and LICENSE
[1.902s] -- Added test 'cppcheck' to perform static code analysis on C / C++ code
[1.903s] -- Configured cppcheck include dirs: /home/robmoemac/M-LADIS-sim/PX4 Aux/ws_sensor_combined/src/velodyne/velodyne_pointcloud/include
[1.903s] -- Configured cppcheck exclude dirs and/or files: 
[1.906s] -- Added test 'cpplint' to check C / C++ code against the Google style
[1.906s] -- Configured cpplint exclude dirs and/or files: 
[1.907s] -- Added test 'flake8' to check Python code syntax and style conventions
[1.909s] -- Added test 'lint_cmake' to check CMake code style
[1.910s] -- Added test 'pep257' to check Python code against some of the docstring style conventions in PEP 257
[1.913s] -- Added test 'uncrustify' to check C / C++ code style
[1.914s] -- Configured uncrustify additional arguments: 
[1.915s] -- Configuring done
[1.987s] -- Generating done
[1.994s] -- Build files have been written to: /home/robmoemac/M-LADIS-sim/PX4 Aux/ws_sensor_combined/build/velodyne_pointcloud
[2.010s] Invoked command in '/home/robmoemac/M-LADIS-sim/PX4 Aux/ws_sensor_combined/build/velodyne_pointcloud' returned '0': AMENT_PREFIX_PATH=/home/robmoemac/M-LADIS-sim/PX4 Aux/ws_sensor_combined/install/velodyne_msgs:${AMENT_PREFIX_PATH} CMAKE_PREFIX_PATH=/home/robmoemac/M-LADIS-sim/PX4 Aux/ws_sensor_combined/install/velodyne_msgs:/opt/ros/humble LD_LIBRARY_PATH=/home/robmoemac/M-LADIS-sim/PX4 Aux/ws_sensor_combined/install/velodyne_msgs/lib:${LD_LIBRARY_PATH} PYTHONPATH=/home/robmoemac/M-LADIS-sim/PX4 Aux/ws_sensor_combined/install/velodyne_msgs/local/lib/python3.10/dist-packages:${PYTHONPATH} /usr/bin/cmake /home/robmoemac/M-LADIS-sim/PX4 Aux/ws_sensor_combined/src/velodyne/velodyne_pointcloud -DCMAKE_INSTALL_PREFIX=/home/robmoemac/M-LADIS-sim/PX4 Aux/ws_sensor_combined/install/velodyne_pointcloud
[2.011s] Invoking command in '/home/robmoemac/M-LADIS-sim/PX4 Aux/ws_sensor_combined/build/velodyne_pointcloud': AMENT_PREFIX_PATH=/home/robmoemac/M-LADIS-sim/PX4 Aux/ws_sensor_combined/install/velodyne_msgs:${AMENT_PREFIX_PATH} CMAKE_PREFIX_PATH=/home/robmoemac/M-LADIS-sim/PX4 Aux/ws_sensor_combined/install/velodyne_msgs:/opt/ros/humble LD_LIBRARY_PATH=/home/robmoemac/M-LADIS-sim/PX4 Aux/ws_sensor_combined/install/velodyne_msgs/lib:${LD_LIBRARY_PATH} PYTHONPATH=/home/robmoemac/M-LADIS-sim/PX4 Aux/ws_sensor_combined/install/velodyne_msgs/local/lib/python3.10/dist-packages:${PYTHONPATH} /usr/bin/cmake --build /home/robmoemac/M-LADIS-sim/PX4 Aux/ws_sensor_combined/build/velodyne_pointcloud -- -j8 -l8
[2.065s] [  5%] [32mBuilding CXX object gtest/CMakeFiles/gtest.dir/src/gtest-all.cc.o[0m
[2.067s] [ 16%] [32mBuilding CXX object src/lib/CMakeFiles/velodyne_rawdata.dir/rawdata.cpp.o[0m
[2.067s] [ 16%] [32mBuilding CXX object src/lib/CMakeFiles/velodyne_rawdata.dir/calibration.cpp.o[0m
[2.068s] [ 22%] [32mBuilding CXX object gtest/CMakeFiles/gtest_main.dir/src/gtest_main.cc.o[0m
[2.071s] [ 27%] [32mBuilding CXX object src/lib/CMakeFiles/velodyne_cloud_types.dir/pointcloudXYZIRT.cpp.o[0m
[2.077s] [ 33%] [32mBuilding CXX object src/lib/CMakeFiles/velodyne_cloud_types.dir/organized_cloudXYZIRT.cpp.o[0m
[3.025s] [ 38%] [32m[1mLinking CXX static library libgtest_main.a[0m
[3.104s] [ 38%] Built target gtest_main
[6.958s] [ 44%] [32m[1mLinking CXX static library libgtest.a[0m
[7.080s] [ 44%] Built target gtest
[7.144s] [ 50%] [32mBuilding CXX object tests/CMakeFiles/test_row_step.dir/test_row_step.cpp.o[0m
[8.181s] [01m[K/home/robmoemac/M-LADIS-sim/PX4 Aux/ws_sensor_combined/src/velodyne/velodyne_pointcloud/src/lib/rawdata.cpp:[m[K In member function ‘[01m[Kvoid velodyne_rawdata::RawData::unpack(const VelodynePacket&, velodyne_rawdata::DataContainerBase&, const rclcpp::Time&)[m[K’:
[8.182s] [01m[K/home/robmoemac/M-LADIS-sim/PX4 Aux/ws_sensor_combined/src/velodyne/velodyne_pointcloud/src/lib/rawdata.cpp:309:13:[m[K [01;35m[Kwarning: [m[Kunused variable ‘[01m[Ktime[m[K’ [[01;35m[K]8;;https://gcc.gnu.org/onlinedocs/gcc/Warning-Options.html#index-Wunused-variable-Wunused-variable]8;;[m[K]
[8.184s]   309 |       float [01;35m[Ktime[m[K = 0;
[8.185s]       |             [01;35m[K^~~~[m[K
[10.130s] [ 55%] [32m[1mLinking CXX shared library libvelodyne_rawdata.so[0m
[10.223s] [ 61%] [32m[1mLinking CXX shared library libvelodyne_cloud_types.so[0m
[10.358s] [ 61%] Built target velodyne_rawdata
[10.397s] [ 66%] [32mBuilding CXX object tests/CMakeFiles/test_calibration.dir/test_calibration.cpp.o[0m
[10.413s] [ 66%] Built target velodyne_cloud_types
[10.432s] [ 72%] [32mBuilding CXX object CMakeFiles/transform.dir/src/conversions/transform.cpp.o[0m
[11.879s] [ 77%] [32m[1mLinking CXX executable test_calibration[0m
[12.152s] [ 77%] Built target test_calibration
[14.621s] [ 83%] [32m[1mLinking CXX executable test_row_step[0m
[14.855s] [ 83%] Built target test_row_step
[22.231s] [ 88%] [32m[1mLinking CXX shared library libtransform.so[0m
[22.857s] [ 88%] Built target transform
[22.878s] [ 94%] [32mBuilding CXX object CMakeFiles/velodyne_transform_node.dir/src/conversions/transform_node.cpp.o[0m
[27.955s] [100%] [32m[1mLinking CXX executable velodyne_transform_node[0m
[28.256s] [100%] Built target velodyne_transform_node
[28.268s] Invoked command in '/home/robmoemac/M-LADIS-sim/PX4 Aux/ws_sensor_combined/build/velodyne_pointcloud' returned '0': AMENT_PREFIX_PATH=/home/robmoemac/M-LADIS-sim/PX4 Aux/ws_sensor_combined/install/velodyne_msgs:${AMENT_PREFIX_PATH} CMAKE_PREFIX_PATH=/home/robmoemac/M-LADIS-sim/PX4 Aux/ws_sensor_combined/install/velodyne_msgs:/opt/ros/humble LD_LIBRARY_PATH=/home/robmoemac/M-LADIS-sim/PX4 Aux/ws_sensor_combined/install/velodyne_msgs/lib:${LD_LIBRARY_PATH} PYTHONPATH=/home/robmoemac/M-LADIS-sim/PX4 Aux/ws_sensor_combined/install/velodyne_msgs/local/lib/python3.10/dist-packages:${PYTHONPATH} /usr/bin/cmake --build /home/robmoemac/M-LADIS-sim/PX4 Aux/ws_sensor_combined/build/velodyne_pointcloud -- -j8 -l8
[28.298s] Invoking command in '/home/robmoemac/M-LADIS-sim/PX4 Aux/ws_sensor_combined/build/velodyne_pointcloud': AMENT_PREFIX_PATH=/home/robmoemac/M-LADIS-sim/PX4 Aux/ws_sensor_combined/install/velodyne_msgs:${AMENT_PREFIX_PATH} CMAKE_PREFIX_PATH=/home/robmoemac/M-LADIS-sim/PX4 Aux/ws_sensor_combined/install/velodyne_msgs:/opt/ros/humble LD_LIBRARY_PATH=/home/robmoemac/M-LADIS-sim/PX4 Aux/ws_sensor_combined/install/velodyne_msgs/lib:${LD_LIBRARY_PATH} PYTHONPATH=/home/robmoemac/M-LADIS-sim/PX4 Aux/ws_sensor_combined/install/velodyne_msgs/local/lib/python3.10/dist-packages:${PYTHONPATH} /usr/bin/cmake --install /home/robmoemac/M-LADIS-sim/PX4 Aux/ws_sensor_combined/build/velodyne_pointcloud
[28.306s] -- Install configuration: ""
[28.306s] -- Installing: /home/robmoemac/M-LADIS-sim/PX4 Aux/ws_sensor_combined/install/velodyne_pointcloud/lib/libtransform.so
[28.316s] -- Set runtime path of "/home/robmoemac/M-LADIS-sim/PX4 Aux/ws_sensor_combined/install/velodyne_pointcloud/lib/libtransform.so" to ""
[28.316s] -- Installing: /home/robmoemac/M-LADIS-sim/PX4 Aux/ws_sensor_combined/install/velodyne_pointcloud/lib/velodyne_pointcloud/velodyne_transform_node
[28.317s] -- Set runtime path of "/home/robmoemac/M-LADIS-sim/PX4 Aux/ws_sensor_combined/install/velodyne_pointcloud/lib/velodyne_pointcloud/velodyne_transform_node" to ""
[28.317s] -- Installing: /home/robmoemac/M-LADIS-sim/PX4 Aux/ws_sensor_combined/install/velodyne_pointcloud/include/velodyne_pointcloud
[28.317s] -- Installing: /home/robmoemac/M-LADIS-sim/PX4 Aux/ws_sensor_combined/install/velodyne_pointcloud/include/velodyne_pointcloud/pointcloudXYZIRT.hpp
[28.317s] -- Installing: /home/robmoemac/M-LADIS-sim/PX4 Aux/ws_sensor_combined/install/velodyne_pointcloud/include/velodyne_pointcloud/transform.hpp
[28.317s] -- Installing: /home/robmoemac/M-LADIS-sim/PX4 Aux/ws_sensor_combined/install/velodyne_pointcloud/include/velodyne_pointcloud/organized_cloudXYZIRT.hpp
[28.317s] -- Installing: /home/robmoemac/M-LADIS-sim/PX4 Aux/ws_sensor_combined/install/velodyne_pointcloud/include/velodyne_pointcloud/rawdata.hpp
[28.317s] -- Installing: /home/robmoemac/M-LADIS-sim/PX4 Aux/ws_sensor_combined/install/velodyne_pointcloud/include/velodyne_pointcloud/datacontainerbase.hpp
[28.317s] -- Installing: /home/robmoemac/M-LADIS-sim/PX4 Aux/ws_sensor_combined/install/velodyne_pointcloud/include/velodyne_pointcloud/calibration.hpp
[28.318s] -- Installing: /home/robmoemac/M-LADIS-sim/PX4 Aux/ws_sensor_combined/install/velodyne_pointcloud/share/velodyne_pointcloud/config
[28.318s] -- Installing: /home/robmoemac/M-LADIS-sim/PX4 Aux/ws_sensor_combined/install/velodyne_pointcloud/share/velodyne_pointcloud/config/VLP16-velodyne_transform_node-params.yaml
[28.318s] -- Installing: /home/robmoemac/M-LADIS-sim/PX4 Aux/ws_sensor_combined/install/velodyne_pointcloud/share/velodyne_pointcloud/config/VLS128-velodyne_transform_node-params.yaml
[28.318s] -- Installing: /home/robmoemac/M-LADIS-sim/PX4 Aux/ws_sensor_combined/install/velodyne_pointcloud/share/velodyne_pointcloud/config/VLP32C-velodyne_transform_node-params.yaml
[28.318s] -- Installing: /home/robmoemac/M-LADIS-sim/PX4 Aux/ws_sensor_combined/install/velodyne_pointcloud/share/velodyne_pointcloud/launch
[28.318s] -- Installing: /home/robmoemac/M-LADIS-sim/PX4 Aux/ws_sensor_combined/install/velodyne_pointcloud/share/velodyne_pointcloud/launch/velodyne_transform_node-VLS128-launch.py
[28.318s] -- Installing: /home/robmoemac/M-LADIS-sim/PX4 Aux/ws_sensor_combined/install/velodyne_pointcloud/share/velodyne_pointcloud/launch/velodyne_transform_node-VLP16-launch.py
[28.318s] -- Installing: /home/robmoemac/M-LADIS-sim/PX4 Aux/ws_sensor_combined/install/velodyne_pointcloud/share/velodyne_pointcloud/launch/velodyne_transform_node-VLP32C-launch.py
[28.318s] -- Installing: /home/robmoemac/M-LADIS-sim/PX4 Aux/ws_sensor_combined/install/velodyne_pointcloud/share/velodyne_pointcloud/launch/velodyne_transform_node-VLP32C-composed-launch.py
[28.318s] -- Installing: /home/robmoemac/M-LADIS-sim/PX4 Aux/ws_sensor_combined/install/velodyne_pointcloud/share/velodyne_pointcloud/launch/velodyne_transform_node-VLP16-composed-launch.py
[28.318s] -- Installing: /home/robmoemac/M-LADIS-sim/PX4 Aux/ws_sensor_combined/install/velodyne_pointcloud/share/velodyne_pointcloud/launch/velodyne_transform_node-VLS128-composed-launch.py
[28.318s] -- Installing: /home/robmoemac/M-LADIS-sim/PX4 Aux/ws_sensor_combined/install/velodyne_pointcloud/share/velodyne_pointcloud/params
[28.318s] -- Installing: /home/robmoemac/M-LADIS-sim/PX4 Aux/ws_sensor_combined/install/velodyne_pointcloud/share/velodyne_pointcloud/params/64e_utexas.yaml
[28.319s] -- Installing: /home/robmoemac/M-LADIS-sim/PX4 Aux/ws_sensor_combined/install/velodyne_pointcloud/share/velodyne_pointcloud/params/VLP16db.yaml
[28.319s] -- Installing: /home/robmoemac/M-LADIS-sim/PX4 Aux/ws_sensor_combined/install/velodyne_pointcloud/share/velodyne_pointcloud/params/issue_84_float_intensities.yaml
[28.319s] -- Installing: /home/robmoemac/M-LADIS-sim/PX4 Aux/ws_sensor_combined/install/velodyne_pointcloud/share/velodyne_pointcloud/params/64e_s3-xiesc.yaml
[28.319s] -- Installing: /home/robmoemac/M-LADIS-sim/PX4 Aux/ws_sensor_combined/install/velodyne_pointcloud/share/velodyne_pointcloud/params/32db.yaml
[28.319s] -- Installing: /home/robmoemac/M-LADIS-sim/PX4 Aux/ws_sensor_combined/install/velodyne_pointcloud/share/velodyne_pointcloud/params/VLP16_hires_db.yaml
[28.319s] -- Installing: /home/robmoemac/M-LADIS-sim/PX4 Aux/ws_sensor_combined/install/velodyne_pointcloud/share/velodyne_pointcloud/params/64e_s2.1-sztaki.yaml
[28.319s] -- Installing: /home/robmoemac/M-LADIS-sim/PX4 Aux/ws_sensor_combined/install/velodyne_pointcloud/share/velodyne_pointcloud/params/rviz_points.vcg
[28.319s] -- Installing: /home/robmoemac/M-LADIS-sim/PX4 Aux/ws_sensor_combined/install/velodyne_pointcloud/share/velodyne_pointcloud/params/VLS128.yaml
[28.319s] -- Installing: /home/robmoemac/M-LADIS-sim/PX4 Aux/ws_sensor_combined/install/velodyne_pointcloud/share/velodyne_pointcloud/params/VeloView-VLP-32C.yaml
[28.320s] -- Installing: /home/robmoemac/M-LADIS-sim/PX4 Aux/ws_sensor_combined/install/velodyne_pointcloud/share/ament_index/resource_index/package_run_dependencies/velodyne_pointcloud
[28.320s] -- Installing: /home/robmoemac/M-LADIS-sim/PX4 Aux/ws_sensor_combined/install/velodyne_pointcloud/share/ament_index/resource_index/parent_prefix_path/velodyne_pointcloud
[28.320s] -- Installing: /home/robmoemac/M-LADIS-sim/PX4 Aux/ws_sensor_combined/install/velodyne_pointcloud/share/velodyne_pointcloud/environment/ament_prefix_path.sh
[28.320s] -- Installing: /home/robmoemac/M-LADIS-sim/PX4 Aux/ws_sensor_combined/install/velodyne_pointcloud/share/velodyne_pointcloud/environment/ament_prefix_path.dsv
[28.320s] -- Installing: /home/robmoemac/M-LADIS-sim/PX4 Aux/ws_sensor_combined/install/velodyne_pointcloud/share/velodyne_pointcloud/environment/path.sh
[28.320s] -- Installing: /home/robmoemac/M-LADIS-sim/PX4 Aux/ws_sensor_combined/install/velodyne_pointcloud/share/velodyne_pointcloud/environment/path.dsv
[28.320s] -- Installing: /home/robmoemac/M-LADIS-sim/PX4 Aux/ws_sensor_combined/install/velodyne_pointcloud/share/velodyne_pointcloud/local_setup.bash
[28.320s] -- Installing: /home/robmoemac/M-LADIS-sim/PX4 Aux/ws_sensor_combined/install/velodyne_pointcloud/share/velodyne_pointcloud/local_setup.sh
[28.321s] -- Installing: /home/robmoemac/M-LADIS-sim/PX4 Aux/ws_sensor_combined/install/velodyne_pointcloud/share/velodyne_pointcloud/local_setup.zsh
[28.321s] -- Installing: /home/robmoemac/M-LADIS-sim/PX4 Aux/ws_sensor_combined/install/velodyne_pointcloud/share/velodyne_pointcloud/local_setup.dsv
[28.321s] -- Installing: /home/robmoemac/M-LADIS-sim/PX4 Aux/ws_sensor_combined/install/velodyne_pointcloud/share/velodyne_pointcloud/package.dsv
[28.321s] -- Installing: /home/robmoemac/M-LADIS-sim/PX4 Aux/ws_sensor_combined/install/velodyne_pointcloud/share/ament_index/resource_index/packages/velodyne_pointcloud
[28.321s] -- Installing: /home/robmoemac/M-LADIS-sim/PX4 Aux/ws_sensor_combined/install/velodyne_pointcloud/share/ament_index/resource_index/rclcpp_components/velodyne_pointcloud
[28.321s] -- Installing: /home/robmoemac/M-LADIS-sim/PX4 Aux/ws_sensor_combined/install/velodyne_pointcloud/share/velodyne_pointcloud/cmake/velodyne_pointcloudConfig.cmake
[28.321s] -- Installing: /home/robmoemac/M-LADIS-sim/PX4 Aux/ws_sensor_combined/install/velodyne_pointcloud/share/velodyne_pointcloud/cmake/velodyne_pointcloudConfig-version.cmake
[28.321s] -- Installing: /home/robmoemac/M-LADIS-sim/PX4 Aux/ws_sensor_combined/install/velodyne_pointcloud/share/velodyne_pointcloud/package.xml
[28.322s] -- Installing: /home/robmoemac/M-LADIS-sim/PX4 Aux/ws_sensor_combined/install/velodyne_pointcloud/lib/libvelodyne_cloud_types.so
[28.322s] -- Set runtime path of "/home/robmoemac/M-LADIS-sim/PX4 Aux/ws_sensor_combined/install/velodyne_pointcloud/lib/libvelodyne_cloud_types.so" to ""
[28.322s] -- Installing: /home/robmoemac/M-LADIS-sim/PX4 Aux/ws_sensor_combined/install/velodyne_pointcloud/lib/libvelodyne_rawdata.so
[28.323s] -- Set runtime path of "/home/robmoemac/M-LADIS-sim/PX4 Aux/ws_sensor_combined/install/velodyne_pointcloud/lib/libvelodyne_rawdata.so" to ""
[28.326s] Invoked command in '/home/robmoemac/M-LADIS-sim/PX4 Aux/ws_sensor_combined/build/velodyne_pointcloud' returned '0': AMENT_PREFIX_PATH=/home/robmoemac/M-LADIS-sim/PX4 Aux/ws_sensor_combined/install/velodyne_msgs:${AMENT_PREFIX_PATH} CMAKE_PREFIX_PATH=/home/robmoemac/M-LADIS-sim/PX4 Aux/ws_sensor_combined/install/velodyne_msgs:/opt/ros/humble LD_LIBRARY_PATH=/home/robmoemac/M-LADIS-sim/PX4 Aux/ws_sensor_combined/install/velodyne_msgs/lib:${LD_LIBRARY_PATH} PYTHONPATH=/home/robmoemac/M-LADIS-sim/PX4 Aux/ws_sensor_combined/install/velodyne_msgs/local/lib/python3.10/dist-packages:${PYTHONPATH} /usr/bin/cmake --install /home/robmoemac/M-LADIS-sim/PX4 Aux/ws_sensor_combined/build/velodyne_pointcloud
