[0.107s] Invoking command in '/home/dserbin/Documents/M-LADIS-sim/PX4 Aux/ws_sensor_combined/build/ros_gz_sim_demos': AMENT_PREFIX_PATH=/home/dserbin/Documents/M-LADIS-sim/PX4 Aux/ws_sensor_combined/install/ros_gz_image:/home/dserbin/Documents/M-LADIS-sim/PX4 Aux/ws_sensor_combined/install/ros_gz_bridge:/home/dserbin/Documents/M-LADIS-sim/PX4 Aux/ws_sensor_combined/install/ros_gz_sim:/home/dserbin/Documents/M-LADIS-sim/PX4 Aux/ws_sensor_combined/install/ros_gz_interfaces:${AMENT_PREFIX_PATH} CMAKE_PREFIX_PATH=/home/dserbin/Documents/M-LADIS-sim/PX4 Aux/ws_sensor_combined/install/ros_gz_image:/home/dserbin/Documents/M-LADIS-sim/PX4 Aux/ws_sensor_combined/install/ros_gz_bridge:/home/dserbin/Documents/M-LADIS-sim/PX4 Aux/ws_sensor_combined/install/ros_gz_sim:/home/dserbin/Documents/M-LADIS-sim/PX4 Aux/ws_sensor_combined/install/ros_gz_interfaces:/opt/ros/humble LD_LIBRARY_PATH=/home/dserbin/Documents/M-LADIS-sim/PX4 Aux/ws_sensor_combined/install/ros_gz_bridge/lib:/home/dserbin/Documents/M-LADIS-sim/PX4 Aux/ws_sensor_combined/install/ros_gz_sim/lib:/home/dserbin/Documents/M-LADIS-sim/PX4 Aux/ws_sensor_combined/install/ros_gz_interfaces/lib:${LD_LIBRARY_PATH} PYTHONPATH=/home/dserbin/Documents/M-LADIS-sim/PX4 Aux/ws_sensor_combined/install/ros_gz_interfaces/local/lib/python3.10/dist-packages:${PYTHONPATH} /usr/bin/cmake /home/dserbin/Documents/M-LADIS-sim/PX4 Aux/ws_sensor_combined/src/ros_gz/ros_gz_sim_demos -DCMAKE_INSTALL_PREFIX=/home/dserbin/Documents/M-LADIS-sim/PX4 Aux/ws_sensor_combined/install/ros_gz_sim_demos
[0.162s] -- The C compiler identification is GNU 11.4.0
[0.213s] -- The CXX compiler identification is GNU 11.4.0
[0.221s] -- Detecting C compiler ABI info
[0.290s] -- Detecting C compiler ABI info - done
[0.296s] -- Check for working C compiler: /usr/bin/cc - skipped
[0.296s] -- Detecting C compile features
[0.297s] -- Detecting C compile features - done
[0.299s] -- Detecting CXX compiler ABI info
[0.378s] -- Detecting CXX compiler ABI info - done
[0.384s] -- Check for working CXX compiler: /usr/bin/c++ - skipped
[0.384s] -- Detecting CXX compile features
[0.384s] -- Detecting CXX compile features - done
[0.387s] -- Found ament_cmake: 1.3.8 (/opt/ros/humble/share/ament_cmake/cmake)
[0.706s] -- Found Python3: /usr/bin/python3 (found version "3.10.12") found components: Interpreter 
[0.795s] -- Found ament_lint_auto: 0.12.10 (/opt/ros/humble/share/ament_lint_auto/cmake)
[0.872s] -- Added test 'copyright' to check source files copyright and LICENSE
[0.880s] -- Added test 'flake8' to check Python code syntax and style conventions
[0.881s] -- Added test 'lint_cmake' to check CMake code style
[0.882s] -- Added test 'pep257' to check Python code against some of the docstring style conventions in PEP 257
[0.886s] -- Added test 'xmllint' to check XML markup files
[0.887s] -- Configuring done
[0.890s] -- Generating done
[0.891s] -- Build files have been written to: /home/dserbin/Documents/M-LADIS-sim/PX4 Aux/ws_sensor_combined/build/ros_gz_sim_demos
[0.895s] Invoked command in '/home/dserbin/Documents/M-LADIS-sim/PX4 Aux/ws_sensor_combined/build/ros_gz_sim_demos' returned '0': AMENT_PREFIX_PATH=/home/dserbin/Documents/M-LADIS-sim/PX4 Aux/ws_sensor_combined/install/ros_gz_image:/home/dserbin/Documents/M-LADIS-sim/PX4 Aux/ws_sensor_combined/install/ros_gz_bridge:/home/dserbin/Documents/M-LADIS-sim/PX4 Aux/ws_sensor_combined/install/ros_gz_sim:/home/dserbin/Documents/M-LADIS-sim/PX4 Aux/ws_sensor_combined/install/ros_gz_interfaces:${AMENT_PREFIX_PATH} CMAKE_PREFIX_PATH=/home/dserbin/Documents/M-LADIS-sim/PX4 Aux/ws_sensor_combined/install/ros_gz_image:/home/dserbin/Documents/M-LADIS-sim/PX4 Aux/ws_sensor_combined/install/ros_gz_bridge:/home/dserbin/Documents/M-LADIS-sim/PX4 Aux/ws_sensor_combined/install/ros_gz_sim:/home/dserbin/Documents/M-LADIS-sim/PX4 Aux/ws_sensor_combined/install/ros_gz_interfaces:/opt/ros/humble LD_LIBRARY_PATH=/home/dserbin/Documents/M-LADIS-sim/PX4 Aux/ws_sensor_combined/install/ros_gz_bridge/lib:/home/dserbin/Documents/M-LADIS-sim/PX4 Aux/ws_sensor_combined/install/ros_gz_sim/lib:/home/dserbin/Documents/M-LADIS-sim/PX4 Aux/ws_sensor_combined/install/ros_gz_interfaces/lib:${LD_LIBRARY_PATH} PYTHONPATH=/home/dserbin/Documents/M-LADIS-sim/PX4 Aux/ws_sensor_combined/install/ros_gz_interfaces/local/lib/python3.10/dist-packages:${PYTHONPATH} /usr/bin/cmake /home/dserbin/Documents/M-LADIS-sim/PX4 Aux/ws_sensor_combined/src/ros_gz/ros_gz_sim_demos -DCMAKE_INSTALL_PREFIX=/home/dserbin/Documents/M-LADIS-sim/PX4 Aux/ws_sensor_combined/install/ros_gz_sim_demos
[0.897s] Invoking command in '/home/dserbin/Documents/M-LADIS-sim/PX4 Aux/ws_sensor_combined/build/ros_gz_sim_demos': AMENT_PREFIX_PATH=/home/dserbin/Documents/M-LADIS-sim/PX4 Aux/ws_sensor_combined/install/ros_gz_image:/home/dserbin/Documents/M-LADIS-sim/PX4 Aux/ws_sensor_combined/install/ros_gz_bridge:/home/dserbin/Documents/M-LADIS-sim/PX4 Aux/ws_sensor_combined/install/ros_gz_sim:/home/dserbin/Documents/M-LADIS-sim/PX4 Aux/ws_sensor_combined/install/ros_gz_interfaces:${AMENT_PREFIX_PATH} CMAKE_PREFIX_PATH=/home/dserbin/Documents/M-LADIS-sim/PX4 Aux/ws_sensor_combined/install/ros_gz_image:/home/dserbin/Documents/M-LADIS-sim/PX4 Aux/ws_sensor_combined/install/ros_gz_bridge:/home/dserbin/Documents/M-LADIS-sim/PX4 Aux/ws_sensor_combined/install/ros_gz_sim:/home/dserbin/Documents/M-LADIS-sim/PX4 Aux/ws_sensor_combined/install/ros_gz_interfaces:/opt/ros/humble LD_LIBRARY_PATH=/home/dserbin/Documents/M-LADIS-sim/PX4 Aux/ws_sensor_combined/install/ros_gz_bridge/lib:/home/dserbin/Documents/M-LADIS-sim/PX4 Aux/ws_sensor_combined/install/ros_gz_sim/lib:/home/dserbin/Documents/M-LADIS-sim/PX4 Aux/ws_sensor_combined/install/ros_gz_interfaces/lib:${LD_LIBRARY_PATH} PYTHONPATH=/home/dserbin/Documents/M-LADIS-sim/PX4 Aux/ws_sensor_combined/install/ros_gz_interfaces/local/lib/python3.10/dist-packages:${PYTHONPATH} /usr/bin/cmake --build /home/dserbin/Documents/M-LADIS-sim/PX4 Aux/ws_sensor_combined/build/ros_gz_sim_demos -- -j16 -l16
[0.938s] Invoked command in '/home/dserbin/Documents/M-LADIS-sim/PX4 Aux/ws_sensor_combined/build/ros_gz_sim_demos' returned '0': AMENT_PREFIX_PATH=/home/dserbin/Documents/M-LADIS-sim/PX4 Aux/ws_sensor_combined/install/ros_gz_image:/home/dserbin/Documents/M-LADIS-sim/PX4 Aux/ws_sensor_combined/install/ros_gz_bridge:/home/dserbin/Documents/M-LADIS-sim/PX4 Aux/ws_sensor_combined/install/ros_gz_sim:/home/dserbin/Documents/M-LADIS-sim/PX4 Aux/ws_sensor_combined/install/ros_gz_interfaces:${AMENT_PREFIX_PATH} CMAKE_PREFIX_PATH=/home/dserbin/Documents/M-LADIS-sim/PX4 Aux/ws_sensor_combined/install/ros_gz_image:/home/dserbin/Documents/M-LADIS-sim/PX4 Aux/ws_sensor_combined/install/ros_gz_bridge:/home/dserbin/Documents/M-LADIS-sim/PX4 Aux/ws_sensor_combined/install/ros_gz_sim:/home/dserbin/Documents/M-LADIS-sim/PX4 Aux/ws_sensor_combined/install/ros_gz_interfaces:/opt/ros/humble LD_LIBRARY_PATH=/home/dserbin/Documents/M-LADIS-sim/PX4 Aux/ws_sensor_combined/install/ros_gz_bridge/lib:/home/dserbin/Documents/M-LADIS-sim/PX4 Aux/ws_sensor_combined/install/ros_gz_sim/lib:/home/dserbin/Documents/M-LADIS-sim/PX4 Aux/ws_sensor_combined/install/ros_gz_interfaces/lib:${LD_LIBRARY_PATH} PYTHONPATH=/home/dserbin/Documents/M-LADIS-sim/PX4 Aux/ws_sensor_combined/install/ros_gz_interfaces/local/lib/python3.10/dist-packages:${PYTHONPATH} /usr/bin/cmake --build /home/dserbin/Documents/M-LADIS-sim/PX4 Aux/ws_sensor_combined/build/ros_gz_sim_demos -- -j16 -l16
[0.964s] Invoking command in '/home/dserbin/Documents/M-LADIS-sim/PX4 Aux/ws_sensor_combined/build/ros_gz_sim_demos': AMENT_PREFIX_PATH=/home/dserbin/Documents/M-LADIS-sim/PX4 Aux/ws_sensor_combined/install/ros_gz_image:/home/dserbin/Documents/M-LADIS-sim/PX4 Aux/ws_sensor_combined/install/ros_gz_bridge:/home/dserbin/Documents/M-LADIS-sim/PX4 Aux/ws_sensor_combined/install/ros_gz_sim:/home/dserbin/Documents/M-LADIS-sim/PX4 Aux/ws_sensor_combined/install/ros_gz_interfaces:${AMENT_PREFIX_PATH} CMAKE_PREFIX_PATH=/home/dserbin/Documents/M-LADIS-sim/PX4 Aux/ws_sensor_combined/install/ros_gz_image:/home/dserbin/Documents/M-LADIS-sim/PX4 Aux/ws_sensor_combined/install/ros_gz_bridge:/home/dserbin/Documents/M-LADIS-sim/PX4 Aux/ws_sensor_combined/install/ros_gz_sim:/home/dserbin/Documents/M-LADIS-sim/PX4 Aux/ws_sensor_combined/install/ros_gz_interfaces:/opt/ros/humble LD_LIBRARY_PATH=/home/dserbin/Documents/M-LADIS-sim/PX4 Aux/ws_sensor_combined/install/ros_gz_bridge/lib:/home/dserbin/Documents/M-LADIS-sim/PX4 Aux/ws_sensor_combined/install/ros_gz_sim/lib:/home/dserbin/Documents/M-LADIS-sim/PX4 Aux/ws_sensor_combined/install/ros_gz_interfaces/lib:${LD_LIBRARY_PATH} PYTHONPATH=/home/dserbin/Documents/M-LADIS-sim/PX4 Aux/ws_sensor_combined/install/ros_gz_interfaces/local/lib/python3.10/dist-packages:${PYTHONPATH} /usr/bin/cmake --install /home/dserbin/Documents/M-LADIS-sim/PX4 Aux/ws_sensor_combined/build/ros_gz_sim_demos
[0.971s] -- Install configuration: ""
[0.972s] -- Installing: /home/dserbin/Documents/M-LADIS-sim/PX4 Aux/ws_sensor_combined/install/ros_gz_sim_demos/share/ros_gz_sim_demos/launch
[0.972s] -- Installing: /home/dserbin/Documents/M-LADIS-sim/PX4 Aux/ws_sensor_combined/install/ros_gz_sim_demos/share/ros_gz_sim_demos/launch/navsat.launch.py
[0.972s] -- Installing: /home/dserbin/Documents/M-LADIS-sim/PX4 Aux/ws_sensor_combined/install/ros_gz_sim_demos/share/ros_gz_sim_demos/launch/gpu_lidar.launch.py
[0.972s] -- Installing: /home/dserbin/Documents/M-LADIS-sim/PX4 Aux/ws_sensor_combined/install/ros_gz_sim_demos/share/ros_gz_sim_demos/launch/camera.launch.py
[0.973s] -- Installing: /home/dserbin/Documents/M-LADIS-sim/PX4 Aux/ws_sensor_combined/install/ros_gz_sim_demos/share/ros_gz_sim_demos/launch/gpu_lidar_bridge.launch.py
[0.973s] -- Installing: /home/dserbin/Documents/M-LADIS-sim/PX4 Aux/ws_sensor_combined/install/ros_gz_sim_demos/share/ros_gz_sim_demos/launch/air_pressure.launch.py
[0.973s] -- Installing: /home/dserbin/Documents/M-LADIS-sim/PX4 Aux/ws_sensor_combined/install/ros_gz_sim_demos/share/ros_gz_sim_demos/launch/rgbd_camera_bridge.launch.py
[0.974s] -- Installing: /home/dserbin/Documents/M-LADIS-sim/PX4 Aux/ws_sensor_combined/install/ros_gz_sim_demos/share/ros_gz_sim_demos/launch/imu.launch.py
[0.974s] -- Installing: /home/dserbin/Documents/M-LADIS-sim/PX4 Aux/ws_sensor_combined/install/ros_gz_sim_demos/share/ros_gz_sim_demos/launch/triggered_camera.launch.py
[0.974s] -- Installing: /home/dserbin/Documents/M-LADIS-sim/PX4 Aux/ws_sensor_combined/install/ros_gz_sim_demos/share/ros_gz_sim_demos/launch/joint_states.launch.py
[0.974s] -- Installing: /home/dserbin/Documents/M-LADIS-sim/PX4 Aux/ws_sensor_combined/install/ros_gz_sim_demos/share/ros_gz_sim_demos/launch/rgbd_camera.launch.py
[0.975s] -- Installing: /home/dserbin/Documents/M-LADIS-sim/PX4 Aux/ws_sensor_combined/install/ros_gz_sim_demos/share/ros_gz_sim_demos/launch/depth_camera.launch.py
[0.975s] -- Installing: /home/dserbin/Documents/M-LADIS-sim/PX4 Aux/ws_sensor_combined/install/ros_gz_sim_demos/share/ros_gz_sim_demos/launch/sdf_parser.launch.py
[0.975s] -- Installing: /home/dserbin/Documents/M-LADIS-sim/PX4 Aux/ws_sensor_combined/install/ros_gz_sim_demos/share/ros_gz_sim_demos/launch/magnetometer.launch.py
[0.976s] -- Installing: /home/dserbin/Documents/M-LADIS-sim/PX4 Aux/ws_sensor_combined/install/ros_gz_sim_demos/share/ros_gz_sim_demos/launch/image_bridge.launch.py
[0.976s] -- Installing: /home/dserbin/Documents/M-LADIS-sim/PX4 Aux/ws_sensor_combined/install/ros_gz_sim_demos/share/ros_gz_sim_demos/launch/diff_drive.launch.py
[0.976s] -- Installing: /home/dserbin/Documents/M-LADIS-sim/PX4 Aux/ws_sensor_combined/install/ros_gz_sim_demos/share/ros_gz_sim_demos/launch/battery.launch.py
[0.976s] -- Installing: /home/dserbin/Documents/M-LADIS-sim/PX4 Aux/ws_sensor_combined/install/ros_gz_sim_demos/share/ros_gz_sim_demos/launch/robot_description_publisher.launch.py
[0.977s] -- Installing: /home/dserbin/Documents/M-LADIS-sim/PX4 Aux/ws_sensor_combined/install/ros_gz_sim_demos/share/ros_gz_sim_demos/launch/tf_bridge.launch.py
[0.977s] -- Installing: /home/dserbin/Documents/M-LADIS-sim/PX4 Aux/ws_sensor_combined/install/ros_gz_sim_demos/share/ros_gz_sim_demos/rviz
[0.977s] -- Installing: /home/dserbin/Documents/M-LADIS-sim/PX4 Aux/ws_sensor_combined/install/ros_gz_sim_demos/share/ros_gz_sim_demos/rviz/joint_states.rviz
[0.977s] -- Installing: /home/dserbin/Documents/M-LADIS-sim/PX4 Aux/ws_sensor_combined/install/ros_gz_sim_demos/share/ros_gz_sim_demos/rviz/gpu_lidar.rviz
[0.978s] -- Installing: /home/dserbin/Documents/M-LADIS-sim/PX4 Aux/ws_sensor_combined/install/ros_gz_sim_demos/share/ros_gz_sim_demos/rviz/diff_drive.rviz
[0.978s] -- Installing: /home/dserbin/Documents/M-LADIS-sim/PX4 Aux/ws_sensor_combined/install/ros_gz_sim_demos/share/ros_gz_sim_demos/rviz/imu.rviz
[0.979s] -- Installing: /home/dserbin/Documents/M-LADIS-sim/PX4 Aux/ws_sensor_combined/install/ros_gz_sim_demos/share/ros_gz_sim_demos/rviz/gpu_lidar_bridge.rviz
[0.979s] -- Installing: /home/dserbin/Documents/M-LADIS-sim/PX4 Aux/ws_sensor_combined/install/ros_gz_sim_demos/share/ros_gz_sim_demos/rviz/rgbd_camera.rviz
[0.979s] -- Installing: /home/dserbin/Documents/M-LADIS-sim/PX4 Aux/ws_sensor_combined/install/ros_gz_sim_demos/share/ros_gz_sim_demos/rviz/robot_description_publisher.rviz
[0.980s] -- Installing: /home/dserbin/Documents/M-LADIS-sim/PX4 Aux/ws_sensor_combined/install/ros_gz_sim_demos/share/ros_gz_sim_demos/rviz/camera.rviz
[0.980s] -- Installing: /home/dserbin/Documents/M-LADIS-sim/PX4 Aux/ws_sensor_combined/install/ros_gz_sim_demos/share/ros_gz_sim_demos/rviz/depth_camera.rviz
[0.980s] -- Installing: /home/dserbin/Documents/M-LADIS-sim/PX4 Aux/ws_sensor_combined/install/ros_gz_sim_demos/share/ros_gz_sim_demos/rviz/rgbd_camera_bridge.rviz
[0.981s] -- Installing: /home/dserbin/Documents/M-LADIS-sim/PX4 Aux/ws_sensor_combined/install/ros_gz_sim_demos/share/ros_gz_sim_demos/rviz/vehicle.rviz
[0.981s] -- Installing: /home/dserbin/Documents/M-LADIS-sim/PX4 Aux/ws_sensor_combined/install/ros_gz_sim_demos/share/ros_gz_sim_demos/rviz/tf_bridge.rviz
[0.981s] -- Installing: /home/dserbin/Documents/M-LADIS-sim/PX4 Aux/ws_sensor_combined/install/ros_gz_sim_demos/share/ros_gz_sim_demos/models
[0.981s] -- Installing: /home/dserbin/Documents/M-LADIS-sim/PX4 Aux/ws_sensor_combined/install/ros_gz_sim_demos/share/ros_gz_sim_demos/models/rrbot.xacro
[0.982s] -- Installing: /home/dserbin/Documents/M-LADIS-sim/PX4 Aux/ws_sensor_combined/install/ros_gz_sim_demos/share/ros_gz_sim_demos/models/double_pendulum_model.sdf
[0.982s] -- Installing: /home/dserbin/Documents/M-LADIS-sim/PX4 Aux/ws_sensor_combined/install/ros_gz_sim_demos/share/ros_gz_sim_demos/models/vehicle
[0.982s] -- Installing: /home/dserbin/Documents/M-LADIS-sim/PX4 Aux/ws_sensor_combined/install/ros_gz_sim_demos/share/ros_gz_sim_demos/models/vehicle/model.sdf
[0.983s] -- Installing: /home/dserbin/Documents/M-LADIS-sim/PX4 Aux/ws_sensor_combined/install/ros_gz_sim_demos/share/ros_gz_sim_demos/models/vehicle/model.config
[0.983s] -- Installing: /home/dserbin/Documents/M-LADIS-sim/PX4 Aux/ws_sensor_combined/install/ros_gz_sim_demos/share/ros_gz_sim_demos/worlds
[0.983s] -- Installing: /home/dserbin/Documents/M-LADIS-sim/PX4 Aux/ws_sensor_combined/install/ros_gz_sim_demos/share/ros_gz_sim_demos/worlds/vehicle.sdf
[0.983s] -- Installing: /home/dserbin/Documents/M-LADIS-sim/PX4 Aux/ws_sensor_combined/install/ros_gz_sim_demos/share/ros_gz_sim_demos/environment/ros_gz_sim_demos.dsv
[0.984s] -- Installing: /home/dserbin/Documents/M-LADIS-sim/PX4 Aux/ws_sensor_combined/install/ros_gz_sim_demos/share/ament_index/resource_index/package_run_dependencies/ros_gz_sim_demos
[0.984s] -- Installing: /home/dserbin/Documents/M-LADIS-sim/PX4 Aux/ws_sensor_combined/install/ros_gz_sim_demos/share/ament_index/resource_index/parent_prefix_path/ros_gz_sim_demos
[0.984s] -- Installing: /home/dserbin/Documents/M-LADIS-sim/PX4 Aux/ws_sensor_combined/install/ros_gz_sim_demos/share/ros_gz_sim_demos/environment/ament_prefix_path.sh
[0.984s] -- Installing: /home/dserbin/Documents/M-LADIS-sim/PX4 Aux/ws_sensor_combined/install/ros_gz_sim_demos/share/ros_gz_sim_demos/environment/ament_prefix_path.dsv
[0.984s] -- Installing: /home/dserbin/Documents/M-LADIS-sim/PX4 Aux/ws_sensor_combined/install/ros_gz_sim_demos/share/ros_gz_sim_demos/environment/path.sh
[0.985s] -- Installing: /home/dserbin/Documents/M-LADIS-sim/PX4 Aux/ws_sensor_combined/install/ros_gz_sim_demos/share/ros_gz_sim_demos/environment/path.dsv
[0.985s] -- Installing: /home/dserbin/Documents/M-LADIS-sim/PX4 Aux/ws_sensor_combined/install/ros_gz_sim_demos/share/ros_gz_sim_demos/local_setup.bash
[0.985s] -- Installing: /home/dserbin/Documents/M-LADIS-sim/PX4 Aux/ws_sensor_combined/install/ros_gz_sim_demos/share/ros_gz_sim_demos/local_setup.sh
[0.985s] -- Installing: /home/dserbin/Documents/M-LADIS-sim/PX4 Aux/ws_sensor_combined/install/ros_gz_sim_demos/share/ros_gz_sim_demos/local_setup.zsh
[0.985s] -- Installing: /home/dserbin/Documents/M-LADIS-sim/PX4 Aux/ws_sensor_combined/install/ros_gz_sim_demos/share/ros_gz_sim_demos/local_setup.dsv
[0.985s] -- Installing: /home/dserbin/Documents/M-LADIS-sim/PX4 Aux/ws_sensor_combined/install/ros_gz_sim_demos/share/ros_gz_sim_demos/package.dsv
[0.986s] -- Installing: /home/dserbin/Documents/M-LADIS-sim/PX4 Aux/ws_sensor_combined/install/ros_gz_sim_demos/share/ament_index/resource_index/packages/ros_gz_sim_demos
[0.986s] -- Installing: /home/dserbin/Documents/M-LADIS-sim/PX4 Aux/ws_sensor_combined/install/ros_gz_sim_demos/share/ros_gz_sim_demos/cmake/ros_gz_sim_demosConfig.cmake
[0.986s] -- Installing: /home/dserbin/Documents/M-LADIS-sim/PX4 Aux/ws_sensor_combined/install/ros_gz_sim_demos/share/ros_gz_sim_demos/cmake/ros_gz_sim_demosConfig-version.cmake
[0.986s] -- Installing: /home/dserbin/Documents/M-LADIS-sim/PX4 Aux/ws_sensor_combined/install/ros_gz_sim_demos/share/ros_gz_sim_demos/package.xml
[0.989s] Invoked command in '/home/dserbin/Documents/M-LADIS-sim/PX4 Aux/ws_sensor_combined/build/ros_gz_sim_demos' returned '0': AMENT_PREFIX_PATH=/home/dserbin/Documents/M-LADIS-sim/PX4 Aux/ws_sensor_combined/install/ros_gz_image:/home/dserbin/Documents/M-LADIS-sim/PX4 Aux/ws_sensor_combined/install/ros_gz_bridge:/home/dserbin/Documents/M-LADIS-sim/PX4 Aux/ws_sensor_combined/install/ros_gz_sim:/home/dserbin/Documents/M-LADIS-sim/PX4 Aux/ws_sensor_combined/install/ros_gz_interfaces:${AMENT_PREFIX_PATH} CMAKE_PREFIX_PATH=/home/dserbin/Documents/M-LADIS-sim/PX4 Aux/ws_sensor_combined/install/ros_gz_image:/home/dserbin/Documents/M-LADIS-sim/PX4 Aux/ws_sensor_combined/install/ros_gz_bridge:/home/dserbin/Documents/M-LADIS-sim/PX4 Aux/ws_sensor_combined/install/ros_gz_sim:/home/dserbin/Documents/M-LADIS-sim/PX4 Aux/ws_sensor_combined/install/ros_gz_interfaces:/opt/ros/humble LD_LIBRARY_PATH=/home/dserbin/Documents/M-LADIS-sim/PX4 Aux/ws_sensor_combined/install/ros_gz_bridge/lib:/home/dserbin/Documents/M-LADIS-sim/PX4 Aux/ws_sensor_combined/install/ros_gz_sim/lib:/home/dserbin/Documents/M-LADIS-sim/PX4 Aux/ws_sensor_combined/install/ros_gz_interfaces/lib:${LD_LIBRARY_PATH} PYTHONPATH=/home/dserbin/Documents/M-LADIS-sim/PX4 Aux/ws_sensor_combined/install/ros_gz_interfaces/local/lib/python3.10/dist-packages:${PYTHONPATH} /usr/bin/cmake --install /home/dserbin/Documents/M-LADIS-sim/PX4 Aux/ws_sensor_combined/build/ros_gz_sim_demos
