[0.074s] Invoking command in '/home/dserbin/Documents/M-LADIS-sim/PX4 Aux/ws_sensor_combined/build/px4_ros_com': CMAKE_PREFIX_PATH=/home/dserbin/Documents/M-LADIS-sim/PX4 Aux/ws_sensor_combined/install/px4_msgs:/home/dserbin/Documents/M-LADIS-sim/PX4 Aux/ws_sensor_combined/install/px4_ros_com:/opt/ros/humble LD_LIBRARY_PATH=/home/dserbin/Documents/M-LADIS-sim/PX4 Aux/ws_sensor_combined/install/px4_msgs/lib:/home/dserbin/Documents/M-LADIS-sim/PX4 Aux/ws_sensor_combined/install/px4_ros_com/lib:/opt/ros/humble/opt/rviz_ogre_vendor/lib:/opt/ros/humble/lib/x86_64-linux-gnu:/opt/ros/humble/lib /usr/bin/cmake --build /home/dserbin/Documents/M-LADIS-sim/PX4 Aux/ws_sensor_combined/build/px4_ros_com -- -j16 -l16
[0.130s] [35m[1mConsolidate compiler generated dependencies of target test_flight_control[0m
[0.148s] [ 83%] Built target offboard_control
[0.148s] [ 83%] Built target vehicle_gps_position_listener
[0.148s] [ 83%] Built target debug_vect_advertiser
[0.148s] [ 83%] Built target frame_transforms
[0.148s] [ 83%] Built target sensor_combined_listener
[0.154s] [ 91%] [32mBuilding CXX object CMakeFiles/test_flight_control.dir/src/examples/offboard/test_flight_control.cpp.o[0m
[2.534s] [01m[K/home/dserbin/Documents/M-LADIS-sim/PX4 Aux/ws_sensor_combined/src/px4_ros_com/src/examples/offboard/test_flight_control.cpp:[m[K In constructor ‘[01m[KTrajectorySetpointPublisher::TrajectorySetpointPublisher()[m[K’:
[2.534s] [01m[K/home/dserbin/Documents/M-LADIS-sim/PX4 Aux/ws_sensor_combined/src/px4_ros_com/src/examples/offboard/test_flight_control.cpp:23:54:[m[K [01;31m[Kerror: [m[K‘[01m[Kautonomy_waypoint_control[m[K’ was not declared in this scope
[2.534s]    23 |         waypoint_publisher_ = this->create_publisher<[01;31m[Kautonomy_waypoint_control[m[K>"/fmu/in/autonomy_waypoint", 10, [this](const            px4_msgs::msg::TrajectorySetpoint::SharedPtr msg);
[2.535s]       |                                                      [01;31m[K^~~~~~~~~~~~~~~~~~~~~~~~~[m[K
[2.535s] [01m[K/home/dserbin/Documents/M-LADIS-sim/PX4 Aux/ws_sensor_combined/src/px4_ros_com/src/examples/offboard/test_flight_control.cpp:23:37:[m[K [01;31m[Kerror: [m[Kno match for ‘[01m[Koperator=[m[K’ (operand types are ‘[01m[Krclcpp::Publisher<px4_msgs::msg::TrajectorySetpoint_<std::allocator<void> > >::SharedPtr[m[K’ {aka ‘[01m[Kstd::shared_ptr<rclcpp::Publisher<px4_msgs::msg::TrajectorySetpoint_<std::allocator<void> > > >[m[K’} and ‘[01m[K<unresolved overloaded function type>[m[K’)
[2.535s]    23 |         waypoint_publisher_ = this->[01;31m[Kcreate_publisher<autonomy_waypoint_control>[m[K"/fmu/in/autonomy_waypoint", 10, [this](const            px4_msgs::msg::TrajectorySetpoint::SharedPtr msg);
[2.535s]       |                                     [01;31m[K^~~~~~~~~~~~~~~~~~~~~~~~~~~~~~~~~~~~~~~~~~~[m[K
[2.535s] In file included from [01m[K/usr/include/c++/11/memory:77[m[K,
[2.535s]                  from [01m[K/home/dserbin/Documents/M-LADIS-sim/PX4 Aux/ws_sensor_combined/install/px4_msgs/include/px4_msgs/px4_msgs/msg/detail/offboard_control_mode__struct.hpp:10[m[K,
[2.535s]                  from [01m[K/home/dserbin/Documents/M-LADIS-sim/PX4 Aux/ws_sensor_combined/install/px4_msgs/include/px4_msgs/px4_msgs/msg/offboard_control_mode.hpp:7[m[K,
[2.535s]                  from [01m[K/home/dserbin/Documents/M-LADIS-sim/PX4 Aux/ws_sensor_combined/src/px4_ros_com/src/examples/offboard/test_flight_control.cpp:1[m[K:
[2.535s] [01m[K/usr/include/c++/11/bits/shared_ptr.h:363:9:[m[K [01;36m[Knote: [m[Kcandidate: ‘[01m[Ktemplate<class _Yp> std::shared_ptr<_Tp>::_Assignable<const std::shared_ptr<_Yp>&> std::shared_ptr<_Tp>::operator=(const std::shared_ptr<_Yp>&) [with _Yp = _Yp; _Tp = rclcpp::Publisher<px4_msgs::msg::TrajectorySetpoint_<std::allocator<void> > >][m[K’
[2.535s]   363 |         [01;36m[Koperator[m[K=(const shared_ptr<_Yp>& __r) noexcept
[2.535s]       |         [01;36m[K^~~~~~~~[m[K
[2.535s] [01m[K/usr/include/c++/11/bits/shared_ptr.h:363:9:[m[K [01;36m[Knote: [m[K  template argument deduction/substitution failed:
[2.535s] [01m[K/home/dserbin/Documents/M-LADIS-sim/PX4 Aux/ws_sensor_combined/src/px4_ros_com/src/examples/offboard/test_flight_control.cpp:23:37:[m[K [01;36m[Knote: [m[K  couldn’t deduce template parameter ‘[01m[K_Yp[m[K’
[2.535s]    23 |         waypoint_publisher_ = this->[01;36m[Kcreate_publisher<autonomy_waypoint_control>[m[K"/fmu/in/autonomy_waypoint", 10, [this](const            px4_msgs::msg::TrajectorySetpoint::SharedPtr msg);
[2.535s]       |                                     [01;36m[K^~~~~~~~~~~~~~~~~~~~~~~~~~~~~~~~~~~~~~~~~~~[m[K
[2.535s] In file included from [01m[K/usr/include/c++/11/memory:77[m[K,
[2.535s]                  from [01m[K/home/dserbin/Documents/M-LADIS-sim/PX4 Aux/ws_sensor_combined/install/px4_msgs/include/px4_msgs/px4_msgs/msg/detail/offboard_control_mode__struct.hpp:10[m[K,
[2.535s]                  from [01m[K/home/dserbin/Documents/M-LADIS-sim/PX4 Aux/ws_sensor_combined/install/px4_msgs/include/px4_msgs/px4_msgs/msg/offboard_control_mode.hpp:7[m[K,
[2.536s]                  from [01m[K/home/dserbin/Documents/M-LADIS-sim/PX4 Aux/ws_sensor_combined/src/px4_ros_com/src/examples/offboard/test_flight_control.cpp:1[m[K:
[2.536s] [01m[K/usr/include/c++/11/bits/shared_ptr.h:374:9:[m[K [01;36m[Knote: [m[Kcandidate: ‘[01m[Ktemplate<class _Yp> std::shared_ptr<_Tp>::_Assignable<std::auto_ptr<_Up> > std::shared_ptr<_Tp>::operator=(std::auto_ptr<_Up>&&) [with _Yp = _Yp; _Tp = rclcpp::Publisher<px4_msgs::msg::TrajectorySetpoint_<std::allocator<void> > >][m[K’
[2.536s]   374 |         [01;36m[Koperator[m[K=(auto_ptr<_Yp>&& __r)
[2.536s]       |         [01;36m[K^~~~~~~~[m[K
[2.536s] [01m[K/usr/include/c++/11/bits/shared_ptr.h:374:9:[m[K [01;36m[Knote: [m[K  template argument deduction/substitution failed:
[2.536s] [01m[K/home/dserbin/Documents/M-LADIS-sim/PX4 Aux/ws_sensor_combined/src/px4_ros_com/src/examples/offboard/test_flight_control.cpp:23:37:[m[K [01;36m[Knote: [m[K  couldn’t deduce template parameter ‘[01m[K_Yp[m[K’
[2.536s]    23 |         waypoint_publisher_ = this->[01;36m[Kcreate_publisher<autonomy_waypoint_control>[m[K"/fmu/in/autonomy_waypoint", 10, [this](const            px4_msgs::msg::TrajectorySetpoint::SharedPtr msg);
[2.536s]       |                                     [01;36m[K^~~~~~~~~~~~~~~~~~~~~~~~~~~~~~~~~~~~~~~~~~~[m[K
[2.536s] In file included from [01m[K/usr/include/c++/11/memory:77[m[K,
[2.536s]                  from [01m[K/home/dserbin/Documents/M-LADIS-sim/PX4 Aux/ws_sensor_combined/install/px4_msgs/include/px4_msgs/px4_msgs/msg/detail/offboard_control_mode__struct.hpp:10[m[K,
[2.536s]                  from [01m[K/home/dserbin/Documents/M-LADIS-sim/PX4 Aux/ws_sensor_combined/install/px4_msgs/include/px4_msgs/px4_msgs/msg/offboard_control_mode.hpp:7[m[K,
[2.536s]                  from [01m[K/home/dserbin/Documents/M-LADIS-sim/PX4 Aux/ws_sensor_combined/src/px4_ros_com/src/examples/offboard/test_flight_control.cpp:1[m[K:
[2.536s] [01m[K/usr/include/c++/11/bits/shared_ptr.h:391:9:[m[K [01;36m[Knote: [m[Kcandidate: ‘[01m[Ktemplate<class _Yp> std::shared_ptr<_Tp>::_Assignable<std::shared_ptr<_Yp> > std::shared_ptr<_Tp>::operator=(std::shared_ptr<_Yp>&&) [with _Yp = _Yp; _Tp = rclcpp::Publisher<px4_msgs::msg::TrajectorySetpoint_<std::allocator<void> > >][m[K’
[2.536s]   391 |         [01;36m[Koperator[m[K=(shared_ptr<_Yp>&& __r) noexcept
[2.536s]       |         [01;36m[K^~~~~~~~[m[K
[2.536s] [01m[K/usr/include/c++/11/bits/shared_ptr.h:391:9:[m[K [01;36m[Knote: [m[K  template argument deduction/substitution failed:
[2.536s] [01m[K/home/dserbin/Documents/M-LADIS-sim/PX4 Aux/ws_sensor_combined/src/px4_ros_com/src/examples/offboard/test_flight_control.cpp:23:37:[m[K [01;36m[Knote: [m[K  couldn’t deduce template parameter ‘[01m[K_Yp[m[K’
[2.536s]    23 |         waypoint_publisher_ = this->[01;36m[Kcreate_publisher<autonomy_waypoint_control>[m[K"/fmu/in/autonomy_waypoint", 10, [this](const            px4_msgs::msg::TrajectorySetpoint::SharedPtr msg);
[2.536s]       |                                     [01;36m[K^~~~~~~~~~~~~~~~~~~~~~~~~~~~~~~~~~~~~~~~~~~[m[K
[2.536s] In file included from [01m[K/usr/include/c++/11/memory:77[m[K,
[2.536s]                  from [01m[K/home/dserbin/Documents/M-LADIS-sim/PX4 Aux/ws_sensor_combined/install/px4_msgs/include/px4_msgs/px4_msgs/msg/detail/offboard_control_mode__struct.hpp:10[m[K,
[2.536s]                  from [01m[K/home/dserbin/Documents/M-LADIS-sim/PX4 Aux/ws_sensor_combined/install/px4_msgs/include/px4_msgs/px4_msgs/msg/offboard_control_mode.hpp:7[m[K,
[2.537s]                  from [01m[K/home/dserbin/Documents/M-LADIS-sim/PX4 Aux/ws_sensor_combined/src/px4_ros_com/src/examples/offboard/test_flight_control.cpp:1[m[K:
[2.537s] [01m[K/usr/include/c++/11/bits/shared_ptr.h:399:9:[m[K [01;36m[Knote: [m[Kcandidate: ‘[01m[Ktemplate<class _Yp, class _Del> std::shared_ptr<_Tp>::_Assignable<std::unique_ptr<_Up, _Ep> > std::shared_ptr<_Tp>::operator=(std::unique_ptr<_Up, _Ep>&&) [with _Yp = _Yp; _Del = _Del; _Tp = rclcpp::Publisher<px4_msgs::msg::TrajectorySetpoint_<std::allocator<void> > >][m[K’
[2.537s]   399 |         [01;36m[Koperator[m[K=(unique_ptr<_Yp, _Del>&& __r)
[2.537s]       |         [01;36m[K^~~~~~~~[m[K
[2.537s] [01m[K/usr/include/c++/11/bits/shared_ptr.h:399:9:[m[K [01;36m[Knote: [m[K  template argument deduction/substitution failed:
[2.537s] [01m[K/home/dserbin/Documents/M-LADIS-sim/PX4 Aux/ws_sensor_combined/src/px4_ros_com/src/examples/offboard/test_flight_control.cpp:23:37:[m[K [01;36m[Knote: [m[K  couldn’t deduce template parameter ‘[01m[K_Yp[m[K’
[2.537s]    23 |         waypoint_publisher_ = this->[01;36m[Kcreate_publisher<autonomy_waypoint_control>[m[K"/fmu/in/autonomy_waypoint", 10, [this](const            px4_msgs::msg::TrajectorySetpoint::SharedPtr msg);
[2.537s]       |                                     [01;36m[K^~~~~~~~~~~~~~~~~~~~~~~~~~~~~~~~~~~~~~~~~~~[m[K
[2.537s] In file included from [01m[K/usr/include/c++/11/memory:77[m[K,
[2.537s]                  from [01m[K/home/dserbin/Documents/M-LADIS-sim/PX4 Aux/ws_sensor_combined/install/px4_msgs/include/px4_msgs/px4_msgs/msg/detail/offboard_control_mode__struct.hpp:10[m[K,
[2.537s]                  from [01m[K/home/dserbin/Documents/M-LADIS-sim/PX4 Aux/ws_sensor_combined/install/px4_msgs/include/px4_msgs/px4_msgs/msg/offboard_control_mode.hpp:7[m[K,
[2.537s]                  from [01m[K/home/dserbin/Documents/M-LADIS-sim/PX4 Aux/ws_sensor_combined/src/px4_ros_com/src/examples/offboard/test_flight_control.cpp:1[m[K:
[2.537s] [01m[K/usr/include/c++/11/bits/shared_ptr.h:359:19:[m[K [01;36m[Knote: [m[Kcandidate: ‘[01m[Kstd::shared_ptr<_Tp>& std::shared_ptr<_Tp>::operator=(const std::shared_ptr<_Tp>&) [with _Tp = rclcpp::Publisher<px4_msgs::msg::TrajectorySetpoint_<std::allocator<void> > >][m[K’
[2.537s]   359 |       shared_ptr& [01;36m[Koperator[m[K=(const shared_ptr&) noexcept = default;
[2.537s]       |                   [01;36m[K^~~~~~~~[m[K
[2.537s] [01m[K/usr/include/c++/11/bits/shared_ptr.h:359:29:[m[K [01;36m[Knote: [m[K  no known conversion for argument 1 from ‘[01m[K<unresolved overloaded function type>[m[K’ to ‘[01m[Kconst std::shared_ptr<rclcpp::Publisher<px4_msgs::msg::TrajectorySetpoint_<std::allocator<void> > > >&[m[K’
[2.537s]   359 |       shared_ptr& operator=([01;36m[Kconst shared_ptr&[m[K) noexcept = default;
[2.537s]       |                             [01;36m[K^~~~~~~~~~~~~~~~~[m[K
[2.537s] [01m[K/usr/include/c++/11/bits/shared_ptr.h:383:7:[m[K [01;36m[Knote: [m[Kcandidate: ‘[01m[Kstd::shared_ptr<_Tp>& std::shared_ptr<_Tp>::operator=(std::shared_ptr<_Tp>&&) [with _Tp = rclcpp::Publisher<px4_msgs::msg::TrajectorySetpoint_<std::allocator<void> > >][m[K’
[2.537s]   383 |       [01;36m[Koperator[m[K=(shared_ptr&& __r) noexcept
[2.537s]       |       [01;36m[K^~~~~~~~[m[K
[2.537s] [01m[K/usr/include/c++/11/bits/shared_ptr.h:383:30:[m[K [01;36m[Knote: [m[K  no known conversion for argument 1 from ‘[01m[K<unresolved overloaded function type>[m[K’ to ‘[01m[Kstd::shared_ptr<rclcpp::Publisher<px4_msgs::msg::TrajectorySetpoint_<std::allocator<void> > > >&&[m[K’
[2.537s]   383 |       operator=([01;36m[Kshared_ptr&& __r[m[K) noexcept
[2.538s]       |                 [01;36m[K~~~~~~~~~~~~~^~~[m[K
[3.134s] gmake[2]: *** [CMakeFiles/test_flight_control.dir/build.make:76: CMakeFiles/test_flight_control.dir/src/examples/offboard/test_flight_control.cpp.o] Error 1
[3.134s] gmake[1]: *** [CMakeFiles/Makefile2:277: CMakeFiles/test_flight_control.dir/all] Error 2
[3.135s] gmake: *** [Makefile:146: all] Error 2
[3.138s] Invoked command in '/home/dserbin/Documents/M-LADIS-sim/PX4 Aux/ws_sensor_combined/build/px4_ros_com' returned '2': CMAKE_PREFIX_PATH=/home/dserbin/Documents/M-LADIS-sim/PX4 Aux/ws_sensor_combined/install/px4_msgs:/home/dserbin/Documents/M-LADIS-sim/PX4 Aux/ws_sensor_combined/install/px4_ros_com:/opt/ros/humble LD_LIBRARY_PATH=/home/dserbin/Documents/M-LADIS-sim/PX4 Aux/ws_sensor_combined/install/px4_msgs/lib:/home/dserbin/Documents/M-LADIS-sim/PX4 Aux/ws_sensor_combined/install/px4_ros_com/lib:/opt/ros/humble/opt/rviz_ogre_vendor/lib:/opt/ros/humble/lib/x86_64-linux-gnu:/opt/ros/humble/lib /usr/bin/cmake --build /home/dserbin/Documents/M-LADIS-sim/PX4 Aux/ws_sensor_combined/build/px4_ros_com -- -j16 -l16
