[0.006s] Invoking command in '/home/blake/M-LADIS-Jerry/ws_sensor_combined/build/px4_ros_com': CMAKE_PREFIX_PATH=/home/blake/M-LADIS-Jerry/ws_sensor_combined/install/px4_msgs:/home/blake/M-LADIS-Jerry/ws_sensor_combined/install/px4_ros_com:/home/blake/M-LADIS-Jerry/ws_sensor_combined/install/nearest_poster_yaw:/home/blake/M-LADIS-Jerry/ws_sensor_combined/install/localization:/home/blake/M-LADIS-Jerry/ws_sensor_combined/install/classifier:/opt/ros/humble /usr/bin/cmake --build /home/blake/M-LADIS-Jerry/ws_sensor_combined/build/px4_ros_com -- -j12 -l12
[0.052s] [ 33%] Built target sensor_combined_listener
[0.052s] [ 33%] Built target vehicle_gps_position_listener
[0.052s] [ 50%] Built target debug_vect_advertiser
[0.053s] [ 66%] Built target test_flight_control
[0.053s] [ 83%] Built target offboard_control
[0.064s] [ 91%] [32mBuilding CXX object CMakeFiles/PointCloudProcessor.dir/src/PointCloudProcessor.cpp.o[0m
[11.775s] [100%] [32m[1mLinking CXX executable PointCloudProcessor[0m
[18.273s] [100%] Built target PointCloudProcessor
[18.282s] Invoked command in '/home/blake/M-LADIS-Jerry/ws_sensor_combined/build/px4_ros_com' returned '0': CMAKE_PREFIX_PATH=/home/blake/M-LADIS-Jerry/ws_sensor_combined/install/px4_msgs:/home/blake/M-LADIS-Jerry/ws_sensor_combined/install/px4_ros_com:/home/blake/M-LADIS-Jerry/ws_sensor_combined/install/nearest_poster_yaw:/home/blake/M-LADIS-Jerry/ws_sensor_combined/install/localization:/home/blake/M-LADIS-Jerry/ws_sensor_combined/install/classifier:/opt/ros/humble /usr/bin/cmake --build /home/blake/M-LADIS-Jerry/ws_sensor_combined/build/px4_ros_com -- -j12 -l12
[18.321s] Invoking command in '/home/blake/M-LADIS-Jerry/ws_sensor_combined/build/px4_ros_com': CMAKE_PREFIX_PATH=/home/blake/M-LADIS-Jerry/ws_sensor_combined/install/px4_msgs:/home/blake/M-LADIS-Jerry/ws_sensor_combined/install/px4_ros_com:/home/blake/M-LADIS-Jerry/ws_sensor_combined/install/nearest_poster_yaw:/home/blake/M-LADIS-Jerry/ws_sensor_combined/install/localization:/home/blake/M-LADIS-Jerry/ws_sensor_combined/install/classifier:/opt/ros/humble /usr/bin/cmake --install /home/blake/M-LADIS-Jerry/ws_sensor_combined/build/px4_ros_com
[18.348s] -- Install configuration: ""
[18.380s] -- Up-to-date: /home/blake/M-LADIS-Jerry/ws_sensor_combined/install/px4_ros_com/lib/px4_ros_com/sensor_combined_listener
[18.381s] -- Up-to-date: /home/blake/M-LADIS-Jerry/ws_sensor_combined/install/px4_ros_com/lib/px4_ros_com/vehicle_gps_position_listener
[18.382s] -- Up-to-date: /home/blake/M-LADIS-Jerry/ws_sensor_combined/install/px4_ros_com/lib/px4_ros_com/debug_vect_advertiser
[18.383s] -- Up-to-date: /home/blake/M-LADIS-Jerry/ws_sensor_combined/install/px4_ros_com/lib/px4_ros_com/offboard_control
[18.384s] -- Up-to-date: /home/blake/M-LADIS-Jerry/ws_sensor_combined/install/px4_ros_com/lib/px4_ros_com/test_flight_control
[18.385s] -- Installing: /home/blake/M-LADIS-Jerry/ws_sensor_combined/install/px4_ros_com/lib/px4_ros_com/PointCloudProcessor
[18.399s] -- Set runtime path of "/home/blake/M-LADIS-Jerry/ws_sensor_combined/install/px4_ros_com/lib/px4_ros_com/PointCloudProcessor" to ""
[18.400s] -- Up-to-date: /home/blake/M-LADIS-Jerry/ws_sensor_combined/install/px4_ros_com/include/px4_ros_com
[18.401s] -- Up-to-date: /home/blake/M-LADIS-Jerry/ws_sensor_combined/install/px4_ros_com/include/px4_ros_com/frame_transforms.h
[18.401s] -- Up-to-date: /home/blake/M-LADIS-Jerry/ws_sensor_combined/install/px4_ros_com/share/px4_ros_com//launch
[18.402s] -- Up-to-date: /home/blake/M-LADIS-Jerry/ws_sensor_combined/install/px4_ros_com/share/px4_ros_com//launch/offboard_control_launch.yaml
[18.402s] -- Up-to-date: /home/blake/M-LADIS-Jerry/ws_sensor_combined/install/px4_ros_com/share/px4_ros_com//launch/sensor_combined_listener.launch.py
[18.403s] -- Up-to-date: /home/blake/M-LADIS-Jerry/ws_sensor_combined/install/px4_ros_com/share/px4_ros_com//test
[18.403s] -- Up-to-date: /home/blake/M-LADIS-Jerry/ws_sensor_combined/install/px4_ros_com/share/px4_ros_com//test/pipeline_io_test.py
[18.404s] -- Up-to-date: /home/blake/M-LADIS-Jerry/ws_sensor_combined/install/px4_ros_com/share/px4_ros_com//test/__init__.py
[18.404s] -- Up-to-date: /home/blake/M-LADIS-Jerry/ws_sensor_combined/install/px4_ros_com/share/px4_ros_com//test/test_input.py
[18.404s] -- Up-to-date: /home/blake/M-LADIS-Jerry/ws_sensor_combined/install/px4_ros_com/share/px4_ros_com//test/test_output.py
[18.404s] -- Up-to-date: /home/blake/M-LADIS-Jerry/ws_sensor_combined/install/px4_ros_com/share/ament_index/resource_index/package_run_dependencies/px4_ros_com
[18.405s] -- Up-to-date: /home/blake/M-LADIS-Jerry/ws_sensor_combined/install/px4_ros_com/share/ament_index/resource_index/parent_prefix_path/px4_ros_com
[18.405s] -- Up-to-date: /home/blake/M-LADIS-Jerry/ws_sensor_combined/install/px4_ros_com/share/px4_ros_com/environment/ament_prefix_path.sh
[18.405s] -- Up-to-date: /home/blake/M-LADIS-Jerry/ws_sensor_combined/install/px4_ros_com/share/px4_ros_com/environment/ament_prefix_path.dsv
[18.405s] -- Up-to-date: /home/blake/M-LADIS-Jerry/ws_sensor_combined/install/px4_ros_com/share/px4_ros_com/environment/path.sh
[18.406s] -- Up-to-date: /home/blake/M-LADIS-Jerry/ws_sensor_combined/install/px4_ros_com/share/px4_ros_com/environment/path.dsv
[18.406s] -- Up-to-date: /home/blake/M-LADIS-Jerry/ws_sensor_combined/install/px4_ros_com/share/px4_ros_com/local_setup.bash
[18.406s] -- Up-to-date: /home/blake/M-LADIS-Jerry/ws_sensor_combined/install/px4_ros_com/share/px4_ros_com/local_setup.sh
[18.406s] -- Up-to-date: /home/blake/M-LADIS-Jerry/ws_sensor_combined/install/px4_ros_com/share/px4_ros_com/local_setup.zsh
[18.407s] -- Up-to-date: /home/blake/M-LADIS-Jerry/ws_sensor_combined/install/px4_ros_com/share/px4_ros_com/local_setup.dsv
[18.407s] -- Installing: /home/blake/M-LADIS-Jerry/ws_sensor_combined/install/px4_ros_com/share/px4_ros_com/package.dsv
[18.407s] -- Up-to-date: /home/blake/M-LADIS-Jerry/ws_sensor_combined/install/px4_ros_com/share/ament_index/resource_index/packages/px4_ros_com
[18.408s] -- Up-to-date: /home/blake/M-LADIS-Jerry/ws_sensor_combined/install/px4_ros_com/share/px4_ros_com/cmake/ament_cmake_export_dependencies-extras.cmake
[18.408s] -- Up-to-date: /home/blake/M-LADIS-Jerry/ws_sensor_combined/install/px4_ros_com/share/px4_ros_com/cmake/ament_cmake_export_include_directories-extras.cmake
[18.408s] -- Up-to-date: /home/blake/M-LADIS-Jerry/ws_sensor_combined/install/px4_ros_com/share/px4_ros_com/cmake/px4_ros_comConfig.cmake
[18.408s] -- Up-to-date: /home/blake/M-LADIS-Jerry/ws_sensor_combined/install/px4_ros_com/share/px4_ros_com/cmake/px4_ros_comConfig-version.cmake
[18.409s] -- Up-to-date: /home/blake/M-LADIS-Jerry/ws_sensor_combined/install/px4_ros_com/share/px4_ros_com/package.xml
[18.410s] Invoked command in '/home/blake/M-LADIS-Jerry/ws_sensor_combined/build/px4_ros_com' returned '0': CMAKE_PREFIX_PATH=/home/blake/M-LADIS-Jerry/ws_sensor_combined/install/px4_msgs:/home/blake/M-LADIS-Jerry/ws_sensor_combined/install/px4_ros_com:/home/blake/M-LADIS-Jerry/ws_sensor_combined/install/nearest_poster_yaw:/home/blake/M-LADIS-Jerry/ws_sensor_combined/install/localization:/home/blake/M-LADIS-Jerry/ws_sensor_combined/install/classifier:/opt/ros/humble /usr/bin/cmake --install /home/blake/M-LADIS-Jerry/ws_sensor_combined/build/px4_ros_com
