-- The C compiler identification is GNU 11.4.0
-- The CXX compiler identification is GNU 11.4.0
-- Detecting C compiler ABI info
-- Detecting C compiler ABI info - done
-- Check for working C compiler: /usr/bin/cc - skipped
-- Detecting C compile features
-- Detecting C compile features - done
-- Detecting CXX compiler ABI info
-- Detecting CXX compiler ABI info - done
-- Check for working CXX compiler: /usr/bin/c++ - skipped
-- Detecting CXX compile features
-- Detecting CXX compile features - done
-- Found ament_cmake: 1.3.8 (/opt/ros/humble/share/ament_cmake/cmake)
-- Found Python3: /usr/bin/python3 (found version "3.10.12") found components: Interpreter 
-- Found builtin_interfaces: 1.2.1 (/opt/ros/humble/share/builtin_interfaces/cmake)
-- Found rosidl_generator_c: 3.1.5 (/opt/ros/humble/share/rosidl_generator_c/cmake)
-- Found rosidl_adapter: 3.1.5 (/opt/ros/humble/share/rosidl_adapter/cmake)
-- Found rosidl_generator_cpp: 3.1.5 (/opt/ros/humble/share/rosidl_generator_cpp/cmake)
-- Using all available rosidl_typesupport_c: rosidl_typesupport_fastrtps_c;rosidl_typesupport_introspection_c
-- Using all available rosidl_typesupport_cpp: rosidl_typesupport_fastrtps_cpp;rosidl_typesupport_introspection_cpp
-- Found std_msgs: 4.2.3 (/opt/ros/humble/share/std_msgs/cmake)
-- Found geometry_msgs: 4.2.3 (/opt/ros/humble/share/geometry_msgs/cmake)
-- Found ros_gz_interfaces: 0.244.13 (/home/dserbin/Documents/M-LADIS-sim/PX4 Aux/ws_sensor_combined/install/ros_gz_interfaces/share/ros_gz_interfaces/cmake)
-- Found rosidl_default_generators: 1.2.0 (/opt/ros/humble/share/rosidl_default_generators/cmake)
-- Found ament_cmake_cppcheck: 0.12.10 (/opt/ros/humble/share/ament_cmake_cppcheck/cmake)
-- Found ament_cmake_cpplint: 0.12.10 (/opt/ros/humble/share/ament_cmake_cpplint/cmake)
-- Found ament_cmake_uncrustify: 0.12.10 (/opt/ros/humble/share/ament_cmake_uncrustify/cmake)
-- Found ament_cmake_ros: 0.10.0 (/opt/ros/humble/share/ament_cmake_ros/cmake)
-- Using all available rosidl_typesupport_c: rosidl_typesupport_fastrtps_c;rosidl_typesupport_introspection_c
-- Using all available rosidl_typesupport_cpp: rosidl_typesupport_fastrtps_cpp;rosidl_typesupport_introspection_cpp
-- Found PythonInterp: /usr/bin/python3 (found suitable version "3.10.12", minimum required is "3.6") 
-- Found python_cmake_module: 0.10.0 (/opt/ros/humble/share/python_cmake_module/cmake)
-- Found PythonLibs: /usr/lib/x86_64-linux-gnu/libpython3.10.so (found suitable version "3.10.12", minimum required is "3.5") 
-- Using PYTHON_EXECUTABLE: /usr/bin/python3
-- Using PYTHON_INCLUDE_DIRS: /usr/include/python3.10
-- Using PYTHON_LIBRARIES: /usr/lib/x86_64-linux-gnu/libpython3.10.so
-- Found PythonExtra: .so  
-- Found ament_cmake_flake8: 0.12.10 (/opt/ros/humble/share/ament_cmake_flake8/cmake)
-- Found ament_cmake_pep257: 0.12.10 (/opt/ros/humble/share/ament_cmake_pep257/cmake)
-- Configuring done
-- Generating done
-- Build files have been written to: /home/dserbin/Documents/M-LADIS-sim/PX4 Aux/ws_sensor_combined/build/ros_ign_interfaces
[  0%] [34m[1mGenerating C code for ROS interfaces[0m
[  0%] [34m[1mGenerating C++ code for ROS interfaces[0m
[  0%] Built target ament_cmake_python_copy_ros_ign_interfaces
running egg_info
creating ros_ign_interfaces.egg-info
writing ros_ign_interfaces.egg-info/PKG-INFO
writing dependency_links to ros_ign_interfaces.egg-info/dependency_links.txt
writing top-level names to ros_ign_interfaces.egg-info/top_level.txt
writing manifest file 'ros_ign_interfaces.egg-info/SOURCES.txt'
reading manifest file 'ros_ign_interfaces.egg-info/SOURCES.txt'
writing manifest file 'ros_ign_interfaces.egg-info/SOURCES.txt'
[  0%] Built target ament_cmake_python_build_ros_ign_interfaces_egg
[  0%] Built target ros_ign_interfaces__cpp
[  1%] [34m[1mGenerating C++ type support dispatch for ROS interfaces[0m
[  2%] [34m[1mGenerating C++ type support for eProsima Fast-RTPS[0m
[  2%] [34m[1mGenerating C++ introspection for ROS interfaces[0m
[  3%] [32mBuilding C object CMakeFiles/ros_ign_interfaces__rosidl_generator_c.dir/rosidl_generator_c/ros_ign_interfaces/msg/detail/contact__functions.c.o[0m
[  4%] [32mBuilding C object CMakeFiles/ros_ign_interfaces__rosidl_generator_c.dir/rosidl_generator_c/ros_ign_interfaces/msg/detail/contacts__functions.c.o[0m
[  4%] [32mBuilding C object CMakeFiles/ros_ign_interfaces__rosidl_generator_c.dir/rosidl_generator_c/ros_ign_interfaces/msg/detail/entity__functions.c.o[0m
[  5%] [32mBuilding C object CMakeFiles/ros_ign_interfaces__rosidl_generator_c.dir/rosidl_generator_c/ros_ign_interfaces/msg/detail/entity_factory__functions.c.o[0m
[  6%] [32mBuilding C object CMakeFiles/ros_ign_interfaces__rosidl_generator_c.dir/rosidl_generator_c/ros_ign_interfaces/msg/detail/gui_camera__functions.c.o[0m
[  6%] [32mBuilding C object CMakeFiles/ros_ign_interfaces__rosidl_generator_c.dir/rosidl_generator_c/ros_ign_interfaces/msg/detail/joint_wrench__functions.c.o[0m
[  7%] [32mBuilding C object CMakeFiles/ros_ign_interfaces__rosidl_generator_c.dir/rosidl_generator_c/ros_ign_interfaces/msg/detail/light__functions.c.o[0m
[  8%] [32mBuilding C object CMakeFiles/ros_ign_interfaces__rosidl_generator_c.dir/rosidl_generator_c/ros_ign_interfaces/msg/detail/string_vec__functions.c.o[0m
[  8%] [32mBuilding C object CMakeFiles/ros_ign_interfaces__rosidl_generator_c.dir/rosidl_generator_c/ros_ign_interfaces/msg/detail/track_visual__functions.c.o[0m
[  9%] [32mBuilding C object CMakeFiles/ros_ign_interfaces__rosidl_generator_c.dir/rosidl_generator_c/ros_ign_interfaces/msg/detail/video_record__functions.c.o[0m
[  9%] [32mBuilding C object CMakeFiles/ros_ign_interfaces__rosidl_generator_c.dir/rosidl_generator_c/ros_ign_interfaces/msg/detail/world_reset__functions.c.o[0m
[ 10%] [32mBuilding C object CMakeFiles/ros_ign_interfaces__rosidl_generator_c.dir/rosidl_generator_c/ros_ign_interfaces/msg/detail/world_control__functions.c.o[0m
[ 11%] [32mBuilding C object CMakeFiles/ros_ign_interfaces__rosidl_generator_c.dir/rosidl_generator_c/ros_ign_interfaces/srv/detail/control_world__functions.c.o[0m
[ 12%] [32mBuilding C object CMakeFiles/ros_ign_interfaces__rosidl_generator_c.dir/rosidl_generator_c/ros_ign_interfaces/srv/detail/delete_entity__functions.c.o[0m
[ 12%] [32mBuilding C object CMakeFiles/ros_ign_interfaces__rosidl_generator_c.dir/rosidl_generator_c/ros_ign_interfaces/srv/detail/set_entity_pose__functions.c.o[0m
[ 13%] [32mBuilding C object CMakeFiles/ros_ign_interfaces__rosidl_generator_c.dir/rosidl_generator_c/ros_ign_interfaces/srv/detail/spawn_entity__functions.c.o[0m
[ 14%] [32m[1mLinking C shared library libros_ign_interfaces__rosidl_generator_c.so[0m
[ 14%] Built target ros_ign_interfaces__rosidl_generator_c
[ 15%] [34m[1mGenerating C type support for eProsima Fast-RTPS[0m
[ 16%] [34m[1mGenerating C introspection for ROS interfaces[0m
[ 17%] [34m[1mGenerating C type support dispatch for ROS interfaces[0m
[ 18%] [32mBuilding CXX object CMakeFiles/ros_ign_interfaces__rosidl_typesupport_cpp.dir/rosidl_typesupport_cpp/ros_ign_interfaces/msg/contact__type_support.cpp.o[0m
[ 18%] [32mBuilding CXX object CMakeFiles/ros_ign_interfaces__rosidl_typesupport_cpp.dir/rosidl_typesupport_cpp/ros_ign_interfaces/msg/contacts__type_support.cpp.o[0m
[ 19%] [32mBuilding CXX object CMakeFiles/ros_ign_interfaces__rosidl_typesupport_cpp.dir/rosidl_typesupport_cpp/ros_ign_interfaces/msg/entity__type_support.cpp.o[0m
[ 20%] [32mBuilding CXX object CMakeFiles/ros_ign_interfaces__rosidl_typesupport_cpp.dir/rosidl_typesupport_cpp/ros_ign_interfaces/msg/entity_factory__type_support.cpp.o[0m
[ 20%] [32mBuilding CXX object CMakeFiles/ros_ign_interfaces__rosidl_typesupport_cpp.dir/rosidl_typesupport_cpp/ros_ign_interfaces/msg/gui_camera__type_support.cpp.o[0m
[ 21%] [32mBuilding CXX object CMakeFiles/ros_ign_interfaces__rosidl_typesupport_cpp.dir/rosidl_typesupport_cpp/ros_ign_interfaces/msg/joint_wrench__type_support.cpp.o[0m
[ 22%] [32mBuilding CXX object CMakeFiles/ros_ign_interfaces__rosidl_typesupport_cpp.dir/rosidl_typesupport_cpp/ros_ign_interfaces/msg/light__type_support.cpp.o[0m
[ 22%] [32mBuilding CXX object CMakeFiles/ros_ign_interfaces__rosidl_typesupport_cpp.dir/rosidl_typesupport_cpp/ros_ign_interfaces/msg/string_vec__type_support.cpp.o[0m
[ 23%] [32mBuilding CXX object CMakeFiles/ros_ign_interfaces__rosidl_typesupport_cpp.dir/rosidl_typesupport_cpp/ros_ign_interfaces/msg/track_visual__type_support.cpp.o[0m
[ 24%] [32mBuilding CXX object CMakeFiles/ros_ign_interfaces__rosidl_typesupport_cpp.dir/rosidl_typesupport_cpp/ros_ign_interfaces/msg/video_record__type_support.cpp.o[0m
[ 24%] [32mBuilding CXX object CMakeFiles/ros_ign_interfaces__rosidl_typesupport_cpp.dir/rosidl_typesupport_cpp/ros_ign_interfaces/msg/world_control__type_support.cpp.o[0m
[ 25%] [32mBuilding CXX object CMakeFiles/ros_ign_interfaces__rosidl_typesupport_cpp.dir/rosidl_typesupport_cpp/ros_ign_interfaces/msg/world_reset__type_support.cpp.o[0m
[ 26%] [32mBuilding CXX object CMakeFiles/ros_ign_interfaces__rosidl_typesupport_cpp.dir/rosidl_typesupport_cpp/ros_ign_interfaces/srv/control_world__type_support.cpp.o[0m
[ 27%] [32mBuilding CXX object CMakeFiles/ros_ign_interfaces__rosidl_typesupport_cpp.dir/rosidl_typesupport_cpp/ros_ign_interfaces/srv/set_entity_pose__type_support.cpp.o[0m
[ 28%] [32mBuilding CXX object CMakeFiles/ros_ign_interfaces__rosidl_typesupport_cpp.dir/rosidl_typesupport_cpp/ros_ign_interfaces/srv/spawn_entity__type_support.cpp.o[0m
[ 28%] [32mBuilding CXX object CMakeFiles/ros_ign_interfaces__rosidl_typesupport_cpp.dir/rosidl_typesupport_cpp/ros_ign_interfaces/srv/delete_entity__type_support.cpp.o[0m
[ 29%] [32mBuilding CXX object CMakeFiles/ros_ign_interfaces__rosidl_typesupport_introspection_cpp.dir/rosidl_typesupport_introspection_cpp/ros_ign_interfaces/msg/detail/contact__type_support.cpp.o[0m
[ 30%] [32mBuilding CXX object CMakeFiles/ros_ign_interfaces__rosidl_typesupport_introspection_cpp.dir/rosidl_typesupport_introspection_cpp/ros_ign_interfaces/msg/detail/contacts__type_support.cpp.o[0m
[ 31%] [32mBuilding CXX object CMakeFiles/ros_ign_interfaces__rosidl_typesupport_introspection_cpp.dir/rosidl_typesupport_introspection_cpp/ros_ign_interfaces/msg/detail/entity__type_support.cpp.o[0m
[ 31%] [32mBuilding CXX object CMakeFiles/ros_ign_interfaces__rosidl_typesupport_introspection_cpp.dir/rosidl_typesupport_introspection_cpp/ros_ign_interfaces/msg/detail/entity_factory__type_support.cpp.o[0m
[ 32%] [32mBuilding CXX object CMakeFiles/ros_ign_interfaces__rosidl_typesupport_introspection_cpp.dir/rosidl_typesupport_introspection_cpp/ros_ign_interfaces/msg/detail/gui_camera__type_support.cpp.o[0m
[ 32%] [32mBuilding CXX object CMakeFiles/ros_ign_interfaces__rosidl_typesupport_introspection_cpp.dir/rosidl_typesupport_introspection_cpp/ros_ign_interfaces/msg/detail/joint_wrench__type_support.cpp.o[0m
[ 33%] [32mBuilding CXX object CMakeFiles/ros_ign_interfaces__rosidl_typesupport_introspection_cpp.dir/rosidl_typesupport_introspection_cpp/ros_ign_interfaces/msg/detail/light__type_support.cpp.o[0m
[ 34%] [32mBuilding CXX object CMakeFiles/ros_ign_interfaces__rosidl_typesupport_introspection_cpp.dir/rosidl_typesupport_introspection_cpp/ros_ign_interfaces/msg/detail/string_vec__type_support.cpp.o[0m
[ 34%] [32mBuilding CXX object CMakeFiles/ros_ign_interfaces__rosidl_typesupport_introspection_cpp.dir/rosidl_typesupport_introspection_cpp/ros_ign_interfaces/msg/detail/track_visual__type_support.cpp.o[0m
[ 35%] [32mBuilding CXX object CMakeFiles/ros_ign_interfaces__rosidl_typesupport_introspection_cpp.dir/rosidl_typesupport_introspection_cpp/ros_ign_interfaces/msg/detail/video_record__type_support.cpp.o[0m
[ 36%] [32mBuilding CXX object CMakeFiles/ros_ign_interfaces__rosidl_typesupport_introspection_cpp.dir/rosidl_typesupport_introspection_cpp/ros_ign_interfaces/msg/detail/world_control__type_support.cpp.o[0m
[ 36%] [32mBuilding CXX object CMakeFiles/ros_ign_interfaces__rosidl_typesupport_introspection_cpp.dir/rosidl_typesupport_introspection_cpp/ros_ign_interfaces/msg/detail/world_reset__type_support.cpp.o[0m
[ 36%] [32mBuilding CXX object CMakeFiles/ros_ign_interfaces__rosidl_typesupport_c.dir/rosidl_typesupport_c/ros_ign_interfaces/msg/contact__type_support.cpp.o[0m
[ 37%] [32mBuilding CXX object CMakeFiles/ros_ign_interfaces__rosidl_typesupport_introspection_cpp.dir/rosidl_typesupport_introspection_cpp/ros_ign_interfaces/srv/detail/control_world__type_support.cpp.o[0m
[ 37%] [32m[1mLinking CXX shared library libros_ign_interfaces__rosidl_typesupport_cpp.so[0m
[ 38%] [32mBuilding CXX object CMakeFiles/ros_ign_interfaces__rosidl_typesupport_c.dir/rosidl_typesupport_c/ros_ign_interfaces/msg/contacts__type_support.cpp.o[0m
[ 38%] Built target ros_ign_interfaces__rosidl_typesupport_cpp
[ 39%] [32mBuilding CXX object CMakeFiles/ros_ign_interfaces__rosidl_typesupport_introspection_cpp.dir/rosidl_typesupport_introspection_cpp/ros_ign_interfaces/srv/detail/delete_entity__type_support.cpp.o[0m
[ 39%] [32mBuilding CXX object CMakeFiles/ros_ign_interfaces__rosidl_typesupport_introspection_cpp.dir/rosidl_typesupport_introspection_cpp/ros_ign_interfaces/srv/detail/set_entity_pose__type_support.cpp.o[0m
[ 40%] [32mBuilding CXX object CMakeFiles/ros_ign_interfaces__rosidl_typesupport_c.dir/rosidl_typesupport_c/ros_ign_interfaces/msg/entity__type_support.cpp.o[0m
[ 40%] [32mBuilding CXX object CMakeFiles/ros_ign_interfaces__rosidl_typesupport_c.dir/rosidl_typesupport_c/ros_ign_interfaces/msg/entity_factory__type_support.cpp.o[0m
[ 41%] [32mBuilding CXX object CMakeFiles/ros_ign_interfaces__rosidl_typesupport_introspection_cpp.dir/rosidl_typesupport_introspection_cpp/ros_ign_interfaces/srv/detail/spawn_entity__type_support.cpp.o[0m
[ 42%] [32mBuilding CXX object CMakeFiles/ros_ign_interfaces__rosidl_typesupport_c.dir/rosidl_typesupport_c/ros_ign_interfaces/msg/gui_camera__type_support.cpp.o[0m
[ 43%] [32mBuilding CXX object CMakeFiles/ros_ign_interfaces__rosidl_typesupport_c.dir/rosidl_typesupport_c/ros_ign_interfaces/msg/joint_wrench__type_support.cpp.o[0m
[ 43%] [32mBuilding CXX object CMakeFiles/ros_ign_interfaces__rosidl_typesupport_c.dir/rosidl_typesupport_c/ros_ign_interfaces/msg/light__type_support.cpp.o[0m
[ 43%] [32mBuilding CXX object CMakeFiles/ros_ign_interfaces__rosidl_typesupport_fastrtps_c.dir/rosidl_typesupport_fastrtps_c/ros_ign_interfaces/msg/detail/contact__type_support_c.cpp.o[0m
[ 44%] [32mBuilding CXX object CMakeFiles/ros_ign_interfaces__rosidl_typesupport_c.dir/rosidl_typesupport_c/ros_ign_interfaces/msg/string_vec__type_support.cpp.o[0m
[ 45%] [32mBuilding CXX object CMakeFiles/ros_ign_interfaces__rosidl_typesupport_c.dir/rosidl_typesupport_c/ros_ign_interfaces/msg/track_visual__type_support.cpp.o[0m
[ 46%] [32mBuilding CXX object CMakeFiles/ros_ign_interfaces__rosidl_typesupport_fastrtps_c.dir/rosidl_typesupport_fastrtps_c/ros_ign_interfaces/msg/detail/contacts__type_support_c.cpp.o[0m
[ 47%] [32mBuilding CXX object CMakeFiles/ros_ign_interfaces__rosidl_typesupport_fastrtps_c.dir/rosidl_typesupport_fastrtps_c/ros_ign_interfaces/msg/detail/entity__type_support_c.cpp.o[0m
[ 47%] [32mBuilding CXX object CMakeFiles/ros_ign_interfaces__rosidl_typesupport_c.dir/rosidl_typesupport_c/ros_ign_interfaces/msg/video_record__type_support.cpp.o[0m
[ 48%] [32mBuilding CXX object CMakeFiles/ros_ign_interfaces__rosidl_typesupport_c.dir/rosidl_typesupport_c/ros_ign_interfaces/msg/world_control__type_support.cpp.o[0m
[ 49%] [32mBuilding CXX object CMakeFiles/ros_ign_interfaces__rosidl_typesupport_fastrtps_c.dir/rosidl_typesupport_fastrtps_c/ros_ign_interfaces/msg/detail/gui_camera__type_support_c.cpp.o[0m
[ 49%] [32mBuilding CXX object CMakeFiles/ros_ign_interfaces__rosidl_typesupport_fastrtps_c.dir/rosidl_typesupport_fastrtps_c/ros_ign_interfaces/msg/detail/entity_factory__type_support_c.cpp.o[0m
[ 50%] [32mBuilding CXX object CMakeFiles/ros_ign_interfaces__rosidl_typesupport_fastrtps_c.dir/rosidl_typesupport_fastrtps_c/ros_ign_interfaces/msg/detail/joint_wrench__type_support_c.cpp.o[0m
[ 51%] [32mBuilding CXX object CMakeFiles/ros_ign_interfaces__rosidl_typesupport_c.dir/rosidl_typesupport_c/ros_ign_interfaces/msg/world_reset__type_support.cpp.o[0m
[ 52%] [32mBuilding CXX object CMakeFiles/ros_ign_interfaces__rosidl_typesupport_fastrtps_cpp.dir/rosidl_typesupport_fastrtps_cpp/ros_ign_interfaces/msg/detail/dds_fastrtps/contact__type_support.cpp.o[0m
[ 52%] [32mBuilding CXX object CMakeFiles/ros_ign_interfaces__rosidl_typesupport_fastrtps_cpp.dir/rosidl_typesupport_fastrtps_cpp/ros_ign_interfaces/msg/detail/dds_fastrtps/contacts__type_support.cpp.o[0m
[ 52%] [32mBuilding CXX object CMakeFiles/ros_ign_interfaces__rosidl_typesupport_c.dir/rosidl_typesupport_c/ros_ign_interfaces/srv/control_world__type_support.cpp.o[0m
[ 53%] [32mBuilding CXX object CMakeFiles/ros_ign_interfaces__rosidl_typesupport_fastrtps_cpp.dir/rosidl_typesupport_fastrtps_cpp/ros_ign_interfaces/msg/detail/dds_fastrtps/entity__type_support.cpp.o[0m
[ 54%] [32mBuilding CXX object CMakeFiles/ros_ign_interfaces__rosidl_typesupport_fastrtps_cpp.dir/rosidl_typesupport_fastrtps_cpp/ros_ign_interfaces/msg/detail/dds_fastrtps/entity_factory__type_support.cpp.o[0m
[ 54%] [32mBuilding CXX object CMakeFiles/ros_ign_interfaces__rosidl_typesupport_fastrtps_c.dir/rosidl_typesupport_fastrtps_c/ros_ign_interfaces/msg/detail/light__type_support_c.cpp.o[0m
[ 55%] [32mBuilding CXX object CMakeFiles/ros_ign_interfaces__rosidl_typesupport_fastrtps_c.dir/rosidl_typesupport_fastrtps_c/ros_ign_interfaces/msg/detail/string_vec__type_support_c.cpp.o[0m
[ 56%] [32mBuilding CXX object CMakeFiles/ros_ign_interfaces__rosidl_typesupport_c.dir/rosidl_typesupport_c/ros_ign_interfaces/srv/delete_entity__type_support.cpp.o[0m
[ 57%] [32mBuilding CXX object CMakeFiles/ros_ign_interfaces__rosidl_typesupport_c.dir/rosidl_typesupport_c/ros_ign_interfaces/srv/set_entity_pose__type_support.cpp.o[0m
[ 58%] [32mBuilding C object CMakeFiles/ros_ign_interfaces__rosidl_typesupport_introspection_c.dir/rosidl_typesupport_introspection_c/ros_ign_interfaces/msg/detail/contact__type_support.c.o[0m
[ 59%] [32mBuilding CXX object CMakeFiles/ros_ign_interfaces__rosidl_typesupport_fastrtps_c.dir/rosidl_typesupport_fastrtps_c/ros_ign_interfaces/msg/detail/track_visual__type_support_c.cpp.o[0m
[ 59%] [32mBuilding CXX object CMakeFiles/ros_ign_interfaces__rosidl_typesupport_c.dir/rosidl_typesupport_c/ros_ign_interfaces/srv/spawn_entity__type_support.cpp.o[0m
[ 59%] [32mBuilding CXX object CMakeFiles/ros_ign_interfaces__rosidl_typesupport_fastrtps_c.dir/rosidl_typesupport_fastrtps_c/ros_ign_interfaces/msg/detail/video_record__type_support_c.cpp.o[0m
[ 59%] [32mBuilding C object CMakeFiles/ros_ign_interfaces__rosidl_typesupport_introspection_c.dir/rosidl_typesupport_introspection_c/ros_ign_interfaces/msg/detail/contacts__type_support.c.o[0m
[ 60%] [32m[1mLinking CXX shared library libros_ign_interfaces__rosidl_typesupport_introspection_cpp.so[0m
[ 61%] [32m[1mLinking CXX shared library libros_ign_interfaces__rosidl_typesupport_c.so[0m
[ 62%] [32mBuilding CXX object CMakeFiles/ros_ign_interfaces__rosidl_typesupport_fastrtps_c.dir/rosidl_typesupport_fastrtps_c/ros_ign_interfaces/msg/detail/world_control__type_support_c.cpp.o[0m
[ 63%] [32mBuilding C object CMakeFiles/ros_ign_interfaces__rosidl_typesupport_introspection_c.dir/rosidl_typesupport_introspection_c/ros_ign_interfaces/msg/detail/entity__type_support.c.o[0m
[ 64%] [32mBuilding C object CMakeFiles/ros_ign_interfaces__rosidl_typesupport_introspection_c.dir/rosidl_typesupport_introspection_c/ros_ign_interfaces/msg/detail/entity_factory__type_support.c.o[0m
[ 64%] Built target ros_ign_interfaces__rosidl_typesupport_c
[ 64%] [32mBuilding C object CMakeFiles/ros_ign_interfaces__rosidl_typesupport_introspection_c.dir/rosidl_typesupport_introspection_c/ros_ign_interfaces/msg/detail/gui_camera__type_support.c.o[0m
[ 65%] [32mBuilding CXX object CMakeFiles/ros_ign_interfaces__rosidl_typesupport_fastrtps_c.dir/rosidl_typesupport_fastrtps_c/ros_ign_interfaces/msg/detail/world_reset__type_support_c.cpp.o[0m
[ 66%] [32mBuilding C object CMakeFiles/ros_ign_interfaces__rosidl_typesupport_introspection_c.dir/rosidl_typesupport_introspection_c/ros_ign_interfaces/msg/detail/joint_wrench__type_support.c.o[0m
[ 66%] [32mBuilding CXX object CMakeFiles/ros_ign_interfaces__rosidl_typesupport_fastrtps_cpp.dir/rosidl_typesupport_fastrtps_cpp/ros_ign_interfaces/msg/detail/dds_fastrtps/gui_camera__type_support.cpp.o[0m
[ 66%] Built target ros_ign_interfaces__rosidl_typesupport_introspection_cpp
[ 67%] [32mBuilding CXX object CMakeFiles/ros_ign_interfaces__rosidl_typesupport_fastrtps_cpp.dir/rosidl_typesupport_fastrtps_cpp/ros_ign_interfaces/msg/detail/dds_fastrtps/joint_wrench__type_support.cpp.o[0m
[ 67%] [32mBuilding CXX object CMakeFiles/ros_ign_interfaces__rosidl_typesupport_fastrtps_c.dir/rosidl_typesupport_fastrtps_c/ros_ign_interfaces/srv/detail/control_world__type_support_c.cpp.o[0m
[ 67%] [32mBuilding C object CMakeFiles/ros_ign_interfaces__rosidl_typesupport_introspection_c.dir/rosidl_typesupport_introspection_c/ros_ign_interfaces/msg/detail/string_vec__type_support.c.o[0m
[ 68%] [32mBuilding C object CMakeFiles/ros_ign_interfaces__rosidl_typesupport_introspection_c.dir/rosidl_typesupport_introspection_c/ros_ign_interfaces/msg/detail/light__type_support.c.o[0m
[ 69%] [32mBuilding C object CMakeFiles/ros_ign_interfaces__rosidl_typesupport_introspection_c.dir/rosidl_typesupport_introspection_c/ros_ign_interfaces/msg/detail/track_visual__type_support.c.o[0m
[ 70%] [32mBuilding CXX object CMakeFiles/ros_ign_interfaces__rosidl_typesupport_fastrtps_c.dir/rosidl_typesupport_fastrtps_c/ros_ign_interfaces/srv/detail/delete_entity__type_support_c.cpp.o[0m
[ 71%] [32mBuilding C object CMakeFiles/ros_ign_interfaces__rosidl_typesupport_introspection_c.dir/rosidl_typesupport_introspection_c/ros_ign_interfaces/msg/detail/video_record__type_support.c.o[0m
[ 72%] [32mBuilding CXX object CMakeFiles/ros_ign_interfaces__rosidl_typesupport_fastrtps_c.dir/rosidl_typesupport_fastrtps_c/ros_ign_interfaces/srv/detail/set_entity_pose__type_support_c.cpp.o[0m
[ 72%] [32mBuilding C object CMakeFiles/ros_ign_interfaces__rosidl_typesupport_introspection_c.dir/rosidl_typesupport_introspection_c/ros_ign_interfaces/msg/detail/world_control__type_support.c.o[0m
[ 73%] [32mBuilding CXX object CMakeFiles/ros_ign_interfaces__rosidl_typesupport_fastrtps_cpp.dir/rosidl_typesupport_fastrtps_cpp/ros_ign_interfaces/msg/detail/dds_fastrtps/light__type_support.cpp.o[0m
[ 74%] [32mBuilding C object CMakeFiles/ros_ign_interfaces__rosidl_typesupport_introspection_c.dir/rosidl_typesupport_introspection_c/ros_ign_interfaces/msg/detail/world_reset__type_support.c.o[0m
[ 75%] [32mBuilding C object CMakeFiles/ros_ign_interfaces__rosidl_typesupport_introspection_c.dir/rosidl_typesupport_introspection_c/ros_ign_interfaces/srv/detail/control_world__type_support.c.o[0m
[ 75%] [32mBuilding CXX object CMakeFiles/ros_ign_interfaces__rosidl_typesupport_fastrtps_cpp.dir/rosidl_typesupport_fastrtps_cpp/ros_ign_interfaces/msg/detail/dds_fastrtps/string_vec__type_support.cpp.o[0m
[ 75%] [32mBuilding C object CMakeFiles/ros_ign_interfaces__rosidl_typesupport_introspection_c.dir/rosidl_typesupport_introspection_c/ros_ign_interfaces/srv/detail/delete_entity__type_support.c.o[0m
[ 76%] [32mBuilding C object CMakeFiles/ros_ign_interfaces__rosidl_typesupport_introspection_c.dir/rosidl_typesupport_introspection_c/ros_ign_interfaces/srv/detail/set_entity_pose__type_support.c.o[0m
[ 76%] [32mBuilding CXX object CMakeFiles/ros_ign_interfaces__rosidl_typesupport_fastrtps_c.dir/rosidl_typesupport_fastrtps_c/ros_ign_interfaces/srv/detail/spawn_entity__type_support_c.cpp.o[0m
[ 77%] [32mBuilding C object CMakeFiles/ros_ign_interfaces__rosidl_typesupport_introspection_c.dir/rosidl_typesupport_introspection_c/ros_ign_interfaces/srv/detail/spawn_entity__type_support.c.o[0m
[ 78%] [32mBuilding CXX object CMakeFiles/ros_ign_interfaces__rosidl_typesupport_fastrtps_cpp.dir/rosidl_typesupport_fastrtps_cpp/ros_ign_interfaces/msg/detail/dds_fastrtps/track_visual__type_support.cpp.o[0m
[ 79%] [32mBuilding CXX object CMakeFiles/ros_ign_interfaces__rosidl_typesupport_fastrtps_cpp.dir/rosidl_typesupport_fastrtps_cpp/ros_ign_interfaces/msg/detail/dds_fastrtps/video_record__type_support.cpp.o[0m
[ 79%] [32mBuilding CXX object CMakeFiles/ros_ign_interfaces__rosidl_typesupport_fastrtps_cpp.dir/rosidl_typesupport_fastrtps_cpp/ros_ign_interfaces/msg/detail/dds_fastrtps/world_control__type_support.cpp.o[0m
[ 80%] [32mBuilding CXX object CMakeFiles/ros_ign_interfaces__rosidl_typesupport_fastrtps_cpp.dir/rosidl_typesupport_fastrtps_cpp/ros_ign_interfaces/msg/detail/dds_fastrtps/world_reset__type_support.cpp.o[0m
[ 81%] [32mBuilding CXX object CMakeFiles/ros_ign_interfaces__rosidl_typesupport_fastrtps_cpp.dir/rosidl_typesupport_fastrtps_cpp/ros_ign_interfaces/srv/detail/dds_fastrtps/control_world__type_support.cpp.o[0m
[ 81%] [32mBuilding CXX object CMakeFiles/ros_ign_interfaces__rosidl_typesupport_fastrtps_cpp.dir/rosidl_typesupport_fastrtps_cpp/ros_ign_interfaces/srv/detail/dds_fastrtps/delete_entity__type_support.cpp.o[0m
[ 82%] [32mBuilding CXX object CMakeFiles/ros_ign_interfaces__rosidl_typesupport_fastrtps_cpp.dir/rosidl_typesupport_fastrtps_cpp/ros_ign_interfaces/srv/detail/dds_fastrtps/set_entity_pose__type_support.cpp.o[0m
[ 82%] [32m[1mLinking C shared library libros_ign_interfaces__rosidl_typesupport_introspection_c.so[0m
[ 83%] [32mBuilding CXX object CMakeFiles/ros_ign_interfaces__rosidl_typesupport_fastrtps_cpp.dir/rosidl_typesupport_fastrtps_cpp/ros_ign_interfaces/srv/detail/dds_fastrtps/spawn_entity__type_support.cpp.o[0m
[ 83%] Built target ros_ign_interfaces__rosidl_typesupport_introspection_c
