gmake[2]: *** [CMakeFiles/test_utils.dir/build.make:76: CMakeFiles/test_utils.dir/test/utils/gz_test_msg.cpp.o] Interrupt
gmake[2]: *** [CMakeFiles/ros_gz_bridge.dir/build.make:371: CMakeFiles/ros_gz_bridge.dir/src/convert/rosgraph_msgs.cpp.o] Interrupt
gmake[2]: *** [CMakeFiles/ros_gz_bridge.dir/build.make:217: CMakeFiles/ros_gz_bridge.dir/src/factory_interface.cpp.o] Interrupt
gmake[2]: *** [CMakeFiles/ros_gz_bridge.dir/build.make:189: CMakeFiles/ros_gz_bridge.dir/src/bridge_handle_ros_to_gz.cpp.o] Interrupt
gmake[2]: *** [CMakeFiles/ros_gz_bridge.dir/build.make:511: CMakeFiles/ros_gz_bridge.dir/generated/factories/geometry_msgs.cpp.o] Interrupt
gmake[2]: *** [CMakeFiles/ros_gz_bridge.dir/build.make:455: CMakeFiles/ros_gz_bridge.dir/generated/get_factory.cpp.o] Interrupt
gmake[2]: *** [CMakeFiles/ros_gz_bridge.dir/build.make:357: CMakeFiles/ros_gz_bridge.dir/src/convert/ros_gz_interfaces.cpp.o] Interrupt
gmake[2]: *** [CMakeFiles/ros_gz_bridge.dir/build.make:203: CMakeFiles/ros_gz_bridge.dir/src/bridge_handle_gz_to_ros.cpp.o] Interrupt
gmake[2]: *** [CMakeFiles/ros_gz_bridge.dir/build.make:259: CMakeFiles/ros_gz_bridge.dir/src/ros_gz_bridge.cpp.o] Interrupt
gmake[2]: *** [CMakeFiles/ros_gz_bridge.dir/build.make:231: CMakeFiles/ros_gz_bridge.dir/src/service_factory_interface.cpp.o] Interrupt
gmake[2]: *** [CMakeFiles/ros_gz_bridge.dir/build.make:175: CMakeFiles/ros_gz_bridge.dir/src/bridge_handle.cpp.o] Interrupt
gmake[2]: *** [CMakeFiles/test_utils.dir/build.make:90: CMakeFiles/test_utils.dir/test/utils/ros_test_msg.cpp.o] Interrupt
gmake[2]: *** [CMakeFiles/test_rcl_interfaces.dir/build.make:90: CMakeFiles/test_rcl_interfaces.dir/src/convert/rcl_interfaces_TEST.cpp.o] Interrupt
gmake[2]: *** [CMakeFiles/ros_gz_bridge.dir/build.make:245: CMakeFiles/ros_gz_bridge.dir/src/service_factories/ros_gz_interfaces.cpp.o] Interrupt
gmake[2]: *** [CMakeFiles/ros_gz_bridge.dir/build.make:483: CMakeFiles/ros_gz_bridge.dir/generated/factories/builtin_interfaces.cpp.o] Interrupt
gmake[2]: *** [CMakeFiles/ros_gz_bridge.dir/build.make:497: CMakeFiles/ros_gz_bridge.dir/generated/factories/actuator_msgs.cpp.o] Interrupt
gmake[1]: *** [CMakeFiles/Makefile2:368: CMakeFiles/test_utils.dir/all] Interrupt
gmake[1]: *** [CMakeFiles/Makefile2:183: CMakeFiles/ros_gz_bridge.dir/all] Interrupt
gmake[1]: *** [CMakeFiles/Makefile2:314: CMakeFiles/test_rcl_interfaces.dir/all] Interrupt
gmake: *** [Makefile:146: all] Interrupt
