[0.835s] Invoking command in '/home/robmoemac/M-LADIS-sim/PX4 Aux/ws_sensor_combined/src/computer_viz': PYTHONPATH=/home/robmoemac/M-LADIS-sim/PX4 Aux/ws_sensor_combined/build/computer_viz/prefix_override:/home/robmoemac/M-LADIS-sim/PX4 Aux/ws_sensor_combined/install/computer_viz/lib/python3.10/site-packages:${PYTHONPATH} /usr/bin/python3 setup.py egg_info --egg-base ../../build/computer_viz build --build-base /home/robmoemac/M-LADIS-sim/PX4 Aux/ws_sensor_combined/build/computer_viz/build install --record /home/robmoemac/M-LADIS-sim/PX4 Aux/ws_sensor_combined/build/computer_viz/install.log --single-version-externally-managed
[1.058s] running egg_info
[1.058s] creating ../../build/computer_viz/computer_viz.egg-info
[1.058s] writing ../../build/computer_viz/computer_viz.egg-info/PKG-INFO
[1.058s] writing dependency_links to ../../build/computer_viz/computer_viz.egg-info/dependency_links.txt
[1.059s] writing entry points to ../../build/computer_viz/computer_viz.egg-info/entry_points.txt
[1.059s] writing requirements to ../../build/computer_viz/computer_viz.egg-info/requires.txt
[1.059s] writing top-level names to ../../build/computer_viz/computer_viz.egg-info/top_level.txt
[1.059s] writing manifest file '../../build/computer_viz/computer_viz.egg-info/SOURCES.txt'
[1.060s] reading manifest file '../../build/computer_viz/computer_viz.egg-info/SOURCES.txt'
[1.061s] writing manifest file '../../build/computer_viz/computer_viz.egg-info/SOURCES.txt'
[1.061s] running build
[1.061s] running build_py
[1.061s] creating /home/robmoemac/M-LADIS-sim/PX4 Aux/ws_sensor_combined/build/computer_viz/build
[1.062s] creating /home/robmoemac/M-LADIS-sim/PX4 Aux/ws_sensor_combined/build/computer_viz/build/lib
[1.062s] creating /home/robmoemac/M-LADIS-sim/PX4 Aux/ws_sensor_combined/build/computer_viz/build/lib/computer_viz
[1.062s] copying computer_viz/__init__.py -> /home/robmoemac/M-LADIS-sim/PX4 Aux/ws_sensor_combined/build/computer_viz/build/lib/computer_viz
[1.062s] running install
[1.067s] /usr/lib/python3/dist-packages/setuptools/command/install.py:34: SetuptoolsDeprecationWarning: setup.py install is deprecated. Use build and pip and other standards-based tools.
[1.067s]   warnings.warn(
[1.067s] running install_lib
[1.067s] creating /home/robmoemac/M-LADIS-sim/PX4 Aux/ws_sensor_combined/install/computer_viz/lib/python3.10/site-packages/computer_viz
[1.068s] copying /home/robmoemac/M-LADIS-sim/PX4 Aux/ws_sensor_combined/build/computer_viz/build/lib/computer_viz/__init__.py -> /home/robmoemac/M-LADIS-sim/PX4 Aux/ws_sensor_combined/install/computer_viz/lib/python3.10/site-packages/computer_viz
[1.068s] byte-compiling /home/robmoemac/M-LADIS-sim/PX4 Aux/ws_sensor_combined/install/computer_viz/lib/python3.10/site-packages/computer_viz/__init__.py to __init__.cpython-310.pyc
[1.068s] running install_data
[1.069s] creating /home/robmoemac/M-LADIS-sim/PX4 Aux/ws_sensor_combined/install/computer_viz/share/ament_index
[1.069s] creating /home/robmoemac/M-LADIS-sim/PX4 Aux/ws_sensor_combined/install/computer_viz/share/ament_index/resource_index
[1.069s] creating /home/robmoemac/M-LADIS-sim/PX4 Aux/ws_sensor_combined/install/computer_viz/share/ament_index/resource_index/packages
[1.069s] copying resource/computer_viz -> /home/robmoemac/M-LADIS-sim/PX4 Aux/ws_sensor_combined/install/computer_viz/share/ament_index/resource_index/packages
[1.069s] copying package.xml -> /home/robmoemac/M-LADIS-sim/PX4 Aux/ws_sensor_combined/install/computer_viz/share/computer_viz
[1.069s] running install_egg_info
[1.072s] Copying ../../build/computer_viz/computer_viz.egg-info to /home/robmoemac/M-LADIS-sim/PX4 Aux/ws_sensor_combined/install/computer_viz/lib/python3.10/site-packages/computer_viz-0.0.0-py3.10.egg-info
[1.073s] running install_scripts
[1.092s] writing list of installed files to '/home/robmoemac/M-LADIS-sim/PX4 Aux/ws_sensor_combined/build/computer_viz/install.log'
[1.118s] Invoked command in '/home/robmoemac/M-LADIS-sim/PX4 Aux/ws_sensor_combined/src/computer_viz' returned '0': PYTHONPATH=/home/robmoemac/M-LADIS-sim/PX4 Aux/ws_sensor_combined/build/computer_viz/prefix_override:/home/robmoemac/M-LADIS-sim/PX4 Aux/ws_sensor_combined/install/computer_viz/lib/python3.10/site-packages:${PYTHONPATH} /usr/bin/python3 setup.py egg_info --egg-base ../../build/computer_viz build --build-base /home/robmoemac/M-LADIS-sim/PX4 Aux/ws_sensor_combined/build/computer_viz/build install --record /home/robmoemac/M-LADIS-sim/PX4 Aux/ws_sensor_combined/build/computer_viz/install.log --single-version-externally-managed
