[0.617s] DEBUG:colcon:Command line arguments: ['/usr/bin/colcon', 'build', '--packages-ignore', 'mapping']
[0.617s] DEBUG:colcon:Parsed command line arguments: Namespace(log_base=None, log_level=None, verb_name='build', build_base='build', install_base='install', merge_install=False, symlink_install=False, test_result_base=None, continue_on_error=False, executor='parallel', parallel_workers=12, event_handlers=None, ignore_user_meta=False, metas=['./colcon.meta'], base_paths=['.'], packages_ignore=['mapping'], packages_ignore_regex=None, paths=None, packages_up_to=None, packages_up_to_regex=None, packages_above=None, packages_above_and_dependencies=None, packages_above_depth=None, packages_select_by_dep=None, packages_skip_by_dep=None, packages_skip_up_to=None, packages_select_build_failed=False, packages_skip_build_finished=False, packages_select_test_failures=False, packages_skip_test_passed=False, packages_select=None, packages_skip=None, packages_select_regex=None, packages_skip_regex=None, packages_start=None, packages_end=None, allow_overriding=[], cmake_args=None, cmake_target=None, cmake_target_skip_unavailable=False, cmake_clean_cache=False, cmake_clean_first=False, cmake_force_configure=False, ament_cmake_args=None, catkin_cmake_args=None, catkin_skip_building_tests=False, verb_parser=<colcon_defaults.argument_parser.defaults.DefaultArgumentsDecorator object at 0x72002b859360>, verb_extension=<colcon_core.verb.build.BuildVerb object at 0x72002b858d90>, main=<bound method BuildVerb.main of <colcon_core.verb.build.BuildVerb object at 0x72002b858d90>>)
[3.125s] Level 1:colcon.colcon_core.package_discovery:discover_packages(colcon_meta) check parameters
[3.126s] Level 1:colcon.colcon_core.package_discovery:discover_packages(recursive) check parameters
[3.126s] Level 1:colcon.colcon_core.package_discovery:discover_packages(ignore) check parameters
[3.126s] Level 1:colcon.colcon_core.package_discovery:discover_packages(path) check parameters
[3.126s] Level 1:colcon.colcon_core.package_discovery:discover_packages(colcon_meta) discover
[3.126s] Level 1:colcon.colcon_core.package_discovery:discover_packages(recursive) discover
[3.126s] INFO:colcon.colcon_core.package_discovery:Crawling recursively for packages in '/home/blake/M-LADIS-Jerry/ws_sensor_combined'
[3.126s] Level 1:colcon.colcon_core.package_identification:_identify(.) by extensions ['ignore', 'ignore_ament_install']
[3.126s] Level 1:colcon.colcon_core.package_identification:_identify(.) by extension 'ignore'
[3.126s] Level 1:colcon.colcon_core.package_identification:_identify(.) by extension 'ignore_ament_install'
[3.126s] Level 1:colcon.colcon_core.package_identification:_identify(.) by extensions ['colcon_pkg']
[3.126s] Level 1:colcon.colcon_core.package_identification:_identify(.) by extension 'colcon_pkg'
[3.126s] Level 1:colcon.colcon_core.package_identification:_identify(.) by extensions ['colcon_meta']
[3.126s] Level 1:colcon.colcon_core.package_identification:_identify(.) by extension 'colcon_meta'
[3.126s] Level 1:colcon.colcon_core.package_identification:_identify(.) by extensions ['ros']
[3.126s] Level 1:colcon.colcon_core.package_identification:_identify(.) by extension 'ros'
[3.138s] Level 1:colcon.colcon_core.package_identification:_identify(.) by extensions ['cmake', 'python']
[3.138s] Level 1:colcon.colcon_core.package_identification:_identify(.) by extension 'cmake'
[3.138s] Level 1:colcon.colcon_core.package_identification:_identify(.) by extension 'python'
[3.138s] Level 1:colcon.colcon_core.package_identification:_identify(.) by extensions ['python_setup_py']
[3.138s] Level 1:colcon.colcon_core.package_identification:_identify(.) by extension 'python_setup_py'
[3.138s] Level 1:colcon.colcon_core.package_identification:_identify(build) by extensions ['ignore', 'ignore_ament_install']
[3.138s] Level 1:colcon.colcon_core.package_identification:_identify(build) by extension 'ignore'
[3.138s] Level 1:colcon.colcon_core.package_identification:_identify(build) ignored
[3.138s] Level 1:colcon.colcon_core.package_identification:_identify(install) by extensions ['ignore', 'ignore_ament_install']
[3.139s] Level 1:colcon.colcon_core.package_identification:_identify(install) by extension 'ignore'
[3.139s] Level 1:colcon.colcon_core.package_identification:_identify(install) ignored
[3.139s] Level 1:colcon.colcon_core.package_identification:_identify(log) by extensions ['ignore', 'ignore_ament_install']
[3.139s] Level 1:colcon.colcon_core.package_identification:_identify(log) by extension 'ignore'
[3.139s] Level 1:colcon.colcon_core.package_identification:_identify(log) ignored
[3.139s] Level 1:colcon.colcon_core.package_identification:_identify(src) by extensions ['ignore', 'ignore_ament_install']
[3.139s] Level 1:colcon.colcon_core.package_identification:_identify(src) by extension 'ignore'
[3.139s] Level 1:colcon.colcon_core.package_identification:_identify(src) by extension 'ignore_ament_install'
[3.139s] Level 1:colcon.colcon_core.package_identification:_identify(src) by extensions ['colcon_pkg']
[3.139s] Level 1:colcon.colcon_core.package_identification:_identify(src) by extension 'colcon_pkg'
[3.139s] Level 1:colcon.colcon_core.package_identification:_identify(src) by extensions ['colcon_meta']
[3.139s] Level 1:colcon.colcon_core.package_identification:_identify(src) by extension 'colcon_meta'
[3.139s] Level 1:colcon.colcon_core.package_identification:_identify(src) by extensions ['ros']
[3.139s] Level 1:colcon.colcon_core.package_identification:_identify(src) by extension 'ros'
[3.139s] Level 1:colcon.colcon_core.package_identification:_identify(src) by extensions ['cmake', 'python']
[3.139s] Level 1:colcon.colcon_core.package_identification:_identify(src) by extension 'cmake'
[3.139s] Level 1:colcon.colcon_core.package_identification:_identify(src) by extension 'python'
[3.139s] Level 1:colcon.colcon_core.package_identification:_identify(src) by extensions ['python_setup_py']
[3.139s] Level 1:colcon.colcon_core.package_identification:_identify(src) by extension 'python_setup_py'
[3.140s] Level 1:colcon.colcon_core.package_identification:_identify(src/classifier) by extensions ['ignore', 'ignore_ament_install']
[3.140s] Level 1:colcon.colcon_core.package_identification:_identify(src/classifier) by extension 'ignore'
[3.140s] Level 1:colcon.colcon_core.package_identification:_identify(src/classifier) by extension 'ignore_ament_install'
[3.140s] Level 1:colcon.colcon_core.package_identification:_identify(src/classifier) by extensions ['colcon_pkg']
[3.140s] Level 1:colcon.colcon_core.package_identification:_identify(src/classifier) by extension 'colcon_pkg'
[3.140s] Level 1:colcon.colcon_core.package_identification:_identify(src/classifier) by extensions ['colcon_meta']
[3.140s] Level 1:colcon.colcon_core.package_identification:_identify(src/classifier) by extension 'colcon_meta'
[3.140s] Level 1:colcon.colcon_core.package_identification:_identify(src/classifier) by extensions ['ros']
[3.140s] Level 1:colcon.colcon_core.package_identification:_identify(src/classifier) by extension 'ros'
[3.142s] DEBUG:colcon.colcon_core.package_identification:Package 'src/classifier' with type 'ros.ament_cmake' and name 'classifier'
[3.142s] Level 1:colcon.colcon_core.package_identification:_identify(src/localization) by extensions ['ignore', 'ignore_ament_install']
[3.142s] Level 1:colcon.colcon_core.package_identification:_identify(src/localization) by extension 'ignore'
[3.142s] Level 1:colcon.colcon_core.package_identification:_identify(src/localization) by extension 'ignore_ament_install'
[3.142s] Level 1:colcon.colcon_core.package_identification:_identify(src/localization) by extensions ['colcon_pkg']
[3.142s] Level 1:colcon.colcon_core.package_identification:_identify(src/localization) by extension 'colcon_pkg'
[3.142s] Level 1:colcon.colcon_core.package_identification:_identify(src/localization) by extensions ['colcon_meta']
[3.142s] Level 1:colcon.colcon_core.package_identification:_identify(src/localization) by extension 'colcon_meta'
[3.142s] Level 1:colcon.colcon_core.package_identification:_identify(src/localization) by extensions ['ros']
[3.142s] Level 1:colcon.colcon_core.package_identification:_identify(src/localization) by extension 'ros'
[3.143s] DEBUG:colcon.colcon_core.package_identification:Package 'src/localization' with type 'ros.ament_cmake' and name 'localization'
[3.143s] Level 1:colcon.colcon_core.package_identification:_identify(src/mapping) by extensions ['ignore', 'ignore_ament_install']
[3.143s] Level 1:colcon.colcon_core.package_identification:_identify(src/mapping) by extension 'ignore'
[3.143s] Level 1:colcon.colcon_core.package_identification:_identify(src/mapping) by extension 'ignore_ament_install'
[3.143s] Level 1:colcon.colcon_core.package_identification:_identify(src/mapping) by extensions ['colcon_pkg']
[3.143s] Level 1:colcon.colcon_core.package_identification:_identify(src/mapping) by extension 'colcon_pkg'
[3.143s] Level 1:colcon.colcon_core.package_identification:_identify(src/mapping) by extensions ['colcon_meta']
[3.143s] Level 1:colcon.colcon_core.package_identification:_identify(src/mapping) by extension 'colcon_meta'
[3.143s] Level 1:colcon.colcon_core.package_identification:_identify(src/mapping) by extensions ['ros']
[3.143s] Level 1:colcon.colcon_core.package_identification:_identify(src/mapping) by extension 'ros'
[3.149s] DEBUG:colcon.colcon_core.package_identification:Package 'src/mapping' with type 'ros.ament_cmake' and name 'mapping'
[3.149s] Level 1:colcon.colcon_core.package_identification:_identify(src/nearest_poster_yaw) by extensions ['ignore', 'ignore_ament_install']
[3.149s] Level 1:colcon.colcon_core.package_identification:_identify(src/nearest_poster_yaw) by extension 'ignore'
[3.149s] Level 1:colcon.colcon_core.package_identification:_identify(src/nearest_poster_yaw) by extension 'ignore_ament_install'
[3.149s] Level 1:colcon.colcon_core.package_identification:_identify(src/nearest_poster_yaw) by extensions ['colcon_pkg']
[3.149s] Level 1:colcon.colcon_core.package_identification:_identify(src/nearest_poster_yaw) by extension 'colcon_pkg'
[3.149s] Level 1:colcon.colcon_core.package_identification:_identify(src/nearest_poster_yaw) by extensions ['colcon_meta']
[3.149s] Level 1:colcon.colcon_core.package_identification:_identify(src/nearest_poster_yaw) by extension 'colcon_meta'
[3.149s] Level 1:colcon.colcon_core.package_identification:_identify(src/nearest_poster_yaw) by extensions ['ros']
[3.149s] Level 1:colcon.colcon_core.package_identification:_identify(src/nearest_poster_yaw) by extension 'ros'
[3.149s] DEBUG:colcon.colcon_core.package_identification:Package 'src/nearest_poster_yaw' with type 'ros.ament_cmake' and name 'nearest_poster_yaw'
[3.150s] Level 1:colcon.colcon_core.package_identification:_identify(src/px4_msgs) by extensions ['ignore', 'ignore_ament_install']
[3.150s] Level 1:colcon.colcon_core.package_identification:_identify(src/px4_msgs) by extension 'ignore'
[3.150s] Level 1:colcon.colcon_core.package_identification:_identify(src/px4_msgs) by extension 'ignore_ament_install'
[3.150s] Level 1:colcon.colcon_core.package_identification:_identify(src/px4_msgs) by extensions ['colcon_pkg']
[3.150s] Level 1:colcon.colcon_core.package_identification:_identify(src/px4_msgs) by extension 'colcon_pkg'
[3.150s] Level 1:colcon.colcon_core.package_identification:_identify(src/px4_msgs) by extensions ['colcon_meta']
[3.150s] Level 1:colcon.colcon_core.package_identification:_identify(src/px4_msgs) by extension 'colcon_meta'
[3.150s] Level 1:colcon.colcon_core.package_identification:_identify(src/px4_msgs) by extensions ['ros']
[3.150s] Level 1:colcon.colcon_core.package_identification:_identify(src/px4_msgs) by extension 'ros'
[3.150s] DEBUG:colcon.colcon_core.package_identification:Package 'src/px4_msgs' with type 'ros.ament_cmake' and name 'px4_msgs'
[3.150s] Level 1:colcon.colcon_core.package_identification:_identify(src/px4_ros_com) by extensions ['ignore', 'ignore_ament_install']
[3.151s] Level 1:colcon.colcon_core.package_identification:_identify(src/px4_ros_com) by extension 'ignore'
[3.151s] Level 1:colcon.colcon_core.package_identification:_identify(src/px4_ros_com) by extension 'ignore_ament_install'
[3.151s] Level 1:colcon.colcon_core.package_identification:_identify(src/px4_ros_com) by extensions ['colcon_pkg']
[3.151s] Level 1:colcon.colcon_core.package_identification:_identify(src/px4_ros_com) by extension 'colcon_pkg'
[3.151s] Level 1:colcon.colcon_core.package_identification:_identify(src/px4_ros_com) by extensions ['colcon_meta']
[3.151s] Level 1:colcon.colcon_core.package_identification:_identify(src/px4_ros_com) by extension 'colcon_meta'
[3.151s] Level 1:colcon.colcon_core.package_identification:_identify(src/px4_ros_com) by extensions ['ros']
[3.151s] Level 1:colcon.colcon_core.package_identification:_identify(src/px4_ros_com) by extension 'ros'
[3.152s] DEBUG:colcon.colcon_core.package_identification:Package 'src/px4_ros_com' with type 'ros.ament_cmake' and name 'px4_ros_com'
[3.152s] Level 1:colcon.colcon_core.package_discovery:discover_packages(recursive) using defaults
[3.152s] Level 1:colcon.colcon_core.package_discovery:discover_packages(ignore) discover
[3.152s] Level 1:colcon.colcon_core.package_discovery:discover_packages(ignore) using defaults
[3.152s] Level 1:colcon.colcon_core.package_discovery:discover_packages(path) discover
[3.152s] Level 1:colcon.colcon_core.package_discovery:discover_packages(path) using defaults
[3.198s] Level 1:colcon.colcon_core.package_discovery:discover_packages(prefix_path) check parameters
[3.198s] Level 1:colcon.colcon_core.package_discovery:discover_packages(prefix_path) discover
[3.201s] DEBUG:colcon.colcon_installed_package_information.package_discovery:Found 285 installed packages in /opt/ros/humble
[3.202s] Level 1:colcon.colcon_core.package_discovery:discover_packages(prefix_path) using defaults
[3.229s] Level 5:colcon.colcon_core.verb:set package 'classifier' build argument 'cmake_args' from command line to 'None'
[3.229s] Level 5:colcon.colcon_core.verb:set package 'classifier' build argument 'cmake_target' from command line to 'None'
[3.229s] Level 5:colcon.colcon_core.verb:set package 'classifier' build argument 'cmake_target_skip_unavailable' from command line to 'False'
[3.229s] Level 5:colcon.colcon_core.verb:set package 'classifier' build argument 'cmake_clean_cache' from command line to 'False'
[3.229s] Level 5:colcon.colcon_core.verb:set package 'classifier' build argument 'cmake_clean_first' from command line to 'False'
[3.229s] Level 5:colcon.colcon_core.verb:set package 'classifier' build argument 'cmake_force_configure' from command line to 'False'
[3.229s] Level 5:colcon.colcon_core.verb:set package 'classifier' build argument 'ament_cmake_args' from command line to 'None'
[3.229s] Level 5:colcon.colcon_core.verb:set package 'classifier' build argument 'catkin_cmake_args' from command line to 'None'
[3.229s] Level 5:colcon.colcon_core.verb:set package 'classifier' build argument 'catkin_skip_building_tests' from command line to 'False'
[3.229s] DEBUG:colcon.colcon_core.verb:Building package 'classifier' with the following arguments: {'ament_cmake_args': None, 'build_base': '/home/blake/M-LADIS-Jerry/ws_sensor_combined/build/classifier', 'catkin_cmake_args': None, 'catkin_skip_building_tests': False, 'cmake_args': None, 'cmake_clean_cache': False, 'cmake_clean_first': False, 'cmake_force_configure': False, 'cmake_target': None, 'cmake_target_skip_unavailable': False, 'install_base': '/home/blake/M-LADIS-Jerry/ws_sensor_combined/install/classifier', 'merge_install': False, 'path': '/home/blake/M-LADIS-Jerry/ws_sensor_combined/src/classifier', 'symlink_install': False, 'test_result_base': None}
[3.229s] Level 5:colcon.colcon_core.verb:set package 'localization' build argument 'cmake_args' from command line to 'None'
[3.229s] Level 5:colcon.colcon_core.verb:set package 'localization' build argument 'cmake_target' from command line to 'None'
[3.229s] Level 5:colcon.colcon_core.verb:set package 'localization' build argument 'cmake_target_skip_unavailable' from command line to 'False'
[3.229s] Level 5:colcon.colcon_core.verb:set package 'localization' build argument 'cmake_clean_cache' from command line to 'False'
[3.230s] Level 5:colcon.colcon_core.verb:set package 'localization' build argument 'cmake_clean_first' from command line to 'False'
[3.230s] Level 5:colcon.colcon_core.verb:set package 'localization' build argument 'cmake_force_configure' from command line to 'False'
[3.230s] Level 5:colcon.colcon_core.verb:set package 'localization' build argument 'ament_cmake_args' from command line to 'None'
[3.230s] Level 5:colcon.colcon_core.verb:set package 'localization' build argument 'catkin_cmake_args' from command line to 'None'
[3.230s] Level 5:colcon.colcon_core.verb:set package 'localization' build argument 'catkin_skip_building_tests' from command line to 'False'
[3.230s] DEBUG:colcon.colcon_core.verb:Building package 'localization' with the following arguments: {'ament_cmake_args': None, 'build_base': '/home/blake/M-LADIS-Jerry/ws_sensor_combined/build/localization', 'catkin_cmake_args': None, 'catkin_skip_building_tests': False, 'cmake_args': None, 'cmake_clean_cache': False, 'cmake_clean_first': False, 'cmake_force_configure': False, 'cmake_target': None, 'cmake_target_skip_unavailable': False, 'install_base': '/home/blake/M-LADIS-Jerry/ws_sensor_combined/install/localization', 'merge_install': False, 'path': '/home/blake/M-LADIS-Jerry/ws_sensor_combined/src/localization', 'symlink_install': False, 'test_result_base': None}
[3.230s] Level 5:colcon.colcon_core.verb:set package 'nearest_poster_yaw' build argument 'cmake_args' from command line to 'None'
[3.230s] Level 5:colcon.colcon_core.verb:set package 'nearest_poster_yaw' build argument 'cmake_target' from command line to 'None'
[3.230s] Level 5:colcon.colcon_core.verb:set package 'nearest_poster_yaw' build argument 'cmake_target_skip_unavailable' from command line to 'False'
[3.230s] Level 5:colcon.colcon_core.verb:set package 'nearest_poster_yaw' build argument 'cmake_clean_cache' from command line to 'False'
[3.230s] Level 5:colcon.colcon_core.verb:set package 'nearest_poster_yaw' build argument 'cmake_clean_first' from command line to 'False'
[3.230s] Level 5:colcon.colcon_core.verb:set package 'nearest_poster_yaw' build argument 'cmake_force_configure' from command line to 'False'
[3.230s] Level 5:colcon.colcon_core.verb:set package 'nearest_poster_yaw' build argument 'ament_cmake_args' from command line to 'None'
[3.230s] Level 5:colcon.colcon_core.verb:set package 'nearest_poster_yaw' build argument 'catkin_cmake_args' from command line to 'None'
[3.230s] Level 5:colcon.colcon_core.verb:set package 'nearest_poster_yaw' build argument 'catkin_skip_building_tests' from command line to 'False'
[3.230s] DEBUG:colcon.colcon_core.verb:Building package 'nearest_poster_yaw' with the following arguments: {'ament_cmake_args': None, 'build_base': '/home/blake/M-LADIS-Jerry/ws_sensor_combined/build/nearest_poster_yaw', 'catkin_cmake_args': None, 'catkin_skip_building_tests': False, 'cmake_args': None, 'cmake_clean_cache': False, 'cmake_clean_first': False, 'cmake_force_configure': False, 'cmake_target': None, 'cmake_target_skip_unavailable': False, 'install_base': '/home/blake/M-LADIS-Jerry/ws_sensor_combined/install/nearest_poster_yaw', 'merge_install': False, 'path': '/home/blake/M-LADIS-Jerry/ws_sensor_combined/src/nearest_poster_yaw', 'symlink_install': False, 'test_result_base': None}
[3.230s] Level 5:colcon.colcon_core.verb:set package 'px4_msgs' build argument 'cmake_args' from command line to 'None'
[3.230s] Level 5:colcon.colcon_core.verb:set package 'px4_msgs' build argument 'cmake_target' from command line to 'None'
[3.230s] Level 5:colcon.colcon_core.verb:set package 'px4_msgs' build argument 'cmake_target_skip_unavailable' from command line to 'False'
[3.230s] Level 5:colcon.colcon_core.verb:set package 'px4_msgs' build argument 'cmake_clean_cache' from command line to 'False'
[3.230s] Level 5:colcon.colcon_core.verb:set package 'px4_msgs' build argument 'cmake_clean_first' from command line to 'False'
[3.230s] Level 5:colcon.colcon_core.verb:set package 'px4_msgs' build argument 'cmake_force_configure' from command line to 'False'
[3.231s] Level 5:colcon.colcon_core.verb:set package 'px4_msgs' build argument 'ament_cmake_args' from command line to 'None'
[3.231s] Level 5:colcon.colcon_core.verb:set package 'px4_msgs' build argument 'catkin_cmake_args' from command line to 'None'
[3.231s] Level 5:colcon.colcon_core.verb:set package 'px4_msgs' build argument 'catkin_skip_building_tests' from command line to 'False'
[3.231s] DEBUG:colcon.colcon_core.verb:Building package 'px4_msgs' with the following arguments: {'ament_cmake_args': None, 'build_base': '/home/blake/M-LADIS-Jerry/ws_sensor_combined/build/px4_msgs', 'catkin_cmake_args': None, 'catkin_skip_building_tests': False, 'cmake_args': None, 'cmake_clean_cache': False, 'cmake_clean_first': False, 'cmake_force_configure': False, 'cmake_target': None, 'cmake_target_skip_unavailable': False, 'install_base': '/home/blake/M-LADIS-Jerry/ws_sensor_combined/install/px4_msgs', 'merge_install': False, 'path': '/home/blake/M-LADIS-Jerry/ws_sensor_combined/src/px4_msgs', 'symlink_install': False, 'test_result_base': None}
[3.231s] Level 5:colcon.colcon_core.verb:set package 'px4_ros_com' build argument 'cmake_args' from command line to 'None'
[3.231s] Level 5:colcon.colcon_core.verb:set package 'px4_ros_com' build argument 'cmake_target' from command line to 'None'
[3.231s] Level 5:colcon.colcon_core.verb:set package 'px4_ros_com' build argument 'cmake_target_skip_unavailable' from command line to 'False'
[3.231s] Level 5:colcon.colcon_core.verb:set package 'px4_ros_com' build argument 'cmake_clean_cache' from command line to 'False'
[3.231s] Level 5:colcon.colcon_core.verb:set package 'px4_ros_com' build argument 'cmake_clean_first' from command line to 'False'
[3.231s] Level 5:colcon.colcon_core.verb:set package 'px4_ros_com' build argument 'cmake_force_configure' from command line to 'False'
[3.231s] Level 5:colcon.colcon_core.verb:set package 'px4_ros_com' build argument 'ament_cmake_args' from command line to 'None'
[3.231s] Level 5:colcon.colcon_core.verb:set package 'px4_ros_com' build argument 'catkin_cmake_args' from command line to 'None'
[3.231s] Level 5:colcon.colcon_core.verb:set package 'px4_ros_com' build argument 'catkin_skip_building_tests' from command line to 'False'
[3.231s] DEBUG:colcon.colcon_core.verb:Building package 'px4_ros_com' with the following arguments: {'ament_cmake_args': None, 'build_base': '/home/blake/M-LADIS-Jerry/ws_sensor_combined/build/px4_ros_com', 'catkin_cmake_args': None, 'catkin_skip_building_tests': False, 'cmake_args': None, 'cmake_clean_cache': False, 'cmake_clean_first': False, 'cmake_force_configure': False, 'cmake_target': None, 'cmake_target_skip_unavailable': False, 'install_base': '/home/blake/M-LADIS-Jerry/ws_sensor_combined/install/px4_ros_com', 'merge_install': False, 'path': '/home/blake/M-LADIS-Jerry/ws_sensor_combined/src/px4_ros_com', 'symlink_install': False, 'test_result_base': None}
[3.231s] INFO:colcon.colcon_core.executor:Executing jobs using 'parallel' executor
[3.232s] DEBUG:colcon.colcon_parallel_executor.executor.parallel:run_until_complete
[3.232s] INFO:colcon.colcon_ros.task.ament_cmake.build:Building ROS package in '/home/blake/M-LADIS-Jerry/ws_sensor_combined/src/px4_msgs' with build type 'ament_cmake'
[3.232s] INFO:colcon.colcon_cmake.task.cmake.build:Building CMake package in '/home/blake/M-LADIS-Jerry/ws_sensor_combined/src/px4_msgs'
[3.235s] INFO:colcon.colcon_core.plugin_system:Skipping extension 'colcon_core.shell.bat': Not used on non-Windows systems
[3.235s] INFO:colcon.colcon_core.shell:Skip shell extension 'powershell' for command environment: Not usable outside of PowerShell
[3.235s] DEBUG:colcon.colcon_core.shell:Skip shell extension 'dsv' for command environment
[3.237s] INFO:colcon.colcon_ros.task.ament_cmake.build:Building ROS package in '/home/blake/M-LADIS-Jerry/ws_sensor_combined/src/classifier' with build type 'ament_cmake'
[3.237s] INFO:colcon.colcon_cmake.task.cmake.build:Building CMake package in '/home/blake/M-LADIS-Jerry/ws_sensor_combined/src/classifier'
[3.238s] INFO:colcon.colcon_core.shell:Skip shell extension 'powershell' for command environment: Not usable outside of PowerShell
[3.238s] DEBUG:colcon.colcon_core.shell:Skip shell extension 'dsv' for command environment
[3.239s] INFO:colcon.colcon_ros.task.ament_cmake.build:Building ROS package in '/home/blake/M-LADIS-Jerry/ws_sensor_combined/src/localization' with build type 'ament_cmake'
[3.239s] INFO:colcon.colcon_cmake.task.cmake.build:Building CMake package in '/home/blake/M-LADIS-Jerry/ws_sensor_combined/src/localization'
[3.240s] INFO:colcon.colcon_core.shell:Skip shell extension 'powershell' for command environment: Not usable outside of PowerShell
[3.240s] DEBUG:colcon.colcon_core.shell:Skip shell extension 'dsv' for command environment
[3.241s] INFO:colcon.colcon_ros.task.ament_cmake.build:Building ROS package in '/home/blake/M-LADIS-Jerry/ws_sensor_combined/src/nearest_poster_yaw' with build type 'ament_cmake'
[3.241s] INFO:colcon.colcon_cmake.task.cmake.build:Building CMake package in '/home/blake/M-LADIS-Jerry/ws_sensor_combined/src/nearest_poster_yaw'
[3.242s] INFO:colcon.colcon_core.shell:Skip shell extension 'powershell' for command environment: Not usable outside of PowerShell
[3.242s] DEBUG:colcon.colcon_core.shell:Skip shell extension 'dsv' for command environment
[3.267s] DEBUG:colcon.colcon_core.event_handler.log_command:Invoking command in '/home/blake/M-LADIS-Jerry/ws_sensor_combined/build/px4_msgs': CMAKE_PREFIX_PATH=/opt/ros/humble /usr/bin/cmake --build /home/blake/M-LADIS-Jerry/ws_sensor_combined/build/px4_msgs -- -j12 -l12
[3.300s] DEBUG:colcon.colcon_core.event_handler.log_command:Invoking command in '/home/blake/M-LADIS-Jerry/ws_sensor_combined/build/classifier': CMAKE_PREFIX_PATH=/opt/ros/humble /usr/bin/cmake --build /home/blake/M-LADIS-Jerry/ws_sensor_combined/build/classifier -- -j12 -l12
[3.303s] DEBUG:colcon.colcon_core.event_handler.log_command:Invoking command in '/home/blake/M-LADIS-Jerry/ws_sensor_combined/build/localization': CMAKE_PREFIX_PATH=/opt/ros/humble /usr/bin/cmake --build /home/blake/M-LADIS-Jerry/ws_sensor_combined/build/localization -- -j12 -l12
[3.318s] DEBUG:colcon.colcon_core.event_handler.log_command:Invoking command in '/home/blake/M-LADIS-Jerry/ws_sensor_combined/build/nearest_poster_yaw': CMAKE_PREFIX_PATH=/opt/ros/humble /usr/bin/cmake --build /home/blake/M-LADIS-Jerry/ws_sensor_combined/build/nearest_poster_yaw -- -j12 -l12
[3.405s] DEBUG:colcon.colcon_core.event_handler.log_command:Invoked command in '/home/blake/M-LADIS-Jerry/ws_sensor_combined/build/localization' returned '0': CMAKE_PREFIX_PATH=/opt/ros/humble /usr/bin/cmake --build /home/blake/M-LADIS-Jerry/ws_sensor_combined/build/localization -- -j12 -l12
[3.405s] DEBUG:colcon.colcon_core.event_handler.log_command:Invoked command in '/home/blake/M-LADIS-Jerry/ws_sensor_combined/build/classifier' returned '0': CMAKE_PREFIX_PATH=/opt/ros/humble /usr/bin/cmake --build /home/blake/M-LADIS-Jerry/ws_sensor_combined/build/classifier -- -j12 -l12
[3.406s] DEBUG:colcon.colcon_core.event_handler.log_command:Invoked command in '/home/blake/M-LADIS-Jerry/ws_sensor_combined/build/nearest_poster_yaw' returned '0': CMAKE_PREFIX_PATH=/opt/ros/humble /usr/bin/cmake --build /home/blake/M-LADIS-Jerry/ws_sensor_combined/build/nearest_poster_yaw -- -j12 -l12
[3.429s] DEBUG:colcon.colcon_core.event_handler.log_command:Invoking command in '/home/blake/M-LADIS-Jerry/ws_sensor_combined/build/localization': CMAKE_PREFIX_PATH=/opt/ros/humble /usr/bin/cmake --install /home/blake/M-LADIS-Jerry/ws_sensor_combined/build/localization
[3.431s] DEBUG:colcon.colcon_core.event_handler.log_command:Invoking command in '/home/blake/M-LADIS-Jerry/ws_sensor_combined/build/nearest_poster_yaw': CMAKE_PREFIX_PATH=/opt/ros/humble /usr/bin/cmake --install /home/blake/M-LADIS-Jerry/ws_sensor_combined/build/nearest_poster_yaw
[3.432s] DEBUG:colcon.colcon_core.event_handler.log_command:Invoking command in '/home/blake/M-LADIS-Jerry/ws_sensor_combined/build/classifier': CMAKE_PREFIX_PATH=/opt/ros/humble /usr/bin/cmake --install /home/blake/M-LADIS-Jerry/ws_sensor_combined/build/classifier
[3.437s] Level 1:colcon.colcon_core.environment:create_environment_scripts_only(localization)
[3.441s] DEBUG:colcon.colcon_core.event_handler.log_command:Invoked command in '/home/blake/M-LADIS-Jerry/ws_sensor_combined/build/localization' returned '0': CMAKE_PREFIX_PATH=/opt/ros/humble /usr/bin/cmake --install /home/blake/M-LADIS-Jerry/ws_sensor_combined/build/localization
[3.442s] Level 1:colcon.colcon_core.environment:checking '/home/blake/M-LADIS-Jerry/ws_sensor_combined/install/localization' for CMake module files
[3.443s] Level 1:colcon.colcon_core.environment:checking '/home/blake/M-LADIS-Jerry/ws_sensor_combined/install/localization' for CMake config files
[3.443s] Level 1:colcon.colcon_core.shell:create_environment_hook('localization', 'cmake_prefix_path')
[3.443s] INFO:colcon.colcon_core.shell:Creating environment hook '/home/blake/M-LADIS-Jerry/ws_sensor_combined/install/localization/share/localization/hook/cmake_prefix_path.ps1'
[3.444s] INFO:colcon.colcon_core.shell:Creating environment descriptor '/home/blake/M-LADIS-Jerry/ws_sensor_combined/install/localization/share/localization/hook/cmake_prefix_path.dsv'
[3.445s] INFO:colcon.colcon_core.shell:Creating environment hook '/home/blake/M-LADIS-Jerry/ws_sensor_combined/install/localization/share/localization/hook/cmake_prefix_path.sh'
[3.446s] Level 1:colcon.colcon_core.environment:checking '/home/blake/M-LADIS-Jerry/ws_sensor_combined/install/localization/lib'
[3.446s] Level 1:colcon.colcon_core.environment:checking '/home/blake/M-LADIS-Jerry/ws_sensor_combined/install/localization/bin'
[3.446s] Level 1:colcon.colcon_core.environment:checking '/home/blake/M-LADIS-Jerry/ws_sensor_combined/install/localization/lib/pkgconfig/localization.pc'
[3.446s] Level 1:colcon.colcon_core.environment:checking '/home/blake/M-LADIS-Jerry/ws_sensor_combined/install/localization/lib/python3.10/site-packages'
[3.446s] Level 1:colcon.colcon_core.environment:checking '/home/blake/M-LADIS-Jerry/ws_sensor_combined/install/localization/bin'
[3.447s] INFO:colcon.colcon_core.shell:Creating package script '/home/blake/M-LADIS-Jerry/ws_sensor_combined/install/localization/share/localization/package.ps1'
[3.447s] INFO:colcon.colcon_core.shell:Creating package descriptor '/home/blake/M-LADIS-Jerry/ws_sensor_combined/install/localization/share/localization/package.dsv'
[3.447s] INFO:colcon.colcon_core.shell:Creating package script '/home/blake/M-LADIS-Jerry/ws_sensor_combined/install/localization/share/localization/package.sh'
[3.448s] INFO:colcon.colcon_core.shell:Creating package script '/home/blake/M-LADIS-Jerry/ws_sensor_combined/install/localization/share/localization/package.bash'
[3.448s] INFO:colcon.colcon_core.shell:Creating package script '/home/blake/M-LADIS-Jerry/ws_sensor_combined/install/localization/share/localization/package.zsh'
[3.449s] Level 1:colcon.colcon_core.environment:create_file_with_runtime_dependencies(/home/blake/M-LADIS-Jerry/ws_sensor_combined/install/localization/share/colcon-core/packages/localization)
[3.450s] Level 1:colcon.colcon_core.environment:create_environment_scripts_only(nearest_poster_yaw)
[3.451s] Level 1:colcon.colcon_core.environment:checking '/home/blake/M-LADIS-Jerry/ws_sensor_combined/install/nearest_poster_yaw' for CMake module files
[3.451s] DEBUG:colcon.colcon_core.event_handler.log_command:Invoked command in '/home/blake/M-LADIS-Jerry/ws_sensor_combined/build/nearest_poster_yaw' returned '0': CMAKE_PREFIX_PATH=/opt/ros/humble /usr/bin/cmake --install /home/blake/M-LADIS-Jerry/ws_sensor_combined/build/nearest_poster_yaw
[3.451s] Level 1:colcon.colcon_core.environment:checking '/home/blake/M-LADIS-Jerry/ws_sensor_combined/install/nearest_poster_yaw' for CMake config files
[3.452s] Level 1:colcon.colcon_core.shell:create_environment_hook('nearest_poster_yaw', 'cmake_prefix_path')
[3.452s] INFO:colcon.colcon_core.shell:Creating environment hook '/home/blake/M-LADIS-Jerry/ws_sensor_combined/install/nearest_poster_yaw/share/nearest_poster_yaw/hook/cmake_prefix_path.ps1'
[3.452s] INFO:colcon.colcon_core.shell:Creating environment descriptor '/home/blake/M-LADIS-Jerry/ws_sensor_combined/install/nearest_poster_yaw/share/nearest_poster_yaw/hook/cmake_prefix_path.dsv'
[3.452s] INFO:colcon.colcon_core.shell:Creating environment hook '/home/blake/M-LADIS-Jerry/ws_sensor_combined/install/nearest_poster_yaw/share/nearest_poster_yaw/hook/cmake_prefix_path.sh'
[3.453s] Level 1:colcon.colcon_core.environment:checking '/home/blake/M-LADIS-Jerry/ws_sensor_combined/install/nearest_poster_yaw/lib'
[3.453s] Level 1:colcon.colcon_core.environment:checking '/home/blake/M-LADIS-Jerry/ws_sensor_combined/install/nearest_poster_yaw/bin'
[3.453s] Level 1:colcon.colcon_core.environment:checking '/home/blake/M-LADIS-Jerry/ws_sensor_combined/install/nearest_poster_yaw/lib/pkgconfig/nearest_poster_yaw.pc'
[3.453s] Level 1:colcon.colcon_core.environment:checking '/home/blake/M-LADIS-Jerry/ws_sensor_combined/install/nearest_poster_yaw/lib/python3.10/site-packages'
[3.453s] Level 1:colcon.colcon_core.environment:checking '/home/blake/M-LADIS-Jerry/ws_sensor_combined/install/nearest_poster_yaw/bin'
[3.453s] INFO:colcon.colcon_core.shell:Creating package script '/home/blake/M-LADIS-Jerry/ws_sensor_combined/install/nearest_poster_yaw/share/nearest_poster_yaw/package.ps1'
[3.454s] INFO:colcon.colcon_core.shell:Creating package descriptor '/home/blake/M-LADIS-Jerry/ws_sensor_combined/install/nearest_poster_yaw/share/nearest_poster_yaw/package.dsv'
[3.454s] INFO:colcon.colcon_core.shell:Creating package script '/home/blake/M-LADIS-Jerry/ws_sensor_combined/install/nearest_poster_yaw/share/nearest_poster_yaw/package.sh'
[3.454s] INFO:colcon.colcon_core.shell:Creating package script '/home/blake/M-LADIS-Jerry/ws_sensor_combined/install/nearest_poster_yaw/share/nearest_poster_yaw/package.bash'
[3.455s] INFO:colcon.colcon_core.shell:Creating package script '/home/blake/M-LADIS-Jerry/ws_sensor_combined/install/nearest_poster_yaw/share/nearest_poster_yaw/package.zsh'
[3.455s] Level 1:colcon.colcon_core.environment:create_file_with_runtime_dependencies(/home/blake/M-LADIS-Jerry/ws_sensor_combined/install/nearest_poster_yaw/share/colcon-core/packages/nearest_poster_yaw)
[3.455s] Level 1:colcon.colcon_core.environment:create_environment_scripts_only(classifier)
[3.456s] Level 1:colcon.colcon_core.environment:checking '/home/blake/M-LADIS-Jerry/ws_sensor_combined/install/classifier' for CMake module files
[3.456s] DEBUG:colcon.colcon_core.event_handler.log_command:Invoked command in '/home/blake/M-LADIS-Jerry/ws_sensor_combined/build/classifier' returned '0': CMAKE_PREFIX_PATH=/opt/ros/humble /usr/bin/cmake --install /home/blake/M-LADIS-Jerry/ws_sensor_combined/build/classifier
[3.456s] Level 1:colcon.colcon_core.environment:checking '/home/blake/M-LADIS-Jerry/ws_sensor_combined/install/classifier' for CMake config files
[3.457s] Level 1:colcon.colcon_core.shell:create_environment_hook('classifier', 'cmake_prefix_path')
[3.457s] INFO:colcon.colcon_core.shell:Creating environment hook '/home/blake/M-LADIS-Jerry/ws_sensor_combined/install/classifier/share/classifier/hook/cmake_prefix_path.ps1'
[3.457s] INFO:colcon.colcon_core.shell:Creating environment descriptor '/home/blake/M-LADIS-Jerry/ws_sensor_combined/install/classifier/share/classifier/hook/cmake_prefix_path.dsv'
[3.457s] INFO:colcon.colcon_core.shell:Creating environment hook '/home/blake/M-LADIS-Jerry/ws_sensor_combined/install/classifier/share/classifier/hook/cmake_prefix_path.sh'
[3.458s] Level 1:colcon.colcon_core.environment:checking '/home/blake/M-LADIS-Jerry/ws_sensor_combined/install/classifier/lib'
[3.458s] Level 1:colcon.colcon_core.environment:checking '/home/blake/M-LADIS-Jerry/ws_sensor_combined/install/classifier/bin'
[3.458s] Level 1:colcon.colcon_core.environment:checking '/home/blake/M-LADIS-Jerry/ws_sensor_combined/install/classifier/lib/pkgconfig/classifier.pc'
[3.458s] Level 1:colcon.colcon_core.environment:checking '/home/blake/M-LADIS-Jerry/ws_sensor_combined/install/classifier/lib/python3.10/site-packages'
[3.458s] Level 1:colcon.colcon_core.environment:checking '/home/blake/M-LADIS-Jerry/ws_sensor_combined/install/classifier/bin'
[3.459s] INFO:colcon.colcon_core.shell:Creating package script '/home/blake/M-LADIS-Jerry/ws_sensor_combined/install/classifier/share/classifier/package.ps1'
[3.459s] INFO:colcon.colcon_core.shell:Creating package descriptor '/home/blake/M-LADIS-Jerry/ws_sensor_combined/install/classifier/share/classifier/package.dsv'
[3.459s] INFO:colcon.colcon_core.shell:Creating package script '/home/blake/M-LADIS-Jerry/ws_sensor_combined/install/classifier/share/classifier/package.sh'
[3.460s] INFO:colcon.colcon_core.shell:Creating package script '/home/blake/M-LADIS-Jerry/ws_sensor_combined/install/classifier/share/classifier/package.bash'
[3.460s] INFO:colcon.colcon_core.shell:Creating package script '/home/blake/M-LADIS-Jerry/ws_sensor_combined/install/classifier/share/classifier/package.zsh'
[3.460s] Level 1:colcon.colcon_core.environment:create_file_with_runtime_dependencies(/home/blake/M-LADIS-Jerry/ws_sensor_combined/install/classifier/share/colcon-core/packages/classifier)
[3.466s] Level 1:colcon.colcon_core.environment:create_environment_scripts_only(localization)
[3.467s] Level 1:colcon.colcon_core.environment:checking '/home/blake/M-LADIS-Jerry/ws_sensor_combined/install/localization' for CMake module files
[3.467s] Level 1:colcon.colcon_core.environment:checking '/home/blake/M-LADIS-Jerry/ws_sensor_combined/install/localization' for CMake config files
[3.467s] Level 1:colcon.colcon_core.shell:create_environment_hook('localization', 'cmake_prefix_path')
[3.467s] INFO:colcon.colcon_core.shell:Creating environment hook '/home/blake/M-LADIS-Jerry/ws_sensor_combined/install/localization/share/localization/hook/cmake_prefix_path.ps1'
[3.468s] INFO:colcon.colcon_core.shell:Creating environment descriptor '/home/blake/M-LADIS-Jerry/ws_sensor_combined/install/localization/share/localization/hook/cmake_prefix_path.dsv'
[3.468s] INFO:colcon.colcon_core.shell:Creating environment hook '/home/blake/M-LADIS-Jerry/ws_sensor_combined/install/localization/share/localization/hook/cmake_prefix_path.sh'
[3.469s] Level 1:colcon.colcon_core.environment:checking '/home/blake/M-LADIS-Jerry/ws_sensor_combined/install/localization/lib'
[3.469s] Level 1:colcon.colcon_core.environment:checking '/home/blake/M-LADIS-Jerry/ws_sensor_combined/install/localization/bin'
[3.469s] Level 1:colcon.colcon_core.environment:checking '/home/blake/M-LADIS-Jerry/ws_sensor_combined/install/localization/lib/pkgconfig/localization.pc'
[3.469s] Level 1:colcon.colcon_core.environment:checking '/home/blake/M-LADIS-Jerry/ws_sensor_combined/install/localization/lib/python3.10/site-packages'
[3.469s] Level 1:colcon.colcon_core.environment:checking '/home/blake/M-LADIS-Jerry/ws_sensor_combined/install/localization/bin'
[3.470s] INFO:colcon.colcon_core.shell:Creating package script '/home/blake/M-LADIS-Jerry/ws_sensor_combined/install/localization/share/localization/package.ps1'
[3.470s] INFO:colcon.colcon_core.shell:Creating package descriptor '/home/blake/M-LADIS-Jerry/ws_sensor_combined/install/localization/share/localization/package.dsv'
[3.471s] INFO:colcon.colcon_core.shell:Creating package script '/home/blake/M-LADIS-Jerry/ws_sensor_combined/install/localization/share/localization/package.sh'
[3.471s] INFO:colcon.colcon_core.shell:Creating package script '/home/blake/M-LADIS-Jerry/ws_sensor_combined/install/localization/share/localization/package.bash'
[3.471s] INFO:colcon.colcon_core.shell:Creating package script '/home/blake/M-LADIS-Jerry/ws_sensor_combined/install/localization/share/localization/package.zsh'
[3.472s] Level 1:colcon.colcon_core.environment:create_file_with_runtime_dependencies(/home/blake/M-LADIS-Jerry/ws_sensor_combined/install/localization/share/colcon-core/packages/localization)
[3.474s] Level 1:colcon.colcon_core.environment:create_environment_scripts_only(nearest_poster_yaw)
[3.474s] Level 1:colcon.colcon_core.environment:checking '/home/blake/M-LADIS-Jerry/ws_sensor_combined/install/nearest_poster_yaw' for CMake module files
[3.474s] Level 1:colcon.colcon_core.environment:checking '/home/blake/M-LADIS-Jerry/ws_sensor_combined/install/nearest_poster_yaw' for CMake config files
[3.475s] Level 1:colcon.colcon_core.shell:create_environment_hook('nearest_poster_yaw', 'cmake_prefix_path')
[3.475s] INFO:colcon.colcon_core.shell:Creating environment hook '/home/blake/M-LADIS-Jerry/ws_sensor_combined/install/nearest_poster_yaw/share/nearest_poster_yaw/hook/cmake_prefix_path.ps1'
[3.475s] INFO:colcon.colcon_core.shell:Creating environment descriptor '/home/blake/M-LADIS-Jerry/ws_sensor_combined/install/nearest_poster_yaw/share/nearest_poster_yaw/hook/cmake_prefix_path.dsv'
[3.475s] INFO:colcon.colcon_core.shell:Creating environment hook '/home/blake/M-LADIS-Jerry/ws_sensor_combined/install/nearest_poster_yaw/share/nearest_poster_yaw/hook/cmake_prefix_path.sh'
[3.476s] Level 1:colcon.colcon_core.environment:checking '/home/blake/M-LADIS-Jerry/ws_sensor_combined/install/nearest_poster_yaw/lib'
[3.476s] Level 1:colcon.colcon_core.environment:checking '/home/blake/M-LADIS-Jerry/ws_sensor_combined/install/nearest_poster_yaw/bin'
[3.476s] Level 1:colcon.colcon_core.environment:checking '/home/blake/M-LADIS-Jerry/ws_sensor_combined/install/nearest_poster_yaw/lib/pkgconfig/nearest_poster_yaw.pc'
[3.476s] Level 1:colcon.colcon_core.environment:checking '/home/blake/M-LADIS-Jerry/ws_sensor_combined/install/nearest_poster_yaw/lib/python3.10/site-packages'
[3.476s] Level 1:colcon.colcon_core.environment:checking '/home/blake/M-LADIS-Jerry/ws_sensor_combined/install/nearest_poster_yaw/bin'
[3.476s] INFO:colcon.colcon_core.shell:Creating package script '/home/blake/M-LADIS-Jerry/ws_sensor_combined/install/nearest_poster_yaw/share/nearest_poster_yaw/package.ps1'
[3.477s] INFO:colcon.colcon_core.shell:Creating package descriptor '/home/blake/M-LADIS-Jerry/ws_sensor_combined/install/nearest_poster_yaw/share/nearest_poster_yaw/package.dsv'
[3.477s] INFO:colcon.colcon_core.shell:Creating package script '/home/blake/M-LADIS-Jerry/ws_sensor_combined/install/nearest_poster_yaw/share/nearest_poster_yaw/package.sh'
[3.477s] INFO:colcon.colcon_core.shell:Creating package script '/home/blake/M-LADIS-Jerry/ws_sensor_combined/install/nearest_poster_yaw/share/nearest_poster_yaw/package.bash'
[3.478s] INFO:colcon.colcon_core.shell:Creating package script '/home/blake/M-LADIS-Jerry/ws_sensor_combined/install/nearest_poster_yaw/share/nearest_poster_yaw/package.zsh'
[3.478s] Level 1:colcon.colcon_core.environment:create_file_with_runtime_dependencies(/home/blake/M-LADIS-Jerry/ws_sensor_combined/install/nearest_poster_yaw/share/colcon-core/packages/nearest_poster_yaw)
[3.480s] Level 1:colcon.colcon_core.environment:create_environment_scripts_only(classifier)
[3.480s] Level 1:colcon.colcon_core.environment:checking '/home/blake/M-LADIS-Jerry/ws_sensor_combined/install/classifier' for CMake module files
[3.480s] Level 1:colcon.colcon_core.environment:checking '/home/blake/M-LADIS-Jerry/ws_sensor_combined/install/classifier' for CMake config files
[3.480s] Level 1:colcon.colcon_core.shell:create_environment_hook('classifier', 'cmake_prefix_path')
[3.480s] INFO:colcon.colcon_core.shell:Creating environment hook '/home/blake/M-LADIS-Jerry/ws_sensor_combined/install/classifier/share/classifier/hook/cmake_prefix_path.ps1'
[3.481s] INFO:colcon.colcon_core.shell:Creating environment descriptor '/home/blake/M-LADIS-Jerry/ws_sensor_combined/install/classifier/share/classifier/hook/cmake_prefix_path.dsv'
[3.481s] INFO:colcon.colcon_core.shell:Creating environment hook '/home/blake/M-LADIS-Jerry/ws_sensor_combined/install/classifier/share/classifier/hook/cmake_prefix_path.sh'
[3.481s] Level 1:colcon.colcon_core.environment:checking '/home/blake/M-LADIS-Jerry/ws_sensor_combined/install/classifier/lib'
[3.481s] Level 1:colcon.colcon_core.environment:checking '/home/blake/M-LADIS-Jerry/ws_sensor_combined/install/classifier/bin'
[3.481s] Level 1:colcon.colcon_core.environment:checking '/home/blake/M-LADIS-Jerry/ws_sensor_combined/install/classifier/lib/pkgconfig/classifier.pc'
[3.482s] Level 1:colcon.colcon_core.environment:checking '/home/blake/M-LADIS-Jerry/ws_sensor_combined/install/classifier/lib/python3.10/site-packages'
[3.482s] Level 1:colcon.colcon_core.environment:checking '/home/blake/M-LADIS-Jerry/ws_sensor_combined/install/classifier/bin'
[3.482s] INFO:colcon.colcon_core.shell:Creating package script '/home/blake/M-LADIS-Jerry/ws_sensor_combined/install/classifier/share/classifier/package.ps1'
[3.482s] INFO:colcon.colcon_core.shell:Creating package descriptor '/home/blake/M-LADIS-Jerry/ws_sensor_combined/install/classifier/share/classifier/package.dsv'
[3.483s] INFO:colcon.colcon_core.shell:Creating package script '/home/blake/M-LADIS-Jerry/ws_sensor_combined/install/classifier/share/classifier/package.sh'
[3.483s] INFO:colcon.colcon_core.shell:Creating package script '/home/blake/M-LADIS-Jerry/ws_sensor_combined/install/classifier/share/classifier/package.bash'
[3.483s] INFO:colcon.colcon_core.shell:Creating package script '/home/blake/M-LADIS-Jerry/ws_sensor_combined/install/classifier/share/classifier/package.zsh'
[3.483s] Level 1:colcon.colcon_core.environment:create_file_with_runtime_dependencies(/home/blake/M-LADIS-Jerry/ws_sensor_combined/install/classifier/share/colcon-core/packages/classifier)
[4.558s] DEBUG:colcon.colcon_core.event_handler.log_command:Invoked command in '/home/blake/M-LADIS-Jerry/ws_sensor_combined/build/px4_msgs' returned '0': CMAKE_PREFIX_PATH=/opt/ros/humble /usr/bin/cmake --build /home/blake/M-LADIS-Jerry/ws_sensor_combined/build/px4_msgs -- -j12 -l12
[6.923s] DEBUG:colcon.colcon_core.event_handler.log_command:Invoking command in '/home/blake/M-LADIS-Jerry/ws_sensor_combined/build/px4_msgs': CMAKE_PREFIX_PATH=/opt/ros/humble /usr/bin/cmake --install /home/blake/M-LADIS-Jerry/ws_sensor_combined/build/px4_msgs
[7.122s] Level 1:colcon.colcon_core.environment:create_environment_scripts_only(px4_msgs)
[7.122s] Level 1:colcon.colcon_core.environment:checking '/home/blake/M-LADIS-Jerry/ws_sensor_combined/install/px4_msgs' for CMake module files
[7.123s] Level 1:colcon.colcon_core.environment:checking '/home/blake/M-LADIS-Jerry/ws_sensor_combined/install/px4_msgs' for CMake config files
[7.135s] Level 1:colcon.colcon_core.shell:create_environment_hook('px4_msgs', 'cmake_prefix_path')
[7.135s] INFO:colcon.colcon_core.shell:Creating environment hook '/home/blake/M-LADIS-Jerry/ws_sensor_combined/install/px4_msgs/share/px4_msgs/hook/cmake_prefix_path.ps1'
[7.136s] INFO:colcon.colcon_core.shell:Creating environment descriptor '/home/blake/M-LADIS-Jerry/ws_sensor_combined/install/px4_msgs/share/px4_msgs/hook/cmake_prefix_path.dsv'
[7.136s] INFO:colcon.colcon_core.shell:Creating environment hook '/home/blake/M-LADIS-Jerry/ws_sensor_combined/install/px4_msgs/share/px4_msgs/hook/cmake_prefix_path.sh'
[7.137s] Level 1:colcon.colcon_core.environment:checking '/home/blake/M-LADIS-Jerry/ws_sensor_combined/install/px4_msgs/lib'
[7.137s] Level 1:colcon.colcon_core.shell:create_environment_hook('px4_msgs', 'ld_library_path_lib')
[7.137s] INFO:colcon.colcon_core.shell:Creating environment hook '/home/blake/M-LADIS-Jerry/ws_sensor_combined/install/px4_msgs/share/px4_msgs/hook/ld_library_path_lib.ps1'
[7.138s] INFO:colcon.colcon_core.shell:Creating environment descriptor '/home/blake/M-LADIS-Jerry/ws_sensor_combined/install/px4_msgs/share/px4_msgs/hook/ld_library_path_lib.dsv'
[7.138s] INFO:colcon.colcon_core.shell:Creating environment hook '/home/blake/M-LADIS-Jerry/ws_sensor_combined/install/px4_msgs/share/px4_msgs/hook/ld_library_path_lib.sh'
[7.139s] Level 1:colcon.colcon_core.environment:checking '/home/blake/M-LADIS-Jerry/ws_sensor_combined/install/px4_msgs/bin'
[7.139s] Level 1:colcon.colcon_core.environment:checking '/home/blake/M-LADIS-Jerry/ws_sensor_combined/install/px4_msgs/lib/pkgconfig/px4_msgs.pc'
[7.139s] Level 1:colcon.colcon_core.environment:checking '/home/blake/M-LADIS-Jerry/ws_sensor_combined/install/px4_msgs/lib/python3.10/site-packages'
[7.139s] Level 1:colcon.colcon_core.environment:checking '/home/blake/M-LADIS-Jerry/ws_sensor_combined/install/px4_msgs/bin'
[7.139s] INFO:colcon.colcon_core.shell:Creating package script '/home/blake/M-LADIS-Jerry/ws_sensor_combined/install/px4_msgs/share/px4_msgs/package.ps1'
[7.140s] INFO:colcon.colcon_core.shell:Creating package descriptor '/home/blake/M-LADIS-Jerry/ws_sensor_combined/install/px4_msgs/share/px4_msgs/package.dsv'
[7.140s] INFO:colcon.colcon_core.shell:Creating package script '/home/blake/M-LADIS-Jerry/ws_sensor_combined/install/px4_msgs/share/px4_msgs/package.sh'
[7.141s] INFO:colcon.colcon_core.shell:Creating package script '/home/blake/M-LADIS-Jerry/ws_sensor_combined/install/px4_msgs/share/px4_msgs/package.bash'
[7.141s] INFO:colcon.colcon_core.shell:Creating package script '/home/blake/M-LADIS-Jerry/ws_sensor_combined/install/px4_msgs/share/px4_msgs/package.zsh'
[7.142s] Level 1:colcon.colcon_core.environment:create_file_with_runtime_dependencies(/home/blake/M-LADIS-Jerry/ws_sensor_combined/install/px4_msgs/share/colcon-core/packages/px4_msgs)
[7.158s] DEBUG:colcon.colcon_core.event_handler.log_command:Invoked command in '/home/blake/M-LADIS-Jerry/ws_sensor_combined/build/px4_msgs' returned '0': CMAKE_PREFIX_PATH=/opt/ros/humble /usr/bin/cmake --install /home/blake/M-LADIS-Jerry/ws_sensor_combined/build/px4_msgs
[9.489s] Level 1:colcon.colcon_core.environment:create_environment_scripts_only(px4_msgs)
[9.489s] Level 1:colcon.colcon_core.environment:checking '/home/blake/M-LADIS-Jerry/ws_sensor_combined/install/px4_msgs' for CMake module files
[9.490s] Level 1:colcon.colcon_core.environment:checking '/home/blake/M-LADIS-Jerry/ws_sensor_combined/install/px4_msgs' for CMake config files
[9.493s] Level 1:colcon.colcon_core.shell:create_environment_hook('px4_msgs', 'cmake_prefix_path')
[9.493s] INFO:colcon.colcon_core.shell:Creating environment hook '/home/blake/M-LADIS-Jerry/ws_sensor_combined/install/px4_msgs/share/px4_msgs/hook/cmake_prefix_path.ps1'
[9.493s] INFO:colcon.colcon_core.shell:Creating environment descriptor '/home/blake/M-LADIS-Jerry/ws_sensor_combined/install/px4_msgs/share/px4_msgs/hook/cmake_prefix_path.dsv'
[9.493s] INFO:colcon.colcon_core.shell:Creating environment hook '/home/blake/M-LADIS-Jerry/ws_sensor_combined/install/px4_msgs/share/px4_msgs/hook/cmake_prefix_path.sh'
[9.494s] Level 1:colcon.colcon_core.environment:checking '/home/blake/M-LADIS-Jerry/ws_sensor_combined/install/px4_msgs/lib'
[9.494s] Level 1:colcon.colcon_core.shell:create_environment_hook('px4_msgs', 'ld_library_path_lib')
[9.494s] INFO:colcon.colcon_core.shell:Creating environment hook '/home/blake/M-LADIS-Jerry/ws_sensor_combined/install/px4_msgs/share/px4_msgs/hook/ld_library_path_lib.ps1'
[9.494s] INFO:colcon.colcon_core.shell:Creating environment descriptor '/home/blake/M-LADIS-Jerry/ws_sensor_combined/install/px4_msgs/share/px4_msgs/hook/ld_library_path_lib.dsv'
[9.494s] INFO:colcon.colcon_core.shell:Creating environment hook '/home/blake/M-LADIS-Jerry/ws_sensor_combined/install/px4_msgs/share/px4_msgs/hook/ld_library_path_lib.sh'
[9.495s] Level 1:colcon.colcon_core.environment:checking '/home/blake/M-LADIS-Jerry/ws_sensor_combined/install/px4_msgs/bin'
[9.495s] Level 1:colcon.colcon_core.environment:checking '/home/blake/M-LADIS-Jerry/ws_sensor_combined/install/px4_msgs/lib/pkgconfig/px4_msgs.pc'
[9.495s] Level 1:colcon.colcon_core.environment:checking '/home/blake/M-LADIS-Jerry/ws_sensor_combined/install/px4_msgs/lib/python3.10/site-packages'
[9.495s] Level 1:colcon.colcon_core.environment:checking '/home/blake/M-LADIS-Jerry/ws_sensor_combined/install/px4_msgs/bin'
[9.495s] INFO:colcon.colcon_core.shell:Creating package script '/home/blake/M-LADIS-Jerry/ws_sensor_combined/install/px4_msgs/share/px4_msgs/package.ps1'
[9.495s] INFO:colcon.colcon_core.shell:Creating package descriptor '/home/blake/M-LADIS-Jerry/ws_sensor_combined/install/px4_msgs/share/px4_msgs/package.dsv'
[9.496s] INFO:colcon.colcon_core.shell:Creating package script '/home/blake/M-LADIS-Jerry/ws_sensor_combined/install/px4_msgs/share/px4_msgs/package.sh'
[9.496s] INFO:colcon.colcon_core.shell:Creating package script '/home/blake/M-LADIS-Jerry/ws_sensor_combined/install/px4_msgs/share/px4_msgs/package.bash'
[9.496s] INFO:colcon.colcon_core.shell:Creating package script '/home/blake/M-LADIS-Jerry/ws_sensor_combined/install/px4_msgs/share/px4_msgs/package.zsh'
[9.497s] Level 1:colcon.colcon_core.environment:create_file_with_runtime_dependencies(/home/blake/M-LADIS-Jerry/ws_sensor_combined/install/px4_msgs/share/colcon-core/packages/px4_msgs)
[9.497s] INFO:colcon.colcon_ros.task.ament_cmake.build:Building ROS package in '/home/blake/M-LADIS-Jerry/ws_sensor_combined/src/px4_ros_com' with build type 'ament_cmake'
[9.497s] INFO:colcon.colcon_cmake.task.cmake.build:Building CMake package in '/home/blake/M-LADIS-Jerry/ws_sensor_combined/src/px4_ros_com'
[9.497s] INFO:colcon.colcon_core.shell:Skip shell extension 'powershell' for command environment: Not usable outside of PowerShell
[9.497s] DEBUG:colcon.colcon_core.shell:Skip shell extension 'dsv' for command environment
[9.616s] DEBUG:colcon.colcon_core.event_handler.log_command:Invoking command in '/home/blake/M-LADIS-Jerry/ws_sensor_combined/build/px4_ros_com': AMENT_PREFIX_PATH=/home/blake/M-LADIS-Jerry/ws_sensor_combined/install/px4_msgs:${AMENT_PREFIX_PATH} CMAKE_PREFIX_PATH=/home/blake/M-LADIS-Jerry/ws_sensor_combined/install/px4_msgs:/opt/ros/humble LD_LIBRARY_PATH=/home/blake/M-LADIS-Jerry/ws_sensor_combined/install/px4_msgs/lib:${LD_LIBRARY_PATH} PYTHONPATH=/home/blake/M-LADIS-Jerry/ws_sensor_combined/install/px4_msgs/local/lib/python3.10/dist-packages:${PYTHONPATH} /usr/bin/cmake --build /home/blake/M-LADIS-Jerry/ws_sensor_combined/build/px4_ros_com -- -j12 -l12
[9.737s] DEBUG:colcon.colcon_core.event_handler.log_command:Invoked command in '/home/blake/M-LADIS-Jerry/ws_sensor_combined/build/px4_ros_com' returned '0': AMENT_PREFIX_PATH=/home/blake/M-LADIS-Jerry/ws_sensor_combined/install/px4_msgs:${AMENT_PREFIX_PATH} CMAKE_PREFIX_PATH=/home/blake/M-LADIS-Jerry/ws_sensor_combined/install/px4_msgs:/opt/ros/humble LD_LIBRARY_PATH=/home/blake/M-LADIS-Jerry/ws_sensor_combined/install/px4_msgs/lib:${LD_LIBRARY_PATH} PYTHONPATH=/home/blake/M-LADIS-Jerry/ws_sensor_combined/install/px4_msgs/local/lib/python3.10/dist-packages:${PYTHONPATH} /usr/bin/cmake --build /home/blake/M-LADIS-Jerry/ws_sensor_combined/build/px4_ros_com -- -j12 -l12
[9.763s] DEBUG:colcon.colcon_core.event_handler.log_command:Invoking command in '/home/blake/M-LADIS-Jerry/ws_sensor_combined/build/px4_ros_com': AMENT_PREFIX_PATH=/home/blake/M-LADIS-Jerry/ws_sensor_combined/install/px4_msgs:${AMENT_PREFIX_PATH} CMAKE_PREFIX_PATH=/home/blake/M-LADIS-Jerry/ws_sensor_combined/install/px4_msgs:/opt/ros/humble LD_LIBRARY_PATH=/home/blake/M-LADIS-Jerry/ws_sensor_combined/install/px4_msgs/lib:${LD_LIBRARY_PATH} PYTHONPATH=/home/blake/M-LADIS-Jerry/ws_sensor_combined/install/px4_msgs/local/lib/python3.10/dist-packages:${PYTHONPATH} /usr/bin/cmake --install /home/blake/M-LADIS-Jerry/ws_sensor_combined/build/px4_ros_com
[9.771s] Level 1:colcon.colcon_core.environment:create_environment_scripts_only(px4_ros_com)
[9.771s] Level 1:colcon.colcon_core.environment:checking '/home/blake/M-LADIS-Jerry/ws_sensor_combined/install/px4_ros_com' for CMake module files
[9.771s] DEBUG:colcon.colcon_core.event_handler.log_command:Invoked command in '/home/blake/M-LADIS-Jerry/ws_sensor_combined/build/px4_ros_com' returned '0': AMENT_PREFIX_PATH=/home/blake/M-LADIS-Jerry/ws_sensor_combined/install/px4_msgs:${AMENT_PREFIX_PATH} CMAKE_PREFIX_PATH=/home/blake/M-LADIS-Jerry/ws_sensor_combined/install/px4_msgs:/opt/ros/humble LD_LIBRARY_PATH=/home/blake/M-LADIS-Jerry/ws_sensor_combined/install/px4_msgs/lib:${LD_LIBRARY_PATH} PYTHONPATH=/home/blake/M-LADIS-Jerry/ws_sensor_combined/install/px4_msgs/local/lib/python3.10/dist-packages:${PYTHONPATH} /usr/bin/cmake --install /home/blake/M-LADIS-Jerry/ws_sensor_combined/build/px4_ros_com
[9.772s] Level 1:colcon.colcon_core.environment:checking '/home/blake/M-LADIS-Jerry/ws_sensor_combined/install/px4_ros_com' for CMake config files
[9.772s] Level 1:colcon.colcon_core.shell:create_environment_hook('px4_ros_com', 'cmake_prefix_path')
[9.773s] INFO:colcon.colcon_core.shell:Creating environment hook '/home/blake/M-LADIS-Jerry/ws_sensor_combined/install/px4_ros_com/share/px4_ros_com/hook/cmake_prefix_path.ps1'
[9.773s] INFO:colcon.colcon_core.shell:Creating environment descriptor '/home/blake/M-LADIS-Jerry/ws_sensor_combined/install/px4_ros_com/share/px4_ros_com/hook/cmake_prefix_path.dsv'
[9.773s] INFO:colcon.colcon_core.shell:Creating environment hook '/home/blake/M-LADIS-Jerry/ws_sensor_combined/install/px4_ros_com/share/px4_ros_com/hook/cmake_prefix_path.sh'
[9.774s] Level 1:colcon.colcon_core.environment:checking '/home/blake/M-LADIS-Jerry/ws_sensor_combined/install/px4_ros_com/lib'
[9.774s] Level 1:colcon.colcon_core.environment:checking '/home/blake/M-LADIS-Jerry/ws_sensor_combined/install/px4_ros_com/bin'
[9.774s] Level 1:colcon.colcon_core.environment:checking '/home/blake/M-LADIS-Jerry/ws_sensor_combined/install/px4_ros_com/lib/pkgconfig/px4_ros_com.pc'
[9.774s] Level 1:colcon.colcon_core.environment:checking '/home/blake/M-LADIS-Jerry/ws_sensor_combined/install/px4_ros_com/lib/python3.10/site-packages'
[9.774s] Level 1:colcon.colcon_core.environment:checking '/home/blake/M-LADIS-Jerry/ws_sensor_combined/install/px4_ros_com/bin'
[9.775s] INFO:colcon.colcon_core.shell:Creating package script '/home/blake/M-LADIS-Jerry/ws_sensor_combined/install/px4_ros_com/share/px4_ros_com/package.ps1'
[9.775s] INFO:colcon.colcon_core.shell:Creating package descriptor '/home/blake/M-LADIS-Jerry/ws_sensor_combined/install/px4_ros_com/share/px4_ros_com/package.dsv'
[9.776s] INFO:colcon.colcon_core.shell:Creating package script '/home/blake/M-LADIS-Jerry/ws_sensor_combined/install/px4_ros_com/share/px4_ros_com/package.sh'
[9.776s] INFO:colcon.colcon_core.shell:Creating package script '/home/blake/M-LADIS-Jerry/ws_sensor_combined/install/px4_ros_com/share/px4_ros_com/package.bash'
[9.776s] INFO:colcon.colcon_core.shell:Creating package script '/home/blake/M-LADIS-Jerry/ws_sensor_combined/install/px4_ros_com/share/px4_ros_com/package.zsh'
[9.777s] Level 1:colcon.colcon_core.environment:create_file_with_runtime_dependencies(/home/blake/M-LADIS-Jerry/ws_sensor_combined/install/px4_ros_com/share/colcon-core/packages/px4_ros_com)
[9.800s] Level 1:colcon.colcon_core.environment:create_environment_scripts_only(px4_ros_com)
[9.801s] Level 1:colcon.colcon_core.environment:checking '/home/blake/M-LADIS-Jerry/ws_sensor_combined/install/px4_ros_com' for CMake module files
[9.801s] Level 1:colcon.colcon_core.environment:checking '/home/blake/M-LADIS-Jerry/ws_sensor_combined/install/px4_ros_com' for CMake config files
[9.802s] Level 1:colcon.colcon_core.shell:create_environment_hook('px4_ros_com', 'cmake_prefix_path')
[9.802s] INFO:colcon.colcon_core.shell:Creating environment hook '/home/blake/M-LADIS-Jerry/ws_sensor_combined/install/px4_ros_com/share/px4_ros_com/hook/cmake_prefix_path.ps1'
[9.802s] INFO:colcon.colcon_core.shell:Creating environment descriptor '/home/blake/M-LADIS-Jerry/ws_sensor_combined/install/px4_ros_com/share/px4_ros_com/hook/cmake_prefix_path.dsv'
[9.803s] INFO:colcon.colcon_core.shell:Creating environment hook '/home/blake/M-LADIS-Jerry/ws_sensor_combined/install/px4_ros_com/share/px4_ros_com/hook/cmake_prefix_path.sh'
[9.803s] Level 1:colcon.colcon_core.environment:checking '/home/blake/M-LADIS-Jerry/ws_sensor_combined/install/px4_ros_com/lib'
[9.803s] Level 1:colcon.colcon_core.environment:checking '/home/blake/M-LADIS-Jerry/ws_sensor_combined/install/px4_ros_com/bin'
[9.803s] Level 1:colcon.colcon_core.environment:checking '/home/blake/M-LADIS-Jerry/ws_sensor_combined/install/px4_ros_com/lib/pkgconfig/px4_ros_com.pc'
[9.803s] Level 1:colcon.colcon_core.environment:checking '/home/blake/M-LADIS-Jerry/ws_sensor_combined/install/px4_ros_com/lib/python3.10/site-packages'
[9.804s] Level 1:colcon.colcon_core.environment:checking '/home/blake/M-LADIS-Jerry/ws_sensor_combined/install/px4_ros_com/bin'
[9.804s] INFO:colcon.colcon_core.shell:Creating package script '/home/blake/M-LADIS-Jerry/ws_sensor_combined/install/px4_ros_com/share/px4_ros_com/package.ps1'
[9.804s] INFO:colcon.colcon_core.shell:Creating package descriptor '/home/blake/M-LADIS-Jerry/ws_sensor_combined/install/px4_ros_com/share/px4_ros_com/package.dsv'
[9.805s] INFO:colcon.colcon_core.shell:Creating package script '/home/blake/M-LADIS-Jerry/ws_sensor_combined/install/px4_ros_com/share/px4_ros_com/package.sh'
[9.805s] INFO:colcon.colcon_core.shell:Creating package script '/home/blake/M-LADIS-Jerry/ws_sensor_combined/install/px4_ros_com/share/px4_ros_com/package.bash'
[9.806s] INFO:colcon.colcon_core.shell:Creating package script '/home/blake/M-LADIS-Jerry/ws_sensor_combined/install/px4_ros_com/share/px4_ros_com/package.zsh'
[9.806s] Level 1:colcon.colcon_core.environment:create_file_with_runtime_dependencies(/home/blake/M-LADIS-Jerry/ws_sensor_combined/install/px4_ros_com/share/colcon-core/packages/px4_ros_com)
[9.806s] DEBUG:colcon.colcon_parallel_executor.executor.parallel:closing loop
[9.806s] DEBUG:colcon.colcon_parallel_executor.executor.parallel:loop closed
[9.807s] DEBUG:colcon.colcon_parallel_executor.executor.parallel:run_until_complete finished with '0'
[9.807s] DEBUG:colcon.colcon_core.event_reactor:joining thread
[9.811s] INFO:colcon.colcon_core.plugin_system:Skipping extension 'colcon_notification.desktop_notification.terminal_notifier': Not used on non-Darwin systems
[9.811s] INFO:colcon.colcon_core.plugin_system:Skipping extension 'colcon_notification.desktop_notification.win32': Not used on non-Windows systems
[9.811s] INFO:colcon.colcon_notification.desktop_notification:Sending desktop notification using 'notify2'
[9.820s] DEBUG:colcon.colcon_core.event_reactor:joined thread
[9.820s] INFO:colcon.colcon_core.shell:Creating prefix script '/home/blake/M-LADIS-Jerry/ws_sensor_combined/install/local_setup.ps1'
[9.821s] INFO:colcon.colcon_core.shell:Creating prefix util module '/home/blake/M-LADIS-Jerry/ws_sensor_combined/install/_local_setup_util_ps1.py'
[9.822s] INFO:colcon.colcon_core.shell:Creating prefix chain script '/home/blake/M-LADIS-Jerry/ws_sensor_combined/install/setup.ps1'
[9.823s] INFO:colcon.colcon_core.shell:Creating prefix script '/home/blake/M-LADIS-Jerry/ws_sensor_combined/install/local_setup.sh'
[9.823s] INFO:colcon.colcon_core.shell:Creating prefix util module '/home/blake/M-LADIS-Jerry/ws_sensor_combined/install/_local_setup_util_sh.py'
[9.824s] INFO:colcon.colcon_core.shell:Creating prefix chain script '/home/blake/M-LADIS-Jerry/ws_sensor_combined/install/setup.sh'
[9.825s] INFO:colcon.colcon_core.shell:Creating prefix script '/home/blake/M-LADIS-Jerry/ws_sensor_combined/install/local_setup.bash'
[9.825s] INFO:colcon.colcon_core.shell:Creating prefix chain script '/home/blake/M-LADIS-Jerry/ws_sensor_combined/install/setup.bash'
[9.826s] INFO:colcon.colcon_core.shell:Creating prefix script '/home/blake/M-LADIS-Jerry/ws_sensor_combined/install/local_setup.zsh'
[9.826s] INFO:colcon.colcon_core.shell:Creating prefix chain script '/home/blake/M-LADIS-Jerry/ws_sensor_combined/install/setup.zsh'
