[0.059s] Invoking command in '/home/robmoemac/M-LADIS-Jerry/ws_sensor_combined/build/velodyne_laserscan': /usr/bin/cmake /home/robmoemac/M-LADIS-Jerry/ws_sensor_combined/src/velodyne/velodyne_laserscan -DCATKIN_INSTALL_INTO_PREFIX_ROOT=0 -DCMAKE_INSTALL_PREFIX=/home/robmoemac/M-LADIS-Jerry/ws_sensor_combined/install/velodyne_laserscan
[0.110s] -- Configuring incomplete, errors occurred!
[0.110s] See also "/home/robmoemac/M-LADIS-Jerry/ws_sensor_combined/build/velodyne_laserscan/CMakeFiles/CMakeOutput.log".
[0.111s] [0mCMake Deprecation Warning at CMakeLists.txt:1 (cmake_minimum_required):
[0.111s]   Compatibility with CMake < 2.8.12 will be removed from a future version of
[0.111s]   CMake.
[0.111s] 
[0.111s]   Update the VERSION argument <min> value or use a ...<max> suffix to tell
[0.111s]   CMake that the project does not need compatibility with older versions.
[0.111s] 
[0.111s] [0m
[0.111s] [31mCMake Error at CMakeLists.txt:13 (find_package):
[0.111s]   By not providing "Findcatkin.cmake" in CMAKE_MODULE_PATH this project has
[0.111s]   asked CMake to find a package configuration file provided by "catkin", but
[0.111s]   CMake did not find one.
[0.112s] 
[0.112s]   Could not find a package configuration file provided by "catkin" with any
[0.112s]   of the following names:
[0.112s] 
[0.112s]     catkinConfig.cmake
[0.112s]     catkin-config.cmake
[0.112s] 
[0.112s]   Add the installation prefix of "catkin" to CMAKE_PREFIX_PATH or set
[0.113s]   "catkin_DIR" to a directory containing one of the above files.  If "catkin"
[0.113s]   provides a separate development package or SDK, be sure it has been
[0.113s]   installed.
[0.113s] 
[0.113s] [0m
[0.128s] Invoked command in '/home/robmoemac/M-LADIS-Jerry/ws_sensor_combined/build/velodyne_laserscan' returned '1': /usr/bin/cmake /home/robmoemac/M-LADIS-Jerry/ws_sensor_combined/src/velodyne/velodyne_laserscan -DCATKIN_INSTALL_INTO_PREFIX_ROOT=0 -DCMAKE_INSTALL_PREFIX=/home/robmoemac/M-LADIS-Jerry/ws_sensor_combined/install/velodyne_laserscan
