[0.433s] DEBUG:colcon:Command line arguments: ['/usr/bin/colcon', 'build']
[0.433s] DEBUG:colcon:Parsed command line arguments: Namespace(log_base=None, log_level=None, verb_name='build', build_base='build', install_base='install', merge_install=False, symlink_install=False, test_result_base=None, continue_on_error=False, executor='parallel', parallel_workers=8, event_handlers=None, ignore_user_meta=False, metas=['./colcon.meta'], base_paths=['.'], packages_ignore=None, packages_ignore_regex=None, paths=None, packages_up_to=None, packages_up_to_regex=None, packages_above=None, packages_above_and_dependencies=None, packages_above_depth=None, packages_select_by_dep=None, packages_skip_by_dep=None, packages_skip_up_to=None, packages_select_build_failed=False, packages_skip_build_finished=False, packages_select_test_failures=False, packages_skip_test_passed=False, packages_select=None, packages_skip=None, packages_select_regex=None, packages_skip_regex=None, packages_start=None, packages_end=None, allow_overriding=[], cmake_args=None, cmake_target=None, cmake_target_skip_unavailable=False, cmake_clean_cache=False, cmake_clean_first=False, cmake_force_configure=False, ament_cmake_args=None, catkin_cmake_args=None, catkin_skip_building_tests=False, verb_parser=<colcon_defaults.argument_parser.defaults.DefaultArgumentsDecorator object at 0x7a79a1a45960>, verb_extension=<colcon_core.verb.build.BuildVerb object at 0x7a79a1a44880>, main=<bound method BuildVerb.main of <colcon_core.verb.build.BuildVerb object at 0x7a79a1a44880>>)
[0.591s] Level 1:colcon.colcon_core.package_discovery:discover_packages(colcon_meta) check parameters
[0.591s] Level 1:colcon.colcon_core.package_discovery:discover_packages(recursive) check parameters
[0.591s] Level 1:colcon.colcon_core.package_discovery:discover_packages(ignore) check parameters
[0.591s] Level 1:colcon.colcon_core.package_discovery:discover_packages(path) check parameters
[0.591s] Level 1:colcon.colcon_core.package_discovery:discover_packages(colcon_meta) discover
[0.592s] Level 1:colcon.colcon_core.package_discovery:discover_packages(recursive) discover
[0.592s] INFO:colcon.colcon_core.package_discovery:Crawling recursively for packages in '/home/robmoemac/M-LADIS-Jerry/ws_sensor_combined'
[0.593s] Level 1:colcon.colcon_core.package_identification:_identify(.) by extensions ['ignore', 'ignore_ament_install']
[0.593s] Level 1:colcon.colcon_core.package_identification:_identify(.) by extension 'ignore'
[0.594s] Level 1:colcon.colcon_core.package_identification:_identify(.) by extension 'ignore_ament_install'
[0.594s] Level 1:colcon.colcon_core.package_identification:_identify(.) by extensions ['colcon_pkg']
[0.594s] Level 1:colcon.colcon_core.package_identification:_identify(.) by extension 'colcon_pkg'
[0.595s] Level 1:colcon.colcon_core.package_identification:_identify(.) by extensions ['colcon_meta']
[0.595s] Level 1:colcon.colcon_core.package_identification:_identify(.) by extension 'colcon_meta'
[0.595s] Level 1:colcon.colcon_core.package_identification:_identify(.) by extensions ['ros']
[0.595s] Level 1:colcon.colcon_core.package_identification:_identify(.) by extension 'ros'
[0.669s] Level 1:colcon.colcon_core.package_identification:_identify(.) by extensions ['cmake', 'python']
[0.670s] Level 1:colcon.colcon_core.package_identification:_identify(.) by extension 'cmake'
[0.670s] Level 1:colcon.colcon_core.package_identification:_identify(.) by extension 'python'
[0.671s] Level 1:colcon.colcon_core.package_identification:_identify(.) by extensions ['python_setup_py']
[0.671s] Level 1:colcon.colcon_core.package_identification:_identify(.) by extension 'python_setup_py'
[0.672s] Level 1:colcon.colcon_core.package_identification:_identify(build) by extensions ['ignore', 'ignore_ament_install']
[0.673s] Level 1:colcon.colcon_core.package_identification:_identify(build) by extension 'ignore'
[0.673s] Level 1:colcon.colcon_core.package_identification:_identify(build) ignored
[0.674s] Level 1:colcon.colcon_core.package_identification:_identify(install) by extensions ['ignore', 'ignore_ament_install']
[0.675s] Level 1:colcon.colcon_core.package_identification:_identify(install) by extension 'ignore'
[0.675s] Level 1:colcon.colcon_core.package_identification:_identify(install) ignored
[0.677s] Level 1:colcon.colcon_core.package_identification:_identify(log) by extensions ['ignore', 'ignore_ament_install']
[0.678s] Level 1:colcon.colcon_core.package_identification:_identify(log) by extension 'ignore'
[0.678s] Level 1:colcon.colcon_core.package_identification:_identify(log) ignored
[0.678s] Level 1:colcon.colcon_core.package_identification:_identify(src) by extensions ['ignore', 'ignore_ament_install']
[0.678s] Level 1:colcon.colcon_core.package_identification:_identify(src) by extension 'ignore'
[0.679s] Level 1:colcon.colcon_core.package_identification:_identify(src) by extension 'ignore_ament_install'
[0.679s] Level 1:colcon.colcon_core.package_identification:_identify(src) by extensions ['colcon_pkg']
[0.679s] Level 1:colcon.colcon_core.package_identification:_identify(src) by extension 'colcon_pkg'
[0.679s] Level 1:colcon.colcon_core.package_identification:_identify(src) by extensions ['colcon_meta']
[0.679s] Level 1:colcon.colcon_core.package_identification:_identify(src) by extension 'colcon_meta'
[0.679s] Level 1:colcon.colcon_core.package_identification:_identify(src) by extensions ['ros']
[0.679s] Level 1:colcon.colcon_core.package_identification:_identify(src) by extension 'ros'
[0.680s] Level 1:colcon.colcon_core.package_identification:_identify(src) by extensions ['cmake', 'python']
[0.680s] Level 1:colcon.colcon_core.package_identification:_identify(src) by extension 'cmake'
[0.680s] Level 1:colcon.colcon_core.package_identification:_identify(src) by extension 'python'
[0.680s] Level 1:colcon.colcon_core.package_identification:_identify(src) by extensions ['python_setup_py']
[0.680s] Level 1:colcon.colcon_core.package_identification:_identify(src) by extension 'python_setup_py'
[0.680s] Level 1:colcon.colcon_core.package_identification:_identify(src/odometry) by extensions ['ignore', 'ignore_ament_install']
[0.681s] Level 1:colcon.colcon_core.package_identification:_identify(src/odometry) by extension 'ignore'
[0.681s] Level 1:colcon.colcon_core.package_identification:_identify(src/odometry) by extension 'ignore_ament_install'
[0.681s] Level 1:colcon.colcon_core.package_identification:_identify(src/odometry) by extensions ['colcon_pkg']
[0.681s] Level 1:colcon.colcon_core.package_identification:_identify(src/odometry) by extension 'colcon_pkg'
[0.681s] Level 1:colcon.colcon_core.package_identification:_identify(src/odometry) by extensions ['colcon_meta']
[0.682s] Level 1:colcon.colcon_core.package_identification:_identify(src/odometry) by extension 'colcon_meta'
[0.682s] Level 1:colcon.colcon_core.package_identification:_identify(src/odometry) by extensions ['ros']
[0.682s] Level 1:colcon.colcon_core.package_identification:_identify(src/odometry) by extension 'ros'
[0.689s] DEBUG:colcon.colcon_core.package_identification:Package 'src/odometry' with type 'ros.ament_python' and name 'odometry'
[0.690s] Level 1:colcon.colcon_core.package_identification:_identify(src/px4_msgs) by extensions ['ignore', 'ignore_ament_install']
[0.690s] Level 1:colcon.colcon_core.package_identification:_identify(src/px4_msgs) by extension 'ignore'
[0.691s] Level 1:colcon.colcon_core.package_identification:_identify(src/px4_msgs) by extension 'ignore_ament_install'
[0.691s] Level 1:colcon.colcon_core.package_identification:_identify(src/px4_msgs) by extensions ['colcon_pkg']
[0.692s] Level 1:colcon.colcon_core.package_identification:_identify(src/px4_msgs) by extension 'colcon_pkg'
[0.692s] Level 1:colcon.colcon_core.package_identification:_identify(src/px4_msgs) by extensions ['colcon_meta']
[0.692s] Level 1:colcon.colcon_core.package_identification:_identify(src/px4_msgs) by extension 'colcon_meta'
[0.692s] Level 1:colcon.colcon_core.package_identification:_identify(src/px4_msgs) by extensions ['ros']
[0.692s] Level 1:colcon.colcon_core.package_identification:_identify(src/px4_msgs) by extension 'ros'
[0.695s] DEBUG:colcon.colcon_core.package_identification:Package 'src/px4_msgs' with type 'ros.ament_cmake' and name 'px4_msgs'
[0.695s] Level 1:colcon.colcon_core.package_identification:_identify(src/px4_ros_com) by extensions ['ignore', 'ignore_ament_install']
[0.696s] Level 1:colcon.colcon_core.package_identification:_identify(src/px4_ros_com) by extension 'ignore'
[0.696s] Level 1:colcon.colcon_core.package_identification:_identify(src/px4_ros_com) by extension 'ignore_ament_install'
[0.696s] Level 1:colcon.colcon_core.package_identification:_identify(src/px4_ros_com) by extensions ['colcon_pkg']
[0.696s] Level 1:colcon.colcon_core.package_identification:_identify(src/px4_ros_com) by extension 'colcon_pkg'
[0.696s] Level 1:colcon.colcon_core.package_identification:_identify(src/px4_ros_com) by extensions ['colcon_meta']
[0.696s] Level 1:colcon.colcon_core.package_identification:_identify(src/px4_ros_com) by extension 'colcon_meta'
[0.696s] Level 1:colcon.colcon_core.package_identification:_identify(src/px4_ros_com) by extensions ['ros']
[0.697s] Level 1:colcon.colcon_core.package_identification:_identify(src/px4_ros_com) by extension 'ros'
[0.700s] DEBUG:colcon.colcon_core.package_identification:Package 'src/px4_ros_com' with type 'ros.ament_cmake' and name 'px4_ros_com'
[0.700s] Level 1:colcon.colcon_core.package_identification:_identify(src/ros_gz) by extensions ['ignore', 'ignore_ament_install']
[0.701s] Level 1:colcon.colcon_core.package_identification:_identify(src/ros_gz) by extension 'ignore'
[0.701s] Level 1:colcon.colcon_core.package_identification:_identify(src/ros_gz) by extension 'ignore_ament_install'
[0.701s] Level 1:colcon.colcon_core.package_identification:_identify(src/ros_gz) by extensions ['colcon_pkg']
[0.701s] Level 1:colcon.colcon_core.package_identification:_identify(src/ros_gz) by extension 'colcon_pkg'
[0.701s] Level 1:colcon.colcon_core.package_identification:_identify(src/ros_gz) by extensions ['colcon_meta']
[0.701s] Level 1:colcon.colcon_core.package_identification:_identify(src/ros_gz) by extension 'colcon_meta'
[0.702s] Level 1:colcon.colcon_core.package_identification:_identify(src/ros_gz) by extensions ['ros']
[0.702s] Level 1:colcon.colcon_core.package_identification:_identify(src/ros_gz) by extension 'ros'
[0.702s] Level 1:colcon.colcon_core.package_identification:_identify(src/ros_gz) by extensions ['cmake', 'python']
[0.702s] Level 1:colcon.colcon_core.package_identification:_identify(src/ros_gz) by extension 'cmake'
[0.702s] Level 1:colcon.colcon_core.package_identification:_identify(src/ros_gz) by extension 'python'
[0.703s] Level 1:colcon.colcon_core.package_identification:_identify(src/ros_gz) by extensions ['python_setup_py']
[0.703s] Level 1:colcon.colcon_core.package_identification:_identify(src/ros_gz) by extension 'python_setup_py'
[0.703s] Level 1:colcon.colcon_core.package_discovery:discover_packages(recursive) using defaults
[0.703s] Level 1:colcon.colcon_core.package_discovery:discover_packages(ignore) discover
[0.703s] Level 1:colcon.colcon_core.package_discovery:discover_packages(ignore) using defaults
[0.704s] Level 1:colcon.colcon_core.package_discovery:discover_packages(path) discover
[0.704s] Level 1:colcon.colcon_core.package_discovery:discover_packages(path) using defaults
[0.777s] Level 1:colcon.colcon_core.package_discovery:discover_packages(prefix_path) check parameters
[0.777s] Level 1:colcon.colcon_core.package_discovery:discover_packages(prefix_path) discover
[0.784s] DEBUG:colcon.colcon_installed_package_information.package_discovery:Found 3 installed packages in /home/robmoemac/M-LADIS-Jerry/ws_sensor_combined/install
[0.786s] DEBUG:colcon.colcon_installed_package_information.package_discovery:Found 3 installed packages in /home/robmoemac/.local/share/Trash/files/ws_sensor_combined/install
[0.794s] DEBUG:colcon.colcon_installed_package_information.package_discovery:Found 291 installed packages in /opt/ros/humble
[0.801s] Level 1:colcon.colcon_core.package_discovery:discover_packages(prefix_path) using defaults
[0.959s] Level 5:colcon.colcon_core.verb:set package 'odometry' build argument 'cmake_args' from command line to 'None'
[0.960s] Level 5:colcon.colcon_core.verb:set package 'odometry' build argument 'cmake_target' from command line to 'None'
[0.960s] Level 5:colcon.colcon_core.verb:set package 'odometry' build argument 'cmake_target_skip_unavailable' from command line to 'False'
[0.960s] Level 5:colcon.colcon_core.verb:set package 'odometry' build argument 'cmake_clean_cache' from command line to 'False'
[0.960s] Level 5:colcon.colcon_core.verb:set package 'odometry' build argument 'cmake_clean_first' from command line to 'False'
[0.960s] Level 5:colcon.colcon_core.verb:set package 'odometry' build argument 'cmake_force_configure' from command line to 'False'
[0.960s] Level 5:colcon.colcon_core.verb:set package 'odometry' build argument 'ament_cmake_args' from command line to 'None'
[0.960s] Level 5:colcon.colcon_core.verb:set package 'odometry' build argument 'catkin_cmake_args' from command line to 'None'
[0.960s] Level 5:colcon.colcon_core.verb:set package 'odometry' build argument 'catkin_skip_building_tests' from command line to 'False'
[0.961s] DEBUG:colcon.colcon_core.verb:Building package 'odometry' with the following arguments: {'ament_cmake_args': None, 'build_base': '/home/robmoemac/M-LADIS-Jerry/ws_sensor_combined/build/odometry', 'catkin_cmake_args': None, 'catkin_skip_building_tests': False, 'cmake_args': None, 'cmake_clean_cache': False, 'cmake_clean_first': False, 'cmake_force_configure': False, 'cmake_target': None, 'cmake_target_skip_unavailable': False, 'install_base': '/home/robmoemac/M-LADIS-Jerry/ws_sensor_combined/install/odometry', 'merge_install': False, 'path': '/home/robmoemac/M-LADIS-Jerry/ws_sensor_combined/src/odometry', 'symlink_install': False, 'test_result_base': None}
[0.963s] Level 5:colcon.colcon_core.verb:set package 'px4_msgs' build argument 'cmake_args' from command line to 'None'
[0.963s] Level 5:colcon.colcon_core.verb:set package 'px4_msgs' build argument 'cmake_target' from command line to 'None'
[0.963s] Level 5:colcon.colcon_core.verb:set package 'px4_msgs' build argument 'cmake_target_skip_unavailable' from command line to 'False'
[0.963s] Level 5:colcon.colcon_core.verb:set package 'px4_msgs' build argument 'cmake_clean_cache' from command line to 'False'
[0.963s] Level 5:colcon.colcon_core.verb:set package 'px4_msgs' build argument 'cmake_clean_first' from command line to 'False'
[0.963s] Level 5:colcon.colcon_core.verb:set package 'px4_msgs' build argument 'cmake_force_configure' from command line to 'False'
[0.963s] Level 5:colcon.colcon_core.verb:set package 'px4_msgs' build argument 'ament_cmake_args' from command line to 'None'
[0.963s] Level 5:colcon.colcon_core.verb:set package 'px4_msgs' build argument 'catkin_cmake_args' from command line to 'None'
[0.963s] Level 5:colcon.colcon_core.verb:set package 'px4_msgs' build argument 'catkin_skip_building_tests' from command line to 'False'
[0.963s] DEBUG:colcon.colcon_core.verb:Building package 'px4_msgs' with the following arguments: {'ament_cmake_args': None, 'build_base': '/home/robmoemac/M-LADIS-Jerry/ws_sensor_combined/build/px4_msgs', 'catkin_cmake_args': None, 'catkin_skip_building_tests': False, 'cmake_args': None, 'cmake_clean_cache': False, 'cmake_clean_first': False, 'cmake_force_configure': False, 'cmake_target': None, 'cmake_target_skip_unavailable': False, 'install_base': '/home/robmoemac/M-LADIS-Jerry/ws_sensor_combined/install/px4_msgs', 'merge_install': False, 'path': '/home/robmoemac/M-LADIS-Jerry/ws_sensor_combined/src/px4_msgs', 'symlink_install': False, 'test_result_base': None}
[0.964s] Level 5:colcon.colcon_core.verb:set package 'px4_ros_com' build argument 'cmake_args' from command line to 'None'
[0.965s] Level 5:colcon.colcon_core.verb:set package 'px4_ros_com' build argument 'cmake_target' from command line to 'None'
[0.965s] Level 5:colcon.colcon_core.verb:set package 'px4_ros_com' build argument 'cmake_target_skip_unavailable' from command line to 'False'
[0.965s] Level 5:colcon.colcon_core.verb:set package 'px4_ros_com' build argument 'cmake_clean_cache' from command line to 'False'
[0.965s] Level 5:colcon.colcon_core.verb:set package 'px4_ros_com' build argument 'cmake_clean_first' from command line to 'False'
[0.965s] Level 5:colcon.colcon_core.verb:set package 'px4_ros_com' build argument 'cmake_force_configure' from command line to 'False'
[0.965s] Level 5:colcon.colcon_core.verb:set package 'px4_ros_com' build argument 'ament_cmake_args' from command line to 'None'
[0.965s] Level 5:colcon.colcon_core.verb:set package 'px4_ros_com' build argument 'catkin_cmake_args' from command line to 'None'
[0.965s] Level 5:colcon.colcon_core.verb:set package 'px4_ros_com' build argument 'catkin_skip_building_tests' from command line to 'False'
[0.966s] DEBUG:colcon.colcon_core.verb:Building package 'px4_ros_com' with the following arguments: {'ament_cmake_args': None, 'build_base': '/home/robmoemac/M-LADIS-Jerry/ws_sensor_combined/build/px4_ros_com', 'catkin_cmake_args': None, 'catkin_skip_building_tests': False, 'cmake_args': None, 'cmake_clean_cache': False, 'cmake_clean_first': False, 'cmake_force_configure': False, 'cmake_target': None, 'cmake_target_skip_unavailable': False, 'install_base': '/home/robmoemac/M-LADIS-Jerry/ws_sensor_combined/install/px4_ros_com', 'merge_install': False, 'path': '/home/robmoemac/M-LADIS-Jerry/ws_sensor_combined/src/px4_ros_com', 'symlink_install': False, 'test_result_base': None}
[0.966s] INFO:colcon.colcon_core.executor:Executing jobs using 'parallel' executor
[0.970s] DEBUG:colcon.colcon_parallel_executor.executor.parallel:run_until_complete
[0.971s] INFO:colcon.colcon_ros.task.ament_cmake.build:Building ROS package in '/home/robmoemac/M-LADIS-Jerry/ws_sensor_combined/src/px4_msgs' with build type 'ament_cmake'
[0.972s] INFO:colcon.colcon_cmake.task.cmake.build:Building CMake package in '/home/robmoemac/M-LADIS-Jerry/ws_sensor_combined/src/px4_msgs'
[0.981s] INFO:colcon.colcon_core.plugin_system:Skipping extension 'colcon_core.shell.bat': Not used on non-Windows systems
[0.983s] INFO:colcon.colcon_core.shell:Skip shell extension 'powershell' for command environment: Not usable outside of PowerShell
[0.983s] DEBUG:colcon.colcon_core.shell:Skip shell extension 'dsv' for command environment
[1.003s] INFO:colcon.colcon_ros.task.ament_python.build:Building ROS package in '/home/robmoemac/M-LADIS-Jerry/ws_sensor_combined/src/odometry' with build type 'ament_python'
[1.003s] Level 1:colcon.colcon_core.shell:create_environment_hook('odometry', 'ament_prefix_path')
[1.004s] INFO:colcon.colcon_core.shell:Creating environment hook '/home/robmoemac/M-LADIS-Jerry/ws_sensor_combined/install/odometry/share/odometry/hook/ament_prefix_path.ps1'
[1.021s] INFO:colcon.colcon_core.shell:Creating environment descriptor '/home/robmoemac/M-LADIS-Jerry/ws_sensor_combined/install/odometry/share/odometry/hook/ament_prefix_path.dsv'
[1.039s] INFO:colcon.colcon_core.shell:Creating environment hook '/home/robmoemac/M-LADIS-Jerry/ws_sensor_combined/install/odometry/share/odometry/hook/ament_prefix_path.sh'
[1.057s] INFO:colcon.colcon_core.shell:Skip shell extension 'powershell' for command environment: Not usable outside of PowerShell
[1.057s] DEBUG:colcon.colcon_core.shell:Skip shell extension 'dsv' for command environment
[1.128s] DEBUG:colcon.colcon_core.event_handler.log_command:Invoking command in '/home/robmoemac/M-LADIS-Jerry/ws_sensor_combined/build/px4_msgs': CMAKE_PREFIX_PATH=${CMAKE_PREFIX_PATH}:/home/robmoemac/M-LADIS-Jerry/ws_sensor_combined/install/odometry:/opt/ros/humble /usr/bin/cmake --build /home/robmoemac/M-LADIS-Jerry/ws_sensor_combined/build/px4_msgs -- -j8 -l8
[2.047s] INFO:colcon.colcon_core.task.python.build:Building Python package in '/home/robmoemac/M-LADIS-Jerry/ws_sensor_combined/src/odometry'
[2.049s] INFO:colcon.colcon_core.shell:Skip shell extension 'powershell' for command environment: Not usable outside of PowerShell
[2.049s] DEBUG:colcon.colcon_core.shell:Skip shell extension 'dsv' for command environment
[4.761s] DEBUG:colcon.colcon_core.event_handler.log_command:Invoking command in '/home/robmoemac/M-LADIS-Jerry/ws_sensor_combined/src/odometry': PYTHONPATH=/home/robmoemac/M-LADIS-Jerry/ws_sensor_combined/build/odometry/prefix_override:/home/robmoemac/M-LADIS-Jerry/ws_sensor_combined/install/odometry/lib/python3.10/site-packages:${PYTHONPATH} /usr/bin/python3 -W ignore:setup.py install is deprecated setup.py egg_info --egg-base ../../build/odometry build --build-base /home/robmoemac/M-LADIS-Jerry/ws_sensor_combined/build/odometry/build install --record /home/robmoemac/M-LADIS-Jerry/ws_sensor_combined/build/odometry/install.log --single-version-externally-managed install_data
[7.399s] DEBUG:colcon.colcon_core.event_handler.log_command:Invoked command in '/home/robmoemac/M-LADIS-Jerry/ws_sensor_combined/src/odometry' returned '0': PYTHONPATH=/home/robmoemac/M-LADIS-Jerry/ws_sensor_combined/build/odometry/prefix_override:/home/robmoemac/M-LADIS-Jerry/ws_sensor_combined/install/odometry/lib/python3.10/site-packages:${PYTHONPATH} /usr/bin/python3 -W ignore:setup.py install is deprecated setup.py egg_info --egg-base ../../build/odometry build --build-base /home/robmoemac/M-LADIS-Jerry/ws_sensor_combined/build/odometry/build install --record /home/robmoemac/M-LADIS-Jerry/ws_sensor_combined/build/odometry/install.log --single-version-externally-managed install_data
[7.408s] Level 1:colcon.colcon_core.environment:checking '/home/robmoemac/M-LADIS-Jerry/ws_sensor_combined/install/odometry' for CMake module files
[7.409s] Level 1:colcon.colcon_core.environment:checking '/home/robmoemac/M-LADIS-Jerry/ws_sensor_combined/install/odometry' for CMake config files
[7.412s] Level 1:colcon.colcon_core.environment:checking '/home/robmoemac/M-LADIS-Jerry/ws_sensor_combined/install/odometry/lib'
[7.412s] Level 1:colcon.colcon_core.environment:checking '/home/robmoemac/M-LADIS-Jerry/ws_sensor_combined/install/odometry/bin'
[7.413s] Level 1:colcon.colcon_core.environment:checking '/home/robmoemac/M-LADIS-Jerry/ws_sensor_combined/install/odometry/lib/pkgconfig/odometry.pc'
[7.413s] Level 1:colcon.colcon_core.environment:checking '/home/robmoemac/M-LADIS-Jerry/ws_sensor_combined/install/odometry/lib/python3.10/site-packages'
[7.414s] Level 1:colcon.colcon_core.shell:create_environment_hook('odometry', 'pythonpath')
[7.414s] INFO:colcon.colcon_core.shell:Creating environment hook '/home/robmoemac/M-LADIS-Jerry/ws_sensor_combined/install/odometry/share/odometry/hook/pythonpath.ps1'
[7.431s] INFO:colcon.colcon_core.shell:Creating environment descriptor '/home/robmoemac/M-LADIS-Jerry/ws_sensor_combined/install/odometry/share/odometry/hook/pythonpath.dsv'
[7.446s] INFO:colcon.colcon_core.shell:Creating environment hook '/home/robmoemac/M-LADIS-Jerry/ws_sensor_combined/install/odometry/share/odometry/hook/pythonpath.sh'
[7.462s] Level 1:colcon.colcon_core.environment:checking '/home/robmoemac/M-LADIS-Jerry/ws_sensor_combined/install/odometry/bin'
[7.463s] Level 1:colcon.colcon_core.environment:create_environment_scripts_only(odometry)
[7.465s] INFO:colcon.colcon_core.shell:Creating package script '/home/robmoemac/M-LADIS-Jerry/ws_sensor_combined/install/odometry/share/odometry/package.ps1'
[7.478s] INFO:colcon.colcon_core.shell:Creating package descriptor '/home/robmoemac/M-LADIS-Jerry/ws_sensor_combined/install/odometry/share/odometry/package.dsv'
[7.487s] INFO:colcon.colcon_core.shell:Creating package script '/home/robmoemac/M-LADIS-Jerry/ws_sensor_combined/install/odometry/share/odometry/package.sh'
[7.496s] INFO:colcon.colcon_core.shell:Creating package script '/home/robmoemac/M-LADIS-Jerry/ws_sensor_combined/install/odometry/share/odometry/package.bash'
[7.505s] INFO:colcon.colcon_core.shell:Creating package script '/home/robmoemac/M-LADIS-Jerry/ws_sensor_combined/install/odometry/share/odometry/package.zsh'
[7.515s] Level 1:colcon.colcon_core.environment:create_file_with_runtime_dependencies(/home/robmoemac/M-LADIS-Jerry/ws_sensor_combined/install/odometry/share/colcon-core/packages/odometry)
[10.596s] DEBUG:colcon.colcon_core.event_handler.log_command:Invoked command in '/home/robmoemac/M-LADIS-Jerry/ws_sensor_combined/build/px4_msgs' returned '0': CMAKE_PREFIX_PATH=${CMAKE_PREFIX_PATH}:/home/robmoemac/M-LADIS-Jerry/ws_sensor_combined/install/odometry:/opt/ros/humble /usr/bin/cmake --build /home/robmoemac/M-LADIS-Jerry/ws_sensor_combined/build/px4_msgs -- -j8 -l8
[28.577s] DEBUG:colcon.colcon_core.event_handler.log_command:Invoking command in '/home/robmoemac/M-LADIS-Jerry/ws_sensor_combined/build/px4_msgs': CMAKE_PREFIX_PATH=${CMAKE_PREFIX_PATH}:/home/robmoemac/M-LADIS-Jerry/ws_sensor_combined/install/odometry:/opt/ros/humble /usr/bin/cmake --install /home/robmoemac/M-LADIS-Jerry/ws_sensor_combined/build/px4_msgs
[29.762s] Level 1:colcon.colcon_core.environment:create_environment_scripts_only(px4_msgs)
[29.764s] Level 1:colcon.colcon_core.environment:checking '/home/robmoemac/M-LADIS-Jerry/ws_sensor_combined/install/px4_msgs' for CMake module files
[29.768s] Level 1:colcon.colcon_core.environment:checking '/home/robmoemac/M-LADIS-Jerry/ws_sensor_combined/install/px4_msgs' for CMake config files
[29.820s] Level 1:colcon.colcon_core.shell:create_environment_hook('px4_msgs', 'cmake_prefix_path')
[29.821s] INFO:colcon.colcon_core.shell:Creating environment hook '/home/robmoemac/M-LADIS-Jerry/ws_sensor_combined/install/px4_msgs/share/px4_msgs/hook/cmake_prefix_path.ps1'
[29.840s] INFO:colcon.colcon_core.shell:Creating environment descriptor '/home/robmoemac/M-LADIS-Jerry/ws_sensor_combined/install/px4_msgs/share/px4_msgs/hook/cmake_prefix_path.dsv'
[29.858s] INFO:colcon.colcon_core.shell:Creating environment hook '/home/robmoemac/M-LADIS-Jerry/ws_sensor_combined/install/px4_msgs/share/px4_msgs/hook/cmake_prefix_path.sh'
[29.875s] Level 1:colcon.colcon_core.environment:checking '/home/robmoemac/M-LADIS-Jerry/ws_sensor_combined/install/px4_msgs/lib'
[29.877s] Level 1:colcon.colcon_core.shell:create_environment_hook('px4_msgs', 'ld_library_path_lib')
[29.878s] INFO:colcon.colcon_core.shell:Creating environment hook '/home/robmoemac/M-LADIS-Jerry/ws_sensor_combined/install/px4_msgs/share/px4_msgs/hook/ld_library_path_lib.ps1'
[29.895s] INFO:colcon.colcon_core.shell:Creating environment descriptor '/home/robmoemac/M-LADIS-Jerry/ws_sensor_combined/install/px4_msgs/share/px4_msgs/hook/ld_library_path_lib.dsv'
[29.916s] INFO:colcon.colcon_core.shell:Creating environment hook '/home/robmoemac/M-LADIS-Jerry/ws_sensor_combined/install/px4_msgs/share/px4_msgs/hook/ld_library_path_lib.sh'
[29.933s] Level 1:colcon.colcon_core.environment:checking '/home/robmoemac/M-LADIS-Jerry/ws_sensor_combined/install/px4_msgs/bin'
[29.933s] Level 1:colcon.colcon_core.environment:checking '/home/robmoemac/M-LADIS-Jerry/ws_sensor_combined/install/px4_msgs/lib/pkgconfig/px4_msgs.pc'
[29.934s] Level 1:colcon.colcon_core.environment:checking '/home/robmoemac/M-LADIS-Jerry/ws_sensor_combined/install/px4_msgs/lib/python3.10/site-packages'
[29.936s] Level 1:colcon.colcon_core.environment:checking '/home/robmoemac/M-LADIS-Jerry/ws_sensor_combined/install/px4_msgs/bin'
[29.938s] INFO:colcon.colcon_core.shell:Creating package script '/home/robmoemac/M-LADIS-Jerry/ws_sensor_combined/install/px4_msgs/share/px4_msgs/package.ps1'
[29.956s] INFO:colcon.colcon_core.shell:Creating package descriptor '/home/robmoemac/M-LADIS-Jerry/ws_sensor_combined/install/px4_msgs/share/px4_msgs/package.dsv'
[29.971s] INFO:colcon.colcon_core.shell:Creating package script '/home/robmoemac/M-LADIS-Jerry/ws_sensor_combined/install/px4_msgs/share/px4_msgs/package.sh'
[29.988s] INFO:colcon.colcon_core.shell:Creating package script '/home/robmoemac/M-LADIS-Jerry/ws_sensor_combined/install/px4_msgs/share/px4_msgs/package.bash'
[30.006s] INFO:colcon.colcon_core.shell:Creating package script '/home/robmoemac/M-LADIS-Jerry/ws_sensor_combined/install/px4_msgs/share/px4_msgs/package.zsh'
[30.023s] Level 1:colcon.colcon_core.environment:create_file_with_runtime_dependencies(/home/robmoemac/M-LADIS-Jerry/ws_sensor_combined/install/px4_msgs/share/colcon-core/packages/px4_msgs)
[30.145s] DEBUG:colcon.colcon_core.event_handler.log_command:Invoked command in '/home/robmoemac/M-LADIS-Jerry/ws_sensor_combined/build/px4_msgs' returned '0': CMAKE_PREFIX_PATH=${CMAKE_PREFIX_PATH}:/home/robmoemac/M-LADIS-Jerry/ws_sensor_combined/install/odometry:/opt/ros/humble /usr/bin/cmake --install /home/robmoemac/M-LADIS-Jerry/ws_sensor_combined/build/px4_msgs
[47.928s] Level 1:colcon.colcon_core.environment:create_environment_scripts_only(px4_msgs)
[47.929s] Level 1:colcon.colcon_core.environment:checking '/home/robmoemac/M-LADIS-Jerry/ws_sensor_combined/install/px4_msgs' for CMake module files
[47.932s] Level 1:colcon.colcon_core.environment:checking '/home/robmoemac/M-LADIS-Jerry/ws_sensor_combined/install/px4_msgs' for CMake config files
[47.947s] Level 1:colcon.colcon_core.shell:create_environment_hook('px4_msgs', 'cmake_prefix_path')
[47.948s] INFO:colcon.colcon_core.shell:Creating environment hook '/home/robmoemac/M-LADIS-Jerry/ws_sensor_combined/install/px4_msgs/share/px4_msgs/hook/cmake_prefix_path.ps1'
[47.963s] INFO:colcon.colcon_core.shell:Creating environment descriptor '/home/robmoemac/M-LADIS-Jerry/ws_sensor_combined/install/px4_msgs/share/px4_msgs/hook/cmake_prefix_path.dsv'
[47.978s] INFO:colcon.colcon_core.shell:Creating environment hook '/home/robmoemac/M-LADIS-Jerry/ws_sensor_combined/install/px4_msgs/share/px4_msgs/hook/cmake_prefix_path.sh'
[47.994s] Level 1:colcon.colcon_core.environment:checking '/home/robmoemac/M-LADIS-Jerry/ws_sensor_combined/install/px4_msgs/lib'
[47.995s] Level 1:colcon.colcon_core.shell:create_environment_hook('px4_msgs', 'ld_library_path_lib')
[47.996s] INFO:colcon.colcon_core.shell:Creating environment hook '/home/robmoemac/M-LADIS-Jerry/ws_sensor_combined/install/px4_msgs/share/px4_msgs/hook/ld_library_path_lib.ps1'
[48.012s] INFO:colcon.colcon_core.shell:Creating environment descriptor '/home/robmoemac/M-LADIS-Jerry/ws_sensor_combined/install/px4_msgs/share/px4_msgs/hook/ld_library_path_lib.dsv'
[48.027s] INFO:colcon.colcon_core.shell:Creating environment hook '/home/robmoemac/M-LADIS-Jerry/ws_sensor_combined/install/px4_msgs/share/px4_msgs/hook/ld_library_path_lib.sh'
[48.042s] Level 1:colcon.colcon_core.environment:checking '/home/robmoemac/M-LADIS-Jerry/ws_sensor_combined/install/px4_msgs/bin'
[48.043s] Level 1:colcon.colcon_core.environment:checking '/home/robmoemac/M-LADIS-Jerry/ws_sensor_combined/install/px4_msgs/lib/pkgconfig/px4_msgs.pc'
[48.044s] Level 1:colcon.colcon_core.environment:checking '/home/robmoemac/M-LADIS-Jerry/ws_sensor_combined/install/px4_msgs/lib/python3.10/site-packages'
[48.045s] Level 1:colcon.colcon_core.environment:checking '/home/robmoemac/M-LADIS-Jerry/ws_sensor_combined/install/px4_msgs/bin'
[48.047s] INFO:colcon.colcon_core.shell:Creating package script '/home/robmoemac/M-LADIS-Jerry/ws_sensor_combined/install/px4_msgs/share/px4_msgs/package.ps1'
[48.063s] INFO:colcon.colcon_core.shell:Creating package descriptor '/home/robmoemac/M-LADIS-Jerry/ws_sensor_combined/install/px4_msgs/share/px4_msgs/package.dsv'
[48.079s] INFO:colcon.colcon_core.shell:Creating package script '/home/robmoemac/M-LADIS-Jerry/ws_sensor_combined/install/px4_msgs/share/px4_msgs/package.sh'
[48.094s] INFO:colcon.colcon_core.shell:Creating package script '/home/robmoemac/M-LADIS-Jerry/ws_sensor_combined/install/px4_msgs/share/px4_msgs/package.bash'
[48.108s] INFO:colcon.colcon_core.shell:Creating package script '/home/robmoemac/M-LADIS-Jerry/ws_sensor_combined/install/px4_msgs/share/px4_msgs/package.zsh'
[48.123s] Level 1:colcon.colcon_core.environment:create_file_with_runtime_dependencies(/home/robmoemac/M-LADIS-Jerry/ws_sensor_combined/install/px4_msgs/share/colcon-core/packages/px4_msgs)
[48.137s] INFO:colcon.colcon_ros.task.ament_cmake.build:Building ROS package in '/home/robmoemac/M-LADIS-Jerry/ws_sensor_combined/src/px4_ros_com' with build type 'ament_cmake'
[48.138s] INFO:colcon.colcon_cmake.task.cmake.build:Building CMake package in '/home/robmoemac/M-LADIS-Jerry/ws_sensor_combined/src/px4_ros_com'
[48.139s] INFO:colcon.colcon_core.shell:Skip shell extension 'powershell' for command environment: Not usable outside of PowerShell
[48.139s] DEBUG:colcon.colcon_core.shell:Skip shell extension 'dsv' for command environment
[48.216s] DEBUG:colcon.colcon_core.event_handler.log_command:Invoking command in '/home/robmoemac/M-LADIS-Jerry/ws_sensor_combined/build/px4_ros_com': CMAKE_PREFIX_PATH=/home/robmoemac/M-LADIS-Jerry/ws_sensor_combined/install/px4_msgs:/home/robmoemac/M-LADIS-Jerry/ws_sensor_combined/install/px4_ros_com:/home/robmoemac/.local/share/Trash/files/ws_sensor_combined/install/ros:/home/robmoemac/.local/share/Trash/files/ws_sensor_combined/install/px4_ros_com:/home/robmoemac/.local/share/Trash/files/ws_sensor_combined/install/px4_msgs:/home/robmoemac/M-LADIS-Jerry/ws_sensor_combined/install/odometry:/opt/ros/humble /usr/bin/cmake --build /home/robmoemac/M-LADIS-Jerry/ws_sensor_combined/build/px4_ros_com -- -j8 -l8
[109.149s] DEBUG:colcon.colcon_core.event_handler.log_command:Invoked command in '/home/robmoemac/M-LADIS-Jerry/ws_sensor_combined/build/px4_ros_com' returned '0': CMAKE_PREFIX_PATH=/home/robmoemac/M-LADIS-Jerry/ws_sensor_combined/install/px4_msgs:/home/robmoemac/M-LADIS-Jerry/ws_sensor_combined/install/px4_ros_com:/home/robmoemac/.local/share/Trash/files/ws_sensor_combined/install/ros:/home/robmoemac/.local/share/Trash/files/ws_sensor_combined/install/px4_ros_com:/home/robmoemac/.local/share/Trash/files/ws_sensor_combined/install/px4_msgs:/home/robmoemac/M-LADIS-Jerry/ws_sensor_combined/install/odometry:/opt/ros/humble /usr/bin/cmake --build /home/robmoemac/M-LADIS-Jerry/ws_sensor_combined/build/px4_ros_com -- -j8 -l8
[109.285s] DEBUG:colcon.colcon_core.event_handler.log_command:Invoking command in '/home/robmoemac/M-LADIS-Jerry/ws_sensor_combined/build/px4_ros_com': CMAKE_PREFIX_PATH=/home/robmoemac/M-LADIS-Jerry/ws_sensor_combined/install/px4_msgs:/home/robmoemac/M-LADIS-Jerry/ws_sensor_combined/install/px4_ros_com:/home/robmoemac/.local/share/Trash/files/ws_sensor_combined/install/ros:/home/robmoemac/.local/share/Trash/files/ws_sensor_combined/install/px4_ros_com:/home/robmoemac/.local/share/Trash/files/ws_sensor_combined/install/px4_msgs:/home/robmoemac/M-LADIS-Jerry/ws_sensor_combined/install/odometry:/opt/ros/humble /usr/bin/cmake --install /home/robmoemac/M-LADIS-Jerry/ws_sensor_combined/build/px4_ros_com
[109.351s] Level 1:colcon.colcon_core.environment:create_environment_scripts_only(px4_ros_com)
[109.352s] Level 1:colcon.colcon_core.environment:checking '/home/robmoemac/M-LADIS-Jerry/ws_sensor_combined/install/px4_ros_com' for CMake module files
[109.353s] DEBUG:colcon.colcon_core.event_handler.log_command:Invoked command in '/home/robmoemac/M-LADIS-Jerry/ws_sensor_combined/build/px4_ros_com' returned '0': CMAKE_PREFIX_PATH=/home/robmoemac/M-LADIS-Jerry/ws_sensor_combined/install/px4_msgs:/home/robmoemac/M-LADIS-Jerry/ws_sensor_combined/install/px4_ros_com:/home/robmoemac/.local/share/Trash/files/ws_sensor_combined/install/ros:/home/robmoemac/.local/share/Trash/files/ws_sensor_combined/install/px4_ros_com:/home/robmoemac/.local/share/Trash/files/ws_sensor_combined/install/px4_msgs:/home/robmoemac/M-LADIS-Jerry/ws_sensor_combined/install/odometry:/opt/ros/humble /usr/bin/cmake --install /home/robmoemac/M-LADIS-Jerry/ws_sensor_combined/build/px4_ros_com
[109.354s] Level 1:colcon.colcon_core.environment:checking '/home/robmoemac/M-LADIS-Jerry/ws_sensor_combined/install/px4_ros_com' for CMake config files
[109.355s] Level 1:colcon.colcon_core.shell:create_environment_hook('px4_ros_com', 'cmake_prefix_path')
[109.355s] INFO:colcon.colcon_core.shell:Creating environment hook '/home/robmoemac/M-LADIS-Jerry/ws_sensor_combined/install/px4_ros_com/share/px4_ros_com/hook/cmake_prefix_path.ps1'
[109.364s] INFO:colcon.colcon_core.shell:Creating environment descriptor '/home/robmoemac/M-LADIS-Jerry/ws_sensor_combined/install/px4_ros_com/share/px4_ros_com/hook/cmake_prefix_path.dsv'
[109.373s] INFO:colcon.colcon_core.shell:Creating environment hook '/home/robmoemac/M-LADIS-Jerry/ws_sensor_combined/install/px4_ros_com/share/px4_ros_com/hook/cmake_prefix_path.sh'
[109.381s] Level 1:colcon.colcon_core.environment:checking '/home/robmoemac/M-LADIS-Jerry/ws_sensor_combined/install/px4_ros_com/lib'
[109.382s] Level 1:colcon.colcon_core.environment:checking '/home/robmoemac/M-LADIS-Jerry/ws_sensor_combined/install/px4_ros_com/bin'
[109.382s] Level 1:colcon.colcon_core.environment:checking '/home/robmoemac/M-LADIS-Jerry/ws_sensor_combined/install/px4_ros_com/lib/pkgconfig/px4_ros_com.pc'
[109.382s] Level 1:colcon.colcon_core.environment:checking '/home/robmoemac/M-LADIS-Jerry/ws_sensor_combined/install/px4_ros_com/lib/python3.10/site-packages'
[109.383s] Level 1:colcon.colcon_core.environment:checking '/home/robmoemac/M-LADIS-Jerry/ws_sensor_combined/install/px4_ros_com/bin'
[109.384s] INFO:colcon.colcon_core.shell:Creating package script '/home/robmoemac/M-LADIS-Jerry/ws_sensor_combined/install/px4_ros_com/share/px4_ros_com/package.ps1'
[109.398s] INFO:colcon.colcon_core.shell:Creating package descriptor '/home/robmoemac/M-LADIS-Jerry/ws_sensor_combined/install/px4_ros_com/share/px4_ros_com/package.dsv'
[109.408s] INFO:colcon.colcon_core.shell:Creating package script '/home/robmoemac/M-LADIS-Jerry/ws_sensor_combined/install/px4_ros_com/share/px4_ros_com/package.sh'
[109.418s] INFO:colcon.colcon_core.shell:Creating package script '/home/robmoemac/M-LADIS-Jerry/ws_sensor_combined/install/px4_ros_com/share/px4_ros_com/package.bash'
[109.429s] INFO:colcon.colcon_core.shell:Creating package script '/home/robmoemac/M-LADIS-Jerry/ws_sensor_combined/install/px4_ros_com/share/px4_ros_com/package.zsh'
[109.439s] Level 1:colcon.colcon_core.environment:create_file_with_runtime_dependencies(/home/robmoemac/M-LADIS-Jerry/ws_sensor_combined/install/px4_ros_com/share/colcon-core/packages/px4_ros_com)
[109.576s] Level 1:colcon.colcon_core.environment:create_environment_scripts_only(px4_ros_com)
[109.576s] Level 1:colcon.colcon_core.environment:checking '/home/robmoemac/M-LADIS-Jerry/ws_sensor_combined/install/px4_ros_com' for CMake module files
[109.578s] Level 1:colcon.colcon_core.environment:checking '/home/robmoemac/M-LADIS-Jerry/ws_sensor_combined/install/px4_ros_com' for CMake config files
[109.579s] Level 1:colcon.colcon_core.shell:create_environment_hook('px4_ros_com', 'cmake_prefix_path')
[109.579s] INFO:colcon.colcon_core.shell:Creating environment hook '/home/robmoemac/M-LADIS-Jerry/ws_sensor_combined/install/px4_ros_com/share/px4_ros_com/hook/cmake_prefix_path.ps1'
[109.592s] INFO:colcon.colcon_core.shell:Creating environment descriptor '/home/robmoemac/M-LADIS-Jerry/ws_sensor_combined/install/px4_ros_com/share/px4_ros_com/hook/cmake_prefix_path.dsv'
[109.603s] INFO:colcon.colcon_core.shell:Creating environment hook '/home/robmoemac/M-LADIS-Jerry/ws_sensor_combined/install/px4_ros_com/share/px4_ros_com/hook/cmake_prefix_path.sh'
[109.615s] Level 1:colcon.colcon_core.environment:checking '/home/robmoemac/M-LADIS-Jerry/ws_sensor_combined/install/px4_ros_com/lib'
[109.615s] Level 1:colcon.colcon_core.environment:checking '/home/robmoemac/M-LADIS-Jerry/ws_sensor_combined/install/px4_ros_com/bin'
[109.616s] Level 1:colcon.colcon_core.environment:checking '/home/robmoemac/M-LADIS-Jerry/ws_sensor_combined/install/px4_ros_com/lib/pkgconfig/px4_ros_com.pc'
[109.617s] Level 1:colcon.colcon_core.environment:checking '/home/robmoemac/M-LADIS-Jerry/ws_sensor_combined/install/px4_ros_com/lib/python3.10/site-packages'
[109.617s] Level 1:colcon.colcon_core.environment:checking '/home/robmoemac/M-LADIS-Jerry/ws_sensor_combined/install/px4_ros_com/bin'
[109.619s] INFO:colcon.colcon_core.shell:Creating package script '/home/robmoemac/M-LADIS-Jerry/ws_sensor_combined/install/px4_ros_com/share/px4_ros_com/package.ps1'
[109.628s] INFO:colcon.colcon_core.shell:Creating package descriptor '/home/robmoemac/M-LADIS-Jerry/ws_sensor_combined/install/px4_ros_com/share/px4_ros_com/package.dsv'
[109.637s] INFO:colcon.colcon_core.shell:Creating package script '/home/robmoemac/M-LADIS-Jerry/ws_sensor_combined/install/px4_ros_com/share/px4_ros_com/package.sh'
[109.648s] INFO:colcon.colcon_core.shell:Creating package script '/home/robmoemac/M-LADIS-Jerry/ws_sensor_combined/install/px4_ros_com/share/px4_ros_com/package.bash'
[109.657s] INFO:colcon.colcon_core.shell:Creating package script '/home/robmoemac/M-LADIS-Jerry/ws_sensor_combined/install/px4_ros_com/share/px4_ros_com/package.zsh'
[109.668s] Level 1:colcon.colcon_core.environment:create_file_with_runtime_dependencies(/home/robmoemac/M-LADIS-Jerry/ws_sensor_combined/install/px4_ros_com/share/colcon-core/packages/px4_ros_com)
[109.677s] DEBUG:colcon.colcon_parallel_executor.executor.parallel:closing loop
[109.678s] DEBUG:colcon.colcon_parallel_executor.executor.parallel:loop closed
[109.678s] DEBUG:colcon.colcon_parallel_executor.executor.parallel:run_until_complete finished with '0'
[109.679s] DEBUG:colcon.colcon_core.event_reactor:joining thread
[109.702s] INFO:colcon.colcon_core.plugin_system:Skipping extension 'colcon_notification.desktop_notification.terminal_notifier': Not used on non-Darwin systems
[109.703s] INFO:colcon.colcon_core.plugin_system:Skipping extension 'colcon_notification.desktop_notification.win32': Not used on non-Windows systems
[109.703s] INFO:colcon.colcon_notification.desktop_notification:Sending desktop notification using 'notify2'
[109.745s] DEBUG:colcon.colcon_core.event_reactor:joined thread
[109.746s] INFO:colcon.colcon_core.shell:Creating prefix script '/home/robmoemac/M-LADIS-Jerry/ws_sensor_combined/install/local_setup.ps1'
[109.759s] INFO:colcon.colcon_core.shell:Creating prefix util module '/home/robmoemac/M-LADIS-Jerry/ws_sensor_combined/install/_local_setup_util_ps1.py'
[109.775s] INFO:colcon.colcon_core.shell:Creating prefix chain script '/home/robmoemac/M-LADIS-Jerry/ws_sensor_combined/install/setup.ps1'
[109.787s] INFO:colcon.colcon_core.shell:Creating prefix script '/home/robmoemac/M-LADIS-Jerry/ws_sensor_combined/install/local_setup.sh'
[109.796s] INFO:colcon.colcon_core.shell:Creating prefix util module '/home/robmoemac/M-LADIS-Jerry/ws_sensor_combined/install/_local_setup_util_sh.py'
[109.805s] INFO:colcon.colcon_core.shell:Creating prefix chain script '/home/robmoemac/M-LADIS-Jerry/ws_sensor_combined/install/setup.sh'
[109.818s] INFO:colcon.colcon_core.shell:Creating prefix script '/home/robmoemac/M-LADIS-Jerry/ws_sensor_combined/install/local_setup.bash'
[109.827s] INFO:colcon.colcon_core.shell:Creating prefix chain script '/home/robmoemac/M-LADIS-Jerry/ws_sensor_combined/install/setup.bash'
[109.843s] INFO:colcon.colcon_core.shell:Creating prefix script '/home/robmoemac/M-LADIS-Jerry/ws_sensor_combined/install/local_setup.zsh'
[109.860s] INFO:colcon.colcon_core.shell:Creating prefix chain script '/home/robmoemac/M-LADIS-Jerry/ws_sensor_combined/install/setup.zsh'
