[0.091s] Invoking command in '/home/robmoemac/M-LADIS-sim/PX4 Aux/ws_sensor_combined/build/ros_gz_sim': CMAKE_PREFIX_PATH=/opt/ros/humble /usr/bin/cmake /home/robmoemac/M-LADIS-sim/PX4 Aux/ws_sensor_combined/src/ros_gz/ros_gz_sim -DCMAKE_INSTALL_PREFIX=/home/robmoemac/M-LADIS-sim/PX4 Aux/ws_sensor_combined/install/ros_gz_sim
[0.717s] -- The C compiler identification is GNU 11.4.0
[0.853s] -- The CXX compiler identification is GNU 11.4.0
[0.863s] -- Detecting C compiler ABI info
[0.930s] -- Detecting C compiler ABI info - done
[0.942s] -- Check for working C compiler: /usr/bin/cc - skipped
[0.942s] -- Detecting C compile features
[0.942s] -- Detecting C compile features - done
[0.946s] -- Detecting CXX compiler ABI info
[1.114s] -- Detecting CXX compiler ABI info - done
[1.122s] -- Check for working CXX compiler: /usr/bin/c++ - skipped
[1.122s] -- Detecting CXX compile features
[1.123s] -- Detecting CXX compile features - done
[1.126s] -- Found ament_cmake: 1.3.8 (/opt/ros/humble/share/ament_cmake/cmake)
[1.520s] -- Found Python3: /usr/bin/python3 (found version "3.10.12") found components: Interpreter 
[2.656s] -- Found rclcpp: 16.0.8 (/opt/ros/humble/share/rclcpp/cmake)
[2.691s] -- Found rosidl_generator_c: 3.1.5 (/opt/ros/humble/share/rosidl_generator_c/cmake)
[2.695s] -- Found rosidl_adapter: 3.1.5 (/opt/ros/humble/share/rosidl_adapter/cmake)
[2.702s] -- Found rosidl_generator_cpp: 3.1.5 (/opt/ros/humble/share/rosidl_generator_cpp/cmake)
[2.713s] -- Using all available rosidl_typesupport_c: rosidl_typesupport_fastrtps_c;rosidl_typesupport_introspection_c
[2.727s] -- Using all available rosidl_typesupport_cpp: rosidl_typesupport_fastrtps_cpp;rosidl_typesupport_introspection_cpp
[2.782s] -- Found rmw_implementation_cmake: 6.1.1 (/opt/ros/humble/share/rmw_implementation_cmake/cmake)
[2.785s] -- Found rmw_fastrtps_cpp: 6.2.6 (/opt/ros/humble/share/rmw_fastrtps_cpp/cmake)
[2.948s] -- Found OpenSSL: /usr/lib/x86_64-linux-gnu/libcrypto.so (found version "3.0.2")  
[3.030s] -- Found FastRTPS: /opt/ros/humble/include  
[3.072s] -- Using RMW implementation 'rmw_fastrtps_cpp' as default
[3.331s] -- Looking for pthread.h
[3.396s] -- Looking for pthread.h - found
[3.396s] -- Performing Test CMAKE_HAVE_LIBC_PTHREAD
[3.468s] -- Performing Test CMAKE_HAVE_LIBC_PTHREAD - Success
[3.469s] -- Found Threads: TRUE  
[3.617s] -- Looking for ignition-math6 -- found version 6.15.1
[3.624s] -- Searching for dependencies of ignition-math6
[3.628s] -- Looking for ignition-transport11 -- found version 11.4.1
[3.629s] -- Searching for dependencies of ignition-transport11
[3.662s] -- Found Protobuf: /usr/lib/x86_64-linux-gnu/libprotobuf.so (found version "3.12.4") 
[3.673s] -- Config-file not installed for ZeroMQ -- checking for pkg-config
[3.677s] -- Checking for module 'libzmq >= 4'
[3.693s] --   Found libzmq , version 4.3.4
[3.723s] -- Found ZeroMQ: TRUE (Required is at least version "4") 
[3.729s] -- Checking for module 'uuid'
[3.741s] --   Found uuid, version 2.37.2
[3.772s] -- Found UUID: TRUE  
[3.774s] -- Looking for ignition-utils1 -- found version 1.5.1
[3.775s] -- Searching for dependencies of ignition-utils1
[3.776s] -- Searching for <ignition-utils1> component [cli]
[3.778s] -- Looking for ignition-utils1-cli -- found version 1.5.1
[3.778s] -- Searching for dependencies of ignition-utils1-cli
[3.781s] -- Looking for ignition-msgs8 -- found version 8.7.0
[3.782s] -- Searching for dependencies of ignition-msgs8
[3.798s] -- Found Protobuf: /usr/lib/x86_64-linux-gnu/libprotobuf.so (found suitable version "3.12.4", minimum required is "3") 
[3.799s] -- Looking for ignition-math6 -- found version 6.15.1
[3.804s] -- Checking for module 'tinyxml2'
[3.816s] --   Found tinyxml2, version 9.0.0
[3.847s] -- Looking for ignition-msgs8 -- found version 8.7.0
[3.849s] -- Looking for ignition-gazebo6 -- found version 6.16.0
[3.849s] -- Searching for dependencies of ignition-gazebo6
[3.852s] -- Looking for sdformat12 -- found version 12.7.2
[3.852s] -- Searching for dependencies of sdformat12
[3.859s] -- Looking for ignition-math6 -- found version 6.15.1
[3.859s] -- Looking for ignition-utils1 -- found version 1.5.1
[3.862s] -- Looking for ignition-plugin1 -- found version 1.4.0
[3.863s] -- Searching for dependencies of ignition-plugin1
[3.863s] -- Searching for <ignition-plugin1> component [loader]
[3.866s] -- Looking for ignition-plugin1-loader -- found version 1.4.0
[3.866s] -- Searching for dependencies of ignition-plugin1-loader
[3.867s] -- Searching for <ignition-plugin1> component [register]
[3.869s] -- Looking for ignition-plugin1-register -- found version 1.4.0
[3.870s] -- Searching for dependencies of ignition-plugin1-register
[3.872s] -- Looking for ignition-transport11 -- found version 11.4.1
[3.872s] -- Searching for dependencies of ignition-transport11
[3.889s] -- Found Protobuf: /usr/lib/x86_64-linux-gnu/libprotobuf.so (found version "3.12.4") 
[3.899s] -- Config-file not installed for ZeroMQ -- checking for pkg-config
[3.904s] -- Checking for module 'libzmq >= 4'
[3.916s] --   Found libzmq , version 4.3.4
[3.955s] -- Looking for ignition-utils1 -- found version 1.5.1
[3.955s] -- Looking for ignition-msgs8 -- found version 8.7.0
[3.955s] -- Searching for <ignition-transport11> component [log]
[3.957s] -- Looking for ignition-transport11-log -- found version 11.4.1
[3.957s] -- Searching for dependencies of ignition-transport11-log
[3.958s] -- Searching for <ignition-transport11> component [parameters]
[3.961s] -- Looking for ignition-transport11-parameters -- found version 11.4.1
[3.961s] -- Searching for dependencies of ignition-transport11-parameters
[3.962s] -- Looking for ignition-msgs8 -- found version 8.7.0
[3.965s] -- Looking for ignition-common4 -- found version 4.7.0
[3.965s] -- Searching for dependencies of ignition-common4
[3.966s] -- Looking for dlfcn.h - found
[3.967s] -- Looking for libdl - found
[3.968s] -- Found DL: TRUE  
[3.977s] -- Searching for <ignition-common4> component [profiler]
[3.980s] -- Looking for ignition-common4-profiler -- found version 4.7.0
[3.980s] -- Searching for dependencies of ignition-common4-profiler
[3.981s] -- Searching for <ignition-common4> component [events]
[3.983s] -- Looking for ignition-common4-events -- found version 4.7.0
[3.984s] -- Searching for dependencies of ignition-common4-events
[3.985s] -- Looking for ignition-math6 -- found version 6.15.1
[3.985s] -- Searching for <ignition-common4> component [av]
[3.988s] -- Looking for ignition-common4-av -- found version 4.7.0
[3.988s] -- Searching for dependencies of ignition-common4-av
[3.993s] -- Checking for module 'libswscale'
[4.006s] --   Found libswscale, version 5.9.100
[4.036s] -- Found SWSCALE: TRUE  
[4.041s] -- Checking for module 'libavdevice >= 56.4.100'
[4.056s] --   Found libavdevice , version 58.13.100
[4.096s] -- Found AVDEVICE: TRUE (Required is at least version "56.4.100") 
[4.101s] -- Checking for module 'libavformat'
[4.113s] --   Found libavformat, version 58.76.100
[4.147s] -- Found AVFORMAT: TRUE  
[4.154s] -- Checking for module 'libavcodec'
[4.169s] --   Found libavcodec, version 58.134.100
[4.203s] -- Found AVCODEC: TRUE  
[4.208s] -- Checking for module 'libavutil'
[4.220s] --   Found libavutil, version 56.70.100
[4.251s] -- Found AVUTIL: TRUE  
[4.256s] -- Looking for ignition-fuel_tools7 -- found version 7.3.0
[4.256s] -- Searching for dependencies of ignition-fuel_tools7
[4.342s] -- Found CURL: /usr/lib/x86_64-linux-gnu/libcurl.so (found version "7.81.0")  
[4.354s] -- Checking for module 'jsoncpp'
[4.371s] --   Found jsoncpp, version 1.9.5
[4.413s] -- Found JSONCPP: TRUE  
[4.422s] -- Checking for module 'libzip'
[4.440s] --   Found libzip, version 1.7.3
[4.481s] -- Found ZIP: TRUE  
[4.482s] -- Looking for ignition-common4 -- found version 4.7.0
[4.483s] -- Looking for ignition-math6 -- found version 6.15.1
[4.484s] -- Looking for ignition-msgs8 -- found version 8.7.0
[4.489s] -- Looking for ignition-gui6 -- found version 6.8.0
[4.490s] -- Searching for dependencies of ignition-gui6
[4.515s] -- Found Protobuf: /usr/lib/x86_64-linux-gnu/libprotobuf.so (found suitable version "3.12.4", minimum required is "3") 
[4.526s] -- Looking for ignition-math6 -- found version 6.15.1
[4.527s] -- Looking for ignition-common4 -- found version 4.7.0
[4.528s] -- Looking for ignition-plugin1 -- found version 1.4.0
[4.529s] -- Looking for ignition-transport11 -- found version 11.4.1
[4.532s] -- Looking for ignition-rendering6 -- found version 6.6.3
[4.533s] -- Searching for dependencies of ignition-rendering6
[4.534s] -- Looking for ignition-math6 -- found version 6.15.1
[4.535s] -- Searching for dependencies of ignition-math6
[4.536s] -- Searching for <ignition-math6> component [eigen3]
[4.537s] -- Looking for ignition-math6-eigen3 -- found version 6.15.1
[4.537s] -- Searching for dependencies of ignition-math6-eigen3
[4.551s] -- Looking for ignition-common4 -- found version 4.7.0
[4.552s] -- Searching for dependencies of ignition-common4
[4.553s] -- Looking for dlfcn.h - found
[4.554s] -- Looking for libdl - found
[4.565s] -- Searching for <ignition-common4> component [graphics]
[4.569s] -- Looking for ignition-common4-graphics -- found version 4.7.0
[4.570s] -- Searching for dependencies of ignition-common4-graphics
[4.574s] -- Looking for ignition-math6 -- found version 6.15.1
[4.575s] -- Looking for ignition-utils1 -- found version 1.5.1
[4.576s] -- Searching for <ignition-common4> component [events]
[4.577s] -- Looking for ignition-plugin1 -- found version 1.4.0
[4.578s] -- Searching for dependencies of ignition-plugin1
[4.579s] -- Searching for <ignition-plugin1> component [all]
[4.580s] -- Looking for all libraries of ignition-plugin1 -- found version 1.4.0
[4.581s] -- Looking for ignition-plugin1 -- found version 1.4.0
[4.585s] -- Looking for ignition-msgs8 -- found version 8.7.0
[4.639s] -- Looking for ignition-physics5 -- found version 5.3.2
[4.640s] -- Searching for dependencies of ignition-physics5
[4.641s] -- Looking for ignition-math6 -- found version 6.15.1
[4.643s] -- Looking for ignition-plugin1 -- found version 1.4.0
[4.644s] -- Looking for ignition-utils1 -- found version 1.5.1
[4.645s] -- Searching for <ignition-physics5> component [heightmap]
[4.646s] -- Looking for ignition-physics5-heightmap -- found version 5.3.2
[4.647s] -- Searching for dependencies of ignition-physics5-heightmap
[4.648s] -- Looking for ignition-common4 -- found version 4.7.0
[4.649s] -- Searching for <ignition-physics5> component [mesh]
[4.652s] -- Looking for ignition-physics5-mesh -- found version 5.3.2
[4.653s] -- Searching for dependencies of ignition-physics5-mesh
[4.654s] -- Looking for ignition-common4 -- found version 4.7.0
[4.654s] -- Searching for <ignition-physics5> component [sdf]
[4.657s] -- Looking for ignition-physics5-sdf -- found version 5.3.2
[4.659s] -- Searching for dependencies of ignition-physics5-sdf
[4.660s] -- Looking for sdformat12 -- found version 12.7.2
[4.666s] -- Looking for ignition-sensors6 -- found version 6.8.0
[4.667s] -- Searching for dependencies of ignition-sensors6
[4.694s] -- Found Protobuf: /usr/lib/x86_64-linux-gnu/libprotobuf.so (found version "3.12.4") 
[4.695s] -- Looking for ignition-math6 -- found version 6.15.1
[4.696s] -- Looking for ignition-common4 -- found version 4.7.0
[4.697s] -- Looking for ignition-transport11 -- found version 11.4.1
[4.698s] -- Looking for ignition-rendering6 -- found version 6.6.3
[4.700s] -- Looking for ignition-msgs8 -- found version 8.7.0
[4.700s] -- Looking for sdformat12 -- found version 12.7.2
[4.701s] -- Searching for <ignition-sensors6> component [air_pressure]
[4.703s] -- Looking for ignition-sensors6-air_pressure -- found version 6.8.0
[4.704s] -- Searching for dependencies of ignition-sensors6-air_pressure
[4.706s] -- Searching for <ignition-sensors6> component [altimeter]
[4.709s] -- Looking for ignition-sensors6-altimeter -- found version 6.8.0
[4.711s] -- Searching for dependencies of ignition-sensors6-altimeter
[4.712s] -- Searching for <ignition-sensors6> component [imu]
[4.715s] -- Looking for ignition-sensors6-imu -- found version 6.8.0
[4.717s] -- Searching for dependencies of ignition-sensors6-imu
[4.719s] -- Searching for <ignition-sensors6> component [force_torque]
[4.724s] -- Looking for ignition-sensors6-force_torque -- found version 6.8.0
[4.725s] -- Searching for dependencies of ignition-sensors6-force_torque
[4.727s] -- Searching for <ignition-sensors6> component [logical_camera]
[4.730s] -- Looking for ignition-sensors6-logical_camera -- found version 6.8.0
[4.732s] -- Searching for dependencies of ignition-sensors6-logical_camera
[4.733s] -- Searching for <ignition-sensors6> component [magnetometer]
[4.737s] -- Looking for ignition-sensors6-magnetometer -- found version 6.8.0
[4.737s] -- Searching for dependencies of ignition-sensors6-magnetometer
[4.739s] -- Searching for <ignition-sensors6> component [navsat]
[4.742s] -- Looking for ignition-sensors6-navsat -- found version 6.8.0
[4.744s] -- Searching for dependencies of ignition-sensors6-navsat
[4.746s] -- Searching for <ignition-sensors6> component [rendering]
[4.749s] -- Looking for ignition-sensors6-rendering -- found version 6.8.0
[4.750s] -- Searching for dependencies of ignition-sensors6-rendering
[4.755s] -- Searching for <ignition-sensors6> component [lidar]
[4.756s] -- Looking for ignition-sensors6-lidar -- found version 6.8.0
[4.757s] -- Searching for dependencies of ignition-sensors6-lidar
[4.758s] -- Looking for ignition-sensors6 -- found version 6.8.0
[4.762s] -- Searching for <ignition-sensors6> component [gpu_lidar]
[4.763s] -- Looking for ignition-sensors6-gpu_lidar -- found version 6.8.0
[4.763s] -- Searching for dependencies of ignition-sensors6-gpu_lidar
[4.763s] -- Looking for ignition-sensors6 -- found version 6.8.0
[4.765s] -- Searching for <ignition-sensors6> component [camera]
[4.768s] -- Looking for ignition-sensors6-camera -- found version 6.8.0
[4.769s] -- Searching for dependencies of ignition-sensors6-camera
[4.769s] -- Looking for ignition-sensors6 -- found version 6.8.0
[4.771s] -- Searching for <ignition-sensors6> component [boundingbox_camera]
[4.776s] -- Looking for ignition-sensors6-boundingbox_camera -- found version 6.8.0
[4.777s] -- Searching for dependencies of ignition-sensors6-boundingbox_camera
[4.778s] -- Searching for <ignition-sensors6> component [segmentation_camera]
[4.781s] -- Looking for ignition-sensors6-segmentation_camera -- found version 6.8.0
[4.782s] -- Searching for dependencies of ignition-sensors6-segmentation_camera
[4.786s] -- Searching for <ignition-sensors6> component [depth_camera]
[4.787s] -- Looking for ignition-sensors6-depth_camera -- found version 6.8.0
[4.788s] -- Searching for dependencies of ignition-sensors6-depth_camera
[4.789s] -- Looking for ignition-sensors6 -- found version 6.8.0
[4.792s] -- Searching for <ignition-sensors6> component [rgbd_camera]
[4.796s] -- Looking for ignition-sensors6-rgbd_camera -- found version 6.8.0
[4.797s] -- Searching for dependencies of ignition-sensors6-rgbd_camera
[4.798s] -- Looking for ignition-sensors6 -- found version 6.8.0
[4.799s] -- Searching for <ignition-sensors6> component [thermal_camera]
[4.802s] -- Looking for ignition-sensors6-thermal_camera -- found version 6.8.0
[4.804s] -- Searching for dependencies of ignition-sensors6-thermal_camera
[4.804s] -- Looking for ignition-sensors6 -- found version 6.8.0
[4.807s] -- Looking for ignition-rendering6 -- found version 6.6.3
[4.807s] -- Looking for ignition-math6 -- found version 6.15.1
[4.811s] -- Looking for ignition-utils1 -- found version 1.5.1
[4.838s] -- Compiling against Gazebo Fortress
[4.844s] -- Looking for gflags - found
[4.845s] 
[4.850s] -- Found ament_lint_auto: 0.12.10 (/opt/ros/humble/share/ament_lint_auto/cmake)
[4.987s] -- Found ament_cmake_gtest: 1.3.8 (/opt/ros/humble/share/ament_cmake_gtest/cmake)
[4.990s] -- Found gtest sources under '/opt/ros/humble/src/gtest_vendor': C++ tests using 'Google Test' will be built
[5.003s] -- Added test 'copyright' to check source files copyright and LICENSE
[5.005s] -- Added test 'cppcheck' to perform static code analysis on C / C++ code
[5.006s] -- Configured cppcheck include dirs: $<BUILD_INTERFACE:/home/robmoemac/M-LADIS-sim/PX4 Aux/ws_sensor_combined/src/ros_gz/ros_gz_sim/include>
[5.006s] -- Configured cppcheck exclude dirs and/or files: 
[5.009s] -- Added test 'cpplint' to check C / C++ code against the Google style
[5.009s] -- Configured cpplint exclude dirs and/or files: 
[5.009s] -- Added test 'lint_cmake' to check CMake code style
[5.010s] -- Added test 'uncrustify' to check C / C++ code style
[5.011s] -- Configured uncrustify additional arguments: 
[5.011s] -- Added test 'xmllint' to check XML markup files
[5.013s] -- Configuring done
[5.043s] -- Generating done
[5.051s] -- Build files have been written to: /home/robmoemac/M-LADIS-sim/PX4 Aux/ws_sensor_combined/build/ros_gz_sim
[5.071s] Invoked command in '/home/robmoemac/M-LADIS-sim/PX4 Aux/ws_sensor_combined/build/ros_gz_sim' returned '0': CMAKE_PREFIX_PATH=/opt/ros/humble /usr/bin/cmake /home/robmoemac/M-LADIS-sim/PX4 Aux/ws_sensor_combined/src/ros_gz/ros_gz_sim -DCMAKE_INSTALL_PREFIX=/home/robmoemac/M-LADIS-sim/PX4 Aux/ws_sensor_combined/install/ros_gz_sim
[5.074s] Invoking command in '/home/robmoemac/M-LADIS-sim/PX4 Aux/ws_sensor_combined/build/ros_gz_sim': CMAKE_PREFIX_PATH=/opt/ros/humble /usr/bin/cmake --build /home/robmoemac/M-LADIS-sim/PX4 Aux/ws_sensor_combined/build/ros_gz_sim -- -j8 -l8
[5.132s] [ 20%] [32mBuilding CXX object CMakeFiles/ros_gz_sim.dir/src/Stopwatch.cpp.o[0m
[5.132s] [ 20%] [32mBuilding CXX object gtest/CMakeFiles/gtest_main.dir/src/gtest_main.cc.o[0m
[5.132s] [ 30%] [32mBuilding CXX object gtest/CMakeFiles/gtest.dir/src/gtest-all.cc.o[0m
[5.134s] [ 40%] [32mBuilding CXX object CMakeFiles/create.dir/src/create.cpp.o[0m
[6.159s] [ 50%] [32m[1mLinking CXX static library libgtest_main.a[0m
[6.217s] [ 50%] Built target gtest_main
[6.335s] [ 60%] [32m[1mLinking CXX shared library libros_gz_sim.so[0m
[6.496s] [ 60%] Built target ros_gz_sim
[9.478s] [ 70%] [32m[1mLinking CXX static library libgtest.a[0m
[9.607s] [ 70%] Built target gtest
[9.726s] [ 80%] [32mBuilding CXX object CMakeFiles/test_stopwatch.dir/test/test_stopwatch.cpp.o[0m
[28.447s] [ 90%] [32m[1mLinking CXX executable test_stopwatch[0m
[29.323s] [ 90%] Built target test_stopwatch
[38.031s] [100%] [32m[1mLinking CXX executable create[0m
[38.763s] [100%] Built target create
