[0.016s] Invoking command in '/home/robmoemac/M-LADIS-sim/PX4 Aux/ws_sensor_combined/build/px4_ros_com': AMENT_PREFIX_PATH=/home/robmoemac/M-LADIS-sim/PX4 Aux/ws_sensor_combined/install/px4_msgs:${AMENT_PREFIX_PATH} CMAKE_PREFIX_PATH=/home/robmoemac/M-LADIS-sim/PX4 Aux/ws_sensor_combined/install/px4_msgs:/opt/ros/humble LD_LIBRARY_PATH=/home/robmoemac/M-LADIS-sim/PX4 Aux/ws_sensor_combined/install/px4_msgs/lib:${LD_LIBRARY_PATH} PYTHONPATH=/home/robmoemac/M-LADIS-sim/PX4 Aux/ws_sensor_combined/install/px4_msgs/local/lib/python3.10/dist-packages:${PYTHONPATH} /usr/bin/cmake --build /home/robmoemac/M-LADIS-sim/PX4 Aux/ws_sensor_combined/build/px4_ros_com -- -j8 -l8
[0.074s] [35m[1mConsolidate compiler generated dependencies of target PointCloudProcessor[0m
[0.074s] [ 58%] Built target test_flight_control
[0.074s] [ 75%] Built target offboard_control
[0.074s] [ 75%] Built target vehicle_gps_position_listener
[0.074s] [ 75%] Built target debug_vect_advertiser
[0.074s] [ 83%] Built target sensor_combined_listener
[0.101s] [ 91%] [32mBuilding CXX object CMakeFiles/PointCloudProcessor.dir/src/computer_viz/PointCloudProcessor.cpp.o[0m
[4.820s] [01m[K/home/robmoemac/M-LADIS-sim/PX4 Aux/ws_sensor_combined/src/px4_ros_com/src/computer_viz/PointCloudProcessor.cpp:51:2:[m[K [01;31m[Kerror: [m[Kexpected ‘[01m[K}[m[K’ at end of input
[4.820s]    51 | }
[4.820s]       |  [01;31m[K^[m[K
[4.820s] [01m[K/home/robmoemac/M-LADIS-sim/PX4 Aux/ws_sensor_combined/src/px4_ros_com/src/computer_viz/PointCloudProcessor.cpp:15:49:[m[K [01;36m[Knote: [m[Kto match this ‘[01m[K{[m[K’
[4.820s]    15 | class PointCloudProcessor : public rclcpp::Node [01;36m[K{[m[K
[4.820s]       |                                                 [01;36m[K^[m[K
[4.850s] [01m[K/home/robmoemac/M-LADIS-sim/PX4 Aux/ws_sensor_combined/src/px4_ros_com/src/computer_viz/PointCloudProcessor.cpp:51:2:[m[K [01;31m[Kerror: [m[Kexpected unqualified-id at end of input
[4.850s]    51 | }
[4.850s]       |  [01;31m[K^[m[K
[7.392s] gmake[2]: *** [CMakeFiles/PointCloudProcessor.dir/build.make:76: CMakeFiles/PointCloudProcessor.dir/src/computer_viz/PointCloudProcessor.cpp.o] Error 1
[7.392s] gmake[1]: *** [CMakeFiles/Makefile2:277: CMakeFiles/PointCloudProcessor.dir/all] Error 2
[7.392s] gmake: *** [Makefile:146: all] Error 2
[7.395s] Invoked command in '/home/robmoemac/M-LADIS-sim/PX4 Aux/ws_sensor_combined/build/px4_ros_com' returned '2': AMENT_PREFIX_PATH=/home/robmoemac/M-LADIS-sim/PX4 Aux/ws_sensor_combined/install/px4_msgs:${AMENT_PREFIX_PATH} CMAKE_PREFIX_PATH=/home/robmoemac/M-LADIS-sim/PX4 Aux/ws_sensor_combined/install/px4_msgs:/opt/ros/humble LD_LIBRARY_PATH=/home/robmoemac/M-LADIS-sim/PX4 Aux/ws_sensor_combined/install/px4_msgs/lib:${LD_LIBRARY_PATH} PYTHONPATH=/home/robmoemac/M-LADIS-sim/PX4 Aux/ws_sensor_combined/install/px4_msgs/local/lib/python3.10/dist-packages:${PYTHONPATH} /usr/bin/cmake --build /home/robmoemac/M-LADIS-sim/PX4 Aux/ws_sensor_combined/build/px4_ros_com -- -j8 -l8
