[0.007s] Invoking command in '/home/robmoemac/M-LADIS-Jerry/ws_sensor_combined/build/px4_ros_com': AMENT_PREFIX_PATH=/home/robmoemac/M-LADIS-Jerry/ws_sensor_combined/install/px4_msgs:${AMENT_PREFIX_PATH} CMAKE_PREFIX_PATH=/home/robmoemac/M-LADIS-Jerry/ws_sensor_combined/install/px4_msgs:/home/robmoemac/.local/share/Trash/files/ws_sensor_combined/install/ros:/home/robmoemac/.local/share/Trash/files/ws_sensor_combined/install/px4_ros_com:/home/robmoemac/.local/share/Trash/files/ws_sensor_combined/install/px4_msgs:/opt/ros/humble LD_LIBRARY_PATH=/home/robmoemac/M-LADIS-Jerry/ws_sensor_combined/install/px4_msgs/lib:${LD_LIBRARY_PATH} PYTHONPATH=/home/robmoemac/M-LADIS-Jerry/ws_sensor_combined/install/px4_msgs/local/lib/python3.10/dist-packages:${PYTHONPATH} /usr/bin/cmake /home/robmoemac/M-LADIS-Jerry/ws_sensor_combined/src/px4_ros_com -DCMAKE_INSTALL_PREFIX=/home/robmoemac/M-LADIS-Jerry/ws_sensor_combined/install/px4_ros_com
[0.056s] -- The C compiler identification is GNU 11.4.0
[0.115s] -- The CXX compiler identification is GNU 11.4.0
[0.120s] -- Detecting C compiler ABI info
[0.188s] -- Detecting C compiler ABI info - done
[0.194s] -- Check for working C compiler: /usr/bin/cc - skipped
[0.194s] -- Detecting C compile features
[0.195s] -- Detecting C compile features - done
[0.197s] -- Detecting CXX compiler ABI info
[0.269s] -- Detecting CXX compiler ABI info - done
[0.274s] -- Check for working CXX compiler: /usr/bin/c++ - skipped
[0.275s] -- Detecting CXX compile features
[0.275s] -- Detecting CXX compile features - done
[0.277s] -- Found ament_cmake: 1.3.8 (/opt/ros/humble/share/ament_cmake/cmake)
[0.544s] -- Found Python3: /usr/bin/python3 (found version "3.10.12") found components: Interpreter 
[0.612s] -- Found python_cmake_module: 0.10.0 (/opt/ros/humble/share/python_cmake_module/cmake)
[0.614s] -- Found builtin_interfaces: 1.2.1 (/opt/ros/humble/share/builtin_interfaces/cmake)
[0.639s] -- Found rosidl_generator_c: 3.1.5 (/opt/ros/humble/share/rosidl_generator_c/cmake)
[0.642s] -- Found rosidl_adapter: 3.1.5 (/opt/ros/humble/share/rosidl_adapter/cmake)
[0.649s] -- Found rosidl_generator_cpp: 3.1.5 (/opt/ros/humble/share/rosidl_generator_cpp/cmake)
[0.659s] -- Using all available rosidl_typesupport_c: rosidl_typesupport_fastrtps_c;rosidl_typesupport_introspection_c
[0.674s] -- Using all available rosidl_typesupport_cpp: rosidl_typesupport_fastrtps_cpp;rosidl_typesupport_introspection_cpp
[0.693s] -- Found eigen3_cmake_module: 0.1.1 (/opt/ros/humble/share/eigen3_cmake_module/cmake)
[0.701s] -- Found Eigen3: TRUE (found version "3.4.0") 
[0.702s] -- Found geometry_msgs: 4.2.3 (/opt/ros/humble/share/geometry_msgs/cmake)
[0.785s] -- Found px4_msgs: 2.0.1 (/home/robmoemac/M-LADIS-Jerry/ws_sensor_combined/install/px4_msgs/share/px4_msgs/cmake)
[0.814s] -- Found rclcpp: 16.0.8 (/opt/ros/humble/share/rclcpp/cmake)
[0.873s] -- Found rmw_implementation_cmake: 6.1.1 (/opt/ros/humble/share/rmw_implementation_cmake/cmake)
[0.876s] -- Found rmw_fastrtps_cpp: 6.2.6 (/opt/ros/humble/share/rmw_fastrtps_cpp/cmake)
[0.969s] -- Found OpenSSL: /usr/lib/x86_64-linux-gnu/libcrypto.so (found version "3.0.2")  
[0.995s] -- Found FastRTPS: /opt/ros/humble/include  
[1.033s] -- Using RMW implementation 'rmw_fastrtps_cpp' as default
[1.043s] -- Looking for pthread.h
[1.107s] -- Looking for pthread.h - found
[1.107s] -- Performing Test CMAKE_HAVE_LIBC_PTHREAD
[1.182s] -- Performing Test CMAKE_HAVE_LIBC_PTHREAD - Success
[1.183s] -- Found Threads: TRUE  
[1.293s] -- Found rclpy: 3.3.12 (/opt/ros/humble/share/rclpy/cmake)
[1.294s] -- Found sensor_msgs: 4.2.3 (/opt/ros/humble/share/sensor_msgs/cmake)
[1.366s] -- Found pcl_conversions: 2.4.0 (/opt/ros/humble/share/pcl_conversions/cmake)
[1.476s] -- Found pcl_ros: 2.4.0 (/opt/ros/humble/share/pcl_ros/cmake)
[1.581s] -- Ensuring Eigen3 include directory is part of orocos-kdl CMake target
[1.914s] -- Checking for module 'eigen3'
[1.926s] --   Found eigen3, version 3.4.0
[1.951s] -- Found Eigen: /usr/include/eigen3 (Required is at least version "3.1") 
[1.951s] -- Eigen found (include: /usr/include/eigen3, version: 3.4.0)
[1.987s] -- Checking for module 'flann'
[1.999s] --   Found flann, version 1.9.1
[2.038s] -- Found FLANN: /usr/lib/x86_64-linux-gnu/libflann_cpp.so  
[2.039s] -- FLANN found (include: /usr/include, lib: /usr/lib/x86_64-linux-gnu/libflann_cpp.so)
[2.925s] -- Checking for module 'libusb-1.0'
[2.941s] --   Found libusb-1.0, version 1.0.25
[2.998s] -- Found libusb: /usr/lib/x86_64-linux-gnu/libusb-1.0.so  
[3.005s] -- OpenNI found (version: 1.5.4.0, include: /usr/include/ni, lib: /usr/lib/libOpenNI.so;libusb::libusb)
[3.094s] -- OpenNI2 found (version: 2.2.0.33, include: /usr/include/openni2, lib: /usr/lib/x86_64-linux-gnu/libOpenNI2.so;libusb::libusb)
[3.217s] -- Eigen found (include: /usr/include/eigen3, version: 3.4.0)
[3.222s] -- OpenNI found (version: 1.5.4.0, include: /usr/include/ni, lib: /usr/lib/libOpenNI.so;libusb::libusb)
[3.227s] -- OpenNI2 found (version: 2.2.0.33, include: /usr/include/openni2, lib: /usr/lib/x86_64-linux-gnu/libOpenNI2.so;libusb::libusb)
[3.345s] -- Found Qhull version 8.0.2
[3.463s] -- OpenNI found (version: 1.5.4.0, include: /usr/include/ni, lib: /usr/lib/libOpenNI.so;libusb::libusb)
[3.575s] -- Found PCL_COMMON: /usr/lib/x86_64-linux-gnu/libpcl_common.so  
[3.576s] -- Found PCL_KDTREE: /usr/lib/x86_64-linux-gnu/libpcl_kdtree.so  
[3.577s] -- Found PCL_OCTREE: /usr/lib/x86_64-linux-gnu/libpcl_octree.so  
[3.578s] -- Found PCL_SEARCH: /usr/lib/x86_64-linux-gnu/libpcl_search.so  
[3.579s] -- Found PCL_SAMPLE_CONSENSUS: /usr/lib/x86_64-linux-gnu/libpcl_sample_consensus.so  
[3.579s] -- Found PCL_FILTERS: /usr/lib/x86_64-linux-gnu/libpcl_filters.so  
[3.580s] -- Found PCL_2D: /usr/include/pcl-1.12  
[3.580s] -- Found PCL_GEOMETRY: /usr/include/pcl-1.12  
[3.581s] -- Found PCL_IO: /usr/lib/x86_64-linux-gnu/libpcl_io.so  
[3.582s] -- Found PCL_FEATURES: /usr/lib/x86_64-linux-gnu/libpcl_features.so  
[3.583s] -- Found PCL_ML: /usr/lib/x86_64-linux-gnu/libpcl_ml.so  
[3.583s] -- Found PCL_SEGMENTATION: /usr/lib/x86_64-linux-gnu/libpcl_segmentation.so  
[3.584s] -- Found PCL_VISUALIZATION: /usr/lib/x86_64-linux-gnu/libpcl_visualization.so  
[3.585s] -- Found PCL_SURFACE: /usr/lib/x86_64-linux-gnu/libpcl_surface.so  
[3.586s] -- Found PCL_REGISTRATION: /usr/lib/x86_64-linux-gnu/libpcl_registration.so  
[3.587s] -- Found PCL_KEYPOINTS: /usr/lib/x86_64-linux-gnu/libpcl_keypoints.so  
[3.588s] -- Found PCL_TRACKING: /usr/lib/x86_64-linux-gnu/libpcl_tracking.so  
[3.589s] -- Found PCL_RECOGNITION: /usr/lib/x86_64-linux-gnu/libpcl_recognition.so  
[3.590s] -- Found PCL_STEREO: /usr/lib/x86_64-linux-gnu/libpcl_stereo.so  
[3.590s] -- Found PCL_APPS: /usr/lib/x86_64-linux-gnu/libpcl_apps.so  
[3.591s] -- Found PCL_IN_HAND_SCANNER: /usr/include/pcl-1.12  
[3.591s] -- Found PCL_MODELER: /usr/include/pcl-1.12  
[3.592s] -- Found PCL_POINT_CLOUD_EDITOR: /usr/include/pcl-1.12  
[3.593s] -- Found PCL_OUTOFCORE: /usr/lib/x86_64-linux-gnu/libpcl_outofcore.so  
[3.594s] -- Found PCL_PEOPLE: /usr/lib/x86_64-linux-gnu/libpcl_people.so  
[3.665s] -- Found ament_lint_auto: 0.12.10 (/opt/ros/humble/share/ament_lint_auto/cmake)
[3.737s] -- Added test 'copyright' to check source files copyright and LICENSE
[3.739s] -- Added test 'cppcheck' to perform static code analysis on C / C++ code
[3.739s] -- Configured cppcheck include dirs: /home/robmoemac/M-LADIS-Jerry/ws_sensor_combined/src/px4_ros_com/include
[3.739s] -- Configured cppcheck exclude dirs and/or files: 
[3.741s] -- Added test 'cpplint' to check C / C++ code against the Google style
[3.741s] -- Configured cpplint exclude dirs and/or files: 
[3.742s] -- Added test 'flake8' to check Python code syntax and style conventions
[3.742s] -- Added test 'lint_cmake' to check CMake code style
[3.743s] -- Added test 'pep257' to check Python code against some of the docstring style conventions in PEP 257
[3.745s] -- Added test 'uncrustify' to check C / C++ code style
[3.745s] -- Configured uncrustify additional arguments: 
[3.746s] -- Added test 'xmllint' to check XML markup files
[3.747s] -- Configuring done
[3.821s] -- Generating done
[3.825s] -- Build files have been written to: /home/robmoemac/M-LADIS-Jerry/ws_sensor_combined/build/px4_ros_com
[3.840s] Invoked command in '/home/robmoemac/M-LADIS-Jerry/ws_sensor_combined/build/px4_ros_com' returned '0': AMENT_PREFIX_PATH=/home/robmoemac/M-LADIS-Jerry/ws_sensor_combined/install/px4_msgs:${AMENT_PREFIX_PATH} CMAKE_PREFIX_PATH=/home/robmoemac/M-LADIS-Jerry/ws_sensor_combined/install/px4_msgs:/home/robmoemac/.local/share/Trash/files/ws_sensor_combined/install/ros:/home/robmoemac/.local/share/Trash/files/ws_sensor_combined/install/px4_ros_com:/home/robmoemac/.local/share/Trash/files/ws_sensor_combined/install/px4_msgs:/opt/ros/humble LD_LIBRARY_PATH=/home/robmoemac/M-LADIS-Jerry/ws_sensor_combined/install/px4_msgs/lib:${LD_LIBRARY_PATH} PYTHONPATH=/home/robmoemac/M-LADIS-Jerry/ws_sensor_combined/install/px4_msgs/local/lib/python3.10/dist-packages:${PYTHONPATH} /usr/bin/cmake /home/robmoemac/M-LADIS-Jerry/ws_sensor_combined/src/px4_ros_com -DCMAKE_INSTALL_PREFIX=/home/robmoemac/M-LADIS-Jerry/ws_sensor_combined/install/px4_ros_com
[3.841s] Invoking command in '/home/robmoemac/M-LADIS-Jerry/ws_sensor_combined/build/px4_ros_com': AMENT_PREFIX_PATH=/home/robmoemac/M-LADIS-Jerry/ws_sensor_combined/install/px4_msgs:${AMENT_PREFIX_PATH} CMAKE_PREFIX_PATH=/home/robmoemac/M-LADIS-Jerry/ws_sensor_combined/install/px4_msgs:/home/robmoemac/.local/share/Trash/files/ws_sensor_combined/install/ros:/home/robmoemac/.local/share/Trash/files/ws_sensor_combined/install/px4_ros_com:/home/robmoemac/.local/share/Trash/files/ws_sensor_combined/install/px4_msgs:/opt/ros/humble LD_LIBRARY_PATH=/home/robmoemac/M-LADIS-Jerry/ws_sensor_combined/install/px4_msgs/lib:${LD_LIBRARY_PATH} PYTHONPATH=/home/robmoemac/M-LADIS-Jerry/ws_sensor_combined/install/px4_msgs/local/lib/python3.10/dist-packages:${PYTHONPATH} /usr/bin/cmake --build /home/robmoemac/M-LADIS-Jerry/ws_sensor_combined/build/px4_ros_com -- -j8 -l8
[3.886s] [  8%] [32mBuilding CXX object CMakeFiles/test_flight_control.dir/src/examples/offboard/test_flight_control.cpp.o[0m
[3.888s] [ 16%] [32mBuilding CXX object CMakeFiles/sensor_combined_listener.dir/src/examples/listeners/sensor_combined_listener.cpp.o[0m
[3.889s] [ 25%] [32mBuilding CXX object CMakeFiles/PointCloudProcessor.dir/src/PointCloudProcessor.cpp.o[0m
[3.890s] [ 41%] [32mBuilding CXX object CMakeFiles/vehicle_gps_position_listener.dir/src/examples/listeners/vehicle_gps_position_listener.cpp.o[0m
[3.890s] [ 41%] [32mBuilding CXX object CMakeFiles/offboard_control.dir/src/examples/offboard/offboard_control.cpp.o[0m
[3.891s] [ 50%] [32mBuilding CXX object CMakeFiles/debug_vect_advertiser.dir/src/examples/advertisers/debug_vect_advertiser.cpp.o[0m
[11.396s] [ 58%] [32m[1mLinking CXX executable test_flight_control[0m
[11.633s] [ 66%] [32m[1mLinking CXX executable debug_vect_advertiser[0m
[11.884s] [ 66%] Built target test_flight_control
[12.020s] [ 66%] Built target debug_vect_advertiser
[17.197s] [ 75%] [32m[1mLinking CXX executable sensor_combined_listener[0m
[17.759s] [ 83%] [32m[1mLinking CXX executable vehicle_gps_position_listener[0m
[17.800s] [ 83%] Built target sensor_combined_listener
[18.298s] [ 83%] Built target vehicle_gps_position_listener
[18.620s] [ 91%] [32m[1mLinking CXX executable offboard_control[0m
[19.102s] [ 91%] Built target offboard_control
[24.367s] [100%] [32m[1mLinking CXX executable PointCloudProcessor[0m
[25.423s] [100%] Built target PointCloudProcessor
[25.432s] Invoked command in '/home/robmoemac/M-LADIS-Jerry/ws_sensor_combined/build/px4_ros_com' returned '0': AMENT_PREFIX_PATH=/home/robmoemac/M-LADIS-Jerry/ws_sensor_combined/install/px4_msgs:${AMENT_PREFIX_PATH} CMAKE_PREFIX_PATH=/home/robmoemac/M-LADIS-Jerry/ws_sensor_combined/install/px4_msgs:/home/robmoemac/.local/share/Trash/files/ws_sensor_combined/install/ros:/home/robmoemac/.local/share/Trash/files/ws_sensor_combined/install/px4_ros_com:/home/robmoemac/.local/share/Trash/files/ws_sensor_combined/install/px4_msgs:/opt/ros/humble LD_LIBRARY_PATH=/home/robmoemac/M-LADIS-Jerry/ws_sensor_combined/install/px4_msgs/lib:${LD_LIBRARY_PATH} PYTHONPATH=/home/robmoemac/M-LADIS-Jerry/ws_sensor_combined/install/px4_msgs/local/lib/python3.10/dist-packages:${PYTHONPATH} /usr/bin/cmake --build /home/robmoemac/M-LADIS-Jerry/ws_sensor_combined/build/px4_ros_com -- -j8 -l8
[25.466s] Invoking command in '/home/robmoemac/M-LADIS-Jerry/ws_sensor_combined/build/px4_ros_com': AMENT_PREFIX_PATH=/home/robmoemac/M-LADIS-Jerry/ws_sensor_combined/install/px4_msgs:${AMENT_PREFIX_PATH} CMAKE_PREFIX_PATH=/home/robmoemac/M-LADIS-Jerry/ws_sensor_combined/install/px4_msgs:/home/robmoemac/.local/share/Trash/files/ws_sensor_combined/install/ros:/home/robmoemac/.local/share/Trash/files/ws_sensor_combined/install/px4_ros_com:/home/robmoemac/.local/share/Trash/files/ws_sensor_combined/install/px4_msgs:/opt/ros/humble LD_LIBRARY_PATH=/home/robmoemac/M-LADIS-Jerry/ws_sensor_combined/install/px4_msgs/lib:${LD_LIBRARY_PATH} PYTHONPATH=/home/robmoemac/M-LADIS-Jerry/ws_sensor_combined/install/px4_msgs/local/lib/python3.10/dist-packages:${PYTHONPATH} /usr/bin/cmake --install /home/robmoemac/M-LADIS-Jerry/ws_sensor_combined/build/px4_ros_com
[25.471s] -- Install configuration: ""
[25.472s] -- Installing: /home/robmoemac/M-LADIS-Jerry/ws_sensor_combined/install/px4_ros_com/lib/px4_ros_com/sensor_combined_listener
[25.475s] -- Set runtime path of "/home/robmoemac/M-LADIS-Jerry/ws_sensor_combined/install/px4_ros_com/lib/px4_ros_com/sensor_combined_listener" to ""
[25.475s] -- Installing: /home/robmoemac/M-LADIS-Jerry/ws_sensor_combined/install/px4_ros_com/lib/px4_ros_com/vehicle_gps_position_listener
[25.478s] -- Set runtime path of "/home/robmoemac/M-LADIS-Jerry/ws_sensor_combined/install/px4_ros_com/lib/px4_ros_com/vehicle_gps_position_listener" to ""
[25.478s] -- Installing: /home/robmoemac/M-LADIS-Jerry/ws_sensor_combined/install/px4_ros_com/lib/px4_ros_com/debug_vect_advertiser
[25.479s] -- Set runtime path of "/home/robmoemac/M-LADIS-Jerry/ws_sensor_combined/install/px4_ros_com/lib/px4_ros_com/debug_vect_advertiser" to ""
[25.479s] -- Installing: /home/robmoemac/M-LADIS-Jerry/ws_sensor_combined/install/px4_ros_com/lib/px4_ros_com/offboard_control
[25.481s] -- Set runtime path of "/home/robmoemac/M-LADIS-Jerry/ws_sensor_combined/install/px4_ros_com/lib/px4_ros_com/offboard_control" to ""
[25.481s] -- Installing: /home/robmoemac/M-LADIS-Jerry/ws_sensor_combined/install/px4_ros_com/lib/px4_ros_com/test_flight_control
[25.482s] -- Set runtime path of "/home/robmoemac/M-LADIS-Jerry/ws_sensor_combined/install/px4_ros_com/lib/px4_ros_com/test_flight_control" to ""
[25.482s] -- Installing: /home/robmoemac/M-LADIS-Jerry/ws_sensor_combined/install/px4_ros_com/lib/px4_ros_com/PointCloudProcessor
[25.485s] -- Set runtime path of "/home/robmoemac/M-LADIS-Jerry/ws_sensor_combined/install/px4_ros_com/lib/px4_ros_com/PointCloudProcessor" to ""
[25.486s] -- Installing: /home/robmoemac/M-LADIS-Jerry/ws_sensor_combined/install/px4_ros_com/include/px4_ros_com
[25.486s] -- Installing: /home/robmoemac/M-LADIS-Jerry/ws_sensor_combined/install/px4_ros_com/include/px4_ros_com/frame_transforms.h
[25.486s] -- Installing: /home/robmoemac/M-LADIS-Jerry/ws_sensor_combined/install/px4_ros_com/share/px4_ros_com//launch
[25.486s] -- Installing: /home/robmoemac/M-LADIS-Jerry/ws_sensor_combined/install/px4_ros_com/share/px4_ros_com//launch/offboard_control_launch.yaml
[25.486s] -- Installing: /home/robmoemac/M-LADIS-Jerry/ws_sensor_combined/install/px4_ros_com/share/px4_ros_com//launch/sensor_combined_listener.launch.py
[25.486s] -- Installing: /home/robmoemac/M-LADIS-Jerry/ws_sensor_combined/install/px4_ros_com/share/px4_ros_com//test
[25.486s] -- Installing: /home/robmoemac/M-LADIS-Jerry/ws_sensor_combined/install/px4_ros_com/share/px4_ros_com//test/pipeline_io_test.py
[25.486s] -- Installing: /home/robmoemac/M-LADIS-Jerry/ws_sensor_combined/install/px4_ros_com/share/px4_ros_com//test/test_output.py
[25.486s] -- Installing: /home/robmoemac/M-LADIS-Jerry/ws_sensor_combined/install/px4_ros_com/share/px4_ros_com//test/__init__.py
[25.486s] -- Installing: /home/robmoemac/M-LADIS-Jerry/ws_sensor_combined/install/px4_ros_com/share/px4_ros_com//test/test_input.py
[25.486s] -- Installing: /home/robmoemac/M-LADIS-Jerry/ws_sensor_combined/install/px4_ros_com/share/ament_index/resource_index/package_run_dependencies/px4_ros_com
[25.486s] -- Installing: /home/robmoemac/M-LADIS-Jerry/ws_sensor_combined/install/px4_ros_com/share/ament_index/resource_index/parent_prefix_path/px4_ros_com
[25.486s] -- Installing: /home/robmoemac/M-LADIS-Jerry/ws_sensor_combined/install/px4_ros_com/share/px4_ros_com/environment/ament_prefix_path.sh
[25.486s] -- Installing: /home/robmoemac/M-LADIS-Jerry/ws_sensor_combined/install/px4_ros_com/share/px4_ros_com/environment/ament_prefix_path.dsv
[25.486s] -- Installing: /home/robmoemac/M-LADIS-Jerry/ws_sensor_combined/install/px4_ros_com/share/px4_ros_com/environment/path.sh
[25.487s] -- Installing: /home/robmoemac/M-LADIS-Jerry/ws_sensor_combined/install/px4_ros_com/share/px4_ros_com/environment/path.dsv
[25.487s] -- Installing: /home/robmoemac/M-LADIS-Jerry/ws_sensor_combined/install/px4_ros_com/share/px4_ros_com/local_setup.bash
[25.487s] -- Installing: /home/robmoemac/M-LADIS-Jerry/ws_sensor_combined/install/px4_ros_com/share/px4_ros_com/local_setup.sh
[25.487s] -- Installing: /home/robmoemac/M-LADIS-Jerry/ws_sensor_combined/install/px4_ros_com/share/px4_ros_com/local_setup.zsh
[25.487s] -- Installing: /home/robmoemac/M-LADIS-Jerry/ws_sensor_combined/install/px4_ros_com/share/px4_ros_com/local_setup.dsv
[25.487s] -- Installing: /home/robmoemac/M-LADIS-Jerry/ws_sensor_combined/install/px4_ros_com/share/px4_ros_com/package.dsv
[25.487s] -- Installing: /home/robmoemac/M-LADIS-Jerry/ws_sensor_combined/install/px4_ros_com/share/ament_index/resource_index/packages/px4_ros_com
[25.487s] -- Installing: /home/robmoemac/M-LADIS-Jerry/ws_sensor_combined/install/px4_ros_com/share/px4_ros_com/cmake/ament_cmake_export_dependencies-extras.cmake
[25.487s] -- Installing: /home/robmoemac/M-LADIS-Jerry/ws_sensor_combined/install/px4_ros_com/share/px4_ros_com/cmake/ament_cmake_export_include_directories-extras.cmake
[25.487s] -- Installing: /home/robmoemac/M-LADIS-Jerry/ws_sensor_combined/install/px4_ros_com/share/px4_ros_com/cmake/px4_ros_comConfig.cmake
[25.487s] -- Installing: /home/robmoemac/M-LADIS-Jerry/ws_sensor_combined/install/px4_ros_com/share/px4_ros_com/cmake/px4_ros_comConfig-version.cmake
[25.487s] -- Installing: /home/robmoemac/M-LADIS-Jerry/ws_sensor_combined/install/px4_ros_com/share/px4_ros_com/package.xml
[25.489s] Invoked command in '/home/robmoemac/M-LADIS-Jerry/ws_sensor_combined/build/px4_ros_com' returned '0': AMENT_PREFIX_PATH=/home/robmoemac/M-LADIS-Jerry/ws_sensor_combined/install/px4_msgs:${AMENT_PREFIX_PATH} CMAKE_PREFIX_PATH=/home/robmoemac/M-LADIS-Jerry/ws_sensor_combined/install/px4_msgs:/home/robmoemac/.local/share/Trash/files/ws_sensor_combined/install/ros:/home/robmoemac/.local/share/Trash/files/ws_sensor_combined/install/px4_ros_com:/home/robmoemac/.local/share/Trash/files/ws_sensor_combined/install/px4_msgs:/opt/ros/humble LD_LIBRARY_PATH=/home/robmoemac/M-LADIS-Jerry/ws_sensor_combined/install/px4_msgs/lib:${LD_LIBRARY_PATH} PYTHONPATH=/home/robmoemac/M-LADIS-Jerry/ws_sensor_combined/install/px4_msgs/local/lib/python3.10/dist-packages:${PYTHONPATH} /usr/bin/cmake --install /home/robmoemac/M-LADIS-Jerry/ws_sensor_combined/build/px4_ros_com
