[1.113s] Invoking command in '/home/robmoemac/M-LADIS-Jerry/ws_sensor_combined/src/odometry': PYTHONPATH=/home/robmoemac/M-LADIS-Jerry/ws_sensor_combined/build/odometry/prefix_override:/home/robmoemac/M-LADIS-Jerry/ws_sensor_combined/install/odometry/lib/python3.10/site-packages:${PYTHONPATH} /usr/bin/python3 -W ignore:setup.py install is deprecated setup.py egg_info --egg-base ../../build/odometry build --build-base /home/robmoemac/M-LADIS-Jerry/ws_sensor_combined/build/odometry/build install --record /home/robmoemac/M-LADIS-Jerry/ws_sensor_combined/build/odometry/install.log --single-version-externally-managed install_data
[1.376s] running egg_info
[1.376s] creating ../../build/odometry/odometry.egg-info
[1.392s] writing ../../build/odometry/odometry.egg-info/PKG-INFO
[1.393s] writing dependency_links to ../../build/odometry/odometry.egg-info/dependency_links.txt
[1.393s] writing entry points to ../../build/odometry/odometry.egg-info/entry_points.txt
[1.393s] writing requirements to ../../build/odometry/odometry.egg-info/requires.txt
[1.393s] writing top-level names to ../../build/odometry/odometry.egg-info/top_level.txt
[1.393s] writing manifest file '../../build/odometry/odometry.egg-info/SOURCES.txt'
[1.430s] reading manifest file '../../build/odometry/odometry.egg-info/SOURCES.txt'
[1.431s] writing manifest file '../../build/odometry/odometry.egg-info/SOURCES.txt'
[1.435s] running build
[1.436s] running build_py
[1.436s] creating /home/robmoemac/M-LADIS-Jerry/ws_sensor_combined/build/odometry/build
[1.436s] creating /home/robmoemac/M-LADIS-Jerry/ws_sensor_combined/build/odometry/build/lib
[1.436s] creating /home/robmoemac/M-LADIS-Jerry/ws_sensor_combined/build/odometry/build/lib/odometry
[1.436s] copying odometry/__init__.py -> /home/robmoemac/M-LADIS-Jerry/ws_sensor_combined/build/odometry/build/lib/odometry
[1.436s] copying odometry/odometry_node.py -> /home/robmoemac/M-LADIS-Jerry/ws_sensor_combined/build/odometry/build/lib/odometry
[1.436s] running install
[1.445s] running install_lib
[1.461s] creating /home/robmoemac/M-LADIS-Jerry/ws_sensor_combined/install/odometry/lib/python3.10/site-packages/odometry
[1.461s] copying /home/robmoemac/M-LADIS-Jerry/ws_sensor_combined/build/odometry/build/lib/odometry/__init__.py -> /home/robmoemac/M-LADIS-Jerry/ws_sensor_combined/install/odometry/lib/python3.10/site-packages/odometry
[1.462s] copying /home/robmoemac/M-LADIS-Jerry/ws_sensor_combined/build/odometry/build/lib/odometry/odometry_node.py -> /home/robmoemac/M-LADIS-Jerry/ws_sensor_combined/install/odometry/lib/python3.10/site-packages/odometry
[1.462s] byte-compiling /home/robmoemac/M-LADIS-Jerry/ws_sensor_combined/install/odometry/lib/python3.10/site-packages/odometry/__init__.py to __init__.cpython-310.pyc
[1.462s] byte-compiling /home/robmoemac/M-LADIS-Jerry/ws_sensor_combined/install/odometry/lib/python3.10/site-packages/odometry/odometry_node.py to odometry_node.cpython-310.pyc
[1.463s] running install_data
[1.463s] creating /home/robmoemac/M-LADIS-Jerry/ws_sensor_combined/install/odometry/share/ament_index
[1.463s] creating /home/robmoemac/M-LADIS-Jerry/ws_sensor_combined/install/odometry/share/ament_index/resource_index
[1.463s] creating /home/robmoemac/M-LADIS-Jerry/ws_sensor_combined/install/odometry/share/ament_index/resource_index/packages
[1.463s] copying resource/odometry -> /home/robmoemac/M-LADIS-Jerry/ws_sensor_combined/install/odometry/share/ament_index/resource_index/packages
[1.464s] copying package.xml -> /home/robmoemac/M-LADIS-Jerry/ws_sensor_combined/install/odometry/share/odometry
[1.464s] running install_egg_info
[1.482s] Copying ../../build/odometry/odometry.egg-info to /home/robmoemac/M-LADIS-Jerry/ws_sensor_combined/install/odometry/lib/python3.10/site-packages/odometry-0.0.0-py3.10.egg-info
[1.483s] running install_scripts
[1.648s] Installing run script to /home/robmoemac/M-LADIS-Jerry/ws_sensor_combined/install/odometry/lib/odometry
[1.648s] writing list of installed files to '/home/robmoemac/M-LADIS-Jerry/ws_sensor_combined/build/odometry/install.log'
[1.680s] Invoked command in '/home/robmoemac/M-LADIS-Jerry/ws_sensor_combined/src/odometry' returned '0': PYTHONPATH=/home/robmoemac/M-LADIS-Jerry/ws_sensor_combined/build/odometry/prefix_override:/home/robmoemac/M-LADIS-Jerry/ws_sensor_combined/install/odometry/lib/python3.10/site-packages:${PYTHONPATH} /usr/bin/python3 -W ignore:setup.py install is deprecated setup.py egg_info --egg-base ../../build/odometry build --build-base /home/robmoemac/M-LADIS-Jerry/ws_sensor_combined/build/odometry/build install --record /home/robmoemac/M-LADIS-Jerry/ws_sensor_combined/build/odometry/install.log --single-version-externally-managed install_data
