[0.913s] Invoking command in '/home/robmoemac/M-LADIS-sim/PX4 Aux/ws_sensor_combined/src/computer_viz': PYTHONPATH=/home/robmoemac/M-LADIS-sim/PX4 Aux/ws_sensor_combined/build/computer_viz/prefix_override:/home/robmoemac/M-LADIS-sim/PX4 Aux/ws_sensor_combined/install/computer_viz/lib/python3.10/site-packages:${PYTHONPATH} /usr/bin/python3 setup.py egg_info --egg-base ../../build/computer_viz build --build-base /home/robmoemac/M-LADIS-sim/PX4 Aux/ws_sensor_combined/build/computer_viz/build install --record /home/robmoemac/M-LADIS-sim/PX4 Aux/ws_sensor_combined/build/computer_viz/install.log --single-version-externally-managed
[1.101s] running egg_info
[1.101s] creating ../../build/computer_viz/computer_viz.egg-info
[1.113s] writing ../../build/computer_viz/computer_viz.egg-info/PKG-INFO
[1.113s] writing dependency_links to ../../build/computer_viz/computer_viz.egg-info/dependency_links.txt
[1.114s] writing entry points to ../../build/computer_viz/computer_viz.egg-info/entry_points.txt
[1.114s] writing requirements to ../../build/computer_viz/computer_viz.egg-info/requires.txt
[1.114s] writing top-level names to ../../build/computer_viz/computer_viz.egg-info/top_level.txt
[1.115s] writing manifest file '../../build/computer_viz/computer_viz.egg-info/SOURCES.txt'
[1.139s] reading manifest file '../../build/computer_viz/computer_viz.egg-info/SOURCES.txt'
[1.140s] writing manifest file '../../build/computer_viz/computer_viz.egg-info/SOURCES.txt'
[1.140s] running build
[1.140s] running build_py
[1.140s] creating /home/robmoemac/M-LADIS-sim/PX4 Aux/ws_sensor_combined/build/computer_viz/build
[1.140s] creating /home/robmoemac/M-LADIS-sim/PX4 Aux/ws_sensor_combined/build/computer_viz/build/lib
[1.140s] creating /home/robmoemac/M-LADIS-sim/PX4 Aux/ws_sensor_combined/build/computer_viz/build/lib/computer_viz
[1.141s] copying computer_viz/__init__.py -> /home/robmoemac/M-LADIS-sim/PX4 Aux/ws_sensor_combined/build/computer_viz/build/lib/computer_viz
[1.141s] copying computer_viz/test_node.py -> /home/robmoemac/M-LADIS-sim/PX4 Aux/ws_sensor_combined/build/computer_viz/build/lib/computer_viz
[1.141s] running install
[1.145s] /home/robmoemac/.local/lib/python3.10/site-packages/setuptools/_distutils/cmd.py:66: SetuptoolsDeprecationWarning: setup.py install is deprecated.
[1.145s] !!
[1.145s] 
[1.145s]         ********************************************************************************
[1.145s]         Please avoid running ``setup.py`` directly.
[1.145s]         Instead, use pypa/build, pypa/installer or other
[1.145s]         standards-based tools.
[1.145s] 
[1.146s]         See https://blog.ganssle.io/articles/2021/10/setup-py-deprecated.html for details.
[1.146s]         ********************************************************************************
[1.146s] 
[1.146s] !!
[1.146s]   self.initialize_options()
[1.150s] running install_lib
[1.162s] creating /home/robmoemac/M-LADIS-sim/PX4 Aux/ws_sensor_combined/install/computer_viz/lib/python3.10/site-packages/computer_viz
[1.162s] copying /home/robmoemac/M-LADIS-sim/PX4 Aux/ws_sensor_combined/build/computer_viz/build/lib/computer_viz/__init__.py -> /home/robmoemac/M-LADIS-sim/PX4 Aux/ws_sensor_combined/install/computer_viz/lib/python3.10/site-packages/computer_viz
[1.163s] copying /home/robmoemac/M-LADIS-sim/PX4 Aux/ws_sensor_combined/build/computer_viz/build/lib/computer_viz/test_node.py -> /home/robmoemac/M-LADIS-sim/PX4 Aux/ws_sensor_combined/install/computer_viz/lib/python3.10/site-packages/computer_viz
[1.163s] byte-compiling /home/robmoemac/M-LADIS-sim/PX4 Aux/ws_sensor_combined/install/computer_viz/lib/python3.10/site-packages/computer_viz/__init__.py to __init__.cpython-310.pyc
[1.163s] byte-compiling /home/robmoemac/M-LADIS-sim/PX4 Aux/ws_sensor_combined/install/computer_viz/lib/python3.10/site-packages/computer_viz/test_node.py to test_node.cpython-310.pyc
[1.163s] running install_data
[1.176s] copying resource/computer_viz -> /home/robmoemac/M-LADIS-sim/PX4 Aux/ws_sensor_combined/install/computer_viz/share/ament_index/resource_index/packages
[1.176s] copying package.xml -> /home/robmoemac/M-LADIS-sim/PX4 Aux/ws_sensor_combined/install/computer_viz/share/computer_viz
[1.176s] running install_egg_info
[1.191s] Copying ../../build/computer_viz/computer_viz.egg-info to /home/robmoemac/M-LADIS-sim/PX4 Aux/ws_sensor_combined/install/computer_viz/lib/python3.10/site-packages/computer_viz-0.0.0-py3.10.egg-info
[1.192s] running install_scripts
[1.311s] Installing test_node script to /home/robmoemac/M-LADIS-sim/PX4 Aux/ws_sensor_combined/install/computer_viz/lib/computer_viz
[1.311s] writing list of installed files to '/home/robmoemac/M-LADIS-sim/PX4 Aux/ws_sensor_combined/build/computer_viz/install.log'
[1.335s] Invoked command in '/home/robmoemac/M-LADIS-sim/PX4 Aux/ws_sensor_combined/src/computer_viz' returned '0': PYTHONPATH=/home/robmoemac/M-LADIS-sim/PX4 Aux/ws_sensor_combined/build/computer_viz/prefix_override:/home/robmoemac/M-LADIS-sim/PX4 Aux/ws_sensor_combined/install/computer_viz/lib/python3.10/site-packages:${PYTHONPATH} /usr/bin/python3 setup.py egg_info --egg-base ../../build/computer_viz build --build-base /home/robmoemac/M-LADIS-sim/PX4 Aux/ws_sensor_combined/build/computer_viz/build install --record /home/robmoemac/M-LADIS-sim/PX4 Aux/ws_sensor_combined/build/computer_viz/install.log --single-version-externally-managed
