[0.032s] Invoking command in '/home/robmoemac/M-LADIS-Jerry/ws_sensor_combined/build/classifier': CMAKE_PREFIX_PATH=${CMAKE_PREFIX_PATH}:/opt/ros/humble /usr/bin/cmake --build /home/robmoemac/M-LADIS-Jerry/ws_sensor_combined/build/classifier -- -j8 -l8
[0.079s] [ 50%] Built target pose_array_to_file_node
[0.085s] [100%] Built target pose_array_publisher_node
[0.095s] Invoked command in '/home/robmoemac/M-LADIS-Jerry/ws_sensor_combined/build/classifier' returned '0': CMAKE_PREFIX_PATH=${CMAKE_PREFIX_PATH}:/opt/ros/humble /usr/bin/cmake --build /home/robmoemac/M-LADIS-Jerry/ws_sensor_combined/build/classifier -- -j8 -l8
[0.127s] Invoking command in '/home/robmoemac/M-LADIS-Jerry/ws_sensor_combined/build/classifier': CMAKE_PREFIX_PATH=${CMAKE_PREFIX_PATH}:/opt/ros/humble /usr/bin/cmake --install /home/robmoemac/M-LADIS-Jerry/ws_sensor_combined/build/classifier
[0.134s] -- Install configuration: ""
[0.134s] -- Up-to-date: /home/robmoemac/M-LADIS-Jerry/ws_sensor_combined/install/classifier/lib/classifier/pose_array_to_file_node
[0.134s] -- Up-to-date: /home/robmoemac/M-LADIS-Jerry/ws_sensor_combined/install/classifier/lib/classifier/pose_array_publisher_node
[0.134s] -- Up-to-date: /home/robmoemac/M-LADIS-Jerry/ws_sensor_combined/install/classifier/share/ament_index/resource_index/package_run_dependencies/classifier
[0.135s] -- Up-to-date: /home/robmoemac/M-LADIS-Jerry/ws_sensor_combined/install/classifier/share/ament_index/resource_index/parent_prefix_path/classifier
[0.135s] -- Up-to-date: /home/robmoemac/M-LADIS-Jerry/ws_sensor_combined/install/classifier/share/classifier/environment/ament_prefix_path.sh
[0.135s] -- Up-to-date: /home/robmoemac/M-LADIS-Jerry/ws_sensor_combined/install/classifier/share/classifier/environment/ament_prefix_path.dsv
[0.135s] -- Up-to-date: /home/robmoemac/M-LADIS-Jerry/ws_sensor_combined/install/classifier/share/classifier/environment/path.sh
[0.135s] -- Up-to-date: /home/robmoemac/M-LADIS-Jerry/ws_sensor_combined/install/classifier/share/classifier/environment/path.dsv
[0.135s] -- Up-to-date: /home/robmoemac/M-LADIS-Jerry/ws_sensor_combined/install/classifier/share/classifier/local_setup.bash
[0.135s] -- Up-to-date: /home/robmoemac/M-LADIS-Jerry/ws_sensor_combined/install/classifier/share/classifier/local_setup.sh
[0.136s] -- Up-to-date: /home/robmoemac/M-LADIS-Jerry/ws_sensor_combined/install/classifier/share/classifier/local_setup.zsh
[0.136s] -- Up-to-date: /home/robmoemac/M-LADIS-Jerry/ws_sensor_combined/install/classifier/share/classifier/local_setup.dsv
[0.136s] -- Installing: /home/robmoemac/M-LADIS-Jerry/ws_sensor_combined/install/classifier/share/classifier/package.dsv
[0.136s] -- Up-to-date: /home/robmoemac/M-LADIS-Jerry/ws_sensor_combined/install/classifier/share/ament_index/resource_index/packages/classifier
[0.136s] -- Up-to-date: /home/robmoemac/M-LADIS-Jerry/ws_sensor_combined/install/classifier/share/classifier/cmake/classifierConfig.cmake
[0.137s] -- Up-to-date: /home/robmoemac/M-LADIS-Jerry/ws_sensor_combined/install/classifier/share/classifier/cmake/classifierConfig-version.cmake
[0.137s] -- Up-to-date: /home/robmoemac/M-LADIS-Jerry/ws_sensor_combined/install/classifier/share/classifier/package.xml
[0.231s] Invoked command in '/home/robmoemac/M-LADIS-Jerry/ws_sensor_combined/build/classifier' returned '0': CMAKE_PREFIX_PATH=${CMAKE_PREFIX_PATH}:/opt/ros/humble /usr/bin/cmake --install /home/robmoemac/M-LADIS-Jerry/ws_sensor_combined/build/classifier
