[0.054s] DEBUG:colcon:Command line arguments: ['/usr/bin/colcon', 'build']
[0.054s] DEBUG:colcon:Parsed command line arguments: Namespace(log_base=None, log_level=None, verb_name='build', build_base='build', install_base='install', merge_install=False, symlink_install=False, test_result_base=None, continue_on_error=False, executor='parallel', parallel_workers=32, event_handlers=None, ignore_user_meta=False, metas=['./colcon.meta'], base_paths=['.'], packages_ignore=None, packages_ignore_regex=None, paths=None, packages_up_to=None, packages_up_to_regex=None, packages_above=None, packages_above_and_dependencies=None, packages_above_depth=None, packages_select_by_dep=None, packages_skip_by_dep=None, packages_skip_up_to=None, packages_select_build_failed=False, packages_skip_build_finished=False, packages_select_test_failures=False, packages_skip_test_passed=False, packages_select=None, packages_skip=None, packages_select_regex=None, packages_skip_regex=None, packages_start=None, packages_end=None, allow_overriding=[], cmake_args=None, cmake_target=None, cmake_target_skip_unavailable=False, cmake_clean_cache=False, cmake_clean_first=False, cmake_force_configure=False, ament_cmake_args=None, catkin_cmake_args=None, catkin_skip_building_tests=False, verb_parser=<colcon_defaults.argument_parser.defaults.DefaultArgumentsDecorator object at 0x7b86b3749660>, verb_extension=<colcon_core.verb.build.BuildVerb object at 0x7b86b3748580>, main=<bound method BuildVerb.main of <colcon_core.verb.build.BuildVerb object at 0x7b86b3748580>>)
[0.074s] Level 1:colcon.colcon_core.package_discovery:discover_packages(colcon_meta) check parameters
[0.074s] Level 1:colcon.colcon_core.package_discovery:discover_packages(recursive) check parameters
[0.074s] Level 1:colcon.colcon_core.package_discovery:discover_packages(ignore) check parameters
[0.074s] Level 1:colcon.colcon_core.package_discovery:discover_packages(path) check parameters
[0.074s] Level 1:colcon.colcon_core.package_discovery:discover_packages(colcon_meta) discover
[0.075s] Level 1:colcon.colcon_core.package_discovery:discover_packages(recursive) discover
[0.075s] INFO:colcon.colcon_core.package_discovery:Crawling recursively for packages in '/home/robmoemac/M-LADIS-sim/PX4 Aux/ws_sensor_combined'
[0.075s] Level 1:colcon.colcon_core.package_identification:_identify(.) by extensions ['ignore', 'ignore_ament_install']
[0.075s] Level 1:colcon.colcon_core.package_identification:_identify(.) by extension 'ignore'
[0.075s] Level 1:colcon.colcon_core.package_identification:_identify(.) by extension 'ignore_ament_install'
[0.075s] Level 1:colcon.colcon_core.package_identification:_identify(.) by extensions ['colcon_pkg']
[0.075s] Level 1:colcon.colcon_core.package_identification:_identify(.) by extension 'colcon_pkg'
[0.075s] Level 1:colcon.colcon_core.package_identification:_identify(.) by extensions ['colcon_meta']
[0.075s] Level 1:colcon.colcon_core.package_identification:_identify(.) by extension 'colcon_meta'
[0.075s] Level 1:colcon.colcon_core.package_identification:_identify(.) by extensions ['ros']
[0.075s] Level 1:colcon.colcon_core.package_identification:_identify(.) by extension 'ros'
[0.083s] Level 1:colcon.colcon_core.package_identification:_identify(.) by extensions ['cmake', 'python']
[0.083s] Level 1:colcon.colcon_core.package_identification:_identify(.) by extension 'cmake'
[0.083s] Level 1:colcon.colcon_core.package_identification:_identify(.) by extension 'python'
[0.083s] Level 1:colcon.colcon_core.package_identification:_identify(.) by extensions ['python_setup_py']
[0.083s] Level 1:colcon.colcon_core.package_identification:_identify(.) by extension 'python_setup_py'
[0.083s] Level 1:colcon.colcon_core.package_identification:_identify(build) by extensions ['ignore', 'ignore_ament_install']
[0.083s] Level 1:colcon.colcon_core.package_identification:_identify(build) by extension 'ignore'
[0.083s] Level 1:colcon.colcon_core.package_identification:_identify(build) ignored
[0.083s] Level 1:colcon.colcon_core.package_identification:_identify(install) by extensions ['ignore', 'ignore_ament_install']
[0.083s] Level 1:colcon.colcon_core.package_identification:_identify(install) by extension 'ignore'
[0.083s] Level 1:colcon.colcon_core.package_identification:_identify(install) ignored
[0.083s] Level 1:colcon.colcon_core.package_identification:_identify(log) by extensions ['ignore', 'ignore_ament_install']
[0.083s] Level 1:colcon.colcon_core.package_identification:_identify(log) by extension 'ignore'
[0.083s] Level 1:colcon.colcon_core.package_identification:_identify(log) ignored
[0.083s] Level 1:colcon.colcon_core.package_identification:_identify(ros) by extensions ['ignore', 'ignore_ament_install']
[0.083s] Level 1:colcon.colcon_core.package_identification:_identify(ros) by extension 'ignore'
[0.083s] Level 1:colcon.colcon_core.package_identification:_identify(ros) by extension 'ignore_ament_install'
[0.083s] Level 1:colcon.colcon_core.package_identification:_identify(ros) by extensions ['colcon_pkg']
[0.083s] Level 1:colcon.colcon_core.package_identification:_identify(ros) by extension 'colcon_pkg'
[0.083s] Level 1:colcon.colcon_core.package_identification:_identify(ros) by extensions ['colcon_meta']
[0.083s] Level 1:colcon.colcon_core.package_identification:_identify(ros) by extension 'colcon_meta'
[0.083s] Level 1:colcon.colcon_core.package_identification:_identify(ros) by extensions ['ros']
[0.083s] Level 1:colcon.colcon_core.package_identification:_identify(ros) by extension 'ros'
[0.085s] DEBUG:colcon.colcon_core.package_identification:Package 'ros' with type 'ros.ament_cmake' and name 'ros'
[0.085s] Level 1:colcon.colcon_core.package_identification:_identify(src) by extensions ['ignore', 'ignore_ament_install']
[0.085s] Level 1:colcon.colcon_core.package_identification:_identify(src) by extension 'ignore'
[0.085s] Level 1:colcon.colcon_core.package_identification:_identify(src) by extension 'ignore_ament_install'
[0.085s] Level 1:colcon.colcon_core.package_identification:_identify(src) by extensions ['colcon_pkg']
[0.085s] Level 1:colcon.colcon_core.package_identification:_identify(src) by extension 'colcon_pkg'
[0.085s] Level 1:colcon.colcon_core.package_identification:_identify(src) by extensions ['colcon_meta']
[0.085s] Level 1:colcon.colcon_core.package_identification:_identify(src) by extension 'colcon_meta'
[0.085s] Level 1:colcon.colcon_core.package_identification:_identify(src) by extensions ['ros']
[0.085s] Level 1:colcon.colcon_core.package_identification:_identify(src) by extension 'ros'
[0.085s] Level 1:colcon.colcon_core.package_identification:_identify(src) by extensions ['cmake', 'python']
[0.085s] Level 1:colcon.colcon_core.package_identification:_identify(src) by extension 'cmake'
[0.085s] Level 1:colcon.colcon_core.package_identification:_identify(src) by extension 'python'
[0.085s] Level 1:colcon.colcon_core.package_identification:_identify(src) by extensions ['python_setup_py']
[0.085s] Level 1:colcon.colcon_core.package_identification:_identify(src) by extension 'python_setup_py'
[0.085s] Level 1:colcon.colcon_core.package_identification:_identify(src/px4_msgs) by extensions ['ignore', 'ignore_ament_install']
[0.085s] Level 1:colcon.colcon_core.package_identification:_identify(src/px4_msgs) by extension 'ignore'
[0.085s] Level 1:colcon.colcon_core.package_identification:_identify(src/px4_msgs) by extension 'ignore_ament_install'
[0.085s] Level 1:colcon.colcon_core.package_identification:_identify(src/px4_msgs) by extensions ['colcon_pkg']
[0.085s] Level 1:colcon.colcon_core.package_identification:_identify(src/px4_msgs) by extension 'colcon_pkg'
[0.085s] Level 1:colcon.colcon_core.package_identification:_identify(src/px4_msgs) by extensions ['colcon_meta']
[0.085s] Level 1:colcon.colcon_core.package_identification:_identify(src/px4_msgs) by extension 'colcon_meta'
[0.085s] Level 1:colcon.colcon_core.package_identification:_identify(src/px4_msgs) by extensions ['ros']
[0.085s] Level 1:colcon.colcon_core.package_identification:_identify(src/px4_msgs) by extension 'ros'
[0.086s] DEBUG:colcon.colcon_core.package_identification:Package 'src/px4_msgs' with type 'ros.ament_cmake' and name 'px4_msgs'
[0.086s] Level 1:colcon.colcon_core.package_identification:_identify(src/px4_ros_com) by extensions ['ignore', 'ignore_ament_install']
[0.086s] Level 1:colcon.colcon_core.package_identification:_identify(src/px4_ros_com) by extension 'ignore'
[0.086s] Level 1:colcon.colcon_core.package_identification:_identify(src/px4_ros_com) by extension 'ignore_ament_install'
[0.086s] Level 1:colcon.colcon_core.package_identification:_identify(src/px4_ros_com) by extensions ['colcon_pkg']
[0.086s] Level 1:colcon.colcon_core.package_identification:_identify(src/px4_ros_com) by extension 'colcon_pkg'
[0.086s] Level 1:colcon.colcon_core.package_identification:_identify(src/px4_ros_com) by extensions ['colcon_meta']
[0.086s] Level 1:colcon.colcon_core.package_identification:_identify(src/px4_ros_com) by extension 'colcon_meta'
[0.086s] Level 1:colcon.colcon_core.package_identification:_identify(src/px4_ros_com) by extensions ['ros']
[0.086s] Level 1:colcon.colcon_core.package_identification:_identify(src/px4_ros_com) by extension 'ros'
[0.086s] DEBUG:colcon.colcon_core.package_identification:Package 'src/px4_ros_com' with type 'ros.ament_cmake' and name 'px4_ros_com'
[0.086s] Level 1:colcon.colcon_core.package_identification:_identify(src/ros_gz) by extensions ['ignore', 'ignore_ament_install']
[0.086s] Level 1:colcon.colcon_core.package_identification:_identify(src/ros_gz) by extension 'ignore'
[0.086s] Level 1:colcon.colcon_core.package_identification:_identify(src/ros_gz) by extension 'ignore_ament_install'
[0.087s] Level 1:colcon.colcon_core.package_identification:_identify(src/ros_gz) by extensions ['colcon_pkg']
[0.087s] Level 1:colcon.colcon_core.package_identification:_identify(src/ros_gz) by extension 'colcon_pkg'
[0.087s] Level 1:colcon.colcon_core.package_identification:_identify(src/ros_gz) by extensions ['colcon_meta']
[0.087s] Level 1:colcon.colcon_core.package_identification:_identify(src/ros_gz) by extension 'colcon_meta'
[0.087s] Level 1:colcon.colcon_core.package_identification:_identify(src/ros_gz) by extensions ['ros']
[0.087s] Level 1:colcon.colcon_core.package_identification:_identify(src/ros_gz) by extension 'ros'
[0.087s] Level 1:colcon.colcon_core.package_identification:_identify(src/ros_gz) by extensions ['cmake', 'python']
[0.087s] Level 1:colcon.colcon_core.package_identification:_identify(src/ros_gz) by extension 'cmake'
[0.087s] Level 1:colcon.colcon_core.package_identification:_identify(src/ros_gz) by extension 'python'
[0.087s] Level 1:colcon.colcon_core.package_identification:_identify(src/ros_gz) by extensions ['python_setup_py']
[0.087s] Level 1:colcon.colcon_core.package_identification:_identify(src/ros_gz) by extension 'python_setup_py'
[0.087s] Level 1:colcon.colcon_core.package_discovery:discover_packages(recursive) using defaults
[0.087s] Level 1:colcon.colcon_core.package_discovery:discover_packages(ignore) discover
[0.087s] Level 1:colcon.colcon_core.package_discovery:discover_packages(ignore) using defaults
[0.087s] Level 1:colcon.colcon_core.package_discovery:discover_packages(path) discover
[0.087s] Level 1:colcon.colcon_core.package_discovery:discover_packages(path) using defaults
[0.097s] Level 1:colcon.colcon_core.package_discovery:discover_packages(prefix_path) check parameters
[0.097s] Level 1:colcon.colcon_core.package_discovery:discover_packages(prefix_path) discover
[0.098s] DEBUG:colcon.colcon_installed_package_information.package_discovery:Found 3 installed packages in /home/robmoemac/M-LADIS-sim/PX4 Aux/ws_sensor_combined/install
[0.099s] DEBUG:colcon.colcon_installed_package_information.package_discovery:Found 291 installed packages in /opt/ros/humble
[0.100s] Level 1:colcon.colcon_core.package_discovery:discover_packages(prefix_path) using defaults
[0.122s] Level 5:colcon.colcon_core.verb:set package 'px4_msgs' build argument 'cmake_args' from command line to 'None'
[0.122s] Level 5:colcon.colcon_core.verb:set package 'px4_msgs' build argument 'cmake_target' from command line to 'None'
[0.122s] Level 5:colcon.colcon_core.verb:set package 'px4_msgs' build argument 'cmake_target_skip_unavailable' from command line to 'False'
[0.123s] Level 5:colcon.colcon_core.verb:set package 'px4_msgs' build argument 'cmake_clean_cache' from command line to 'False'
[0.123s] Level 5:colcon.colcon_core.verb:set package 'px4_msgs' build argument 'cmake_clean_first' from command line to 'False'
[0.123s] Level 5:colcon.colcon_core.verb:set package 'px4_msgs' build argument 'cmake_force_configure' from command line to 'False'
[0.123s] Level 5:colcon.colcon_core.verb:set package 'px4_msgs' build argument 'ament_cmake_args' from command line to 'None'
[0.123s] Level 5:colcon.colcon_core.verb:set package 'px4_msgs' build argument 'catkin_cmake_args' from command line to 'None'
[0.123s] Level 5:colcon.colcon_core.verb:set package 'px4_msgs' build argument 'catkin_skip_building_tests' from command line to 'False'
[0.123s] DEBUG:colcon.colcon_core.verb:Building package 'px4_msgs' with the following arguments: {'ament_cmake_args': None, 'build_base': '/home/robmoemac/M-LADIS-sim/PX4 Aux/ws_sensor_combined/build/px4_msgs', 'catkin_cmake_args': None, 'catkin_skip_building_tests': False, 'cmake_args': None, 'cmake_clean_cache': False, 'cmake_clean_first': False, 'cmake_force_configure': False, 'cmake_target': None, 'cmake_target_skip_unavailable': False, 'install_base': '/home/robmoemac/M-LADIS-sim/PX4 Aux/ws_sensor_combined/install/px4_msgs', 'merge_install': False, 'path': '/home/robmoemac/M-LADIS-sim/PX4 Aux/ws_sensor_combined/src/px4_msgs', 'symlink_install': False, 'test_result_base': None}
[0.123s] Level 5:colcon.colcon_core.verb:set package 'ros' build argument 'cmake_args' from command line to 'None'
[0.123s] Level 5:colcon.colcon_core.verb:set package 'ros' build argument 'cmake_target' from command line to 'None'
[0.123s] Level 5:colcon.colcon_core.verb:set package 'ros' build argument 'cmake_target_skip_unavailable' from command line to 'False'
[0.123s] Level 5:colcon.colcon_core.verb:set package 'ros' build argument 'cmake_clean_cache' from command line to 'False'
[0.123s] Level 5:colcon.colcon_core.verb:set package 'ros' build argument 'cmake_clean_first' from command line to 'False'
[0.123s] Level 5:colcon.colcon_core.verb:set package 'ros' build argument 'cmake_force_configure' from command line to 'False'
[0.123s] Level 5:colcon.colcon_core.verb:set package 'ros' build argument 'ament_cmake_args' from command line to 'None'
[0.123s] Level 5:colcon.colcon_core.verb:set package 'ros' build argument 'catkin_cmake_args' from command line to 'None'
[0.123s] Level 5:colcon.colcon_core.verb:set package 'ros' build argument 'catkin_skip_building_tests' from command line to 'False'
[0.123s] DEBUG:colcon.colcon_core.verb:Building package 'ros' with the following arguments: {'ament_cmake_args': None, 'build_base': '/home/robmoemac/M-LADIS-sim/PX4 Aux/ws_sensor_combined/build/ros', 'catkin_cmake_args': None, 'catkin_skip_building_tests': False, 'cmake_args': None, 'cmake_clean_cache': False, 'cmake_clean_first': False, 'cmake_force_configure': False, 'cmake_target': None, 'cmake_target_skip_unavailable': False, 'install_base': '/home/robmoemac/M-LADIS-sim/PX4 Aux/ws_sensor_combined/install/ros', 'merge_install': False, 'path': '/home/robmoemac/M-LADIS-sim/PX4 Aux/ws_sensor_combined/ros', 'symlink_install': False, 'test_result_base': None}
[0.123s] Level 5:colcon.colcon_core.verb:set package 'px4_ros_com' build argument 'cmake_args' from command line to 'None'
[0.123s] Level 5:colcon.colcon_core.verb:set package 'px4_ros_com' build argument 'cmake_target' from command line to 'None'
[0.123s] Level 5:colcon.colcon_core.verb:set package 'px4_ros_com' build argument 'cmake_target_skip_unavailable' from command line to 'False'
[0.123s] Level 5:colcon.colcon_core.verb:set package 'px4_ros_com' build argument 'cmake_clean_cache' from command line to 'False'
[0.123s] Level 5:colcon.colcon_core.verb:set package 'px4_ros_com' build argument 'cmake_clean_first' from command line to 'False'
[0.123s] Level 5:colcon.colcon_core.verb:set package 'px4_ros_com' build argument 'cmake_force_configure' from command line to 'False'
[0.123s] Level 5:colcon.colcon_core.verb:set package 'px4_ros_com' build argument 'ament_cmake_args' from command line to 'None'
[0.123s] Level 5:colcon.colcon_core.verb:set package 'px4_ros_com' build argument 'catkin_cmake_args' from command line to 'None'
[0.123s] Level 5:colcon.colcon_core.verb:set package 'px4_ros_com' build argument 'catkin_skip_building_tests' from command line to 'False'
[0.123s] DEBUG:colcon.colcon_core.verb:Building package 'px4_ros_com' with the following arguments: {'ament_cmake_args': None, 'build_base': '/home/robmoemac/M-LADIS-sim/PX4 Aux/ws_sensor_combined/build/px4_ros_com', 'catkin_cmake_args': None, 'catkin_skip_building_tests': False, 'cmake_args': None, 'cmake_clean_cache': False, 'cmake_clean_first': False, 'cmake_force_configure': False, 'cmake_target': None, 'cmake_target_skip_unavailable': False, 'install_base': '/home/robmoemac/M-LADIS-sim/PX4 Aux/ws_sensor_combined/install/px4_ros_com', 'merge_install': False, 'path': '/home/robmoemac/M-LADIS-sim/PX4 Aux/ws_sensor_combined/src/px4_ros_com', 'symlink_install': False, 'test_result_base': None}
[0.123s] INFO:colcon.colcon_core.executor:Executing jobs using 'parallel' executor
[0.124s] DEBUG:colcon.colcon_parallel_executor.executor.parallel:run_until_complete
[0.124s] INFO:colcon.colcon_ros.task.ament_cmake.build:Building ROS package in '/home/robmoemac/M-LADIS-sim/PX4 Aux/ws_sensor_combined/src/px4_msgs' with build type 'ament_cmake'
[0.124s] INFO:colcon.colcon_cmake.task.cmake.build:Building CMake package in '/home/robmoemac/M-LADIS-sim/PX4 Aux/ws_sensor_combined/src/px4_msgs'
[0.126s] INFO:colcon.colcon_core.plugin_system:Skipping extension 'colcon_core.shell.bat': Not used on non-Windows systems
[0.126s] INFO:colcon.colcon_core.shell:Skip shell extension 'powershell' for command environment: Not usable outside of PowerShell
[0.126s] DEBUG:colcon.colcon_core.shell:Skip shell extension 'dsv' for command environment
[0.128s] INFO:colcon.colcon_ros.task.ament_cmake.build:Building ROS package in '/home/robmoemac/M-LADIS-sim/PX4 Aux/ws_sensor_combined/ros' with build type 'ament_cmake'
[0.128s] INFO:colcon.colcon_cmake.task.cmake.build:Building CMake package in '/home/robmoemac/M-LADIS-sim/PX4 Aux/ws_sensor_combined/ros'
[0.128s] INFO:colcon.colcon_core.shell:Skip shell extension 'powershell' for command environment: Not usable outside of PowerShell
[0.128s] DEBUG:colcon.colcon_core.shell:Skip shell extension 'dsv' for command environment
[0.133s] DEBUG:colcon.colcon_core.event_handler.log_command:Invoking command in '/home/robmoemac/M-LADIS-sim/PX4 Aux/ws_sensor_combined/build/px4_msgs': CMAKE_PREFIX_PATH=${CMAKE_PREFIX_PATH}:/opt/ros/humble /usr/bin/cmake --build /home/robmoemac/M-LADIS-sim/PX4 Aux/ws_sensor_combined/build/px4_msgs -- -j32 -l32
[0.135s] DEBUG:colcon.colcon_core.event_handler.log_command:Invoking command in '/home/robmoemac/M-LADIS-sim/PX4 Aux/ws_sensor_combined/build/ros': CMAKE_PREFIX_PATH=${CMAKE_PREFIX_PATH}:/opt/ros/humble /usr/bin/cmake --build /home/robmoemac/M-LADIS-sim/PX4 Aux/ws_sensor_combined/build/ros -- -j32 -l32
[0.166s] DEBUG:colcon.colcon_core.event_handler.log_command:Invoked command in '/home/robmoemac/M-LADIS-sim/PX4 Aux/ws_sensor_combined/build/ros' returned '0': CMAKE_PREFIX_PATH=${CMAKE_PREFIX_PATH}:/opt/ros/humble /usr/bin/cmake --build /home/robmoemac/M-LADIS-sim/PX4 Aux/ws_sensor_combined/build/ros -- -j32 -l32
[0.190s] DEBUG:colcon.colcon_core.event_handler.log_command:Invoking command in '/home/robmoemac/M-LADIS-sim/PX4 Aux/ws_sensor_combined/build/ros': CMAKE_PREFIX_PATH=${CMAKE_PREFIX_PATH}:/opt/ros/humble /usr/bin/cmake --install /home/robmoemac/M-LADIS-sim/PX4 Aux/ws_sensor_combined/build/ros
[0.198s] Level 1:colcon.colcon_core.environment:create_environment_scripts_only(ros)
[0.198s] DEBUG:colcon.colcon_core.event_handler.log_command:Invoked command in '/home/robmoemac/M-LADIS-sim/PX4 Aux/ws_sensor_combined/build/ros' returned '0': CMAKE_PREFIX_PATH=${CMAKE_PREFIX_PATH}:/opt/ros/humble /usr/bin/cmake --install /home/robmoemac/M-LADIS-sim/PX4 Aux/ws_sensor_combined/build/ros
[0.199s] Level 1:colcon.colcon_core.environment:checking '/home/robmoemac/M-LADIS-sim/PX4 Aux/ws_sensor_combined/install/ros' for CMake module files
[0.200s] Level 1:colcon.colcon_core.environment:checking '/home/robmoemac/M-LADIS-sim/PX4 Aux/ws_sensor_combined/install/ros' for CMake config files
[0.200s] Level 1:colcon.colcon_core.shell:create_environment_hook('ros', 'cmake_prefix_path')
[0.200s] INFO:colcon.colcon_core.shell:Creating environment hook '/home/robmoemac/M-LADIS-sim/PX4 Aux/ws_sensor_combined/install/ros/share/ros/hook/cmake_prefix_path.ps1'
[0.205s] INFO:colcon.colcon_core.shell:Creating environment descriptor '/home/robmoemac/M-LADIS-sim/PX4 Aux/ws_sensor_combined/install/ros/share/ros/hook/cmake_prefix_path.dsv'
[0.209s] INFO:colcon.colcon_core.shell:Creating environment hook '/home/robmoemac/M-LADIS-sim/PX4 Aux/ws_sensor_combined/install/ros/share/ros/hook/cmake_prefix_path.sh'
[0.214s] Level 1:colcon.colcon_core.environment:checking '/home/robmoemac/M-LADIS-sim/PX4 Aux/ws_sensor_combined/install/ros/bin'
[0.214s] Level 1:colcon.colcon_core.environment:checking '/home/robmoemac/M-LADIS-sim/PX4 Aux/ws_sensor_combined/install/ros/lib/pkgconfig/ros.pc'
[0.214s] Level 1:colcon.colcon_core.environment:checking '/home/robmoemac/M-LADIS-sim/PX4 Aux/ws_sensor_combined/install/ros/lib/python3.10/site-packages'
[0.214s] Level 1:colcon.colcon_core.environment:checking '/home/robmoemac/M-LADIS-sim/PX4 Aux/ws_sensor_combined/install/ros/bin'
[0.215s] INFO:colcon.colcon_core.shell:Creating package script '/home/robmoemac/M-LADIS-sim/PX4 Aux/ws_sensor_combined/install/ros/share/ros/package.ps1'
[0.219s] INFO:colcon.colcon_core.shell:Creating package descriptor '/home/robmoemac/M-LADIS-sim/PX4 Aux/ws_sensor_combined/install/ros/share/ros/package.dsv'
[0.224s] INFO:colcon.colcon_core.shell:Creating package script '/home/robmoemac/M-LADIS-sim/PX4 Aux/ws_sensor_combined/install/ros/share/ros/package.sh'
[0.229s] INFO:colcon.colcon_core.shell:Creating package script '/home/robmoemac/M-LADIS-sim/PX4 Aux/ws_sensor_combined/install/ros/share/ros/package.bash'
[0.233s] INFO:colcon.colcon_core.shell:Creating package script '/home/robmoemac/M-LADIS-sim/PX4 Aux/ws_sensor_combined/install/ros/share/ros/package.zsh'
[0.238s] Level 1:colcon.colcon_core.environment:create_file_with_runtime_dependencies(/home/robmoemac/M-LADIS-sim/PX4 Aux/ws_sensor_combined/install/ros/share/colcon-core/packages/ros)
[0.261s] Level 1:colcon.colcon_core.environment:create_environment_scripts_only(ros)
[0.261s] Level 1:colcon.colcon_core.environment:checking '/home/robmoemac/M-LADIS-sim/PX4 Aux/ws_sensor_combined/install/ros' for CMake module files
[0.261s] Level 1:colcon.colcon_core.environment:checking '/home/robmoemac/M-LADIS-sim/PX4 Aux/ws_sensor_combined/install/ros' for CMake config files
[0.261s] Level 1:colcon.colcon_core.shell:create_environment_hook('ros', 'cmake_prefix_path')
[0.261s] INFO:colcon.colcon_core.shell:Creating environment hook '/home/robmoemac/M-LADIS-sim/PX4 Aux/ws_sensor_combined/install/ros/share/ros/hook/cmake_prefix_path.ps1'
[0.261s] INFO:colcon.colcon_core.shell:Creating environment descriptor '/home/robmoemac/M-LADIS-sim/PX4 Aux/ws_sensor_combined/install/ros/share/ros/hook/cmake_prefix_path.dsv'
[0.262s] INFO:colcon.colcon_core.shell:Creating environment hook '/home/robmoemac/M-LADIS-sim/PX4 Aux/ws_sensor_combined/install/ros/share/ros/hook/cmake_prefix_path.sh'
[0.262s] Level 1:colcon.colcon_core.environment:checking '/home/robmoemac/M-LADIS-sim/PX4 Aux/ws_sensor_combined/install/ros/bin'
[0.262s] Level 1:colcon.colcon_core.environment:checking '/home/robmoemac/M-LADIS-sim/PX4 Aux/ws_sensor_combined/install/ros/lib/pkgconfig/ros.pc'
[0.262s] Level 1:colcon.colcon_core.environment:checking '/home/robmoemac/M-LADIS-sim/PX4 Aux/ws_sensor_combined/install/ros/lib/python3.10/site-packages'
[0.262s] Level 1:colcon.colcon_core.environment:checking '/home/robmoemac/M-LADIS-sim/PX4 Aux/ws_sensor_combined/install/ros/bin'
[0.262s] INFO:colcon.colcon_core.shell:Creating package script '/home/robmoemac/M-LADIS-sim/PX4 Aux/ws_sensor_combined/install/ros/share/ros/package.ps1'
[0.263s] INFO:colcon.colcon_core.shell:Creating package descriptor '/home/robmoemac/M-LADIS-sim/PX4 Aux/ws_sensor_combined/install/ros/share/ros/package.dsv'
[0.263s] INFO:colcon.colcon_core.shell:Creating package script '/home/robmoemac/M-LADIS-sim/PX4 Aux/ws_sensor_combined/install/ros/share/ros/package.sh'
[0.263s] INFO:colcon.colcon_core.shell:Creating package script '/home/robmoemac/M-LADIS-sim/PX4 Aux/ws_sensor_combined/install/ros/share/ros/package.bash'
[0.263s] INFO:colcon.colcon_core.shell:Creating package script '/home/robmoemac/M-LADIS-sim/PX4 Aux/ws_sensor_combined/install/ros/share/ros/package.zsh'
[0.264s] Level 1:colcon.colcon_core.environment:create_file_with_runtime_dependencies(/home/robmoemac/M-LADIS-sim/PX4 Aux/ws_sensor_combined/install/ros/share/colcon-core/packages/ros)
[0.591s] DEBUG:colcon.colcon_core.event_handler.log_command:Invoked command in '/home/robmoemac/M-LADIS-sim/PX4 Aux/ws_sensor_combined/build/px4_msgs' returned '0': CMAKE_PREFIX_PATH=${CMAKE_PREFIX_PATH}:/opt/ros/humble /usr/bin/cmake --build /home/robmoemac/M-LADIS-sim/PX4 Aux/ws_sensor_combined/build/px4_msgs -- -j32 -l32
[3.126s] DEBUG:colcon.colcon_core.event_handler.log_command:Invoking command in '/home/robmoemac/M-LADIS-sim/PX4 Aux/ws_sensor_combined/build/px4_msgs': CMAKE_PREFIX_PATH=${CMAKE_PREFIX_PATH}:/opt/ros/humble /usr/bin/cmake --install /home/robmoemac/M-LADIS-sim/PX4 Aux/ws_sensor_combined/build/px4_msgs
[3.332s] Level 1:colcon.colcon_core.environment:create_environment_scripts_only(px4_msgs)
[3.332s] Level 1:colcon.colcon_core.environment:checking '/home/robmoemac/M-LADIS-sim/PX4 Aux/ws_sensor_combined/install/px4_msgs' for CMake module files
[3.332s] DEBUG:colcon.colcon_core.event_handler.log_command:Invoked command in '/home/robmoemac/M-LADIS-sim/PX4 Aux/ws_sensor_combined/build/px4_msgs' returned '0': CMAKE_PREFIX_PATH=${CMAKE_PREFIX_PATH}:/opt/ros/humble /usr/bin/cmake --install /home/robmoemac/M-LADIS-sim/PX4 Aux/ws_sensor_combined/build/px4_msgs
[3.333s] Level 1:colcon.colcon_core.environment:checking '/home/robmoemac/M-LADIS-sim/PX4 Aux/ws_sensor_combined/install/px4_msgs' for CMake config files
[3.335s] Level 1:colcon.colcon_core.shell:create_environment_hook('px4_msgs', 'cmake_prefix_path')
[3.335s] INFO:colcon.colcon_core.shell:Creating environment hook '/home/robmoemac/M-LADIS-sim/PX4 Aux/ws_sensor_combined/install/px4_msgs/share/px4_msgs/hook/cmake_prefix_path.ps1'
[3.339s] INFO:colcon.colcon_core.shell:Creating environment descriptor '/home/robmoemac/M-LADIS-sim/PX4 Aux/ws_sensor_combined/install/px4_msgs/share/px4_msgs/hook/cmake_prefix_path.dsv'
[3.343s] INFO:colcon.colcon_core.shell:Creating environment hook '/home/robmoemac/M-LADIS-sim/PX4 Aux/ws_sensor_combined/install/px4_msgs/share/px4_msgs/hook/cmake_prefix_path.sh'
[3.347s] Level 1:colcon.colcon_core.environment:checking '/home/robmoemac/M-LADIS-sim/PX4 Aux/ws_sensor_combined/install/px4_msgs/lib'
[3.347s] Level 1:colcon.colcon_core.shell:create_environment_hook('px4_msgs', 'ld_library_path_lib')
[3.347s] INFO:colcon.colcon_core.shell:Creating environment hook '/home/robmoemac/M-LADIS-sim/PX4 Aux/ws_sensor_combined/install/px4_msgs/share/px4_msgs/hook/ld_library_path_lib.ps1'
[3.351s] INFO:colcon.colcon_core.shell:Creating environment descriptor '/home/robmoemac/M-LADIS-sim/PX4 Aux/ws_sensor_combined/install/px4_msgs/share/px4_msgs/hook/ld_library_path_lib.dsv'
[3.355s] INFO:colcon.colcon_core.shell:Creating environment hook '/home/robmoemac/M-LADIS-sim/PX4 Aux/ws_sensor_combined/install/px4_msgs/share/px4_msgs/hook/ld_library_path_lib.sh'
[3.359s] Level 1:colcon.colcon_core.environment:checking '/home/robmoemac/M-LADIS-sim/PX4 Aux/ws_sensor_combined/install/px4_msgs/bin'
[3.360s] Level 1:colcon.colcon_core.environment:checking '/home/robmoemac/M-LADIS-sim/PX4 Aux/ws_sensor_combined/install/px4_msgs/lib/pkgconfig/px4_msgs.pc'
[3.360s] Level 1:colcon.colcon_core.environment:checking '/home/robmoemac/M-LADIS-sim/PX4 Aux/ws_sensor_combined/install/px4_msgs/lib/python3.10/site-packages'
[3.360s] Level 1:colcon.colcon_core.environment:checking '/home/robmoemac/M-LADIS-sim/PX4 Aux/ws_sensor_combined/install/px4_msgs/bin'
[3.360s] INFO:colcon.colcon_core.shell:Creating package script '/home/robmoemac/M-LADIS-sim/PX4 Aux/ws_sensor_combined/install/px4_msgs/share/px4_msgs/package.ps1'
[3.364s] INFO:colcon.colcon_core.shell:Creating package descriptor '/home/robmoemac/M-LADIS-sim/PX4 Aux/ws_sensor_combined/install/px4_msgs/share/px4_msgs/package.dsv'
[3.368s] INFO:colcon.colcon_core.shell:Creating package script '/home/robmoemac/M-LADIS-sim/PX4 Aux/ws_sensor_combined/install/px4_msgs/share/px4_msgs/package.sh'
[3.372s] INFO:colcon.colcon_core.shell:Creating package script '/home/robmoemac/M-LADIS-sim/PX4 Aux/ws_sensor_combined/install/px4_msgs/share/px4_msgs/package.bash'
[3.376s] INFO:colcon.colcon_core.shell:Creating package script '/home/robmoemac/M-LADIS-sim/PX4 Aux/ws_sensor_combined/install/px4_msgs/share/px4_msgs/package.zsh'
[3.380s] Level 1:colcon.colcon_core.environment:create_file_with_runtime_dependencies(/home/robmoemac/M-LADIS-sim/PX4 Aux/ws_sensor_combined/install/px4_msgs/share/colcon-core/packages/px4_msgs)
[6.051s] Level 1:colcon.colcon_core.environment:create_environment_scripts_only(px4_msgs)
[6.051s] Level 1:colcon.colcon_core.environment:checking '/home/robmoemac/M-LADIS-sim/PX4 Aux/ws_sensor_combined/install/px4_msgs' for CMake module files
[6.051s] Level 1:colcon.colcon_core.environment:checking '/home/robmoemac/M-LADIS-sim/PX4 Aux/ws_sensor_combined/install/px4_msgs' for CMake config files
[6.053s] Level 1:colcon.colcon_core.shell:create_environment_hook('px4_msgs', 'cmake_prefix_path')
[6.053s] INFO:colcon.colcon_core.shell:Creating environment hook '/home/robmoemac/M-LADIS-sim/PX4 Aux/ws_sensor_combined/install/px4_msgs/share/px4_msgs/hook/cmake_prefix_path.ps1'
[6.057s] INFO:colcon.colcon_core.shell:Creating environment descriptor '/home/robmoemac/M-LADIS-sim/PX4 Aux/ws_sensor_combined/install/px4_msgs/share/px4_msgs/hook/cmake_prefix_path.dsv'
[6.061s] INFO:colcon.colcon_core.shell:Creating environment hook '/home/robmoemac/M-LADIS-sim/PX4 Aux/ws_sensor_combined/install/px4_msgs/share/px4_msgs/hook/cmake_prefix_path.sh'
[6.065s] Level 1:colcon.colcon_core.environment:checking '/home/robmoemac/M-LADIS-sim/PX4 Aux/ws_sensor_combined/install/px4_msgs/lib'
[6.065s] Level 1:colcon.colcon_core.shell:create_environment_hook('px4_msgs', 'ld_library_path_lib')
[6.065s] INFO:colcon.colcon_core.shell:Creating environment hook '/home/robmoemac/M-LADIS-sim/PX4 Aux/ws_sensor_combined/install/px4_msgs/share/px4_msgs/hook/ld_library_path_lib.ps1'
[6.069s] INFO:colcon.colcon_core.shell:Creating environment descriptor '/home/robmoemac/M-LADIS-sim/PX4 Aux/ws_sensor_combined/install/px4_msgs/share/px4_msgs/hook/ld_library_path_lib.dsv'
[6.073s] INFO:colcon.colcon_core.shell:Creating environment hook '/home/robmoemac/M-LADIS-sim/PX4 Aux/ws_sensor_combined/install/px4_msgs/share/px4_msgs/hook/ld_library_path_lib.sh'
[6.077s] Level 1:colcon.colcon_core.environment:checking '/home/robmoemac/M-LADIS-sim/PX4 Aux/ws_sensor_combined/install/px4_msgs/bin'
[6.077s] Level 1:colcon.colcon_core.environment:checking '/home/robmoemac/M-LADIS-sim/PX4 Aux/ws_sensor_combined/install/px4_msgs/lib/pkgconfig/px4_msgs.pc'
[6.077s] Level 1:colcon.colcon_core.environment:checking '/home/robmoemac/M-LADIS-sim/PX4 Aux/ws_sensor_combined/install/px4_msgs/lib/python3.10/site-packages'
[6.078s] Level 1:colcon.colcon_core.environment:checking '/home/robmoemac/M-LADIS-sim/PX4 Aux/ws_sensor_combined/install/px4_msgs/bin'
[6.078s] INFO:colcon.colcon_core.shell:Creating package script '/home/robmoemac/M-LADIS-sim/PX4 Aux/ws_sensor_combined/install/px4_msgs/share/px4_msgs/package.ps1'
[6.082s] INFO:colcon.colcon_core.shell:Creating package descriptor '/home/robmoemac/M-LADIS-sim/PX4 Aux/ws_sensor_combined/install/px4_msgs/share/px4_msgs/package.dsv'
[6.086s] INFO:colcon.colcon_core.shell:Creating package script '/home/robmoemac/M-LADIS-sim/PX4 Aux/ws_sensor_combined/install/px4_msgs/share/px4_msgs/package.sh'
[6.090s] INFO:colcon.colcon_core.shell:Creating package script '/home/robmoemac/M-LADIS-sim/PX4 Aux/ws_sensor_combined/install/px4_msgs/share/px4_msgs/package.bash'
[6.094s] INFO:colcon.colcon_core.shell:Creating package script '/home/robmoemac/M-LADIS-sim/PX4 Aux/ws_sensor_combined/install/px4_msgs/share/px4_msgs/package.zsh'
[6.098s] Level 1:colcon.colcon_core.environment:create_file_with_runtime_dependencies(/home/robmoemac/M-LADIS-sim/PX4 Aux/ws_sensor_combined/install/px4_msgs/share/colcon-core/packages/px4_msgs)
[6.102s] INFO:colcon.colcon_ros.task.ament_cmake.build:Building ROS package in '/home/robmoemac/M-LADIS-sim/PX4 Aux/ws_sensor_combined/src/px4_ros_com' with build type 'ament_cmake'
[6.102s] INFO:colcon.colcon_cmake.task.cmake.build:Building CMake package in '/home/robmoemac/M-LADIS-sim/PX4 Aux/ws_sensor_combined/src/px4_ros_com'
[6.102s] INFO:colcon.colcon_core.shell:Skip shell extension 'powershell' for command environment: Not usable outside of PowerShell
[6.102s] DEBUG:colcon.colcon_core.shell:Skip shell extension 'dsv' for command environment
[6.122s] DEBUG:colcon.colcon_core.event_handler.log_command:Invoking command in '/home/robmoemac/M-LADIS-sim/PX4 Aux/ws_sensor_combined/build/px4_ros_com': CMAKE_PREFIX_PATH=/home/robmoemac/M-LADIS-sim/PX4 Aux/ws_sensor_combined/install/px4_msgs:/home/robmoemac/M-LADIS-sim/PX4 Aux/ws_sensor_combined/install/ros:/home/robmoemac/M-LADIS-sim/PX4 Aux/ws_sensor_combined/install/px4_ros_com:/opt/ros/humble /usr/bin/cmake --build /home/robmoemac/M-LADIS-sim/PX4 Aux/ws_sensor_combined/build/px4_ros_com -- -j32 -l32
[16.347s] DEBUG:colcon.colcon_core.event_handler.log_command:Invoked command in '/home/robmoemac/M-LADIS-sim/PX4 Aux/ws_sensor_combined/build/px4_ros_com' returned '0': CMAKE_PREFIX_PATH=/home/robmoemac/M-LADIS-sim/PX4 Aux/ws_sensor_combined/install/px4_msgs:/home/robmoemac/M-LADIS-sim/PX4 Aux/ws_sensor_combined/install/ros:/home/robmoemac/M-LADIS-sim/PX4 Aux/ws_sensor_combined/install/px4_ros_com:/opt/ros/humble /usr/bin/cmake --build /home/robmoemac/M-LADIS-sim/PX4 Aux/ws_sensor_combined/build/px4_ros_com -- -j32 -l32
[16.375s] DEBUG:colcon.colcon_core.event_handler.log_command:Invoking command in '/home/robmoemac/M-LADIS-sim/PX4 Aux/ws_sensor_combined/build/px4_ros_com': CMAKE_PREFIX_PATH=/home/robmoemac/M-LADIS-sim/PX4 Aux/ws_sensor_combined/install/px4_msgs:/home/robmoemac/M-LADIS-sim/PX4 Aux/ws_sensor_combined/install/ros:/home/robmoemac/M-LADIS-sim/PX4 Aux/ws_sensor_combined/install/px4_ros_com:/opt/ros/humble /usr/bin/cmake --install /home/robmoemac/M-LADIS-sim/PX4 Aux/ws_sensor_combined/build/px4_ros_com
[16.391s] Level 1:colcon.colcon_core.environment:create_environment_scripts_only(px4_ros_com)
[16.392s] Level 1:colcon.colcon_core.environment:checking '/home/robmoemac/M-LADIS-sim/PX4 Aux/ws_sensor_combined/install/px4_ros_com' for CMake module files
[16.392s] DEBUG:colcon.colcon_core.event_handler.log_command:Invoked command in '/home/robmoemac/M-LADIS-sim/PX4 Aux/ws_sensor_combined/build/px4_ros_com' returned '0': CMAKE_PREFIX_PATH=/home/robmoemac/M-LADIS-sim/PX4 Aux/ws_sensor_combined/install/px4_msgs:/home/robmoemac/M-LADIS-sim/PX4 Aux/ws_sensor_combined/install/ros:/home/robmoemac/M-LADIS-sim/PX4 Aux/ws_sensor_combined/install/px4_ros_com:/opt/ros/humble /usr/bin/cmake --install /home/robmoemac/M-LADIS-sim/PX4 Aux/ws_sensor_combined/build/px4_ros_com
[16.392s] Level 1:colcon.colcon_core.environment:checking '/home/robmoemac/M-LADIS-sim/PX4 Aux/ws_sensor_combined/install/px4_ros_com' for CMake config files
[16.392s] Level 1:colcon.colcon_core.shell:create_environment_hook('px4_ros_com', 'cmake_prefix_path')
[16.392s] INFO:colcon.colcon_core.shell:Creating environment hook '/home/robmoemac/M-LADIS-sim/PX4 Aux/ws_sensor_combined/install/px4_ros_com/share/px4_ros_com/hook/cmake_prefix_path.ps1'
[16.396s] INFO:colcon.colcon_core.shell:Creating environment descriptor '/home/robmoemac/M-LADIS-sim/PX4 Aux/ws_sensor_combined/install/px4_ros_com/share/px4_ros_com/hook/cmake_prefix_path.dsv'
[16.400s] INFO:colcon.colcon_core.shell:Creating environment hook '/home/robmoemac/M-LADIS-sim/PX4 Aux/ws_sensor_combined/install/px4_ros_com/share/px4_ros_com/hook/cmake_prefix_path.sh'
[16.404s] Level 1:colcon.colcon_core.environment:checking '/home/robmoemac/M-LADIS-sim/PX4 Aux/ws_sensor_combined/install/px4_ros_com/lib'
[16.405s] Level 1:colcon.colcon_core.environment:checking '/home/robmoemac/M-LADIS-sim/PX4 Aux/ws_sensor_combined/install/px4_ros_com/bin'
[16.405s] Level 1:colcon.colcon_core.environment:checking '/home/robmoemac/M-LADIS-sim/PX4 Aux/ws_sensor_combined/install/px4_ros_com/lib/pkgconfig/px4_ros_com.pc'
[16.405s] Level 1:colcon.colcon_core.environment:checking '/home/robmoemac/M-LADIS-sim/PX4 Aux/ws_sensor_combined/install/px4_ros_com/lib/python3.10/site-packages'
[16.405s] Level 1:colcon.colcon_core.environment:checking '/home/robmoemac/M-LADIS-sim/PX4 Aux/ws_sensor_combined/install/px4_ros_com/bin'
[16.405s] INFO:colcon.colcon_core.shell:Creating package script '/home/robmoemac/M-LADIS-sim/PX4 Aux/ws_sensor_combined/install/px4_ros_com/share/px4_ros_com/package.ps1'
[16.409s] INFO:colcon.colcon_core.shell:Creating package descriptor '/home/robmoemac/M-LADIS-sim/PX4 Aux/ws_sensor_combined/install/px4_ros_com/share/px4_ros_com/package.dsv'
[16.413s] INFO:colcon.colcon_core.shell:Creating package script '/home/robmoemac/M-LADIS-sim/PX4 Aux/ws_sensor_combined/install/px4_ros_com/share/px4_ros_com/package.sh'
[16.417s] INFO:colcon.colcon_core.shell:Creating package script '/home/robmoemac/M-LADIS-sim/PX4 Aux/ws_sensor_combined/install/px4_ros_com/share/px4_ros_com/package.bash'
[16.421s] INFO:colcon.colcon_core.shell:Creating package script '/home/robmoemac/M-LADIS-sim/PX4 Aux/ws_sensor_combined/install/px4_ros_com/share/px4_ros_com/package.zsh'
[16.425s] Level 1:colcon.colcon_core.environment:create_file_with_runtime_dependencies(/home/robmoemac/M-LADIS-sim/PX4 Aux/ws_sensor_combined/install/px4_ros_com/share/colcon-core/packages/px4_ros_com)
[16.462s] Level 1:colcon.colcon_core.environment:create_environment_scripts_only(px4_ros_com)
[16.462s] Level 1:colcon.colcon_core.environment:checking '/home/robmoemac/M-LADIS-sim/PX4 Aux/ws_sensor_combined/install/px4_ros_com' for CMake module files
[16.463s] Level 1:colcon.colcon_core.environment:checking '/home/robmoemac/M-LADIS-sim/PX4 Aux/ws_sensor_combined/install/px4_ros_com' for CMake config files
[16.463s] Level 1:colcon.colcon_core.shell:create_environment_hook('px4_ros_com', 'cmake_prefix_path')
[16.463s] INFO:colcon.colcon_core.shell:Creating environment hook '/home/robmoemac/M-LADIS-sim/PX4 Aux/ws_sensor_combined/install/px4_ros_com/share/px4_ros_com/hook/cmake_prefix_path.ps1'
[16.467s] INFO:colcon.colcon_core.shell:Creating environment descriptor '/home/robmoemac/M-LADIS-sim/PX4 Aux/ws_sensor_combined/install/px4_ros_com/share/px4_ros_com/hook/cmake_prefix_path.dsv'
[16.471s] INFO:colcon.colcon_core.shell:Creating environment hook '/home/robmoemac/M-LADIS-sim/PX4 Aux/ws_sensor_combined/install/px4_ros_com/share/px4_ros_com/hook/cmake_prefix_path.sh'
[16.475s] Level 1:colcon.colcon_core.environment:checking '/home/robmoemac/M-LADIS-sim/PX4 Aux/ws_sensor_combined/install/px4_ros_com/lib'
[16.475s] Level 1:colcon.colcon_core.environment:checking '/home/robmoemac/M-LADIS-sim/PX4 Aux/ws_sensor_combined/install/px4_ros_com/bin'
[16.475s] Level 1:colcon.colcon_core.environment:checking '/home/robmoemac/M-LADIS-sim/PX4 Aux/ws_sensor_combined/install/px4_ros_com/lib/pkgconfig/px4_ros_com.pc'
[16.475s] Level 1:colcon.colcon_core.environment:checking '/home/robmoemac/M-LADIS-sim/PX4 Aux/ws_sensor_combined/install/px4_ros_com/lib/python3.10/site-packages'
[16.475s] Level 1:colcon.colcon_core.environment:checking '/home/robmoemac/M-LADIS-sim/PX4 Aux/ws_sensor_combined/install/px4_ros_com/bin'
[16.475s] INFO:colcon.colcon_core.shell:Creating package script '/home/robmoemac/M-LADIS-sim/PX4 Aux/ws_sensor_combined/install/px4_ros_com/share/px4_ros_com/package.ps1'
[16.479s] INFO:colcon.colcon_core.shell:Creating package descriptor '/home/robmoemac/M-LADIS-sim/PX4 Aux/ws_sensor_combined/install/px4_ros_com/share/px4_ros_com/package.dsv'
[16.483s] INFO:colcon.colcon_core.shell:Creating package script '/home/robmoemac/M-LADIS-sim/PX4 Aux/ws_sensor_combined/install/px4_ros_com/share/px4_ros_com/package.sh'
[16.487s] INFO:colcon.colcon_core.shell:Creating package script '/home/robmoemac/M-LADIS-sim/PX4 Aux/ws_sensor_combined/install/px4_ros_com/share/px4_ros_com/package.bash'
[16.491s] INFO:colcon.colcon_core.shell:Creating package script '/home/robmoemac/M-LADIS-sim/PX4 Aux/ws_sensor_combined/install/px4_ros_com/share/px4_ros_com/package.zsh'
[16.495s] Level 1:colcon.colcon_core.environment:create_file_with_runtime_dependencies(/home/robmoemac/M-LADIS-sim/PX4 Aux/ws_sensor_combined/install/px4_ros_com/share/colcon-core/packages/px4_ros_com)
[16.499s] DEBUG:colcon.colcon_parallel_executor.executor.parallel:closing loop
[16.499s] DEBUG:colcon.colcon_parallel_executor.executor.parallel:loop closed
[16.499s] DEBUG:colcon.colcon_parallel_executor.executor.parallel:run_until_complete finished with '0'
[16.499s] DEBUG:colcon.colcon_core.event_reactor:joining thread
[16.504s] INFO:colcon.colcon_core.plugin_system:Skipping extension 'colcon_notification.desktop_notification.terminal_notifier': Not used on non-Darwin systems
[16.504s] INFO:colcon.colcon_core.plugin_system:Skipping extension 'colcon_notification.desktop_notification.win32': Not used on non-Windows systems
[16.504s] INFO:colcon.colcon_notification.desktop_notification:Sending desktop notification using 'notify2'
[16.515s] DEBUG:colcon.colcon_core.event_reactor:joined thread
[16.515s] INFO:colcon.colcon_core.shell:Creating prefix script '/home/robmoemac/M-LADIS-sim/PX4 Aux/ws_sensor_combined/install/local_setup.ps1'
[16.520s] INFO:colcon.colcon_core.shell:Creating prefix util module '/home/robmoemac/M-LADIS-sim/PX4 Aux/ws_sensor_combined/install/_local_setup_util_ps1.py'
[16.524s] INFO:colcon.colcon_core.shell:Creating prefix chain script '/home/robmoemac/M-LADIS-sim/PX4 Aux/ws_sensor_combined/install/setup.ps1'
[16.528s] INFO:colcon.colcon_core.shell:Creating prefix script '/home/robmoemac/M-LADIS-sim/PX4 Aux/ws_sensor_combined/install/local_setup.sh'
[16.532s] INFO:colcon.colcon_core.shell:Creating prefix util module '/home/robmoemac/M-LADIS-sim/PX4 Aux/ws_sensor_combined/install/_local_setup_util_sh.py'
[16.536s] INFO:colcon.colcon_core.shell:Creating prefix chain script '/home/robmoemac/M-LADIS-sim/PX4 Aux/ws_sensor_combined/install/setup.sh'
[16.540s] INFO:colcon.colcon_core.shell:Creating prefix script '/home/robmoemac/M-LADIS-sim/PX4 Aux/ws_sensor_combined/install/local_setup.bash'
[16.544s] INFO:colcon.colcon_core.shell:Creating prefix chain script '/home/robmoemac/M-LADIS-sim/PX4 Aux/ws_sensor_combined/install/setup.bash'
[16.549s] INFO:colcon.colcon_core.shell:Creating prefix script '/home/robmoemac/M-LADIS-sim/PX4 Aux/ws_sensor_combined/install/local_setup.zsh'
[16.553s] INFO:colcon.colcon_core.shell:Creating prefix chain script '/home/robmoemac/M-LADIS-sim/PX4 Aux/ws_sensor_combined/install/setup.zsh'
