[0.019s] Invoking command in '/home/robmoemac/M-LADIS-sim/PX4 Aux/ws_sensor_combined/build/velodyne_msgs': CMAKE_PREFIX_PATH=/opt/ros/humble /usr/bin/cmake /home/robmoemac/M-LADIS-sim/PX4 Aux/ws_sensor_combined/src/velodyne/velodyne_msgs -DCMAKE_INSTALL_PREFIX=/home/robmoemac/M-LADIS-sim/PX4 Aux/ws_sensor_combined/install/velodyne_msgs
[0.064s] -- The C compiler identification is GNU 11.4.0
[0.115s] -- The CXX compiler identification is GNU 11.4.0
[0.121s] -- Detecting C compiler ABI info
[0.177s] -- Detecting C compiler ABI info - done
[0.188s] -- Check for working C compiler: /usr/bin/cc - skipped
[0.188s] -- Detecting C compile features
[0.188s] -- Detecting C compile features - done
[0.191s] -- Detecting CXX compiler ABI info
[0.255s] -- Detecting CXX compiler ABI info - done
[0.261s] -- Check for working CXX compiler: /usr/bin/c++ - skipped
[0.261s] -- Detecting CXX compile features
[0.262s] -- Detecting CXX compile features - done
[0.264s] -- Found ament_cmake: 1.3.8 (/opt/ros/humble/share/ament_cmake/cmake)
[0.623s] -- Found Python3: /usr/bin/python3 (found version "3.10.12") found components: Interpreter 
[0.721s] -- Found builtin_interfaces: 1.2.1 (/opt/ros/humble/share/builtin_interfaces/cmake)
[0.757s] -- Found rosidl_generator_c: 3.1.5 (/opt/ros/humble/share/rosidl_generator_c/cmake)
[0.761s] -- Found rosidl_adapter: 3.1.5 (/opt/ros/humble/share/rosidl_adapter/cmake)
[0.768s] -- Found rosidl_generator_cpp: 3.1.5 (/opt/ros/humble/share/rosidl_generator_cpp/cmake)
[0.786s] -- Using all available rosidl_typesupport_c: rosidl_typesupport_fastrtps_c;rosidl_typesupport_introspection_c
[0.824s] -- Using all available rosidl_typesupport_cpp: rosidl_typesupport_fastrtps_cpp;rosidl_typesupport_introspection_cpp
[0.863s] -- Found rosidl_default_generators: 1.2.0 (/opt/ros/humble/share/rosidl_default_generators/cmake)
[0.877s] -- Found std_msgs: 4.2.3 (/opt/ros/humble/share/std_msgs/cmake)
[1.201s] -- Found ament_cmake_cppcheck: 0.12.10 (/opt/ros/humble/share/ament_cmake_cppcheck/cmake)
[1.204s] -- Found ament_cmake_cpplint: 0.12.10 (/opt/ros/humble/share/ament_cmake_cpplint/cmake)
[1.206s] -- Found ament_cmake_uncrustify: 0.12.10 (/opt/ros/humble/share/ament_cmake_uncrustify/cmake)
[1.209s] -- Found ament_cmake_ros: 0.10.0 (/opt/ros/humble/share/ament_cmake_ros/cmake)
[1.564s] -- Using all available rosidl_typesupport_c: rosidl_typesupport_fastrtps_c;rosidl_typesupport_introspection_c
[1.727s] -- Using all available rosidl_typesupport_cpp: rosidl_typesupport_fastrtps_cpp;rosidl_typesupport_introspection_cpp
[1.757s] -- Found PythonInterp: /usr/bin/python3 (found suitable version "3.10.12", minimum required is "3.6") 
[1.758s] -- Found python_cmake_module: 0.10.0 (/opt/ros/humble/share/python_cmake_module/cmake)
[1.784s] -- Found PythonLibs: /usr/lib/x86_64-linux-gnu/libpython3.10.so (found suitable version "3.10.12", minimum required is "3.5") 
[1.784s] -- Using PYTHON_EXECUTABLE: /usr/bin/python3
[1.785s] -- Using PYTHON_INCLUDE_DIRS: /usr/include/python3.10
[1.785s] -- Using PYTHON_LIBRARIES: /usr/lib/x86_64-linux-gnu/libpython3.10.so
[1.804s] -- Found PythonExtra: .so  
[1.862s] -- Found ament_cmake_flake8: 0.12.10 (/opt/ros/humble/share/ament_cmake_flake8/cmake)
[1.864s] -- Found ament_cmake_pep257: 0.12.10 (/opt/ros/humble/share/ament_cmake_pep257/cmake)
[1.867s] -- Found ament_lint_auto: 0.12.10 (/opt/ros/humble/share/ament_lint_auto/cmake)
[1.883s] -- Added test 'copyright' to check source files copyright and LICENSE
[1.883s] -- Added test 'lint_cmake' to check CMake code style
[1.884s] -- Added test 'xmllint' to check XML markup files
[1.887s] -- Configuring done
[1.931s] -- Generating done
[1.935s] -- Build files have been written to: /home/robmoemac/M-LADIS-sim/PX4 Aux/ws_sensor_combined/build/velodyne_msgs
[1.947s] Invoked command in '/home/robmoemac/M-LADIS-sim/PX4 Aux/ws_sensor_combined/build/velodyne_msgs' returned '0': CMAKE_PREFIX_PATH=/opt/ros/humble /usr/bin/cmake /home/robmoemac/M-LADIS-sim/PX4 Aux/ws_sensor_combined/src/velodyne/velodyne_msgs -DCMAKE_INSTALL_PREFIX=/home/robmoemac/M-LADIS-sim/PX4 Aux/ws_sensor_combined/install/velodyne_msgs
[1.949s] Invoking command in '/home/robmoemac/M-LADIS-sim/PX4 Aux/ws_sensor_combined/build/velodyne_msgs': CMAKE_PREFIX_PATH=/opt/ros/humble /usr/bin/cmake --build /home/robmoemac/M-LADIS-sim/PX4 Aux/ws_sensor_combined/build/velodyne_msgs -- -j8 -l8
[1.986s] [  2%] [34m[1mGenerating C code for ROS interfaces[0m
[1.993s] [  5%] [34m[1mGenerating C++ code for ROS interfaces[0m
[2.002s] [  5%] Built target ament_cmake_python_copy_velodyne_msgs
[2.301s] running egg_info
[2.303s] creating velodyne_msgs.egg-info
[2.328s] writing velodyne_msgs.egg-info/PKG-INFO
[2.328s] writing dependency_links to velodyne_msgs.egg-info/dependency_links.txt
[2.328s] writing top-level names to velodyne_msgs.egg-info/top_level.txt
[2.329s] writing manifest file 'velodyne_msgs.egg-info/SOURCES.txt'
[2.407s] reading manifest file 'velodyne_msgs.egg-info/SOURCES.txt'
[2.408s] writing manifest file 'velodyne_msgs.egg-info/SOURCES.txt'
[2.409s] [ 10%] [32mBuilding C object CMakeFiles/velodyne_msgs__rosidl_generator_c.dir/rosidl_generator_c/velodyne_msgs/msg/detail/velodyne_scan__functions.c.o[0m
[2.409s] [ 10%] [32mBuilding C object CMakeFiles/velodyne_msgs__rosidl_generator_c.dir/rosidl_generator_c/velodyne_msgs/msg/detail/velodyne_packet__functions.c.o[0m
[2.449s] [ 10%] Built target ament_cmake_python_build_velodyne_msgs_egg
[2.463s] [ 12%] [32m[1mLinking C shared library libvelodyne_msgs__rosidl_generator_c.so[0m
[2.496s] [ 12%] Built target velodyne_msgs__rosidl_generator_c
[2.505s] [ 17%] [34m[1mGenerating C introspection for ROS interfaces[0m
[2.505s] [ 17%] [34m[1mGenerating C type support for eProsima Fast-RTPS[0m
[2.507s] [ 20%] [34m[1mGenerating C type support dispatch for ROS interfaces[0m
[2.512s] [ 20%] Built target velodyne_msgs__cpp
[2.524s] [ 23%] [34m[1mGenerating C++ type support dispatch for ROS interfaces[0m
[2.525s] [ 25%] [34m[1mGenerating C++ type support for eProsima Fast-RTPS[0m
[2.527s] [ 28%] [34m[1mGenerating C++ introspection for ROS interfaces[0m
[3.007s] [ 30%] [32mBuilding CXX object CMakeFiles/velodyne_msgs__rosidl_typesupport_c.dir/rosidl_typesupport_c/velodyne_msgs/msg/velodyne_packet__type_support.cpp.o[0m
[3.008s] [ 33%] [32mBuilding CXX object CMakeFiles/velodyne_msgs__rosidl_typesupport_c.dir/rosidl_typesupport_c/velodyne_msgs/msg/velodyne_scan__type_support.cpp.o[0m
[3.056s] [ 35%] [32mBuilding CXX object CMakeFiles/velodyne_msgs__rosidl_typesupport_fastrtps_c.dir/rosidl_typesupport_fastrtps_c/velodyne_msgs/msg/detail/velodyne_packet__type_support_c.cpp.o[0m
[3.061s] [ 38%] [32mBuilding CXX object CMakeFiles/velodyne_msgs__rosidl_typesupport_fastrtps_c.dir/rosidl_typesupport_fastrtps_c/velodyne_msgs/msg/detail/velodyne_scan__type_support_c.cpp.o[0m
[3.069s] [ 41%] [32m[1mLinking CXX shared library libvelodyne_msgs__rosidl_typesupport_c.so[0m
[3.079s] [ 43%] [32mBuilding CXX object CMakeFiles/velodyne_msgs__rosidl_typesupport_introspection_cpp.dir/rosidl_typesupport_introspection_cpp/velodyne_msgs/msg/detail/velodyne_packet__type_support.cpp.o[0m
[3.090s] [ 46%] [32mBuilding CXX object CMakeFiles/velodyne_msgs__rosidl_typesupport_introspection_cpp.dir/rosidl_typesupport_introspection_cpp/velodyne_msgs/msg/detail/velodyne_scan__type_support.cpp.o[0m
[3.119s] [ 48%] [32mBuilding CXX object CMakeFiles/velodyne_msgs__rosidl_typesupport_cpp.dir/rosidl_typesupport_cpp/velodyne_msgs/msg/velodyne_packet__type_support.cpp.o[0m
[3.130s] [ 51%] [32mBuilding C object CMakeFiles/velodyne_msgs__rosidl_typesupport_introspection_c.dir/rosidl_typesupport_introspection_c/velodyne_msgs/msg/detail/velodyne_packet__type_support.c.o[0m
[3.138s] [ 53%] [32mBuilding CXX object CMakeFiles/velodyne_msgs__rosidl_typesupport_fastrtps_cpp.dir/rosidl_typesupport_fastrtps_cpp/velodyne_msgs/msg/detail/dds_fastrtps/velodyne_packet__type_support.cpp.o[0m
[3.142s] [ 53%] Built target velodyne_msgs__rosidl_typesupport_c
[3.154s] [ 56%] [32mBuilding C object CMakeFiles/velodyne_msgs__rosidl_typesupport_introspection_c.dir/rosidl_typesupport_introspection_c/velodyne_msgs/msg/detail/velodyne_scan__type_support.c.o[0m
[3.229s] [ 58%] [32mBuilding CXX object CMakeFiles/velodyne_msgs__rosidl_typesupport_cpp.dir/rosidl_typesupport_cpp/velodyne_msgs/msg/velodyne_scan__type_support.cpp.o[0m
[3.260s] [ 61%] [32m[1mLinking C shared library libvelodyne_msgs__rosidl_typesupport_introspection_c.so[0m
[3.475s] [ 61%] Built target velodyne_msgs__rosidl_typesupport_introspection_c
[3.540s] [ 64%] [32mBuilding CXX object CMakeFiles/velodyne_msgs__rosidl_typesupport_fastrtps_cpp.dir/rosidl_typesupport_fastrtps_cpp/velodyne_msgs/msg/detail/dds_fastrtps/velodyne_scan__type_support.cpp.o[0m
[3.627s] [ 66%] [32m[1mLinking CXX shared library libvelodyne_msgs__rosidl_typesupport_fastrtps_c.so[0m
[3.663s] [ 69%] [32m[1mLinking CXX shared library libvelodyne_msgs__rosidl_typesupport_cpp.so[0m
[3.720s] [ 69%] Built target velodyne_msgs__rosidl_typesupport_cpp
[3.757s] [ 71%] [32m[1mLinking CXX shared library libvelodyne_msgs__rosidl_typesupport_introspection_cpp.so[0m
[3.762s] [ 71%] Built target velodyne_msgs__rosidl_typesupport_fastrtps_c
[3.835s] [ 71%] Built target velodyne_msgs__rosidl_typesupport_introspection_cpp
[4.037s] [ 74%] [32m[1mLinking CXX shared library libvelodyne_msgs__rosidl_typesupport_fastrtps_cpp.so[0m
[4.114s] [ 74%] Built target velodyne_msgs__rosidl_typesupport_fastrtps_cpp
[4.134s] [ 74%] Built target velodyne_msgs
[4.155s] [ 76%] [34m[1mGenerating Python code for ROS interfaces[0m
[4.628s] [ 76%] Built target velodyne_msgs__py
[4.647s] [ 79%] [32mBuilding C object CMakeFiles/velodyne_msgs__rosidl_generator_py.dir/rosidl_generator_py/velodyne_msgs/msg/_velodyne_scan_s.c.o[0m
[4.647s] [ 82%] [32mBuilding C object CMakeFiles/velodyne_msgs__rosidl_generator_py.dir/rosidl_generator_py/velodyne_msgs/msg/_velodyne_packet_s.c.o[0m
[4.750s] [ 84%] [32m[1mLinking C shared library rosidl_generator_py/velodyne_msgs/libvelodyne_msgs__rosidl_generator_py.so[0m
[4.785s] [ 84%] Built target velodyne_msgs__rosidl_generator_py
[4.803s] [ 87%] [32mBuilding C object CMakeFiles/velodyne_msgs__rosidl_typesupport_c__pyext.dir/rosidl_generator_py/velodyne_msgs/_velodyne_msgs_s.ep.rosidl_typesupport_c.c.o[0m
[4.803s] [ 89%] [32mBuilding C object CMakeFiles/velodyne_msgs__rosidl_typesupport_fastrtps_c__pyext.dir/rosidl_generator_py/velodyne_msgs/_velodyne_msgs_s.ep.rosidl_typesupport_fastrtps_c.c.o[0m
[4.804s] [ 92%] [32mBuilding C object CMakeFiles/velodyne_msgs__rosidl_typesupport_introspection_c__pyext.dir/rosidl_generator_py/velodyne_msgs/_velodyne_msgs_s.ep.rosidl_typesupport_introspection_c.c.o[0m
[4.895s] [ 94%] [32m[1mLinking C shared library rosidl_generator_py/velodyne_msgs/velodyne_msgs_s__rosidl_typesupport_c.cpython-310-x86_64-linux-gnu.so[0m
[4.932s] [ 94%] Built target velodyne_msgs__rosidl_typesupport_c__pyext
[4.949s] [100%] [32m[1mLinking C shared library rosidl_generator_py/velodyne_msgs/velodyne_msgs_s__rosidl_typesupport_introspection_c.cpython-310-x86_64-linux-gnu.so[0m
[4.949s] [100%] [32m[1mLinking C shared library rosidl_generator_py/velodyne_msgs/velodyne_msgs_s__rosidl_typesupport_fastrtps_c.cpython-310-x86_64-linux-gnu.so[0m
[4.990s] [100%] Built target velodyne_msgs__rosidl_typesupport_fastrtps_c__pyext
[4.991s] [100%] Built target velodyne_msgs__rosidl_typesupport_introspection_c__pyext
[5.001s] Invoked command in '/home/robmoemac/M-LADIS-sim/PX4 Aux/ws_sensor_combined/build/velodyne_msgs' returned '0': CMAKE_PREFIX_PATH=/opt/ros/humble /usr/bin/cmake --build /home/robmoemac/M-LADIS-sim/PX4 Aux/ws_sensor_combined/build/velodyne_msgs -- -j8 -l8
[5.061s] Invoking command in '/home/robmoemac/M-LADIS-sim/PX4 Aux/ws_sensor_combined/build/velodyne_msgs': CMAKE_PREFIX_PATH=/opt/ros/humble /usr/bin/cmake --install /home/robmoemac/M-LADIS-sim/PX4 Aux/ws_sensor_combined/build/velodyne_msgs
[5.067s] -- Install configuration: ""
[5.067s] -- Installing: /home/robmoemac/M-LADIS-sim/PX4 Aux/ws_sensor_combined/install/velodyne_msgs/share/ament_index/resource_index/rosidl_interfaces/velodyne_msgs
[5.067s] -- Installing: /home/robmoemac/M-LADIS-sim/PX4 Aux/ws_sensor_combined/install/velodyne_msgs/include/velodyne_msgs/velodyne_msgs
[5.068s] -- Installing: /home/robmoemac/M-LADIS-sim/PX4 Aux/ws_sensor_combined/install/velodyne_msgs/include/velodyne_msgs/velodyne_msgs/msg
[5.068s] -- Installing: /home/robmoemac/M-LADIS-sim/PX4 Aux/ws_sensor_combined/install/velodyne_msgs/include/velodyne_msgs/velodyne_msgs/msg/detail
[5.068s] -- Installing: /home/robmoemac/M-LADIS-sim/PX4 Aux/ws_sensor_combined/install/velodyne_msgs/include/velodyne_msgs/velodyne_msgs/msg/detail/velodyne_scan__struct.h
[5.068s] -- Installing: /home/robmoemac/M-LADIS-sim/PX4 Aux/ws_sensor_combined/install/velodyne_msgs/include/velodyne_msgs/velodyne_msgs/msg/detail/velodyne_packet__functions.c
[5.068s] -- Installing: /home/robmoemac/M-LADIS-sim/PX4 Aux/ws_sensor_combined/install/velodyne_msgs/include/velodyne_msgs/velodyne_msgs/msg/detail/velodyne_packet__type_support.h
[5.068s] -- Installing: /home/robmoemac/M-LADIS-sim/PX4 Aux/ws_sensor_combined/install/velodyne_msgs/include/velodyne_msgs/velodyne_msgs/msg/detail/velodyne_scan__functions.c
[5.068s] -- Installing: /home/robmoemac/M-LADIS-sim/PX4 Aux/ws_sensor_combined/install/velodyne_msgs/include/velodyne_msgs/velodyne_msgs/msg/detail/velodyne_scan__type_support.h
[5.068s] -- Installing: /home/robmoemac/M-LADIS-sim/PX4 Aux/ws_sensor_combined/install/velodyne_msgs/include/velodyne_msgs/velodyne_msgs/msg/detail/velodyne_scan__functions.h
[5.069s] -- Installing: /home/robmoemac/M-LADIS-sim/PX4 Aux/ws_sensor_combined/install/velodyne_msgs/include/velodyne_msgs/velodyne_msgs/msg/detail/velodyne_packet__functions.h
[5.069s] -- Installing: /home/robmoemac/M-LADIS-sim/PX4 Aux/ws_sensor_combined/install/velodyne_msgs/include/velodyne_msgs/velodyne_msgs/msg/detail/velodyne_packet__struct.h
[5.069s] -- Installing: /home/robmoemac/M-LADIS-sim/PX4 Aux/ws_sensor_combined/install/velodyne_msgs/include/velodyne_msgs/velodyne_msgs/msg/rosidl_generator_c__visibility_control.h
[5.069s] -- Installing: /home/robmoemac/M-LADIS-sim/PX4 Aux/ws_sensor_combined/install/velodyne_msgs/include/velodyne_msgs/velodyne_msgs/msg/velodyne_scan.h
[5.069s] -- Installing: /home/robmoemac/M-LADIS-sim/PX4 Aux/ws_sensor_combined/install/velodyne_msgs/include/velodyne_msgs/velodyne_msgs/msg/velodyne_packet.h
[5.069s] -- Installing: /home/robmoemac/M-LADIS-sim/PX4 Aux/ws_sensor_combined/install/velodyne_msgs/share/velodyne_msgs/environment/library_path.sh
[5.069s] -- Installing: /home/robmoemac/M-LADIS-sim/PX4 Aux/ws_sensor_combined/install/velodyne_msgs/share/velodyne_msgs/environment/library_path.dsv
[5.069s] -- Installing: /home/robmoemac/M-LADIS-sim/PX4 Aux/ws_sensor_combined/install/velodyne_msgs/lib/libvelodyne_msgs__rosidl_generator_c.so
[5.070s] -- Set runtime path of "/home/robmoemac/M-LADIS-sim/PX4 Aux/ws_sensor_combined/install/velodyne_msgs/lib/libvelodyne_msgs__rosidl_generator_c.so" to ""
[5.070s] -- Up-to-date: /home/robmoemac/M-LADIS-sim/PX4 Aux/ws_sensor_combined/install/velodyne_msgs/include/velodyne_msgs/velodyne_msgs
[5.070s] -- Up-to-date: /home/robmoemac/M-LADIS-sim/PX4 Aux/ws_sensor_combined/install/velodyne_msgs/include/velodyne_msgs/velodyne_msgs/msg
[5.070s] -- Up-to-date: /home/robmoemac/M-LADIS-sim/PX4 Aux/ws_sensor_combined/install/velodyne_msgs/include/velodyne_msgs/velodyne_msgs/msg/detail
[5.070s] -- Installing: /home/robmoemac/M-LADIS-sim/PX4 Aux/ws_sensor_combined/install/velodyne_msgs/include/velodyne_msgs/velodyne_msgs/msg/detail/velodyne_scan__rosidl_typesupport_fastrtps_c.h
[5.070s] -- Installing: /home/robmoemac/M-LADIS-sim/PX4 Aux/ws_sensor_combined/install/velodyne_msgs/include/velodyne_msgs/velodyne_msgs/msg/detail/velodyne_packet__rosidl_typesupport_fastrtps_c.h
[5.070s] -- Installing: /home/robmoemac/M-LADIS-sim/PX4 Aux/ws_sensor_combined/install/velodyne_msgs/include/velodyne_msgs/velodyne_msgs/msg/rosidl_typesupport_fastrtps_c__visibility_control.h
[5.071s] -- Installing: /home/robmoemac/M-LADIS-sim/PX4 Aux/ws_sensor_combined/install/velodyne_msgs/lib/libvelodyne_msgs__rosidl_typesupport_fastrtps_c.so
[5.071s] -- Set runtime path of "/home/robmoemac/M-LADIS-sim/PX4 Aux/ws_sensor_combined/install/velodyne_msgs/lib/libvelodyne_msgs__rosidl_typesupport_fastrtps_c.so" to ""
[5.071s] -- Up-to-date: /home/robmoemac/M-LADIS-sim/PX4 Aux/ws_sensor_combined/install/velodyne_msgs/include/velodyne_msgs/velodyne_msgs
[5.071s] -- Up-to-date: /home/robmoemac/M-LADIS-sim/PX4 Aux/ws_sensor_combined/install/velodyne_msgs/include/velodyne_msgs/velodyne_msgs/msg
[5.071s] -- Up-to-date: /home/robmoemac/M-LADIS-sim/PX4 Aux/ws_sensor_combined/install/velodyne_msgs/include/velodyne_msgs/velodyne_msgs/msg/detail
[5.072s] -- Installing: /home/robmoemac/M-LADIS-sim/PX4 Aux/ws_sensor_combined/install/velodyne_msgs/include/velodyne_msgs/velodyne_msgs/msg/detail/velodyne_scan__builder.hpp
[5.072s] -- Installing: /home/robmoemac/M-LADIS-sim/PX4 Aux/ws_sensor_combined/install/velodyne_msgs/include/velodyne_msgs/velodyne_msgs/msg/detail/velodyne_scan__traits.hpp
[5.072s] -- Installing: /home/robmoemac/M-LADIS-sim/PX4 Aux/ws_sensor_combined/install/velodyne_msgs/include/velodyne_msgs/velodyne_msgs/msg/detail/velodyne_packet__builder.hpp
[5.072s] -- Installing: /home/robmoemac/M-LADIS-sim/PX4 Aux/ws_sensor_combined/install/velodyne_msgs/include/velodyne_msgs/velodyne_msgs/msg/detail/velodyne_scan__struct.hpp
[5.072s] -- Installing: /home/robmoemac/M-LADIS-sim/PX4 Aux/ws_sensor_combined/install/velodyne_msgs/include/velodyne_msgs/velodyne_msgs/msg/detail/velodyne_packet__traits.hpp
[5.072s] -- Installing: /home/robmoemac/M-LADIS-sim/PX4 Aux/ws_sensor_combined/install/velodyne_msgs/include/velodyne_msgs/velodyne_msgs/msg/detail/velodyne_packet__struct.hpp
[5.072s] -- Installing: /home/robmoemac/M-LADIS-sim/PX4 Aux/ws_sensor_combined/install/velodyne_msgs/include/velodyne_msgs/velodyne_msgs/msg/velodyne_scan.hpp
[5.073s] -- Installing: /home/robmoemac/M-LADIS-sim/PX4 Aux/ws_sensor_combined/install/velodyne_msgs/include/velodyne_msgs/velodyne_msgs/msg/velodyne_packet.hpp
[5.073s] -- Up-to-date: /home/robmoemac/M-LADIS-sim/PX4 Aux/ws_sensor_combined/install/velodyne_msgs/include/velodyne_msgs/velodyne_msgs
[5.073s] -- Up-to-date: /home/robmoemac/M-LADIS-sim/PX4 Aux/ws_sensor_combined/install/velodyne_msgs/include/velodyne_msgs/velodyne_msgs/msg
[5.073s] -- Up-to-date: /home/robmoemac/M-LADIS-sim/PX4 Aux/ws_sensor_combined/install/velodyne_msgs/include/velodyne_msgs/velodyne_msgs/msg/detail
[5.073s] -- Installing: /home/robmoemac/M-LADIS-sim/PX4 Aux/ws_sensor_combined/install/velodyne_msgs/include/velodyne_msgs/velodyne_msgs/msg/detail/velodyne_packet__rosidl_typesupport_fastrtps_cpp.hpp
[5.073s] -- Installing: /home/robmoemac/M-LADIS-sim/PX4 Aux/ws_sensor_combined/install/velodyne_msgs/include/velodyne_msgs/velodyne_msgs/msg/detail/dds_fastrtps
[5.073s] -- Installing: /home/robmoemac/M-LADIS-sim/PX4 Aux/ws_sensor_combined/install/velodyne_msgs/include/velodyne_msgs/velodyne_msgs/msg/detail/velodyne_scan__rosidl_typesupport_fastrtps_cpp.hpp
[5.073s] -- Installing: /home/robmoemac/M-LADIS-sim/PX4 Aux/ws_sensor_combined/install/velodyne_msgs/include/velodyne_msgs/velodyne_msgs/msg/rosidl_typesupport_fastrtps_cpp__visibility_control.h
[5.074s] -- Installing: /home/robmoemac/M-LADIS-sim/PX4 Aux/ws_sensor_combined/install/velodyne_msgs/lib/libvelodyne_msgs__rosidl_typesupport_fastrtps_cpp.so
[5.074s] -- Set runtime path of "/home/robmoemac/M-LADIS-sim/PX4 Aux/ws_sensor_combined/install/velodyne_msgs/lib/libvelodyne_msgs__rosidl_typesupport_fastrtps_cpp.so" to ""
[5.074s] -- Up-to-date: /home/robmoemac/M-LADIS-sim/PX4 Aux/ws_sensor_combined/install/velodyne_msgs/include/velodyne_msgs/velodyne_msgs
[5.074s] -- Up-to-date: /home/robmoemac/M-LADIS-sim/PX4 Aux/ws_sensor_combined/install/velodyne_msgs/include/velodyne_msgs/velodyne_msgs/msg
[5.075s] -- Up-to-date: /home/robmoemac/M-LADIS-sim/PX4 Aux/ws_sensor_combined/install/velodyne_msgs/include/velodyne_msgs/velodyne_msgs/msg/detail
[5.075s] -- Installing: /home/robmoemac/M-LADIS-sim/PX4 Aux/ws_sensor_combined/install/velodyne_msgs/include/velodyne_msgs/velodyne_msgs/msg/detail/velodyne_packet__rosidl_typesupport_introspection_c.h
[5.075s] -- Installing: /home/robmoemac/M-LADIS-sim/PX4 Aux/ws_sensor_combined/install/velodyne_msgs/include/velodyne_msgs/velodyne_msgs/msg/detail/velodyne_scan__rosidl_typesupport_introspection_c.h
[5.075s] -- Installing: /home/robmoemac/M-LADIS-sim/PX4 Aux/ws_sensor_combined/install/velodyne_msgs/include/velodyne_msgs/velodyne_msgs/msg/detail/velodyne_packet__type_support.c
[5.075s] -- Installing: /home/robmoemac/M-LADIS-sim/PX4 Aux/ws_sensor_combined/install/velodyne_msgs/include/velodyne_msgs/velodyne_msgs/msg/detail/velodyne_scan__type_support.c
[5.075s] -- Installing: /home/robmoemac/M-LADIS-sim/PX4 Aux/ws_sensor_combined/install/velodyne_msgs/include/velodyne_msgs/velodyne_msgs/msg/rosidl_typesupport_introspection_c__visibility_control.h
[5.075s] -- Installing: /home/robmoemac/M-LADIS-sim/PX4 Aux/ws_sensor_combined/install/velodyne_msgs/lib/libvelodyne_msgs__rosidl_typesupport_introspection_c.so
[5.075s] -- Set runtime path of "/home/robmoemac/M-LADIS-sim/PX4 Aux/ws_sensor_combined/install/velodyne_msgs/lib/libvelodyne_msgs__rosidl_typesupport_introspection_c.so" to ""
[5.075s] -- Installing: /home/robmoemac/M-LADIS-sim/PX4 Aux/ws_sensor_combined/install/velodyne_msgs/lib/libvelodyne_msgs__rosidl_typesupport_c.so
[5.076s] -- Set runtime path of "/home/robmoemac/M-LADIS-sim/PX4 Aux/ws_sensor_combined/install/velodyne_msgs/lib/libvelodyne_msgs__rosidl_typesupport_c.so" to ""
[5.076s] -- Up-to-date: /home/robmoemac/M-LADIS-sim/PX4 Aux/ws_sensor_combined/install/velodyne_msgs/include/velodyne_msgs/velodyne_msgs
[5.076s] -- Up-to-date: /home/robmoemac/M-LADIS-sim/PX4 Aux/ws_sensor_combined/install/velodyne_msgs/include/velodyne_msgs/velodyne_msgs/msg
[5.076s] -- Up-to-date: /home/robmoemac/M-LADIS-sim/PX4 Aux/ws_sensor_combined/install/velodyne_msgs/include/velodyne_msgs/velodyne_msgs/msg/detail
[5.076s] -- Installing: /home/robmoemac/M-LADIS-sim/PX4 Aux/ws_sensor_combined/install/velodyne_msgs/include/velodyne_msgs/velodyne_msgs/msg/detail/velodyne_scan__rosidl_typesupport_introspection_cpp.hpp
[5.076s] -- Installing: /home/robmoemac/M-LADIS-sim/PX4 Aux/ws_sensor_combined/install/velodyne_msgs/include/velodyne_msgs/velodyne_msgs/msg/detail/velodyne_packet__type_support.cpp
[5.076s] -- Installing: /home/robmoemac/M-LADIS-sim/PX4 Aux/ws_sensor_combined/install/velodyne_msgs/include/velodyne_msgs/velodyne_msgs/msg/detail/velodyne_packet__rosidl_typesupport_introspection_cpp.hpp
[5.076s] -- Installing: /home/robmoemac/M-LADIS-sim/PX4 Aux/ws_sensor_combined/install/velodyne_msgs/include/velodyne_msgs/velodyne_msgs/msg/detail/velodyne_scan__type_support.cpp
[5.077s] -- Installing: /home/robmoemac/M-LADIS-sim/PX4 Aux/ws_sensor_combined/install/velodyne_msgs/lib/libvelodyne_msgs__rosidl_typesupport_introspection_cpp.so
[5.077s] -- Set runtime path of "/home/robmoemac/M-LADIS-sim/PX4 Aux/ws_sensor_combined/install/velodyne_msgs/lib/libvelodyne_msgs__rosidl_typesupport_introspection_cpp.so" to ""
[5.077s] -- Installing: /home/robmoemac/M-LADIS-sim/PX4 Aux/ws_sensor_combined/install/velodyne_msgs/lib/libvelodyne_msgs__rosidl_typesupport_cpp.so
[5.077s] -- Set runtime path of "/home/robmoemac/M-LADIS-sim/PX4 Aux/ws_sensor_combined/install/velodyne_msgs/lib/libvelodyne_msgs__rosidl_typesupport_cpp.so" to ""
[5.077s] -- Installing: /home/robmoemac/M-LADIS-sim/PX4 Aux/ws_sensor_combined/install/velodyne_msgs/share/velodyne_msgs/environment/pythonpath.sh
[5.077s] -- Installing: /home/robmoemac/M-LADIS-sim/PX4 Aux/ws_sensor_combined/install/velodyne_msgs/share/velodyne_msgs/environment/pythonpath.dsv
[5.077s] -- Installing: /home/robmoemac/M-LADIS-sim/PX4 Aux/ws_sensor_combined/install/velodyne_msgs/local/lib/python3.10/dist-packages/velodyne_msgs-2.4.0-py3.10.egg-info
[5.077s] -- Installing: /home/robmoemac/M-LADIS-sim/PX4 Aux/ws_sensor_combined/install/velodyne_msgs/local/lib/python3.10/dist-packages/velodyne_msgs-2.4.0-py3.10.egg-info/dependency_links.txt
[5.078s] -- Installing: /home/robmoemac/M-LADIS-sim/PX4 Aux/ws_sensor_combined/install/velodyne_msgs/local/lib/python3.10/dist-packages/velodyne_msgs-2.4.0-py3.10.egg-info/PKG-INFO
[5.078s] -- Installing: /home/robmoemac/M-LADIS-sim/PX4 Aux/ws_sensor_combined/install/velodyne_msgs/local/lib/python3.10/dist-packages/velodyne_msgs-2.4.0-py3.10.egg-info/top_level.txt
[5.078s] -- Installing: /home/robmoemac/M-LADIS-sim/PX4 Aux/ws_sensor_combined/install/velodyne_msgs/local/lib/python3.10/dist-packages/velodyne_msgs-2.4.0-py3.10.egg-info/SOURCES.txt
[5.078s] -- Installing: /home/robmoemac/M-LADIS-sim/PX4 Aux/ws_sensor_combined/install/velodyne_msgs/local/lib/python3.10/dist-packages/velodyne_msgs
[5.078s] -- Installing: /home/robmoemac/M-LADIS-sim/PX4 Aux/ws_sensor_combined/install/velodyne_msgs/local/lib/python3.10/dist-packages/velodyne_msgs/_velodyne_msgs_s.ep.rosidl_typesupport_introspection_c.c
[5.078s] -- Installing: /home/robmoemac/M-LADIS-sim/PX4 Aux/ws_sensor_combined/install/velodyne_msgs/local/lib/python3.10/dist-packages/velodyne_msgs/velodyne_msgs_s__rosidl_typesupport_fastrtps_c.cpython-310-x86_64-linux-gnu.so
[5.078s] -- Installing: /home/robmoemac/M-LADIS-sim/PX4 Aux/ws_sensor_combined/install/velodyne_msgs/local/lib/python3.10/dist-packages/velodyne_msgs/__init__.py
[5.078s] -- Installing: /home/robmoemac/M-LADIS-sim/PX4 Aux/ws_sensor_combined/install/velodyne_msgs/local/lib/python3.10/dist-packages/velodyne_msgs/libvelodyne_msgs__rosidl_generator_py.so
[5.078s] -- Installing: /home/robmoemac/M-LADIS-sim/PX4 Aux/ws_sensor_combined/install/velodyne_msgs/local/lib/python3.10/dist-packages/velodyne_msgs/_velodyne_msgs_s.ep.rosidl_typesupport_fastrtps_c.c
[5.078s] -- Installing: /home/robmoemac/M-LADIS-sim/PX4 Aux/ws_sensor_combined/install/velodyne_msgs/local/lib/python3.10/dist-packages/velodyne_msgs/_velodyne_msgs_s.ep.rosidl_typesupport_c.c
[5.079s] -- Installing: /home/robmoemac/M-LADIS-sim/PX4 Aux/ws_sensor_combined/install/velodyne_msgs/local/lib/python3.10/dist-packages/velodyne_msgs/velodyne_msgs_s__rosidl_typesupport_introspection_c.cpython-310-x86_64-linux-gnu.so
[5.079s] -- Installing: /home/robmoemac/M-LADIS-sim/PX4 Aux/ws_sensor_combined/install/velodyne_msgs/local/lib/python3.10/dist-packages/velodyne_msgs/msg
[5.079s] -- Installing: /home/robmoemac/M-LADIS-sim/PX4 Aux/ws_sensor_combined/install/velodyne_msgs/local/lib/python3.10/dist-packages/velodyne_msgs/msg/_velodyne_packet_s.c
[5.079s] -- Installing: /home/robmoemac/M-LADIS-sim/PX4 Aux/ws_sensor_combined/install/velodyne_msgs/local/lib/python3.10/dist-packages/velodyne_msgs/msg/__init__.py
[5.079s] -- Installing: /home/robmoemac/M-LADIS-sim/PX4 Aux/ws_sensor_combined/install/velodyne_msgs/local/lib/python3.10/dist-packages/velodyne_msgs/msg/_velodyne_packet.py
[5.079s] -- Installing: /home/robmoemac/M-LADIS-sim/PX4 Aux/ws_sensor_combined/install/velodyne_msgs/local/lib/python3.10/dist-packages/velodyne_msgs/msg/_velodyne_scan_s.c
[5.079s] -- Installing: /home/robmoemac/M-LADIS-sim/PX4 Aux/ws_sensor_combined/install/velodyne_msgs/local/lib/python3.10/dist-packages/velodyne_msgs/msg/_velodyne_scan.py
[5.079s] -- Installing: /home/robmoemac/M-LADIS-sim/PX4 Aux/ws_sensor_combined/install/velodyne_msgs/local/lib/python3.10/dist-packages/velodyne_msgs/velodyne_msgs_s__rosidl_typesupport_c.cpython-310-x86_64-linux-gnu.so
[5.114s] Listing '/home/robmoemac/M-LADIS-sim/PX4 Aux/ws_sensor_combined/install/velodyne_msgs/local/lib/python3.10/dist-packages/velodyne_msgs'...
[5.114s] Compiling '/home/robmoemac/M-LADIS-sim/PX4 Aux/ws_sensor_combined/install/velodyne_msgs/local/lib/python3.10/dist-packages/velodyne_msgs/__init__.py'...
[5.114s] Listing '/home/robmoemac/M-LADIS-sim/PX4 Aux/ws_sensor_combined/install/velodyne_msgs/local/lib/python3.10/dist-packages/velodyne_msgs/msg'...
[5.114s] Compiling '/home/robmoemac/M-LADIS-sim/PX4 Aux/ws_sensor_combined/install/velodyne_msgs/local/lib/python3.10/dist-packages/velodyne_msgs/msg/__init__.py'...
[5.114s] Compiling '/home/robmoemac/M-LADIS-sim/PX4 Aux/ws_sensor_combined/install/velodyne_msgs/local/lib/python3.10/dist-packages/velodyne_msgs/msg/_velodyne_packet.py'...
[5.114s] Compiling '/home/robmoemac/M-LADIS-sim/PX4 Aux/ws_sensor_combined/install/velodyne_msgs/local/lib/python3.10/dist-packages/velodyne_msgs/msg/_velodyne_scan.py'...
[5.119s] -- Installing: /home/robmoemac/M-LADIS-sim/PX4 Aux/ws_sensor_combined/install/velodyne_msgs/local/lib/python3.10/dist-packages/velodyne_msgs/velodyne_msgs_s__rosidl_typesupport_fastrtps_c.cpython-310-x86_64-linux-gnu.so
[5.120s] -- Set runtime path of "/home/robmoemac/M-LADIS-sim/PX4 Aux/ws_sensor_combined/install/velodyne_msgs/local/lib/python3.10/dist-packages/velodyne_msgs/velodyne_msgs_s__rosidl_typesupport_fastrtps_c.cpython-310-x86_64-linux-gnu.so" to ""
[5.120s] -- Installing: /home/robmoemac/M-LADIS-sim/PX4 Aux/ws_sensor_combined/install/velodyne_msgs/local/lib/python3.10/dist-packages/velodyne_msgs/velodyne_msgs_s__rosidl_typesupport_introspection_c.cpython-310-x86_64-linux-gnu.so
[5.120s] -- Set runtime path of "/home/robmoemac/M-LADIS-sim/PX4 Aux/ws_sensor_combined/install/velodyne_msgs/local/lib/python3.10/dist-packages/velodyne_msgs/velodyne_msgs_s__rosidl_typesupport_introspection_c.cpython-310-x86_64-linux-gnu.so" to ""
[5.120s] -- Installing: /home/robmoemac/M-LADIS-sim/PX4 Aux/ws_sensor_combined/install/velodyne_msgs/local/lib/python3.10/dist-packages/velodyne_msgs/velodyne_msgs_s__rosidl_typesupport_c.cpython-310-x86_64-linux-gnu.so
[5.120s] -- Set runtime path of "/home/robmoemac/M-LADIS-sim/PX4 Aux/ws_sensor_combined/install/velodyne_msgs/local/lib/python3.10/dist-packages/velodyne_msgs/velodyne_msgs_s__rosidl_typesupport_c.cpython-310-x86_64-linux-gnu.so" to ""
[5.121s] -- Installing: /home/robmoemac/M-LADIS-sim/PX4 Aux/ws_sensor_combined/install/velodyne_msgs/lib/libvelodyne_msgs__rosidl_generator_py.so
[5.121s] -- Set runtime path of "/home/robmoemac/M-LADIS-sim/PX4 Aux/ws_sensor_combined/install/velodyne_msgs/lib/libvelodyne_msgs__rosidl_generator_py.so" to ""
[5.121s] -- Installing: /home/robmoemac/M-LADIS-sim/PX4 Aux/ws_sensor_combined/install/velodyne_msgs/share/velodyne_msgs/msg/VelodynePacket.idl
[5.121s] -- Installing: /home/robmoemac/M-LADIS-sim/PX4 Aux/ws_sensor_combined/install/velodyne_msgs/share/velodyne_msgs/msg/VelodyneScan.idl
[5.121s] -- Installing: /home/robmoemac/M-LADIS-sim/PX4 Aux/ws_sensor_combined/install/velodyne_msgs/share/velodyne_msgs/msg/VelodynePacket.msg
[5.122s] -- Installing: /home/robmoemac/M-LADIS-sim/PX4 Aux/ws_sensor_combined/install/velodyne_msgs/share/velodyne_msgs/msg/VelodyneScan.msg
[5.122s] -- Installing: /home/robmoemac/M-LADIS-sim/PX4 Aux/ws_sensor_combined/install/velodyne_msgs/share/ament_index/resource_index/package_run_dependencies/velodyne_msgs
[5.122s] -- Installing: /home/robmoemac/M-LADIS-sim/PX4 Aux/ws_sensor_combined/install/velodyne_msgs/share/ament_index/resource_index/parent_prefix_path/velodyne_msgs
[5.123s] -- Installing: /home/robmoemac/M-LADIS-sim/PX4 Aux/ws_sensor_combined/install/velodyne_msgs/share/velodyne_msgs/environment/ament_prefix_path.sh
[5.123s] -- Installing: /home/robmoemac/M-LADIS-sim/PX4 Aux/ws_sensor_combined/install/velodyne_msgs/share/velodyne_msgs/environment/ament_prefix_path.dsv
[5.123s] -- Installing: /home/robmoemac/M-LADIS-sim/PX4 Aux/ws_sensor_combined/install/velodyne_msgs/share/velodyne_msgs/environment/path.sh
[5.123s] -- Installing: /home/robmoemac/M-LADIS-sim/PX4 Aux/ws_sensor_combined/install/velodyne_msgs/share/velodyne_msgs/environment/path.dsv
[5.123s] -- Installing: /home/robmoemac/M-LADIS-sim/PX4 Aux/ws_sensor_combined/install/velodyne_msgs/share/velodyne_msgs/local_setup.bash
[5.123s] -- Installing: /home/robmoemac/M-LADIS-sim/PX4 Aux/ws_sensor_combined/install/velodyne_msgs/share/velodyne_msgs/local_setup.sh
[5.123s] -- Installing: /home/robmoemac/M-LADIS-sim/PX4 Aux/ws_sensor_combined/install/velodyne_msgs/share/velodyne_msgs/local_setup.zsh
[5.123s] -- Installing: /home/robmoemac/M-LADIS-sim/PX4 Aux/ws_sensor_combined/install/velodyne_msgs/share/velodyne_msgs/local_setup.dsv
[5.124s] -- Installing: /home/robmoemac/M-LADIS-sim/PX4 Aux/ws_sensor_combined/install/velodyne_msgs/share/velodyne_msgs/package.dsv
[5.124s] -- Installing: /home/robmoemac/M-LADIS-sim/PX4 Aux/ws_sensor_combined/install/velodyne_msgs/share/ament_index/resource_index/packages/velodyne_msgs
[5.124s] -- Installing: /home/robmoemac/M-LADIS-sim/PX4 Aux/ws_sensor_combined/install/velodyne_msgs/share/velodyne_msgs/cmake/export_velodyne_msgs__rosidl_generator_cExport.cmake
[5.124s] -- Installing: /home/robmoemac/M-LADIS-sim/PX4 Aux/ws_sensor_combined/install/velodyne_msgs/share/velodyne_msgs/cmake/export_velodyne_msgs__rosidl_generator_cExport-noconfig.cmake
[5.124s] -- Installing: /home/robmoemac/M-LADIS-sim/PX4 Aux/ws_sensor_combined/install/velodyne_msgs/share/velodyne_msgs/cmake/export_velodyne_msgs__rosidl_typesupport_fastrtps_cExport.cmake
[5.124s] -- Installing: /home/robmoemac/M-LADIS-sim/PX4 Aux/ws_sensor_combined/install/velodyne_msgs/share/velodyne_msgs/cmake/export_velodyne_msgs__rosidl_typesupport_fastrtps_cExport-noconfig.cmake
[5.124s] -- Installing: /home/robmoemac/M-LADIS-sim/PX4 Aux/ws_sensor_combined/install/velodyne_msgs/share/velodyne_msgs/cmake/export_velodyne_msgs__rosidl_generator_cppExport.cmake
[5.124s] -- Installing: /home/robmoemac/M-LADIS-sim/PX4 Aux/ws_sensor_combined/install/velodyne_msgs/share/velodyne_msgs/cmake/export_velodyne_msgs__rosidl_typesupport_fastrtps_cppExport.cmake
[5.125s] -- Installing: /home/robmoemac/M-LADIS-sim/PX4 Aux/ws_sensor_combined/install/velodyne_msgs/share/velodyne_msgs/cmake/export_velodyne_msgs__rosidl_typesupport_fastrtps_cppExport-noconfig.cmake
[5.125s] -- Installing: /home/robmoemac/M-LADIS-sim/PX4 Aux/ws_sensor_combined/install/velodyne_msgs/share/velodyne_msgs/cmake/velodyne_msgs__rosidl_typesupport_introspection_cExport.cmake
[5.125s] -- Installing: /home/robmoemac/M-LADIS-sim/PX4 Aux/ws_sensor_combined/install/velodyne_msgs/share/velodyne_msgs/cmake/velodyne_msgs__rosidl_typesupport_introspection_cExport-noconfig.cmake
[5.125s] -- Installing: /home/robmoemac/M-LADIS-sim/PX4 Aux/ws_sensor_combined/install/velodyne_msgs/share/velodyne_msgs/cmake/velodyne_msgs__rosidl_typesupport_cExport.cmake
[5.125s] -- Installing: /home/robmoemac/M-LADIS-sim/PX4 Aux/ws_sensor_combined/install/velodyne_msgs/share/velodyne_msgs/cmake/velodyne_msgs__rosidl_typesupport_cExport-noconfig.cmake
[5.126s] -- Installing: /home/robmoemac/M-LADIS-sim/PX4 Aux/ws_sensor_combined/install/velodyne_msgs/share/velodyne_msgs/cmake/velodyne_msgs__rosidl_typesupport_introspection_cppExport.cmake
[5.126s] -- Installing: /home/robmoemac/M-LADIS-sim/PX4 Aux/ws_sensor_combined/install/velodyne_msgs/share/velodyne_msgs/cmake/velodyne_msgs__rosidl_typesupport_introspection_cppExport-noconfig.cmake
[5.126s] -- Installing: /home/robmoemac/M-LADIS-sim/PX4 Aux/ws_sensor_combined/install/velodyne_msgs/share/velodyne_msgs/cmake/velodyne_msgs__rosidl_typesupport_cppExport.cmake
[5.126s] -- Installing: /home/robmoemac/M-LADIS-sim/PX4 Aux/ws_sensor_combined/install/velodyne_msgs/share/velodyne_msgs/cmake/velodyne_msgs__rosidl_typesupport_cppExport-noconfig.cmake
[5.126s] -- Installing: /home/robmoemac/M-LADIS-sim/PX4 Aux/ws_sensor_combined/install/velodyne_msgs/share/velodyne_msgs/cmake/export_velodyne_msgs__rosidl_generator_pyExport.cmake
[5.127s] -- Installing: /home/robmoemac/M-LADIS-sim/PX4 Aux/ws_sensor_combined/install/velodyne_msgs/share/velodyne_msgs/cmake/export_velodyne_msgs__rosidl_generator_pyExport-noconfig.cmake
[5.127s] -- Installing: /home/robmoemac/M-LADIS-sim/PX4 Aux/ws_sensor_combined/install/velodyne_msgs/share/velodyne_msgs/cmake/rosidl_cmake-extras.cmake
[5.127s] -- Installing: /home/robmoemac/M-LADIS-sim/PX4 Aux/ws_sensor_combined/install/velodyne_msgs/share/velodyne_msgs/cmake/ament_cmake_export_dependencies-extras.cmake
[5.128s] -- Installing: /home/robmoemac/M-LADIS-sim/PX4 Aux/ws_sensor_combined/install/velodyne_msgs/share/velodyne_msgs/cmake/ament_cmake_export_include_directories-extras.cmake
[5.128s] -- Installing: /home/robmoemac/M-LADIS-sim/PX4 Aux/ws_sensor_combined/install/velodyne_msgs/share/velodyne_msgs/cmake/ament_cmake_export_libraries-extras.cmake
[5.128s] -- Installing: /home/robmoemac/M-LADIS-sim/PX4 Aux/ws_sensor_combined/install/velodyne_msgs/share/velodyne_msgs/cmake/ament_cmake_export_targets-extras.cmake
[5.128s] -- Installing: /home/robmoemac/M-LADIS-sim/PX4 Aux/ws_sensor_combined/install/velodyne_msgs/share/velodyne_msgs/cmake/rosidl_cmake_export_typesupport_targets-extras.cmake
[5.128s] -- Installing: /home/robmoemac/M-LADIS-sim/PX4 Aux/ws_sensor_combined/install/velodyne_msgs/share/velodyne_msgs/cmake/rosidl_cmake_export_typesupport_libraries-extras.cmake
[5.128s] -- Installing: /home/robmoemac/M-LADIS-sim/PX4 Aux/ws_sensor_combined/install/velodyne_msgs/share/velodyne_msgs/cmake/velodyne_msgsConfig.cmake
[5.128s] -- Installing: /home/robmoemac/M-LADIS-sim/PX4 Aux/ws_sensor_combined/install/velodyne_msgs/share/velodyne_msgs/cmake/velodyne_msgsConfig-version.cmake
[5.128s] -- Installing: /home/robmoemac/M-LADIS-sim/PX4 Aux/ws_sensor_combined/install/velodyne_msgs/share/velodyne_msgs/package.xml
[5.132s] Invoked command in '/home/robmoemac/M-LADIS-sim/PX4 Aux/ws_sensor_combined/build/velodyne_msgs' returned '0': CMAKE_PREFIX_PATH=/opt/ros/humble /usr/bin/cmake --install /home/robmoemac/M-LADIS-sim/PX4 Aux/ws_sensor_combined/build/velodyne_msgs
