[0.022s] Invoking command in '/home/blake/M-LADIS-Jerry/ws_sensor_combined/build/nearest_poster_yaw': CMAKE_PREFIX_PATH=${CMAKE_PREFIX_PATH}:/opt/ros/humble /usr/bin/cmake --build /home/blake/M-LADIS-Jerry/ws_sensor_combined/build/nearest_poster_yaw -- -j12 -l12
[0.086s] [100%] Built target nearest_poster_node
[0.096s] Invoked command in '/home/blake/M-LADIS-Jerry/ws_sensor_combined/build/nearest_poster_yaw' returned '0': CMAKE_PREFIX_PATH=${CMAKE_PREFIX_PATH}:/opt/ros/humble /usr/bin/cmake --build /home/blake/M-LADIS-Jerry/ws_sensor_combined/build/nearest_poster_yaw -- -j12 -l12
[0.121s] Invoking command in '/home/blake/M-LADIS-Jerry/ws_sensor_combined/build/nearest_poster_yaw': CMAKE_PREFIX_PATH=${CMAKE_PREFIX_PATH}:/opt/ros/humble /usr/bin/cmake --install /home/blake/M-LADIS-Jerry/ws_sensor_combined/build/nearest_poster_yaw
[0.128s] -- Install configuration: ""
[0.182s] -- Up-to-date: /home/blake/M-LADIS-Jerry/ws_sensor_combined/install/nearest_poster_yaw/lib/nearest_poster_yaw/nearest_poster_node
[0.182s] -- Up-to-date: /home/blake/M-LADIS-Jerry/ws_sensor_combined/install/nearest_poster_yaw/share/nearest_poster_yaw/launch
[0.237s] -- Up-to-date: /home/blake/M-LADIS-Jerry/ws_sensor_combined/install/nearest_poster_yaw/share/nearest_poster_yaw/launch/.vscode
[0.238s] -- Up-to-date: /home/blake/M-LADIS-Jerry/ws_sensor_combined/install/nearest_poster_yaw/share/nearest_poster_yaw/launch/.vscode/settings.json
[0.238s] -- Up-to-date: /home/blake/M-LADIS-Jerry/ws_sensor_combined/install/nearest_poster_yaw/share/nearest_poster_yaw/launch/.vscode/c_cpp_properties.json
[0.238s] -- Up-to-date: /home/blake/M-LADIS-Jerry/ws_sensor_combined/install/nearest_poster_yaw/share/nearest_poster_yaw/launch/launch.py
[0.238s] -- Up-to-date: /home/blake/M-LADIS-Jerry/ws_sensor_combined/install/nearest_poster_yaw/share/ament_index/resource_index/package_run_dependencies/nearest_poster_yaw
[0.238s] -- Up-to-date: /home/blake/M-LADIS-Jerry/ws_sensor_combined/install/nearest_poster_yaw/share/ament_index/resource_index/parent_prefix_path/nearest_poster_yaw
[0.238s] -- Up-to-date: /home/blake/M-LADIS-Jerry/ws_sensor_combined/install/nearest_poster_yaw/share/nearest_poster_yaw/environment/ament_prefix_path.sh
[0.238s] -- Up-to-date: /home/blake/M-LADIS-Jerry/ws_sensor_combined/install/nearest_poster_yaw/share/nearest_poster_yaw/environment/ament_prefix_path.dsv
[0.239s] -- Up-to-date: /home/blake/M-LADIS-Jerry/ws_sensor_combined/install/nearest_poster_yaw/share/nearest_poster_yaw/environment/path.sh
[0.239s] -- Up-to-date: /home/blake/M-LADIS-Jerry/ws_sensor_combined/install/nearest_poster_yaw/share/nearest_poster_yaw/environment/path.dsv
[0.240s] -- Up-to-date: /home/blake/M-LADIS-Jerry/ws_sensor_combined/install/nearest_poster_yaw/share/nearest_poster_yaw/local_setup.bash
[0.240s] -- Up-to-date: /home/blake/M-LADIS-Jerry/ws_sensor_combined/install/nearest_poster_yaw/share/nearest_poster_yaw/local_setup.sh
[0.240s] -- Up-to-date: /home/blake/M-LADIS-Jerry/ws_sensor_combined/install/nearest_poster_yaw/share/nearest_poster_yaw/local_setup.zsh
[0.240s] -- Up-to-date: /home/blake/M-LADIS-Jerry/ws_sensor_combined/install/nearest_poster_yaw/share/nearest_poster_yaw/local_setup.dsv
[0.240s] -- Installing: /home/blake/M-LADIS-Jerry/ws_sensor_combined/install/nearest_poster_yaw/share/nearest_poster_yaw/package.dsv
[0.240s] -- Up-to-date: /home/blake/M-LADIS-Jerry/ws_sensor_combined/install/nearest_poster_yaw/share/ament_index/resource_index/packages/nearest_poster_yaw
[0.240s] -- Up-to-date: /home/blake/M-LADIS-Jerry/ws_sensor_combined/install/nearest_poster_yaw/share/nearest_poster_yaw/cmake/nearest_poster_yawConfig.cmake
[0.240s] -- Up-to-date: /home/blake/M-LADIS-Jerry/ws_sensor_combined/install/nearest_poster_yaw/share/nearest_poster_yaw/cmake/nearest_poster_yawConfig-version.cmake
[0.241s] -- Up-to-date: /home/blake/M-LADIS-Jerry/ws_sensor_combined/install/nearest_poster_yaw/share/nearest_poster_yaw/package.xml
[0.245s] Invoked command in '/home/blake/M-LADIS-Jerry/ws_sensor_combined/build/nearest_poster_yaw' returned '0': CMAKE_PREFIX_PATH=${CMAKE_PREFIX_PATH}:/opt/ros/humble /usr/bin/cmake --install /home/blake/M-LADIS-Jerry/ws_sensor_combined/build/nearest_poster_yaw
